[2024-12-17T21:11:40.707+0000] {local_task_job_runner.py:123} INFO - ::group::Pre task execution logs
[2024-12-17T21:11:40.723+0000] {taskinstance.py:2613} INFO - Dependencies all met for dep_context=non-requeueable deps ti=<TaskInstance: ingest_postgre.load_to_db scheduled__2024-12-17T21:10:00+00:00 [queued]>
[2024-12-17T21:11:40.731+0000] {taskinstance.py:2613} INFO - Dependencies all met for dep_context=requeueable deps ti=<TaskInstance: ingest_postgre.load_to_db scheduled__2024-12-17T21:10:00+00:00 [queued]>
[2024-12-17T21:11:40.732+0000] {taskinstance.py:2866} INFO - Starting attempt 1 of 1
[2024-12-17T21:11:40.744+0000] {taskinstance.py:2889} INFO - Executing <Task(PythonOperator): load_to_db> on 2024-12-17 21:10:00+00:00
[2024-12-17T21:11:40.749+0000] {warnings.py:112} WARNING - /home/***/.local/lib/python3.12/site-packages/***/task/task_runner/standard_task_runner.py:70: DeprecationWarning: This process (pid=206) is multi-threaded, use of fork() may lead to deadlocks in the child.
  pid = os.fork()

[2024-12-17T21:11:40.751+0000] {standard_task_runner.py:72} INFO - Started process 208 to run task
[2024-12-17T21:11:40.751+0000] {standard_task_runner.py:104} INFO - Running: ['***', 'tasks', 'run', 'ingest_postgre', 'load_to_db', 'scheduled__2024-12-17T21:10:00+00:00', '--job-id', '4', '--raw', '--subdir', 'DAGS_FOLDER/postgres_ingestion.py', '--cfg-path', '/tmp/tmph51dc5es']
[2024-12-17T21:11:40.752+0000] {standard_task_runner.py:105} INFO - Job 4: Subtask load_to_db
[2024-12-17T21:11:40.968+0000] {task_command.py:467} INFO - Running <TaskInstance: ingest_postgre.load_to_db scheduled__2024-12-17T21:10:00+00:00 [running]> on host ffb17518c526
[2024-12-17T21:11:41.044+0000] {taskinstance.py:3132} INFO - Exporting env vars: AIRFLOW_CTX_DAG_OWNER='***' AIRFLOW_CTX_DAG_ID='ingest_postgre' AIRFLOW_CTX_TASK_ID='load_to_db' AIRFLOW_CTX_EXECUTION_DATE='2024-12-17T21:10:00+00:00' AIRFLOW_CTX_TRY_NUMBER='1' AIRFLOW_CTX_DAG_RUN_ID='scheduled__2024-12-17T21:10:00+00:00'
[2024-12-17T21:11:41.045+0000] {logging_mixin.py:190} INFO - Task instance is in running state
[2024-12-17T21:11:41.046+0000] {logging_mixin.py:190} INFO -  Previous state of the Task instance: queued
[2024-12-17T21:11:41.046+0000] {logging_mixin.py:190} INFO - Current task name:load_to_db state:running start_date:2024-12-17 21:11:40.723899+00:00
[2024-12-17T21:11:41.047+0000] {logging_mixin.py:190} INFO - Dag name:ingest_postgre and current dag run status:running
[2024-12-17T21:11:41.047+0000] {taskinstance.py:731} INFO - ::endgroup::
[2024-12-17T21:11:41.154+0000] {python.py:240} INFO - Done. Returned value was: None
[2024-12-17T21:11:41.163+0000] {taskinstance.py:340} INFO - ::group::Post task execution logs
[2024-12-17T21:11:41.164+0000] {taskinstance.py:352} INFO - Marking task as SUCCESS. dag_id=ingest_postgre, task_id=load_to_db, run_id=scheduled__2024-12-17T21:10:00+00:00, execution_date=20241217T211000, start_date=20241217T211140, end_date=20241217T211141
[2024-12-17T21:11:41.173+0000] {logging_mixin.py:190} INFO - Task instance in success state
[2024-12-17T21:11:41.173+0000] {logging_mixin.py:190} INFO -  Previous state of the Task instance: running
[2024-12-17T21:11:41.174+0000] {logging_mixin.py:190} INFO - Dag name:ingest_postgre queued_at:2024-12-17 21:11:33.954685+00:00
[2024-12-17T21:11:41.174+0000] {logging_mixin.py:190} INFO - Task hostname:ffb17518c526 operator:PythonOperator
[2024-12-17T21:11:41.207+0000] {local_task_job_runner.py:266} INFO - Task exited with return code 0
[2024-12-17T21:11:41.222+0000] {taskinstance.py:3895} INFO - 0 downstream tasks scheduled from follow-on schedule check
[2024-12-17T21:11:41.224+0000] {local_task_job_runner.py:245} INFO - ::endgroup::
