[2024-12-17T21:01:14.331+0000] {processor.py:186} INFO - Started process (PID=73) to work on /opt/airflow/dags/postgres_ingestion.py
[2024-12-17T21:01:14.332+0000] {processor.py:914} INFO - Processing file /opt/airflow/dags/postgres_ingestion.py for tasks to queue
[2024-12-17T21:01:14.337+0000] {logging_mixin.py:190} INFO - [2024-12-17T21:01:14.336+0000] {dagbag.py:588} INFO - Filling up the DagBag from /opt/airflow/dags/postgres_ingestion.py
[2024-12-17T21:01:14.390+0000] {processor.py:925} INFO - DAG(s) 'exemplo_pipeline' retrieved from /opt/airflow/dags/postgres_ingestion.py
[2024-12-17T21:01:14.737+0000] {logging_mixin.py:190} INFO - [2024-12-17T21:01:14.735+0000] {override.py:1911} INFO - Created Permission View: can delete on DAG:exemplo_pipeline
[2024-12-17T21:01:14.755+0000] {logging_mixin.py:190} INFO - [2024-12-17T21:01:14.754+0000] {override.py:1911} INFO - Created Permission View: can read on DAG:exemplo_pipeline
[2024-12-17T21:01:14.769+0000] {logging_mixin.py:190} INFO - [2024-12-17T21:01:14.768+0000] {override.py:1911} INFO - Created Permission View: can edit on DAG:exemplo_pipeline
[2024-12-17T21:01:14.779+0000] {logging_mixin.py:190} INFO - [2024-12-17T21:01:14.779+0000] {override.py:1911} INFO - Created Permission View: can create on DAG Run:exemplo_pipeline
[2024-12-17T21:01:14.789+0000] {logging_mixin.py:190} INFO - [2024-12-17T21:01:14.789+0000] {override.py:1911} INFO - Created Permission View: menu access on DAG Run:exemplo_pipeline
[2024-12-17T21:01:14.796+0000] {logging_mixin.py:190} INFO - [2024-12-17T21:01:14.796+0000] {override.py:1911} INFO - Created Permission View: can delete on DAG Run:exemplo_pipeline
[2024-12-17T21:01:14.807+0000] {logging_mixin.py:190} INFO - [2024-12-17T21:01:14.806+0000] {override.py:1911} INFO - Created Permission View: can read on DAG Run:exemplo_pipeline
[2024-12-17T21:01:14.808+0000] {logging_mixin.py:190} INFO - [2024-12-17T21:01:14.807+0000] {dag.py:3239} INFO - Sync 1 DAGs
[2024-12-17T21:01:14.829+0000] {logging_mixin.py:190} INFO - [2024-12-17T21:01:14.828+0000] {dag.py:3262} INFO - Creating ORM DAG for exemplo_pipeline
[2024-12-17T21:01:14.845+0000] {logging_mixin.py:190} INFO - [2024-12-17T21:01:14.844+0000] {dag.py:4180} INFO - Setting next_dagrun for exemplo_pipeline to 2024-12-17 00:58:00+00:00, run_after=2024-12-17 00:59:00+00:00
[2024-12-17T21:01:14.872+0000] {processor.py:208} INFO - Processing /opt/airflow/dags/postgres_ingestion.py took 0.552 seconds
[2024-12-17T21:01:45.587+0000] {processor.py:186} INFO - Started process (PID=137) to work on /opt/airflow/dags/postgres_ingestion.py
[2024-12-17T21:01:45.588+0000] {processor.py:914} INFO - Processing file /opt/airflow/dags/postgres_ingestion.py for tasks to queue
[2024-12-17T21:01:45.590+0000] {logging_mixin.py:190} INFO - [2024-12-17T21:01:45.590+0000] {dagbag.py:588} INFO - Filling up the DagBag from /opt/airflow/dags/postgres_ingestion.py
[2024-12-17T21:01:45.613+0000] {processor.py:925} INFO - DAG(s) 'exemplo_pipeline' retrieved from /opt/airflow/dags/postgres_ingestion.py
[2024-12-17T21:01:45.632+0000] {logging_mixin.py:190} INFO - [2024-12-17T21:01:45.631+0000] {dag.py:3239} INFO - Sync 1 DAGs
[2024-12-17T21:01:45.654+0000] {logging_mixin.py:190} INFO - [2024-12-17T21:01:45.653+0000] {dag.py:4180} INFO - Setting next_dagrun for exemplo_pipeline to 2024-12-17 00:58:00+00:00, run_after=2024-12-17 00:59:00+00:00
[2024-12-17T21:01:45.681+0000] {processor.py:208} INFO - Processing /opt/airflow/dags/postgres_ingestion.py took 0.099 seconds
[2024-12-17T21:02:15.732+0000] {processor.py:186} INFO - Started process (PID=201) to work on /opt/airflow/dags/postgres_ingestion.py
[2024-12-17T21:02:15.734+0000] {processor.py:914} INFO - Processing file /opt/airflow/dags/postgres_ingestion.py for tasks to queue
[2024-12-17T21:02:15.737+0000] {logging_mixin.py:190} INFO - [2024-12-17T21:02:15.737+0000] {dagbag.py:588} INFO - Filling up the DagBag from /opt/airflow/dags/postgres_ingestion.py
[2024-12-17T21:02:15.758+0000] {processor.py:925} INFO - DAG(s) 'exemplo_pipeline' retrieved from /opt/airflow/dags/postgres_ingestion.py
[2024-12-17T21:02:15.780+0000] {logging_mixin.py:190} INFO - [2024-12-17T21:02:15.779+0000] {dag.py:3239} INFO - Sync 1 DAGs
[2024-12-17T21:02:15.806+0000] {logging_mixin.py:190} INFO - [2024-12-17T21:02:15.805+0000] {dag.py:4180} INFO - Setting next_dagrun for exemplo_pipeline to 2024-12-17 00:58:00+00:00, run_after=2024-12-17 00:59:00+00:00
[2024-12-17T21:02:15.827+0000] {processor.py:208} INFO - Processing /opt/airflow/dags/postgres_ingestion.py took 0.103 seconds
[2024-12-17T21:02:17.436+0000] {processor.py:186} INFO - Started process (PID=209) to work on /opt/airflow/dags/postgres_ingestion.py
[2024-12-17T21:02:17.437+0000] {processor.py:914} INFO - Processing file /opt/airflow/dags/postgres_ingestion.py for tasks to queue
[2024-12-17T21:02:17.439+0000] {logging_mixin.py:190} INFO - [2024-12-17T21:02:17.439+0000] {dagbag.py:588} INFO - Filling up the DagBag from /opt/airflow/dags/postgres_ingestion.py
[2024-12-17T21:02:17.466+0000] {processor.py:925} INFO - DAG(s) 'ingest_postgre' retrieved from /opt/airflow/dags/postgres_ingestion.py
[2024-12-17T21:02:17.561+0000] {logging_mixin.py:190} INFO - [2024-12-17T21:02:17.560+0000] {override.py:1911} INFO - Created Permission View: can delete on DAG:ingest_postgre
[2024-12-17T21:02:17.570+0000] {logging_mixin.py:190} INFO - [2024-12-17T21:02:17.570+0000] {override.py:1911} INFO - Created Permission View: can read on DAG:ingest_postgre
[2024-12-17T21:02:17.577+0000] {logging_mixin.py:190} INFO - [2024-12-17T21:02:17.576+0000] {override.py:1911} INFO - Created Permission View: can edit on DAG:ingest_postgre
[2024-12-17T21:02:17.584+0000] {logging_mixin.py:190} INFO - [2024-12-17T21:02:17.584+0000] {override.py:1911} INFO - Created Permission View: can create on DAG Run:ingest_postgre
[2024-12-17T21:02:17.592+0000] {logging_mixin.py:190} INFO - [2024-12-17T21:02:17.592+0000] {override.py:1911} INFO - Created Permission View: menu access on DAG Run:ingest_postgre
[2024-12-17T21:02:17.599+0000] {logging_mixin.py:190} INFO - [2024-12-17T21:02:17.599+0000] {override.py:1911} INFO - Created Permission View: can delete on DAG Run:ingest_postgre
[2024-12-17T21:02:17.606+0000] {logging_mixin.py:190} INFO - [2024-12-17T21:02:17.605+0000] {override.py:1911} INFO - Created Permission View: can read on DAG Run:ingest_postgre
[2024-12-17T21:02:17.606+0000] {logging_mixin.py:190} INFO - [2024-12-17T21:02:17.606+0000] {dag.py:3239} INFO - Sync 1 DAGs
[2024-12-17T21:02:17.619+0000] {logging_mixin.py:190} INFO - [2024-12-17T21:02:17.618+0000] {dag.py:3262} INFO - Creating ORM DAG for ingest_postgre
[2024-12-17T21:02:17.630+0000] {logging_mixin.py:190} INFO - [2024-12-17T21:02:17.629+0000] {dag.py:4180} INFO - Setting next_dagrun for ingest_postgre to 2024-12-17 00:58:00+00:00, run_after=2024-12-17 00:59:00+00:00
[2024-12-17T21:02:17.648+0000] {processor.py:208} INFO - Processing /opt/airflow/dags/postgres_ingestion.py took 0.218 seconds
[2024-12-17T21:02:47.723+0000] {processor.py:186} INFO - Started process (PID=274) to work on /opt/airflow/dags/postgres_ingestion.py
[2024-12-17T21:02:47.724+0000] {processor.py:914} INFO - Processing file /opt/airflow/dags/postgres_ingestion.py for tasks to queue
[2024-12-17T21:02:47.727+0000] {logging_mixin.py:190} INFO - [2024-12-17T21:02:47.726+0000] {dagbag.py:588} INFO - Filling up the DagBag from /opt/airflow/dags/postgres_ingestion.py
[2024-12-17T21:02:47.744+0000] {processor.py:925} INFO - DAG(s) 'ingest_postgre' retrieved from /opt/airflow/dags/postgres_ingestion.py
[2024-12-17T21:02:47.764+0000] {logging_mixin.py:190} INFO - [2024-12-17T21:02:47.764+0000] {dag.py:3239} INFO - Sync 1 DAGs
[2024-12-17T21:02:47.788+0000] {logging_mixin.py:190} INFO - [2024-12-17T21:02:47.787+0000] {dag.py:4180} INFO - Setting next_dagrun for ingest_postgre to 2024-12-17 00:58:00+00:00, run_after=2024-12-17 00:59:00+00:00
[2024-12-17T21:02:47.814+0000] {processor.py:208} INFO - Processing /opt/airflow/dags/postgres_ingestion.py took 0.096 seconds
[2024-12-17T21:03:17.863+0000] {processor.py:186} INFO - Started process (PID=338) to work on /opt/airflow/dags/postgres_ingestion.py
[2024-12-17T21:03:17.864+0000] {processor.py:914} INFO - Processing file /opt/airflow/dags/postgres_ingestion.py for tasks to queue
[2024-12-17T21:03:17.866+0000] {logging_mixin.py:190} INFO - [2024-12-17T21:03:17.866+0000] {dagbag.py:588} INFO - Filling up the DagBag from /opt/airflow/dags/postgres_ingestion.py
[2024-12-17T21:03:17.883+0000] {processor.py:925} INFO - DAG(s) 'ingest_postgre' retrieved from /opt/airflow/dags/postgres_ingestion.py
[2024-12-17T21:03:17.900+0000] {logging_mixin.py:190} INFO - [2024-12-17T21:03:17.900+0000] {dag.py:3239} INFO - Sync 1 DAGs
[2024-12-17T21:03:17.923+0000] {logging_mixin.py:190} INFO - [2024-12-17T21:03:17.922+0000] {dag.py:4180} INFO - Setting next_dagrun for ingest_postgre to 2024-12-17 00:58:00+00:00, run_after=2024-12-17 00:59:00+00:00
[2024-12-17T21:03:17.949+0000] {processor.py:208} INFO - Processing /opt/airflow/dags/postgres_ingestion.py took 0.093 seconds
[2024-12-17T21:03:48.338+0000] {processor.py:186} INFO - Started process (PID=401) to work on /opt/airflow/dags/postgres_ingestion.py
[2024-12-17T21:03:48.339+0000] {processor.py:914} INFO - Processing file /opt/airflow/dags/postgres_ingestion.py for tasks to queue
[2024-12-17T21:03:48.342+0000] {logging_mixin.py:190} INFO - [2024-12-17T21:03:48.341+0000] {dagbag.py:588} INFO - Filling up the DagBag from /opt/airflow/dags/postgres_ingestion.py
[2024-12-17T21:03:48.363+0000] {processor.py:925} INFO - DAG(s) 'ingest_postgre' retrieved from /opt/airflow/dags/postgres_ingestion.py
[2024-12-17T21:03:48.379+0000] {logging_mixin.py:190} INFO - [2024-12-17T21:03:48.379+0000] {dag.py:3239} INFO - Sync 1 DAGs
[2024-12-17T21:03:48.402+0000] {logging_mixin.py:190} INFO - [2024-12-17T21:03:48.402+0000] {dag.py:4180} INFO - Setting next_dagrun for ingest_postgre to 2024-12-17 00:58:00+00:00, run_after=2024-12-17 00:59:00+00:00
[2024-12-17T21:03:48.423+0000] {processor.py:208} INFO - Processing /opt/airflow/dags/postgres_ingestion.py took 0.095 seconds
[2024-12-17T21:04:19.303+0000] {processor.py:186} INFO - Started process (PID=465) to work on /opt/airflow/dags/postgres_ingestion.py
[2024-12-17T21:04:19.304+0000] {processor.py:914} INFO - Processing file /opt/airflow/dags/postgres_ingestion.py for tasks to queue
[2024-12-17T21:04:19.305+0000] {logging_mixin.py:190} INFO - [2024-12-17T21:04:19.305+0000] {dagbag.py:588} INFO - Filling up the DagBag from /opt/airflow/dags/postgres_ingestion.py
[2024-12-17T21:04:19.323+0000] {processor.py:925} INFO - DAG(s) 'ingest_postgre' retrieved from /opt/airflow/dags/postgres_ingestion.py
[2024-12-17T21:04:19.345+0000] {logging_mixin.py:190} INFO - [2024-12-17T21:04:19.345+0000] {dag.py:3239} INFO - Sync 1 DAGs
[2024-12-17T21:04:19.371+0000] {logging_mixin.py:190} INFO - [2024-12-17T21:04:19.371+0000] {dag.py:4180} INFO - Setting next_dagrun for ingest_postgre to 2024-12-17 00:58:00+00:00, run_after=2024-12-17 00:59:00+00:00
[2024-12-17T21:04:19.399+0000] {processor.py:208} INFO - Processing /opt/airflow/dags/postgres_ingestion.py took 0.103 seconds
[2024-12-17T21:04:49.699+0000] {processor.py:186} INFO - Started process (PID=529) to work on /opt/airflow/dags/postgres_ingestion.py
[2024-12-17T21:04:49.700+0000] {processor.py:914} INFO - Processing file /opt/airflow/dags/postgres_ingestion.py for tasks to queue
[2024-12-17T21:04:49.701+0000] {logging_mixin.py:190} INFO - [2024-12-17T21:04:49.701+0000] {dagbag.py:588} INFO - Filling up the DagBag from /opt/airflow/dags/postgres_ingestion.py
[2024-12-17T21:04:49.721+0000] {processor.py:925} INFO - DAG(s) 'ingest_postgre' retrieved from /opt/airflow/dags/postgres_ingestion.py
[2024-12-17T21:04:49.739+0000] {logging_mixin.py:190} INFO - [2024-12-17T21:04:49.739+0000] {dag.py:3239} INFO - Sync 1 DAGs
[2024-12-17T21:04:49.762+0000] {logging_mixin.py:190} INFO - [2024-12-17T21:04:49.762+0000] {dag.py:4180} INFO - Setting next_dagrun for ingest_postgre to 2024-12-17 00:58:00+00:00, run_after=2024-12-17 00:59:00+00:00
[2024-12-17T21:04:49.784+0000] {processor.py:208} INFO - Processing /opt/airflow/dags/postgres_ingestion.py took 0.090 seconds
[2024-12-17T21:05:20.207+0000] {processor.py:186} INFO - Started process (PID=593) to work on /opt/airflow/dags/postgres_ingestion.py
[2024-12-17T21:05:20.208+0000] {processor.py:914} INFO - Processing file /opt/airflow/dags/postgres_ingestion.py for tasks to queue
[2024-12-17T21:05:20.209+0000] {logging_mixin.py:190} INFO - [2024-12-17T21:05:20.209+0000] {dagbag.py:588} INFO - Filling up the DagBag from /opt/airflow/dags/postgres_ingestion.py
[2024-12-17T21:05:20.228+0000] {processor.py:925} INFO - DAG(s) 'ingest_postgre' retrieved from /opt/airflow/dags/postgres_ingestion.py
[2024-12-17T21:05:20.246+0000] {logging_mixin.py:190} INFO - [2024-12-17T21:05:20.246+0000] {dag.py:3239} INFO - Sync 1 DAGs
[2024-12-17T21:05:20.268+0000] {logging_mixin.py:190} INFO - [2024-12-17T21:05:20.268+0000] {dag.py:4180} INFO - Setting next_dagrun for ingest_postgre to 2024-12-17 00:58:00+00:00, run_after=2024-12-17 00:59:00+00:00
[2024-12-17T21:05:20.294+0000] {processor.py:208} INFO - Processing /opt/airflow/dags/postgres_ingestion.py took 0.093 seconds
[2024-12-17T21:05:50.570+0000] {processor.py:186} INFO - Started process (PID=657) to work on /opt/airflow/dags/postgres_ingestion.py
[2024-12-17T21:05:50.570+0000] {processor.py:914} INFO - Processing file /opt/airflow/dags/postgres_ingestion.py for tasks to queue
[2024-12-17T21:05:50.572+0000] {logging_mixin.py:190} INFO - [2024-12-17T21:05:50.571+0000] {dagbag.py:588} INFO - Filling up the DagBag from /opt/airflow/dags/postgres_ingestion.py
[2024-12-17T21:05:50.591+0000] {processor.py:925} INFO - DAG(s) 'ingest_postgre' retrieved from /opt/airflow/dags/postgres_ingestion.py
[2024-12-17T21:05:50.609+0000] {logging_mixin.py:190} INFO - [2024-12-17T21:05:50.609+0000] {dag.py:3239} INFO - Sync 1 DAGs
[2024-12-17T21:05:50.633+0000] {logging_mixin.py:190} INFO - [2024-12-17T21:05:50.632+0000] {dag.py:4180} INFO - Setting next_dagrun for ingest_postgre to 2024-12-17 00:58:00+00:00, run_after=2024-12-17 00:59:00+00:00
[2024-12-17T21:05:50.654+0000] {processor.py:208} INFO - Processing /opt/airflow/dags/postgres_ingestion.py took 0.091 seconds
[2024-12-17T21:06:21.290+0000] {processor.py:186} INFO - Started process (PID=721) to work on /opt/airflow/dags/postgres_ingestion.py
[2024-12-17T21:06:21.291+0000] {processor.py:914} INFO - Processing file /opt/airflow/dags/postgres_ingestion.py for tasks to queue
[2024-12-17T21:06:21.292+0000] {logging_mixin.py:190} INFO - [2024-12-17T21:06:21.292+0000] {dagbag.py:588} INFO - Filling up the DagBag from /opt/airflow/dags/postgres_ingestion.py
[2024-12-17T21:06:21.309+0000] {processor.py:925} INFO - DAG(s) 'ingest_postgre' retrieved from /opt/airflow/dags/postgres_ingestion.py
[2024-12-17T21:06:21.327+0000] {logging_mixin.py:190} INFO - [2024-12-17T21:06:21.327+0000] {dag.py:3239} INFO - Sync 1 DAGs
[2024-12-17T21:06:21.350+0000] {logging_mixin.py:190} INFO - [2024-12-17T21:06:21.350+0000] {dag.py:4180} INFO - Setting next_dagrun for ingest_postgre to 2024-12-17 00:58:00+00:00, run_after=2024-12-17 00:59:00+00:00
[2024-12-17T21:06:21.375+0000] {processor.py:208} INFO - Processing /opt/airflow/dags/postgres_ingestion.py took 0.090 seconds
[2024-12-17T21:06:51.585+0000] {processor.py:186} INFO - Started process (PID=785) to work on /opt/airflow/dags/postgres_ingestion.py
[2024-12-17T21:06:51.586+0000] {processor.py:914} INFO - Processing file /opt/airflow/dags/postgres_ingestion.py for tasks to queue
[2024-12-17T21:06:51.588+0000] {logging_mixin.py:190} INFO - [2024-12-17T21:06:51.587+0000] {dagbag.py:588} INFO - Filling up the DagBag from /opt/airflow/dags/postgres_ingestion.py
[2024-12-17T21:06:51.611+0000] {processor.py:925} INFO - DAG(s) 'ingest_postgre' retrieved from /opt/airflow/dags/postgres_ingestion.py
[2024-12-17T21:06:51.629+0000] {logging_mixin.py:190} INFO - [2024-12-17T21:06:51.629+0000] {dag.py:3239} INFO - Sync 1 DAGs
[2024-12-17T21:06:51.652+0000] {logging_mixin.py:190} INFO - [2024-12-17T21:06:51.652+0000] {dag.py:4180} INFO - Setting next_dagrun for ingest_postgre to 2024-12-17 00:58:00+00:00, run_after=2024-12-17 00:59:00+00:00
[2024-12-17T21:06:51.673+0000] {processor.py:208} INFO - Processing /opt/airflow/dags/postgres_ingestion.py took 0.093 seconds
[2024-12-17T21:07:22.254+0000] {processor.py:186} INFO - Started process (PID=849) to work on /opt/airflow/dags/postgres_ingestion.py
[2024-12-17T21:07:22.255+0000] {processor.py:914} INFO - Processing file /opt/airflow/dags/postgres_ingestion.py for tasks to queue
[2024-12-17T21:07:22.258+0000] {logging_mixin.py:190} INFO - [2024-12-17T21:07:22.257+0000] {dagbag.py:588} INFO - Filling up the DagBag from /opt/airflow/dags/postgres_ingestion.py
[2024-12-17T21:07:22.279+0000] {processor.py:925} INFO - DAG(s) 'ingest_postgre' retrieved from /opt/airflow/dags/postgres_ingestion.py
[2024-12-17T21:07:22.297+0000] {logging_mixin.py:190} INFO - [2024-12-17T21:07:22.296+0000] {dag.py:3239} INFO - Sync 1 DAGs
[2024-12-17T21:07:22.319+0000] {logging_mixin.py:190} INFO - [2024-12-17T21:07:22.319+0000] {dag.py:4180} INFO - Setting next_dagrun for ingest_postgre to 2024-12-17 00:58:00+00:00, run_after=2024-12-17 00:59:00+00:00
[2024-12-17T21:07:22.349+0000] {processor.py:208} INFO - Processing /opt/airflow/dags/postgres_ingestion.py took 0.102 seconds
[2024-12-17T21:07:53.182+0000] {processor.py:186} INFO - Started process (PID=913) to work on /opt/airflow/dags/postgres_ingestion.py
[2024-12-17T21:07:53.183+0000] {processor.py:914} INFO - Processing file /opt/airflow/dags/postgres_ingestion.py for tasks to queue
[2024-12-17T21:07:53.185+0000] {logging_mixin.py:190} INFO - [2024-12-17T21:07:53.184+0000] {dagbag.py:588} INFO - Filling up the DagBag from /opt/airflow/dags/postgres_ingestion.py
[2024-12-17T21:07:53.206+0000] {processor.py:925} INFO - DAG(s) 'ingest_postgre' retrieved from /opt/airflow/dags/postgres_ingestion.py
[2024-12-17T21:07:53.226+0000] {logging_mixin.py:190} INFO - [2024-12-17T21:07:53.226+0000] {dag.py:3239} INFO - Sync 1 DAGs
[2024-12-17T21:07:53.252+0000] {logging_mixin.py:190} INFO - [2024-12-17T21:07:53.252+0000] {dag.py:4180} INFO - Setting next_dagrun for ingest_postgre to 2024-12-17 00:58:00+00:00, run_after=2024-12-17 00:59:00+00:00
[2024-12-17T21:07:53.280+0000] {processor.py:208} INFO - Processing /opt/airflow/dags/postgres_ingestion.py took 0.104 seconds
[2024-12-17T21:08:23.823+0000] {processor.py:186} INFO - Started process (PID=977) to work on /opt/airflow/dags/postgres_ingestion.py
[2024-12-17T21:08:23.824+0000] {processor.py:914} INFO - Processing file /opt/airflow/dags/postgres_ingestion.py for tasks to queue
[2024-12-17T21:08:23.825+0000] {logging_mixin.py:190} INFO - [2024-12-17T21:08:23.825+0000] {dagbag.py:588} INFO - Filling up the DagBag from /opt/airflow/dags/postgres_ingestion.py
[2024-12-17T21:08:23.847+0000] {processor.py:925} INFO - DAG(s) 'ingest_postgre' retrieved from /opt/airflow/dags/postgres_ingestion.py
[2024-12-17T21:08:23.869+0000] {logging_mixin.py:190} INFO - [2024-12-17T21:08:23.869+0000] {dag.py:3239} INFO - Sync 1 DAGs
[2024-12-17T21:08:23.893+0000] {logging_mixin.py:190} INFO - [2024-12-17T21:08:23.893+0000] {dag.py:4180} INFO - Setting next_dagrun for ingest_postgre to 2024-12-17 00:58:00+00:00, run_after=2024-12-17 00:59:00+00:00
[2024-12-17T21:08:23.918+0000] {processor.py:208} INFO - Processing /opt/airflow/dags/postgres_ingestion.py took 0.101 seconds
[2024-12-17T21:08:31.844+0000] {processor.py:186} INFO - Started process (PID=991) to work on /opt/airflow/dags/postgres_ingestion.py
[2024-12-17T21:08:31.845+0000] {processor.py:914} INFO - Processing file /opt/airflow/dags/postgres_ingestion.py for tasks to queue
[2024-12-17T21:08:31.847+0000] {logging_mixin.py:190} INFO - [2024-12-17T21:08:31.846+0000] {dagbag.py:588} INFO - Filling up the DagBag from /opt/airflow/dags/postgres_ingestion.py
[2024-12-17T21:08:31.877+0000] {processor.py:925} INFO - DAG(s) 'ingest_postgre' retrieved from /opt/airflow/dags/postgres_ingestion.py
[2024-12-17T21:08:32.003+0000] {logging_mixin.py:190} INFO - [2024-12-17T21:08:32.002+0000] {dag.py:3239} INFO - Sync 1 DAGs
[2024-12-17T21:08:32.034+0000] {logging_mixin.py:190} INFO - [2024-12-17T21:08:32.034+0000] {dag.py:4180} INFO - Setting next_dagrun for ingest_postgre to 2024-12-17 19:58:00+00:00, run_after=2024-12-17 19:59:00+00:00
[2024-12-17T21:08:32.068+0000] {processor.py:208} INFO - Processing /opt/airflow/dags/postgres_ingestion.py took 0.230 seconds
[2024-12-17T21:09:02.427+0000] {processor.py:186} INFO - Started process (PID=1055) to work on /opt/airflow/dags/postgres_ingestion.py
[2024-12-17T21:09:02.428+0000] {processor.py:914} INFO - Processing file /opt/airflow/dags/postgres_ingestion.py for tasks to queue
[2024-12-17T21:09:02.429+0000] {logging_mixin.py:190} INFO - [2024-12-17T21:09:02.429+0000] {dagbag.py:588} INFO - Filling up the DagBag from /opt/airflow/dags/postgres_ingestion.py
[2024-12-17T21:09:02.448+0000] {processor.py:925} INFO - DAG(s) 'ingest_postgre' retrieved from /opt/airflow/dags/postgres_ingestion.py
[2024-12-17T21:09:02.466+0000] {logging_mixin.py:190} INFO - [2024-12-17T21:09:02.466+0000] {dag.py:3239} INFO - Sync 1 DAGs
[2024-12-17T21:09:02.491+0000] {logging_mixin.py:190} INFO - [2024-12-17T21:09:02.491+0000] {dag.py:4180} INFO - Setting next_dagrun for ingest_postgre to 2024-12-17 19:58:00+00:00, run_after=2024-12-17 19:59:00+00:00
[2024-12-17T21:09:02.521+0000] {processor.py:208} INFO - Processing /opt/airflow/dags/postgres_ingestion.py took 0.099 seconds
[2024-12-17T21:09:04.480+0000] {processor.py:186} INFO - Started process (PID=1056) to work on /opt/airflow/dags/postgres_ingestion.py
[2024-12-17T21:09:04.482+0000] {processor.py:914} INFO - Processing file /opt/airflow/dags/postgres_ingestion.py for tasks to queue
[2024-12-17T21:09:04.483+0000] {logging_mixin.py:190} INFO - [2024-12-17T21:09:04.483+0000] {dagbag.py:588} INFO - Filling up the DagBag from /opt/airflow/dags/postgres_ingestion.py
[2024-12-17T21:09:04.513+0000] {processor.py:925} INFO - DAG(s) 'ingest_postgre' retrieved from /opt/airflow/dags/postgres_ingestion.py
[2024-12-17T21:09:04.629+0000] {logging_mixin.py:190} INFO - [2024-12-17T21:09:04.628+0000] {dag.py:3239} INFO - Sync 1 DAGs
[2024-12-17T21:09:04.653+0000] {logging_mixin.py:190} INFO - [2024-12-17T21:09:04.652+0000] {dag.py:4180} INFO - Setting next_dagrun for ingest_postgre to 2024-12-17 21:08:00+00:00, run_after=2024-12-17 21:09:00+00:00
[2024-12-17T21:09:04.687+0000] {processor.py:208} INFO - Processing /opt/airflow/dags/postgres_ingestion.py took 0.214 seconds
[2024-12-17T21:09:35.189+0000] {processor.py:186} INFO - Started process (PID=1120) to work on /opt/airflow/dags/postgres_ingestion.py
[2024-12-17T21:09:35.190+0000] {processor.py:914} INFO - Processing file /opt/airflow/dags/postgres_ingestion.py for tasks to queue
[2024-12-17T21:09:35.192+0000] {logging_mixin.py:190} INFO - [2024-12-17T21:09:35.191+0000] {dagbag.py:588} INFO - Filling up the DagBag from /opt/airflow/dags/postgres_ingestion.py
[2024-12-17T21:09:35.210+0000] {processor.py:925} INFO - DAG(s) 'ingest_postgre' retrieved from /opt/airflow/dags/postgres_ingestion.py
[2024-12-17T21:09:35.226+0000] {logging_mixin.py:190} INFO - [2024-12-17T21:09:35.226+0000] {dag.py:3239} INFO - Sync 1 DAGs
[2024-12-17T21:09:35.250+0000] {logging_mixin.py:190} INFO - [2024-12-17T21:09:35.249+0000] {dag.py:4180} INFO - Setting next_dagrun for ingest_postgre to 2024-12-17 21:08:00+00:00, run_after=2024-12-17 21:09:00+00:00
[2024-12-17T21:09:35.275+0000] {processor.py:208} INFO - Processing /opt/airflow/dags/postgres_ingestion.py took 0.092 seconds
[2024-12-17T21:10:05.683+0000] {processor.py:186} INFO - Started process (PID=1184) to work on /opt/airflow/dags/postgres_ingestion.py
[2024-12-17T21:10:05.684+0000] {processor.py:914} INFO - Processing file /opt/airflow/dags/postgres_ingestion.py for tasks to queue
[2024-12-17T21:10:05.685+0000] {logging_mixin.py:190} INFO - [2024-12-17T21:10:05.685+0000] {dagbag.py:588} INFO - Filling up the DagBag from /opt/airflow/dags/postgres_ingestion.py
[2024-12-17T21:10:05.705+0000] {processor.py:925} INFO - DAG(s) 'ingest_postgre' retrieved from /opt/airflow/dags/postgres_ingestion.py
[2024-12-17T21:10:05.723+0000] {logging_mixin.py:190} INFO - [2024-12-17T21:10:05.723+0000] {dag.py:3239} INFO - Sync 1 DAGs
[2024-12-17T21:10:05.749+0000] {logging_mixin.py:190} INFO - [2024-12-17T21:10:05.749+0000] {dag.py:4180} INFO - Setting next_dagrun for ingest_postgre to 2024-12-17 21:09:00+00:00, run_after=2024-12-17 21:10:00+00:00
[2024-12-17T21:10:05.779+0000] {processor.py:208} INFO - Processing /opt/airflow/dags/postgres_ingestion.py took 0.103 seconds
[2024-12-17T21:10:36.051+0000] {processor.py:186} INFO - Started process (PID=1248) to work on /opt/airflow/dags/postgres_ingestion.py
[2024-12-17T21:10:36.052+0000] {processor.py:914} INFO - Processing file /opt/airflow/dags/postgres_ingestion.py for tasks to queue
[2024-12-17T21:10:36.053+0000] {logging_mixin.py:190} INFO - [2024-12-17T21:10:36.053+0000] {dagbag.py:588} INFO - Filling up the DagBag from /opt/airflow/dags/postgres_ingestion.py
[2024-12-17T21:10:36.071+0000] {processor.py:925} INFO - DAG(s) 'ingest_postgre' retrieved from /opt/airflow/dags/postgres_ingestion.py
[2024-12-17T21:10:36.089+0000] {logging_mixin.py:190} INFO - [2024-12-17T21:10:36.089+0000] {dag.py:3239} INFO - Sync 1 DAGs
[2024-12-17T21:10:36.112+0000] {logging_mixin.py:190} INFO - [2024-12-17T21:10:36.112+0000] {dag.py:4180} INFO - Setting next_dagrun for ingest_postgre to 2024-12-17 21:09:00+00:00, run_after=2024-12-17 21:10:00+00:00
[2024-12-17T21:10:36.138+0000] {processor.py:208} INFO - Processing /opt/airflow/dags/postgres_ingestion.py took 0.093 seconds
[2024-12-17T21:11:06.209+0000] {processor.py:186} INFO - Started process (PID=1312) to work on /opt/airflow/dags/postgres_ingestion.py
[2024-12-17T21:11:06.210+0000] {processor.py:914} INFO - Processing file /opt/airflow/dags/postgres_ingestion.py for tasks to queue
[2024-12-17T21:11:06.211+0000] {logging_mixin.py:190} INFO - [2024-12-17T21:11:06.211+0000] {dagbag.py:588} INFO - Filling up the DagBag from /opt/airflow/dags/postgres_ingestion.py
[2024-12-17T21:11:06.229+0000] {processor.py:925} INFO - DAG(s) 'ingest_postgre' retrieved from /opt/airflow/dags/postgres_ingestion.py
[2024-12-17T21:11:06.246+0000] {logging_mixin.py:190} INFO - [2024-12-17T21:11:06.246+0000] {dag.py:3239} INFO - Sync 1 DAGs
[2024-12-17T21:11:06.269+0000] {logging_mixin.py:190} INFO - [2024-12-17T21:11:06.269+0000] {dag.py:4180} INFO - Setting next_dagrun for ingest_postgre to 2024-12-17 21:10:00+00:00, run_after=2024-12-17 21:11:00+00:00
[2024-12-17T21:11:06.294+0000] {processor.py:208} INFO - Processing /opt/airflow/dags/postgres_ingestion.py took 0.091 seconds
[2024-12-17T21:11:36.432+0000] {processor.py:186} INFO - Started process (PID=1376) to work on /opt/airflow/dags/postgres_ingestion.py
[2024-12-17T21:11:36.433+0000] {processor.py:914} INFO - Processing file /opt/airflow/dags/postgres_ingestion.py for tasks to queue
[2024-12-17T21:11:36.435+0000] {logging_mixin.py:190} INFO - [2024-12-17T21:11:36.434+0000] {dagbag.py:588} INFO - Filling up the DagBag from /opt/airflow/dags/postgres_ingestion.py
[2024-12-17T21:11:36.455+0000] {processor.py:925} INFO - DAG(s) 'ingest_postgre' retrieved from /opt/airflow/dags/postgres_ingestion.py
[2024-12-17T21:11:36.482+0000] {logging_mixin.py:190} INFO - [2024-12-17T21:11:36.481+0000] {dag.py:3239} INFO - Sync 1 DAGs
[2024-12-17T21:11:36.514+0000] {logging_mixin.py:190} INFO - [2024-12-17T21:11:36.514+0000] {dag.py:4180} INFO - Setting next_dagrun for ingest_postgre to 2024-12-17 21:11:00+00:00, run_after=2024-12-17 21:12:00+00:00
[2024-12-17T21:11:36.534+0000] {processor.py:208} INFO - Processing /opt/airflow/dags/postgres_ingestion.py took 0.110 seconds
[2024-12-17T21:12:06.591+0000] {processor.py:186} INFO - Started process (PID=1440) to work on /opt/airflow/dags/postgres_ingestion.py
[2024-12-17T21:12:06.592+0000] {processor.py:914} INFO - Processing file /opt/airflow/dags/postgres_ingestion.py for tasks to queue
[2024-12-17T21:12:06.595+0000] {logging_mixin.py:190} INFO - [2024-12-17T21:12:06.594+0000] {dagbag.py:588} INFO - Filling up the DagBag from /opt/airflow/dags/postgres_ingestion.py
[2024-12-17T21:12:06.625+0000] {processor.py:925} INFO - DAG(s) 'ingest_postgre' retrieved from /opt/airflow/dags/postgres_ingestion.py
[2024-12-17T21:12:06.655+0000] {logging_mixin.py:190} INFO - [2024-12-17T21:12:06.655+0000] {dag.py:3239} INFO - Sync 1 DAGs
[2024-12-17T21:12:06.691+0000] {logging_mixin.py:190} INFO - [2024-12-17T21:12:06.691+0000] {dag.py:4180} INFO - Setting next_dagrun for ingest_postgre to 2024-12-17 21:12:00+00:00, run_after=2024-12-17 21:13:00+00:00
[2024-12-17T21:12:06.724+0000] {processor.py:208} INFO - Processing /opt/airflow/dags/postgres_ingestion.py took 0.142 seconds
[2024-12-17T21:12:36.882+0000] {processor.py:186} INFO - Started process (PID=1504) to work on /opt/airflow/dags/postgres_ingestion.py
[2024-12-17T21:12:36.883+0000] {processor.py:914} INFO - Processing file /opt/airflow/dags/postgres_ingestion.py for tasks to queue
[2024-12-17T21:12:36.885+0000] {logging_mixin.py:190} INFO - [2024-12-17T21:12:36.884+0000] {dagbag.py:588} INFO - Filling up the DagBag from /opt/airflow/dags/postgres_ingestion.py
[2024-12-17T21:12:36.903+0000] {processor.py:925} INFO - DAG(s) 'ingest_postgre' retrieved from /opt/airflow/dags/postgres_ingestion.py
[2024-12-17T21:12:36.921+0000] {logging_mixin.py:190} INFO - [2024-12-17T21:12:36.921+0000] {dag.py:3239} INFO - Sync 1 DAGs
[2024-12-17T21:12:36.947+0000] {logging_mixin.py:190} INFO - [2024-12-17T21:12:36.947+0000] {dag.py:4180} INFO - Setting next_dagrun for ingest_postgre to 2024-12-17 21:12:00+00:00, run_after=2024-12-17 21:13:00+00:00
[2024-12-17T21:12:36.976+0000] {processor.py:208} INFO - Processing /opt/airflow/dags/postgres_ingestion.py took 0.099 seconds
[2024-12-17T21:13:07.079+0000] {processor.py:186} INFO - Started process (PID=1569) to work on /opt/airflow/dags/postgres_ingestion.py
[2024-12-17T21:13:07.080+0000] {processor.py:914} INFO - Processing file /opt/airflow/dags/postgres_ingestion.py for tasks to queue
[2024-12-17T21:13:07.081+0000] {logging_mixin.py:190} INFO - [2024-12-17T21:13:07.081+0000] {dagbag.py:588} INFO - Filling up the DagBag from /opt/airflow/dags/postgres_ingestion.py
[2024-12-17T21:13:07.102+0000] {processor.py:925} INFO - DAG(s) 'ingest_postgre' retrieved from /opt/airflow/dags/postgres_ingestion.py
[2024-12-17T21:13:07.124+0000] {logging_mixin.py:190} INFO - [2024-12-17T21:13:07.123+0000] {dag.py:3239} INFO - Sync 1 DAGs
[2024-12-17T21:13:07.151+0000] {logging_mixin.py:190} INFO - [2024-12-17T21:13:07.151+0000] {dag.py:4180} INFO - Setting next_dagrun for ingest_postgre to 2024-12-17 21:13:00+00:00, run_after=2024-12-17 21:14:00+00:00
[2024-12-17T21:13:07.179+0000] {processor.py:208} INFO - Processing /opt/airflow/dags/postgres_ingestion.py took 0.107 seconds
[2024-12-17T21:13:37.795+0000] {processor.py:186} INFO - Started process (PID=1633) to work on /opt/airflow/dags/postgres_ingestion.py
[2024-12-17T21:13:37.797+0000] {processor.py:914} INFO - Processing file /opt/airflow/dags/postgres_ingestion.py for tasks to queue
[2024-12-17T21:13:37.799+0000] {logging_mixin.py:190} INFO - [2024-12-17T21:13:37.798+0000] {dagbag.py:588} INFO - Filling up the DagBag from /opt/airflow/dags/postgres_ingestion.py
[2024-12-17T21:13:37.818+0000] {processor.py:925} INFO - DAG(s) 'ingest_postgre' retrieved from /opt/airflow/dags/postgres_ingestion.py
[2024-12-17T21:13:37.836+0000] {logging_mixin.py:190} INFO - [2024-12-17T21:13:37.836+0000] {dag.py:3239} INFO - Sync 1 DAGs
[2024-12-17T21:13:37.859+0000] {logging_mixin.py:190} INFO - [2024-12-17T21:13:37.859+0000] {dag.py:4180} INFO - Setting next_dagrun for ingest_postgre to 2024-12-17 21:13:00+00:00, run_after=2024-12-17 21:14:00+00:00
[2024-12-17T21:13:37.884+0000] {processor.py:208} INFO - Processing /opt/airflow/dags/postgres_ingestion.py took 0.095 seconds
[2024-12-17T21:14:07.966+0000] {processor.py:186} INFO - Started process (PID=1697) to work on /opt/airflow/dags/postgres_ingestion.py
[2024-12-17T21:14:07.967+0000] {processor.py:914} INFO - Processing file /opt/airflow/dags/postgres_ingestion.py for tasks to queue
[2024-12-17T21:14:07.968+0000] {logging_mixin.py:190} INFO - [2024-12-17T21:14:07.968+0000] {dagbag.py:588} INFO - Filling up the DagBag from /opt/airflow/dags/postgres_ingestion.py
[2024-12-17T21:14:07.987+0000] {processor.py:925} INFO - DAG(s) 'ingest_postgre' retrieved from /opt/airflow/dags/postgres_ingestion.py
[2024-12-17T21:14:08.004+0000] {logging_mixin.py:190} INFO - [2024-12-17T21:14:08.004+0000] {dag.py:3239} INFO - Sync 1 DAGs
[2024-12-17T21:14:08.027+0000] {logging_mixin.py:190} INFO - [2024-12-17T21:14:08.027+0000] {dag.py:4180} INFO - Setting next_dagrun for ingest_postgre to 2024-12-17 21:14:00+00:00, run_after=2024-12-17 21:15:00+00:00
[2024-12-17T21:14:08.053+0000] {processor.py:208} INFO - Processing /opt/airflow/dags/postgres_ingestion.py took 0.092 seconds
[2024-12-17T21:14:38.123+0000] {processor.py:186} INFO - Started process (PID=1761) to work on /opt/airflow/dags/postgres_ingestion.py
[2024-12-17T21:14:38.125+0000] {processor.py:914} INFO - Processing file /opt/airflow/dags/postgres_ingestion.py for tasks to queue
[2024-12-17T21:14:38.126+0000] {logging_mixin.py:190} INFO - [2024-12-17T21:14:38.126+0000] {dagbag.py:588} INFO - Filling up the DagBag from /opt/airflow/dags/postgres_ingestion.py
[2024-12-17T21:14:38.145+0000] {processor.py:925} INFO - DAG(s) 'ingest_postgre' retrieved from /opt/airflow/dags/postgres_ingestion.py
[2024-12-17T21:14:38.162+0000] {logging_mixin.py:190} INFO - [2024-12-17T21:14:38.162+0000] {dag.py:3239} INFO - Sync 1 DAGs
[2024-12-17T21:14:38.186+0000] {logging_mixin.py:190} INFO - [2024-12-17T21:14:38.186+0000] {dag.py:4180} INFO - Setting next_dagrun for ingest_postgre to 2024-12-17 21:14:00+00:00, run_after=2024-12-17 21:15:00+00:00
[2024-12-17T21:14:38.212+0000] {processor.py:208} INFO - Processing /opt/airflow/dags/postgres_ingestion.py took 0.094 seconds
[2024-12-17T21:15:08.499+0000] {processor.py:186} INFO - Started process (PID=1825) to work on /opt/airflow/dags/postgres_ingestion.py
[2024-12-17T21:15:08.500+0000] {processor.py:914} INFO - Processing file /opt/airflow/dags/postgres_ingestion.py for tasks to queue
[2024-12-17T21:15:08.501+0000] {logging_mixin.py:190} INFO - [2024-12-17T21:15:08.501+0000] {dagbag.py:588} INFO - Filling up the DagBag from /opt/airflow/dags/postgres_ingestion.py
[2024-12-17T21:15:08.522+0000] {processor.py:925} INFO - DAG(s) 'ingest_postgre' retrieved from /opt/airflow/dags/postgres_ingestion.py
[2024-12-17T21:15:08.541+0000] {logging_mixin.py:190} INFO - [2024-12-17T21:15:08.541+0000] {dag.py:3239} INFO - Sync 1 DAGs
[2024-12-17T21:15:08.566+0000] {logging_mixin.py:190} INFO - [2024-12-17T21:15:08.566+0000] {dag.py:4180} INFO - Setting next_dagrun for ingest_postgre to 2024-12-17 21:15:00+00:00, run_after=2024-12-17 21:16:00+00:00
[2024-12-17T21:15:08.592+0000] {processor.py:208} INFO - Processing /opt/airflow/dags/postgres_ingestion.py took 0.100 seconds
[2024-12-17T21:15:39.501+0000] {processor.py:186} INFO - Started process (PID=1889) to work on /opt/airflow/dags/postgres_ingestion.py
[2024-12-17T21:15:39.503+0000] {processor.py:914} INFO - Processing file /opt/airflow/dags/postgres_ingestion.py for tasks to queue
[2024-12-17T21:15:39.504+0000] {logging_mixin.py:190} INFO - [2024-12-17T21:15:39.504+0000] {dagbag.py:588} INFO - Filling up the DagBag from /opt/airflow/dags/postgres_ingestion.py
[2024-12-17T21:15:39.528+0000] {processor.py:925} INFO - DAG(s) 'ingest_postgre' retrieved from /opt/airflow/dags/postgres_ingestion.py
[2024-12-17T21:15:39.550+0000] {logging_mixin.py:190} INFO - [2024-12-17T21:15:39.550+0000] {dag.py:3239} INFO - Sync 1 DAGs
[2024-12-17T21:15:39.577+0000] {logging_mixin.py:190} INFO - [2024-12-17T21:15:39.577+0000] {dag.py:4180} INFO - Setting next_dagrun for ingest_postgre to 2024-12-17 21:15:00+00:00, run_after=2024-12-17 21:16:00+00:00
[2024-12-17T21:15:39.604+0000] {processor.py:208} INFO - Processing /opt/airflow/dags/postgres_ingestion.py took 0.112 seconds
[2024-12-17T21:16:09.981+0000] {processor.py:186} INFO - Started process (PID=1953) to work on /opt/airflow/dags/postgres_ingestion.py
[2024-12-17T21:16:09.982+0000] {processor.py:914} INFO - Processing file /opt/airflow/dags/postgres_ingestion.py for tasks to queue
[2024-12-17T21:16:09.983+0000] {logging_mixin.py:190} INFO - [2024-12-17T21:16:09.983+0000] {dagbag.py:588} INFO - Filling up the DagBag from /opt/airflow/dags/postgres_ingestion.py
[2024-12-17T21:16:10.001+0000] {processor.py:925} INFO - DAG(s) 'ingest_postgre' retrieved from /opt/airflow/dags/postgres_ingestion.py
[2024-12-17T21:16:10.018+0000] {logging_mixin.py:190} INFO - [2024-12-17T21:16:10.017+0000] {dag.py:3239} INFO - Sync 1 DAGs
[2024-12-17T21:16:10.041+0000] {logging_mixin.py:190} INFO - [2024-12-17T21:16:10.041+0000] {dag.py:4180} INFO - Setting next_dagrun for ingest_postgre to 2024-12-17 21:15:00+00:00, run_after=2024-12-17 21:16:00+00:00
[2024-12-17T21:16:10.066+0000] {processor.py:208} INFO - Processing /opt/airflow/dags/postgres_ingestion.py took 0.089 seconds
[2024-12-17T21:16:40.286+0000] {processor.py:186} INFO - Started process (PID=2017) to work on /opt/airflow/dags/postgres_ingestion.py
[2024-12-17T21:16:40.288+0000] {processor.py:914} INFO - Processing file /opt/airflow/dags/postgres_ingestion.py for tasks to queue
[2024-12-17T21:16:40.289+0000] {logging_mixin.py:190} INFO - [2024-12-17T21:16:40.289+0000] {dagbag.py:588} INFO - Filling up the DagBag from /opt/airflow/dags/postgres_ingestion.py
[2024-12-17T21:16:40.308+0000] {processor.py:925} INFO - DAG(s) 'ingest_postgre' retrieved from /opt/airflow/dags/postgres_ingestion.py
[2024-12-17T21:16:40.327+0000] {logging_mixin.py:190} INFO - [2024-12-17T21:16:40.327+0000] {dag.py:3239} INFO - Sync 1 DAGs
[2024-12-17T21:16:40.353+0000] {logging_mixin.py:190} INFO - [2024-12-17T21:16:40.353+0000] {dag.py:4180} INFO - Setting next_dagrun for ingest_postgre to 2024-12-17 21:15:00+00:00, run_after=2024-12-17 21:16:00+00:00
[2024-12-17T21:16:40.382+0000] {processor.py:208} INFO - Processing /opt/airflow/dags/postgres_ingestion.py took 0.100 seconds
[2024-12-17T21:17:10.793+0000] {processor.py:186} INFO - Started process (PID=2081) to work on /opt/airflow/dags/postgres_ingestion.py
[2024-12-17T21:17:10.794+0000] {processor.py:914} INFO - Processing file /opt/airflow/dags/postgres_ingestion.py for tasks to queue
[2024-12-17T21:17:10.795+0000] {logging_mixin.py:190} INFO - [2024-12-17T21:17:10.795+0000] {dagbag.py:588} INFO - Filling up the DagBag from /opt/airflow/dags/postgres_ingestion.py
[2024-12-17T21:17:10.817+0000] {processor.py:925} INFO - DAG(s) 'ingest_postgre' retrieved from /opt/airflow/dags/postgres_ingestion.py
[2024-12-17T21:17:10.836+0000] {logging_mixin.py:190} INFO - [2024-12-17T21:17:10.835+0000] {dag.py:3239} INFO - Sync 1 DAGs
[2024-12-17T21:17:10.859+0000] {logging_mixin.py:190} INFO - [2024-12-17T21:17:10.859+0000] {dag.py:4180} INFO - Setting next_dagrun for ingest_postgre to 2024-12-17 21:16:00+00:00, run_after=2024-12-17 21:17:00+00:00
[2024-12-17T21:17:10.877+0000] {processor.py:208} INFO - Processing /opt/airflow/dags/postgres_ingestion.py took 0.090 seconds
