[2024-12-17T21:13:02.003+0000] {local_task_job_runner.py:123} INFO - ::group::Pre task execution logs
[2024-12-17T21:13:02.017+0000] {taskinstance.py:2613} INFO - Dependencies all met for dep_context=non-requeueable deps ti=<TaskInstance: ingest_postgre.request_api scheduled__2024-12-17T21:12:00+00:00 [queued]>
[2024-12-17T21:13:02.025+0000] {taskinstance.py:2613} INFO - Dependencies all met for dep_context=requeueable deps ti=<TaskInstance: ingest_postgre.request_api scheduled__2024-12-17T21:12:00+00:00 [queued]>
[2024-12-17T21:13:02.026+0000] {taskinstance.py:2866} INFO - Starting attempt 1 of 1
[2024-12-17T21:13:02.039+0000] {taskinstance.py:2889} INFO - Executing <Task(PythonOperator): request_api> on 2024-12-17 21:12:00+00:00
[2024-12-17T21:13:02.045+0000] {warnings.py:112} WARNING - /home/***/.local/lib/python3.12/site-packages/***/task/task_runner/standard_task_runner.py:70: DeprecationWarning: This process (pid=232) is multi-threaded, use of fork() may lead to deadlocks in the child.
  pid = os.fork()

[2024-12-17T21:13:02.047+0000] {standard_task_runner.py:72} INFO - Started process 234 to run task
[2024-12-17T21:13:02.047+0000] {standard_task_runner.py:104} INFO - Running: ['***', 'tasks', 'run', 'ingest_postgre', 'request_api', 'scheduled__2024-12-17T21:12:00+00:00', '--job-id', '7', '--raw', '--subdir', 'DAGS_FOLDER/postgres_ingestion.py', '--cfg-path', '/tmp/tmp7goca0o2']
[2024-12-17T21:13:02.049+0000] {standard_task_runner.py:105} INFO - Job 7: Subtask request_api
[2024-12-17T21:13:02.306+0000] {task_command.py:467} INFO - Running <TaskInstance: ingest_postgre.request_api scheduled__2024-12-17T21:12:00+00:00 [running]> on host ffb17518c526
[2024-12-17T21:13:02.402+0000] {taskinstance.py:3132} INFO - Exporting env vars: AIRFLOW_CTX_DAG_OWNER='***' AIRFLOW_CTX_DAG_ID='ingest_postgre' AIRFLOW_CTX_TASK_ID='request_api' AIRFLOW_CTX_EXECUTION_DATE='2024-12-17T21:12:00+00:00' AIRFLOW_CTX_TRY_NUMBER='1' AIRFLOW_CTX_DAG_RUN_ID='scheduled__2024-12-17T21:12:00+00:00'
[2024-12-17T21:13:02.403+0000] {logging_mixin.py:190} INFO - Task instance is in running state
[2024-12-17T21:13:02.403+0000] {logging_mixin.py:190} INFO -  Previous state of the Task instance: queued
[2024-12-17T21:13:02.404+0000] {logging_mixin.py:190} INFO - Current task name:request_api state:running start_date:2024-12-17 21:13:02.018502+00:00
[2024-12-17T21:13:02.404+0000] {logging_mixin.py:190} INFO - Dag name:ingest_postgre and current dag run status:running
[2024-12-17T21:13:02.405+0000] {taskinstance.py:731} INFO - ::endgroup::
[2024-12-17T21:13:02.695+0000] {python.py:240} INFO - Done. Returned value was: None
[2024-12-17T21:13:02.704+0000] {taskinstance.py:340} INFO - ::group::Post task execution logs
[2024-12-17T21:13:02.705+0000] {taskinstance.py:352} INFO - Marking task as SUCCESS. dag_id=ingest_postgre, task_id=request_api, run_id=scheduled__2024-12-17T21:12:00+00:00, execution_date=20241217T211200, start_date=20241217T211302, end_date=20241217T211302
[2024-12-17T21:13:02.714+0000] {logging_mixin.py:190} INFO - Task instance in success state
[2024-12-17T21:13:02.714+0000] {logging_mixin.py:190} INFO -  Previous state of the Task instance: running
[2024-12-17T21:13:02.715+0000] {logging_mixin.py:190} INFO - Dag name:ingest_postgre queued_at:2024-12-17 21:13:00.537503+00:00
[2024-12-17T21:13:02.715+0000] {logging_mixin.py:190} INFO - Task hostname:ffb17518c526 operator:PythonOperator
[2024-12-17T21:13:02.745+0000] {local_task_job_runner.py:266} INFO - Task exited with return code 0
[2024-12-17T21:13:02.888+0000] {taskinstance.py:3895} INFO - 1 downstream tasks scheduled from follow-on schedule check
[2024-12-17T21:13:02.897+0000] {local_task_job_runner.py:245} INFO - ::endgroup::
