[2024-12-17T21:01:25.551+0000] {processor.py:186} INFO - Started process (PID=124) to work on /home/airflow/.local/lib/python3.12/site-packages/airflow/example_dags/example_sensors.py
[2024-12-17T21:01:25.552+0000] {processor.py:914} INFO - Processing file /home/airflow/.local/lib/python3.12/site-packages/airflow/example_dags/example_sensors.py for tasks to queue
[2024-12-17T21:01:25.556+0000] {logging_mixin.py:190} INFO - [2024-12-17T21:01:25.556+0000] {dagbag.py:588} INFO - Filling up the DagBag from /home/airflow/.local/lib/python3.12/site-packages/airflow/example_dags/example_sensors.py
[2024-12-17T21:01:25.579+0000] {processor.py:925} INFO - DAG(s) 'example_sensors' retrieved from /home/airflow/.local/lib/python3.12/site-packages/airflow/example_dags/example_sensors.py
[2024-12-17T21:01:25.760+0000] {logging_mixin.py:190} INFO - [2024-12-17T21:01:25.759+0000] {override.py:1911} INFO - Created Permission View: can delete on DAG:example_sensors
[2024-12-17T21:01:25.778+0000] {logging_mixin.py:190} INFO - [2024-12-17T21:01:25.778+0000] {override.py:1911} INFO - Created Permission View: can read on DAG:example_sensors
[2024-12-17T21:01:25.787+0000] {logging_mixin.py:190} INFO - [2024-12-17T21:01:25.786+0000] {override.py:1911} INFO - Created Permission View: can edit on DAG:example_sensors
[2024-12-17T21:01:25.794+0000] {logging_mixin.py:190} INFO - [2024-12-17T21:01:25.794+0000] {override.py:1911} INFO - Created Permission View: can create on DAG Run:example_sensors
[2024-12-17T21:01:25.802+0000] {logging_mixin.py:190} INFO - [2024-12-17T21:01:25.802+0000] {override.py:1911} INFO - Created Permission View: menu access on DAG Run:example_sensors
[2024-12-17T21:01:25.811+0000] {logging_mixin.py:190} INFO - [2024-12-17T21:01:25.811+0000] {override.py:1911} INFO - Created Permission View: can delete on DAG Run:example_sensors
[2024-12-17T21:01:25.819+0000] {logging_mixin.py:190} INFO - [2024-12-17T21:01:25.819+0000] {override.py:1911} INFO - Created Permission View: can read on DAG Run:example_sensors
[2024-12-17T21:01:25.820+0000] {logging_mixin.py:190} INFO - [2024-12-17T21:01:25.820+0000] {dag.py:3239} INFO - Sync 1 DAGs
[2024-12-17T21:01:25.841+0000] {logging_mixin.py:190} INFO - [2024-12-17T21:01:25.841+0000] {dag.py:3262} INFO - Creating ORM DAG for example_sensors
[2024-12-17T21:01:25.842+0000] {logging_mixin.py:190} INFO - [2024-12-17T21:01:25.842+0000] {dag.py:4180} INFO - Setting next_dagrun for example_sensors to None, run_after=None
[2024-12-17T21:01:25.864+0000] {processor.py:208} INFO - Processing /home/airflow/.local/lib/python3.12/site-packages/airflow/example_dags/example_sensors.py took 0.325 seconds
[2024-12-17T21:01:55.999+0000] {processor.py:186} INFO - Started process (PID=188) to work on /home/airflow/.local/lib/python3.12/site-packages/airflow/example_dags/example_sensors.py
[2024-12-17T21:01:56.000+0000] {processor.py:914} INFO - Processing file /home/airflow/.local/lib/python3.12/site-packages/airflow/example_dags/example_sensors.py for tasks to queue
[2024-12-17T21:01:56.002+0000] {logging_mixin.py:190} INFO - [2024-12-17T21:01:56.002+0000] {dagbag.py:588} INFO - Filling up the DagBag from /home/airflow/.local/lib/python3.12/site-packages/airflow/example_dags/example_sensors.py
[2024-12-17T21:01:56.015+0000] {processor.py:925} INFO - DAG(s) 'example_sensors' retrieved from /home/airflow/.local/lib/python3.12/site-packages/airflow/example_dags/example_sensors.py
[2024-12-17T21:01:56.040+0000] {logging_mixin.py:190} INFO - [2024-12-17T21:01:56.040+0000] {dag.py:3239} INFO - Sync 1 DAGs
[2024-12-17T21:01:56.059+0000] {logging_mixin.py:190} INFO - [2024-12-17T21:01:56.058+0000] {dag.py:4180} INFO - Setting next_dagrun for example_sensors to None, run_after=None
[2024-12-17T21:01:56.088+0000] {processor.py:208} INFO - Processing /home/airflow/.local/lib/python3.12/site-packages/airflow/example_dags/example_sensors.py took 0.097 seconds
[2024-12-17T21:02:26.270+0000] {processor.py:186} INFO - Started process (PID=252) to work on /home/airflow/.local/lib/python3.12/site-packages/airflow/example_dags/example_sensors.py
[2024-12-17T21:02:26.272+0000] {processor.py:914} INFO - Processing file /home/airflow/.local/lib/python3.12/site-packages/airflow/example_dags/example_sensors.py for tasks to queue
[2024-12-17T21:02:26.275+0000] {logging_mixin.py:190} INFO - [2024-12-17T21:02:26.275+0000] {dagbag.py:588} INFO - Filling up the DagBag from /home/airflow/.local/lib/python3.12/site-packages/airflow/example_dags/example_sensors.py
[2024-12-17T21:02:26.289+0000] {processor.py:925} INFO - DAG(s) 'example_sensors' retrieved from /home/airflow/.local/lib/python3.12/site-packages/airflow/example_dags/example_sensors.py
[2024-12-17T21:02:26.316+0000] {logging_mixin.py:190} INFO - [2024-12-17T21:02:26.315+0000] {dag.py:3239} INFO - Sync 1 DAGs
[2024-12-17T21:02:26.332+0000] {logging_mixin.py:190} INFO - [2024-12-17T21:02:26.332+0000] {dag.py:4180} INFO - Setting next_dagrun for example_sensors to None, run_after=None
[2024-12-17T21:02:26.351+0000] {processor.py:208} INFO - Processing /home/airflow/.local/lib/python3.12/site-packages/airflow/example_dags/example_sensors.py took 0.090 seconds
[2024-12-17T21:02:56.651+0000] {processor.py:186} INFO - Started process (PID=316) to work on /home/airflow/.local/lib/python3.12/site-packages/airflow/example_dags/example_sensors.py
[2024-12-17T21:02:56.653+0000] {processor.py:914} INFO - Processing file /home/airflow/.local/lib/python3.12/site-packages/airflow/example_dags/example_sensors.py for tasks to queue
[2024-12-17T21:02:56.655+0000] {logging_mixin.py:190} INFO - [2024-12-17T21:02:56.654+0000] {dagbag.py:588} INFO - Filling up the DagBag from /home/airflow/.local/lib/python3.12/site-packages/airflow/example_dags/example_sensors.py
[2024-12-17T21:02:56.666+0000] {processor.py:925} INFO - DAG(s) 'example_sensors' retrieved from /home/airflow/.local/lib/python3.12/site-packages/airflow/example_dags/example_sensors.py
[2024-12-17T21:02:56.690+0000] {logging_mixin.py:190} INFO - [2024-12-17T21:02:56.690+0000] {dag.py:3239} INFO - Sync 1 DAGs
[2024-12-17T21:02:56.705+0000] {logging_mixin.py:190} INFO - [2024-12-17T21:02:56.704+0000] {dag.py:4180} INFO - Setting next_dagrun for example_sensors to None, run_after=None
[2024-12-17T21:02:56.732+0000] {processor.py:208} INFO - Processing /home/airflow/.local/lib/python3.12/site-packages/airflow/example_dags/example_sensors.py took 0.087 seconds
[2024-12-17T21:03:27.619+0000] {processor.py:186} INFO - Started process (PID=380) to work on /home/airflow/.local/lib/python3.12/site-packages/airflow/example_dags/example_sensors.py
[2024-12-17T21:03:27.620+0000] {processor.py:914} INFO - Processing file /home/airflow/.local/lib/python3.12/site-packages/airflow/example_dags/example_sensors.py for tasks to queue
[2024-12-17T21:03:27.623+0000] {logging_mixin.py:190} INFO - [2024-12-17T21:03:27.623+0000] {dagbag.py:588} INFO - Filling up the DagBag from /home/airflow/.local/lib/python3.12/site-packages/airflow/example_dags/example_sensors.py
[2024-12-17T21:03:27.633+0000] {processor.py:925} INFO - DAG(s) 'example_sensors' retrieved from /home/airflow/.local/lib/python3.12/site-packages/airflow/example_dags/example_sensors.py
[2024-12-17T21:03:27.659+0000] {logging_mixin.py:190} INFO - [2024-12-17T21:03:27.659+0000] {dag.py:3239} INFO - Sync 1 DAGs
[2024-12-17T21:03:27.672+0000] {logging_mixin.py:190} INFO - [2024-12-17T21:03:27.672+0000] {dag.py:4180} INFO - Setting next_dagrun for example_sensors to None, run_after=None
[2024-12-17T21:03:27.690+0000] {processor.py:208} INFO - Processing /home/airflow/.local/lib/python3.12/site-packages/airflow/example_dags/example_sensors.py took 0.076 seconds
[2024-12-17T21:03:57.832+0000] {processor.py:186} INFO - Started process (PID=443) to work on /home/airflow/.local/lib/python3.12/site-packages/airflow/example_dags/example_sensors.py
[2024-12-17T21:03:57.833+0000] {processor.py:914} INFO - Processing file /home/airflow/.local/lib/python3.12/site-packages/airflow/example_dags/example_sensors.py for tasks to queue
[2024-12-17T21:03:57.836+0000] {logging_mixin.py:190} INFO - [2024-12-17T21:03:57.835+0000] {dagbag.py:588} INFO - Filling up the DagBag from /home/airflow/.local/lib/python3.12/site-packages/airflow/example_dags/example_sensors.py
[2024-12-17T21:03:57.846+0000] {processor.py:925} INFO - DAG(s) 'example_sensors' retrieved from /home/airflow/.local/lib/python3.12/site-packages/airflow/example_dags/example_sensors.py
[2024-12-17T21:03:57.870+0000] {logging_mixin.py:190} INFO - [2024-12-17T21:03:57.869+0000] {dag.py:3239} INFO - Sync 1 DAGs
[2024-12-17T21:03:57.884+0000] {logging_mixin.py:190} INFO - [2024-12-17T21:03:57.884+0000] {dag.py:4180} INFO - Setting next_dagrun for example_sensors to None, run_after=None
[2024-12-17T21:03:57.909+0000] {processor.py:208} INFO - Processing /home/airflow/.local/lib/python3.12/site-packages/airflow/example_dags/example_sensors.py took 0.083 seconds
[2024-12-17T21:04:30.046+0000] {processor.py:186} INFO - Started process (PID=508) to work on /home/airflow/.local/lib/python3.12/site-packages/airflow/example_dags/example_sensors.py
[2024-12-17T21:04:30.047+0000] {processor.py:914} INFO - Processing file /home/airflow/.local/lib/python3.12/site-packages/airflow/example_dags/example_sensors.py for tasks to queue
[2024-12-17T21:04:30.049+0000] {logging_mixin.py:190} INFO - [2024-12-17T21:04:30.049+0000] {dagbag.py:588} INFO - Filling up the DagBag from /home/airflow/.local/lib/python3.12/site-packages/airflow/example_dags/example_sensors.py
[2024-12-17T21:04:30.065+0000] {processor.py:925} INFO - DAG(s) 'example_sensors' retrieved from /home/airflow/.local/lib/python3.12/site-packages/airflow/example_dags/example_sensors.py
[2024-12-17T21:04:30.103+0000] {logging_mixin.py:190} INFO - [2024-12-17T21:04:30.103+0000] {dag.py:3239} INFO - Sync 1 DAGs
[2024-12-17T21:04:30.123+0000] {logging_mixin.py:190} INFO - [2024-12-17T21:04:30.123+0000] {dag.py:4180} INFO - Setting next_dagrun for example_sensors to None, run_after=None
[2024-12-17T21:04:30.147+0000] {processor.py:208} INFO - Processing /home/airflow/.local/lib/python3.12/site-packages/airflow/example_dags/example_sensors.py took 0.107 seconds
[2024-12-17T21:05:01.118+0000] {processor.py:186} INFO - Started process (PID=572) to work on /home/airflow/.local/lib/python3.12/site-packages/airflow/example_dags/example_sensors.py
[2024-12-17T21:05:01.119+0000] {processor.py:914} INFO - Processing file /home/airflow/.local/lib/python3.12/site-packages/airflow/example_dags/example_sensors.py for tasks to queue
[2024-12-17T21:05:01.121+0000] {logging_mixin.py:190} INFO - [2024-12-17T21:05:01.120+0000] {dagbag.py:588} INFO - Filling up the DagBag from /home/airflow/.local/lib/python3.12/site-packages/airflow/example_dags/example_sensors.py
[2024-12-17T21:05:01.139+0000] {processor.py:925} INFO - DAG(s) 'example_sensors' retrieved from /home/airflow/.local/lib/python3.12/site-packages/airflow/example_dags/example_sensors.py
[2024-12-17T21:05:01.168+0000] {logging_mixin.py:190} INFO - [2024-12-17T21:05:01.167+0000] {dag.py:3239} INFO - Sync 1 DAGs
[2024-12-17T21:05:01.184+0000] {logging_mixin.py:190} INFO - [2024-12-17T21:05:01.184+0000] {dag.py:4180} INFO - Setting next_dagrun for example_sensors to None, run_after=None
[2024-12-17T21:05:01.207+0000] {processor.py:208} INFO - Processing /home/airflow/.local/lib/python3.12/site-packages/airflow/example_dags/example_sensors.py took 0.095 seconds
[2024-12-17T21:05:31.627+0000] {processor.py:186} INFO - Started process (PID=635) to work on /home/airflow/.local/lib/python3.12/site-packages/airflow/example_dags/example_sensors.py
[2024-12-17T21:05:31.628+0000] {processor.py:914} INFO - Processing file /home/airflow/.local/lib/python3.12/site-packages/airflow/example_dags/example_sensors.py for tasks to queue
[2024-12-17T21:05:31.630+0000] {logging_mixin.py:190} INFO - [2024-12-17T21:05:31.629+0000] {dagbag.py:588} INFO - Filling up the DagBag from /home/airflow/.local/lib/python3.12/site-packages/airflow/example_dags/example_sensors.py
[2024-12-17T21:05:31.643+0000] {processor.py:925} INFO - DAG(s) 'example_sensors' retrieved from /home/airflow/.local/lib/python3.12/site-packages/airflow/example_dags/example_sensors.py
[2024-12-17T21:05:31.674+0000] {logging_mixin.py:190} INFO - [2024-12-17T21:05:31.674+0000] {dag.py:3239} INFO - Sync 1 DAGs
[2024-12-17T21:05:31.688+0000] {logging_mixin.py:190} INFO - [2024-12-17T21:05:31.688+0000] {dag.py:4180} INFO - Setting next_dagrun for example_sensors to None, run_after=None
[2024-12-17T21:05:31.714+0000] {processor.py:208} INFO - Processing /home/airflow/.local/lib/python3.12/site-packages/airflow/example_dags/example_sensors.py took 0.093 seconds
[2024-12-17T21:06:03.180+0000] {processor.py:186} INFO - Started process (PID=699) to work on /home/airflow/.local/lib/python3.12/site-packages/airflow/example_dags/example_sensors.py
[2024-12-17T21:06:03.181+0000] {processor.py:914} INFO - Processing file /home/airflow/.local/lib/python3.12/site-packages/airflow/example_dags/example_sensors.py for tasks to queue
[2024-12-17T21:06:03.182+0000] {logging_mixin.py:190} INFO - [2024-12-17T21:06:03.182+0000] {dagbag.py:588} INFO - Filling up the DagBag from /home/airflow/.local/lib/python3.12/site-packages/airflow/example_dags/example_sensors.py
[2024-12-17T21:06:03.193+0000] {processor.py:925} INFO - DAG(s) 'example_sensors' retrieved from /home/airflow/.local/lib/python3.12/site-packages/airflow/example_dags/example_sensors.py
[2024-12-17T21:06:03.216+0000] {logging_mixin.py:190} INFO - [2024-12-17T21:06:03.216+0000] {dag.py:3239} INFO - Sync 1 DAGs
[2024-12-17T21:06:03.229+0000] {logging_mixin.py:190} INFO - [2024-12-17T21:06:03.229+0000] {dag.py:4180} INFO - Setting next_dagrun for example_sensors to None, run_after=None
[2024-12-17T21:06:03.253+0000] {processor.py:208} INFO - Processing /home/airflow/.local/lib/python3.12/site-packages/airflow/example_dags/example_sensors.py took 0.078 seconds
[2024-12-17T21:06:33.912+0000] {processor.py:186} INFO - Started process (PID=763) to work on /home/airflow/.local/lib/python3.12/site-packages/airflow/example_dags/example_sensors.py
[2024-12-17T21:06:33.913+0000] {processor.py:914} INFO - Processing file /home/airflow/.local/lib/python3.12/site-packages/airflow/example_dags/example_sensors.py for tasks to queue
[2024-12-17T21:06:33.914+0000] {logging_mixin.py:190} INFO - [2024-12-17T21:06:33.914+0000] {dagbag.py:588} INFO - Filling up the DagBag from /home/airflow/.local/lib/python3.12/site-packages/airflow/example_dags/example_sensors.py
[2024-12-17T21:06:33.926+0000] {processor.py:925} INFO - DAG(s) 'example_sensors' retrieved from /home/airflow/.local/lib/python3.12/site-packages/airflow/example_dags/example_sensors.py
[2024-12-17T21:06:33.952+0000] {logging_mixin.py:190} INFO - [2024-12-17T21:06:33.952+0000] {dag.py:3239} INFO - Sync 1 DAGs
[2024-12-17T21:06:33.966+0000] {logging_mixin.py:190} INFO - [2024-12-17T21:06:33.965+0000] {dag.py:4180} INFO - Setting next_dagrun for example_sensors to None, run_after=None
[2024-12-17T21:06:33.982+0000] {processor.py:208} INFO - Processing /home/airflow/.local/lib/python3.12/site-packages/airflow/example_dags/example_sensors.py took 0.076 seconds
[2024-12-17T21:07:05.387+0000] {processor.py:186} INFO - Started process (PID=828) to work on /home/airflow/.local/lib/python3.12/site-packages/airflow/example_dags/example_sensors.py
[2024-12-17T21:07:05.388+0000] {processor.py:914} INFO - Processing file /home/airflow/.local/lib/python3.12/site-packages/airflow/example_dags/example_sensors.py for tasks to queue
[2024-12-17T21:07:05.389+0000] {logging_mixin.py:190} INFO - [2024-12-17T21:07:05.389+0000] {dagbag.py:588} INFO - Filling up the DagBag from /home/airflow/.local/lib/python3.12/site-packages/airflow/example_dags/example_sensors.py
[2024-12-17T21:07:05.400+0000] {processor.py:925} INFO - DAG(s) 'example_sensors' retrieved from /home/airflow/.local/lib/python3.12/site-packages/airflow/example_dags/example_sensors.py
[2024-12-17T21:07:05.424+0000] {logging_mixin.py:190} INFO - [2024-12-17T21:07:05.424+0000] {dag.py:3239} INFO - Sync 1 DAGs
[2024-12-17T21:07:05.438+0000] {logging_mixin.py:190} INFO - [2024-12-17T21:07:05.438+0000] {dag.py:4180} INFO - Setting next_dagrun for example_sensors to None, run_after=None
[2024-12-17T21:07:05.455+0000] {processor.py:208} INFO - Processing /home/airflow/.local/lib/python3.12/site-packages/airflow/example_dags/example_sensors.py took 0.073 seconds
[2024-12-17T21:07:37.177+0000] {processor.py:186} INFO - Started process (PID=891) to work on /home/airflow/.local/lib/python3.12/site-packages/airflow/example_dags/example_sensors.py
[2024-12-17T21:07:37.178+0000] {processor.py:914} INFO - Processing file /home/airflow/.local/lib/python3.12/site-packages/airflow/example_dags/example_sensors.py for tasks to queue
[2024-12-17T21:07:37.180+0000] {logging_mixin.py:190} INFO - [2024-12-17T21:07:37.179+0000] {dagbag.py:588} INFO - Filling up the DagBag from /home/airflow/.local/lib/python3.12/site-packages/airflow/example_dags/example_sensors.py
[2024-12-17T21:07:37.192+0000] {processor.py:925} INFO - DAG(s) 'example_sensors' retrieved from /home/airflow/.local/lib/python3.12/site-packages/airflow/example_dags/example_sensors.py
[2024-12-17T21:07:37.222+0000] {logging_mixin.py:190} INFO - [2024-12-17T21:07:37.221+0000] {dag.py:3239} INFO - Sync 1 DAGs
[2024-12-17T21:07:37.240+0000] {logging_mixin.py:190} INFO - [2024-12-17T21:07:37.240+0000] {dag.py:4180} INFO - Setting next_dagrun for example_sensors to None, run_after=None
[2024-12-17T21:07:37.257+0000] {processor.py:208} INFO - Processing /home/airflow/.local/lib/python3.12/site-packages/airflow/example_dags/example_sensors.py took 0.086 seconds
[2024-12-17T21:08:08.215+0000] {processor.py:186} INFO - Started process (PID=955) to work on /home/airflow/.local/lib/python3.12/site-packages/airflow/example_dags/example_sensors.py
[2024-12-17T21:08:08.217+0000] {processor.py:914} INFO - Processing file /home/airflow/.local/lib/python3.12/site-packages/airflow/example_dags/example_sensors.py for tasks to queue
[2024-12-17T21:08:08.218+0000] {logging_mixin.py:190} INFO - [2024-12-17T21:08:08.217+0000] {dagbag.py:588} INFO - Filling up the DagBag from /home/airflow/.local/lib/python3.12/site-packages/airflow/example_dags/example_sensors.py
[2024-12-17T21:08:08.229+0000] {processor.py:925} INFO - DAG(s) 'example_sensors' retrieved from /home/airflow/.local/lib/python3.12/site-packages/airflow/example_dags/example_sensors.py
[2024-12-17T21:08:08.254+0000] {logging_mixin.py:190} INFO - [2024-12-17T21:08:08.254+0000] {dag.py:3239} INFO - Sync 1 DAGs
[2024-12-17T21:08:08.269+0000] {logging_mixin.py:190} INFO - [2024-12-17T21:08:08.268+0000] {dag.py:4180} INFO - Setting next_dagrun for example_sensors to None, run_after=None
[2024-12-17T21:08:08.293+0000] {processor.py:208} INFO - Processing /home/airflow/.local/lib/python3.12/site-packages/airflow/example_dags/example_sensors.py took 0.086 seconds
[2024-12-17T21:08:38.564+0000] {processor.py:186} INFO - Started process (PID=1020) to work on /home/airflow/.local/lib/python3.12/site-packages/airflow/example_dags/example_sensors.py
[2024-12-17T21:08:38.566+0000] {processor.py:914} INFO - Processing file /home/airflow/.local/lib/python3.12/site-packages/airflow/example_dags/example_sensors.py for tasks to queue
[2024-12-17T21:08:38.567+0000] {logging_mixin.py:190} INFO - [2024-12-17T21:08:38.567+0000] {dagbag.py:588} INFO - Filling up the DagBag from /home/airflow/.local/lib/python3.12/site-packages/airflow/example_dags/example_sensors.py
[2024-12-17T21:08:38.578+0000] {processor.py:925} INFO - DAG(s) 'example_sensors' retrieved from /home/airflow/.local/lib/python3.12/site-packages/airflow/example_dags/example_sensors.py
[2024-12-17T21:08:38.606+0000] {logging_mixin.py:190} INFO - [2024-12-17T21:08:38.606+0000] {dag.py:3239} INFO - Sync 1 DAGs
[2024-12-17T21:08:38.624+0000] {logging_mixin.py:190} INFO - [2024-12-17T21:08:38.624+0000] {dag.py:4180} INFO - Setting next_dagrun for example_sensors to None, run_after=None
[2024-12-17T21:08:38.642+0000] {processor.py:208} INFO - Processing /home/airflow/.local/lib/python3.12/site-packages/airflow/example_dags/example_sensors.py took 0.083 seconds
[2024-12-17T21:09:10.390+0000] {processor.py:186} INFO - Started process (PID=1085) to work on /home/airflow/.local/lib/python3.12/site-packages/airflow/example_dags/example_sensors.py
[2024-12-17T21:09:10.391+0000] {processor.py:914} INFO - Processing file /home/airflow/.local/lib/python3.12/site-packages/airflow/example_dags/example_sensors.py for tasks to queue
[2024-12-17T21:09:10.392+0000] {logging_mixin.py:190} INFO - [2024-12-17T21:09:10.392+0000] {dagbag.py:588} INFO - Filling up the DagBag from /home/airflow/.local/lib/python3.12/site-packages/airflow/example_dags/example_sensors.py
[2024-12-17T21:09:10.403+0000] {processor.py:925} INFO - DAG(s) 'example_sensors' retrieved from /home/airflow/.local/lib/python3.12/site-packages/airflow/example_dags/example_sensors.py
[2024-12-17T21:09:10.427+0000] {logging_mixin.py:190} INFO - [2024-12-17T21:09:10.426+0000] {dag.py:3239} INFO - Sync 1 DAGs
[2024-12-17T21:09:10.440+0000] {logging_mixin.py:190} INFO - [2024-12-17T21:09:10.440+0000] {dag.py:4180} INFO - Setting next_dagrun for example_sensors to None, run_after=None
[2024-12-17T21:09:10.463+0000] {processor.py:208} INFO - Processing /home/airflow/.local/lib/python3.12/site-packages/airflow/example_dags/example_sensors.py took 0.079 seconds
[2024-12-17T21:09:41.926+0000] {processor.py:186} INFO - Started process (PID=1149) to work on /home/airflow/.local/lib/python3.12/site-packages/airflow/example_dags/example_sensors.py
[2024-12-17T21:09:41.928+0000] {processor.py:914} INFO - Processing file /home/airflow/.local/lib/python3.12/site-packages/airflow/example_dags/example_sensors.py for tasks to queue
[2024-12-17T21:09:41.929+0000] {logging_mixin.py:190} INFO - [2024-12-17T21:09:41.929+0000] {dagbag.py:588} INFO - Filling up the DagBag from /home/airflow/.local/lib/python3.12/site-packages/airflow/example_dags/example_sensors.py
[2024-12-17T21:09:41.946+0000] {processor.py:925} INFO - DAG(s) 'example_sensors' retrieved from /home/airflow/.local/lib/python3.12/site-packages/airflow/example_dags/example_sensors.py
[2024-12-17T21:09:41.989+0000] {logging_mixin.py:190} INFO - [2024-12-17T21:09:41.989+0000] {dag.py:3239} INFO - Sync 1 DAGs
[2024-12-17T21:09:42.007+0000] {logging_mixin.py:190} INFO - [2024-12-17T21:09:42.007+0000] {dag.py:4180} INFO - Setting next_dagrun for example_sensors to None, run_after=None
[2024-12-17T21:09:42.030+0000] {processor.py:208} INFO - Processing /home/airflow/.local/lib/python3.12/site-packages/airflow/example_dags/example_sensors.py took 0.110 seconds
[2024-12-17T21:10:13.302+0000] {processor.py:186} INFO - Started process (PID=1219) to work on /home/airflow/.local/lib/python3.12/site-packages/airflow/example_dags/example_sensors.py
[2024-12-17T21:10:13.304+0000] {processor.py:914} INFO - Processing file /home/airflow/.local/lib/python3.12/site-packages/airflow/example_dags/example_sensors.py for tasks to queue
[2024-12-17T21:10:13.305+0000] {logging_mixin.py:190} INFO - [2024-12-17T21:10:13.305+0000] {dagbag.py:588} INFO - Filling up the DagBag from /home/airflow/.local/lib/python3.12/site-packages/airflow/example_dags/example_sensors.py
[2024-12-17T21:10:13.320+0000] {processor.py:925} INFO - DAG(s) 'example_sensors' retrieved from /home/airflow/.local/lib/python3.12/site-packages/airflow/example_dags/example_sensors.py
[2024-12-17T21:10:13.352+0000] {logging_mixin.py:190} INFO - [2024-12-17T21:10:13.352+0000] {dag.py:3239} INFO - Sync 1 DAGs
[2024-12-17T21:10:13.368+0000] {logging_mixin.py:190} INFO - [2024-12-17T21:10:13.367+0000] {dag.py:4180} INFO - Setting next_dagrun for example_sensors to None, run_after=None
[2024-12-17T21:10:13.389+0000] {processor.py:208} INFO - Processing /home/airflow/.local/lib/python3.12/site-packages/airflow/example_dags/example_sensors.py took 0.093 seconds
[2024-12-17T21:10:44.645+0000] {processor.py:186} INFO - Started process (PID=1283) to work on /home/airflow/.local/lib/python3.12/site-packages/airflow/example_dags/example_sensors.py
[2024-12-17T21:10:44.646+0000] {processor.py:914} INFO - Processing file /home/airflow/.local/lib/python3.12/site-packages/airflow/example_dags/example_sensors.py for tasks to queue
[2024-12-17T21:10:44.647+0000] {logging_mixin.py:190} INFO - [2024-12-17T21:10:44.647+0000] {dagbag.py:588} INFO - Filling up the DagBag from /home/airflow/.local/lib/python3.12/site-packages/airflow/example_dags/example_sensors.py
[2024-12-17T21:10:44.660+0000] {processor.py:925} INFO - DAG(s) 'example_sensors' retrieved from /home/airflow/.local/lib/python3.12/site-packages/airflow/example_dags/example_sensors.py
[2024-12-17T21:10:44.688+0000] {logging_mixin.py:190} INFO - [2024-12-17T21:10:44.688+0000] {dag.py:3239} INFO - Sync 1 DAGs
[2024-12-17T21:10:44.703+0000] {logging_mixin.py:190} INFO - [2024-12-17T21:10:44.702+0000] {dag.py:4180} INFO - Setting next_dagrun for example_sensors to None, run_after=None
[2024-12-17T21:10:44.720+0000] {processor.py:208} INFO - Processing /home/airflow/.local/lib/python3.12/site-packages/airflow/example_dags/example_sensors.py took 0.081 seconds
[2024-12-17T21:11:15.849+0000] {processor.py:186} INFO - Started process (PID=1347) to work on /home/airflow/.local/lib/python3.12/site-packages/airflow/example_dags/example_sensors.py
[2024-12-17T21:11:15.850+0000] {processor.py:914} INFO - Processing file /home/airflow/.local/lib/python3.12/site-packages/airflow/example_dags/example_sensors.py for tasks to queue
[2024-12-17T21:11:15.852+0000] {logging_mixin.py:190} INFO - [2024-12-17T21:11:15.851+0000] {dagbag.py:588} INFO - Filling up the DagBag from /home/airflow/.local/lib/python3.12/site-packages/airflow/example_dags/example_sensors.py
[2024-12-17T21:11:15.863+0000] {processor.py:925} INFO - DAG(s) 'example_sensors' retrieved from /home/airflow/.local/lib/python3.12/site-packages/airflow/example_dags/example_sensors.py
[2024-12-17T21:11:15.886+0000] {logging_mixin.py:190} INFO - [2024-12-17T21:11:15.886+0000] {dag.py:3239} INFO - Sync 1 DAGs
[2024-12-17T21:11:15.903+0000] {logging_mixin.py:190} INFO - [2024-12-17T21:11:15.903+0000] {dag.py:4180} INFO - Setting next_dagrun for example_sensors to None, run_after=None
[2024-12-17T21:11:15.930+0000] {processor.py:208} INFO - Processing /home/airflow/.local/lib/python3.12/site-packages/airflow/example_dags/example_sensors.py took 0.086 seconds
[2024-12-17T21:11:47.984+0000] {processor.py:186} INFO - Started process (PID=1413) to work on /home/airflow/.local/lib/python3.12/site-packages/airflow/example_dags/example_sensors.py
[2024-12-17T21:11:47.985+0000] {processor.py:914} INFO - Processing file /home/airflow/.local/lib/python3.12/site-packages/airflow/example_dags/example_sensors.py for tasks to queue
[2024-12-17T21:11:47.987+0000] {logging_mixin.py:190} INFO - [2024-12-17T21:11:47.986+0000] {dagbag.py:588} INFO - Filling up the DagBag from /home/airflow/.local/lib/python3.12/site-packages/airflow/example_dags/example_sensors.py
[2024-12-17T21:11:47.999+0000] {processor.py:925} INFO - DAG(s) 'example_sensors' retrieved from /home/airflow/.local/lib/python3.12/site-packages/airflow/example_dags/example_sensors.py
[2024-12-17T21:11:48.023+0000] {logging_mixin.py:190} INFO - [2024-12-17T21:11:48.023+0000] {dag.py:3239} INFO - Sync 1 DAGs
[2024-12-17T21:11:48.038+0000] {logging_mixin.py:190} INFO - [2024-12-17T21:11:48.038+0000] {dag.py:4180} INFO - Setting next_dagrun for example_sensors to None, run_after=None
[2024-12-17T21:11:48.055+0000] {processor.py:208} INFO - Processing /home/airflow/.local/lib/python3.12/site-packages/airflow/example_dags/example_sensors.py took 0.076 seconds
[2024-12-17T21:12:18.860+0000] {processor.py:186} INFO - Started process (PID=1477) to work on /home/airflow/.local/lib/python3.12/site-packages/airflow/example_dags/example_sensors.py
[2024-12-17T21:12:18.861+0000] {processor.py:914} INFO - Processing file /home/airflow/.local/lib/python3.12/site-packages/airflow/example_dags/example_sensors.py for tasks to queue
[2024-12-17T21:12:18.863+0000] {logging_mixin.py:190} INFO - [2024-12-17T21:12:18.862+0000] {dagbag.py:588} INFO - Filling up the DagBag from /home/airflow/.local/lib/python3.12/site-packages/airflow/example_dags/example_sensors.py
[2024-12-17T21:12:18.874+0000] {processor.py:925} INFO - DAG(s) 'example_sensors' retrieved from /home/airflow/.local/lib/python3.12/site-packages/airflow/example_dags/example_sensors.py
[2024-12-17T21:12:18.899+0000] {logging_mixin.py:190} INFO - [2024-12-17T21:12:18.899+0000] {dag.py:3239} INFO - Sync 1 DAGs
[2024-12-17T21:12:18.912+0000] {logging_mixin.py:190} INFO - [2024-12-17T21:12:18.912+0000] {dag.py:4180} INFO - Setting next_dagrun for example_sensors to None, run_after=None
[2024-12-17T21:12:18.936+0000] {processor.py:208} INFO - Processing /home/airflow/.local/lib/python3.12/site-packages/airflow/example_dags/example_sensors.py took 0.082 seconds
[2024-12-17T21:12:50.469+0000] {processor.py:186} INFO - Started process (PID=1542) to work on /home/airflow/.local/lib/python3.12/site-packages/airflow/example_dags/example_sensors.py
[2024-12-17T21:12:50.470+0000] {processor.py:914} INFO - Processing file /home/airflow/.local/lib/python3.12/site-packages/airflow/example_dags/example_sensors.py for tasks to queue
[2024-12-17T21:12:50.471+0000] {logging_mixin.py:190} INFO - [2024-12-17T21:12:50.471+0000] {dagbag.py:588} INFO - Filling up the DagBag from /home/airflow/.local/lib/python3.12/site-packages/airflow/example_dags/example_sensors.py
[2024-12-17T21:12:50.484+0000] {processor.py:925} INFO - DAG(s) 'example_sensors' retrieved from /home/airflow/.local/lib/python3.12/site-packages/airflow/example_dags/example_sensors.py
[2024-12-17T21:12:50.511+0000] {logging_mixin.py:190} INFO - [2024-12-17T21:12:50.510+0000] {dag.py:3239} INFO - Sync 1 DAGs
[2024-12-17T21:12:50.527+0000] {logging_mixin.py:190} INFO - [2024-12-17T21:12:50.526+0000] {dag.py:4180} INFO - Setting next_dagrun for example_sensors to None, run_after=None
[2024-12-17T21:12:50.544+0000] {processor.py:208} INFO - Processing /home/airflow/.local/lib/python3.12/site-packages/airflow/example_dags/example_sensors.py took 0.081 seconds
[2024-12-17T21:13:21.209+0000] {processor.py:186} INFO - Started process (PID=1606) to work on /home/airflow/.local/lib/python3.12/site-packages/airflow/example_dags/example_sensors.py
[2024-12-17T21:13:21.210+0000] {processor.py:914} INFO - Processing file /home/airflow/.local/lib/python3.12/site-packages/airflow/example_dags/example_sensors.py for tasks to queue
[2024-12-17T21:13:21.211+0000] {logging_mixin.py:190} INFO - [2024-12-17T21:13:21.211+0000] {dagbag.py:588} INFO - Filling up the DagBag from /home/airflow/.local/lib/python3.12/site-packages/airflow/example_dags/example_sensors.py
[2024-12-17T21:13:21.222+0000] {processor.py:925} INFO - DAG(s) 'example_sensors' retrieved from /home/airflow/.local/lib/python3.12/site-packages/airflow/example_dags/example_sensors.py
[2024-12-17T21:13:21.246+0000] {logging_mixin.py:190} INFO - [2024-12-17T21:13:21.246+0000] {dag.py:3239} INFO - Sync 1 DAGs
[2024-12-17T21:13:21.259+0000] {logging_mixin.py:190} INFO - [2024-12-17T21:13:21.259+0000] {dag.py:4180} INFO - Setting next_dagrun for example_sensors to None, run_after=None
[2024-12-17T21:13:21.283+0000] {processor.py:208} INFO - Processing /home/airflow/.local/lib/python3.12/site-packages/airflow/example_dags/example_sensors.py took 0.080 seconds
[2024-12-17T21:13:52.382+0000] {processor.py:186} INFO - Started process (PID=1670) to work on /home/airflow/.local/lib/python3.12/site-packages/airflow/example_dags/example_sensors.py
[2024-12-17T21:13:52.383+0000] {processor.py:914} INFO - Processing file /home/airflow/.local/lib/python3.12/site-packages/airflow/example_dags/example_sensors.py for tasks to queue
[2024-12-17T21:13:52.385+0000] {logging_mixin.py:190} INFO - [2024-12-17T21:13:52.384+0000] {dagbag.py:588} INFO - Filling up the DagBag from /home/airflow/.local/lib/python3.12/site-packages/airflow/example_dags/example_sensors.py
[2024-12-17T21:13:52.396+0000] {processor.py:925} INFO - DAG(s) 'example_sensors' retrieved from /home/airflow/.local/lib/python3.12/site-packages/airflow/example_dags/example_sensors.py
[2024-12-17T21:13:52.421+0000] {logging_mixin.py:190} INFO - [2024-12-17T21:13:52.420+0000] {dag.py:3239} INFO - Sync 1 DAGs
[2024-12-17T21:13:52.434+0000] {logging_mixin.py:190} INFO - [2024-12-17T21:13:52.434+0000] {dag.py:4180} INFO - Setting next_dagrun for example_sensors to None, run_after=None
[2024-12-17T21:13:52.450+0000] {processor.py:208} INFO - Processing /home/airflow/.local/lib/python3.12/site-packages/airflow/example_dags/example_sensors.py took 0.073 seconds
[2024-12-17T21:14:23.440+0000] {processor.py:186} INFO - Started process (PID=1734) to work on /home/airflow/.local/lib/python3.12/site-packages/airflow/example_dags/example_sensors.py
[2024-12-17T21:14:23.441+0000] {processor.py:914} INFO - Processing file /home/airflow/.local/lib/python3.12/site-packages/airflow/example_dags/example_sensors.py for tasks to queue
[2024-12-17T21:14:23.442+0000] {logging_mixin.py:190} INFO - [2024-12-17T21:14:23.442+0000] {dagbag.py:588} INFO - Filling up the DagBag from /home/airflow/.local/lib/python3.12/site-packages/airflow/example_dags/example_sensors.py
[2024-12-17T21:14:23.454+0000] {processor.py:925} INFO - DAG(s) 'example_sensors' retrieved from /home/airflow/.local/lib/python3.12/site-packages/airflow/example_dags/example_sensors.py
[2024-12-17T21:14:23.486+0000] {logging_mixin.py:190} INFO - [2024-12-17T21:14:23.486+0000] {dag.py:3239} INFO - Sync 1 DAGs
[2024-12-17T21:14:23.504+0000] {logging_mixin.py:190} INFO - [2024-12-17T21:14:23.504+0000] {dag.py:4180} INFO - Setting next_dagrun for example_sensors to None, run_after=None
[2024-12-17T21:14:23.528+0000] {processor.py:208} INFO - Processing /home/airflow/.local/lib/python3.12/site-packages/airflow/example_dags/example_sensors.py took 0.094 seconds
[2024-12-17T21:14:54.403+0000] {processor.py:186} INFO - Started process (PID=1798) to work on /home/airflow/.local/lib/python3.12/site-packages/airflow/example_dags/example_sensors.py
[2024-12-17T21:14:54.404+0000] {processor.py:914} INFO - Processing file /home/airflow/.local/lib/python3.12/site-packages/airflow/example_dags/example_sensors.py for tasks to queue
[2024-12-17T21:14:54.405+0000] {logging_mixin.py:190} INFO - [2024-12-17T21:14:54.405+0000] {dagbag.py:588} INFO - Filling up the DagBag from /home/airflow/.local/lib/python3.12/site-packages/airflow/example_dags/example_sensors.py
[2024-12-17T21:14:54.416+0000] {processor.py:925} INFO - DAG(s) 'example_sensors' retrieved from /home/airflow/.local/lib/python3.12/site-packages/airflow/example_dags/example_sensors.py
[2024-12-17T21:14:54.440+0000] {logging_mixin.py:190} INFO - [2024-12-17T21:14:54.440+0000] {dag.py:3239} INFO - Sync 1 DAGs
[2024-12-17T21:14:54.453+0000] {logging_mixin.py:190} INFO - [2024-12-17T21:14:54.453+0000] {dag.py:4180} INFO - Setting next_dagrun for example_sensors to None, run_after=None
[2024-12-17T21:14:54.480+0000] {processor.py:208} INFO - Processing /home/airflow/.local/lib/python3.12/site-packages/airflow/example_dags/example_sensors.py took 0.083 seconds
[2024-12-17T21:15:25.307+0000] {processor.py:186} INFO - Started process (PID=1861) to work on /home/airflow/.local/lib/python3.12/site-packages/airflow/example_dags/example_sensors.py
[2024-12-17T21:15:25.308+0000] {processor.py:914} INFO - Processing file /home/airflow/.local/lib/python3.12/site-packages/airflow/example_dags/example_sensors.py for tasks to queue
[2024-12-17T21:15:25.310+0000] {logging_mixin.py:190} INFO - [2024-12-17T21:15:25.309+0000] {dagbag.py:588} INFO - Filling up the DagBag from /home/airflow/.local/lib/python3.12/site-packages/airflow/example_dags/example_sensors.py
[2024-12-17T21:15:25.320+0000] {processor.py:925} INFO - DAG(s) 'example_sensors' retrieved from /home/airflow/.local/lib/python3.12/site-packages/airflow/example_dags/example_sensors.py
[2024-12-17T21:15:25.345+0000] {logging_mixin.py:190} INFO - [2024-12-17T21:15:25.344+0000] {dag.py:3239} INFO - Sync 1 DAGs
[2024-12-17T21:15:25.358+0000] {logging_mixin.py:190} INFO - [2024-12-17T21:15:25.357+0000] {dag.py:4180} INFO - Setting next_dagrun for example_sensors to None, run_after=None
[2024-12-17T21:15:25.375+0000] {processor.py:208} INFO - Processing /home/airflow/.local/lib/python3.12/site-packages/airflow/example_dags/example_sensors.py took 0.073 seconds
[2024-12-17T21:15:56.623+0000] {processor.py:186} INFO - Started process (PID=1925) to work on /home/airflow/.local/lib/python3.12/site-packages/airflow/example_dags/example_sensors.py
[2024-12-17T21:15:56.624+0000] {processor.py:914} INFO - Processing file /home/airflow/.local/lib/python3.12/site-packages/airflow/example_dags/example_sensors.py for tasks to queue
[2024-12-17T21:15:56.625+0000] {logging_mixin.py:190} INFO - [2024-12-17T21:15:56.625+0000] {dagbag.py:588} INFO - Filling up the DagBag from /home/airflow/.local/lib/python3.12/site-packages/airflow/example_dags/example_sensors.py
[2024-12-17T21:15:56.638+0000] {processor.py:925} INFO - DAG(s) 'example_sensors' retrieved from /home/airflow/.local/lib/python3.12/site-packages/airflow/example_dags/example_sensors.py
[2024-12-17T21:15:56.663+0000] {logging_mixin.py:190} INFO - [2024-12-17T21:15:56.663+0000] {dag.py:3239} INFO - Sync 1 DAGs
[2024-12-17T21:15:56.676+0000] {logging_mixin.py:190} INFO - [2024-12-17T21:15:56.676+0000] {dag.py:4180} INFO - Setting next_dagrun for example_sensors to None, run_after=None
[2024-12-17T21:15:56.694+0000] {processor.py:208} INFO - Processing /home/airflow/.local/lib/python3.12/site-packages/airflow/example_dags/example_sensors.py took 0.077 seconds
[2024-12-17T21:16:29.263+0000] {processor.py:186} INFO - Started process (PID=1989) to work on /home/airflow/.local/lib/python3.12/site-packages/airflow/example_dags/example_sensors.py
[2024-12-17T21:16:29.264+0000] {processor.py:914} INFO - Processing file /home/airflow/.local/lib/python3.12/site-packages/airflow/example_dags/example_sensors.py for tasks to queue
[2024-12-17T21:16:29.266+0000] {logging_mixin.py:190} INFO - [2024-12-17T21:16:29.266+0000] {dagbag.py:588} INFO - Filling up the DagBag from /home/airflow/.local/lib/python3.12/site-packages/airflow/example_dags/example_sensors.py
[2024-12-17T21:16:29.280+0000] {processor.py:925} INFO - DAG(s) 'example_sensors' retrieved from /home/airflow/.local/lib/python3.12/site-packages/airflow/example_dags/example_sensors.py
[2024-12-17T21:16:29.309+0000] {logging_mixin.py:190} INFO - [2024-12-17T21:16:29.309+0000] {dag.py:3239} INFO - Sync 1 DAGs
[2024-12-17T21:16:29.330+0000] {logging_mixin.py:190} INFO - [2024-12-17T21:16:29.329+0000] {dag.py:4180} INFO - Setting next_dagrun for example_sensors to None, run_after=None
[2024-12-17T21:16:29.351+0000] {processor.py:208} INFO - Processing /home/airflow/.local/lib/python3.12/site-packages/airflow/example_dags/example_sensors.py took 0.095 seconds
[2024-12-17T21:17:01.508+0000] {processor.py:186} INFO - Started process (PID=2062) to work on /home/airflow/.local/lib/python3.12/site-packages/airflow/example_dags/example_sensors.py
[2024-12-17T21:17:01.509+0000] {processor.py:914} INFO - Processing file /home/airflow/.local/lib/python3.12/site-packages/airflow/example_dags/example_sensors.py for tasks to queue
[2024-12-17T21:17:01.510+0000] {logging_mixin.py:190} INFO - [2024-12-17T21:17:01.510+0000] {dagbag.py:588} INFO - Filling up the DagBag from /home/airflow/.local/lib/python3.12/site-packages/airflow/example_dags/example_sensors.py
[2024-12-17T21:17:01.523+0000] {processor.py:925} INFO - DAG(s) 'example_sensors' retrieved from /home/airflow/.local/lib/python3.12/site-packages/airflow/example_dags/example_sensors.py
[2024-12-17T21:17:01.556+0000] {logging_mixin.py:190} INFO - [2024-12-17T21:17:01.556+0000] {dag.py:3239} INFO - Sync 1 DAGs
[2024-12-17T21:17:01.577+0000] {logging_mixin.py:190} INFO - [2024-12-17T21:17:01.577+0000] {dag.py:4180} INFO - Setting next_dagrun for example_sensors to None, run_after=None
[2024-12-17T21:17:01.598+0000] {processor.py:208} INFO - Processing /home/airflow/.local/lib/python3.12/site-packages/airflow/example_dags/example_sensors.py took 0.096 seconds
[2024-12-17T21:17:32.886+0000] {processor.py:186} INFO - Started process (PID=2132) to work on /home/airflow/.local/lib/python3.12/site-packages/airflow/example_dags/example_sensors.py
[2024-12-17T21:17:32.887+0000] {processor.py:914} INFO - Processing file /home/airflow/.local/lib/python3.12/site-packages/airflow/example_dags/example_sensors.py for tasks to queue
[2024-12-17T21:17:32.889+0000] {logging_mixin.py:190} INFO - [2024-12-17T21:17:32.888+0000] {dagbag.py:588} INFO - Filling up the DagBag from /home/airflow/.local/lib/python3.12/site-packages/airflow/example_dags/example_sensors.py
[2024-12-17T21:17:32.903+0000] {processor.py:925} INFO - DAG(s) 'example_sensors' retrieved from /home/airflow/.local/lib/python3.12/site-packages/airflow/example_dags/example_sensors.py
[2024-12-17T21:17:32.931+0000] {logging_mixin.py:190} INFO - [2024-12-17T21:17:32.931+0000] {dag.py:3239} INFO - Sync 1 DAGs
[2024-12-17T21:17:32.947+0000] {logging_mixin.py:190} INFO - [2024-12-17T21:17:32.946+0000] {dag.py:4180} INFO - Setting next_dagrun for example_sensors to None, run_after=None
[2024-12-17T21:17:32.982+0000] {processor.py:208} INFO - Processing /home/airflow/.local/lib/python3.12/site-packages/airflow/example_dags/example_sensors.py took 0.103 seconds
