[2024-12-17T21:01:19.807+0000] {processor.py:186} INFO - Started process (PID=97) to work on /home/airflow/.local/lib/python3.12/site-packages/airflow/example_dags/example_inlet_event_extra.py
[2024-12-17T21:01:19.809+0000] {processor.py:914} INFO - Processing file /home/airflow/.local/lib/python3.12/site-packages/airflow/example_dags/example_inlet_event_extra.py for tasks to queue
[2024-12-17T21:01:19.811+0000] {logging_mixin.py:190} INFO - [2024-12-17T21:01:19.811+0000] {dagbag.py:588} INFO - Filling up the DagBag from /home/airflow/.local/lib/python3.12/site-packages/airflow/example_dags/example_inlet_event_extra.py
[2024-12-17T21:01:20.479+0000] {processor.py:925} INFO - DAG(s) 'read_dataset_event', 'read_dataset_event_from_classic' retrieved from /home/airflow/.local/lib/python3.12/site-packages/airflow/example_dags/example_inlet_event_extra.py
[2024-12-17T21:01:20.587+0000] {logging_mixin.py:190} INFO - [2024-12-17T21:01:20.586+0000] {override.py:1911} INFO - Created Permission View: can delete on DAG:read_dataset_event
[2024-12-17T21:01:20.599+0000] {logging_mixin.py:190} INFO - [2024-12-17T21:01:20.598+0000] {override.py:1911} INFO - Created Permission View: can read on DAG:read_dataset_event
[2024-12-17T21:01:20.607+0000] {logging_mixin.py:190} INFO - [2024-12-17T21:01:20.606+0000] {override.py:1911} INFO - Created Permission View: can edit on DAG:read_dataset_event
[2024-12-17T21:01:20.616+0000] {logging_mixin.py:190} INFO - [2024-12-17T21:01:20.616+0000] {override.py:1911} INFO - Created Permission View: can create on DAG Run:read_dataset_event
[2024-12-17T21:01:20.628+0000] {logging_mixin.py:190} INFO - [2024-12-17T21:01:20.627+0000] {override.py:1911} INFO - Created Permission View: menu access on DAG Run:read_dataset_event
[2024-12-17T21:01:20.635+0000] {logging_mixin.py:190} INFO - [2024-12-17T21:01:20.635+0000] {override.py:1911} INFO - Created Permission View: can delete on DAG Run:read_dataset_event
[2024-12-17T21:01:20.643+0000] {logging_mixin.py:190} INFO - [2024-12-17T21:01:20.643+0000] {override.py:1911} INFO - Created Permission View: can read on DAG Run:read_dataset_event
[2024-12-17T21:01:20.655+0000] {logging_mixin.py:190} INFO - [2024-12-17T21:01:20.655+0000] {override.py:1911} INFO - Created Permission View: can delete on DAG:read_dataset_event_from_classic
[2024-12-17T21:01:20.662+0000] {logging_mixin.py:190} INFO - [2024-12-17T21:01:20.662+0000] {override.py:1911} INFO - Created Permission View: can read on DAG:read_dataset_event_from_classic
[2024-12-17T21:01:20.670+0000] {logging_mixin.py:190} INFO - [2024-12-17T21:01:20.670+0000] {override.py:1911} INFO - Created Permission View: can edit on DAG:read_dataset_event_from_classic
[2024-12-17T21:01:20.677+0000] {logging_mixin.py:190} INFO - [2024-12-17T21:01:20.677+0000] {override.py:1911} INFO - Created Permission View: can create on DAG Run:read_dataset_event_from_classic
[2024-12-17T21:01:20.684+0000] {logging_mixin.py:190} INFO - [2024-12-17T21:01:20.684+0000] {override.py:1911} INFO - Created Permission View: menu access on DAG Run:read_dataset_event_from_classic
[2024-12-17T21:01:20.696+0000] {logging_mixin.py:190} INFO - [2024-12-17T21:01:20.695+0000] {override.py:1911} INFO - Created Permission View: can delete on DAG Run:read_dataset_event_from_classic
[2024-12-17T21:01:20.704+0000] {logging_mixin.py:190} INFO - [2024-12-17T21:01:20.704+0000] {override.py:1911} INFO - Created Permission View: can read on DAG Run:read_dataset_event_from_classic
[2024-12-17T21:01:20.705+0000] {logging_mixin.py:190} INFO - [2024-12-17T21:01:20.705+0000] {dag.py:3239} INFO - Sync 2 DAGs
[2024-12-17T21:01:20.719+0000] {logging_mixin.py:190} INFO - [2024-12-17T21:01:20.718+0000] {dag.py:3262} INFO - Creating ORM DAG for read_dataset_event_from_classic
[2024-12-17T21:01:20.720+0000] {logging_mixin.py:190} INFO - [2024-12-17T21:01:20.720+0000] {dag.py:3262} INFO - Creating ORM DAG for read_dataset_event
[2024-12-17T21:01:20.732+0000] {logging_mixin.py:190} INFO - [2024-12-17T21:01:20.731+0000] {dag.py:4180} INFO - Setting next_dagrun for read_dataset_event to 2024-12-16 00:00:00+00:00, run_after=2024-12-17 00:00:00+00:00
[2024-12-17T21:01:20.735+0000] {logging_mixin.py:190} INFO - [2024-12-17T21:01:20.734+0000] {dag.py:4180} INFO - Setting next_dagrun for read_dataset_event_from_classic to 2024-12-16 00:00:00+00:00, run_after=2024-12-17 00:00:00+00:00
[2024-12-17T21:01:20.754+0000] {processor.py:208} INFO - Processing /home/airflow/.local/lib/python3.12/site-packages/airflow/example_dags/example_inlet_event_extra.py took 0.954 seconds
[2024-12-17T21:01:50.843+0000] {processor.py:186} INFO - Started process (PID=161) to work on /home/airflow/.local/lib/python3.12/site-packages/airflow/example_dags/example_inlet_event_extra.py
[2024-12-17T21:01:50.844+0000] {processor.py:914} INFO - Processing file /home/airflow/.local/lib/python3.12/site-packages/airflow/example_dags/example_inlet_event_extra.py for tasks to queue
[2024-12-17T21:01:50.846+0000] {logging_mixin.py:190} INFO - [2024-12-17T21:01:50.846+0000] {dagbag.py:588} INFO - Filling up the DagBag from /home/airflow/.local/lib/python3.12/site-packages/airflow/example_dags/example_inlet_event_extra.py
[2024-12-17T21:01:51.426+0000] {processor.py:925} INFO - DAG(s) 'read_dataset_event', 'read_dataset_event_from_classic' retrieved from /home/airflow/.local/lib/python3.12/site-packages/airflow/example_dags/example_inlet_event_extra.py
[2024-12-17T21:01:51.444+0000] {logging_mixin.py:190} INFO - [2024-12-17T21:01:51.444+0000] {dag.py:3239} INFO - Sync 2 DAGs
[2024-12-17T21:01:51.466+0000] {logging_mixin.py:190} INFO - [2024-12-17T21:01:51.466+0000] {dag.py:4180} INFO - Setting next_dagrun for read_dataset_event to 2024-12-16 00:00:00+00:00, run_after=2024-12-17 00:00:00+00:00
[2024-12-17T21:01:51.471+0000] {logging_mixin.py:190} INFO - [2024-12-17T21:01:51.471+0000] {dag.py:4180} INFO - Setting next_dagrun for read_dataset_event_from_classic to 2024-12-16 00:00:00+00:00, run_after=2024-12-17 00:00:00+00:00
[2024-12-17T21:01:51.487+0000] {processor.py:208} INFO - Processing /home/airflow/.local/lib/python3.12/site-packages/airflow/example_dags/example_inlet_event_extra.py took 0.650 seconds
[2024-12-17T21:02:22.377+0000] {processor.py:186} INFO - Started process (PID=230) to work on /home/airflow/.local/lib/python3.12/site-packages/airflow/example_dags/example_inlet_event_extra.py
[2024-12-17T21:02:22.378+0000] {processor.py:914} INFO - Processing file /home/airflow/.local/lib/python3.12/site-packages/airflow/example_dags/example_inlet_event_extra.py for tasks to queue
[2024-12-17T21:02:22.381+0000] {logging_mixin.py:190} INFO - [2024-12-17T21:02:22.380+0000] {dagbag.py:588} INFO - Filling up the DagBag from /home/airflow/.local/lib/python3.12/site-packages/airflow/example_dags/example_inlet_event_extra.py
[2024-12-17T21:02:22.933+0000] {processor.py:925} INFO - DAG(s) 'read_dataset_event', 'read_dataset_event_from_classic' retrieved from /home/airflow/.local/lib/python3.12/site-packages/airflow/example_dags/example_inlet_event_extra.py
[2024-12-17T21:02:22.957+0000] {logging_mixin.py:190} INFO - [2024-12-17T21:02:22.957+0000] {dag.py:3239} INFO - Sync 2 DAGs
[2024-12-17T21:02:22.985+0000] {logging_mixin.py:190} INFO - [2024-12-17T21:02:22.985+0000] {dag.py:4180} INFO - Setting next_dagrun for read_dataset_event to 2024-12-16 00:00:00+00:00, run_after=2024-12-17 00:00:00+00:00
[2024-12-17T21:02:22.991+0000] {logging_mixin.py:190} INFO - [2024-12-17T21:02:22.991+0000] {dag.py:4180} INFO - Setting next_dagrun for read_dataset_event_from_classic to 2024-12-16 00:00:00+00:00, run_after=2024-12-17 00:00:00+00:00
[2024-12-17T21:02:23.011+0000] {processor.py:208} INFO - Processing /home/airflow/.local/lib/python3.12/site-packages/airflow/example_dags/example_inlet_event_extra.py took 0.639 seconds
[2024-12-17T21:02:53.948+0000] {processor.py:186} INFO - Started process (PID=296) to work on /home/airflow/.local/lib/python3.12/site-packages/airflow/example_dags/example_inlet_event_extra.py
[2024-12-17T21:02:53.949+0000] {processor.py:914} INFO - Processing file /home/airflow/.local/lib/python3.12/site-packages/airflow/example_dags/example_inlet_event_extra.py for tasks to queue
[2024-12-17T21:02:53.952+0000] {logging_mixin.py:190} INFO - [2024-12-17T21:02:53.951+0000] {dagbag.py:588} INFO - Filling up the DagBag from /home/airflow/.local/lib/python3.12/site-packages/airflow/example_dags/example_inlet_event_extra.py
[2024-12-17T21:02:54.512+0000] {processor.py:925} INFO - DAG(s) 'read_dataset_event_from_classic', 'read_dataset_event' retrieved from /home/airflow/.local/lib/python3.12/site-packages/airflow/example_dags/example_inlet_event_extra.py
[2024-12-17T21:02:54.530+0000] {logging_mixin.py:190} INFO - [2024-12-17T21:02:54.529+0000] {dag.py:3239} INFO - Sync 2 DAGs
[2024-12-17T21:02:54.553+0000] {logging_mixin.py:190} INFO - [2024-12-17T21:02:54.553+0000] {dag.py:4180} INFO - Setting next_dagrun for read_dataset_event to 2024-12-16 00:00:00+00:00, run_after=2024-12-17 00:00:00+00:00
[2024-12-17T21:02:54.558+0000] {logging_mixin.py:190} INFO - [2024-12-17T21:02:54.558+0000] {dag.py:4180} INFO - Setting next_dagrun for read_dataset_event_from_classic to 2024-12-16 00:00:00+00:00, run_after=2024-12-17 00:00:00+00:00
[2024-12-17T21:02:54.574+0000] {processor.py:208} INFO - Processing /home/airflow/.local/lib/python3.12/site-packages/airflow/example_dags/example_inlet_event_extra.py took 0.630 seconds
[2024-12-17T21:03:25.070+0000] {processor.py:186} INFO - Started process (PID=359) to work on /home/airflow/.local/lib/python3.12/site-packages/airflow/example_dags/example_inlet_event_extra.py
[2024-12-17T21:03:25.071+0000] {processor.py:914} INFO - Processing file /home/airflow/.local/lib/python3.12/site-packages/airflow/example_dags/example_inlet_event_extra.py for tasks to queue
[2024-12-17T21:03:25.073+0000] {logging_mixin.py:190} INFO - [2024-12-17T21:03:25.073+0000] {dagbag.py:588} INFO - Filling up the DagBag from /home/airflow/.local/lib/python3.12/site-packages/airflow/example_dags/example_inlet_event_extra.py
[2024-12-17T21:03:25.600+0000] {processor.py:925} INFO - DAG(s) 'read_dataset_event_from_classic', 'read_dataset_event' retrieved from /home/airflow/.local/lib/python3.12/site-packages/airflow/example_dags/example_inlet_event_extra.py
[2024-12-17T21:03:25.620+0000] {logging_mixin.py:190} INFO - [2024-12-17T21:03:25.619+0000] {dag.py:3239} INFO - Sync 2 DAGs
[2024-12-17T21:03:25.642+0000] {logging_mixin.py:190} INFO - [2024-12-17T21:03:25.642+0000] {dag.py:4180} INFO - Setting next_dagrun for read_dataset_event to 2024-12-16 00:00:00+00:00, run_after=2024-12-17 00:00:00+00:00
[2024-12-17T21:03:25.647+0000] {logging_mixin.py:190} INFO - [2024-12-17T21:03:25.647+0000] {dag.py:4180} INFO - Setting next_dagrun for read_dataset_event_from_classic to 2024-12-16 00:00:00+00:00, run_after=2024-12-17 00:00:00+00:00
[2024-12-17T21:03:25.664+0000] {processor.py:208} INFO - Processing /home/airflow/.local/lib/python3.12/site-packages/airflow/example_dags/example_inlet_event_extra.py took 0.600 seconds
[2024-12-17T21:03:56.551+0000] {processor.py:186} INFO - Started process (PID=425) to work on /home/airflow/.local/lib/python3.12/site-packages/airflow/example_dags/example_inlet_event_extra.py
[2024-12-17T21:03:56.552+0000] {processor.py:914} INFO - Processing file /home/airflow/.local/lib/python3.12/site-packages/airflow/example_dags/example_inlet_event_extra.py for tasks to queue
[2024-12-17T21:03:56.554+0000] {logging_mixin.py:190} INFO - [2024-12-17T21:03:56.554+0000] {dagbag.py:588} INFO - Filling up the DagBag from /home/airflow/.local/lib/python3.12/site-packages/airflow/example_dags/example_inlet_event_extra.py
[2024-12-17T21:03:57.096+0000] {processor.py:925} INFO - DAG(s) 'read_dataset_event', 'read_dataset_event_from_classic' retrieved from /home/airflow/.local/lib/python3.12/site-packages/airflow/example_dags/example_inlet_event_extra.py
[2024-12-17T21:03:57.116+0000] {logging_mixin.py:190} INFO - [2024-12-17T21:03:57.116+0000] {dag.py:3239} INFO - Sync 2 DAGs
[2024-12-17T21:03:57.139+0000] {logging_mixin.py:190} INFO - [2024-12-17T21:03:57.139+0000] {dag.py:4180} INFO - Setting next_dagrun for read_dataset_event to 2024-12-16 00:00:00+00:00, run_after=2024-12-17 00:00:00+00:00
[2024-12-17T21:03:57.144+0000] {logging_mixin.py:190} INFO - [2024-12-17T21:03:57.144+0000] {dag.py:4180} INFO - Setting next_dagrun for read_dataset_event_from_classic to 2024-12-16 00:00:00+00:00, run_after=2024-12-17 00:00:00+00:00
[2024-12-17T21:03:57.167+0000] {processor.py:208} INFO - Processing /home/airflow/.local/lib/python3.12/site-packages/airflow/example_dags/example_inlet_event_extra.py took 0.622 seconds
[2024-12-17T21:04:27.495+0000] {processor.py:186} INFO - Started process (PID=484) to work on /home/airflow/.local/lib/python3.12/site-packages/airflow/example_dags/example_inlet_event_extra.py
[2024-12-17T21:04:27.496+0000] {processor.py:914} INFO - Processing file /home/airflow/.local/lib/python3.12/site-packages/airflow/example_dags/example_inlet_event_extra.py for tasks to queue
[2024-12-17T21:04:27.497+0000] {logging_mixin.py:190} INFO - [2024-12-17T21:04:27.497+0000] {dagbag.py:588} INFO - Filling up the DagBag from /home/airflow/.local/lib/python3.12/site-packages/airflow/example_dags/example_inlet_event_extra.py
[2024-12-17T21:04:28.042+0000] {processor.py:925} INFO - DAG(s) 'read_dataset_event_from_classic', 'read_dataset_event' retrieved from /home/airflow/.local/lib/python3.12/site-packages/airflow/example_dags/example_inlet_event_extra.py
[2024-12-17T21:04:28.062+0000] {logging_mixin.py:190} INFO - [2024-12-17T21:04:28.062+0000] {dag.py:3239} INFO - Sync 2 DAGs
[2024-12-17T21:04:28.086+0000] {logging_mixin.py:190} INFO - [2024-12-17T21:04:28.085+0000] {dag.py:4180} INFO - Setting next_dagrun for read_dataset_event to 2024-12-16 00:00:00+00:00, run_after=2024-12-17 00:00:00+00:00
[2024-12-17T21:04:28.092+0000] {logging_mixin.py:190} INFO - [2024-12-17T21:04:28.092+0000] {dag.py:4180} INFO - Setting next_dagrun for read_dataset_event_from_classic to 2024-12-16 00:00:00+00:00, run_after=2024-12-17 00:00:00+00:00
[2024-12-17T21:04:28.109+0000] {processor.py:208} INFO - Processing /home/airflow/.local/lib/python3.12/site-packages/airflow/example_dags/example_inlet_event_extra.py took 0.619 seconds
[2024-12-17T21:04:58.776+0000] {processor.py:186} INFO - Started process (PID=548) to work on /home/airflow/.local/lib/python3.12/site-packages/airflow/example_dags/example_inlet_event_extra.py
[2024-12-17T21:04:58.777+0000] {processor.py:914} INFO - Processing file /home/airflow/.local/lib/python3.12/site-packages/airflow/example_dags/example_inlet_event_extra.py for tasks to queue
[2024-12-17T21:04:58.778+0000] {logging_mixin.py:190} INFO - [2024-12-17T21:04:58.778+0000] {dagbag.py:588} INFO - Filling up the DagBag from /home/airflow/.local/lib/python3.12/site-packages/airflow/example_dags/example_inlet_event_extra.py
[2024-12-17T21:04:59.387+0000] {processor.py:925} INFO - DAG(s) 'read_dataset_event_from_classic', 'read_dataset_event' retrieved from /home/airflow/.local/lib/python3.12/site-packages/airflow/example_dags/example_inlet_event_extra.py
[2024-12-17T21:04:59.406+0000] {logging_mixin.py:190} INFO - [2024-12-17T21:04:59.406+0000] {dag.py:3239} INFO - Sync 2 DAGs
[2024-12-17T21:04:59.429+0000] {logging_mixin.py:190} INFO - [2024-12-17T21:04:59.429+0000] {dag.py:4180} INFO - Setting next_dagrun for read_dataset_event to 2024-12-16 00:00:00+00:00, run_after=2024-12-17 00:00:00+00:00
[2024-12-17T21:04:59.435+0000] {logging_mixin.py:190} INFO - [2024-12-17T21:04:59.434+0000] {dag.py:4180} INFO - Setting next_dagrun for read_dataset_event_from_classic to 2024-12-16 00:00:00+00:00, run_after=2024-12-17 00:00:00+00:00
[2024-12-17T21:04:59.450+0000] {processor.py:208} INFO - Processing /home/airflow/.local/lib/python3.12/site-packages/airflow/example_dags/example_inlet_event_extra.py took 0.680 seconds
[2024-12-17T21:05:29.918+0000] {processor.py:186} INFO - Started process (PID=613) to work on /home/airflow/.local/lib/python3.12/site-packages/airflow/example_dags/example_inlet_event_extra.py
[2024-12-17T21:05:29.919+0000] {processor.py:914} INFO - Processing file /home/airflow/.local/lib/python3.12/site-packages/airflow/example_dags/example_inlet_event_extra.py for tasks to queue
[2024-12-17T21:05:29.920+0000] {logging_mixin.py:190} INFO - [2024-12-17T21:05:29.920+0000] {dagbag.py:588} INFO - Filling up the DagBag from /home/airflow/.local/lib/python3.12/site-packages/airflow/example_dags/example_inlet_event_extra.py
[2024-12-17T21:05:30.478+0000] {processor.py:925} INFO - DAG(s) 'read_dataset_event', 'read_dataset_event_from_classic' retrieved from /home/airflow/.local/lib/python3.12/site-packages/airflow/example_dags/example_inlet_event_extra.py
[2024-12-17T21:05:30.498+0000] {logging_mixin.py:190} INFO - [2024-12-17T21:05:30.498+0000] {dag.py:3239} INFO - Sync 2 DAGs
[2024-12-17T21:05:30.520+0000] {logging_mixin.py:190} INFO - [2024-12-17T21:05:30.520+0000] {dag.py:4180} INFO - Setting next_dagrun for read_dataset_event to 2024-12-16 00:00:00+00:00, run_after=2024-12-17 00:00:00+00:00
[2024-12-17T21:05:30.525+0000] {logging_mixin.py:190} INFO - [2024-12-17T21:05:30.525+0000] {dag.py:4180} INFO - Setting next_dagrun for read_dataset_event_from_classic to 2024-12-16 00:00:00+00:00, run_after=2024-12-17 00:00:00+00:00
[2024-12-17T21:05:30.541+0000] {processor.py:208} INFO - Processing /home/airflow/.local/lib/python3.12/site-packages/airflow/example_dags/example_inlet_event_extra.py took 0.629 seconds
[2024-12-17T21:06:01.762+0000] {processor.py:186} INFO - Started process (PID=682) to work on /home/airflow/.local/lib/python3.12/site-packages/airflow/example_dags/example_inlet_event_extra.py
[2024-12-17T21:06:01.763+0000] {processor.py:914} INFO - Processing file /home/airflow/.local/lib/python3.12/site-packages/airflow/example_dags/example_inlet_event_extra.py for tasks to queue
[2024-12-17T21:06:01.764+0000] {logging_mixin.py:190} INFO - [2024-12-17T21:06:01.764+0000] {dagbag.py:588} INFO - Filling up the DagBag from /home/airflow/.local/lib/python3.12/site-packages/airflow/example_dags/example_inlet_event_extra.py
[2024-12-17T21:06:02.388+0000] {processor.py:925} INFO - DAG(s) 'read_dataset_event_from_classic', 'read_dataset_event' retrieved from /home/airflow/.local/lib/python3.12/site-packages/airflow/example_dags/example_inlet_event_extra.py
[2024-12-17T21:06:02.409+0000] {logging_mixin.py:190} INFO - [2024-12-17T21:06:02.409+0000] {dag.py:3239} INFO - Sync 2 DAGs
[2024-12-17T21:06:02.435+0000] {logging_mixin.py:190} INFO - [2024-12-17T21:06:02.435+0000] {dag.py:4180} INFO - Setting next_dagrun for read_dataset_event to 2024-12-16 00:00:00+00:00, run_after=2024-12-17 00:00:00+00:00
[2024-12-17T21:06:02.441+0000] {logging_mixin.py:190} INFO - [2024-12-17T21:06:02.440+0000] {dag.py:4180} INFO - Setting next_dagrun for read_dataset_event_from_classic to 2024-12-16 00:00:00+00:00, run_after=2024-12-17 00:00:00+00:00
[2024-12-17T21:06:02.458+0000] {processor.py:208} INFO - Processing /home/airflow/.local/lib/python3.12/site-packages/airflow/example_dags/example_inlet_event_extra.py took 0.702 seconds
[2024-12-17T21:06:32.666+0000] {processor.py:186} INFO - Started process (PID=748) to work on /home/airflow/.local/lib/python3.12/site-packages/airflow/example_dags/example_inlet_event_extra.py
[2024-12-17T21:06:32.667+0000] {processor.py:914} INFO - Processing file /home/airflow/.local/lib/python3.12/site-packages/airflow/example_dags/example_inlet_event_extra.py for tasks to queue
[2024-12-17T21:06:32.669+0000] {logging_mixin.py:190} INFO - [2024-12-17T21:06:32.669+0000] {dagbag.py:588} INFO - Filling up the DagBag from /home/airflow/.local/lib/python3.12/site-packages/airflow/example_dags/example_inlet_event_extra.py
[2024-12-17T21:06:33.376+0000] {processor.py:925} INFO - DAG(s) 'read_dataset_event', 'read_dataset_event_from_classic' retrieved from /home/airflow/.local/lib/python3.12/site-packages/airflow/example_dags/example_inlet_event_extra.py
[2024-12-17T21:06:33.397+0000] {logging_mixin.py:190} INFO - [2024-12-17T21:06:33.396+0000] {dag.py:3239} INFO - Sync 2 DAGs
[2024-12-17T21:06:33.424+0000] {logging_mixin.py:190} INFO - [2024-12-17T21:06:33.423+0000] {dag.py:4180} INFO - Setting next_dagrun for read_dataset_event to 2024-12-16 00:00:00+00:00, run_after=2024-12-17 00:00:00+00:00
[2024-12-17T21:06:33.429+0000] {logging_mixin.py:190} INFO - [2024-12-17T21:06:33.429+0000] {dag.py:4180} INFO - Setting next_dagrun for read_dataset_event_from_classic to 2024-12-16 00:00:00+00:00, run_after=2024-12-17 00:00:00+00:00
[2024-12-17T21:06:33.446+0000] {processor.py:208} INFO - Processing /home/airflow/.local/lib/python3.12/site-packages/airflow/example_dags/example_inlet_event_extra.py took 0.791 seconds
[2024-12-17T21:07:03.920+0000] {processor.py:186} INFO - Started process (PID=809) to work on /home/airflow/.local/lib/python3.12/site-packages/airflow/example_dags/example_inlet_event_extra.py
[2024-12-17T21:07:03.921+0000] {processor.py:914} INFO - Processing file /home/airflow/.local/lib/python3.12/site-packages/airflow/example_dags/example_inlet_event_extra.py for tasks to queue
[2024-12-17T21:07:03.922+0000] {logging_mixin.py:190} INFO - [2024-12-17T21:07:03.922+0000] {dagbag.py:588} INFO - Filling up the DagBag from /home/airflow/.local/lib/python3.12/site-packages/airflow/example_dags/example_inlet_event_extra.py
[2024-12-17T21:07:04.543+0000] {processor.py:925} INFO - DAG(s) 'read_dataset_event_from_classic', 'read_dataset_event' retrieved from /home/airflow/.local/lib/python3.12/site-packages/airflow/example_dags/example_inlet_event_extra.py
[2024-12-17T21:07:04.564+0000] {logging_mixin.py:190} INFO - [2024-12-17T21:07:04.563+0000] {dag.py:3239} INFO - Sync 2 DAGs
[2024-12-17T21:07:04.590+0000] {logging_mixin.py:190} INFO - [2024-12-17T21:07:04.590+0000] {dag.py:4180} INFO - Setting next_dagrun for read_dataset_event to 2024-12-16 00:00:00+00:00, run_after=2024-12-17 00:00:00+00:00
[2024-12-17T21:07:04.597+0000] {logging_mixin.py:190} INFO - [2024-12-17T21:07:04.597+0000] {dag.py:4180} INFO - Setting next_dagrun for read_dataset_event_from_classic to 2024-12-16 00:00:00+00:00, run_after=2024-12-17 00:00:00+00:00
[2024-12-17T21:07:04.616+0000] {processor.py:208} INFO - Processing /home/airflow/.local/lib/python3.12/site-packages/airflow/example_dags/example_inlet_event_extra.py took 0.704 seconds
[2024-12-17T21:07:35.665+0000] {processor.py:186} INFO - Started process (PID=875) to work on /home/airflow/.local/lib/python3.12/site-packages/airflow/example_dags/example_inlet_event_extra.py
[2024-12-17T21:07:35.667+0000] {processor.py:914} INFO - Processing file /home/airflow/.local/lib/python3.12/site-packages/airflow/example_dags/example_inlet_event_extra.py for tasks to queue
[2024-12-17T21:07:35.668+0000] {logging_mixin.py:190} INFO - [2024-12-17T21:07:35.668+0000] {dagbag.py:588} INFO - Filling up the DagBag from /home/airflow/.local/lib/python3.12/site-packages/airflow/example_dags/example_inlet_event_extra.py
[2024-12-17T21:07:36.425+0000] {processor.py:925} INFO - DAG(s) 'read_dataset_event', 'read_dataset_event_from_classic' retrieved from /home/airflow/.local/lib/python3.12/site-packages/airflow/example_dags/example_inlet_event_extra.py
[2024-12-17T21:07:36.456+0000] {logging_mixin.py:190} INFO - [2024-12-17T21:07:36.456+0000] {dag.py:3239} INFO - Sync 2 DAGs
[2024-12-17T21:07:36.502+0000] {logging_mixin.py:190} INFO - [2024-12-17T21:07:36.501+0000] {dag.py:4180} INFO - Setting next_dagrun for read_dataset_event to 2024-12-16 00:00:00+00:00, run_after=2024-12-17 00:00:00+00:00
[2024-12-17T21:07:36.511+0000] {logging_mixin.py:190} INFO - [2024-12-17T21:07:36.510+0000] {dag.py:4180} INFO - Setting next_dagrun for read_dataset_event_from_classic to 2024-12-16 00:00:00+00:00, run_after=2024-12-17 00:00:00+00:00
[2024-12-17T21:07:36.536+0000] {processor.py:208} INFO - Processing /home/airflow/.local/lib/python3.12/site-packages/airflow/example_dags/example_inlet_event_extra.py took 0.878 seconds
[2024-12-17T21:08:06.660+0000] {processor.py:186} INFO - Started process (PID=940) to work on /home/airflow/.local/lib/python3.12/site-packages/airflow/example_dags/example_inlet_event_extra.py
[2024-12-17T21:08:06.661+0000] {processor.py:914} INFO - Processing file /home/airflow/.local/lib/python3.12/site-packages/airflow/example_dags/example_inlet_event_extra.py for tasks to queue
[2024-12-17T21:08:06.662+0000] {logging_mixin.py:190} INFO - [2024-12-17T21:08:06.662+0000] {dagbag.py:588} INFO - Filling up the DagBag from /home/airflow/.local/lib/python3.12/site-packages/airflow/example_dags/example_inlet_event_extra.py
[2024-12-17T21:08:07.164+0000] {processor.py:925} INFO - DAG(s) 'read_dataset_event', 'read_dataset_event_from_classic' retrieved from /home/airflow/.local/lib/python3.12/site-packages/airflow/example_dags/example_inlet_event_extra.py
[2024-12-17T21:08:07.184+0000] {logging_mixin.py:190} INFO - [2024-12-17T21:08:07.184+0000] {dag.py:3239} INFO - Sync 2 DAGs
[2024-12-17T21:08:07.205+0000] {logging_mixin.py:190} INFO - [2024-12-17T21:08:07.205+0000] {dag.py:4180} INFO - Setting next_dagrun for read_dataset_event to 2024-12-16 00:00:00+00:00, run_after=2024-12-17 00:00:00+00:00
[2024-12-17T21:08:07.209+0000] {logging_mixin.py:190} INFO - [2024-12-17T21:08:07.209+0000] {dag.py:4180} INFO - Setting next_dagrun for read_dataset_event_from_classic to 2024-12-16 00:00:00+00:00, run_after=2024-12-17 00:00:00+00:00
[2024-12-17T21:08:07.231+0000] {processor.py:208} INFO - Processing /home/airflow/.local/lib/python3.12/site-packages/airflow/example_dags/example_inlet_event_extra.py took 0.577 seconds
[2024-12-17T21:08:37.520+0000] {processor.py:186} INFO - Started process (PID=1005) to work on /home/airflow/.local/lib/python3.12/site-packages/airflow/example_dags/example_inlet_event_extra.py
[2024-12-17T21:08:37.521+0000] {processor.py:914} INFO - Processing file /home/airflow/.local/lib/python3.12/site-packages/airflow/example_dags/example_inlet_event_extra.py for tasks to queue
[2024-12-17T21:08:37.523+0000] {logging_mixin.py:190} INFO - [2024-12-17T21:08:37.522+0000] {dagbag.py:588} INFO - Filling up the DagBag from /home/airflow/.local/lib/python3.12/site-packages/airflow/example_dags/example_inlet_event_extra.py
[2024-12-17T21:08:38.051+0000] {processor.py:925} INFO - DAG(s) 'read_dataset_event', 'read_dataset_event_from_classic' retrieved from /home/airflow/.local/lib/python3.12/site-packages/airflow/example_dags/example_inlet_event_extra.py
[2024-12-17T21:08:38.069+0000] {logging_mixin.py:190} INFO - [2024-12-17T21:08:38.069+0000] {dag.py:3239} INFO - Sync 2 DAGs
[2024-12-17T21:08:38.092+0000] {logging_mixin.py:190} INFO - [2024-12-17T21:08:38.091+0000] {dag.py:4180} INFO - Setting next_dagrun for read_dataset_event to 2024-12-16 00:00:00+00:00, run_after=2024-12-17 00:00:00+00:00
[2024-12-17T21:08:38.097+0000] {logging_mixin.py:190} INFO - [2024-12-17T21:08:38.097+0000] {dag.py:4180} INFO - Setting next_dagrun for read_dataset_event_from_classic to 2024-12-16 00:00:00+00:00, run_after=2024-12-17 00:00:00+00:00
[2024-12-17T21:08:38.115+0000] {processor.py:208} INFO - Processing /home/airflow/.local/lib/python3.12/site-packages/airflow/example_dags/example_inlet_event_extra.py took 0.600 seconds
[2024-12-17T21:09:09.161+0000] {processor.py:186} INFO - Started process (PID=1070) to work on /home/airflow/.local/lib/python3.12/site-packages/airflow/example_dags/example_inlet_event_extra.py
[2024-12-17T21:09:09.162+0000] {processor.py:914} INFO - Processing file /home/airflow/.local/lib/python3.12/site-packages/airflow/example_dags/example_inlet_event_extra.py for tasks to queue
[2024-12-17T21:09:09.164+0000] {logging_mixin.py:190} INFO - [2024-12-17T21:09:09.164+0000] {dagbag.py:588} INFO - Filling up the DagBag from /home/airflow/.local/lib/python3.12/site-packages/airflow/example_dags/example_inlet_event_extra.py
[2024-12-17T21:09:09.728+0000] {processor.py:925} INFO - DAG(s) 'read_dataset_event', 'read_dataset_event_from_classic' retrieved from /home/airflow/.local/lib/python3.12/site-packages/airflow/example_dags/example_inlet_event_extra.py
[2024-12-17T21:09:09.751+0000] {logging_mixin.py:190} INFO - [2024-12-17T21:09:09.751+0000] {dag.py:3239} INFO - Sync 2 DAGs
[2024-12-17T21:09:09.776+0000] {logging_mixin.py:190} INFO - [2024-12-17T21:09:09.776+0000] {dag.py:4180} INFO - Setting next_dagrun for read_dataset_event to 2024-12-16 00:00:00+00:00, run_after=2024-12-17 00:00:00+00:00
[2024-12-17T21:09:09.781+0000] {logging_mixin.py:190} INFO - [2024-12-17T21:09:09.781+0000] {dag.py:4180} INFO - Setting next_dagrun for read_dataset_event_from_classic to 2024-12-16 00:00:00+00:00, run_after=2024-12-17 00:00:00+00:00
[2024-12-17T21:09:09.803+0000] {processor.py:208} INFO - Processing /home/airflow/.local/lib/python3.12/site-packages/airflow/example_dags/example_inlet_event_extra.py took 0.648 seconds
[2024-12-17T21:09:40.587+0000] {processor.py:186} INFO - Started process (PID=1134) to work on /home/airflow/.local/lib/python3.12/site-packages/airflow/example_dags/example_inlet_event_extra.py
[2024-12-17T21:09:40.588+0000] {processor.py:914} INFO - Processing file /home/airflow/.local/lib/python3.12/site-packages/airflow/example_dags/example_inlet_event_extra.py for tasks to queue
[2024-12-17T21:09:40.589+0000] {logging_mixin.py:190} INFO - [2024-12-17T21:09:40.589+0000] {dagbag.py:588} INFO - Filling up the DagBag from /home/airflow/.local/lib/python3.12/site-packages/airflow/example_dags/example_inlet_event_extra.py
[2024-12-17T21:09:41.128+0000] {processor.py:925} INFO - DAG(s) 'read_dataset_event_from_classic', 'read_dataset_event' retrieved from /home/airflow/.local/lib/python3.12/site-packages/airflow/example_dags/example_inlet_event_extra.py
[2024-12-17T21:09:41.155+0000] {logging_mixin.py:190} INFO - [2024-12-17T21:09:41.155+0000] {dag.py:3239} INFO - Sync 2 DAGs
[2024-12-17T21:09:41.192+0000] {logging_mixin.py:190} INFO - [2024-12-17T21:09:41.192+0000] {dag.py:4180} INFO - Setting next_dagrun for read_dataset_event to 2024-12-16 00:00:00+00:00, run_after=2024-12-17 00:00:00+00:00
[2024-12-17T21:09:41.201+0000] {logging_mixin.py:190} INFO - [2024-12-17T21:09:41.201+0000] {dag.py:4180} INFO - Setting next_dagrun for read_dataset_event_from_classic to 2024-12-16 00:00:00+00:00, run_after=2024-12-17 00:00:00+00:00
[2024-12-17T21:09:41.228+0000] {processor.py:208} INFO - Processing /home/airflow/.local/lib/python3.12/site-packages/airflow/example_dags/example_inlet_event_extra.py took 0.647 seconds
[2024-12-17T21:10:12.167+0000] {processor.py:186} INFO - Started process (PID=1199) to work on /home/airflow/.local/lib/python3.12/site-packages/airflow/example_dags/example_inlet_event_extra.py
[2024-12-17T21:10:12.168+0000] {processor.py:914} INFO - Processing file /home/airflow/.local/lib/python3.12/site-packages/airflow/example_dags/example_inlet_event_extra.py for tasks to queue
[2024-12-17T21:10:12.169+0000] {logging_mixin.py:190} INFO - [2024-12-17T21:10:12.169+0000] {dagbag.py:588} INFO - Filling up the DagBag from /home/airflow/.local/lib/python3.12/site-packages/airflow/example_dags/example_inlet_event_extra.py
[2024-12-17T21:10:12.792+0000] {processor.py:925} INFO - DAG(s) 'read_dataset_event', 'read_dataset_event_from_classic' retrieved from /home/airflow/.local/lib/python3.12/site-packages/airflow/example_dags/example_inlet_event_extra.py
[2024-12-17T21:10:12.812+0000] {logging_mixin.py:190} INFO - [2024-12-17T21:10:12.811+0000] {dag.py:3239} INFO - Sync 2 DAGs
[2024-12-17T21:10:12.834+0000] {logging_mixin.py:190} INFO - [2024-12-17T21:10:12.834+0000] {dag.py:4180} INFO - Setting next_dagrun for read_dataset_event to 2024-12-16 00:00:00+00:00, run_after=2024-12-17 00:00:00+00:00
[2024-12-17T21:10:12.841+0000] {logging_mixin.py:190} INFO - [2024-12-17T21:10:12.841+0000] {dag.py:4180} INFO - Setting next_dagrun for read_dataset_event_from_classic to 2024-12-16 00:00:00+00:00, run_after=2024-12-17 00:00:00+00:00
[2024-12-17T21:10:12.858+0000] {processor.py:208} INFO - Processing /home/airflow/.local/lib/python3.12/site-packages/airflow/example_dags/example_inlet_event_extra.py took 0.696 seconds
[2024-12-17T21:10:43.571+0000] {processor.py:186} INFO - Started process (PID=1268) to work on /home/airflow/.local/lib/python3.12/site-packages/airflow/example_dags/example_inlet_event_extra.py
[2024-12-17T21:10:43.572+0000] {processor.py:914} INFO - Processing file /home/airflow/.local/lib/python3.12/site-packages/airflow/example_dags/example_inlet_event_extra.py for tasks to queue
[2024-12-17T21:10:43.573+0000] {logging_mixin.py:190} INFO - [2024-12-17T21:10:43.573+0000] {dagbag.py:588} INFO - Filling up the DagBag from /home/airflow/.local/lib/python3.12/site-packages/airflow/example_dags/example_inlet_event_extra.py
[2024-12-17T21:10:44.104+0000] {processor.py:925} INFO - DAG(s) 'read_dataset_event_from_classic', 'read_dataset_event' retrieved from /home/airflow/.local/lib/python3.12/site-packages/airflow/example_dags/example_inlet_event_extra.py
[2024-12-17T21:10:44.123+0000] {logging_mixin.py:190} INFO - [2024-12-17T21:10:44.123+0000] {dag.py:3239} INFO - Sync 2 DAGs
[2024-12-17T21:10:44.146+0000] {logging_mixin.py:190} INFO - [2024-12-17T21:10:44.146+0000] {dag.py:4180} INFO - Setting next_dagrun for read_dataset_event to 2024-12-16 00:00:00+00:00, run_after=2024-12-17 00:00:00+00:00
[2024-12-17T21:10:44.151+0000] {logging_mixin.py:190} INFO - [2024-12-17T21:10:44.151+0000] {dag.py:4180} INFO - Setting next_dagrun for read_dataset_event_from_classic to 2024-12-16 00:00:00+00:00, run_after=2024-12-17 00:00:00+00:00
[2024-12-17T21:10:44.167+0000] {processor.py:208} INFO - Processing /home/airflow/.local/lib/python3.12/site-packages/airflow/example_dags/example_inlet_event_extra.py took 0.602 seconds
[2024-12-17T21:11:14.287+0000] {processor.py:186} INFO - Started process (PID=1325) to work on /home/airflow/.local/lib/python3.12/site-packages/airflow/example_dags/example_inlet_event_extra.py
[2024-12-17T21:11:14.288+0000] {processor.py:914} INFO - Processing file /home/airflow/.local/lib/python3.12/site-packages/airflow/example_dags/example_inlet_event_extra.py for tasks to queue
[2024-12-17T21:11:14.289+0000] {logging_mixin.py:190} INFO - [2024-12-17T21:11:14.289+0000] {dagbag.py:588} INFO - Filling up the DagBag from /home/airflow/.local/lib/python3.12/site-packages/airflow/example_dags/example_inlet_event_extra.py
[2024-12-17T21:11:14.842+0000] {processor.py:925} INFO - DAG(s) 'read_dataset_event_from_classic', 'read_dataset_event' retrieved from /home/airflow/.local/lib/python3.12/site-packages/airflow/example_dags/example_inlet_event_extra.py
[2024-12-17T21:11:14.861+0000] {logging_mixin.py:190} INFO - [2024-12-17T21:11:14.861+0000] {dag.py:3239} INFO - Sync 2 DAGs
[2024-12-17T21:11:14.884+0000] {logging_mixin.py:190} INFO - [2024-12-17T21:11:14.884+0000] {dag.py:4180} INFO - Setting next_dagrun for read_dataset_event to 2024-12-16 00:00:00+00:00, run_after=2024-12-17 00:00:00+00:00
[2024-12-17T21:11:14.889+0000] {logging_mixin.py:190} INFO - [2024-12-17T21:11:14.889+0000] {dag.py:4180} INFO - Setting next_dagrun for read_dataset_event_from_classic to 2024-12-16 00:00:00+00:00, run_after=2024-12-17 00:00:00+00:00
[2024-12-17T21:11:14.903+0000] {processor.py:208} INFO - Processing /home/airflow/.local/lib/python3.12/site-packages/airflow/example_dags/example_inlet_event_extra.py took 0.622 seconds
[2024-12-17T21:11:45.489+0000] {processor.py:186} INFO - Started process (PID=1390) to work on /home/airflow/.local/lib/python3.12/site-packages/airflow/example_dags/example_inlet_event_extra.py
[2024-12-17T21:11:45.490+0000] {processor.py:914} INFO - Processing file /home/airflow/.local/lib/python3.12/site-packages/airflow/example_dags/example_inlet_event_extra.py for tasks to queue
[2024-12-17T21:11:45.492+0000] {logging_mixin.py:190} INFO - [2024-12-17T21:11:45.491+0000] {dagbag.py:588} INFO - Filling up the DagBag from /home/airflow/.local/lib/python3.12/site-packages/airflow/example_dags/example_inlet_event_extra.py
[2024-12-17T21:11:45.995+0000] {processor.py:925} INFO - DAG(s) 'read_dataset_event', 'read_dataset_event_from_classic' retrieved from /home/airflow/.local/lib/python3.12/site-packages/airflow/example_dags/example_inlet_event_extra.py
[2024-12-17T21:11:46.018+0000] {logging_mixin.py:190} INFO - [2024-12-17T21:11:46.018+0000] {dag.py:3239} INFO - Sync 2 DAGs
[2024-12-17T21:11:46.044+0000] {logging_mixin.py:190} INFO - [2024-12-17T21:11:46.044+0000] {dag.py:4180} INFO - Setting next_dagrun for read_dataset_event to 2024-12-16 00:00:00+00:00, run_after=2024-12-17 00:00:00+00:00
[2024-12-17T21:11:46.050+0000] {logging_mixin.py:190} INFO - [2024-12-17T21:11:46.050+0000] {dag.py:4180} INFO - Setting next_dagrun for read_dataset_event_from_classic to 2024-12-16 00:00:00+00:00, run_after=2024-12-17 00:00:00+00:00
[2024-12-17T21:11:46.074+0000] {processor.py:208} INFO - Processing /home/airflow/.local/lib/python3.12/site-packages/airflow/example_dags/example_inlet_event_extra.py took 0.590 seconds
[2024-12-17T21:12:16.915+0000] {processor.py:186} INFO - Started process (PID=1454) to work on /home/airflow/.local/lib/python3.12/site-packages/airflow/example_dags/example_inlet_event_extra.py
[2024-12-17T21:12:16.916+0000] {processor.py:914} INFO - Processing file /home/airflow/.local/lib/python3.12/site-packages/airflow/example_dags/example_inlet_event_extra.py for tasks to queue
[2024-12-17T21:12:16.917+0000] {logging_mixin.py:190} INFO - [2024-12-17T21:12:16.917+0000] {dagbag.py:588} INFO - Filling up the DagBag from /home/airflow/.local/lib/python3.12/site-packages/airflow/example_dags/example_inlet_event_extra.py
[2024-12-17T21:12:17.438+0000] {processor.py:925} INFO - DAG(s) 'read_dataset_event', 'read_dataset_event_from_classic' retrieved from /home/airflow/.local/lib/python3.12/site-packages/airflow/example_dags/example_inlet_event_extra.py
[2024-12-17T21:12:17.458+0000] {logging_mixin.py:190} INFO - [2024-12-17T21:12:17.458+0000] {dag.py:3239} INFO - Sync 2 DAGs
[2024-12-17T21:12:17.483+0000] {logging_mixin.py:190} INFO - [2024-12-17T21:12:17.483+0000] {dag.py:4180} INFO - Setting next_dagrun for read_dataset_event to 2024-12-16 00:00:00+00:00, run_after=2024-12-17 00:00:00+00:00
[2024-12-17T21:12:17.488+0000] {logging_mixin.py:190} INFO - [2024-12-17T21:12:17.488+0000] {dag.py:4180} INFO - Setting next_dagrun for read_dataset_event_from_classic to 2024-12-16 00:00:00+00:00, run_after=2024-12-17 00:00:00+00:00
[2024-12-17T21:12:17.503+0000] {processor.py:208} INFO - Processing /home/airflow/.local/lib/python3.12/site-packages/airflow/example_dags/example_inlet_event_extra.py took 0.594 seconds
[2024-12-17T21:12:48.200+0000] {processor.py:186} INFO - Started process (PID=1520) to work on /home/airflow/.local/lib/python3.12/site-packages/airflow/example_dags/example_inlet_event_extra.py
[2024-12-17T21:12:48.201+0000] {processor.py:914} INFO - Processing file /home/airflow/.local/lib/python3.12/site-packages/airflow/example_dags/example_inlet_event_extra.py for tasks to queue
[2024-12-17T21:12:48.202+0000] {logging_mixin.py:190} INFO - [2024-12-17T21:12:48.202+0000] {dagbag.py:588} INFO - Filling up the DagBag from /home/airflow/.local/lib/python3.12/site-packages/airflow/example_dags/example_inlet_event_extra.py
[2024-12-17T21:12:48.715+0000] {processor.py:925} INFO - DAG(s) 'read_dataset_event_from_classic', 'read_dataset_event' retrieved from /home/airflow/.local/lib/python3.12/site-packages/airflow/example_dags/example_inlet_event_extra.py
[2024-12-17T21:12:48.734+0000] {logging_mixin.py:190} INFO - [2024-12-17T21:12:48.734+0000] {dag.py:3239} INFO - Sync 2 DAGs
[2024-12-17T21:12:48.770+0000] {logging_mixin.py:190} INFO - [2024-12-17T21:12:48.770+0000] {dag.py:4180} INFO - Setting next_dagrun for read_dataset_event to 2024-12-16 00:00:00+00:00, run_after=2024-12-17 00:00:00+00:00
[2024-12-17T21:12:48.783+0000] {logging_mixin.py:190} INFO - [2024-12-17T21:12:48.782+0000] {dag.py:4180} INFO - Setting next_dagrun for read_dataset_event_from_classic to 2024-12-16 00:00:00+00:00, run_after=2024-12-17 00:00:00+00:00
[2024-12-17T21:12:48.802+0000] {processor.py:208} INFO - Processing /home/airflow/.local/lib/python3.12/site-packages/airflow/example_dags/example_inlet_event_extra.py took 0.608 seconds
[2024-12-17T21:13:19.314+0000] {processor.py:186} INFO - Started process (PID=1584) to work on /home/airflow/.local/lib/python3.12/site-packages/airflow/example_dags/example_inlet_event_extra.py
[2024-12-17T21:13:19.315+0000] {processor.py:914} INFO - Processing file /home/airflow/.local/lib/python3.12/site-packages/airflow/example_dags/example_inlet_event_extra.py for tasks to queue
[2024-12-17T21:13:19.316+0000] {logging_mixin.py:190} INFO - [2024-12-17T21:13:19.316+0000] {dagbag.py:588} INFO - Filling up the DagBag from /home/airflow/.local/lib/python3.12/site-packages/airflow/example_dags/example_inlet_event_extra.py
[2024-12-17T21:13:19.845+0000] {processor.py:925} INFO - DAG(s) 'read_dataset_event_from_classic', 'read_dataset_event' retrieved from /home/airflow/.local/lib/python3.12/site-packages/airflow/example_dags/example_inlet_event_extra.py
[2024-12-17T21:13:19.863+0000] {logging_mixin.py:190} INFO - [2024-12-17T21:13:19.863+0000] {dag.py:3239} INFO - Sync 2 DAGs
[2024-12-17T21:13:19.887+0000] {logging_mixin.py:190} INFO - [2024-12-17T21:13:19.887+0000] {dag.py:4180} INFO - Setting next_dagrun for read_dataset_event to 2024-12-16 00:00:00+00:00, run_after=2024-12-17 00:00:00+00:00
[2024-12-17T21:13:19.893+0000] {logging_mixin.py:190} INFO - [2024-12-17T21:13:19.893+0000] {dag.py:4180} INFO - Setting next_dagrun for read_dataset_event_from_classic to 2024-12-16 00:00:00+00:00, run_after=2024-12-17 00:00:00+00:00
[2024-12-17T21:13:19.908+0000] {processor.py:208} INFO - Processing /home/airflow/.local/lib/python3.12/site-packages/airflow/example_dags/example_inlet_event_extra.py took 0.603 seconds
[2024-12-17T21:13:50.572+0000] {processor.py:186} INFO - Started process (PID=1650) to work on /home/airflow/.local/lib/python3.12/site-packages/airflow/example_dags/example_inlet_event_extra.py
[2024-12-17T21:13:50.573+0000] {processor.py:914} INFO - Processing file /home/airflow/.local/lib/python3.12/site-packages/airflow/example_dags/example_inlet_event_extra.py for tasks to queue
[2024-12-17T21:13:50.574+0000] {logging_mixin.py:190} INFO - [2024-12-17T21:13:50.574+0000] {dagbag.py:588} INFO - Filling up the DagBag from /home/airflow/.local/lib/python3.12/site-packages/airflow/example_dags/example_inlet_event_extra.py
[2024-12-17T21:13:51.079+0000] {processor.py:925} INFO - DAG(s) 'read_dataset_event_from_classic', 'read_dataset_event' retrieved from /home/airflow/.local/lib/python3.12/site-packages/airflow/example_dags/example_inlet_event_extra.py
[2024-12-17T21:13:51.097+0000] {logging_mixin.py:190} INFO - [2024-12-17T21:13:51.097+0000] {dag.py:3239} INFO - Sync 2 DAGs
[2024-12-17T21:13:51.119+0000] {logging_mixin.py:190} INFO - [2024-12-17T21:13:51.119+0000] {dag.py:4180} INFO - Setting next_dagrun for read_dataset_event to 2024-12-16 00:00:00+00:00, run_after=2024-12-17 00:00:00+00:00
[2024-12-17T21:13:51.124+0000] {logging_mixin.py:190} INFO - [2024-12-17T21:13:51.123+0000] {dag.py:4180} INFO - Setting next_dagrun for read_dataset_event_from_classic to 2024-12-16 00:00:00+00:00, run_after=2024-12-17 00:00:00+00:00
[2024-12-17T21:13:51.137+0000] {processor.py:208} INFO - Processing /home/airflow/.local/lib/python3.12/site-packages/airflow/example_dags/example_inlet_event_extra.py took 0.571 seconds
[2024-12-17T21:14:21.207+0000] {processor.py:186} INFO - Started process (PID=1713) to work on /home/airflow/.local/lib/python3.12/site-packages/airflow/example_dags/example_inlet_event_extra.py
[2024-12-17T21:14:21.208+0000] {processor.py:914} INFO - Processing file /home/airflow/.local/lib/python3.12/site-packages/airflow/example_dags/example_inlet_event_extra.py for tasks to queue
[2024-12-17T21:14:21.210+0000] {logging_mixin.py:190} INFO - [2024-12-17T21:14:21.209+0000] {dagbag.py:588} INFO - Filling up the DagBag from /home/airflow/.local/lib/python3.12/site-packages/airflow/example_dags/example_inlet_event_extra.py
[2024-12-17T21:14:21.708+0000] {processor.py:925} INFO - DAG(s) 'read_dataset_event', 'read_dataset_event_from_classic' retrieved from /home/airflow/.local/lib/python3.12/site-packages/airflow/example_dags/example_inlet_event_extra.py
[2024-12-17T21:14:21.726+0000] {logging_mixin.py:190} INFO - [2024-12-17T21:14:21.726+0000] {dag.py:3239} INFO - Sync 2 DAGs
[2024-12-17T21:14:21.747+0000] {logging_mixin.py:190} INFO - [2024-12-17T21:14:21.747+0000] {dag.py:4180} INFO - Setting next_dagrun for read_dataset_event to 2024-12-16 00:00:00+00:00, run_after=2024-12-17 00:00:00+00:00
[2024-12-17T21:14:21.752+0000] {logging_mixin.py:190} INFO - [2024-12-17T21:14:21.752+0000] {dag.py:4180} INFO - Setting next_dagrun for read_dataset_event_from_classic to 2024-12-16 00:00:00+00:00, run_after=2024-12-17 00:00:00+00:00
[2024-12-17T21:14:21.773+0000] {processor.py:208} INFO - Processing /home/airflow/.local/lib/python3.12/site-packages/airflow/example_dags/example_inlet_event_extra.py took 0.572 seconds
[2024-12-17T21:14:52.555+0000] {processor.py:186} INFO - Started process (PID=1777) to work on /home/airflow/.local/lib/python3.12/site-packages/airflow/example_dags/example_inlet_event_extra.py
[2024-12-17T21:14:52.556+0000] {processor.py:914} INFO - Processing file /home/airflow/.local/lib/python3.12/site-packages/airflow/example_dags/example_inlet_event_extra.py for tasks to queue
[2024-12-17T21:14:52.557+0000] {logging_mixin.py:190} INFO - [2024-12-17T21:14:52.557+0000] {dagbag.py:588} INFO - Filling up the DagBag from /home/airflow/.local/lib/python3.12/site-packages/airflow/example_dags/example_inlet_event_extra.py
[2024-12-17T21:14:53.066+0000] {processor.py:925} INFO - DAG(s) 'read_dataset_event_from_classic', 'read_dataset_event' retrieved from /home/airflow/.local/lib/python3.12/site-packages/airflow/example_dags/example_inlet_event_extra.py
[2024-12-17T21:14:53.087+0000] {logging_mixin.py:190} INFO - [2024-12-17T21:14:53.087+0000] {dag.py:3239} INFO - Sync 2 DAGs
[2024-12-17T21:14:53.109+0000] {logging_mixin.py:190} INFO - [2024-12-17T21:14:53.109+0000] {dag.py:4180} INFO - Setting next_dagrun for read_dataset_event to 2024-12-16 00:00:00+00:00, run_after=2024-12-17 00:00:00+00:00
[2024-12-17T21:14:53.115+0000] {logging_mixin.py:190} INFO - [2024-12-17T21:14:53.115+0000] {dag.py:4180} INFO - Setting next_dagrun for read_dataset_event_from_classic to 2024-12-16 00:00:00+00:00, run_after=2024-12-17 00:00:00+00:00
[2024-12-17T21:14:53.130+0000] {processor.py:208} INFO - Processing /home/airflow/.local/lib/python3.12/site-packages/airflow/example_dags/example_inlet_event_extra.py took 0.581 seconds
[2024-12-17T21:15:23.838+0000] {processor.py:186} INFO - Started process (PID=1843) to work on /home/airflow/.local/lib/python3.12/site-packages/airflow/example_dags/example_inlet_event_extra.py
[2024-12-17T21:15:23.839+0000] {processor.py:914} INFO - Processing file /home/airflow/.local/lib/python3.12/site-packages/airflow/example_dags/example_inlet_event_extra.py for tasks to queue
[2024-12-17T21:15:23.840+0000] {logging_mixin.py:190} INFO - [2024-12-17T21:15:23.840+0000] {dagbag.py:588} INFO - Filling up the DagBag from /home/airflow/.local/lib/python3.12/site-packages/airflow/example_dags/example_inlet_event_extra.py
[2024-12-17T21:15:24.342+0000] {processor.py:925} INFO - DAG(s) 'read_dataset_event', 'read_dataset_event_from_classic' retrieved from /home/airflow/.local/lib/python3.12/site-packages/airflow/example_dags/example_inlet_event_extra.py
[2024-12-17T21:15:24.361+0000] {logging_mixin.py:190} INFO - [2024-12-17T21:15:24.361+0000] {dag.py:3239} INFO - Sync 2 DAGs
[2024-12-17T21:15:24.384+0000] {logging_mixin.py:190} INFO - [2024-12-17T21:15:24.383+0000] {dag.py:4180} INFO - Setting next_dagrun for read_dataset_event to 2024-12-16 00:00:00+00:00, run_after=2024-12-17 00:00:00+00:00
[2024-12-17T21:15:24.389+0000] {logging_mixin.py:190} INFO - [2024-12-17T21:15:24.389+0000] {dag.py:4180} INFO - Setting next_dagrun for read_dataset_event_from_classic to 2024-12-16 00:00:00+00:00, run_after=2024-12-17 00:00:00+00:00
[2024-12-17T21:15:24.404+0000] {processor.py:208} INFO - Processing /home/airflow/.local/lib/python3.12/site-packages/airflow/example_dags/example_inlet_event_extra.py took 0.571 seconds
[2024-12-17T21:15:54.814+0000] {processor.py:186} INFO - Started process (PID=1905) to work on /home/airflow/.local/lib/python3.12/site-packages/airflow/example_dags/example_inlet_event_extra.py
[2024-12-17T21:15:54.816+0000] {processor.py:914} INFO - Processing file /home/airflow/.local/lib/python3.12/site-packages/airflow/example_dags/example_inlet_event_extra.py for tasks to queue
[2024-12-17T21:15:54.818+0000] {logging_mixin.py:190} INFO - [2024-12-17T21:15:54.817+0000] {dagbag.py:588} INFO - Filling up the DagBag from /home/airflow/.local/lib/python3.12/site-packages/airflow/example_dags/example_inlet_event_extra.py
[2024-12-17T21:15:55.379+0000] {processor.py:925} INFO - DAG(s) 'read_dataset_event', 'read_dataset_event_from_classic' retrieved from /home/airflow/.local/lib/python3.12/site-packages/airflow/example_dags/example_inlet_event_extra.py
[2024-12-17T21:15:55.399+0000] {logging_mixin.py:190} INFO - [2024-12-17T21:15:55.399+0000] {dag.py:3239} INFO - Sync 2 DAGs
[2024-12-17T21:15:55.425+0000] {logging_mixin.py:190} INFO - [2024-12-17T21:15:55.424+0000] {dag.py:4180} INFO - Setting next_dagrun for read_dataset_event to 2024-12-16 00:00:00+00:00, run_after=2024-12-17 00:00:00+00:00
[2024-12-17T21:15:55.431+0000] {logging_mixin.py:190} INFO - [2024-12-17T21:15:55.431+0000] {dag.py:4180} INFO - Setting next_dagrun for read_dataset_event_from_classic to 2024-12-16 00:00:00+00:00, run_after=2024-12-17 00:00:00+00:00
[2024-12-17T21:15:55.454+0000] {processor.py:208} INFO - Processing /home/airflow/.local/lib/python3.12/site-packages/airflow/example_dags/example_inlet_event_extra.py took 0.647 seconds
[2024-12-17T21:16:27.392+0000] {processor.py:186} INFO - Started process (PID=1974) to work on /home/airflow/.local/lib/python3.12/site-packages/airflow/example_dags/example_inlet_event_extra.py
[2024-12-17T21:16:27.393+0000] {processor.py:914} INFO - Processing file /home/airflow/.local/lib/python3.12/site-packages/airflow/example_dags/example_inlet_event_extra.py for tasks to queue
[2024-12-17T21:16:27.396+0000] {logging_mixin.py:190} INFO - [2024-12-17T21:16:27.395+0000] {dagbag.py:588} INFO - Filling up the DagBag from /home/airflow/.local/lib/python3.12/site-packages/airflow/example_dags/example_inlet_event_extra.py
[2024-12-17T21:16:28.185+0000] {processor.py:925} INFO - DAG(s) 'read_dataset_event', 'read_dataset_event_from_classic' retrieved from /home/airflow/.local/lib/python3.12/site-packages/airflow/example_dags/example_inlet_event_extra.py
[2024-12-17T21:16:28.208+0000] {logging_mixin.py:190} INFO - [2024-12-17T21:16:28.208+0000] {dag.py:3239} INFO - Sync 2 DAGs
[2024-12-17T21:16:28.237+0000] {logging_mixin.py:190} INFO - [2024-12-17T21:16:28.237+0000] {dag.py:4180} INFO - Setting next_dagrun for read_dataset_event to 2024-12-16 00:00:00+00:00, run_after=2024-12-17 00:00:00+00:00
[2024-12-17T21:16:28.244+0000] {logging_mixin.py:190} INFO - [2024-12-17T21:16:28.244+0000] {dag.py:4180} INFO - Setting next_dagrun for read_dataset_event_from_classic to 2024-12-16 00:00:00+00:00, run_after=2024-12-17 00:00:00+00:00
[2024-12-17T21:16:28.263+0000] {processor.py:208} INFO - Processing /home/airflow/.local/lib/python3.12/site-packages/airflow/example_dags/example_inlet_event_extra.py took 0.880 seconds
[2024-12-17T21:16:59.023+0000] {processor.py:186} INFO - Started process (PID=2038) to work on /home/airflow/.local/lib/python3.12/site-packages/airflow/example_dags/example_inlet_event_extra.py
[2024-12-17T21:16:59.025+0000] {processor.py:914} INFO - Processing file /home/airflow/.local/lib/python3.12/site-packages/airflow/example_dags/example_inlet_event_extra.py for tasks to queue
[2024-12-17T21:16:59.026+0000] {logging_mixin.py:190} INFO - [2024-12-17T21:16:59.026+0000] {dagbag.py:588} INFO - Filling up the DagBag from /home/airflow/.local/lib/python3.12/site-packages/airflow/example_dags/example_inlet_event_extra.py
[2024-12-17T21:16:59.879+0000] {processor.py:925} INFO - DAG(s) 'read_dataset_event', 'read_dataset_event_from_classic' retrieved from /home/airflow/.local/lib/python3.12/site-packages/airflow/example_dags/example_inlet_event_extra.py
[2024-12-17T21:16:59.906+0000] {logging_mixin.py:190} INFO - [2024-12-17T21:16:59.906+0000] {dag.py:3239} INFO - Sync 2 DAGs
[2024-12-17T21:16:59.948+0000] {logging_mixin.py:190} INFO - [2024-12-17T21:16:59.948+0000] {dag.py:4180} INFO - Setting next_dagrun for read_dataset_event to 2024-12-16 00:00:00+00:00, run_after=2024-12-17 00:00:00+00:00
[2024-12-17T21:16:59.955+0000] {logging_mixin.py:190} INFO - [2024-12-17T21:16:59.955+0000] {dag.py:4180} INFO - Setting next_dagrun for read_dataset_event_from_classic to 2024-12-16 00:00:00+00:00, run_after=2024-12-17 00:00:00+00:00
[2024-12-17T21:16:59.984+0000] {processor.py:208} INFO - Processing /home/airflow/.local/lib/python3.12/site-packages/airflow/example_dags/example_inlet_event_extra.py took 0.968 seconds
[2024-12-17T21:17:30.318+0000] {processor.py:186} INFO - Started process (PID=2102) to work on /home/airflow/.local/lib/python3.12/site-packages/airflow/example_dags/example_inlet_event_extra.py
[2024-12-17T21:17:30.319+0000] {processor.py:914} INFO - Processing file /home/airflow/.local/lib/python3.12/site-packages/airflow/example_dags/example_inlet_event_extra.py for tasks to queue
[2024-12-17T21:17:30.321+0000] {logging_mixin.py:190} INFO - [2024-12-17T21:17:30.321+0000] {dagbag.py:588} INFO - Filling up the DagBag from /home/airflow/.local/lib/python3.12/site-packages/airflow/example_dags/example_inlet_event_extra.py
[2024-12-17T21:17:31.111+0000] {processor.py:925} INFO - DAG(s) 'read_dataset_event', 'read_dataset_event_from_classic' retrieved from /home/airflow/.local/lib/python3.12/site-packages/airflow/example_dags/example_inlet_event_extra.py
[2024-12-17T21:17:31.144+0000] {logging_mixin.py:190} INFO - [2024-12-17T21:17:31.143+0000] {dag.py:3239} INFO - Sync 2 DAGs
[2024-12-17T21:17:31.172+0000] {logging_mixin.py:190} INFO - [2024-12-17T21:17:31.171+0000] {dag.py:4180} INFO - Setting next_dagrun for read_dataset_event to 2024-12-16 00:00:00+00:00, run_after=2024-12-17 00:00:00+00:00
[2024-12-17T21:17:31.179+0000] {logging_mixin.py:190} INFO - [2024-12-17T21:17:31.178+0000] {dag.py:4180} INFO - Setting next_dagrun for read_dataset_event_from_classic to 2024-12-16 00:00:00+00:00, run_after=2024-12-17 00:00:00+00:00
[2024-12-17T21:17:31.194+0000] {processor.py:208} INFO - Processing /home/airflow/.local/lib/python3.12/site-packages/airflow/example_dags/example_inlet_event_extra.py took 0.881 seconds
