[2024-12-17T21:01:23.643+0000] {processor.py:186} INFO - Started process (PID=116) to work on /home/airflow/.local/lib/python3.12/site-packages/airflow/example_dags/example_latest_only_with_trigger.py
[2024-12-17T21:01:23.645+0000] {processor.py:914} INFO - Processing file /home/airflow/.local/lib/python3.12/site-packages/airflow/example_dags/example_latest_only_with_trigger.py for tasks to queue
[2024-12-17T21:01:23.649+0000] {logging_mixin.py:190} INFO - [2024-12-17T21:01:23.648+0000] {dagbag.py:588} INFO - Filling up the DagBag from /home/airflow/.local/lib/python3.12/site-packages/airflow/example_dags/example_latest_only_with_trigger.py
[2024-12-17T21:01:23.658+0000] {processor.py:925} INFO - DAG(s) 'latest_only_with_trigger' retrieved from /home/airflow/.local/lib/python3.12/site-packages/airflow/example_dags/example_latest_only_with_trigger.py
[2024-12-17T21:01:23.789+0000] {logging_mixin.py:190} INFO - [2024-12-17T21:01:23.788+0000] {override.py:1911} INFO - Created Permission View: can delete on DAG:latest_only_with_trigger
[2024-12-17T21:01:23.798+0000] {logging_mixin.py:190} INFO - [2024-12-17T21:01:23.798+0000] {override.py:1911} INFO - Created Permission View: can read on DAG:latest_only_with_trigger
[2024-12-17T21:01:23.805+0000] {logging_mixin.py:190} INFO - [2024-12-17T21:01:23.804+0000] {override.py:1911} INFO - Created Permission View: can edit on DAG:latest_only_with_trigger
[2024-12-17T21:01:23.813+0000] {logging_mixin.py:190} INFO - [2024-12-17T21:01:23.812+0000] {override.py:1911} INFO - Created Permission View: can create on DAG Run:latest_only_with_trigger
[2024-12-17T21:01:23.821+0000] {logging_mixin.py:190} INFO - [2024-12-17T21:01:23.821+0000] {override.py:1911} INFO - Created Permission View: menu access on DAG Run:latest_only_with_trigger
[2024-12-17T21:01:23.830+0000] {logging_mixin.py:190} INFO - [2024-12-17T21:01:23.829+0000] {override.py:1911} INFO - Created Permission View: can delete on DAG Run:latest_only_with_trigger
[2024-12-17T21:01:23.838+0000] {logging_mixin.py:190} INFO - [2024-12-17T21:01:23.837+0000] {override.py:1911} INFO - Created Permission View: can read on DAG Run:latest_only_with_trigger
[2024-12-17T21:01:23.838+0000] {logging_mixin.py:190} INFO - [2024-12-17T21:01:23.838+0000] {dag.py:3239} INFO - Sync 1 DAGs
[2024-12-17T21:01:23.854+0000] {logging_mixin.py:190} INFO - [2024-12-17T21:01:23.854+0000] {dag.py:3262} INFO - Creating ORM DAG for latest_only_with_trigger
[2024-12-17T21:01:23.865+0000] {logging_mixin.py:190} INFO - [2024-12-17T21:01:23.865+0000] {dag.py:4180} INFO - Setting next_dagrun for latest_only_with_trigger to 2024-12-17 16:00:00+00:00, run_after=2024-12-17 20:00:00+00:00
[2024-12-17T21:01:23.880+0000] {processor.py:208} INFO - Processing /home/airflow/.local/lib/python3.12/site-packages/airflow/example_dags/example_latest_only_with_trigger.py took 0.244 seconds
[2024-12-17T21:01:54.375+0000] {processor.py:186} INFO - Started process (PID=180) to work on /home/airflow/.local/lib/python3.12/site-packages/airflow/example_dags/example_latest_only_with_trigger.py
[2024-12-17T21:01:54.376+0000] {processor.py:914} INFO - Processing file /home/airflow/.local/lib/python3.12/site-packages/airflow/example_dags/example_latest_only_with_trigger.py for tasks to queue
[2024-12-17T21:01:54.379+0000] {logging_mixin.py:190} INFO - [2024-12-17T21:01:54.378+0000] {dagbag.py:588} INFO - Filling up the DagBag from /home/airflow/.local/lib/python3.12/site-packages/airflow/example_dags/example_latest_only_with_trigger.py
[2024-12-17T21:01:54.387+0000] {processor.py:925} INFO - DAG(s) 'latest_only_with_trigger' retrieved from /home/airflow/.local/lib/python3.12/site-packages/airflow/example_dags/example_latest_only_with_trigger.py
[2024-12-17T21:01:54.410+0000] {logging_mixin.py:190} INFO - [2024-12-17T21:01:54.410+0000] {dag.py:3239} INFO - Sync 1 DAGs
[2024-12-17T21:01:54.436+0000] {logging_mixin.py:190} INFO - [2024-12-17T21:01:54.436+0000] {dag.py:4180} INFO - Setting next_dagrun for latest_only_with_trigger to 2024-12-17 16:00:00+00:00, run_after=2024-12-17 20:00:00+00:00
[2024-12-17T21:01:54.454+0000] {processor.py:208} INFO - Processing /home/airflow/.local/lib/python3.12/site-packages/airflow/example_dags/example_latest_only_with_trigger.py took 0.085 seconds
[2024-12-17T21:02:24.616+0000] {processor.py:186} INFO - Started process (PID=244) to work on /home/airflow/.local/lib/python3.12/site-packages/airflow/example_dags/example_latest_only_with_trigger.py
[2024-12-17T21:02:24.618+0000] {processor.py:914} INFO - Processing file /home/airflow/.local/lib/python3.12/site-packages/airflow/example_dags/example_latest_only_with_trigger.py for tasks to queue
[2024-12-17T21:02:24.621+0000] {logging_mixin.py:190} INFO - [2024-12-17T21:02:24.620+0000] {dagbag.py:588} INFO - Filling up the DagBag from /home/airflow/.local/lib/python3.12/site-packages/airflow/example_dags/example_latest_only_with_trigger.py
[2024-12-17T21:02:24.630+0000] {processor.py:925} INFO - DAG(s) 'latest_only_with_trigger' retrieved from /home/airflow/.local/lib/python3.12/site-packages/airflow/example_dags/example_latest_only_with_trigger.py
[2024-12-17T21:02:24.649+0000] {logging_mixin.py:190} INFO - [2024-12-17T21:02:24.649+0000] {dag.py:3239} INFO - Sync 1 DAGs
[2024-12-17T21:02:24.673+0000] {logging_mixin.py:190} INFO - [2024-12-17T21:02:24.673+0000] {dag.py:4180} INFO - Setting next_dagrun for latest_only_with_trigger to 2024-12-17 16:00:00+00:00, run_after=2024-12-17 20:00:00+00:00
[2024-12-17T21:02:24.697+0000] {processor.py:208} INFO - Processing /home/airflow/.local/lib/python3.12/site-packages/airflow/example_dags/example_latest_only_with_trigger.py took 0.087 seconds
[2024-12-17T21:02:54.966+0000] {processor.py:186} INFO - Started process (PID=308) to work on /home/airflow/.local/lib/python3.12/site-packages/airflow/example_dags/example_latest_only_with_trigger.py
[2024-12-17T21:02:54.967+0000] {processor.py:914} INFO - Processing file /home/airflow/.local/lib/python3.12/site-packages/airflow/example_dags/example_latest_only_with_trigger.py for tasks to queue
[2024-12-17T21:02:54.969+0000] {logging_mixin.py:190} INFO - [2024-12-17T21:02:54.969+0000] {dagbag.py:588} INFO - Filling up the DagBag from /home/airflow/.local/lib/python3.12/site-packages/airflow/example_dags/example_latest_only_with_trigger.py
[2024-12-17T21:02:54.976+0000] {processor.py:925} INFO - DAG(s) 'latest_only_with_trigger' retrieved from /home/airflow/.local/lib/python3.12/site-packages/airflow/example_dags/example_latest_only_with_trigger.py
[2024-12-17T21:02:54.996+0000] {logging_mixin.py:190} INFO - [2024-12-17T21:02:54.995+0000] {dag.py:3239} INFO - Sync 1 DAGs
[2024-12-17T21:02:55.021+0000] {logging_mixin.py:190} INFO - [2024-12-17T21:02:55.021+0000] {dag.py:4180} INFO - Setting next_dagrun for latest_only_with_trigger to 2024-12-17 16:00:00+00:00, run_after=2024-12-17 20:00:00+00:00
[2024-12-17T21:02:55.039+0000] {processor.py:208} INFO - Processing /home/airflow/.local/lib/python3.12/site-packages/airflow/example_dags/example_latest_only_with_trigger.py took 0.079 seconds
[2024-12-17T21:03:25.984+0000] {processor.py:186} INFO - Started process (PID=372) to work on /home/airflow/.local/lib/python3.12/site-packages/airflow/example_dags/example_latest_only_with_trigger.py
[2024-12-17T21:03:25.985+0000] {processor.py:914} INFO - Processing file /home/airflow/.local/lib/python3.12/site-packages/airflow/example_dags/example_latest_only_with_trigger.py for tasks to queue
[2024-12-17T21:03:25.987+0000] {logging_mixin.py:190} INFO - [2024-12-17T21:03:25.987+0000] {dagbag.py:588} INFO - Filling up the DagBag from /home/airflow/.local/lib/python3.12/site-packages/airflow/example_dags/example_latest_only_with_trigger.py
[2024-12-17T21:03:25.994+0000] {processor.py:925} INFO - DAG(s) 'latest_only_with_trigger' retrieved from /home/airflow/.local/lib/python3.12/site-packages/airflow/example_dags/example_latest_only_with_trigger.py
[2024-12-17T21:03:26.014+0000] {logging_mixin.py:190} INFO - [2024-12-17T21:03:26.013+0000] {dag.py:3239} INFO - Sync 1 DAGs
[2024-12-17T21:03:26.035+0000] {logging_mixin.py:190} INFO - [2024-12-17T21:03:26.035+0000] {dag.py:4180} INFO - Setting next_dagrun for latest_only_with_trigger to 2024-12-17 16:00:00+00:00, run_after=2024-12-17 20:00:00+00:00
[2024-12-17T21:03:26.052+0000] {processor.py:208} INFO - Processing /home/airflow/.local/lib/python3.12/site-packages/airflow/example_dags/example_latest_only_with_trigger.py took 0.074 seconds
[2024-12-17T21:03:57.408+0000] {processor.py:186} INFO - Started process (PID=436) to work on /home/airflow/.local/lib/python3.12/site-packages/airflow/example_dags/example_latest_only_with_trigger.py
[2024-12-17T21:03:57.409+0000] {processor.py:914} INFO - Processing file /home/airflow/.local/lib/python3.12/site-packages/airflow/example_dags/example_latest_only_with_trigger.py for tasks to queue
[2024-12-17T21:03:57.412+0000] {logging_mixin.py:190} INFO - [2024-12-17T21:03:57.412+0000] {dagbag.py:588} INFO - Filling up the DagBag from /home/airflow/.local/lib/python3.12/site-packages/airflow/example_dags/example_latest_only_with_trigger.py
[2024-12-17T21:03:57.419+0000] {processor.py:925} INFO - DAG(s) 'latest_only_with_trigger' retrieved from /home/airflow/.local/lib/python3.12/site-packages/airflow/example_dags/example_latest_only_with_trigger.py
[2024-12-17T21:03:57.436+0000] {logging_mixin.py:190} INFO - [2024-12-17T21:03:57.436+0000] {dag.py:3239} INFO - Sync 1 DAGs
[2024-12-17T21:03:57.458+0000] {logging_mixin.py:190} INFO - [2024-12-17T21:03:57.458+0000] {dag.py:4180} INFO - Setting next_dagrun for latest_only_with_trigger to 2024-12-17 16:00:00+00:00, run_after=2024-12-17 20:00:00+00:00
[2024-12-17T21:03:57.475+0000] {processor.py:208} INFO - Processing /home/airflow/.local/lib/python3.12/site-packages/airflow/example_dags/example_latest_only_with_trigger.py took 0.073 seconds
[2024-12-17T21:04:29.140+0000] {processor.py:186} INFO - Started process (PID=501) to work on /home/airflow/.local/lib/python3.12/site-packages/airflow/example_dags/example_latest_only_with_trigger.py
[2024-12-17T21:04:29.141+0000] {processor.py:914} INFO - Processing file /home/airflow/.local/lib/python3.12/site-packages/airflow/example_dags/example_latest_only_with_trigger.py for tasks to queue
[2024-12-17T21:04:29.143+0000] {logging_mixin.py:190} INFO - [2024-12-17T21:04:29.142+0000] {dagbag.py:588} INFO - Filling up the DagBag from /home/airflow/.local/lib/python3.12/site-packages/airflow/example_dags/example_latest_only_with_trigger.py
[2024-12-17T21:04:29.150+0000] {processor.py:925} INFO - DAG(s) 'latest_only_with_trigger' retrieved from /home/airflow/.local/lib/python3.12/site-packages/airflow/example_dags/example_latest_only_with_trigger.py
[2024-12-17T21:04:29.169+0000] {logging_mixin.py:190} INFO - [2024-12-17T21:04:29.169+0000] {dag.py:3239} INFO - Sync 1 DAGs
[2024-12-17T21:04:29.193+0000] {logging_mixin.py:190} INFO - [2024-12-17T21:04:29.193+0000] {dag.py:4180} INFO - Setting next_dagrun for latest_only_with_trigger to 2024-12-17 16:00:00+00:00, run_after=2024-12-17 20:00:00+00:00
[2024-12-17T21:04:29.220+0000] {processor.py:208} INFO - Processing /home/airflow/.local/lib/python3.12/site-packages/airflow/example_dags/example_latest_only_with_trigger.py took 0.085 seconds
[2024-12-17T21:05:00.252+0000] {processor.py:186} INFO - Started process (PID=564) to work on /home/airflow/.local/lib/python3.12/site-packages/airflow/example_dags/example_latest_only_with_trigger.py
[2024-12-17T21:05:00.254+0000] {processor.py:914} INFO - Processing file /home/airflow/.local/lib/python3.12/site-packages/airflow/example_dags/example_latest_only_with_trigger.py for tasks to queue
[2024-12-17T21:05:00.257+0000] {logging_mixin.py:190} INFO - [2024-12-17T21:05:00.256+0000] {dagbag.py:588} INFO - Filling up the DagBag from /home/airflow/.local/lib/python3.12/site-packages/airflow/example_dags/example_latest_only_with_trigger.py
[2024-12-17T21:05:00.270+0000] {processor.py:925} INFO - DAG(s) 'latest_only_with_trigger' retrieved from /home/airflow/.local/lib/python3.12/site-packages/airflow/example_dags/example_latest_only_with_trigger.py
[2024-12-17T21:05:00.290+0000] {logging_mixin.py:190} INFO - [2024-12-17T21:05:00.290+0000] {dag.py:3239} INFO - Sync 1 DAGs
[2024-12-17T21:05:00.320+0000] {logging_mixin.py:190} INFO - [2024-12-17T21:05:00.319+0000] {dag.py:4180} INFO - Setting next_dagrun for latest_only_with_trigger to 2024-12-17 16:00:00+00:00, run_after=2024-12-17 20:00:00+00:00
[2024-12-17T21:05:00.344+0000] {processor.py:208} INFO - Processing /home/airflow/.local/lib/python3.12/site-packages/airflow/example_dags/example_latest_only_with_trigger.py took 0.102 seconds
[2024-12-17T21:05:31.151+0000] {processor.py:186} INFO - Started process (PID=628) to work on /home/airflow/.local/lib/python3.12/site-packages/airflow/example_dags/example_latest_only_with_trigger.py
[2024-12-17T21:05:31.152+0000] {processor.py:914} INFO - Processing file /home/airflow/.local/lib/python3.12/site-packages/airflow/example_dags/example_latest_only_with_trigger.py for tasks to queue
[2024-12-17T21:05:31.154+0000] {logging_mixin.py:190} INFO - [2024-12-17T21:05:31.154+0000] {dagbag.py:588} INFO - Filling up the DagBag from /home/airflow/.local/lib/python3.12/site-packages/airflow/example_dags/example_latest_only_with_trigger.py
[2024-12-17T21:05:31.163+0000] {processor.py:925} INFO - DAG(s) 'latest_only_with_trigger' retrieved from /home/airflow/.local/lib/python3.12/site-packages/airflow/example_dags/example_latest_only_with_trigger.py
[2024-12-17T21:05:31.181+0000] {logging_mixin.py:190} INFO - [2024-12-17T21:05:31.181+0000] {dag.py:3239} INFO - Sync 1 DAGs
[2024-12-17T21:05:31.206+0000] {logging_mixin.py:190} INFO - [2024-12-17T21:05:31.206+0000] {dag.py:4180} INFO - Setting next_dagrun for latest_only_with_trigger to 2024-12-17 16:00:00+00:00, run_after=2024-12-17 20:00:00+00:00
[2024-12-17T21:05:31.231+0000] {processor.py:208} INFO - Processing /home/airflow/.local/lib/python3.12/site-packages/airflow/example_dags/example_latest_only_with_trigger.py took 0.088 seconds
[2024-12-17T21:06:02.724+0000] {processor.py:186} INFO - Started process (PID=692) to work on /home/airflow/.local/lib/python3.12/site-packages/airflow/example_dags/example_latest_only_with_trigger.py
[2024-12-17T21:06:02.725+0000] {processor.py:914} INFO - Processing file /home/airflow/.local/lib/python3.12/site-packages/airflow/example_dags/example_latest_only_with_trigger.py for tasks to queue
[2024-12-17T21:06:02.726+0000] {logging_mixin.py:190} INFO - [2024-12-17T21:06:02.726+0000] {dagbag.py:588} INFO - Filling up the DagBag from /home/airflow/.local/lib/python3.12/site-packages/airflow/example_dags/example_latest_only_with_trigger.py
[2024-12-17T21:06:02.734+0000] {processor.py:925} INFO - DAG(s) 'latest_only_with_trigger' retrieved from /home/airflow/.local/lib/python3.12/site-packages/airflow/example_dags/example_latest_only_with_trigger.py
[2024-12-17T21:06:02.753+0000] {logging_mixin.py:190} INFO - [2024-12-17T21:06:02.753+0000] {dag.py:3239} INFO - Sync 1 DAGs
[2024-12-17T21:06:02.774+0000] {logging_mixin.py:190} INFO - [2024-12-17T21:06:02.774+0000] {dag.py:4180} INFO - Setting next_dagrun for latest_only_with_trigger to 2024-12-17 16:00:00+00:00, run_after=2024-12-17 20:00:00+00:00
[2024-12-17T21:06:02.798+0000] {processor.py:208} INFO - Processing /home/airflow/.local/lib/python3.12/site-packages/airflow/example_dags/example_latest_only_with_trigger.py took 0.079 seconds
[2024-12-17T21:06:33.533+0000] {processor.py:186} INFO - Started process (PID=756) to work on /home/airflow/.local/lib/python3.12/site-packages/airflow/example_dags/example_latest_only_with_trigger.py
[2024-12-17T21:06:33.534+0000] {processor.py:914} INFO - Processing file /home/airflow/.local/lib/python3.12/site-packages/airflow/example_dags/example_latest_only_with_trigger.py for tasks to queue
[2024-12-17T21:06:33.536+0000] {logging_mixin.py:190} INFO - [2024-12-17T21:06:33.535+0000] {dagbag.py:588} INFO - Filling up the DagBag from /home/airflow/.local/lib/python3.12/site-packages/airflow/example_dags/example_latest_only_with_trigger.py
[2024-12-17T21:06:33.544+0000] {processor.py:925} INFO - DAG(s) 'latest_only_with_trigger' retrieved from /home/airflow/.local/lib/python3.12/site-packages/airflow/example_dags/example_latest_only_with_trigger.py
[2024-12-17T21:06:33.564+0000] {logging_mixin.py:190} INFO - [2024-12-17T21:06:33.564+0000] {dag.py:3239} INFO - Sync 1 DAGs
[2024-12-17T21:06:33.587+0000] {logging_mixin.py:190} INFO - [2024-12-17T21:06:33.587+0000] {dag.py:4180} INFO - Setting next_dagrun for latest_only_with_trigger to 2024-12-17 16:00:00+00:00, run_after=2024-12-17 20:00:00+00:00
[2024-12-17T21:06:33.605+0000] {processor.py:208} INFO - Processing /home/airflow/.local/lib/python3.12/site-packages/airflow/example_dags/example_latest_only_with_trigger.py took 0.078 seconds
[2024-12-17T21:07:04.876+0000] {processor.py:186} INFO - Started process (PID=820) to work on /home/airflow/.local/lib/python3.12/site-packages/airflow/example_dags/example_latest_only_with_trigger.py
[2024-12-17T21:07:04.877+0000] {processor.py:914} INFO - Processing file /home/airflow/.local/lib/python3.12/site-packages/airflow/example_dags/example_latest_only_with_trigger.py for tasks to queue
[2024-12-17T21:07:04.879+0000] {logging_mixin.py:190} INFO - [2024-12-17T21:07:04.878+0000] {dagbag.py:588} INFO - Filling up the DagBag from /home/airflow/.local/lib/python3.12/site-packages/airflow/example_dags/example_latest_only_with_trigger.py
[2024-12-17T21:07:04.887+0000] {processor.py:925} INFO - DAG(s) 'latest_only_with_trigger' retrieved from /home/airflow/.local/lib/python3.12/site-packages/airflow/example_dags/example_latest_only_with_trigger.py
[2024-12-17T21:07:04.908+0000] {logging_mixin.py:190} INFO - [2024-12-17T21:07:04.908+0000] {dag.py:3239} INFO - Sync 1 DAGs
[2024-12-17T21:07:04.930+0000] {logging_mixin.py:190} INFO - [2024-12-17T21:07:04.929+0000] {dag.py:4180} INFO - Setting next_dagrun for latest_only_with_trigger to 2024-12-17 16:00:00+00:00, run_after=2024-12-17 20:00:00+00:00
[2024-12-17T21:07:04.947+0000] {processor.py:208} INFO - Processing /home/airflow/.local/lib/python3.12/site-packages/airflow/example_dags/example_latest_only_with_trigger.py took 0.077 seconds
[2024-12-17T21:07:36.722+0000] {processor.py:186} INFO - Started process (PID=884) to work on /home/airflow/.local/lib/python3.12/site-packages/airflow/example_dags/example_latest_only_with_trigger.py
[2024-12-17T21:07:36.723+0000] {processor.py:914} INFO - Processing file /home/airflow/.local/lib/python3.12/site-packages/airflow/example_dags/example_latest_only_with_trigger.py for tasks to queue
[2024-12-17T21:07:36.725+0000] {logging_mixin.py:190} INFO - [2024-12-17T21:07:36.724+0000] {dagbag.py:588} INFO - Filling up the DagBag from /home/airflow/.local/lib/python3.12/site-packages/airflow/example_dags/example_latest_only_with_trigger.py
[2024-12-17T21:07:36.733+0000] {processor.py:925} INFO - DAG(s) 'latest_only_with_trigger' retrieved from /home/airflow/.local/lib/python3.12/site-packages/airflow/example_dags/example_latest_only_with_trigger.py
[2024-12-17T21:07:36.765+0000] {logging_mixin.py:190} INFO - [2024-12-17T21:07:36.764+0000] {dag.py:3239} INFO - Sync 1 DAGs
[2024-12-17T21:07:36.802+0000] {logging_mixin.py:190} INFO - [2024-12-17T21:07:36.802+0000] {dag.py:4180} INFO - Setting next_dagrun for latest_only_with_trigger to 2024-12-17 16:00:00+00:00, run_after=2024-12-17 20:00:00+00:00
[2024-12-17T21:07:36.821+0000] {processor.py:208} INFO - Processing /home/airflow/.local/lib/python3.12/site-packages/airflow/example_dags/example_latest_only_with_trigger.py took 0.105 seconds
[2024-12-17T21:08:07.727+0000] {processor.py:186} INFO - Started process (PID=948) to work on /home/airflow/.local/lib/python3.12/site-packages/airflow/example_dags/example_latest_only_with_trigger.py
[2024-12-17T21:08:07.728+0000] {processor.py:914} INFO - Processing file /home/airflow/.local/lib/python3.12/site-packages/airflow/example_dags/example_latest_only_with_trigger.py for tasks to queue
[2024-12-17T21:08:07.729+0000] {logging_mixin.py:190} INFO - [2024-12-17T21:08:07.729+0000] {dagbag.py:588} INFO - Filling up the DagBag from /home/airflow/.local/lib/python3.12/site-packages/airflow/example_dags/example_latest_only_with_trigger.py
[2024-12-17T21:08:07.738+0000] {processor.py:925} INFO - DAG(s) 'latest_only_with_trigger' retrieved from /home/airflow/.local/lib/python3.12/site-packages/airflow/example_dags/example_latest_only_with_trigger.py
[2024-12-17T21:08:07.762+0000] {logging_mixin.py:190} INFO - [2024-12-17T21:08:07.762+0000] {dag.py:3239} INFO - Sync 1 DAGs
[2024-12-17T21:08:07.788+0000] {logging_mixin.py:190} INFO - [2024-12-17T21:08:07.788+0000] {dag.py:4180} INFO - Setting next_dagrun for latest_only_with_trigger to 2024-12-17 16:00:00+00:00, run_after=2024-12-17 20:00:00+00:00
[2024-12-17T21:08:07.807+0000] {processor.py:208} INFO - Processing /home/airflow/.local/lib/python3.12/site-packages/airflow/example_dags/example_latest_only_with_trigger.py took 0.086 seconds
[2024-12-17T21:08:38.226+0000] {processor.py:186} INFO - Started process (PID=1013) to work on /home/airflow/.local/lib/python3.12/site-packages/airflow/example_dags/example_latest_only_with_trigger.py
[2024-12-17T21:08:38.227+0000] {processor.py:914} INFO - Processing file /home/airflow/.local/lib/python3.12/site-packages/airflow/example_dags/example_latest_only_with_trigger.py for tasks to queue
[2024-12-17T21:08:38.229+0000] {logging_mixin.py:190} INFO - [2024-12-17T21:08:38.229+0000] {dagbag.py:588} INFO - Filling up the DagBag from /home/airflow/.local/lib/python3.12/site-packages/airflow/example_dags/example_latest_only_with_trigger.py
[2024-12-17T21:08:38.237+0000] {processor.py:925} INFO - DAG(s) 'latest_only_with_trigger' retrieved from /home/airflow/.local/lib/python3.12/site-packages/airflow/example_dags/example_latest_only_with_trigger.py
[2024-12-17T21:08:38.252+0000] {logging_mixin.py:190} INFO - [2024-12-17T21:08:38.252+0000] {dag.py:3239} INFO - Sync 1 DAGs
[2024-12-17T21:08:38.274+0000] {logging_mixin.py:190} INFO - [2024-12-17T21:08:38.274+0000] {dag.py:4180} INFO - Setting next_dagrun for latest_only_with_trigger to 2024-12-17 16:00:00+00:00, run_after=2024-12-17 20:00:00+00:00
[2024-12-17T21:08:38.292+0000] {processor.py:208} INFO - Processing /home/airflow/.local/lib/python3.12/site-packages/airflow/example_dags/example_latest_only_with_trigger.py took 0.074 seconds
[2024-12-17T21:09:09.955+0000] {processor.py:186} INFO - Started process (PID=1078) to work on /home/airflow/.local/lib/python3.12/site-packages/airflow/example_dags/example_latest_only_with_trigger.py
[2024-12-17T21:09:09.956+0000] {processor.py:914} INFO - Processing file /home/airflow/.local/lib/python3.12/site-packages/airflow/example_dags/example_latest_only_with_trigger.py for tasks to queue
[2024-12-17T21:09:09.958+0000] {logging_mixin.py:190} INFO - [2024-12-17T21:09:09.957+0000] {dagbag.py:588} INFO - Filling up the DagBag from /home/airflow/.local/lib/python3.12/site-packages/airflow/example_dags/example_latest_only_with_trigger.py
[2024-12-17T21:09:09.966+0000] {processor.py:925} INFO - DAG(s) 'latest_only_with_trigger' retrieved from /home/airflow/.local/lib/python3.12/site-packages/airflow/example_dags/example_latest_only_with_trigger.py
[2024-12-17T21:09:09.984+0000] {logging_mixin.py:190} INFO - [2024-12-17T21:09:09.984+0000] {dag.py:3239} INFO - Sync 1 DAGs
[2024-12-17T21:09:10.006+0000] {logging_mixin.py:190} INFO - [2024-12-17T21:09:10.005+0000] {dag.py:4180} INFO - Setting next_dagrun for latest_only_with_trigger to 2024-12-17 16:00:00+00:00, run_after=2024-12-17 20:00:00+00:00
[2024-12-17T21:09:10.023+0000] {processor.py:208} INFO - Processing /home/airflow/.local/lib/python3.12/site-packages/airflow/example_dags/example_latest_only_with_trigger.py took 0.073 seconds
[2024-12-17T21:09:41.339+0000] {processor.py:186} INFO - Started process (PID=1142) to work on /home/airflow/.local/lib/python3.12/site-packages/airflow/example_dags/example_latest_only_with_trigger.py
[2024-12-17T21:09:41.341+0000] {processor.py:914} INFO - Processing file /home/airflow/.local/lib/python3.12/site-packages/airflow/example_dags/example_latest_only_with_trigger.py for tasks to queue
[2024-12-17T21:09:41.344+0000] {logging_mixin.py:190} INFO - [2024-12-17T21:09:41.344+0000] {dagbag.py:588} INFO - Filling up the DagBag from /home/airflow/.local/lib/python3.12/site-packages/airflow/example_dags/example_latest_only_with_trigger.py
[2024-12-17T21:09:41.360+0000] {processor.py:925} INFO - DAG(s) 'latest_only_with_trigger' retrieved from /home/airflow/.local/lib/python3.12/site-packages/airflow/example_dags/example_latest_only_with_trigger.py
[2024-12-17T21:09:41.399+0000] {logging_mixin.py:190} INFO - [2024-12-17T21:09:41.398+0000] {dag.py:3239} INFO - Sync 1 DAGs
[2024-12-17T21:09:41.450+0000] {logging_mixin.py:190} INFO - [2024-12-17T21:09:41.450+0000] {dag.py:4180} INFO - Setting next_dagrun for latest_only_with_trigger to 2024-12-17 16:00:00+00:00, run_after=2024-12-17 20:00:00+00:00
[2024-12-17T21:09:41.489+0000] {processor.py:208} INFO - Processing /home/airflow/.local/lib/python3.12/site-packages/airflow/example_dags/example_latest_only_with_trigger.py took 0.157 seconds
[2024-12-17T21:10:12.895+0000] {processor.py:186} INFO - Started process (PID=1212) to work on /home/airflow/.local/lib/python3.12/site-packages/airflow/example_dags/example_latest_only_with_trigger.py
[2024-12-17T21:10:12.896+0000] {processor.py:914} INFO - Processing file /home/airflow/.local/lib/python3.12/site-packages/airflow/example_dags/example_latest_only_with_trigger.py for tasks to queue
[2024-12-17T21:10:12.897+0000] {logging_mixin.py:190} INFO - [2024-12-17T21:10:12.897+0000] {dagbag.py:588} INFO - Filling up the DagBag from /home/airflow/.local/lib/python3.12/site-packages/airflow/example_dags/example_latest_only_with_trigger.py
[2024-12-17T21:10:12.906+0000] {processor.py:925} INFO - DAG(s) 'latest_only_with_trigger' retrieved from /home/airflow/.local/lib/python3.12/site-packages/airflow/example_dags/example_latest_only_with_trigger.py
[2024-12-17T21:10:12.925+0000] {logging_mixin.py:190} INFO - [2024-12-17T21:10:12.924+0000] {dag.py:3239} INFO - Sync 1 DAGs
[2024-12-17T21:10:12.948+0000] {logging_mixin.py:190} INFO - [2024-12-17T21:10:12.948+0000] {dag.py:4180} INFO - Setting next_dagrun for latest_only_with_trigger to 2024-12-17 16:00:00+00:00, run_after=2024-12-17 20:00:00+00:00
[2024-12-17T21:10:12.967+0000] {processor.py:208} INFO - Processing /home/airflow/.local/lib/python3.12/site-packages/airflow/example_dags/example_latest_only_with_trigger.py took 0.078 seconds
[2024-12-17T21:10:44.266+0000] {processor.py:186} INFO - Started process (PID=1276) to work on /home/airflow/.local/lib/python3.12/site-packages/airflow/example_dags/example_latest_only_with_trigger.py
[2024-12-17T21:10:44.268+0000] {processor.py:914} INFO - Processing file /home/airflow/.local/lib/python3.12/site-packages/airflow/example_dags/example_latest_only_with_trigger.py for tasks to queue
[2024-12-17T21:10:44.269+0000] {logging_mixin.py:190} INFO - [2024-12-17T21:10:44.269+0000] {dagbag.py:588} INFO - Filling up the DagBag from /home/airflow/.local/lib/python3.12/site-packages/airflow/example_dags/example_latest_only_with_trigger.py
[2024-12-17T21:10:44.277+0000] {processor.py:925} INFO - DAG(s) 'latest_only_with_trigger' retrieved from /home/airflow/.local/lib/python3.12/site-packages/airflow/example_dags/example_latest_only_with_trigger.py
[2024-12-17T21:10:44.297+0000] {logging_mixin.py:190} INFO - [2024-12-17T21:10:44.297+0000] {dag.py:3239} INFO - Sync 1 DAGs
[2024-12-17T21:10:44.322+0000] {logging_mixin.py:190} INFO - [2024-12-17T21:10:44.322+0000] {dag.py:4180} INFO - Setting next_dagrun for latest_only_with_trigger to 2024-12-17 16:00:00+00:00, run_after=2024-12-17 20:00:00+00:00
[2024-12-17T21:10:44.340+0000] {processor.py:208} INFO - Processing /home/airflow/.local/lib/python3.12/site-packages/airflow/example_dags/example_latest_only_with_trigger.py took 0.079 seconds
[2024-12-17T21:11:15.424+0000] {processor.py:186} INFO - Started process (PID=1340) to work on /home/airflow/.local/lib/python3.12/site-packages/airflow/example_dags/example_latest_only_with_trigger.py
[2024-12-17T21:11:15.425+0000] {processor.py:914} INFO - Processing file /home/airflow/.local/lib/python3.12/site-packages/airflow/example_dags/example_latest_only_with_trigger.py for tasks to queue
[2024-12-17T21:11:15.426+0000] {logging_mixin.py:190} INFO - [2024-12-17T21:11:15.426+0000] {dagbag.py:588} INFO - Filling up the DagBag from /home/airflow/.local/lib/python3.12/site-packages/airflow/example_dags/example_latest_only_with_trigger.py
[2024-12-17T21:11:15.434+0000] {processor.py:925} INFO - DAG(s) 'latest_only_with_trigger' retrieved from /home/airflow/.local/lib/python3.12/site-packages/airflow/example_dags/example_latest_only_with_trigger.py
[2024-12-17T21:11:15.456+0000] {logging_mixin.py:190} INFO - [2024-12-17T21:11:15.455+0000] {dag.py:3239} INFO - Sync 1 DAGs
[2024-12-17T21:11:15.477+0000] {logging_mixin.py:190} INFO - [2024-12-17T21:11:15.477+0000] {dag.py:4180} INFO - Setting next_dagrun for latest_only_with_trigger to 2024-12-17 16:00:00+00:00, run_after=2024-12-17 20:00:00+00:00
[2024-12-17T21:11:15.496+0000] {processor.py:208} INFO - Processing /home/airflow/.local/lib/python3.12/site-packages/airflow/example_dags/example_latest_only_with_trigger.py took 0.078 seconds
[2024-12-17T21:11:46.962+0000] {processor.py:186} INFO - Started process (PID=1405) to work on /home/airflow/.local/lib/python3.12/site-packages/airflow/example_dags/example_latest_only_with_trigger.py
[2024-12-17T21:11:46.963+0000] {processor.py:914} INFO - Processing file /home/airflow/.local/lib/python3.12/site-packages/airflow/example_dags/example_latest_only_with_trigger.py for tasks to queue
[2024-12-17T21:11:46.964+0000] {logging_mixin.py:190} INFO - [2024-12-17T21:11:46.964+0000] {dagbag.py:588} INFO - Filling up the DagBag from /home/airflow/.local/lib/python3.12/site-packages/airflow/example_dags/example_latest_only_with_trigger.py
[2024-12-17T21:11:46.973+0000] {processor.py:925} INFO - DAG(s) 'latest_only_with_trigger' retrieved from /home/airflow/.local/lib/python3.12/site-packages/airflow/example_dags/example_latest_only_with_trigger.py
[2024-12-17T21:11:46.994+0000] {logging_mixin.py:190} INFO - [2024-12-17T21:11:46.994+0000] {dag.py:3239} INFO - Sync 1 DAGs
[2024-12-17T21:11:47.022+0000] {logging_mixin.py:190} INFO - [2024-12-17T21:11:47.022+0000] {dag.py:4180} INFO - Setting next_dagrun for latest_only_with_trigger to 2024-12-17 16:00:00+00:00, run_after=2024-12-17 20:00:00+00:00
[2024-12-17T21:11:47.041+0000] {processor.py:208} INFO - Processing /home/airflow/.local/lib/python3.12/site-packages/airflow/example_dags/example_latest_only_with_trigger.py took 0.084 seconds
[2024-12-17T21:12:18.076+0000] {processor.py:186} INFO - Started process (PID=1469) to work on /home/airflow/.local/lib/python3.12/site-packages/airflow/example_dags/example_latest_only_with_trigger.py
[2024-12-17T21:12:18.077+0000] {processor.py:914} INFO - Processing file /home/airflow/.local/lib/python3.12/site-packages/airflow/example_dags/example_latest_only_with_trigger.py for tasks to queue
[2024-12-17T21:12:18.079+0000] {logging_mixin.py:190} INFO - [2024-12-17T21:12:18.079+0000] {dagbag.py:588} INFO - Filling up the DagBag from /home/airflow/.local/lib/python3.12/site-packages/airflow/example_dags/example_latest_only_with_trigger.py
[2024-12-17T21:12:18.087+0000] {processor.py:925} INFO - DAG(s) 'latest_only_with_trigger' retrieved from /home/airflow/.local/lib/python3.12/site-packages/airflow/example_dags/example_latest_only_with_trigger.py
[2024-12-17T21:12:18.106+0000] {logging_mixin.py:190} INFO - [2024-12-17T21:12:18.106+0000] {dag.py:3239} INFO - Sync 1 DAGs
[2024-12-17T21:12:18.127+0000] {logging_mixin.py:190} INFO - [2024-12-17T21:12:18.127+0000] {dag.py:4180} INFO - Setting next_dagrun for latest_only_with_trigger to 2024-12-17 16:00:00+00:00, run_after=2024-12-17 20:00:00+00:00
[2024-12-17T21:12:18.146+0000] {processor.py:208} INFO - Processing /home/airflow/.local/lib/python3.12/site-packages/airflow/example_dags/example_latest_only_with_trigger.py took 0.075 seconds
[2024-12-17T21:12:49.211+0000] {processor.py:186} INFO - Started process (PID=1533) to work on /home/airflow/.local/lib/python3.12/site-packages/airflow/example_dags/example_latest_only_with_trigger.py
[2024-12-17T21:12:49.212+0000] {processor.py:914} INFO - Processing file /home/airflow/.local/lib/python3.12/site-packages/airflow/example_dags/example_latest_only_with_trigger.py for tasks to queue
[2024-12-17T21:12:49.214+0000] {logging_mixin.py:190} INFO - [2024-12-17T21:12:49.213+0000] {dagbag.py:588} INFO - Filling up the DagBag from /home/airflow/.local/lib/python3.12/site-packages/airflow/example_dags/example_latest_only_with_trigger.py
[2024-12-17T21:12:49.226+0000] {processor.py:925} INFO - DAG(s) 'latest_only_with_trigger' retrieved from /home/airflow/.local/lib/python3.12/site-packages/airflow/example_dags/example_latest_only_with_trigger.py
[2024-12-17T21:12:49.292+0000] {logging_mixin.py:190} INFO - [2024-12-17T21:12:49.288+0000] {dag.py:3239} INFO - Sync 1 DAGs
[2024-12-17T21:12:49.328+0000] {logging_mixin.py:190} INFO - [2024-12-17T21:12:49.328+0000] {dag.py:4180} INFO - Setting next_dagrun for latest_only_with_trigger to 2024-12-17 16:00:00+00:00, run_after=2024-12-17 20:00:00+00:00
[2024-12-17T21:12:49.358+0000] {processor.py:208} INFO - Processing /home/airflow/.local/lib/python3.12/site-packages/airflow/example_dags/example_latest_only_with_trigger.py took 0.154 seconds
[2024-12-17T21:13:20.329+0000] {processor.py:186} INFO - Started process (PID=1598) to work on /home/airflow/.local/lib/python3.12/site-packages/airflow/example_dags/example_latest_only_with_trigger.py
[2024-12-17T21:13:20.330+0000] {processor.py:914} INFO - Processing file /home/airflow/.local/lib/python3.12/site-packages/airflow/example_dags/example_latest_only_with_trigger.py for tasks to queue
[2024-12-17T21:13:20.332+0000] {logging_mixin.py:190} INFO - [2024-12-17T21:13:20.331+0000] {dagbag.py:588} INFO - Filling up the DagBag from /home/airflow/.local/lib/python3.12/site-packages/airflow/example_dags/example_latest_only_with_trigger.py
[2024-12-17T21:13:20.339+0000] {processor.py:925} INFO - DAG(s) 'latest_only_with_trigger' retrieved from /home/airflow/.local/lib/python3.12/site-packages/airflow/example_dags/example_latest_only_with_trigger.py
[2024-12-17T21:13:20.360+0000] {logging_mixin.py:190} INFO - [2024-12-17T21:13:20.359+0000] {dag.py:3239} INFO - Sync 1 DAGs
[2024-12-17T21:13:20.382+0000] {logging_mixin.py:190} INFO - [2024-12-17T21:13:20.382+0000] {dag.py:4180} INFO - Setting next_dagrun for latest_only_with_trigger to 2024-12-17 16:00:00+00:00, run_after=2024-12-17 20:00:00+00:00
[2024-12-17T21:13:20.407+0000] {processor.py:208} INFO - Processing /home/airflow/.local/lib/python3.12/site-packages/airflow/example_dags/example_latest_only_with_trigger.py took 0.083 seconds
[2024-12-17T21:13:51.377+0000] {processor.py:186} INFO - Started process (PID=1661) to work on /home/airflow/.local/lib/python3.12/site-packages/airflow/example_dags/example_latest_only_with_trigger.py
[2024-12-17T21:13:51.378+0000] {processor.py:914} INFO - Processing file /home/airflow/.local/lib/python3.12/site-packages/airflow/example_dags/example_latest_only_with_trigger.py for tasks to queue
[2024-12-17T21:13:51.380+0000] {logging_mixin.py:190} INFO - [2024-12-17T21:13:51.379+0000] {dagbag.py:588} INFO - Filling up the DagBag from /home/airflow/.local/lib/python3.12/site-packages/airflow/example_dags/example_latest_only_with_trigger.py
[2024-12-17T21:13:51.387+0000] {processor.py:925} INFO - DAG(s) 'latest_only_with_trigger' retrieved from /home/airflow/.local/lib/python3.12/site-packages/airflow/example_dags/example_latest_only_with_trigger.py
[2024-12-17T21:13:51.405+0000] {logging_mixin.py:190} INFO - [2024-12-17T21:13:51.404+0000] {dag.py:3239} INFO - Sync 1 DAGs
[2024-12-17T21:13:51.426+0000] {logging_mixin.py:190} INFO - [2024-12-17T21:13:51.426+0000] {dag.py:4180} INFO - Setting next_dagrun for latest_only_with_trigger to 2024-12-17 16:00:00+00:00, run_after=2024-12-17 20:00:00+00:00
[2024-12-17T21:13:51.442+0000] {processor.py:208} INFO - Processing /home/airflow/.local/lib/python3.12/site-packages/airflow/example_dags/example_latest_only_with_trigger.py took 0.070 seconds
[2024-12-17T21:14:22.669+0000] {processor.py:186} INFO - Started process (PID=1726) to work on /home/airflow/.local/lib/python3.12/site-packages/airflow/example_dags/example_latest_only_with_trigger.py
[2024-12-17T21:14:22.670+0000] {processor.py:914} INFO - Processing file /home/airflow/.local/lib/python3.12/site-packages/airflow/example_dags/example_latest_only_with_trigger.py for tasks to queue
[2024-12-17T21:14:22.671+0000] {logging_mixin.py:190} INFO - [2024-12-17T21:14:22.671+0000] {dagbag.py:588} INFO - Filling up the DagBag from /home/airflow/.local/lib/python3.12/site-packages/airflow/example_dags/example_latest_only_with_trigger.py
[2024-12-17T21:14:22.679+0000] {processor.py:925} INFO - DAG(s) 'latest_only_with_trigger' retrieved from /home/airflow/.local/lib/python3.12/site-packages/airflow/example_dags/example_latest_only_with_trigger.py
[2024-12-17T21:14:22.698+0000] {logging_mixin.py:190} INFO - [2024-12-17T21:14:22.698+0000] {dag.py:3239} INFO - Sync 1 DAGs
[2024-12-17T21:14:22.720+0000] {logging_mixin.py:190} INFO - [2024-12-17T21:14:22.720+0000] {dag.py:4180} INFO - Setting next_dagrun for latest_only_with_trigger to 2024-12-17 16:00:00+00:00, run_after=2024-12-17 20:00:00+00:00
[2024-12-17T21:14:22.738+0000] {processor.py:208} INFO - Processing /home/airflow/.local/lib/python3.12/site-packages/airflow/example_dags/example_latest_only_with_trigger.py took 0.075 seconds
[2024-12-17T21:14:53.635+0000] {processor.py:186} INFO - Started process (PID=1790) to work on /home/airflow/.local/lib/python3.12/site-packages/airflow/example_dags/example_latest_only_with_trigger.py
[2024-12-17T21:14:53.636+0000] {processor.py:914} INFO - Processing file /home/airflow/.local/lib/python3.12/site-packages/airflow/example_dags/example_latest_only_with_trigger.py for tasks to queue
[2024-12-17T21:14:53.639+0000] {logging_mixin.py:190} INFO - [2024-12-17T21:14:53.638+0000] {dagbag.py:588} INFO - Filling up the DagBag from /home/airflow/.local/lib/python3.12/site-packages/airflow/example_dags/example_latest_only_with_trigger.py
[2024-12-17T21:14:53.650+0000] {processor.py:925} INFO - DAG(s) 'latest_only_with_trigger' retrieved from /home/airflow/.local/lib/python3.12/site-packages/airflow/example_dags/example_latest_only_with_trigger.py
[2024-12-17T21:14:53.671+0000] {logging_mixin.py:190} INFO - [2024-12-17T21:14:53.671+0000] {dag.py:3239} INFO - Sync 1 DAGs
[2024-12-17T21:14:53.693+0000] {logging_mixin.py:190} INFO - [2024-12-17T21:14:53.693+0000] {dag.py:4180} INFO - Setting next_dagrun for latest_only_with_trigger to 2024-12-17 16:00:00+00:00, run_after=2024-12-17 20:00:00+00:00
[2024-12-17T21:14:53.711+0000] {processor.py:208} INFO - Processing /home/airflow/.local/lib/python3.12/site-packages/airflow/example_dags/example_latest_only_with_trigger.py took 0.083 seconds
[2024-12-17T21:15:24.602+0000] {processor.py:186} INFO - Started process (PID=1853) to work on /home/airflow/.local/lib/python3.12/site-packages/airflow/example_dags/example_latest_only_with_trigger.py
[2024-12-17T21:15:24.603+0000] {processor.py:914} INFO - Processing file /home/airflow/.local/lib/python3.12/site-packages/airflow/example_dags/example_latest_only_with_trigger.py for tasks to queue
[2024-12-17T21:15:24.604+0000] {logging_mixin.py:190} INFO - [2024-12-17T21:15:24.604+0000] {dagbag.py:588} INFO - Filling up the DagBag from /home/airflow/.local/lib/python3.12/site-packages/airflow/example_dags/example_latest_only_with_trigger.py
[2024-12-17T21:15:24.613+0000] {processor.py:925} INFO - DAG(s) 'latest_only_with_trigger' retrieved from /home/airflow/.local/lib/python3.12/site-packages/airflow/example_dags/example_latest_only_with_trigger.py
[2024-12-17T21:15:24.632+0000] {logging_mixin.py:190} INFO - [2024-12-17T21:15:24.632+0000] {dag.py:3239} INFO - Sync 1 DAGs
[2024-12-17T21:15:24.653+0000] {logging_mixin.py:190} INFO - [2024-12-17T21:15:24.653+0000] {dag.py:4180} INFO - Setting next_dagrun for latest_only_with_trigger to 2024-12-17 16:00:00+00:00, run_after=2024-12-17 20:00:00+00:00
[2024-12-17T21:15:24.671+0000] {processor.py:208} INFO - Processing /home/airflow/.local/lib/python3.12/site-packages/airflow/example_dags/example_latest_only_with_trigger.py took 0.075 seconds
[2024-12-17T21:15:55.845+0000] {processor.py:186} INFO - Started process (PID=1917) to work on /home/airflow/.local/lib/python3.12/site-packages/airflow/example_dags/example_latest_only_with_trigger.py
[2024-12-17T21:15:55.845+0000] {processor.py:914} INFO - Processing file /home/airflow/.local/lib/python3.12/site-packages/airflow/example_dags/example_latest_only_with_trigger.py for tasks to queue
[2024-12-17T21:15:55.847+0000] {logging_mixin.py:190} INFO - [2024-12-17T21:15:55.846+0000] {dagbag.py:588} INFO - Filling up the DagBag from /home/airflow/.local/lib/python3.12/site-packages/airflow/example_dags/example_latest_only_with_trigger.py
[2024-12-17T21:15:55.854+0000] {processor.py:925} INFO - DAG(s) 'latest_only_with_trigger' retrieved from /home/airflow/.local/lib/python3.12/site-packages/airflow/example_dags/example_latest_only_with_trigger.py
[2024-12-17T21:15:55.873+0000] {logging_mixin.py:190} INFO - [2024-12-17T21:15:55.873+0000] {dag.py:3239} INFO - Sync 1 DAGs
[2024-12-17T21:15:55.894+0000] {logging_mixin.py:190} INFO - [2024-12-17T21:15:55.894+0000] {dag.py:4180} INFO - Setting next_dagrun for latest_only_with_trigger to 2024-12-17 16:00:00+00:00, run_after=2024-12-17 20:00:00+00:00
[2024-12-17T21:15:55.911+0000] {processor.py:208} INFO - Processing /home/airflow/.local/lib/python3.12/site-packages/airflow/example_dags/example_latest_only_with_trigger.py took 0.071 seconds
[2024-12-17T21:16:28.760+0000] {processor.py:186} INFO - Started process (PID=1982) to work on /home/airflow/.local/lib/python3.12/site-packages/airflow/example_dags/example_latest_only_with_trigger.py
[2024-12-17T21:16:28.761+0000] {processor.py:914} INFO - Processing file /home/airflow/.local/lib/python3.12/site-packages/airflow/example_dags/example_latest_only_with_trigger.py for tasks to queue
[2024-12-17T21:16:28.762+0000] {logging_mixin.py:190} INFO - [2024-12-17T21:16:28.762+0000] {dagbag.py:588} INFO - Filling up the DagBag from /home/airflow/.local/lib/python3.12/site-packages/airflow/example_dags/example_latest_only_with_trigger.py
[2024-12-17T21:16:28.772+0000] {processor.py:925} INFO - DAG(s) 'latest_only_with_trigger' retrieved from /home/airflow/.local/lib/python3.12/site-packages/airflow/example_dags/example_latest_only_with_trigger.py
[2024-12-17T21:16:28.797+0000] {logging_mixin.py:190} INFO - [2024-12-17T21:16:28.797+0000] {dag.py:3239} INFO - Sync 1 DAGs
[2024-12-17T21:16:28.827+0000] {logging_mixin.py:190} INFO - [2024-12-17T21:16:28.826+0000] {dag.py:4180} INFO - Setting next_dagrun for latest_only_with_trigger to 2024-12-17 16:00:00+00:00, run_after=2024-12-17 20:00:00+00:00
[2024-12-17T21:16:28.852+0000] {processor.py:208} INFO - Processing /home/airflow/.local/lib/python3.12/site-packages/airflow/example_dags/example_latest_only_with_trigger.py took 0.098 seconds
[2024-12-17T21:17:00.413+0000] {processor.py:186} INFO - Started process (PID=2046) to work on /home/airflow/.local/lib/python3.12/site-packages/airflow/example_dags/example_latest_only_with_trigger.py
[2024-12-17T21:17:00.414+0000] {processor.py:914} INFO - Processing file /home/airflow/.local/lib/python3.12/site-packages/airflow/example_dags/example_latest_only_with_trigger.py for tasks to queue
[2024-12-17T21:17:00.416+0000] {logging_mixin.py:190} INFO - [2024-12-17T21:17:00.415+0000] {dagbag.py:588} INFO - Filling up the DagBag from /home/airflow/.local/lib/python3.12/site-packages/airflow/example_dags/example_latest_only_with_trigger.py
[2024-12-17T21:17:00.427+0000] {processor.py:925} INFO - DAG(s) 'latest_only_with_trigger' retrieved from /home/airflow/.local/lib/python3.12/site-packages/airflow/example_dags/example_latest_only_with_trigger.py
[2024-12-17T21:17:00.452+0000] {logging_mixin.py:190} INFO - [2024-12-17T21:17:00.452+0000] {dag.py:3239} INFO - Sync 1 DAGs
[2024-12-17T21:17:00.481+0000] {logging_mixin.py:190} INFO - [2024-12-17T21:17:00.481+0000] {dag.py:4180} INFO - Setting next_dagrun for latest_only_with_trigger to 2024-12-17 16:00:00+00:00, run_after=2024-12-17 20:00:00+00:00
[2024-12-17T21:17:00.526+0000] {processor.py:208} INFO - Processing /home/airflow/.local/lib/python3.12/site-packages/airflow/example_dags/example_latest_only_with_trigger.py took 0.121 seconds
[2024-12-17T21:17:32.084+0000] {processor.py:186} INFO - Started process (PID=2119) to work on /home/airflow/.local/lib/python3.12/site-packages/airflow/example_dags/example_latest_only_with_trigger.py
[2024-12-17T21:17:32.085+0000] {processor.py:914} INFO - Processing file /home/airflow/.local/lib/python3.12/site-packages/airflow/example_dags/example_latest_only_with_trigger.py for tasks to queue
[2024-12-17T21:17:32.087+0000] {logging_mixin.py:190} INFO - [2024-12-17T21:17:32.086+0000] {dagbag.py:588} INFO - Filling up the DagBag from /home/airflow/.local/lib/python3.12/site-packages/airflow/example_dags/example_latest_only_with_trigger.py
[2024-12-17T21:17:32.096+0000] {processor.py:925} INFO - DAG(s) 'latest_only_with_trigger' retrieved from /home/airflow/.local/lib/python3.12/site-packages/airflow/example_dags/example_latest_only_with_trigger.py
[2024-12-17T21:17:32.115+0000] {logging_mixin.py:190} INFO - [2024-12-17T21:17:32.115+0000] {dag.py:3239} INFO - Sync 1 DAGs
[2024-12-17T21:17:32.142+0000] {logging_mixin.py:190} INFO - [2024-12-17T21:17:32.142+0000] {dag.py:4180} INFO - Setting next_dagrun for latest_only_with_trigger to 2024-12-17 16:00:00+00:00, run_after=2024-12-17 20:00:00+00:00
[2024-12-17T21:17:32.160+0000] {processor.py:208} INFO - Processing /home/airflow/.local/lib/python3.12/site-packages/airflow/example_dags/example_latest_only_with_trigger.py took 0.082 seconds
