[2024-12-17T21:01:18.861+0000] {processor.py:186} INFO - Started process (PID=95) to work on /home/airflow/.local/lib/python3.12/site-packages/airflow/example_dags/example_dataset_alias.py
[2024-12-17T21:01:18.862+0000] {processor.py:914} INFO - Processing file /home/airflow/.local/lib/python3.12/site-packages/airflow/example_dags/example_dataset_alias.py for tasks to queue
[2024-12-17T21:01:18.864+0000] {logging_mixin.py:190} INFO - [2024-12-17T21:01:18.864+0000] {dagbag.py:588} INFO - Filling up the DagBag from /home/airflow/.local/lib/python3.12/site-packages/airflow/example_dags/example_dataset_alias.py
[2024-12-17T21:01:19.571+0000] {processor.py:925} INFO - DAG(s) 'dataset_s3_bucket_consumer', 'dataset_alias_example_alias_consumer', 'dataset_s3_bucket_producer', 'dataset_alias_example_alias_producer' retrieved from /home/airflow/.local/lib/python3.12/site-packages/airflow/example_dags/example_dataset_alias.py
[2024-12-17T21:01:19.665+0000] {logging_mixin.py:190} INFO - [2024-12-17T21:01:19.665+0000] {override.py:1911} INFO - Created Permission View: can delete on DAG:dataset_s3_bucket_consumer
[2024-12-17T21:01:19.675+0000] {logging_mixin.py:190} INFO - [2024-12-17T21:01:19.675+0000] {override.py:1911} INFO - Created Permission View: can read on DAG:dataset_s3_bucket_consumer
[2024-12-17T21:01:19.681+0000] {logging_mixin.py:190} INFO - [2024-12-17T21:01:19.681+0000] {override.py:1911} INFO - Created Permission View: can edit on DAG:dataset_s3_bucket_consumer
[2024-12-17T21:01:19.689+0000] {logging_mixin.py:190} INFO - [2024-12-17T21:01:19.688+0000] {override.py:1911} INFO - Created Permission View: can create on DAG Run:dataset_s3_bucket_consumer
[2024-12-17T21:01:19.698+0000] {logging_mixin.py:190} INFO - [2024-12-17T21:01:19.697+0000] {override.py:1911} INFO - Created Permission View: menu access on DAG Run:dataset_s3_bucket_consumer
[2024-12-17T21:01:19.705+0000] {logging_mixin.py:190} INFO - [2024-12-17T21:01:19.705+0000] {override.py:1911} INFO - Created Permission View: can delete on DAG Run:dataset_s3_bucket_consumer
[2024-12-17T21:01:19.712+0000] {logging_mixin.py:190} INFO - [2024-12-17T21:01:19.712+0000] {override.py:1911} INFO - Created Permission View: can read on DAG Run:dataset_s3_bucket_consumer
[2024-12-17T21:01:19.725+0000] {logging_mixin.py:190} INFO - [2024-12-17T21:01:19.725+0000] {override.py:1911} INFO - Created Permission View: can delete on DAG:dataset_alias_example_alias_consumer
[2024-12-17T21:01:19.733+0000] {logging_mixin.py:190} INFO - [2024-12-17T21:01:19.733+0000] {override.py:1911} INFO - Created Permission View: can read on DAG:dataset_alias_example_alias_consumer
[2024-12-17T21:01:19.740+0000] {logging_mixin.py:190} INFO - [2024-12-17T21:01:19.740+0000] {override.py:1911} INFO - Created Permission View: can edit on DAG:dataset_alias_example_alias_consumer
[2024-12-17T21:01:19.748+0000] {logging_mixin.py:190} INFO - [2024-12-17T21:01:19.748+0000] {override.py:1911} INFO - Created Permission View: can create on DAG Run:dataset_alias_example_alias_consumer
[2024-12-17T21:01:19.756+0000] {logging_mixin.py:190} INFO - [2024-12-17T21:01:19.756+0000] {override.py:1911} INFO - Created Permission View: menu access on DAG Run:dataset_alias_example_alias_consumer
[2024-12-17T21:01:19.765+0000] {logging_mixin.py:190} INFO - [2024-12-17T21:01:19.764+0000] {override.py:1911} INFO - Created Permission View: can delete on DAG Run:dataset_alias_example_alias_consumer
[2024-12-17T21:01:19.773+0000] {logging_mixin.py:190} INFO - [2024-12-17T21:01:19.772+0000] {override.py:1911} INFO - Created Permission View: can read on DAG Run:dataset_alias_example_alias_consumer
[2024-12-17T21:01:19.789+0000] {logging_mixin.py:190} INFO - [2024-12-17T21:01:19.789+0000] {override.py:1911} INFO - Created Permission View: can delete on DAG:dataset_s3_bucket_producer
[2024-12-17T21:01:19.797+0000] {logging_mixin.py:190} INFO - [2024-12-17T21:01:19.797+0000] {override.py:1911} INFO - Created Permission View: can read on DAG:dataset_s3_bucket_producer
[2024-12-17T21:01:19.805+0000] {logging_mixin.py:190} INFO - [2024-12-17T21:01:19.805+0000] {override.py:1911} INFO - Created Permission View: can edit on DAG:dataset_s3_bucket_producer
[2024-12-17T21:01:19.813+0000] {logging_mixin.py:190} INFO - [2024-12-17T21:01:19.813+0000] {override.py:1911} INFO - Created Permission View: can create on DAG Run:dataset_s3_bucket_producer
[2024-12-17T21:01:19.821+0000] {logging_mixin.py:190} INFO - [2024-12-17T21:01:19.821+0000] {override.py:1911} INFO - Created Permission View: menu access on DAG Run:dataset_s3_bucket_producer
[2024-12-17T21:01:19.829+0000] {logging_mixin.py:190} INFO - [2024-12-17T21:01:19.829+0000] {override.py:1911} INFO - Created Permission View: can delete on DAG Run:dataset_s3_bucket_producer
[2024-12-17T21:01:19.840+0000] {logging_mixin.py:190} INFO - [2024-12-17T21:01:19.840+0000] {override.py:1911} INFO - Created Permission View: can read on DAG Run:dataset_s3_bucket_producer
[2024-12-17T21:01:19.857+0000] {logging_mixin.py:190} INFO - [2024-12-17T21:01:19.856+0000] {override.py:1911} INFO - Created Permission View: can delete on DAG:dataset_alias_example_alias_producer
[2024-12-17T21:01:19.865+0000] {logging_mixin.py:190} INFO - [2024-12-17T21:01:19.865+0000] {override.py:1911} INFO - Created Permission View: can read on DAG:dataset_alias_example_alias_producer
[2024-12-17T21:01:19.874+0000] {logging_mixin.py:190} INFO - [2024-12-17T21:01:19.873+0000] {override.py:1911} INFO - Created Permission View: can edit on DAG:dataset_alias_example_alias_producer
[2024-12-17T21:01:19.882+0000] {logging_mixin.py:190} INFO - [2024-12-17T21:01:19.882+0000] {override.py:1911} INFO - Created Permission View: can create on DAG Run:dataset_alias_example_alias_producer
[2024-12-17T21:01:19.890+0000] {logging_mixin.py:190} INFO - [2024-12-17T21:01:19.890+0000] {override.py:1911} INFO - Created Permission View: menu access on DAG Run:dataset_alias_example_alias_producer
[2024-12-17T21:01:19.898+0000] {logging_mixin.py:190} INFO - [2024-12-17T21:01:19.897+0000] {override.py:1911} INFO - Created Permission View: can delete on DAG Run:dataset_alias_example_alias_producer
[2024-12-17T21:01:19.905+0000] {logging_mixin.py:190} INFO - [2024-12-17T21:01:19.905+0000] {override.py:1911} INFO - Created Permission View: can read on DAG Run:dataset_alias_example_alias_producer
[2024-12-17T21:01:19.906+0000] {logging_mixin.py:190} INFO - [2024-12-17T21:01:19.906+0000] {dag.py:3239} INFO - Sync 4 DAGs
[2024-12-17T21:01:19.925+0000] {logging_mixin.py:190} INFO - [2024-12-17T21:01:19.924+0000] {dag.py:3262} INFO - Creating ORM DAG for dataset_alias_example_alias_producer
[2024-12-17T21:01:19.926+0000] {logging_mixin.py:190} INFO - [2024-12-17T21:01:19.926+0000] {dag.py:3262} INFO - Creating ORM DAG for dataset_s3_bucket_consumer
[2024-12-17T21:01:19.927+0000] {logging_mixin.py:190} INFO - [2024-12-17T21:01:19.926+0000] {dag.py:3262} INFO - Creating ORM DAG for dataset_s3_bucket_producer
[2024-12-17T21:01:19.927+0000] {logging_mixin.py:190} INFO - [2024-12-17T21:01:19.927+0000] {dag.py:3262} INFO - Creating ORM DAG for dataset_alias_example_alias_consumer
[2024-12-17T21:01:19.940+0000] {logging_mixin.py:190} INFO - [2024-12-17T21:01:19.939+0000] {dag.py:4180} INFO - Setting next_dagrun for dataset_alias_example_alias_consumer to None, run_after=None
[2024-12-17T21:01:19.942+0000] {logging_mixin.py:190} INFO - [2024-12-17T21:01:19.941+0000] {dag.py:4180} INFO - Setting next_dagrun for dataset_alias_example_alias_producer to None, run_after=None
[2024-12-17T21:01:19.943+0000] {logging_mixin.py:190} INFO - [2024-12-17T21:01:19.942+0000] {dag.py:4180} INFO - Setting next_dagrun for dataset_s3_bucket_consumer to None, run_after=None
[2024-12-17T21:01:19.944+0000] {logging_mixin.py:190} INFO - [2024-12-17T21:01:19.943+0000] {dag.py:4180} INFO - Setting next_dagrun for dataset_s3_bucket_producer to None, run_after=None
[2024-12-17T21:01:19.982+0000] {processor.py:208} INFO - Processing /home/airflow/.local/lib/python3.12/site-packages/airflow/example_dags/example_dataset_alias.py took 1.127 seconds
[2024-12-17T21:01:50.030+0000] {processor.py:186} INFO - Started process (PID=159) to work on /home/airflow/.local/lib/python3.12/site-packages/airflow/example_dags/example_dataset_alias.py
[2024-12-17T21:01:50.031+0000] {processor.py:914} INFO - Processing file /home/airflow/.local/lib/python3.12/site-packages/airflow/example_dags/example_dataset_alias.py for tasks to queue
[2024-12-17T21:01:50.034+0000] {logging_mixin.py:190} INFO - [2024-12-17T21:01:50.034+0000] {dagbag.py:588} INFO - Filling up the DagBag from /home/airflow/.local/lib/python3.12/site-packages/airflow/example_dags/example_dataset_alias.py
[2024-12-17T21:01:50.653+0000] {processor.py:925} INFO - DAG(s) 'dataset_s3_bucket_consumer', 'dataset_alias_example_alias_producer', 'dataset_alias_example_alias_consumer', 'dataset_s3_bucket_producer' retrieved from /home/airflow/.local/lib/python3.12/site-packages/airflow/example_dags/example_dataset_alias.py
[2024-12-17T21:01:50.673+0000] {logging_mixin.py:190} INFO - [2024-12-17T21:01:50.673+0000] {dag.py:3239} INFO - Sync 4 DAGs
[2024-12-17T21:01:50.695+0000] {logging_mixin.py:190} INFO - [2024-12-17T21:01:50.695+0000] {dag.py:4180} INFO - Setting next_dagrun for dataset_alias_example_alias_consumer to None, run_after=None
[2024-12-17T21:01:50.698+0000] {logging_mixin.py:190} INFO - [2024-12-17T21:01:50.698+0000] {dag.py:4180} INFO - Setting next_dagrun for dataset_alias_example_alias_producer to None, run_after=None
[2024-12-17T21:01:50.700+0000] {logging_mixin.py:190} INFO - [2024-12-17T21:01:50.700+0000] {dag.py:4180} INFO - Setting next_dagrun for dataset_s3_bucket_consumer to None, run_after=None
[2024-12-17T21:01:50.701+0000] {logging_mixin.py:190} INFO - [2024-12-17T21:01:50.701+0000] {dag.py:4180} INFO - Setting next_dagrun for dataset_s3_bucket_producer to None, run_after=None
[2024-12-17T21:01:50.726+0000] {processor.py:208} INFO - Processing /home/airflow/.local/lib/python3.12/site-packages/airflow/example_dags/example_dataset_alias.py took 0.702 seconds
[2024-12-17T21:02:21.392+0000] {processor.py:186} INFO - Started process (PID=224) to work on /home/airflow/.local/lib/python3.12/site-packages/airflow/example_dags/example_dataset_alias.py
[2024-12-17T21:02:21.393+0000] {processor.py:914} INFO - Processing file /home/airflow/.local/lib/python3.12/site-packages/airflow/example_dags/example_dataset_alias.py for tasks to queue
[2024-12-17T21:02:21.396+0000] {logging_mixin.py:190} INFO - [2024-12-17T21:02:21.395+0000] {dagbag.py:588} INFO - Filling up the DagBag from /home/airflow/.local/lib/python3.12/site-packages/airflow/example_dags/example_dataset_alias.py
[2024-12-17T21:02:21.989+0000] {processor.py:925} INFO - DAG(s) 'dataset_s3_bucket_consumer', 'dataset_s3_bucket_producer', 'dataset_alias_example_alias_consumer', 'dataset_alias_example_alias_producer' retrieved from /home/airflow/.local/lib/python3.12/site-packages/airflow/example_dags/example_dataset_alias.py
[2024-12-17T21:02:22.011+0000] {logging_mixin.py:190} INFO - [2024-12-17T21:02:22.010+0000] {dag.py:3239} INFO - Sync 4 DAGs
[2024-12-17T21:02:22.034+0000] {logging_mixin.py:190} INFO - [2024-12-17T21:02:22.034+0000] {dag.py:4180} INFO - Setting next_dagrun for dataset_alias_example_alias_consumer to None, run_after=None
[2024-12-17T21:02:22.037+0000] {logging_mixin.py:190} INFO - [2024-12-17T21:02:22.036+0000] {dag.py:4180} INFO - Setting next_dagrun for dataset_alias_example_alias_producer to None, run_after=None
[2024-12-17T21:02:22.038+0000] {logging_mixin.py:190} INFO - [2024-12-17T21:02:22.038+0000] {dag.py:4180} INFO - Setting next_dagrun for dataset_s3_bucket_consumer to None, run_after=None
[2024-12-17T21:02:22.040+0000] {logging_mixin.py:190} INFO - [2024-12-17T21:02:22.040+0000] {dag.py:4180} INFO - Setting next_dagrun for dataset_s3_bucket_producer to None, run_after=None
[2024-12-17T21:02:22.067+0000] {processor.py:208} INFO - Processing /home/airflow/.local/lib/python3.12/site-packages/airflow/example_dags/example_dataset_alias.py took 0.680 seconds
[2024-12-17T21:02:52.714+0000] {processor.py:186} INFO - Started process (PID=288) to work on /home/airflow/.local/lib/python3.12/site-packages/airflow/example_dags/example_dataset_alias.py
[2024-12-17T21:02:52.715+0000] {processor.py:914} INFO - Processing file /home/airflow/.local/lib/python3.12/site-packages/airflow/example_dags/example_dataset_alias.py for tasks to queue
[2024-12-17T21:02:52.718+0000] {logging_mixin.py:190} INFO - [2024-12-17T21:02:52.717+0000] {dagbag.py:588} INFO - Filling up the DagBag from /home/airflow/.local/lib/python3.12/site-packages/airflow/example_dags/example_dataset_alias.py
[2024-12-17T21:02:53.300+0000] {processor.py:925} INFO - DAG(s) 'dataset_alias_example_alias_producer', 'dataset_alias_example_alias_consumer', 'dataset_s3_bucket_producer', 'dataset_s3_bucket_consumer' retrieved from /home/airflow/.local/lib/python3.12/site-packages/airflow/example_dags/example_dataset_alias.py
[2024-12-17T21:02:53.320+0000] {logging_mixin.py:190} INFO - [2024-12-17T21:02:53.320+0000] {dag.py:3239} INFO - Sync 4 DAGs
[2024-12-17T21:02:53.342+0000] {logging_mixin.py:190} INFO - [2024-12-17T21:02:53.342+0000] {dag.py:4180} INFO - Setting next_dagrun for dataset_alias_example_alias_consumer to None, run_after=None
[2024-12-17T21:02:53.345+0000] {logging_mixin.py:190} INFO - [2024-12-17T21:02:53.345+0000] {dag.py:4180} INFO - Setting next_dagrun for dataset_alias_example_alias_producer to None, run_after=None
[2024-12-17T21:02:53.347+0000] {logging_mixin.py:190} INFO - [2024-12-17T21:02:53.346+0000] {dag.py:4180} INFO - Setting next_dagrun for dataset_s3_bucket_consumer to None, run_after=None
[2024-12-17T21:02:53.348+0000] {logging_mixin.py:190} INFO - [2024-12-17T21:02:53.348+0000] {dag.py:4180} INFO - Setting next_dagrun for dataset_s3_bucket_producer to None, run_after=None
[2024-12-17T21:02:53.376+0000] {processor.py:208} INFO - Processing /home/airflow/.local/lib/python3.12/site-packages/airflow/example_dags/example_dataset_alias.py took 0.668 seconds
[2024-12-17T21:03:23.956+0000] {processor.py:186} INFO - Started process (PID=352) to work on /home/airflow/.local/lib/python3.12/site-packages/airflow/example_dags/example_dataset_alias.py
[2024-12-17T21:03:23.958+0000] {processor.py:914} INFO - Processing file /home/airflow/.local/lib/python3.12/site-packages/airflow/example_dags/example_dataset_alias.py for tasks to queue
[2024-12-17T21:03:23.960+0000] {logging_mixin.py:190} INFO - [2024-12-17T21:03:23.960+0000] {dagbag.py:588} INFO - Filling up the DagBag from /home/airflow/.local/lib/python3.12/site-packages/airflow/example_dags/example_dataset_alias.py
[2024-12-17T21:03:24.526+0000] {processor.py:925} INFO - DAG(s) 'dataset_alias_example_alias_consumer', 'dataset_s3_bucket_consumer', 'dataset_alias_example_alias_producer', 'dataset_s3_bucket_producer' retrieved from /home/airflow/.local/lib/python3.12/site-packages/airflow/example_dags/example_dataset_alias.py
[2024-12-17T21:03:24.547+0000] {logging_mixin.py:190} INFO - [2024-12-17T21:03:24.547+0000] {dag.py:3239} INFO - Sync 4 DAGs
[2024-12-17T21:03:24.569+0000] {logging_mixin.py:190} INFO - [2024-12-17T21:03:24.568+0000] {dag.py:4180} INFO - Setting next_dagrun for dataset_alias_example_alias_consumer to None, run_after=None
[2024-12-17T21:03:24.571+0000] {logging_mixin.py:190} INFO - [2024-12-17T21:03:24.571+0000] {dag.py:4180} INFO - Setting next_dagrun for dataset_alias_example_alias_producer to None, run_after=None
[2024-12-17T21:03:24.573+0000] {logging_mixin.py:190} INFO - [2024-12-17T21:03:24.573+0000] {dag.py:4180} INFO - Setting next_dagrun for dataset_s3_bucket_consumer to None, run_after=None
[2024-12-17T21:03:24.574+0000] {logging_mixin.py:190} INFO - [2024-12-17T21:03:24.574+0000] {dag.py:4180} INFO - Setting next_dagrun for dataset_s3_bucket_producer to None, run_after=None
[2024-12-17T21:03:24.601+0000] {processor.py:208} INFO - Processing /home/airflow/.local/lib/python3.12/site-packages/airflow/example_dags/example_dataset_alias.py took 0.650 seconds
[2024-12-17T21:03:55.350+0000] {processor.py:186} INFO - Started process (PID=416) to work on /home/airflow/.local/lib/python3.12/site-packages/airflow/example_dags/example_dataset_alias.py
[2024-12-17T21:03:55.351+0000] {processor.py:914} INFO - Processing file /home/airflow/.local/lib/python3.12/site-packages/airflow/example_dags/example_dataset_alias.py for tasks to queue
[2024-12-17T21:03:55.353+0000] {logging_mixin.py:190} INFO - [2024-12-17T21:03:55.353+0000] {dagbag.py:588} INFO - Filling up the DagBag from /home/airflow/.local/lib/python3.12/site-packages/airflow/example_dags/example_dataset_alias.py
[2024-12-17T21:03:55.936+0000] {processor.py:925} INFO - DAG(s) 'dataset_s3_bucket_producer', 'dataset_alias_example_alias_producer', 'dataset_alias_example_alias_consumer', 'dataset_s3_bucket_consumer' retrieved from /home/airflow/.local/lib/python3.12/site-packages/airflow/example_dags/example_dataset_alias.py
[2024-12-17T21:03:55.956+0000] {logging_mixin.py:190} INFO - [2024-12-17T21:03:55.956+0000] {dag.py:3239} INFO - Sync 4 DAGs
[2024-12-17T21:03:55.980+0000] {logging_mixin.py:190} INFO - [2024-12-17T21:03:55.979+0000] {dag.py:4180} INFO - Setting next_dagrun for dataset_alias_example_alias_consumer to None, run_after=None
[2024-12-17T21:03:55.982+0000] {logging_mixin.py:190} INFO - [2024-12-17T21:03:55.982+0000] {dag.py:4180} INFO - Setting next_dagrun for dataset_alias_example_alias_producer to None, run_after=None
[2024-12-17T21:03:55.984+0000] {logging_mixin.py:190} INFO - [2024-12-17T21:03:55.984+0000] {dag.py:4180} INFO - Setting next_dagrun for dataset_s3_bucket_consumer to None, run_after=None
[2024-12-17T21:03:55.985+0000] {logging_mixin.py:190} INFO - [2024-12-17T21:03:55.985+0000] {dag.py:4180} INFO - Setting next_dagrun for dataset_s3_bucket_producer to None, run_after=None
[2024-12-17T21:03:56.006+0000] {processor.py:208} INFO - Processing /home/airflow/.local/lib/python3.12/site-packages/airflow/example_dags/example_dataset_alias.py took 0.662 seconds
[2024-12-17T21:04:26.320+0000] {processor.py:186} INFO - Started process (PID=480) to work on /home/airflow/.local/lib/python3.12/site-packages/airflow/example_dags/example_dataset_alias.py
[2024-12-17T21:04:26.322+0000] {processor.py:914} INFO - Processing file /home/airflow/.local/lib/python3.12/site-packages/airflow/example_dags/example_dataset_alias.py for tasks to queue
[2024-12-17T21:04:26.323+0000] {logging_mixin.py:190} INFO - [2024-12-17T21:04:26.323+0000] {dagbag.py:588} INFO - Filling up the DagBag from /home/airflow/.local/lib/python3.12/site-packages/airflow/example_dags/example_dataset_alias.py
[2024-12-17T21:04:27.100+0000] {processor.py:925} INFO - DAG(s) 'dataset_s3_bucket_producer', 'dataset_alias_example_alias_consumer', 'dataset_s3_bucket_consumer', 'dataset_alias_example_alias_producer' retrieved from /home/airflow/.local/lib/python3.12/site-packages/airflow/example_dags/example_dataset_alias.py
[2024-12-17T21:04:27.123+0000] {logging_mixin.py:190} INFO - [2024-12-17T21:04:27.122+0000] {dag.py:3239} INFO - Sync 4 DAGs
[2024-12-17T21:04:27.151+0000] {logging_mixin.py:190} INFO - [2024-12-17T21:04:27.150+0000] {dag.py:4180} INFO - Setting next_dagrun for dataset_alias_example_alias_consumer to None, run_after=None
[2024-12-17T21:04:27.154+0000] {logging_mixin.py:190} INFO - [2024-12-17T21:04:27.154+0000] {dag.py:4180} INFO - Setting next_dagrun for dataset_alias_example_alias_producer to None, run_after=None
[2024-12-17T21:04:27.155+0000] {logging_mixin.py:190} INFO - [2024-12-17T21:04:27.155+0000] {dag.py:4180} INFO - Setting next_dagrun for dataset_s3_bucket_consumer to None, run_after=None
[2024-12-17T21:04:27.157+0000] {logging_mixin.py:190} INFO - [2024-12-17T21:04:27.157+0000] {dag.py:4180} INFO - Setting next_dagrun for dataset_s3_bucket_producer to None, run_after=None
[2024-12-17T21:04:27.187+0000] {processor.py:208} INFO - Processing /home/airflow/.local/lib/python3.12/site-packages/airflow/example_dags/example_dataset_alias.py took 0.875 seconds
[2024-12-17T21:04:57.830+0000] {processor.py:186} INFO - Started process (PID=544) to work on /home/airflow/.local/lib/python3.12/site-packages/airflow/example_dags/example_dataset_alias.py
[2024-12-17T21:04:57.831+0000] {processor.py:914} INFO - Processing file /home/airflow/.local/lib/python3.12/site-packages/airflow/example_dags/example_dataset_alias.py for tasks to queue
[2024-12-17T21:04:57.833+0000] {logging_mixin.py:190} INFO - [2024-12-17T21:04:57.832+0000] {dagbag.py:588} INFO - Filling up the DagBag from /home/airflow/.local/lib/python3.12/site-packages/airflow/example_dags/example_dataset_alias.py
[2024-12-17T21:04:58.456+0000] {processor.py:925} INFO - DAG(s) 'dataset_s3_bucket_consumer', 'dataset_alias_example_alias_consumer', 'dataset_s3_bucket_producer', 'dataset_alias_example_alias_producer' retrieved from /home/airflow/.local/lib/python3.12/site-packages/airflow/example_dags/example_dataset_alias.py
[2024-12-17T21:04:58.481+0000] {logging_mixin.py:190} INFO - [2024-12-17T21:04:58.481+0000] {dag.py:3239} INFO - Sync 4 DAGs
[2024-12-17T21:04:58.505+0000] {logging_mixin.py:190} INFO - [2024-12-17T21:04:58.505+0000] {dag.py:4180} INFO - Setting next_dagrun for dataset_alias_example_alias_consumer to None, run_after=None
[2024-12-17T21:04:58.508+0000] {logging_mixin.py:190} INFO - [2024-12-17T21:04:58.508+0000] {dag.py:4180} INFO - Setting next_dagrun for dataset_alias_example_alias_producer to None, run_after=None
[2024-12-17T21:04:58.510+0000] {logging_mixin.py:190} INFO - [2024-12-17T21:04:58.510+0000] {dag.py:4180} INFO - Setting next_dagrun for dataset_s3_bucket_consumer to None, run_after=None
[2024-12-17T21:04:58.512+0000] {logging_mixin.py:190} INFO - [2024-12-17T21:04:58.512+0000] {dag.py:4180} INFO - Setting next_dagrun for dataset_s3_bucket_producer to None, run_after=None
[2024-12-17T21:04:58.545+0000] {processor.py:208} INFO - Processing /home/airflow/.local/lib/python3.12/site-packages/airflow/example_dags/example_dataset_alias.py took 0.720 seconds
[2024-12-17T21:05:29.018+0000] {processor.py:186} INFO - Started process (PID=608) to work on /home/airflow/.local/lib/python3.12/site-packages/airflow/example_dags/example_dataset_alias.py
[2024-12-17T21:05:29.020+0000] {processor.py:914} INFO - Processing file /home/airflow/.local/lib/python3.12/site-packages/airflow/example_dags/example_dataset_alias.py for tasks to queue
[2024-12-17T21:05:29.022+0000] {logging_mixin.py:190} INFO - [2024-12-17T21:05:29.022+0000] {dagbag.py:588} INFO - Filling up the DagBag from /home/airflow/.local/lib/python3.12/site-packages/airflow/example_dags/example_dataset_alias.py
[2024-12-17T21:05:29.588+0000] {processor.py:925} INFO - DAG(s) 'dataset_alias_example_alias_producer', 'dataset_alias_example_alias_consumer', 'dataset_s3_bucket_producer', 'dataset_s3_bucket_consumer' retrieved from /home/airflow/.local/lib/python3.12/site-packages/airflow/example_dags/example_dataset_alias.py
[2024-12-17T21:05:29.608+0000] {logging_mixin.py:190} INFO - [2024-12-17T21:05:29.607+0000] {dag.py:3239} INFO - Sync 4 DAGs
[2024-12-17T21:05:29.628+0000] {logging_mixin.py:190} INFO - [2024-12-17T21:05:29.628+0000] {dag.py:4180} INFO - Setting next_dagrun for dataset_alias_example_alias_consumer to None, run_after=None
[2024-12-17T21:05:29.631+0000] {logging_mixin.py:190} INFO - [2024-12-17T21:05:29.630+0000] {dag.py:4180} INFO - Setting next_dagrun for dataset_alias_example_alias_producer to None, run_after=None
[2024-12-17T21:05:29.632+0000] {logging_mixin.py:190} INFO - [2024-12-17T21:05:29.632+0000] {dag.py:4180} INFO - Setting next_dagrun for dataset_s3_bucket_consumer to None, run_after=None
[2024-12-17T21:05:29.634+0000] {logging_mixin.py:190} INFO - [2024-12-17T21:05:29.634+0000] {dag.py:4180} INFO - Setting next_dagrun for dataset_s3_bucket_producer to None, run_after=None
[2024-12-17T21:05:29.661+0000] {processor.py:208} INFO - Processing /home/airflow/.local/lib/python3.12/site-packages/airflow/example_dags/example_dataset_alias.py took 0.647 seconds
[2024-12-17T21:06:00.575+0000] {processor.py:186} INFO - Started process (PID=672) to work on /home/airflow/.local/lib/python3.12/site-packages/airflow/example_dags/example_dataset_alias.py
[2024-12-17T21:06:00.576+0000] {processor.py:914} INFO - Processing file /home/airflow/.local/lib/python3.12/site-packages/airflow/example_dags/example_dataset_alias.py for tasks to queue
[2024-12-17T21:06:00.577+0000] {logging_mixin.py:190} INFO - [2024-12-17T21:06:00.577+0000] {dagbag.py:588} INFO - Filling up the DagBag from /home/airflow/.local/lib/python3.12/site-packages/airflow/example_dags/example_dataset_alias.py
[2024-12-17T21:06:01.169+0000] {processor.py:925} INFO - DAG(s) 'dataset_alias_example_alias_consumer', 'dataset_s3_bucket_consumer', 'dataset_alias_example_alias_producer', 'dataset_s3_bucket_producer' retrieved from /home/airflow/.local/lib/python3.12/site-packages/airflow/example_dags/example_dataset_alias.py
[2024-12-17T21:06:01.189+0000] {logging_mixin.py:190} INFO - [2024-12-17T21:06:01.189+0000] {dag.py:3239} INFO - Sync 4 DAGs
[2024-12-17T21:06:01.212+0000] {logging_mixin.py:190} INFO - [2024-12-17T21:06:01.212+0000] {dag.py:4180} INFO - Setting next_dagrun for dataset_alias_example_alias_consumer to None, run_after=None
[2024-12-17T21:06:01.215+0000] {logging_mixin.py:190} INFO - [2024-12-17T21:06:01.215+0000] {dag.py:4180} INFO - Setting next_dagrun for dataset_alias_example_alias_producer to None, run_after=None
[2024-12-17T21:06:01.216+0000] {logging_mixin.py:190} INFO - [2024-12-17T21:06:01.216+0000] {dag.py:4180} INFO - Setting next_dagrun for dataset_s3_bucket_consumer to None, run_after=None
[2024-12-17T21:06:01.218+0000] {logging_mixin.py:190} INFO - [2024-12-17T21:06:01.218+0000] {dag.py:4180} INFO - Setting next_dagrun for dataset_s3_bucket_producer to None, run_after=None
[2024-12-17T21:06:01.246+0000] {processor.py:208} INFO - Processing /home/airflow/.local/lib/python3.12/site-packages/airflow/example_dags/example_dataset_alias.py took 0.676 seconds
[2024-12-17T21:06:31.347+0000] {processor.py:186} INFO - Started process (PID=736) to work on /home/airflow/.local/lib/python3.12/site-packages/airflow/example_dags/example_dataset_alias.py
[2024-12-17T21:06:31.348+0000] {processor.py:914} INFO - Processing file /home/airflow/.local/lib/python3.12/site-packages/airflow/example_dags/example_dataset_alias.py for tasks to queue
[2024-12-17T21:06:31.350+0000] {logging_mixin.py:190} INFO - [2024-12-17T21:06:31.349+0000] {dagbag.py:588} INFO - Filling up the DagBag from /home/airflow/.local/lib/python3.12/site-packages/airflow/example_dags/example_dataset_alias.py
[2024-12-17T21:06:31.929+0000] {processor.py:925} INFO - DAG(s) 'dataset_alias_example_alias_consumer', 'dataset_s3_bucket_producer', 'dataset_s3_bucket_consumer', 'dataset_alias_example_alias_producer' retrieved from /home/airflow/.local/lib/python3.12/site-packages/airflow/example_dags/example_dataset_alias.py
[2024-12-17T21:06:31.949+0000] {logging_mixin.py:190} INFO - [2024-12-17T21:06:31.948+0000] {dag.py:3239} INFO - Sync 4 DAGs
[2024-12-17T21:06:31.971+0000] {logging_mixin.py:190} INFO - [2024-12-17T21:06:31.971+0000] {dag.py:4180} INFO - Setting next_dagrun for dataset_alias_example_alias_consumer to None, run_after=None
[2024-12-17T21:06:31.974+0000] {logging_mixin.py:190} INFO - [2024-12-17T21:06:31.974+0000] {dag.py:4180} INFO - Setting next_dagrun for dataset_alias_example_alias_producer to None, run_after=None
[2024-12-17T21:06:31.976+0000] {logging_mixin.py:190} INFO - [2024-12-17T21:06:31.975+0000] {dag.py:4180} INFO - Setting next_dagrun for dataset_s3_bucket_consumer to None, run_after=None
[2024-12-17T21:06:31.977+0000] {logging_mixin.py:190} INFO - [2024-12-17T21:06:31.977+0000] {dag.py:4180} INFO - Setting next_dagrun for dataset_s3_bucket_producer to None, run_after=None
[2024-12-17T21:06:32.006+0000] {processor.py:208} INFO - Processing /home/airflow/.local/lib/python3.12/site-packages/airflow/example_dags/example_dataset_alias.py took 0.668 seconds
[2024-12-17T21:07:02.583+0000] {processor.py:186} INFO - Started process (PID=800) to work on /home/airflow/.local/lib/python3.12/site-packages/airflow/example_dags/example_dataset_alias.py
[2024-12-17T21:07:02.584+0000] {processor.py:914} INFO - Processing file /home/airflow/.local/lib/python3.12/site-packages/airflow/example_dags/example_dataset_alias.py for tasks to queue
[2024-12-17T21:07:02.586+0000] {logging_mixin.py:190} INFO - [2024-12-17T21:07:02.586+0000] {dagbag.py:588} INFO - Filling up the DagBag from /home/airflow/.local/lib/python3.12/site-packages/airflow/example_dags/example_dataset_alias.py
[2024-12-17T21:07:03.282+0000] {processor.py:925} INFO - DAG(s) 'dataset_alias_example_alias_consumer', 'dataset_s3_bucket_consumer', 'dataset_alias_example_alias_producer', 'dataset_s3_bucket_producer' retrieved from /home/airflow/.local/lib/python3.12/site-packages/airflow/example_dags/example_dataset_alias.py
[2024-12-17T21:07:03.312+0000] {logging_mixin.py:190} INFO - [2024-12-17T21:07:03.312+0000] {dag.py:3239} INFO - Sync 4 DAGs
[2024-12-17T21:07:03.339+0000] {logging_mixin.py:190} INFO - [2024-12-17T21:07:03.338+0000] {dag.py:4180} INFO - Setting next_dagrun for dataset_alias_example_alias_consumer to None, run_after=None
[2024-12-17T21:07:03.342+0000] {logging_mixin.py:190} INFO - [2024-12-17T21:07:03.341+0000] {dag.py:4180} INFO - Setting next_dagrun for dataset_alias_example_alias_producer to None, run_after=None
[2024-12-17T21:07:03.345+0000] {logging_mixin.py:190} INFO - [2024-12-17T21:07:03.345+0000] {dag.py:4180} INFO - Setting next_dagrun for dataset_s3_bucket_consumer to None, run_after=None
[2024-12-17T21:07:03.347+0000] {logging_mixin.py:190} INFO - [2024-12-17T21:07:03.347+0000] {dag.py:4180} INFO - Setting next_dagrun for dataset_s3_bucket_producer to None, run_after=None
[2024-12-17T21:07:03.381+0000] {processor.py:208} INFO - Processing /home/airflow/.local/lib/python3.12/site-packages/airflow/example_dags/example_dataset_alias.py took 0.805 seconds
[2024-12-17T21:07:34.323+0000] {processor.py:186} INFO - Started process (PID=864) to work on /home/airflow/.local/lib/python3.12/site-packages/airflow/example_dags/example_dataset_alias.py
[2024-12-17T21:07:34.324+0000] {processor.py:914} INFO - Processing file /home/airflow/.local/lib/python3.12/site-packages/airflow/example_dags/example_dataset_alias.py for tasks to queue
[2024-12-17T21:07:34.325+0000] {logging_mixin.py:190} INFO - [2024-12-17T21:07:34.325+0000] {dagbag.py:588} INFO - Filling up the DagBag from /home/airflow/.local/lib/python3.12/site-packages/airflow/example_dags/example_dataset_alias.py
[2024-12-17T21:07:34.973+0000] {processor.py:925} INFO - DAG(s) 'dataset_s3_bucket_producer', 'dataset_s3_bucket_consumer', 'dataset_alias_example_alias_producer', 'dataset_alias_example_alias_consumer' retrieved from /home/airflow/.local/lib/python3.12/site-packages/airflow/example_dags/example_dataset_alias.py
[2024-12-17T21:07:34.998+0000] {logging_mixin.py:190} INFO - [2024-12-17T21:07:34.998+0000] {dag.py:3239} INFO - Sync 4 DAGs
[2024-12-17T21:07:35.023+0000] {logging_mixin.py:190} INFO - [2024-12-17T21:07:35.023+0000] {dag.py:4180} INFO - Setting next_dagrun for dataset_alias_example_alias_consumer to None, run_after=None
[2024-12-17T21:07:35.026+0000] {logging_mixin.py:190} INFO - [2024-12-17T21:07:35.026+0000] {dag.py:4180} INFO - Setting next_dagrun for dataset_alias_example_alias_producer to None, run_after=None
[2024-12-17T21:07:35.028+0000] {logging_mixin.py:190} INFO - [2024-12-17T21:07:35.028+0000] {dag.py:4180} INFO - Setting next_dagrun for dataset_s3_bucket_consumer to None, run_after=None
[2024-12-17T21:07:35.030+0000] {logging_mixin.py:190} INFO - [2024-12-17T21:07:35.030+0000] {dag.py:4180} INFO - Setting next_dagrun for dataset_s3_bucket_producer to None, run_after=None
[2024-12-17T21:07:35.063+0000] {processor.py:208} INFO - Processing /home/airflow/.local/lib/python3.12/site-packages/airflow/example_dags/example_dataset_alias.py took 0.745 seconds
[2024-12-17T21:08:05.236+0000] {processor.py:186} INFO - Started process (PID=928) to work on /home/airflow/.local/lib/python3.12/site-packages/airflow/example_dags/example_dataset_alias.py
[2024-12-17T21:08:05.238+0000] {processor.py:914} INFO - Processing file /home/airflow/.local/lib/python3.12/site-packages/airflow/example_dags/example_dataset_alias.py for tasks to queue
[2024-12-17T21:08:05.239+0000] {logging_mixin.py:190} INFO - [2024-12-17T21:08:05.239+0000] {dagbag.py:588} INFO - Filling up the DagBag from /home/airflow/.local/lib/python3.12/site-packages/airflow/example_dags/example_dataset_alias.py
[2024-12-17T21:08:05.836+0000] {processor.py:925} INFO - DAG(s) 'dataset_s3_bucket_consumer', 'dataset_alias_example_alias_producer', 'dataset_alias_example_alias_consumer', 'dataset_s3_bucket_producer' retrieved from /home/airflow/.local/lib/python3.12/site-packages/airflow/example_dags/example_dataset_alias.py
[2024-12-17T21:08:05.860+0000] {logging_mixin.py:190} INFO - [2024-12-17T21:08:05.860+0000] {dag.py:3239} INFO - Sync 4 DAGs
[2024-12-17T21:08:05.885+0000] {logging_mixin.py:190} INFO - [2024-12-17T21:08:05.884+0000] {dag.py:4180} INFO - Setting next_dagrun for dataset_alias_example_alias_consumer to None, run_after=None
[2024-12-17T21:08:05.887+0000] {logging_mixin.py:190} INFO - [2024-12-17T21:08:05.887+0000] {dag.py:4180} INFO - Setting next_dagrun for dataset_alias_example_alias_producer to None, run_after=None
[2024-12-17T21:08:05.889+0000] {logging_mixin.py:190} INFO - [2024-12-17T21:08:05.889+0000] {dag.py:4180} INFO - Setting next_dagrun for dataset_s3_bucket_consumer to None, run_after=None
[2024-12-17T21:08:05.891+0000] {logging_mixin.py:190} INFO - [2024-12-17T21:08:05.890+0000] {dag.py:4180} INFO - Setting next_dagrun for dataset_s3_bucket_producer to None, run_after=None
[2024-12-17T21:08:05.919+0000] {processor.py:208} INFO - Processing /home/airflow/.local/lib/python3.12/site-packages/airflow/example_dags/example_dataset_alias.py took 0.687 seconds
[2024-12-17T21:08:36.149+0000] {processor.py:186} INFO - Started process (PID=993) to work on /home/airflow/.local/lib/python3.12/site-packages/airflow/example_dags/example_dataset_alias.py
[2024-12-17T21:08:36.150+0000] {processor.py:914} INFO - Processing file /home/airflow/.local/lib/python3.12/site-packages/airflow/example_dags/example_dataset_alias.py for tasks to queue
[2024-12-17T21:08:36.152+0000] {logging_mixin.py:190} INFO - [2024-12-17T21:08:36.151+0000] {dagbag.py:588} INFO - Filling up the DagBag from /home/airflow/.local/lib/python3.12/site-packages/airflow/example_dags/example_dataset_alias.py
[2024-12-17T21:08:36.848+0000] {processor.py:925} INFO - DAG(s) 'dataset_s3_bucket_producer', 'dataset_alias_example_alias_producer', 'dataset_s3_bucket_consumer', 'dataset_alias_example_alias_consumer' retrieved from /home/airflow/.local/lib/python3.12/site-packages/airflow/example_dags/example_dataset_alias.py
[2024-12-17T21:08:36.867+0000] {logging_mixin.py:190} INFO - [2024-12-17T21:08:36.867+0000] {dag.py:3239} INFO - Sync 4 DAGs
[2024-12-17T21:08:36.889+0000] {logging_mixin.py:190} INFO - [2024-12-17T21:08:36.889+0000] {dag.py:4180} INFO - Setting next_dagrun for dataset_alias_example_alias_consumer to None, run_after=None
[2024-12-17T21:08:36.892+0000] {logging_mixin.py:190} INFO - [2024-12-17T21:08:36.892+0000] {dag.py:4180} INFO - Setting next_dagrun for dataset_alias_example_alias_producer to None, run_after=None
[2024-12-17T21:08:36.893+0000] {logging_mixin.py:190} INFO - [2024-12-17T21:08:36.893+0000] {dag.py:4180} INFO - Setting next_dagrun for dataset_s3_bucket_consumer to None, run_after=None
[2024-12-17T21:08:36.895+0000] {logging_mixin.py:190} INFO - [2024-12-17T21:08:36.895+0000] {dag.py:4180} INFO - Setting next_dagrun for dataset_s3_bucket_producer to None, run_after=None
[2024-12-17T21:08:36.922+0000] {processor.py:208} INFO - Processing /home/airflow/.local/lib/python3.12/site-packages/airflow/example_dags/example_dataset_alias.py took 0.779 seconds
[2024-12-17T21:09:07.612+0000] {processor.py:186} INFO - Started process (PID=1058) to work on /home/airflow/.local/lib/python3.12/site-packages/airflow/example_dags/example_dataset_alias.py
[2024-12-17T21:09:07.613+0000] {processor.py:914} INFO - Processing file /home/airflow/.local/lib/python3.12/site-packages/airflow/example_dags/example_dataset_alias.py for tasks to queue
[2024-12-17T21:09:07.614+0000] {logging_mixin.py:190} INFO - [2024-12-17T21:09:07.614+0000] {dagbag.py:588} INFO - Filling up the DagBag from /home/airflow/.local/lib/python3.12/site-packages/airflow/example_dags/example_dataset_alias.py
[2024-12-17T21:09:08.254+0000] {processor.py:925} INFO - DAG(s) 'dataset_alias_example_alias_consumer', 'dataset_alias_example_alias_producer', 'dataset_s3_bucket_consumer', 'dataset_s3_bucket_producer' retrieved from /home/airflow/.local/lib/python3.12/site-packages/airflow/example_dags/example_dataset_alias.py
[2024-12-17T21:09:08.282+0000] {logging_mixin.py:190} INFO - [2024-12-17T21:09:08.281+0000] {dag.py:3239} INFO - Sync 4 DAGs
[2024-12-17T21:09:08.307+0000] {logging_mixin.py:190} INFO - [2024-12-17T21:09:08.307+0000] {dag.py:4180} INFO - Setting next_dagrun for dataset_alias_example_alias_consumer to None, run_after=None
[2024-12-17T21:09:08.311+0000] {logging_mixin.py:190} INFO - [2024-12-17T21:09:08.311+0000] {dag.py:4180} INFO - Setting next_dagrun for dataset_alias_example_alias_producer to None, run_after=None
[2024-12-17T21:09:08.313+0000] {logging_mixin.py:190} INFO - [2024-12-17T21:09:08.313+0000] {dag.py:4180} INFO - Setting next_dagrun for dataset_s3_bucket_consumer to None, run_after=None
[2024-12-17T21:09:08.315+0000] {logging_mixin.py:190} INFO - [2024-12-17T21:09:08.315+0000] {dag.py:4180} INFO - Setting next_dagrun for dataset_s3_bucket_producer to None, run_after=None
[2024-12-17T21:09:08.346+0000] {processor.py:208} INFO - Processing /home/airflow/.local/lib/python3.12/site-packages/airflow/example_dags/example_dataset_alias.py took 0.742 seconds
[2024-12-17T21:09:39.272+0000] {processor.py:186} INFO - Started process (PID=1122) to work on /home/airflow/.local/lib/python3.12/site-packages/airflow/example_dags/example_dataset_alias.py
[2024-12-17T21:09:39.273+0000] {processor.py:914} INFO - Processing file /home/airflow/.local/lib/python3.12/site-packages/airflow/example_dags/example_dataset_alias.py for tasks to queue
[2024-12-17T21:09:39.275+0000] {logging_mixin.py:190} INFO - [2024-12-17T21:09:39.274+0000] {dagbag.py:588} INFO - Filling up the DagBag from /home/airflow/.local/lib/python3.12/site-packages/airflow/example_dags/example_dataset_alias.py
[2024-12-17T21:09:39.853+0000] {processor.py:925} INFO - DAG(s) 'dataset_alias_example_alias_consumer', 'dataset_s3_bucket_producer', 'dataset_alias_example_alias_producer', 'dataset_s3_bucket_consumer' retrieved from /home/airflow/.local/lib/python3.12/site-packages/airflow/example_dags/example_dataset_alias.py
[2024-12-17T21:09:39.874+0000] {logging_mixin.py:190} INFO - [2024-12-17T21:09:39.873+0000] {dag.py:3239} INFO - Sync 4 DAGs
[2024-12-17T21:09:39.897+0000] {logging_mixin.py:190} INFO - [2024-12-17T21:09:39.897+0000] {dag.py:4180} INFO - Setting next_dagrun for dataset_alias_example_alias_consumer to None, run_after=None
[2024-12-17T21:09:39.900+0000] {logging_mixin.py:190} INFO - [2024-12-17T21:09:39.900+0000] {dag.py:4180} INFO - Setting next_dagrun for dataset_alias_example_alias_producer to None, run_after=None
[2024-12-17T21:09:39.902+0000] {logging_mixin.py:190} INFO - [2024-12-17T21:09:39.902+0000] {dag.py:4180} INFO - Setting next_dagrun for dataset_s3_bucket_consumer to None, run_after=None
[2024-12-17T21:09:39.903+0000] {logging_mixin.py:190} INFO - [2024-12-17T21:09:39.903+0000] {dag.py:4180} INFO - Setting next_dagrun for dataset_s3_bucket_producer to None, run_after=None
[2024-12-17T21:09:39.924+0000] {processor.py:208} INFO - Processing /home/airflow/.local/lib/python3.12/site-packages/airflow/example_dags/example_dataset_alias.py took 0.657 seconds
[2024-12-17T21:10:10.740+0000] {processor.py:186} INFO - Started process (PID=1186) to work on /home/airflow/.local/lib/python3.12/site-packages/airflow/example_dags/example_dataset_alias.py
[2024-12-17T21:10:10.741+0000] {processor.py:914} INFO - Processing file /home/airflow/.local/lib/python3.12/site-packages/airflow/example_dags/example_dataset_alias.py for tasks to queue
[2024-12-17T21:10:10.743+0000] {logging_mixin.py:190} INFO - [2024-12-17T21:10:10.743+0000] {dagbag.py:588} INFO - Filling up the DagBag from /home/airflow/.local/lib/python3.12/site-packages/airflow/example_dags/example_dataset_alias.py
[2024-12-17T21:10:11.451+0000] {processor.py:925} INFO - DAG(s) 'dataset_s3_bucket_producer', 'dataset_s3_bucket_consumer', 'dataset_alias_example_alias_producer', 'dataset_alias_example_alias_consumer' retrieved from /home/airflow/.local/lib/python3.12/site-packages/airflow/example_dags/example_dataset_alias.py
[2024-12-17T21:10:11.472+0000] {logging_mixin.py:190} INFO - [2024-12-17T21:10:11.471+0000] {dag.py:3239} INFO - Sync 4 DAGs
[2024-12-17T21:10:11.494+0000] {logging_mixin.py:190} INFO - [2024-12-17T21:10:11.494+0000] {dag.py:4180} INFO - Setting next_dagrun for dataset_alias_example_alias_consumer to None, run_after=None
[2024-12-17T21:10:11.497+0000] {logging_mixin.py:190} INFO - [2024-12-17T21:10:11.497+0000] {dag.py:4180} INFO - Setting next_dagrun for dataset_alias_example_alias_producer to None, run_after=None
[2024-12-17T21:10:11.499+0000] {logging_mixin.py:190} INFO - [2024-12-17T21:10:11.498+0000] {dag.py:4180} INFO - Setting next_dagrun for dataset_s3_bucket_consumer to None, run_after=None
[2024-12-17T21:10:11.501+0000] {logging_mixin.py:190} INFO - [2024-12-17T21:10:11.500+0000] {dag.py:4180} INFO - Setting next_dagrun for dataset_s3_bucket_producer to None, run_after=None
[2024-12-17T21:10:11.532+0000] {processor.py:208} INFO - Processing /home/airflow/.local/lib/python3.12/site-packages/airflow/example_dags/example_dataset_alias.py took 0.799 seconds
[2024-12-17T21:10:42.252+0000] {processor.py:186} INFO - Started process (PID=1250) to work on /home/airflow/.local/lib/python3.12/site-packages/airflow/example_dags/example_dataset_alias.py
[2024-12-17T21:10:42.253+0000] {processor.py:914} INFO - Processing file /home/airflow/.local/lib/python3.12/site-packages/airflow/example_dags/example_dataset_alias.py for tasks to queue
[2024-12-17T21:10:42.254+0000] {logging_mixin.py:190} INFO - [2024-12-17T21:10:42.254+0000] {dagbag.py:588} INFO - Filling up the DagBag from /home/airflow/.local/lib/python3.12/site-packages/airflow/example_dags/example_dataset_alias.py
[2024-12-17T21:10:42.871+0000] {processor.py:925} INFO - DAG(s) 'dataset_alias_example_alias_producer', 'dataset_s3_bucket_consumer', 'dataset_s3_bucket_producer', 'dataset_alias_example_alias_consumer' retrieved from /home/airflow/.local/lib/python3.12/site-packages/airflow/example_dags/example_dataset_alias.py
[2024-12-17T21:10:42.893+0000] {logging_mixin.py:190} INFO - [2024-12-17T21:10:42.892+0000] {dag.py:3239} INFO - Sync 4 DAGs
[2024-12-17T21:10:42.915+0000] {logging_mixin.py:190} INFO - [2024-12-17T21:10:42.915+0000] {dag.py:4180} INFO - Setting next_dagrun for dataset_alias_example_alias_consumer to None, run_after=None
[2024-12-17T21:10:42.918+0000] {logging_mixin.py:190} INFO - [2024-12-17T21:10:42.918+0000] {dag.py:4180} INFO - Setting next_dagrun for dataset_alias_example_alias_producer to None, run_after=None
[2024-12-17T21:10:42.920+0000] {logging_mixin.py:190} INFO - [2024-12-17T21:10:42.920+0000] {dag.py:4180} INFO - Setting next_dagrun for dataset_s3_bucket_consumer to None, run_after=None
[2024-12-17T21:10:42.922+0000] {logging_mixin.py:190} INFO - [2024-12-17T21:10:42.922+0000] {dag.py:4180} INFO - Setting next_dagrun for dataset_s3_bucket_producer to None, run_after=None
[2024-12-17T21:10:42.951+0000] {processor.py:208} INFO - Processing /home/airflow/.local/lib/python3.12/site-packages/airflow/example_dags/example_dataset_alias.py took 0.704 seconds
[2024-12-17T21:11:13.284+0000] {processor.py:186} INFO - Started process (PID=1320) to work on /home/airflow/.local/lib/python3.12/site-packages/airflow/example_dags/example_dataset_alias.py
[2024-12-17T21:11:13.285+0000] {processor.py:914} INFO - Processing file /home/airflow/.local/lib/python3.12/site-packages/airflow/example_dags/example_dataset_alias.py for tasks to queue
[2024-12-17T21:11:13.286+0000] {logging_mixin.py:190} INFO - [2024-12-17T21:11:13.286+0000] {dagbag.py:588} INFO - Filling up the DagBag from /home/airflow/.local/lib/python3.12/site-packages/airflow/example_dags/example_dataset_alias.py
[2024-12-17T21:11:13.898+0000] {processor.py:925} INFO - DAG(s) 'dataset_s3_bucket_producer', 'dataset_s3_bucket_consumer', 'dataset_alias_example_alias_consumer', 'dataset_alias_example_alias_producer' retrieved from /home/airflow/.local/lib/python3.12/site-packages/airflow/example_dags/example_dataset_alias.py
[2024-12-17T21:11:13.920+0000] {logging_mixin.py:190} INFO - [2024-12-17T21:11:13.920+0000] {dag.py:3239} INFO - Sync 4 DAGs
[2024-12-17T21:11:13.943+0000] {logging_mixin.py:190} INFO - [2024-12-17T21:11:13.943+0000] {dag.py:4180} INFO - Setting next_dagrun for dataset_alias_example_alias_consumer to None, run_after=None
[2024-12-17T21:11:13.946+0000] {logging_mixin.py:190} INFO - [2024-12-17T21:11:13.946+0000] {dag.py:4180} INFO - Setting next_dagrun for dataset_alias_example_alias_producer to None, run_after=None
[2024-12-17T21:11:13.948+0000] {logging_mixin.py:190} INFO - [2024-12-17T21:11:13.948+0000] {dag.py:4180} INFO - Setting next_dagrun for dataset_s3_bucket_consumer to None, run_after=None
[2024-12-17T21:11:13.950+0000] {logging_mixin.py:190} INFO - [2024-12-17T21:11:13.949+0000] {dag.py:4180} INFO - Setting next_dagrun for dataset_s3_bucket_producer to None, run_after=None
[2024-12-17T21:11:13.970+0000] {processor.py:208} INFO - Processing /home/airflow/.local/lib/python3.12/site-packages/airflow/example_dags/example_dataset_alias.py took 0.692 seconds
[2024-12-17T21:11:44.505+0000] {processor.py:186} INFO - Started process (PID=1384) to work on /home/airflow/.local/lib/python3.12/site-packages/airflow/example_dags/example_dataset_alias.py
[2024-12-17T21:11:44.507+0000] {processor.py:914} INFO - Processing file /home/airflow/.local/lib/python3.12/site-packages/airflow/example_dags/example_dataset_alias.py for tasks to queue
[2024-12-17T21:11:44.508+0000] {logging_mixin.py:190} INFO - [2024-12-17T21:11:44.508+0000] {dagbag.py:588} INFO - Filling up the DagBag from /home/airflow/.local/lib/python3.12/site-packages/airflow/example_dags/example_dataset_alias.py
[2024-12-17T21:11:45.077+0000] {processor.py:925} INFO - DAG(s) 'dataset_alias_example_alias_producer', 'dataset_alias_example_alias_consumer', 'dataset_s3_bucket_consumer', 'dataset_s3_bucket_producer' retrieved from /home/airflow/.local/lib/python3.12/site-packages/airflow/example_dags/example_dataset_alias.py
[2024-12-17T21:11:45.099+0000] {logging_mixin.py:190} INFO - [2024-12-17T21:11:45.099+0000] {dag.py:3239} INFO - Sync 4 DAGs
[2024-12-17T21:11:45.122+0000] {logging_mixin.py:190} INFO - [2024-12-17T21:11:45.122+0000] {dag.py:4180} INFO - Setting next_dagrun for dataset_alias_example_alias_consumer to None, run_after=None
[2024-12-17T21:11:45.125+0000] {logging_mixin.py:190} INFO - [2024-12-17T21:11:45.125+0000] {dag.py:4180} INFO - Setting next_dagrun for dataset_alias_example_alias_producer to None, run_after=None
[2024-12-17T21:11:45.127+0000] {logging_mixin.py:190} INFO - [2024-12-17T21:11:45.127+0000] {dag.py:4180} INFO - Setting next_dagrun for dataset_s3_bucket_consumer to None, run_after=None
[2024-12-17T21:11:45.128+0000] {logging_mixin.py:190} INFO - [2024-12-17T21:11:45.128+0000] {dag.py:4180} INFO - Setting next_dagrun for dataset_s3_bucket_producer to None, run_after=None
[2024-12-17T21:11:45.149+0000] {processor.py:208} INFO - Processing /home/airflow/.local/lib/python3.12/site-packages/airflow/example_dags/example_dataset_alias.py took 0.651 seconds
[2024-12-17T21:12:15.774+0000] {processor.py:186} INFO - Started process (PID=1448) to work on /home/airflow/.local/lib/python3.12/site-packages/airflow/example_dags/example_dataset_alias.py
[2024-12-17T21:12:15.775+0000] {processor.py:914} INFO - Processing file /home/airflow/.local/lib/python3.12/site-packages/airflow/example_dags/example_dataset_alias.py for tasks to queue
[2024-12-17T21:12:15.776+0000] {logging_mixin.py:190} INFO - [2024-12-17T21:12:15.776+0000] {dagbag.py:588} INFO - Filling up the DagBag from /home/airflow/.local/lib/python3.12/site-packages/airflow/example_dags/example_dataset_alias.py
[2024-12-17T21:12:16.432+0000] {processor.py:925} INFO - DAG(s) 'dataset_alias_example_alias_producer', 'dataset_s3_bucket_consumer', 'dataset_s3_bucket_producer', 'dataset_alias_example_alias_consumer' retrieved from /home/airflow/.local/lib/python3.12/site-packages/airflow/example_dags/example_dataset_alias.py
[2024-12-17T21:12:16.453+0000] {logging_mixin.py:190} INFO - [2024-12-17T21:12:16.452+0000] {dag.py:3239} INFO - Sync 4 DAGs
[2024-12-17T21:12:16.476+0000] {logging_mixin.py:190} INFO - [2024-12-17T21:12:16.476+0000] {dag.py:4180} INFO - Setting next_dagrun for dataset_alias_example_alias_consumer to None, run_after=None
[2024-12-17T21:12:16.479+0000] {logging_mixin.py:190} INFO - [2024-12-17T21:12:16.479+0000] {dag.py:4180} INFO - Setting next_dagrun for dataset_alias_example_alias_producer to None, run_after=None
[2024-12-17T21:12:16.481+0000] {logging_mixin.py:190} INFO - [2024-12-17T21:12:16.481+0000] {dag.py:4180} INFO - Setting next_dagrun for dataset_s3_bucket_consumer to None, run_after=None
[2024-12-17T21:12:16.483+0000] {logging_mixin.py:190} INFO - [2024-12-17T21:12:16.482+0000] {dag.py:4180} INFO - Setting next_dagrun for dataset_s3_bucket_producer to None, run_after=None
[2024-12-17T21:12:16.512+0000] {processor.py:208} INFO - Processing /home/airflow/.local/lib/python3.12/site-packages/airflow/example_dags/example_dataset_alias.py took 0.744 seconds
[2024-12-17T21:12:47.121+0000] {processor.py:186} INFO - Started process (PID=1513) to work on /home/airflow/.local/lib/python3.12/site-packages/airflow/example_dags/example_dataset_alias.py
[2024-12-17T21:12:47.122+0000] {processor.py:914} INFO - Processing file /home/airflow/.local/lib/python3.12/site-packages/airflow/example_dags/example_dataset_alias.py for tasks to queue
[2024-12-17T21:12:47.123+0000] {logging_mixin.py:190} INFO - [2024-12-17T21:12:47.123+0000] {dagbag.py:588} INFO - Filling up the DagBag from /home/airflow/.local/lib/python3.12/site-packages/airflow/example_dags/example_dataset_alias.py
[2024-12-17T21:12:47.660+0000] {processor.py:925} INFO - DAG(s) 'dataset_s3_bucket_producer', 'dataset_alias_example_alias_producer', 'dataset_s3_bucket_consumer', 'dataset_alias_example_alias_consumer' retrieved from /home/airflow/.local/lib/python3.12/site-packages/airflow/example_dags/example_dataset_alias.py
[2024-12-17T21:12:47.680+0000] {logging_mixin.py:190} INFO - [2024-12-17T21:12:47.680+0000] {dag.py:3239} INFO - Sync 4 DAGs
[2024-12-17T21:12:47.702+0000] {logging_mixin.py:190} INFO - [2024-12-17T21:12:47.702+0000] {dag.py:4180} INFO - Setting next_dagrun for dataset_alias_example_alias_consumer to None, run_after=None
[2024-12-17T21:12:47.705+0000] {logging_mixin.py:190} INFO - [2024-12-17T21:12:47.705+0000] {dag.py:4180} INFO - Setting next_dagrun for dataset_alias_example_alias_producer to None, run_after=None
[2024-12-17T21:12:47.707+0000] {logging_mixin.py:190} INFO - [2024-12-17T21:12:47.707+0000] {dag.py:4180} INFO - Setting next_dagrun for dataset_s3_bucket_consumer to None, run_after=None
[2024-12-17T21:12:47.708+0000] {logging_mixin.py:190} INFO - [2024-12-17T21:12:47.708+0000] {dag.py:4180} INFO - Setting next_dagrun for dataset_s3_bucket_producer to None, run_after=None
[2024-12-17T21:12:47.736+0000] {processor.py:208} INFO - Processing /home/airflow/.local/lib/python3.12/site-packages/airflow/example_dags/example_dataset_alias.py took 0.620 seconds
[2024-12-17T21:13:18.317+0000] {processor.py:186} INFO - Started process (PID=1577) to work on /home/airflow/.local/lib/python3.12/site-packages/airflow/example_dags/example_dataset_alias.py
[2024-12-17T21:13:18.318+0000] {processor.py:914} INFO - Processing file /home/airflow/.local/lib/python3.12/site-packages/airflow/example_dags/example_dataset_alias.py for tasks to queue
[2024-12-17T21:13:18.319+0000] {logging_mixin.py:190} INFO - [2024-12-17T21:13:18.319+0000] {dagbag.py:588} INFO - Filling up the DagBag from /home/airflow/.local/lib/python3.12/site-packages/airflow/example_dags/example_dataset_alias.py
[2024-12-17T21:13:18.895+0000] {processor.py:925} INFO - DAG(s) 'dataset_alias_example_alias_consumer', 'dataset_s3_bucket_consumer', 'dataset_alias_example_alias_producer', 'dataset_s3_bucket_producer' retrieved from /home/airflow/.local/lib/python3.12/site-packages/airflow/example_dags/example_dataset_alias.py
[2024-12-17T21:13:18.913+0000] {logging_mixin.py:190} INFO - [2024-12-17T21:13:18.913+0000] {dag.py:3239} INFO - Sync 4 DAGs
[2024-12-17T21:13:18.934+0000] {logging_mixin.py:190} INFO - [2024-12-17T21:13:18.933+0000] {dag.py:4180} INFO - Setting next_dagrun for dataset_alias_example_alias_consumer to None, run_after=None
[2024-12-17T21:13:18.936+0000] {logging_mixin.py:190} INFO - [2024-12-17T21:13:18.936+0000] {dag.py:4180} INFO - Setting next_dagrun for dataset_alias_example_alias_producer to None, run_after=None
[2024-12-17T21:13:18.938+0000] {logging_mixin.py:190} INFO - [2024-12-17T21:13:18.938+0000] {dag.py:4180} INFO - Setting next_dagrun for dataset_s3_bucket_consumer to None, run_after=None
[2024-12-17T21:13:18.939+0000] {logging_mixin.py:190} INFO - [2024-12-17T21:13:18.939+0000] {dag.py:4180} INFO - Setting next_dagrun for dataset_s3_bucket_producer to None, run_after=None
[2024-12-17T21:13:18.967+0000] {processor.py:208} INFO - Processing /home/airflow/.local/lib/python3.12/site-packages/airflow/example_dags/example_dataset_alias.py took 0.655 seconds
[2024-12-17T21:13:49.049+0000] {processor.py:186} INFO - Started process (PID=1640) to work on /home/airflow/.local/lib/python3.12/site-packages/airflow/example_dags/example_dataset_alias.py
[2024-12-17T21:13:49.050+0000] {processor.py:914} INFO - Processing file /home/airflow/.local/lib/python3.12/site-packages/airflow/example_dags/example_dataset_alias.py for tasks to queue
[2024-12-17T21:13:49.051+0000] {logging_mixin.py:190} INFO - [2024-12-17T21:13:49.051+0000] {dagbag.py:588} INFO - Filling up the DagBag from /home/airflow/.local/lib/python3.12/site-packages/airflow/example_dags/example_dataset_alias.py
[2024-12-17T21:13:49.558+0000] {processor.py:925} INFO - DAG(s) 'dataset_s3_bucket_producer', 'dataset_alias_example_alias_consumer', 'dataset_s3_bucket_consumer', 'dataset_alias_example_alias_producer' retrieved from /home/airflow/.local/lib/python3.12/site-packages/airflow/example_dags/example_dataset_alias.py
[2024-12-17T21:13:49.576+0000] {logging_mixin.py:190} INFO - [2024-12-17T21:13:49.575+0000] {dag.py:3239} INFO - Sync 4 DAGs
[2024-12-17T21:13:49.595+0000] {logging_mixin.py:190} INFO - [2024-12-17T21:13:49.594+0000] {dag.py:4180} INFO - Setting next_dagrun for dataset_alias_example_alias_consumer to None, run_after=None
[2024-12-17T21:13:49.597+0000] {logging_mixin.py:190} INFO - [2024-12-17T21:13:49.597+0000] {dag.py:4180} INFO - Setting next_dagrun for dataset_alias_example_alias_producer to None, run_after=None
[2024-12-17T21:13:49.599+0000] {logging_mixin.py:190} INFO - [2024-12-17T21:13:49.599+0000] {dag.py:4180} INFO - Setting next_dagrun for dataset_s3_bucket_consumer to None, run_after=None
[2024-12-17T21:13:49.600+0000] {logging_mixin.py:190} INFO - [2024-12-17T21:13:49.600+0000] {dag.py:4180} INFO - Setting next_dagrun for dataset_s3_bucket_producer to None, run_after=None
[2024-12-17T21:13:49.633+0000] {processor.py:208} INFO - Processing /home/airflow/.local/lib/python3.12/site-packages/airflow/example_dags/example_dataset_alias.py took 0.590 seconds
[2024-12-17T21:14:20.123+0000] {processor.py:186} INFO - Started process (PID=1704) to work on /home/airflow/.local/lib/python3.12/site-packages/airflow/example_dags/example_dataset_alias.py
[2024-12-17T21:14:20.124+0000] {processor.py:914} INFO - Processing file /home/airflow/.local/lib/python3.12/site-packages/airflow/example_dags/example_dataset_alias.py for tasks to queue
[2024-12-17T21:14:20.125+0000] {logging_mixin.py:190} INFO - [2024-12-17T21:14:20.125+0000] {dagbag.py:588} INFO - Filling up the DagBag from /home/airflow/.local/lib/python3.12/site-packages/airflow/example_dags/example_dataset_alias.py
[2024-12-17T21:14:20.664+0000] {processor.py:925} INFO - DAG(s) 'dataset_s3_bucket_producer', 'dataset_s3_bucket_consumer', 'dataset_alias_example_alias_producer', 'dataset_alias_example_alias_consumer' retrieved from /home/airflow/.local/lib/python3.12/site-packages/airflow/example_dags/example_dataset_alias.py
[2024-12-17T21:14:20.685+0000] {logging_mixin.py:190} INFO - [2024-12-17T21:14:20.685+0000] {dag.py:3239} INFO - Sync 4 DAGs
[2024-12-17T21:14:20.706+0000] {logging_mixin.py:190} INFO - [2024-12-17T21:14:20.706+0000] {dag.py:4180} INFO - Setting next_dagrun for dataset_alias_example_alias_consumer to None, run_after=None
[2024-12-17T21:14:20.709+0000] {logging_mixin.py:190} INFO - [2024-12-17T21:14:20.709+0000] {dag.py:4180} INFO - Setting next_dagrun for dataset_alias_example_alias_producer to None, run_after=None
[2024-12-17T21:14:20.711+0000] {logging_mixin.py:190} INFO - [2024-12-17T21:14:20.711+0000] {dag.py:4180} INFO - Setting next_dagrun for dataset_s3_bucket_consumer to None, run_after=None
[2024-12-17T21:14:20.713+0000] {logging_mixin.py:190} INFO - [2024-12-17T21:14:20.712+0000] {dag.py:4180} INFO - Setting next_dagrun for dataset_s3_bucket_producer to None, run_after=None
[2024-12-17T21:14:20.741+0000] {processor.py:208} INFO - Processing /home/airflow/.local/lib/python3.12/site-packages/airflow/example_dags/example_dataset_alias.py took 0.624 seconds
[2024-12-17T21:14:51.662+0000] {processor.py:186} INFO - Started process (PID=1772) to work on /home/airflow/.local/lib/python3.12/site-packages/airflow/example_dags/example_dataset_alias.py
[2024-12-17T21:14:51.663+0000] {processor.py:914} INFO - Processing file /home/airflow/.local/lib/python3.12/site-packages/airflow/example_dags/example_dataset_alias.py for tasks to queue
[2024-12-17T21:14:51.665+0000] {logging_mixin.py:190} INFO - [2024-12-17T21:14:51.664+0000] {dagbag.py:588} INFO - Filling up the DagBag from /home/airflow/.local/lib/python3.12/site-packages/airflow/example_dags/example_dataset_alias.py
[2024-12-17T21:14:52.253+0000] {processor.py:925} INFO - DAG(s) 'dataset_alias_example_alias_consumer', 'dataset_s3_bucket_consumer', 'dataset_alias_example_alias_producer', 'dataset_s3_bucket_producer' retrieved from /home/airflow/.local/lib/python3.12/site-packages/airflow/example_dags/example_dataset_alias.py
[2024-12-17T21:14:52.272+0000] {logging_mixin.py:190} INFO - [2024-12-17T21:14:52.272+0000] {dag.py:3239} INFO - Sync 4 DAGs
[2024-12-17T21:14:52.294+0000] {logging_mixin.py:190} INFO - [2024-12-17T21:14:52.294+0000] {dag.py:4180} INFO - Setting next_dagrun for dataset_alias_example_alias_consumer to None, run_after=None
[2024-12-17T21:14:52.297+0000] {logging_mixin.py:190} INFO - [2024-12-17T21:14:52.297+0000] {dag.py:4180} INFO - Setting next_dagrun for dataset_alias_example_alias_producer to None, run_after=None
[2024-12-17T21:14:52.298+0000] {logging_mixin.py:190} INFO - [2024-12-17T21:14:52.298+0000] {dag.py:4180} INFO - Setting next_dagrun for dataset_s3_bucket_consumer to None, run_after=None
[2024-12-17T21:14:52.300+0000] {logging_mixin.py:190} INFO - [2024-12-17T21:14:52.300+0000] {dag.py:4180} INFO - Setting next_dagrun for dataset_s3_bucket_producer to None, run_after=None
[2024-12-17T21:14:52.320+0000] {processor.py:208} INFO - Processing /home/airflow/.local/lib/python3.12/site-packages/airflow/example_dags/example_dataset_alias.py took 0.665 seconds
[2024-12-17T21:15:22.884+0000] {processor.py:186} INFO - Started process (PID=1836) to work on /home/airflow/.local/lib/python3.12/site-packages/airflow/example_dags/example_dataset_alias.py
[2024-12-17T21:15:22.885+0000] {processor.py:914} INFO - Processing file /home/airflow/.local/lib/python3.12/site-packages/airflow/example_dags/example_dataset_alias.py for tasks to queue
[2024-12-17T21:15:22.886+0000] {logging_mixin.py:190} INFO - [2024-12-17T21:15:22.886+0000] {dagbag.py:588} INFO - Filling up the DagBag from /home/airflow/.local/lib/python3.12/site-packages/airflow/example_dags/example_dataset_alias.py
[2024-12-17T21:15:23.420+0000] {processor.py:925} INFO - DAG(s) 'dataset_s3_bucket_consumer', 'dataset_alias_example_alias_producer', 'dataset_s3_bucket_producer', 'dataset_alias_example_alias_consumer' retrieved from /home/airflow/.local/lib/python3.12/site-packages/airflow/example_dags/example_dataset_alias.py
[2024-12-17T21:15:23.441+0000] {logging_mixin.py:190} INFO - [2024-12-17T21:15:23.441+0000] {dag.py:3239} INFO - Sync 4 DAGs
[2024-12-17T21:15:23.462+0000] {logging_mixin.py:190} INFO - [2024-12-17T21:15:23.462+0000] {dag.py:4180} INFO - Setting next_dagrun for dataset_alias_example_alias_consumer to None, run_after=None
[2024-12-17T21:15:23.465+0000] {logging_mixin.py:190} INFO - [2024-12-17T21:15:23.465+0000] {dag.py:4180} INFO - Setting next_dagrun for dataset_alias_example_alias_producer to None, run_after=None
[2024-12-17T21:15:23.467+0000] {logging_mixin.py:190} INFO - [2024-12-17T21:15:23.467+0000] {dag.py:4180} INFO - Setting next_dagrun for dataset_s3_bucket_consumer to None, run_after=None
[2024-12-17T21:15:23.468+0000] {logging_mixin.py:190} INFO - [2024-12-17T21:15:23.468+0000] {dag.py:4180} INFO - Setting next_dagrun for dataset_s3_bucket_producer to None, run_after=None
[2024-12-17T21:15:23.490+0000] {processor.py:208} INFO - Processing /home/airflow/.local/lib/python3.12/site-packages/airflow/example_dags/example_dataset_alias.py took 0.614 seconds
[2024-12-17T21:15:53.819+0000] {processor.py:186} INFO - Started process (PID=1900) to work on /home/airflow/.local/lib/python3.12/site-packages/airflow/example_dags/example_dataset_alias.py
[2024-12-17T21:15:53.821+0000] {processor.py:914} INFO - Processing file /home/airflow/.local/lib/python3.12/site-packages/airflow/example_dags/example_dataset_alias.py for tasks to queue
[2024-12-17T21:15:53.822+0000] {logging_mixin.py:190} INFO - [2024-12-17T21:15:53.822+0000] {dagbag.py:588} INFO - Filling up the DagBag from /home/airflow/.local/lib/python3.12/site-packages/airflow/example_dags/example_dataset_alias.py
[2024-12-17T21:15:54.435+0000] {processor.py:925} INFO - DAG(s) 'dataset_alias_example_alias_consumer', 'dataset_alias_example_alias_producer', 'dataset_s3_bucket_producer', 'dataset_s3_bucket_consumer' retrieved from /home/airflow/.local/lib/python3.12/site-packages/airflow/example_dags/example_dataset_alias.py
[2024-12-17T21:15:54.458+0000] {logging_mixin.py:190} INFO - [2024-12-17T21:15:54.457+0000] {dag.py:3239} INFO - Sync 4 DAGs
[2024-12-17T21:15:54.484+0000] {logging_mixin.py:190} INFO - [2024-12-17T21:15:54.483+0000] {dag.py:4180} INFO - Setting next_dagrun for dataset_alias_example_alias_consumer to None, run_after=None
[2024-12-17T21:15:54.487+0000] {logging_mixin.py:190} INFO - [2024-12-17T21:15:54.486+0000] {dag.py:4180} INFO - Setting next_dagrun for dataset_alias_example_alias_producer to None, run_after=None
[2024-12-17T21:15:54.488+0000] {logging_mixin.py:190} INFO - [2024-12-17T21:15:54.488+0000] {dag.py:4180} INFO - Setting next_dagrun for dataset_s3_bucket_consumer to None, run_after=None
[2024-12-17T21:15:54.490+0000] {logging_mixin.py:190} INFO - [2024-12-17T21:15:54.490+0000] {dag.py:4180} INFO - Setting next_dagrun for dataset_s3_bucket_producer to None, run_after=None
[2024-12-17T21:15:54.519+0000] {processor.py:208} INFO - Processing /home/airflow/.local/lib/python3.12/site-packages/airflow/example_dags/example_dataset_alias.py took 0.707 seconds
[2024-12-17T21:16:25.395+0000] {processor.py:186} INFO - Started process (PID=1964) to work on /home/airflow/.local/lib/python3.12/site-packages/airflow/example_dags/example_dataset_alias.py
[2024-12-17T21:16:25.397+0000] {processor.py:914} INFO - Processing file /home/airflow/.local/lib/python3.12/site-packages/airflow/example_dags/example_dataset_alias.py for tasks to queue
[2024-12-17T21:16:25.398+0000] {logging_mixin.py:190} INFO - [2024-12-17T21:16:25.398+0000] {dagbag.py:588} INFO - Filling up the DagBag from /home/airflow/.local/lib/python3.12/site-packages/airflow/example_dags/example_dataset_alias.py
[2024-12-17T21:16:26.265+0000] {processor.py:925} INFO - DAG(s) 'dataset_s3_bucket_producer', 'dataset_alias_example_alias_consumer', 'dataset_alias_example_alias_producer', 'dataset_s3_bucket_consumer' retrieved from /home/airflow/.local/lib/python3.12/site-packages/airflow/example_dags/example_dataset_alias.py
[2024-12-17T21:16:26.301+0000] {logging_mixin.py:190} INFO - [2024-12-17T21:16:26.300+0000] {dag.py:3239} INFO - Sync 4 DAGs
[2024-12-17T21:16:26.346+0000] {logging_mixin.py:190} INFO - [2024-12-17T21:16:26.345+0000] {dag.py:4180} INFO - Setting next_dagrun for dataset_alias_example_alias_consumer to None, run_after=None
[2024-12-17T21:16:26.349+0000] {logging_mixin.py:190} INFO - [2024-12-17T21:16:26.349+0000] {dag.py:4180} INFO - Setting next_dagrun for dataset_alias_example_alias_producer to None, run_after=None
[2024-12-17T21:16:26.352+0000] {logging_mixin.py:190} INFO - [2024-12-17T21:16:26.351+0000] {dag.py:4180} INFO - Setting next_dagrun for dataset_s3_bucket_consumer to None, run_after=None
[2024-12-17T21:16:26.354+0000] {logging_mixin.py:190} INFO - [2024-12-17T21:16:26.354+0000] {dag.py:4180} INFO - Setting next_dagrun for dataset_s3_bucket_producer to None, run_after=None
[2024-12-17T21:16:26.392+0000] {processor.py:208} INFO - Processing /home/airflow/.local/lib/python3.12/site-packages/airflow/example_dags/example_dataset_alias.py took 1.004 seconds
[2024-12-17T21:16:56.726+0000] {processor.py:186} INFO - Started process (PID=2028) to work on /home/airflow/.local/lib/python3.12/site-packages/airflow/example_dags/example_dataset_alias.py
[2024-12-17T21:16:56.727+0000] {processor.py:914} INFO - Processing file /home/airflow/.local/lib/python3.12/site-packages/airflow/example_dags/example_dataset_alias.py for tasks to queue
[2024-12-17T21:16:56.729+0000] {logging_mixin.py:190} INFO - [2024-12-17T21:16:56.728+0000] {dagbag.py:588} INFO - Filling up the DagBag from /home/airflow/.local/lib/python3.12/site-packages/airflow/example_dags/example_dataset_alias.py
[2024-12-17T21:16:57.402+0000] {processor.py:925} INFO - DAG(s) 'dataset_alias_example_alias_consumer', 'dataset_s3_bucket_producer', 'dataset_s3_bucket_consumer', 'dataset_alias_example_alias_producer' retrieved from /home/airflow/.local/lib/python3.12/site-packages/airflow/example_dags/example_dataset_alias.py
[2024-12-17T21:16:57.421+0000] {logging_mixin.py:190} INFO - [2024-12-17T21:16:57.421+0000] {dag.py:3239} INFO - Sync 4 DAGs
[2024-12-17T21:16:57.442+0000] {logging_mixin.py:190} INFO - [2024-12-17T21:16:57.441+0000] {dag.py:4180} INFO - Setting next_dagrun for dataset_alias_example_alias_consumer to None, run_after=None
[2024-12-17T21:16:57.445+0000] {logging_mixin.py:190} INFO - [2024-12-17T21:16:57.444+0000] {dag.py:4180} INFO - Setting next_dagrun for dataset_alias_example_alias_producer to None, run_after=None
[2024-12-17T21:16:57.447+0000] {logging_mixin.py:190} INFO - [2024-12-17T21:16:57.447+0000] {dag.py:4180} INFO - Setting next_dagrun for dataset_s3_bucket_consumer to None, run_after=None
[2024-12-17T21:16:57.449+0000] {logging_mixin.py:190} INFO - [2024-12-17T21:16:57.449+0000] {dag.py:4180} INFO - Setting next_dagrun for dataset_s3_bucket_producer to None, run_after=None
[2024-12-17T21:16:57.478+0000] {processor.py:208} INFO - Processing /home/airflow/.local/lib/python3.12/site-packages/airflow/example_dags/example_dataset_alias.py took 0.757 seconds
[2024-12-17T21:17:28.176+0000] {processor.py:186} INFO - Started process (PID=2092) to work on /home/airflow/.local/lib/python3.12/site-packages/airflow/example_dags/example_dataset_alias.py
[2024-12-17T21:17:28.177+0000] {processor.py:914} INFO - Processing file /home/airflow/.local/lib/python3.12/site-packages/airflow/example_dags/example_dataset_alias.py for tasks to queue
[2024-12-17T21:17:28.179+0000] {logging_mixin.py:190} INFO - [2024-12-17T21:17:28.178+0000] {dagbag.py:588} INFO - Filling up the DagBag from /home/airflow/.local/lib/python3.12/site-packages/airflow/example_dags/example_dataset_alias.py
[2024-12-17T21:17:28.755+0000] {processor.py:925} INFO - DAG(s) 'dataset_alias_example_alias_consumer', 'dataset_s3_bucket_producer', 'dataset_alias_example_alias_producer', 'dataset_s3_bucket_consumer' retrieved from /home/airflow/.local/lib/python3.12/site-packages/airflow/example_dags/example_dataset_alias.py
[2024-12-17T21:17:28.775+0000] {logging_mixin.py:190} INFO - [2024-12-17T21:17:28.774+0000] {dag.py:3239} INFO - Sync 4 DAGs
[2024-12-17T21:17:28.796+0000] {logging_mixin.py:190} INFO - [2024-12-17T21:17:28.795+0000] {dag.py:4180} INFO - Setting next_dagrun for dataset_alias_example_alias_consumer to None, run_after=None
[2024-12-17T21:17:28.799+0000] {logging_mixin.py:190} INFO - [2024-12-17T21:17:28.798+0000] {dag.py:4180} INFO - Setting next_dagrun for dataset_alias_example_alias_producer to None, run_after=None
[2024-12-17T21:17:28.801+0000] {logging_mixin.py:190} INFO - [2024-12-17T21:17:28.800+0000] {dag.py:4180} INFO - Setting next_dagrun for dataset_s3_bucket_consumer to None, run_after=None
[2024-12-17T21:17:28.802+0000] {logging_mixin.py:190} INFO - [2024-12-17T21:17:28.802+0000] {dag.py:4180} INFO - Setting next_dagrun for dataset_s3_bucket_producer to None, run_after=None
[2024-12-17T21:17:28.824+0000] {processor.py:208} INFO - Processing /home/airflow/.local/lib/python3.12/site-packages/airflow/example_dags/example_dataset_alias.py took 0.653 seconds
