[2024-12-17T21:01:24.296+0000] {processor.py:186} INFO - Started process (PID=120) to work on /home/airflow/.local/lib/python3.12/site-packages/airflow/example_dags/example_bash_decorator.py
[2024-12-17T21:01:24.297+0000] {processor.py:914} INFO - Processing file /home/airflow/.local/lib/python3.12/site-packages/airflow/example_dags/example_bash_decorator.py for tasks to queue
[2024-12-17T21:01:24.301+0000] {logging_mixin.py:190} INFO - [2024-12-17T21:01:24.300+0000] {dagbag.py:588} INFO - Filling up the DagBag from /home/airflow/.local/lib/python3.12/site-packages/airflow/example_dags/example_bash_decorator.py
[2024-12-17T21:01:24.319+0000] {processor.py:925} INFO - DAG(s) 'example_bash_decorator' retrieved from /home/airflow/.local/lib/python3.12/site-packages/airflow/example_dags/example_bash_decorator.py
[2024-12-17T21:01:24.436+0000] {logging_mixin.py:190} INFO - [2024-12-17T21:01:24.435+0000] {override.py:1911} INFO - Created Permission View: can delete on DAG:example_bash_decorator
[2024-12-17T21:01:24.451+0000] {logging_mixin.py:190} INFO - [2024-12-17T21:01:24.450+0000] {override.py:1911} INFO - Created Permission View: can read on DAG:example_bash_decorator
[2024-12-17T21:01:24.460+0000] {logging_mixin.py:190} INFO - [2024-12-17T21:01:24.460+0000] {override.py:1911} INFO - Created Permission View: can edit on DAG:example_bash_decorator
[2024-12-17T21:01:24.468+0000] {logging_mixin.py:190} INFO - [2024-12-17T21:01:24.467+0000] {override.py:1911} INFO - Created Permission View: can create on DAG Run:example_bash_decorator
[2024-12-17T21:01:24.476+0000] {logging_mixin.py:190} INFO - [2024-12-17T21:01:24.476+0000] {override.py:1911} INFO - Created Permission View: menu access on DAG Run:example_bash_decorator
[2024-12-17T21:01:24.483+0000] {logging_mixin.py:190} INFO - [2024-12-17T21:01:24.483+0000] {override.py:1911} INFO - Created Permission View: can delete on DAG Run:example_bash_decorator
[2024-12-17T21:01:24.490+0000] {logging_mixin.py:190} INFO - [2024-12-17T21:01:24.490+0000] {override.py:1911} INFO - Created Permission View: can read on DAG Run:example_bash_decorator
[2024-12-17T21:01:24.491+0000] {logging_mixin.py:190} INFO - [2024-12-17T21:01:24.491+0000] {dag.py:3239} INFO - Sync 1 DAGs
[2024-12-17T21:01:24.507+0000] {logging_mixin.py:190} INFO - [2024-12-17T21:01:24.507+0000] {dag.py:3262} INFO - Creating ORM DAG for example_bash_decorator
[2024-12-17T21:01:24.508+0000] {logging_mixin.py:190} INFO - [2024-12-17T21:01:24.508+0000] {dag.py:4180} INFO - Setting next_dagrun for example_bash_decorator to None, run_after=None
[2024-12-17T21:01:24.523+0000] {processor.py:208} INFO - Processing /home/airflow/.local/lib/python3.12/site-packages/airflow/example_dags/example_bash_decorator.py took 0.234 seconds
[2024-12-17T21:01:54.590+0000] {processor.py:186} INFO - Started process (PID=183) to work on /home/airflow/.local/lib/python3.12/site-packages/airflow/example_dags/example_bash_decorator.py
[2024-12-17T21:01:54.591+0000] {processor.py:914} INFO - Processing file /home/airflow/.local/lib/python3.12/site-packages/airflow/example_dags/example_bash_decorator.py for tasks to queue
[2024-12-17T21:01:54.594+0000] {logging_mixin.py:190} INFO - [2024-12-17T21:01:54.593+0000] {dagbag.py:588} INFO - Filling up the DagBag from /home/airflow/.local/lib/python3.12/site-packages/airflow/example_dags/example_bash_decorator.py
[2024-12-17T21:01:54.610+0000] {processor.py:925} INFO - DAG(s) 'example_bash_decorator' retrieved from /home/airflow/.local/lib/python3.12/site-packages/airflow/example_dags/example_bash_decorator.py
[2024-12-17T21:01:54.633+0000] {logging_mixin.py:190} INFO - [2024-12-17T21:01:54.633+0000] {dag.py:3239} INFO - Sync 1 DAGs
[2024-12-17T21:01:54.648+0000] {logging_mixin.py:190} INFO - [2024-12-17T21:01:54.647+0000] {dag.py:4180} INFO - Setting next_dagrun for example_bash_decorator to None, run_after=None
[2024-12-17T21:01:54.664+0000] {processor.py:208} INFO - Processing /home/airflow/.local/lib/python3.12/site-packages/airflow/example_dags/example_bash_decorator.py took 0.079 seconds
[2024-12-17T21:02:24.963+0000] {processor.py:186} INFO - Started process (PID=248) to work on /home/airflow/.local/lib/python3.12/site-packages/airflow/example_dags/example_bash_decorator.py
[2024-12-17T21:02:24.964+0000] {processor.py:914} INFO - Processing file /home/airflow/.local/lib/python3.12/site-packages/airflow/example_dags/example_bash_decorator.py for tasks to queue
[2024-12-17T21:02:24.966+0000] {logging_mixin.py:190} INFO - [2024-12-17T21:02:24.966+0000] {dagbag.py:588} INFO - Filling up the DagBag from /home/airflow/.local/lib/python3.12/site-packages/airflow/example_dags/example_bash_decorator.py
[2024-12-17T21:02:24.987+0000] {processor.py:925} INFO - DAG(s) 'example_bash_decorator' retrieved from /home/airflow/.local/lib/python3.12/site-packages/airflow/example_dags/example_bash_decorator.py
[2024-12-17T21:02:25.009+0000] {logging_mixin.py:190} INFO - [2024-12-17T21:02:25.008+0000] {dag.py:3239} INFO - Sync 1 DAGs
[2024-12-17T21:02:25.022+0000] {logging_mixin.py:190} INFO - [2024-12-17T21:02:25.022+0000] {dag.py:4180} INFO - Setting next_dagrun for example_bash_decorator to None, run_after=None
[2024-12-17T21:02:25.047+0000] {processor.py:208} INFO - Processing /home/airflow/.local/lib/python3.12/site-packages/airflow/example_dags/example_bash_decorator.py took 0.090 seconds
[2024-12-17T21:02:55.205+0000] {processor.py:186} INFO - Started process (PID=311) to work on /home/airflow/.local/lib/python3.12/site-packages/airflow/example_dags/example_bash_decorator.py
[2024-12-17T21:02:55.206+0000] {processor.py:914} INFO - Processing file /home/airflow/.local/lib/python3.12/site-packages/airflow/example_dags/example_bash_decorator.py for tasks to queue
[2024-12-17T21:02:55.208+0000] {logging_mixin.py:190} INFO - [2024-12-17T21:02:55.208+0000] {dagbag.py:588} INFO - Filling up the DagBag from /home/airflow/.local/lib/python3.12/site-packages/airflow/example_dags/example_bash_decorator.py
[2024-12-17T21:02:55.222+0000] {processor.py:925} INFO - DAG(s) 'example_bash_decorator' retrieved from /home/airflow/.local/lib/python3.12/site-packages/airflow/example_dags/example_bash_decorator.py
[2024-12-17T21:02:55.244+0000] {logging_mixin.py:190} INFO - [2024-12-17T21:02:55.244+0000] {dag.py:3239} INFO - Sync 1 DAGs
[2024-12-17T21:02:55.258+0000] {logging_mixin.py:190} INFO - [2024-12-17T21:02:55.258+0000] {dag.py:4180} INFO - Setting next_dagrun for example_bash_decorator to None, run_after=None
[2024-12-17T21:02:55.284+0000] {processor.py:208} INFO - Processing /home/airflow/.local/lib/python3.12/site-packages/airflow/example_dags/example_bash_decorator.py took 0.085 seconds
[2024-12-17T21:03:26.135+0000] {processor.py:186} INFO - Started process (PID=375) to work on /home/airflow/.local/lib/python3.12/site-packages/airflow/example_dags/example_bash_decorator.py
[2024-12-17T21:03:26.136+0000] {processor.py:914} INFO - Processing file /home/airflow/.local/lib/python3.12/site-packages/airflow/example_dags/example_bash_decorator.py for tasks to queue
[2024-12-17T21:03:26.139+0000] {logging_mixin.py:190} INFO - [2024-12-17T21:03:26.139+0000] {dagbag.py:588} INFO - Filling up the DagBag from /home/airflow/.local/lib/python3.12/site-packages/airflow/example_dags/example_bash_decorator.py
[2024-12-17T21:03:26.172+0000] {processor.py:925} INFO - DAG(s) 'example_bash_decorator' retrieved from /home/airflow/.local/lib/python3.12/site-packages/airflow/example_dags/example_bash_decorator.py
[2024-12-17T21:03:26.208+0000] {logging_mixin.py:190} INFO - [2024-12-17T21:03:26.207+0000] {dag.py:3239} INFO - Sync 1 DAGs
[2024-12-17T21:03:26.229+0000] {logging_mixin.py:190} INFO - [2024-12-17T21:03:26.229+0000] {dag.py:4180} INFO - Setting next_dagrun for example_bash_decorator to None, run_after=None
[2024-12-17T21:03:26.257+0000] {processor.py:208} INFO - Processing /home/airflow/.local/lib/python3.12/site-packages/airflow/example_dags/example_bash_decorator.py took 0.132 seconds
[2024-12-17T21:03:57.533+0000] {processor.py:186} INFO - Started process (PID=439) to work on /home/airflow/.local/lib/python3.12/site-packages/airflow/example_dags/example_bash_decorator.py
[2024-12-17T21:03:57.534+0000] {processor.py:914} INFO - Processing file /home/airflow/.local/lib/python3.12/site-packages/airflow/example_dags/example_bash_decorator.py for tasks to queue
[2024-12-17T21:03:57.537+0000] {logging_mixin.py:190} INFO - [2024-12-17T21:03:57.536+0000] {dagbag.py:588} INFO - Filling up the DagBag from /home/airflow/.local/lib/python3.12/site-packages/airflow/example_dags/example_bash_decorator.py
[2024-12-17T21:03:57.551+0000] {processor.py:925} INFO - DAG(s) 'example_bash_decorator' retrieved from /home/airflow/.local/lib/python3.12/site-packages/airflow/example_dags/example_bash_decorator.py
[2024-12-17T21:03:57.573+0000] {logging_mixin.py:190} INFO - [2024-12-17T21:03:57.573+0000] {dag.py:3239} INFO - Sync 1 DAGs
[2024-12-17T21:03:57.586+0000] {logging_mixin.py:190} INFO - [2024-12-17T21:03:57.586+0000] {dag.py:4180} INFO - Setting next_dagrun for example_bash_decorator to None, run_after=None
[2024-12-17T21:03:57.603+0000] {processor.py:208} INFO - Processing /home/airflow/.local/lib/python3.12/site-packages/airflow/example_dags/example_bash_decorator.py took 0.075 seconds
[2024-12-17T21:04:29.497+0000] {processor.py:186} INFO - Started process (PID=504) to work on /home/airflow/.local/lib/python3.12/site-packages/airflow/example_dags/example_bash_decorator.py
[2024-12-17T21:04:29.498+0000] {processor.py:914} INFO - Processing file /home/airflow/.local/lib/python3.12/site-packages/airflow/example_dags/example_bash_decorator.py for tasks to queue
[2024-12-17T21:04:29.500+0000] {logging_mixin.py:190} INFO - [2024-12-17T21:04:29.499+0000] {dagbag.py:588} INFO - Filling up the DagBag from /home/airflow/.local/lib/python3.12/site-packages/airflow/example_dags/example_bash_decorator.py
[2024-12-17T21:04:29.515+0000] {processor.py:925} INFO - DAG(s) 'example_bash_decorator' retrieved from /home/airflow/.local/lib/python3.12/site-packages/airflow/example_dags/example_bash_decorator.py
[2024-12-17T21:04:29.536+0000] {logging_mixin.py:190} INFO - [2024-12-17T21:04:29.536+0000] {dag.py:3239} INFO - Sync 1 DAGs
[2024-12-17T21:04:29.550+0000] {logging_mixin.py:190} INFO - [2024-12-17T21:04:29.550+0000] {dag.py:4180} INFO - Setting next_dagrun for example_bash_decorator to None, run_after=None
[2024-12-17T21:04:29.573+0000] {processor.py:208} INFO - Processing /home/airflow/.local/lib/python3.12/site-packages/airflow/example_dags/example_bash_decorator.py took 0.082 seconds
[2024-12-17T21:05:00.551+0000] {processor.py:186} INFO - Started process (PID=567) to work on /home/airflow/.local/lib/python3.12/site-packages/airflow/example_dags/example_bash_decorator.py
[2024-12-17T21:05:00.552+0000] {processor.py:914} INFO - Processing file /home/airflow/.local/lib/python3.12/site-packages/airflow/example_dags/example_bash_decorator.py for tasks to queue
[2024-12-17T21:05:00.554+0000] {logging_mixin.py:190} INFO - [2024-12-17T21:05:00.554+0000] {dagbag.py:588} INFO - Filling up the DagBag from /home/airflow/.local/lib/python3.12/site-packages/airflow/example_dags/example_bash_decorator.py
[2024-12-17T21:05:00.574+0000] {processor.py:925} INFO - DAG(s) 'example_bash_decorator' retrieved from /home/airflow/.local/lib/python3.12/site-packages/airflow/example_dags/example_bash_decorator.py
[2024-12-17T21:05:00.603+0000] {logging_mixin.py:190} INFO - [2024-12-17T21:05:00.603+0000] {dag.py:3239} INFO - Sync 1 DAGs
[2024-12-17T21:05:00.623+0000] {logging_mixin.py:190} INFO - [2024-12-17T21:05:00.623+0000] {dag.py:4180} INFO - Setting next_dagrun for example_bash_decorator to None, run_after=None
[2024-12-17T21:05:00.647+0000] {processor.py:208} INFO - Processing /home/airflow/.local/lib/python3.12/site-packages/airflow/example_dags/example_bash_decorator.py took 0.105 seconds
[2024-12-17T21:05:31.282+0000] {processor.py:186} INFO - Started process (PID=631) to work on /home/airflow/.local/lib/python3.12/site-packages/airflow/example_dags/example_bash_decorator.py
[2024-12-17T21:05:31.283+0000] {processor.py:914} INFO - Processing file /home/airflow/.local/lib/python3.12/site-packages/airflow/example_dags/example_bash_decorator.py for tasks to queue
[2024-12-17T21:05:31.285+0000] {logging_mixin.py:190} INFO - [2024-12-17T21:05:31.284+0000] {dagbag.py:588} INFO - Filling up the DagBag from /home/airflow/.local/lib/python3.12/site-packages/airflow/example_dags/example_bash_decorator.py
[2024-12-17T21:05:31.305+0000] {processor.py:925} INFO - DAG(s) 'example_bash_decorator' retrieved from /home/airflow/.local/lib/python3.12/site-packages/airflow/example_dags/example_bash_decorator.py
[2024-12-17T21:05:31.330+0000] {logging_mixin.py:190} INFO - [2024-12-17T21:05:31.330+0000] {dag.py:3239} INFO - Sync 1 DAGs
[2024-12-17T21:05:31.349+0000] {logging_mixin.py:190} INFO - [2024-12-17T21:05:31.348+0000] {dag.py:4180} INFO - Setting next_dagrun for example_bash_decorator to None, run_after=None
[2024-12-17T21:05:31.376+0000] {processor.py:208} INFO - Processing /home/airflow/.local/lib/python3.12/site-packages/airflow/example_dags/example_bash_decorator.py took 0.102 seconds
[2024-12-17T21:06:02.936+0000] {processor.py:186} INFO - Started process (PID=695) to work on /home/airflow/.local/lib/python3.12/site-packages/airflow/example_dags/example_bash_decorator.py
[2024-12-17T21:06:02.937+0000] {processor.py:914} INFO - Processing file /home/airflow/.local/lib/python3.12/site-packages/airflow/example_dags/example_bash_decorator.py for tasks to queue
[2024-12-17T21:06:02.938+0000] {logging_mixin.py:190} INFO - [2024-12-17T21:06:02.938+0000] {dagbag.py:588} INFO - Filling up the DagBag from /home/airflow/.local/lib/python3.12/site-packages/airflow/example_dags/example_bash_decorator.py
[2024-12-17T21:06:02.958+0000] {processor.py:925} INFO - DAG(s) 'example_bash_decorator' retrieved from /home/airflow/.local/lib/python3.12/site-packages/airflow/example_dags/example_bash_decorator.py
[2024-12-17T21:06:02.982+0000] {logging_mixin.py:190} INFO - [2024-12-17T21:06:02.982+0000] {dag.py:3239} INFO - Sync 1 DAGs
[2024-12-17T21:06:02.999+0000] {logging_mixin.py:190} INFO - [2024-12-17T21:06:02.999+0000] {dag.py:4180} INFO - Setting next_dagrun for example_bash_decorator to None, run_after=None
[2024-12-17T21:06:03.028+0000] {processor.py:208} INFO - Processing /home/airflow/.local/lib/python3.12/site-packages/airflow/example_dags/example_bash_decorator.py took 0.098 seconds
[2024-12-17T21:06:33.687+0000] {processor.py:186} INFO - Started process (PID=759) to work on /home/airflow/.local/lib/python3.12/site-packages/airflow/example_dags/example_bash_decorator.py
[2024-12-17T21:06:33.688+0000] {processor.py:914} INFO - Processing file /home/airflow/.local/lib/python3.12/site-packages/airflow/example_dags/example_bash_decorator.py for tasks to queue
[2024-12-17T21:06:33.690+0000] {logging_mixin.py:190} INFO - [2024-12-17T21:06:33.689+0000] {dagbag.py:588} INFO - Filling up the DagBag from /home/airflow/.local/lib/python3.12/site-packages/airflow/example_dags/example_bash_decorator.py
[2024-12-17T21:06:33.705+0000] {processor.py:925} INFO - DAG(s) 'example_bash_decorator' retrieved from /home/airflow/.local/lib/python3.12/site-packages/airflow/example_dags/example_bash_decorator.py
[2024-12-17T21:06:33.728+0000] {logging_mixin.py:190} INFO - [2024-12-17T21:06:33.727+0000] {dag.py:3239} INFO - Sync 1 DAGs
[2024-12-17T21:06:33.747+0000] {logging_mixin.py:190} INFO - [2024-12-17T21:06:33.746+0000] {dag.py:4180} INFO - Setting next_dagrun for example_bash_decorator to None, run_after=None
[2024-12-17T21:06:33.765+0000] {processor.py:208} INFO - Processing /home/airflow/.local/lib/python3.12/site-packages/airflow/example_dags/example_bash_decorator.py took 0.084 seconds
[2024-12-17T21:07:05.068+0000] {processor.py:186} INFO - Started process (PID=823) to work on /home/airflow/.local/lib/python3.12/site-packages/airflow/example_dags/example_bash_decorator.py
[2024-12-17T21:07:05.069+0000] {processor.py:914} INFO - Processing file /home/airflow/.local/lib/python3.12/site-packages/airflow/example_dags/example_bash_decorator.py for tasks to queue
[2024-12-17T21:07:05.070+0000] {logging_mixin.py:190} INFO - [2024-12-17T21:07:05.070+0000] {dagbag.py:588} INFO - Filling up the DagBag from /home/airflow/.local/lib/python3.12/site-packages/airflow/example_dags/example_bash_decorator.py
[2024-12-17T21:07:05.085+0000] {processor.py:925} INFO - DAG(s) 'example_bash_decorator' retrieved from /home/airflow/.local/lib/python3.12/site-packages/airflow/example_dags/example_bash_decorator.py
[2024-12-17T21:07:05.107+0000] {logging_mixin.py:190} INFO - [2024-12-17T21:07:05.107+0000] {dag.py:3239} INFO - Sync 1 DAGs
[2024-12-17T21:07:05.122+0000] {logging_mixin.py:190} INFO - [2024-12-17T21:07:05.122+0000] {dag.py:4180} INFO - Setting next_dagrun for example_bash_decorator to None, run_after=None
[2024-12-17T21:07:05.139+0000] {processor.py:208} INFO - Processing /home/airflow/.local/lib/python3.12/site-packages/airflow/example_dags/example_bash_decorator.py took 0.077 seconds
[2024-12-17T21:07:36.931+0000] {processor.py:186} INFO - Started process (PID=887) to work on /home/airflow/.local/lib/python3.12/site-packages/airflow/example_dags/example_bash_decorator.py
[2024-12-17T21:07:36.932+0000] {processor.py:914} INFO - Processing file /home/airflow/.local/lib/python3.12/site-packages/airflow/example_dags/example_bash_decorator.py for tasks to queue
[2024-12-17T21:07:36.934+0000] {logging_mixin.py:190} INFO - [2024-12-17T21:07:36.933+0000] {dagbag.py:588} INFO - Filling up the DagBag from /home/airflow/.local/lib/python3.12/site-packages/airflow/example_dags/example_bash_decorator.py
[2024-12-17T21:07:36.955+0000] {processor.py:925} INFO - DAG(s) 'example_bash_decorator' retrieved from /home/airflow/.local/lib/python3.12/site-packages/airflow/example_dags/example_bash_decorator.py
[2024-12-17T21:07:36.981+0000] {logging_mixin.py:190} INFO - [2024-12-17T21:07:36.981+0000] {dag.py:3239} INFO - Sync 1 DAGs
[2024-12-17T21:07:36.998+0000] {logging_mixin.py:190} INFO - [2024-12-17T21:07:36.998+0000] {dag.py:4180} INFO - Setting next_dagrun for example_bash_decorator to None, run_after=None
[2024-12-17T21:07:37.018+0000] {processor.py:208} INFO - Processing /home/airflow/.local/lib/python3.12/site-packages/airflow/example_dags/example_bash_decorator.py took 0.093 seconds
[2024-12-17T21:08:07.958+0000] {processor.py:186} INFO - Started process (PID=951) to work on /home/airflow/.local/lib/python3.12/site-packages/airflow/example_dags/example_bash_decorator.py
[2024-12-17T21:08:07.959+0000] {processor.py:914} INFO - Processing file /home/airflow/.local/lib/python3.12/site-packages/airflow/example_dags/example_bash_decorator.py for tasks to queue
[2024-12-17T21:08:07.961+0000] {logging_mixin.py:190} INFO - [2024-12-17T21:08:07.961+0000] {dagbag.py:588} INFO - Filling up the DagBag from /home/airflow/.local/lib/python3.12/site-packages/airflow/example_dags/example_bash_decorator.py
[2024-12-17T21:08:07.978+0000] {processor.py:925} INFO - DAG(s) 'example_bash_decorator' retrieved from /home/airflow/.local/lib/python3.12/site-packages/airflow/example_dags/example_bash_decorator.py
[2024-12-17T21:08:08.002+0000] {logging_mixin.py:190} INFO - [2024-12-17T21:08:08.002+0000] {dag.py:3239} INFO - Sync 1 DAGs
[2024-12-17T21:08:08.019+0000] {logging_mixin.py:190} INFO - [2024-12-17T21:08:08.018+0000] {dag.py:4180} INFO - Setting next_dagrun for example_bash_decorator to None, run_after=None
[2024-12-17T21:08:08.044+0000] {processor.py:208} INFO - Processing /home/airflow/.local/lib/python3.12/site-packages/airflow/example_dags/example_bash_decorator.py took 0.092 seconds
[2024-12-17T21:08:38.346+0000] {processor.py:186} INFO - Started process (PID=1016) to work on /home/airflow/.local/lib/python3.12/site-packages/airflow/example_dags/example_bash_decorator.py
[2024-12-17T21:08:38.347+0000] {processor.py:914} INFO - Processing file /home/airflow/.local/lib/python3.12/site-packages/airflow/example_dags/example_bash_decorator.py for tasks to queue
[2024-12-17T21:08:38.348+0000] {logging_mixin.py:190} INFO - [2024-12-17T21:08:38.348+0000] {dagbag.py:588} INFO - Filling up the DagBag from /home/airflow/.local/lib/python3.12/site-packages/airflow/example_dags/example_bash_decorator.py
[2024-12-17T21:08:38.363+0000] {processor.py:925} INFO - DAG(s) 'example_bash_decorator' retrieved from /home/airflow/.local/lib/python3.12/site-packages/airflow/example_dags/example_bash_decorator.py
[2024-12-17T21:08:38.385+0000] {logging_mixin.py:190} INFO - [2024-12-17T21:08:38.385+0000] {dag.py:3239} INFO - Sync 1 DAGs
[2024-12-17T21:08:38.399+0000] {logging_mixin.py:190} INFO - [2024-12-17T21:08:38.399+0000] {dag.py:4180} INFO - Setting next_dagrun for example_bash_decorator to None, run_after=None
[2024-12-17T21:08:38.414+0000] {processor.py:208} INFO - Processing /home/airflow/.local/lib/python3.12/site-packages/airflow/example_dags/example_bash_decorator.py took 0.074 seconds
[2024-12-17T21:09:10.159+0000] {processor.py:186} INFO - Started process (PID=1081) to work on /home/airflow/.local/lib/python3.12/site-packages/airflow/example_dags/example_bash_decorator.py
[2024-12-17T21:09:10.160+0000] {processor.py:914} INFO - Processing file /home/airflow/.local/lib/python3.12/site-packages/airflow/example_dags/example_bash_decorator.py for tasks to queue
[2024-12-17T21:09:10.162+0000] {logging_mixin.py:190} INFO - [2024-12-17T21:09:10.161+0000] {dagbag.py:588} INFO - Filling up the DagBag from /home/airflow/.local/lib/python3.12/site-packages/airflow/example_dags/example_bash_decorator.py
[2024-12-17T21:09:10.176+0000] {processor.py:925} INFO - DAG(s) 'example_bash_decorator' retrieved from /home/airflow/.local/lib/python3.12/site-packages/airflow/example_dags/example_bash_decorator.py
[2024-12-17T21:09:10.196+0000] {logging_mixin.py:190} INFO - [2024-12-17T21:09:10.196+0000] {dag.py:3239} INFO - Sync 1 DAGs
[2024-12-17T21:09:10.210+0000] {logging_mixin.py:190} INFO - [2024-12-17T21:09:10.210+0000] {dag.py:4180} INFO - Setting next_dagrun for example_bash_decorator to None, run_after=None
[2024-12-17T21:09:10.235+0000] {processor.py:208} INFO - Processing /home/airflow/.local/lib/python3.12/site-packages/airflow/example_dags/example_bash_decorator.py took 0.081 seconds
[2024-12-17T21:09:41.618+0000] {processor.py:186} INFO - Started process (PID=1145) to work on /home/airflow/.local/lib/python3.12/site-packages/airflow/example_dags/example_bash_decorator.py
[2024-12-17T21:09:41.619+0000] {processor.py:914} INFO - Processing file /home/airflow/.local/lib/python3.12/site-packages/airflow/example_dags/example_bash_decorator.py for tasks to queue
[2024-12-17T21:09:41.621+0000] {logging_mixin.py:190} INFO - [2024-12-17T21:09:41.621+0000] {dagbag.py:588} INFO - Filling up the DagBag from /home/airflow/.local/lib/python3.12/site-packages/airflow/example_dags/example_bash_decorator.py
[2024-12-17T21:09:41.645+0000] {processor.py:925} INFO - DAG(s) 'example_bash_decorator' retrieved from /home/airflow/.local/lib/python3.12/site-packages/airflow/example_dags/example_bash_decorator.py
[2024-12-17T21:09:41.679+0000] {logging_mixin.py:190} INFO - [2024-12-17T21:09:41.678+0000] {dag.py:3239} INFO - Sync 1 DAGs
[2024-12-17T21:09:41.704+0000] {logging_mixin.py:190} INFO - [2024-12-17T21:09:41.704+0000] {dag.py:4180} INFO - Setting next_dagrun for example_bash_decorator to None, run_after=None
[2024-12-17T21:09:41.727+0000] {processor.py:208} INFO - Processing /home/airflow/.local/lib/python3.12/site-packages/airflow/example_dags/example_bash_decorator.py took 0.117 seconds
[2024-12-17T21:10:13.059+0000] {processor.py:186} INFO - Started process (PID=1215) to work on /home/airflow/.local/lib/python3.12/site-packages/airflow/example_dags/example_bash_decorator.py
[2024-12-17T21:10:13.060+0000] {processor.py:914} INFO - Processing file /home/airflow/.local/lib/python3.12/site-packages/airflow/example_dags/example_bash_decorator.py for tasks to queue
[2024-12-17T21:10:13.061+0000] {logging_mixin.py:190} INFO - [2024-12-17T21:10:13.061+0000] {dagbag.py:588} INFO - Filling up the DagBag from /home/airflow/.local/lib/python3.12/site-packages/airflow/example_dags/example_bash_decorator.py
[2024-12-17T21:10:13.076+0000] {processor.py:925} INFO - DAG(s) 'example_bash_decorator' retrieved from /home/airflow/.local/lib/python3.12/site-packages/airflow/example_dags/example_bash_decorator.py
[2024-12-17T21:10:13.099+0000] {logging_mixin.py:190} INFO - [2024-12-17T21:10:13.099+0000] {dag.py:3239} INFO - Sync 1 DAGs
[2024-12-17T21:10:13.115+0000] {logging_mixin.py:190} INFO - [2024-12-17T21:10:13.115+0000] {dag.py:4180} INFO - Setting next_dagrun for example_bash_decorator to None, run_after=None
[2024-12-17T21:10:13.137+0000] {processor.py:208} INFO - Processing /home/airflow/.local/lib/python3.12/site-packages/airflow/example_dags/example_bash_decorator.py took 0.083 seconds
[2024-12-17T21:10:44.405+0000] {processor.py:186} INFO - Started process (PID=1279) to work on /home/airflow/.local/lib/python3.12/site-packages/airflow/example_dags/example_bash_decorator.py
[2024-12-17T21:10:44.406+0000] {processor.py:914} INFO - Processing file /home/airflow/.local/lib/python3.12/site-packages/airflow/example_dags/example_bash_decorator.py for tasks to queue
[2024-12-17T21:10:44.407+0000] {logging_mixin.py:190} INFO - [2024-12-17T21:10:44.407+0000] {dagbag.py:588} INFO - Filling up the DagBag from /home/airflow/.local/lib/python3.12/site-packages/airflow/example_dags/example_bash_decorator.py
[2024-12-17T21:10:44.422+0000] {processor.py:925} INFO - DAG(s) 'example_bash_decorator' retrieved from /home/airflow/.local/lib/python3.12/site-packages/airflow/example_dags/example_bash_decorator.py
[2024-12-17T21:10:44.445+0000] {logging_mixin.py:190} INFO - [2024-12-17T21:10:44.445+0000] {dag.py:3239} INFO - Sync 1 DAGs
[2024-12-17T21:10:44.460+0000] {logging_mixin.py:190} INFO - [2024-12-17T21:10:44.460+0000] {dag.py:4180} INFO - Setting next_dagrun for example_bash_decorator to None, run_after=None
[2024-12-17T21:10:44.479+0000] {processor.py:208} INFO - Processing /home/airflow/.local/lib/python3.12/site-packages/airflow/example_dags/example_bash_decorator.py took 0.080 seconds
[2024-12-17T21:11:15.532+0000] {processor.py:186} INFO - Started process (PID=1343) to work on /home/airflow/.local/lib/python3.12/site-packages/airflow/example_dags/example_bash_decorator.py
[2024-12-17T21:11:15.533+0000] {processor.py:914} INFO - Processing file /home/airflow/.local/lib/python3.12/site-packages/airflow/example_dags/example_bash_decorator.py for tasks to queue
[2024-12-17T21:11:15.535+0000] {logging_mixin.py:190} INFO - [2024-12-17T21:11:15.535+0000] {dagbag.py:588} INFO - Filling up the DagBag from /home/airflow/.local/lib/python3.12/site-packages/airflow/example_dags/example_bash_decorator.py
[2024-12-17T21:11:15.552+0000] {processor.py:925} INFO - DAG(s) 'example_bash_decorator' retrieved from /home/airflow/.local/lib/python3.12/site-packages/airflow/example_dags/example_bash_decorator.py
[2024-12-17T21:11:15.574+0000] {logging_mixin.py:190} INFO - [2024-12-17T21:11:15.574+0000] {dag.py:3239} INFO - Sync 1 DAGs
[2024-12-17T21:11:15.590+0000] {logging_mixin.py:190} INFO - [2024-12-17T21:11:15.590+0000] {dag.py:4180} INFO - Setting next_dagrun for example_bash_decorator to None, run_after=None
[2024-12-17T21:11:15.615+0000] {processor.py:208} INFO - Processing /home/airflow/.local/lib/python3.12/site-packages/airflow/example_dags/example_bash_decorator.py took 0.090 seconds
[2024-12-17T21:11:47.636+0000] {processor.py:186} INFO - Started process (PID=1409) to work on /home/airflow/.local/lib/python3.12/site-packages/airflow/example_dags/example_bash_decorator.py
[2024-12-17T21:11:47.637+0000] {processor.py:914} INFO - Processing file /home/airflow/.local/lib/python3.12/site-packages/airflow/example_dags/example_bash_decorator.py for tasks to queue
[2024-12-17T21:11:47.638+0000] {logging_mixin.py:190} INFO - [2024-12-17T21:11:47.638+0000] {dagbag.py:588} INFO - Filling up the DagBag from /home/airflow/.local/lib/python3.12/site-packages/airflow/example_dags/example_bash_decorator.py
[2024-12-17T21:11:47.653+0000] {processor.py:925} INFO - DAG(s) 'example_bash_decorator' retrieved from /home/airflow/.local/lib/python3.12/site-packages/airflow/example_dags/example_bash_decorator.py
[2024-12-17T21:11:47.676+0000] {logging_mixin.py:190} INFO - [2024-12-17T21:11:47.676+0000] {dag.py:3239} INFO - Sync 1 DAGs
[2024-12-17T21:11:47.694+0000] {logging_mixin.py:190} INFO - [2024-12-17T21:11:47.693+0000] {dag.py:4180} INFO - Setting next_dagrun for example_bash_decorator to None, run_after=None
[2024-12-17T21:11:47.711+0000] {processor.py:208} INFO - Processing /home/airflow/.local/lib/python3.12/site-packages/airflow/example_dags/example_bash_decorator.py took 0.081 seconds
[2024-12-17T21:12:18.410+0000] {processor.py:186} INFO - Started process (PID=1472) to work on /home/airflow/.local/lib/python3.12/site-packages/airflow/example_dags/example_bash_decorator.py
[2024-12-17T21:12:18.411+0000] {processor.py:914} INFO - Processing file /home/airflow/.local/lib/python3.12/site-packages/airflow/example_dags/example_bash_decorator.py for tasks to queue
[2024-12-17T21:12:18.412+0000] {logging_mixin.py:190} INFO - [2024-12-17T21:12:18.412+0000] {dagbag.py:588} INFO - Filling up the DagBag from /home/airflow/.local/lib/python3.12/site-packages/airflow/example_dags/example_bash_decorator.py
[2024-12-17T21:12:18.426+0000] {processor.py:925} INFO - DAG(s) 'example_bash_decorator' retrieved from /home/airflow/.local/lib/python3.12/site-packages/airflow/example_dags/example_bash_decorator.py
[2024-12-17T21:12:18.447+0000] {logging_mixin.py:190} INFO - [2024-12-17T21:12:18.447+0000] {dag.py:3239} INFO - Sync 1 DAGs
[2024-12-17T21:12:18.461+0000] {logging_mixin.py:190} INFO - [2024-12-17T21:12:18.461+0000] {dag.py:4180} INFO - Setting next_dagrun for example_bash_decorator to None, run_after=None
[2024-12-17T21:12:18.485+0000] {processor.py:208} INFO - Processing /home/airflow/.local/lib/python3.12/site-packages/airflow/example_dags/example_bash_decorator.py took 0.080 seconds
[2024-12-17T21:12:50.126+0000] {processor.py:186} INFO - Started process (PID=1538) to work on /home/airflow/.local/lib/python3.12/site-packages/airflow/example_dags/example_bash_decorator.py
[2024-12-17T21:12:50.127+0000] {processor.py:914} INFO - Processing file /home/airflow/.local/lib/python3.12/site-packages/airflow/example_dags/example_bash_decorator.py for tasks to queue
[2024-12-17T21:12:50.129+0000] {logging_mixin.py:190} INFO - [2024-12-17T21:12:50.128+0000] {dagbag.py:588} INFO - Filling up the DagBag from /home/airflow/.local/lib/python3.12/site-packages/airflow/example_dags/example_bash_decorator.py
[2024-12-17T21:12:50.147+0000] {processor.py:925} INFO - DAG(s) 'example_bash_decorator' retrieved from /home/airflow/.local/lib/python3.12/site-packages/airflow/example_dags/example_bash_decorator.py
[2024-12-17T21:12:50.173+0000] {logging_mixin.py:190} INFO - [2024-12-17T21:12:50.173+0000] {dag.py:3239} INFO - Sync 1 DAGs
[2024-12-17T21:12:50.191+0000] {logging_mixin.py:190} INFO - [2024-12-17T21:12:50.191+0000] {dag.py:4180} INFO - Setting next_dagrun for example_bash_decorator to None, run_after=None
[2024-12-17T21:12:50.217+0000] {processor.py:208} INFO - Processing /home/airflow/.local/lib/python3.12/site-packages/airflow/example_dags/example_bash_decorator.py took 0.100 seconds
[2024-12-17T21:13:20.682+0000] {processor.py:186} INFO - Started process (PID=1601) to work on /home/airflow/.local/lib/python3.12/site-packages/airflow/example_dags/example_bash_decorator.py
[2024-12-17T21:13:20.683+0000] {processor.py:914} INFO - Processing file /home/airflow/.local/lib/python3.12/site-packages/airflow/example_dags/example_bash_decorator.py for tasks to queue
[2024-12-17T21:13:20.684+0000] {logging_mixin.py:190} INFO - [2024-12-17T21:13:20.684+0000] {dagbag.py:588} INFO - Filling up the DagBag from /home/airflow/.local/lib/python3.12/site-packages/airflow/example_dags/example_bash_decorator.py
[2024-12-17T21:13:20.699+0000] {processor.py:925} INFO - DAG(s) 'example_bash_decorator' retrieved from /home/airflow/.local/lib/python3.12/site-packages/airflow/example_dags/example_bash_decorator.py
[2024-12-17T21:13:20.721+0000] {logging_mixin.py:190} INFO - [2024-12-17T21:13:20.721+0000] {dag.py:3239} INFO - Sync 1 DAGs
[2024-12-17T21:13:20.735+0000] {logging_mixin.py:190} INFO - [2024-12-17T21:13:20.735+0000] {dag.py:4180} INFO - Setting next_dagrun for example_bash_decorator to None, run_after=None
[2024-12-17T21:13:20.759+0000] {processor.py:208} INFO - Processing /home/airflow/.local/lib/python3.12/site-packages/airflow/example_dags/example_bash_decorator.py took 0.083 seconds
[2024-12-17T21:13:52.127+0000] {processor.py:186} INFO - Started process (PID=1666) to work on /home/airflow/.local/lib/python3.12/site-packages/airflow/example_dags/example_bash_decorator.py
[2024-12-17T21:13:52.128+0000] {processor.py:914} INFO - Processing file /home/airflow/.local/lib/python3.12/site-packages/airflow/example_dags/example_bash_decorator.py for tasks to queue
[2024-12-17T21:13:52.129+0000] {logging_mixin.py:190} INFO - [2024-12-17T21:13:52.129+0000] {dagbag.py:588} INFO - Filling up the DagBag from /home/airflow/.local/lib/python3.12/site-packages/airflow/example_dags/example_bash_decorator.py
[2024-12-17T21:13:52.143+0000] {processor.py:925} INFO - DAG(s) 'example_bash_decorator' retrieved from /home/airflow/.local/lib/python3.12/site-packages/airflow/example_dags/example_bash_decorator.py
[2024-12-17T21:13:52.165+0000] {logging_mixin.py:190} INFO - [2024-12-17T21:13:52.165+0000] {dag.py:3239} INFO - Sync 1 DAGs
[2024-12-17T21:13:52.180+0000] {logging_mixin.py:190} INFO - [2024-12-17T21:13:52.179+0000] {dag.py:4180} INFO - Setting next_dagrun for example_bash_decorator to None, run_after=None
[2024-12-17T21:13:52.203+0000] {processor.py:208} INFO - Processing /home/airflow/.local/lib/python3.12/site-packages/airflow/example_dags/example_bash_decorator.py took 0.081 seconds
[2024-12-17T21:14:22.998+0000] {processor.py:186} INFO - Started process (PID=1729) to work on /home/airflow/.local/lib/python3.12/site-packages/airflow/example_dags/example_bash_decorator.py
[2024-12-17T21:14:22.999+0000] {processor.py:914} INFO - Processing file /home/airflow/.local/lib/python3.12/site-packages/airflow/example_dags/example_bash_decorator.py for tasks to queue
[2024-12-17T21:14:23.001+0000] {logging_mixin.py:190} INFO - [2024-12-17T21:14:23.000+0000] {dagbag.py:588} INFO - Filling up the DagBag from /home/airflow/.local/lib/python3.12/site-packages/airflow/example_dags/example_bash_decorator.py
[2024-12-17T21:14:23.015+0000] {processor.py:925} INFO - DAG(s) 'example_bash_decorator' retrieved from /home/airflow/.local/lib/python3.12/site-packages/airflow/example_dags/example_bash_decorator.py
[2024-12-17T21:14:23.036+0000] {logging_mixin.py:190} INFO - [2024-12-17T21:14:23.036+0000] {dag.py:3239} INFO - Sync 1 DAGs
[2024-12-17T21:14:23.050+0000] {logging_mixin.py:190} INFO - [2024-12-17T21:14:23.050+0000] {dag.py:4180} INFO - Setting next_dagrun for example_bash_decorator to None, run_after=None
[2024-12-17T21:14:23.074+0000] {processor.py:208} INFO - Processing /home/airflow/.local/lib/python3.12/site-packages/airflow/example_dags/example_bash_decorator.py took 0.081 seconds
[2024-12-17T21:14:53.949+0000] {processor.py:186} INFO - Started process (PID=1793) to work on /home/airflow/.local/lib/python3.12/site-packages/airflow/example_dags/example_bash_decorator.py
[2024-12-17T21:14:53.950+0000] {processor.py:914} INFO - Processing file /home/airflow/.local/lib/python3.12/site-packages/airflow/example_dags/example_bash_decorator.py for tasks to queue
[2024-12-17T21:14:53.951+0000] {logging_mixin.py:190} INFO - [2024-12-17T21:14:53.951+0000] {dagbag.py:588} INFO - Filling up the DagBag from /home/airflow/.local/lib/python3.12/site-packages/airflow/example_dags/example_bash_decorator.py
[2024-12-17T21:14:53.965+0000] {processor.py:925} INFO - DAG(s) 'example_bash_decorator' retrieved from /home/airflow/.local/lib/python3.12/site-packages/airflow/example_dags/example_bash_decorator.py
[2024-12-17T21:14:53.986+0000] {logging_mixin.py:190} INFO - [2024-12-17T21:14:53.986+0000] {dag.py:3239} INFO - Sync 1 DAGs
[2024-12-17T21:14:54.001+0000] {logging_mixin.py:190} INFO - [2024-12-17T21:14:54.001+0000] {dag.py:4180} INFO - Setting next_dagrun for example_bash_decorator to None, run_after=None
[2024-12-17T21:14:54.032+0000] {processor.py:208} INFO - Processing /home/airflow/.local/lib/python3.12/site-packages/airflow/example_dags/example_bash_decorator.py took 0.088 seconds
[2024-12-17T21:15:24.895+0000] {processor.py:186} INFO - Started process (PID=1857) to work on /home/airflow/.local/lib/python3.12/site-packages/airflow/example_dags/example_bash_decorator.py
[2024-12-17T21:15:24.896+0000] {processor.py:914} INFO - Processing file /home/airflow/.local/lib/python3.12/site-packages/airflow/example_dags/example_bash_decorator.py for tasks to queue
[2024-12-17T21:15:24.898+0000] {logging_mixin.py:190} INFO - [2024-12-17T21:15:24.897+0000] {dagbag.py:588} INFO - Filling up the DagBag from /home/airflow/.local/lib/python3.12/site-packages/airflow/example_dags/example_bash_decorator.py
[2024-12-17T21:15:24.916+0000] {processor.py:925} INFO - DAG(s) 'example_bash_decorator' retrieved from /home/airflow/.local/lib/python3.12/site-packages/airflow/example_dags/example_bash_decorator.py
[2024-12-17T21:15:24.939+0000] {logging_mixin.py:190} INFO - [2024-12-17T21:15:24.939+0000] {dag.py:3239} INFO - Sync 1 DAGs
[2024-12-17T21:15:24.953+0000] {logging_mixin.py:190} INFO - [2024-12-17T21:15:24.953+0000] {dag.py:4180} INFO - Setting next_dagrun for example_bash_decorator to None, run_after=None
[2024-12-17T21:15:24.978+0000] {processor.py:208} INFO - Processing /home/airflow/.local/lib/python3.12/site-packages/airflow/example_dags/example_bash_decorator.py took 0.089 seconds
[2024-12-17T21:15:56.184+0000] {processor.py:186} INFO - Started process (PID=1921) to work on /home/airflow/.local/lib/python3.12/site-packages/airflow/example_dags/example_bash_decorator.py
[2024-12-17T21:15:56.185+0000] {processor.py:914} INFO - Processing file /home/airflow/.local/lib/python3.12/site-packages/airflow/example_dags/example_bash_decorator.py for tasks to queue
[2024-12-17T21:15:56.187+0000] {logging_mixin.py:190} INFO - [2024-12-17T21:15:56.186+0000] {dagbag.py:588} INFO - Filling up the DagBag from /home/airflow/.local/lib/python3.12/site-packages/airflow/example_dags/example_bash_decorator.py
[2024-12-17T21:15:56.201+0000] {processor.py:925} INFO - DAG(s) 'example_bash_decorator' retrieved from /home/airflow/.local/lib/python3.12/site-packages/airflow/example_dags/example_bash_decorator.py
[2024-12-17T21:15:56.223+0000] {logging_mixin.py:190} INFO - [2024-12-17T21:15:56.223+0000] {dag.py:3239} INFO - Sync 1 DAGs
[2024-12-17T21:15:56.238+0000] {logging_mixin.py:190} INFO - [2024-12-17T21:15:56.238+0000] {dag.py:4180} INFO - Setting next_dagrun for example_bash_decorator to None, run_after=None
[2024-12-17T21:15:56.264+0000] {processor.py:208} INFO - Processing /home/airflow/.local/lib/python3.12/site-packages/airflow/example_dags/example_bash_decorator.py took 0.085 seconds
[2024-12-17T21:16:28.971+0000] {processor.py:186} INFO - Started process (PID=1985) to work on /home/airflow/.local/lib/python3.12/site-packages/airflow/example_dags/example_bash_decorator.py
[2024-12-17T21:16:28.972+0000] {processor.py:914} INFO - Processing file /home/airflow/.local/lib/python3.12/site-packages/airflow/example_dags/example_bash_decorator.py for tasks to queue
[2024-12-17T21:16:28.973+0000] {logging_mixin.py:190} INFO - [2024-12-17T21:16:28.973+0000] {dagbag.py:588} INFO - Filling up the DagBag from /home/airflow/.local/lib/python3.12/site-packages/airflow/example_dags/example_bash_decorator.py
[2024-12-17T21:16:28.993+0000] {processor.py:925} INFO - DAG(s) 'example_bash_decorator' retrieved from /home/airflow/.local/lib/python3.12/site-packages/airflow/example_dags/example_bash_decorator.py
[2024-12-17T21:16:29.020+0000] {logging_mixin.py:190} INFO - [2024-12-17T21:16:29.019+0000] {dag.py:3239} INFO - Sync 1 DAGs
[2024-12-17T21:16:29.041+0000] {logging_mixin.py:190} INFO - [2024-12-17T21:16:29.040+0000] {dag.py:4180} INFO - Setting next_dagrun for example_bash_decorator to None, run_after=None
[2024-12-17T21:16:29.063+0000] {processor.py:208} INFO - Processing /home/airflow/.local/lib/python3.12/site-packages/airflow/example_dags/example_bash_decorator.py took 0.102 seconds
[2024-12-17T21:17:01.215+0000] {processor.py:186} INFO - Started process (PID=2058) to work on /home/airflow/.local/lib/python3.12/site-packages/airflow/example_dags/example_bash_decorator.py
[2024-12-17T21:17:01.216+0000] {processor.py:914} INFO - Processing file /home/airflow/.local/lib/python3.12/site-packages/airflow/example_dags/example_bash_decorator.py for tasks to queue
[2024-12-17T21:17:01.218+0000] {logging_mixin.py:190} INFO - [2024-12-17T21:17:01.218+0000] {dagbag.py:588} INFO - Filling up the DagBag from /home/airflow/.local/lib/python3.12/site-packages/airflow/example_dags/example_bash_decorator.py
[2024-12-17T21:17:01.236+0000] {processor.py:925} INFO - DAG(s) 'example_bash_decorator' retrieved from /home/airflow/.local/lib/python3.12/site-packages/airflow/example_dags/example_bash_decorator.py
[2024-12-17T21:17:01.265+0000] {logging_mixin.py:190} INFO - [2024-12-17T21:17:01.265+0000] {dag.py:3239} INFO - Sync 1 DAGs
[2024-12-17T21:17:01.283+0000] {logging_mixin.py:190} INFO - [2024-12-17T21:17:01.283+0000] {dag.py:4180} INFO - Setting next_dagrun for example_bash_decorator to None, run_after=None
[2024-12-17T21:17:01.308+0000] {processor.py:208} INFO - Processing /home/airflow/.local/lib/python3.12/site-packages/airflow/example_dags/example_bash_decorator.py took 0.101 seconds
[2024-12-17T21:17:32.272+0000] {processor.py:186} INFO - Started process (PID=2122) to work on /home/airflow/.local/lib/python3.12/site-packages/airflow/example_dags/example_bash_decorator.py
[2024-12-17T21:17:32.273+0000] {processor.py:914} INFO - Processing file /home/airflow/.local/lib/python3.12/site-packages/airflow/example_dags/example_bash_decorator.py for tasks to queue
[2024-12-17T21:17:32.274+0000] {logging_mixin.py:190} INFO - [2024-12-17T21:17:32.274+0000] {dagbag.py:588} INFO - Filling up the DagBag from /home/airflow/.local/lib/python3.12/site-packages/airflow/example_dags/example_bash_decorator.py
[2024-12-17T21:17:32.289+0000] {processor.py:925} INFO - DAG(s) 'example_bash_decorator' retrieved from /home/airflow/.local/lib/python3.12/site-packages/airflow/example_dags/example_bash_decorator.py
[2024-12-17T21:17:32.316+0000] {logging_mixin.py:190} INFO - [2024-12-17T21:17:32.315+0000] {dag.py:3239} INFO - Sync 1 DAGs
[2024-12-17T21:17:32.331+0000] {logging_mixin.py:190} INFO - [2024-12-17T21:17:32.330+0000] {dag.py:4180} INFO - Setting next_dagrun for example_bash_decorator to None, run_after=None
[2024-12-17T21:17:32.353+0000] {processor.py:208} INFO - Processing /home/airflow/.local/lib/python3.12/site-packages/airflow/example_dags/example_bash_decorator.py took 0.087 seconds
