[2024-12-17T21:01:21.028+0000] {processor.py:186} INFO - Started process (PID=103) to work on /home/airflow/.local/lib/python3.12/site-packages/airflow/example_dags/example_xcomargs.py
[2024-12-17T21:01:21.029+0000] {processor.py:914} INFO - Processing file /home/airflow/.local/lib/python3.12/site-packages/airflow/example_dags/example_xcomargs.py for tasks to queue
[2024-12-17T21:01:21.032+0000] {logging_mixin.py:190} INFO - [2024-12-17T21:01:21.031+0000] {dagbag.py:588} INFO - Filling up the DagBag from /home/airflow/.local/lib/python3.12/site-packages/airflow/example_dags/example_xcomargs.py
[2024-12-17T21:01:21.043+0000] {processor.py:925} INFO - DAG(s) 'example_xcom_args', 'example_xcom_args_with_operators' retrieved from /home/airflow/.local/lib/python3.12/site-packages/airflow/example_dags/example_xcomargs.py
[2024-12-17T21:01:21.193+0000] {logging_mixin.py:190} INFO - [2024-12-17T21:01:21.192+0000] {override.py:1911} INFO - Created Permission View: can delete on DAG:example_xcom_args
[2024-12-17T21:01:21.208+0000] {logging_mixin.py:190} INFO - [2024-12-17T21:01:21.207+0000] {override.py:1911} INFO - Created Permission View: can read on DAG:example_xcom_args
[2024-12-17T21:01:21.219+0000] {logging_mixin.py:190} INFO - [2024-12-17T21:01:21.218+0000] {override.py:1911} INFO - Created Permission View: can edit on DAG:example_xcom_args
[2024-12-17T21:01:21.233+0000] {logging_mixin.py:190} INFO - [2024-12-17T21:01:21.232+0000] {override.py:1911} INFO - Created Permission View: can create on DAG Run:example_xcom_args
[2024-12-17T21:01:21.243+0000] {logging_mixin.py:190} INFO - [2024-12-17T21:01:21.242+0000] {override.py:1911} INFO - Created Permission View: menu access on DAG Run:example_xcom_args
[2024-12-17T21:01:21.253+0000] {logging_mixin.py:190} INFO - [2024-12-17T21:01:21.253+0000] {override.py:1911} INFO - Created Permission View: can delete on DAG Run:example_xcom_args
[2024-12-17T21:01:21.265+0000] {logging_mixin.py:190} INFO - [2024-12-17T21:01:21.264+0000] {override.py:1911} INFO - Created Permission View: can read on DAG Run:example_xcom_args
[2024-12-17T21:01:21.285+0000] {logging_mixin.py:190} INFO - [2024-12-17T21:01:21.284+0000] {override.py:1911} INFO - Created Permission View: can delete on DAG:example_xcom_args_with_operators
[2024-12-17T21:01:21.295+0000] {logging_mixin.py:190} INFO - [2024-12-17T21:01:21.294+0000] {override.py:1911} INFO - Created Permission View: can read on DAG:example_xcom_args_with_operators
[2024-12-17T21:01:21.307+0000] {logging_mixin.py:190} INFO - [2024-12-17T21:01:21.306+0000] {override.py:1911} INFO - Created Permission View: can edit on DAG:example_xcom_args_with_operators
[2024-12-17T21:01:21.315+0000] {logging_mixin.py:190} INFO - [2024-12-17T21:01:21.315+0000] {override.py:1911} INFO - Created Permission View: can create on DAG Run:example_xcom_args_with_operators
[2024-12-17T21:01:21.327+0000] {logging_mixin.py:190} INFO - [2024-12-17T21:01:21.326+0000] {override.py:1911} INFO - Created Permission View: menu access on DAG Run:example_xcom_args_with_operators
[2024-12-17T21:01:21.335+0000] {logging_mixin.py:190} INFO - [2024-12-17T21:01:21.335+0000] {override.py:1911} INFO - Created Permission View: can delete on DAG Run:example_xcom_args_with_operators
[2024-12-17T21:01:21.345+0000] {logging_mixin.py:190} INFO - [2024-12-17T21:01:21.345+0000] {override.py:1911} INFO - Created Permission View: can read on DAG Run:example_xcom_args_with_operators
[2024-12-17T21:01:21.347+0000] {logging_mixin.py:190} INFO - [2024-12-17T21:01:21.346+0000] {dag.py:3239} INFO - Sync 2 DAGs
[2024-12-17T21:01:21.380+0000] {logging_mixin.py:190} INFO - [2024-12-17T21:01:21.379+0000] {dag.py:3262} INFO - Creating ORM DAG for example_xcom_args_with_operators
[2024-12-17T21:01:21.384+0000] {logging_mixin.py:190} INFO - [2024-12-17T21:01:21.383+0000] {dag.py:3262} INFO - Creating ORM DAG for example_xcom_args
[2024-12-17T21:01:21.389+0000] {logging_mixin.py:190} INFO - [2024-12-17T21:01:21.388+0000] {dag.py:4180} INFO - Setting next_dagrun for example_xcom_args to None, run_after=None
[2024-12-17T21:01:21.391+0000] {logging_mixin.py:190} INFO - [2024-12-17T21:01:21.391+0000] {dag.py:4180} INFO - Setting next_dagrun for example_xcom_args_with_operators to None, run_after=None
[2024-12-17T21:01:21.424+0000] {processor.py:208} INFO - Processing /home/airflow/.local/lib/python3.12/site-packages/airflow/example_dags/example_xcomargs.py took 0.402 seconds
[2024-12-17T21:01:51.462+0000] {processor.py:186} INFO - Started process (PID=167) to work on /home/airflow/.local/lib/python3.12/site-packages/airflow/example_dags/example_xcomargs.py
[2024-12-17T21:01:51.463+0000] {processor.py:914} INFO - Processing file /home/airflow/.local/lib/python3.12/site-packages/airflow/example_dags/example_xcomargs.py for tasks to queue
[2024-12-17T21:01:51.466+0000] {logging_mixin.py:190} INFO - [2024-12-17T21:01:51.465+0000] {dagbag.py:588} INFO - Filling up the DagBag from /home/airflow/.local/lib/python3.12/site-packages/airflow/example_dags/example_xcomargs.py
[2024-12-17T21:01:51.475+0000] {processor.py:925} INFO - DAG(s) 'example_xcom_args_with_operators', 'example_xcom_args' retrieved from /home/airflow/.local/lib/python3.12/site-packages/airflow/example_dags/example_xcomargs.py
[2024-12-17T21:01:51.498+0000] {logging_mixin.py:190} INFO - [2024-12-17T21:01:51.497+0000] {dag.py:3239} INFO - Sync 2 DAGs
[2024-12-17T21:01:51.512+0000] {logging_mixin.py:190} INFO - [2024-12-17T21:01:51.512+0000] {dag.py:4180} INFO - Setting next_dagrun for example_xcom_args to None, run_after=None
[2024-12-17T21:01:51.516+0000] {logging_mixin.py:190} INFO - [2024-12-17T21:01:51.516+0000] {dag.py:4180} INFO - Setting next_dagrun for example_xcom_args_with_operators to None, run_after=None
[2024-12-17T21:01:51.536+0000] {processor.py:208} INFO - Processing /home/airflow/.local/lib/python3.12/site-packages/airflow/example_dags/example_xcomargs.py took 0.079 seconds
[2024-12-17T21:02:22.530+0000] {processor.py:186} INFO - Started process (PID=232) to work on /home/airflow/.local/lib/python3.12/site-packages/airflow/example_dags/example_xcomargs.py
[2024-12-17T21:02:22.531+0000] {processor.py:914} INFO - Processing file /home/airflow/.local/lib/python3.12/site-packages/airflow/example_dags/example_xcomargs.py for tasks to queue
[2024-12-17T21:02:22.533+0000] {logging_mixin.py:190} INFO - [2024-12-17T21:02:22.533+0000] {dagbag.py:588} INFO - Filling up the DagBag from /home/airflow/.local/lib/python3.12/site-packages/airflow/example_dags/example_xcomargs.py
[2024-12-17T21:02:22.543+0000] {processor.py:925} INFO - DAG(s) 'example_xcom_args', 'example_xcom_args_with_operators' retrieved from /home/airflow/.local/lib/python3.12/site-packages/airflow/example_dags/example_xcomargs.py
[2024-12-17T21:02:22.567+0000] {logging_mixin.py:190} INFO - [2024-12-17T21:02:22.567+0000] {dag.py:3239} INFO - Sync 2 DAGs
[2024-12-17T21:02:22.581+0000] {logging_mixin.py:190} INFO - [2024-12-17T21:02:22.581+0000] {dag.py:4180} INFO - Setting next_dagrun for example_xcom_args to None, run_after=None
[2024-12-17T21:02:22.585+0000] {logging_mixin.py:190} INFO - [2024-12-17T21:02:22.585+0000] {dag.py:4180} INFO - Setting next_dagrun for example_xcom_args_with_operators to None, run_after=None
[2024-12-17T21:02:22.607+0000] {processor.py:208} INFO - Processing /home/airflow/.local/lib/python3.12/site-packages/airflow/example_dags/example_xcomargs.py took 0.083 seconds
[2024-12-17T21:02:53.845+0000] {processor.py:186} INFO - Started process (PID=295) to work on /home/airflow/.local/lib/python3.12/site-packages/airflow/example_dags/example_xcomargs.py
[2024-12-17T21:02:53.846+0000] {processor.py:914} INFO - Processing file /home/airflow/.local/lib/python3.12/site-packages/airflow/example_dags/example_xcomargs.py for tasks to queue
[2024-12-17T21:02:53.848+0000] {logging_mixin.py:190} INFO - [2024-12-17T21:02:53.848+0000] {dagbag.py:588} INFO - Filling up the DagBag from /home/airflow/.local/lib/python3.12/site-packages/airflow/example_dags/example_xcomargs.py
[2024-12-17T21:02:53.858+0000] {processor.py:925} INFO - DAG(s) 'example_xcom_args_with_operators', 'example_xcom_args' retrieved from /home/airflow/.local/lib/python3.12/site-packages/airflow/example_dags/example_xcomargs.py
[2024-12-17T21:02:53.880+0000] {logging_mixin.py:190} INFO - [2024-12-17T21:02:53.880+0000] {dag.py:3239} INFO - Sync 2 DAGs
[2024-12-17T21:02:53.894+0000] {logging_mixin.py:190} INFO - [2024-12-17T21:02:53.894+0000] {dag.py:4180} INFO - Setting next_dagrun for example_xcom_args to None, run_after=None
[2024-12-17T21:02:53.897+0000] {logging_mixin.py:190} INFO - [2024-12-17T21:02:53.897+0000] {dag.py:4180} INFO - Setting next_dagrun for example_xcom_args_with_operators to None, run_after=None
[2024-12-17T21:02:53.913+0000] {processor.py:208} INFO - Processing /home/airflow/.local/lib/python3.12/site-packages/airflow/example_dags/example_xcomargs.py took 0.074 seconds
[2024-12-17T21:03:25.070+0000] {processor.py:186} INFO - Started process (PID=360) to work on /home/airflow/.local/lib/python3.12/site-packages/airflow/example_dags/example_xcomargs.py
[2024-12-17T21:03:25.071+0000] {processor.py:914} INFO - Processing file /home/airflow/.local/lib/python3.12/site-packages/airflow/example_dags/example_xcomargs.py for tasks to queue
[2024-12-17T21:03:25.073+0000] {logging_mixin.py:190} INFO - [2024-12-17T21:03:25.073+0000] {dagbag.py:588} INFO - Filling up the DagBag from /home/airflow/.local/lib/python3.12/site-packages/airflow/example_dags/example_xcomargs.py
[2024-12-17T21:03:25.083+0000] {processor.py:925} INFO - DAG(s) 'example_xcom_args_with_operators', 'example_xcom_args' retrieved from /home/airflow/.local/lib/python3.12/site-packages/airflow/example_dags/example_xcomargs.py
[2024-12-17T21:03:25.105+0000] {logging_mixin.py:190} INFO - [2024-12-17T21:03:25.105+0000] {dag.py:3239} INFO - Sync 2 DAGs
[2024-12-17T21:03:25.119+0000] {logging_mixin.py:190} INFO - [2024-12-17T21:03:25.119+0000] {dag.py:4180} INFO - Setting next_dagrun for example_xcom_args to None, run_after=None
[2024-12-17T21:03:25.123+0000] {logging_mixin.py:190} INFO - [2024-12-17T21:03:25.123+0000] {dag.py:4180} INFO - Setting next_dagrun for example_xcom_args_with_operators to None, run_after=None
[2024-12-17T21:03:25.140+0000] {processor.py:208} INFO - Processing /home/airflow/.local/lib/python3.12/site-packages/airflow/example_dags/example_xcomargs.py took 0.076 seconds
[2024-12-17T21:03:56.440+0000] {processor.py:186} INFO - Started process (PID=423) to work on /home/airflow/.local/lib/python3.12/site-packages/airflow/example_dags/example_xcomargs.py
[2024-12-17T21:03:56.446+0000] {processor.py:914} INFO - Processing file /home/airflow/.local/lib/python3.12/site-packages/airflow/example_dags/example_xcomargs.py for tasks to queue
[2024-12-17T21:03:56.452+0000] {logging_mixin.py:190} INFO - [2024-12-17T21:03:56.451+0000] {dagbag.py:588} INFO - Filling up the DagBag from /home/airflow/.local/lib/python3.12/site-packages/airflow/example_dags/example_xcomargs.py
[2024-12-17T21:03:56.468+0000] {processor.py:925} INFO - DAG(s) 'example_xcom_args', 'example_xcom_args_with_operators' retrieved from /home/airflow/.local/lib/python3.12/site-packages/airflow/example_dags/example_xcomargs.py
[2024-12-17T21:03:56.490+0000] {logging_mixin.py:190} INFO - [2024-12-17T21:03:56.490+0000] {dag.py:3239} INFO - Sync 2 DAGs
[2024-12-17T21:03:56.505+0000] {logging_mixin.py:190} INFO - [2024-12-17T21:03:56.505+0000] {dag.py:4180} INFO - Setting next_dagrun for example_xcom_args to None, run_after=None
[2024-12-17T21:03:56.508+0000] {logging_mixin.py:190} INFO - [2024-12-17T21:03:56.508+0000] {dag.py:4180} INFO - Setting next_dagrun for example_xcom_args_with_operators to None, run_after=None
[2024-12-17T21:03:56.522+0000] {processor.py:208} INFO - Processing /home/airflow/.local/lib/python3.12/site-packages/airflow/example_dags/example_xcomargs.py took 0.091 seconds
[2024-12-17T21:04:28.356+0000] {processor.py:186} INFO - Started process (PID=488) to work on /home/airflow/.local/lib/python3.12/site-packages/airflow/example_dags/example_xcomargs.py
[2024-12-17T21:04:28.357+0000] {processor.py:914} INFO - Processing file /home/airflow/.local/lib/python3.12/site-packages/airflow/example_dags/example_xcomargs.py for tasks to queue
[2024-12-17T21:04:28.359+0000] {logging_mixin.py:190} INFO - [2024-12-17T21:04:28.358+0000] {dagbag.py:588} INFO - Filling up the DagBag from /home/airflow/.local/lib/python3.12/site-packages/airflow/example_dags/example_xcomargs.py
[2024-12-17T21:04:28.368+0000] {processor.py:925} INFO - DAG(s) 'example_xcom_args', 'example_xcom_args_with_operators' retrieved from /home/airflow/.local/lib/python3.12/site-packages/airflow/example_dags/example_xcomargs.py
[2024-12-17T21:04:28.392+0000] {logging_mixin.py:190} INFO - [2024-12-17T21:04:28.391+0000] {dag.py:3239} INFO - Sync 2 DAGs
[2024-12-17T21:04:28.412+0000] {logging_mixin.py:190} INFO - [2024-12-17T21:04:28.412+0000] {dag.py:4180} INFO - Setting next_dagrun for example_xcom_args to None, run_after=None
[2024-12-17T21:04:28.416+0000] {logging_mixin.py:190} INFO - [2024-12-17T21:04:28.416+0000] {dag.py:4180} INFO - Setting next_dagrun for example_xcom_args_with_operators to None, run_after=None
[2024-12-17T21:04:28.435+0000] {processor.py:208} INFO - Processing /home/airflow/.local/lib/python3.12/site-packages/airflow/example_dags/example_xcomargs.py took 0.084 seconds
[2024-12-17T21:04:59.189+0000] {processor.py:186} INFO - Started process (PID=552) to work on /home/airflow/.local/lib/python3.12/site-packages/airflow/example_dags/example_xcomargs.py
[2024-12-17T21:04:59.191+0000] {processor.py:914} INFO - Processing file /home/airflow/.local/lib/python3.12/site-packages/airflow/example_dags/example_xcomargs.py for tasks to queue
[2024-12-17T21:04:59.192+0000] {logging_mixin.py:190} INFO - [2024-12-17T21:04:59.192+0000] {dagbag.py:588} INFO - Filling up the DagBag from /home/airflow/.local/lib/python3.12/site-packages/airflow/example_dags/example_xcomargs.py
[2024-12-17T21:04:59.205+0000] {processor.py:925} INFO - DAG(s) 'example_xcom_args_with_operators', 'example_xcom_args' retrieved from /home/airflow/.local/lib/python3.12/site-packages/airflow/example_dags/example_xcomargs.py
[2024-12-17T21:04:59.228+0000] {logging_mixin.py:190} INFO - [2024-12-17T21:04:59.227+0000] {dag.py:3239} INFO - Sync 2 DAGs
[2024-12-17T21:04:59.242+0000] {logging_mixin.py:190} INFO - [2024-12-17T21:04:59.242+0000] {dag.py:4180} INFO - Setting next_dagrun for example_xcom_args to None, run_after=None
[2024-12-17T21:04:59.246+0000] {logging_mixin.py:190} INFO - [2024-12-17T21:04:59.246+0000] {dag.py:4180} INFO - Setting next_dagrun for example_xcom_args_with_operators to None, run_after=None
[2024-12-17T21:04:59.262+0000] {processor.py:208} INFO - Processing /home/airflow/.local/lib/python3.12/site-packages/airflow/example_dags/example_xcomargs.py took 0.080 seconds
[2024-12-17T21:05:30.172+0000] {processor.py:186} INFO - Started process (PID=616) to work on /home/airflow/.local/lib/python3.12/site-packages/airflow/example_dags/example_xcomargs.py
[2024-12-17T21:05:30.173+0000] {processor.py:914} INFO - Processing file /home/airflow/.local/lib/python3.12/site-packages/airflow/example_dags/example_xcomargs.py for tasks to queue
[2024-12-17T21:05:30.174+0000] {logging_mixin.py:190} INFO - [2024-12-17T21:05:30.174+0000] {dagbag.py:588} INFO - Filling up the DagBag from /home/airflow/.local/lib/python3.12/site-packages/airflow/example_dags/example_xcomargs.py
[2024-12-17T21:05:30.184+0000] {processor.py:925} INFO - DAG(s) 'example_xcom_args_with_operators', 'example_xcom_args' retrieved from /home/airflow/.local/lib/python3.12/site-packages/airflow/example_dags/example_xcomargs.py
[2024-12-17T21:05:30.205+0000] {logging_mixin.py:190} INFO - [2024-12-17T21:05:30.205+0000] {dag.py:3239} INFO - Sync 2 DAGs
[2024-12-17T21:05:30.220+0000] {logging_mixin.py:190} INFO - [2024-12-17T21:05:30.220+0000] {dag.py:4180} INFO - Setting next_dagrun for example_xcom_args to None, run_after=None
[2024-12-17T21:05:30.224+0000] {logging_mixin.py:190} INFO - [2024-12-17T21:05:30.223+0000] {dag.py:4180} INFO - Setting next_dagrun for example_xcom_args_with_operators to None, run_after=None
[2024-12-17T21:05:30.246+0000] {processor.py:208} INFO - Processing /home/airflow/.local/lib/python3.12/site-packages/airflow/example_dags/example_xcomargs.py took 0.080 seconds
[2024-12-17T21:06:01.616+0000] {processor.py:186} INFO - Started process (PID=679) to work on /home/airflow/.local/lib/python3.12/site-packages/airflow/example_dags/example_xcomargs.py
[2024-12-17T21:06:01.617+0000] {processor.py:914} INFO - Processing file /home/airflow/.local/lib/python3.12/site-packages/airflow/example_dags/example_xcomargs.py for tasks to queue
[2024-12-17T21:06:01.619+0000] {logging_mixin.py:190} INFO - [2024-12-17T21:06:01.618+0000] {dagbag.py:588} INFO - Filling up the DagBag from /home/airflow/.local/lib/python3.12/site-packages/airflow/example_dags/example_xcomargs.py
[2024-12-17T21:06:01.628+0000] {processor.py:925} INFO - DAG(s) 'example_xcom_args', 'example_xcom_args_with_operators' retrieved from /home/airflow/.local/lib/python3.12/site-packages/airflow/example_dags/example_xcomargs.py
[2024-12-17T21:06:01.651+0000] {logging_mixin.py:190} INFO - [2024-12-17T21:06:01.651+0000] {dag.py:3239} INFO - Sync 2 DAGs
[2024-12-17T21:06:01.666+0000] {logging_mixin.py:190} INFO - [2024-12-17T21:06:01.666+0000] {dag.py:4180} INFO - Setting next_dagrun for example_xcom_args to None, run_after=None
[2024-12-17T21:06:01.670+0000] {logging_mixin.py:190} INFO - [2024-12-17T21:06:01.670+0000] {dag.py:4180} INFO - Setting next_dagrun for example_xcom_args_with_operators to None, run_after=None
[2024-12-17T21:06:01.685+0000] {processor.py:208} INFO - Processing /home/airflow/.local/lib/python3.12/site-packages/airflow/example_dags/example_xcomargs.py took 0.075 seconds
[2024-12-17T21:06:32.363+0000] {processor.py:186} INFO - Started process (PID=743) to work on /home/airflow/.local/lib/python3.12/site-packages/airflow/example_dags/example_xcomargs.py
[2024-12-17T21:06:32.364+0000] {processor.py:914} INFO - Processing file /home/airflow/.local/lib/python3.12/site-packages/airflow/example_dags/example_xcomargs.py for tasks to queue
[2024-12-17T21:06:32.365+0000] {logging_mixin.py:190} INFO - [2024-12-17T21:06:32.365+0000] {dagbag.py:588} INFO - Filling up the DagBag from /home/airflow/.local/lib/python3.12/site-packages/airflow/example_dags/example_xcomargs.py
[2024-12-17T21:06:32.376+0000] {processor.py:925} INFO - DAG(s) 'example_xcom_args_with_operators', 'example_xcom_args' retrieved from /home/airflow/.local/lib/python3.12/site-packages/airflow/example_dags/example_xcomargs.py
[2024-12-17T21:06:32.400+0000] {logging_mixin.py:190} INFO - [2024-12-17T21:06:32.399+0000] {dag.py:3239} INFO - Sync 2 DAGs
[2024-12-17T21:06:32.418+0000] {logging_mixin.py:190} INFO - [2024-12-17T21:06:32.418+0000] {dag.py:4180} INFO - Setting next_dagrun for example_xcom_args to None, run_after=None
[2024-12-17T21:06:32.422+0000] {logging_mixin.py:190} INFO - [2024-12-17T21:06:32.422+0000] {dag.py:4180} INFO - Setting next_dagrun for example_xcom_args_with_operators to None, run_after=None
[2024-12-17T21:06:32.441+0000] {processor.py:208} INFO - Processing /home/airflow/.local/lib/python3.12/site-packages/airflow/example_dags/example_xcomargs.py took 0.084 seconds
[2024-12-17T21:07:03.763+0000] {processor.py:186} INFO - Started process (PID=807) to work on /home/airflow/.local/lib/python3.12/site-packages/airflow/example_dags/example_xcomargs.py
[2024-12-17T21:07:03.764+0000] {processor.py:914} INFO - Processing file /home/airflow/.local/lib/python3.12/site-packages/airflow/example_dags/example_xcomargs.py for tasks to queue
[2024-12-17T21:07:03.766+0000] {logging_mixin.py:190} INFO - [2024-12-17T21:07:03.765+0000] {dagbag.py:588} INFO - Filling up the DagBag from /home/airflow/.local/lib/python3.12/site-packages/airflow/example_dags/example_xcomargs.py
[2024-12-17T21:07:03.783+0000] {processor.py:925} INFO - DAG(s) 'example_xcom_args', 'example_xcom_args_with_operators' retrieved from /home/airflow/.local/lib/python3.12/site-packages/airflow/example_dags/example_xcomargs.py
[2024-12-17T21:07:03.817+0000] {logging_mixin.py:190} INFO - [2024-12-17T21:07:03.816+0000] {dag.py:3239} INFO - Sync 2 DAGs
[2024-12-17T21:07:03.844+0000] {logging_mixin.py:190} INFO - [2024-12-17T21:07:03.844+0000] {dag.py:4180} INFO - Setting next_dagrun for example_xcom_args to None, run_after=None
[2024-12-17T21:07:03.850+0000] {logging_mixin.py:190} INFO - [2024-12-17T21:07:03.850+0000] {dag.py:4180} INFO - Setting next_dagrun for example_xcom_args_with_operators to None, run_after=None
[2024-12-17T21:07:03.872+0000] {processor.py:208} INFO - Processing /home/airflow/.local/lib/python3.12/site-packages/airflow/example_dags/example_xcomargs.py took 0.117 seconds
[2024-12-17T21:07:35.450+0000] {processor.py:186} INFO - Started process (PID=871) to work on /home/airflow/.local/lib/python3.12/site-packages/airflow/example_dags/example_xcomargs.py
[2024-12-17T21:07:35.451+0000] {processor.py:914} INFO - Processing file /home/airflow/.local/lib/python3.12/site-packages/airflow/example_dags/example_xcomargs.py for tasks to queue
[2024-12-17T21:07:35.452+0000] {logging_mixin.py:190} INFO - [2024-12-17T21:07:35.452+0000] {dagbag.py:588} INFO - Filling up the DagBag from /home/airflow/.local/lib/python3.12/site-packages/airflow/example_dags/example_xcomargs.py
[2024-12-17T21:07:35.463+0000] {processor.py:925} INFO - DAG(s) 'example_xcom_args_with_operators', 'example_xcom_args' retrieved from /home/airflow/.local/lib/python3.12/site-packages/airflow/example_dags/example_xcomargs.py
[2024-12-17T21:07:35.491+0000] {logging_mixin.py:190} INFO - [2024-12-17T21:07:35.490+0000] {dag.py:3239} INFO - Sync 2 DAGs
[2024-12-17T21:07:35.508+0000] {logging_mixin.py:190} INFO - [2024-12-17T21:07:35.508+0000] {dag.py:4180} INFO - Setting next_dagrun for example_xcom_args to None, run_after=None
[2024-12-17T21:07:35.513+0000] {logging_mixin.py:190} INFO - [2024-12-17T21:07:35.513+0000] {dag.py:4180} INFO - Setting next_dagrun for example_xcom_args_with_operators to None, run_after=None
[2024-12-17T21:07:35.532+0000] {processor.py:208} INFO - Processing /home/airflow/.local/lib/python3.12/site-packages/airflow/example_dags/example_xcomargs.py took 0.088 seconds
[2024-12-17T21:08:06.275+0000] {processor.py:186} INFO - Started process (PID=935) to work on /home/airflow/.local/lib/python3.12/site-packages/airflow/example_dags/example_xcomargs.py
[2024-12-17T21:08:06.276+0000] {processor.py:914} INFO - Processing file /home/airflow/.local/lib/python3.12/site-packages/airflow/example_dags/example_xcomargs.py for tasks to queue
[2024-12-17T21:08:06.277+0000] {logging_mixin.py:190} INFO - [2024-12-17T21:08:06.277+0000] {dagbag.py:588} INFO - Filling up the DagBag from /home/airflow/.local/lib/python3.12/site-packages/airflow/example_dags/example_xcomargs.py
[2024-12-17T21:08:06.287+0000] {processor.py:925} INFO - DAG(s) 'example_xcom_args_with_operators', 'example_xcom_args' retrieved from /home/airflow/.local/lib/python3.12/site-packages/airflow/example_dags/example_xcomargs.py
[2024-12-17T21:08:06.309+0000] {logging_mixin.py:190} INFO - [2024-12-17T21:08:06.309+0000] {dag.py:3239} INFO - Sync 2 DAGs
[2024-12-17T21:08:06.324+0000] {logging_mixin.py:190} INFO - [2024-12-17T21:08:06.323+0000] {dag.py:4180} INFO - Setting next_dagrun for example_xcom_args to None, run_after=None
[2024-12-17T21:08:06.328+0000] {logging_mixin.py:190} INFO - [2024-12-17T21:08:06.328+0000] {dag.py:4180} INFO - Setting next_dagrun for example_xcom_args_with_operators to None, run_after=None
[2024-12-17T21:08:06.348+0000] {processor.py:208} INFO - Processing /home/airflow/.local/lib/python3.12/site-packages/airflow/example_dags/example_xcomargs.py took 0.079 seconds
[2024-12-17T21:08:37.268+0000] {processor.py:186} INFO - Started process (PID=1000) to work on /home/airflow/.local/lib/python3.12/site-packages/airflow/example_dags/example_xcomargs.py
[2024-12-17T21:08:37.270+0000] {processor.py:914} INFO - Processing file /home/airflow/.local/lib/python3.12/site-packages/airflow/example_dags/example_xcomargs.py for tasks to queue
[2024-12-17T21:08:37.271+0000] {logging_mixin.py:190} INFO - [2024-12-17T21:08:37.271+0000] {dagbag.py:588} INFO - Filling up the DagBag from /home/airflow/.local/lib/python3.12/site-packages/airflow/example_dags/example_xcomargs.py
[2024-12-17T21:08:37.281+0000] {processor.py:925} INFO - DAG(s) 'example_xcom_args_with_operators', 'example_xcom_args' retrieved from /home/airflow/.local/lib/python3.12/site-packages/airflow/example_dags/example_xcomargs.py
[2024-12-17T21:08:37.304+0000] {logging_mixin.py:190} INFO - [2024-12-17T21:08:37.304+0000] {dag.py:3239} INFO - Sync 2 DAGs
[2024-12-17T21:08:37.321+0000] {logging_mixin.py:190} INFO - [2024-12-17T21:08:37.321+0000] {dag.py:4180} INFO - Setting next_dagrun for example_xcom_args to None, run_after=None
[2024-12-17T21:08:37.325+0000] {logging_mixin.py:190} INFO - [2024-12-17T21:08:37.325+0000] {dag.py:4180} INFO - Setting next_dagrun for example_xcom_args_with_operators to None, run_after=None
[2024-12-17T21:08:37.341+0000] {processor.py:208} INFO - Processing /home/airflow/.local/lib/python3.12/site-packages/airflow/example_dags/example_xcomargs.py took 0.078 seconds
[2024-12-17T21:09:08.933+0000] {processor.py:186} INFO - Started process (PID=1065) to work on /home/airflow/.local/lib/python3.12/site-packages/airflow/example_dags/example_xcomargs.py
[2024-12-17T21:09:08.934+0000] {processor.py:914} INFO - Processing file /home/airflow/.local/lib/python3.12/site-packages/airflow/example_dags/example_xcomargs.py for tasks to queue
[2024-12-17T21:09:08.935+0000] {logging_mixin.py:190} INFO - [2024-12-17T21:09:08.935+0000] {dagbag.py:588} INFO - Filling up the DagBag from /home/airflow/.local/lib/python3.12/site-packages/airflow/example_dags/example_xcomargs.py
[2024-12-17T21:09:08.945+0000] {processor.py:925} INFO - DAG(s) 'example_xcom_args', 'example_xcom_args_with_operators' retrieved from /home/airflow/.local/lib/python3.12/site-packages/airflow/example_dags/example_xcomargs.py
[2024-12-17T21:09:08.965+0000] {logging_mixin.py:190} INFO - [2024-12-17T21:09:08.965+0000] {dag.py:3239} INFO - Sync 2 DAGs
[2024-12-17T21:09:08.979+0000] {logging_mixin.py:190} INFO - [2024-12-17T21:09:08.979+0000] {dag.py:4180} INFO - Setting next_dagrun for example_xcom_args to None, run_after=None
[2024-12-17T21:09:08.983+0000] {logging_mixin.py:190} INFO - [2024-12-17T21:09:08.983+0000] {dag.py:4180} INFO - Setting next_dagrun for example_xcom_args_with_operators to None, run_after=None
[2024-12-17T21:09:09.010+0000] {processor.py:208} INFO - Processing /home/airflow/.local/lib/python3.12/site-packages/airflow/example_dags/example_xcomargs.py took 0.083 seconds
[2024-12-17T21:09:40.267+0000] {processor.py:186} INFO - Started process (PID=1129) to work on /home/airflow/.local/lib/python3.12/site-packages/airflow/example_dags/example_xcomargs.py
[2024-12-17T21:09:40.268+0000] {processor.py:914} INFO - Processing file /home/airflow/.local/lib/python3.12/site-packages/airflow/example_dags/example_xcomargs.py for tasks to queue
[2024-12-17T21:09:40.270+0000] {logging_mixin.py:190} INFO - [2024-12-17T21:09:40.269+0000] {dagbag.py:588} INFO - Filling up the DagBag from /home/airflow/.local/lib/python3.12/site-packages/airflow/example_dags/example_xcomargs.py
[2024-12-17T21:09:40.280+0000] {processor.py:925} INFO - DAG(s) 'example_xcom_args', 'example_xcom_args_with_operators' retrieved from /home/airflow/.local/lib/python3.12/site-packages/airflow/example_dags/example_xcomargs.py
[2024-12-17T21:09:40.301+0000] {logging_mixin.py:190} INFO - [2024-12-17T21:09:40.301+0000] {dag.py:3239} INFO - Sync 2 DAGs
[2024-12-17T21:09:40.315+0000] {logging_mixin.py:190} INFO - [2024-12-17T21:09:40.315+0000] {dag.py:4180} INFO - Setting next_dagrun for example_xcom_args to None, run_after=None
[2024-12-17T21:09:40.324+0000] {logging_mixin.py:190} INFO - [2024-12-17T21:09:40.323+0000] {dag.py:4180} INFO - Setting next_dagrun for example_xcom_args_with_operators to None, run_after=None
[2024-12-17T21:09:40.353+0000] {processor.py:208} INFO - Processing /home/airflow/.local/lib/python3.12/site-packages/airflow/example_dags/example_xcomargs.py took 0.091 seconds
[2024-12-17T21:10:11.884+0000] {processor.py:186} INFO - Started process (PID=1193) to work on /home/airflow/.local/lib/python3.12/site-packages/airflow/example_dags/example_xcomargs.py
[2024-12-17T21:10:11.885+0000] {processor.py:914} INFO - Processing file /home/airflow/.local/lib/python3.12/site-packages/airflow/example_dags/example_xcomargs.py for tasks to queue
[2024-12-17T21:10:11.887+0000] {logging_mixin.py:190} INFO - [2024-12-17T21:10:11.886+0000] {dagbag.py:588} INFO - Filling up the DagBag from /home/airflow/.local/lib/python3.12/site-packages/airflow/example_dags/example_xcomargs.py
[2024-12-17T21:10:11.898+0000] {processor.py:925} INFO - DAG(s) 'example_xcom_args', 'example_xcom_args_with_operators' retrieved from /home/airflow/.local/lib/python3.12/site-packages/airflow/example_dags/example_xcomargs.py
[2024-12-17T21:10:11.919+0000] {logging_mixin.py:190} INFO - [2024-12-17T21:10:11.918+0000] {dag.py:3239} INFO - Sync 2 DAGs
[2024-12-17T21:10:11.935+0000] {logging_mixin.py:190} INFO - [2024-12-17T21:10:11.934+0000] {dag.py:4180} INFO - Setting next_dagrun for example_xcom_args to None, run_after=None
[2024-12-17T21:10:11.938+0000] {logging_mixin.py:190} INFO - [2024-12-17T21:10:11.938+0000] {dag.py:4180} INFO - Setting next_dagrun for example_xcom_args_with_operators to None, run_after=None
[2024-12-17T21:10:11.953+0000] {processor.py:208} INFO - Processing /home/airflow/.local/lib/python3.12/site-packages/airflow/example_dags/example_xcomargs.py took 0.075 seconds
[2024-12-17T21:10:43.304+0000] {processor.py:186} INFO - Started process (PID=1263) to work on /home/airflow/.local/lib/python3.12/site-packages/airflow/example_dags/example_xcomargs.py
[2024-12-17T21:10:43.305+0000] {processor.py:914} INFO - Processing file /home/airflow/.local/lib/python3.12/site-packages/airflow/example_dags/example_xcomargs.py for tasks to queue
[2024-12-17T21:10:43.306+0000] {logging_mixin.py:190} INFO - [2024-12-17T21:10:43.306+0000] {dagbag.py:588} INFO - Filling up the DagBag from /home/airflow/.local/lib/python3.12/site-packages/airflow/example_dags/example_xcomargs.py
[2024-12-17T21:10:43.317+0000] {processor.py:925} INFO - DAG(s) 'example_xcom_args', 'example_xcom_args_with_operators' retrieved from /home/airflow/.local/lib/python3.12/site-packages/airflow/example_dags/example_xcomargs.py
[2024-12-17T21:10:43.339+0000] {logging_mixin.py:190} INFO - [2024-12-17T21:10:43.339+0000] {dag.py:3239} INFO - Sync 2 DAGs
[2024-12-17T21:10:43.357+0000] {logging_mixin.py:190} INFO - [2024-12-17T21:10:43.357+0000] {dag.py:4180} INFO - Setting next_dagrun for example_xcom_args to None, run_after=None
[2024-12-17T21:10:43.361+0000] {logging_mixin.py:190} INFO - [2024-12-17T21:10:43.361+0000] {dag.py:4180} INFO - Setting next_dagrun for example_xcom_args_with_operators to None, run_after=None
[2024-12-17T21:10:43.377+0000] {processor.py:208} INFO - Processing /home/airflow/.local/lib/python3.12/site-packages/airflow/example_dags/example_xcomargs.py took 0.078 seconds
[2024-12-17T21:11:14.559+0000] {processor.py:186} INFO - Started process (PID=1328) to work on /home/airflow/.local/lib/python3.12/site-packages/airflow/example_dags/example_xcomargs.py
[2024-12-17T21:11:14.560+0000] {processor.py:914} INFO - Processing file /home/airflow/.local/lib/python3.12/site-packages/airflow/example_dags/example_xcomargs.py for tasks to queue
[2024-12-17T21:11:14.562+0000] {logging_mixin.py:190} INFO - [2024-12-17T21:11:14.561+0000] {dagbag.py:588} INFO - Filling up the DagBag from /home/airflow/.local/lib/python3.12/site-packages/airflow/example_dags/example_xcomargs.py
[2024-12-17T21:11:14.572+0000] {processor.py:925} INFO - DAG(s) 'example_xcom_args', 'example_xcom_args_with_operators' retrieved from /home/airflow/.local/lib/python3.12/site-packages/airflow/example_dags/example_xcomargs.py
[2024-12-17T21:11:14.596+0000] {logging_mixin.py:190} INFO - [2024-12-17T21:11:14.596+0000] {dag.py:3239} INFO - Sync 2 DAGs
[2024-12-17T21:11:14.613+0000] {logging_mixin.py:190} INFO - [2024-12-17T21:11:14.612+0000] {dag.py:4180} INFO - Setting next_dagrun for example_xcom_args to None, run_after=None
[2024-12-17T21:11:14.617+0000] {logging_mixin.py:190} INFO - [2024-12-17T21:11:14.617+0000] {dag.py:4180} INFO - Setting next_dagrun for example_xcom_args_with_operators to None, run_after=None
[2024-12-17T21:11:14.640+0000] {processor.py:208} INFO - Processing /home/airflow/.local/lib/python3.12/site-packages/airflow/example_dags/example_xcomargs.py took 0.087 seconds
[2024-12-17T21:11:46.114+0000] {processor.py:186} INFO - Started process (PID=1392) to work on /home/airflow/.local/lib/python3.12/site-packages/airflow/example_dags/example_xcomargs.py
[2024-12-17T21:11:46.115+0000] {processor.py:914} INFO - Processing file /home/airflow/.local/lib/python3.12/site-packages/airflow/example_dags/example_xcomargs.py for tasks to queue
[2024-12-17T21:11:46.116+0000] {logging_mixin.py:190} INFO - [2024-12-17T21:11:46.116+0000] {dagbag.py:588} INFO - Filling up the DagBag from /home/airflow/.local/lib/python3.12/site-packages/airflow/example_dags/example_xcomargs.py
[2024-12-17T21:11:46.126+0000] {processor.py:925} INFO - DAG(s) 'example_xcom_args_with_operators', 'example_xcom_args' retrieved from /home/airflow/.local/lib/python3.12/site-packages/airflow/example_dags/example_xcomargs.py
[2024-12-17T21:11:46.149+0000] {logging_mixin.py:190} INFO - [2024-12-17T21:11:46.149+0000] {dag.py:3239} INFO - Sync 2 DAGs
[2024-12-17T21:11:46.165+0000] {logging_mixin.py:190} INFO - [2024-12-17T21:11:46.165+0000] {dag.py:4180} INFO - Setting next_dagrun for example_xcom_args to None, run_after=None
[2024-12-17T21:11:46.169+0000] {logging_mixin.py:190} INFO - [2024-12-17T21:11:46.169+0000] {dag.py:4180} INFO - Setting next_dagrun for example_xcom_args_with_operators to None, run_after=None
[2024-12-17T21:11:46.194+0000] {processor.py:208} INFO - Processing /home/airflow/.local/lib/python3.12/site-packages/airflow/example_dags/example_xcomargs.py took 0.086 seconds
[2024-12-17T21:12:17.050+0000] {processor.py:186} INFO - Started process (PID=1456) to work on /home/airflow/.local/lib/python3.12/site-packages/airflow/example_dags/example_xcomargs.py
[2024-12-17T21:12:17.051+0000] {processor.py:914} INFO - Processing file /home/airflow/.local/lib/python3.12/site-packages/airflow/example_dags/example_xcomargs.py for tasks to queue
[2024-12-17T21:12:17.053+0000] {logging_mixin.py:190} INFO - [2024-12-17T21:12:17.052+0000] {dagbag.py:588} INFO - Filling up the DagBag from /home/airflow/.local/lib/python3.12/site-packages/airflow/example_dags/example_xcomargs.py
[2024-12-17T21:12:17.063+0000] {processor.py:925} INFO - DAG(s) 'example_xcom_args', 'example_xcom_args_with_operators' retrieved from /home/airflow/.local/lib/python3.12/site-packages/airflow/example_dags/example_xcomargs.py
[2024-12-17T21:12:17.086+0000] {logging_mixin.py:190} INFO - [2024-12-17T21:12:17.085+0000] {dag.py:3239} INFO - Sync 2 DAGs
[2024-12-17T21:12:17.102+0000] {logging_mixin.py:190} INFO - [2024-12-17T21:12:17.102+0000] {dag.py:4180} INFO - Setting next_dagrun for example_xcom_args to None, run_after=None
[2024-12-17T21:12:17.107+0000] {logging_mixin.py:190} INFO - [2024-12-17T21:12:17.106+0000] {dag.py:4180} INFO - Setting next_dagrun for example_xcom_args_with_operators to None, run_after=None
[2024-12-17T21:12:17.132+0000] {processor.py:208} INFO - Processing /home/airflow/.local/lib/python3.12/site-packages/airflow/example_dags/example_xcomargs.py took 0.088 seconds
[2024-12-17T21:12:48.201+0000] {processor.py:186} INFO - Started process (PID=1521) to work on /home/airflow/.local/lib/python3.12/site-packages/airflow/example_dags/example_xcomargs.py
[2024-12-17T21:12:48.201+0000] {processor.py:914} INFO - Processing file /home/airflow/.local/lib/python3.12/site-packages/airflow/example_dags/example_xcomargs.py for tasks to queue
[2024-12-17T21:12:48.203+0000] {logging_mixin.py:190} INFO - [2024-12-17T21:12:48.202+0000] {dagbag.py:588} INFO - Filling up the DagBag from /home/airflow/.local/lib/python3.12/site-packages/airflow/example_dags/example_xcomargs.py
[2024-12-17T21:12:48.212+0000] {processor.py:925} INFO - DAG(s) 'example_xcom_args', 'example_xcom_args_with_operators' retrieved from /home/airflow/.local/lib/python3.12/site-packages/airflow/example_dags/example_xcomargs.py
[2024-12-17T21:12:48.236+0000] {logging_mixin.py:190} INFO - [2024-12-17T21:12:48.236+0000] {dag.py:3239} INFO - Sync 2 DAGs
[2024-12-17T21:12:48.251+0000] {logging_mixin.py:190} INFO - [2024-12-17T21:12:48.251+0000] {dag.py:4180} INFO - Setting next_dagrun for example_xcom_args to None, run_after=None
[2024-12-17T21:12:48.255+0000] {logging_mixin.py:190} INFO - [2024-12-17T21:12:48.255+0000] {dag.py:4180} INFO - Setting next_dagrun for example_xcom_args_with_operators to None, run_after=None
[2024-12-17T21:12:48.271+0000] {processor.py:208} INFO - Processing /home/airflow/.local/lib/python3.12/site-packages/airflow/example_dags/example_xcomargs.py took 0.075 seconds
[2024-12-17T21:13:19.384+0000] {processor.py:186} INFO - Started process (PID=1585) to work on /home/airflow/.local/lib/python3.12/site-packages/airflow/example_dags/example_xcomargs.py
[2024-12-17T21:13:19.385+0000] {processor.py:914} INFO - Processing file /home/airflow/.local/lib/python3.12/site-packages/airflow/example_dags/example_xcomargs.py for tasks to queue
[2024-12-17T21:13:19.386+0000] {logging_mixin.py:190} INFO - [2024-12-17T21:13:19.386+0000] {dagbag.py:588} INFO - Filling up the DagBag from /home/airflow/.local/lib/python3.12/site-packages/airflow/example_dags/example_xcomargs.py
[2024-12-17T21:13:19.395+0000] {processor.py:925} INFO - DAG(s) 'example_xcom_args', 'example_xcom_args_with_operators' retrieved from /home/airflow/.local/lib/python3.12/site-packages/airflow/example_dags/example_xcomargs.py
[2024-12-17T21:13:19.417+0000] {logging_mixin.py:190} INFO - [2024-12-17T21:13:19.417+0000] {dag.py:3239} INFO - Sync 2 DAGs
[2024-12-17T21:13:19.432+0000] {logging_mixin.py:190} INFO - [2024-12-17T21:13:19.432+0000] {dag.py:4180} INFO - Setting next_dagrun for example_xcom_args to None, run_after=None
[2024-12-17T21:13:19.436+0000] {logging_mixin.py:190} INFO - [2024-12-17T21:13:19.436+0000] {dag.py:4180} INFO - Setting next_dagrun for example_xcom_args_with_operators to None, run_after=None
[2024-12-17T21:13:19.459+0000] {processor.py:208} INFO - Processing /home/airflow/.local/lib/python3.12/site-packages/airflow/example_dags/example_xcomargs.py took 0.081 seconds
[2024-12-17T21:13:50.358+0000] {processor.py:186} INFO - Started process (PID=1648) to work on /home/airflow/.local/lib/python3.12/site-packages/airflow/example_dags/example_xcomargs.py
[2024-12-17T21:13:50.359+0000] {processor.py:914} INFO - Processing file /home/airflow/.local/lib/python3.12/site-packages/airflow/example_dags/example_xcomargs.py for tasks to queue
[2024-12-17T21:13:50.360+0000] {logging_mixin.py:190} INFO - [2024-12-17T21:13:50.360+0000] {dagbag.py:588} INFO - Filling up the DagBag from /home/airflow/.local/lib/python3.12/site-packages/airflow/example_dags/example_xcomargs.py
[2024-12-17T21:13:50.370+0000] {processor.py:925} INFO - DAG(s) 'example_xcom_args', 'example_xcom_args_with_operators' retrieved from /home/airflow/.local/lib/python3.12/site-packages/airflow/example_dags/example_xcomargs.py
[2024-12-17T21:13:50.390+0000] {logging_mixin.py:190} INFO - [2024-12-17T21:13:50.390+0000] {dag.py:3239} INFO - Sync 2 DAGs
[2024-12-17T21:13:50.405+0000] {logging_mixin.py:190} INFO - [2024-12-17T21:13:50.405+0000] {dag.py:4180} INFO - Setting next_dagrun for example_xcom_args to None, run_after=None
[2024-12-17T21:13:50.409+0000] {logging_mixin.py:190} INFO - [2024-12-17T21:13:50.409+0000] {dag.py:4180} INFO - Setting next_dagrun for example_xcom_args_with_operators to None, run_after=None
[2024-12-17T21:13:50.423+0000] {processor.py:208} INFO - Processing /home/airflow/.local/lib/python3.12/site-packages/airflow/example_dags/example_xcomargs.py took 0.070 seconds
[2024-12-17T21:14:21.093+0000] {processor.py:186} INFO - Started process (PID=1712) to work on /home/airflow/.local/lib/python3.12/site-packages/airflow/example_dags/example_xcomargs.py
[2024-12-17T21:14:21.094+0000] {processor.py:914} INFO - Processing file /home/airflow/.local/lib/python3.12/site-packages/airflow/example_dags/example_xcomargs.py for tasks to queue
[2024-12-17T21:14:21.096+0000] {logging_mixin.py:190} INFO - [2024-12-17T21:14:21.095+0000] {dagbag.py:588} INFO - Filling up the DagBag from /home/airflow/.local/lib/python3.12/site-packages/airflow/example_dags/example_xcomargs.py
[2024-12-17T21:14:21.106+0000] {processor.py:925} INFO - DAG(s) 'example_xcom_args_with_operators', 'example_xcom_args' retrieved from /home/airflow/.local/lib/python3.12/site-packages/airflow/example_dags/example_xcomargs.py
[2024-12-17T21:14:21.128+0000] {logging_mixin.py:190} INFO - [2024-12-17T21:14:21.127+0000] {dag.py:3239} INFO - Sync 2 DAGs
[2024-12-17T21:14:21.142+0000] {logging_mixin.py:190} INFO - [2024-12-17T21:14:21.142+0000] {dag.py:4180} INFO - Setting next_dagrun for example_xcom_args to None, run_after=None
[2024-12-17T21:14:21.147+0000] {logging_mixin.py:190} INFO - [2024-12-17T21:14:21.147+0000] {dag.py:4180} INFO - Setting next_dagrun for example_xcom_args_with_operators to None, run_after=None
[2024-12-17T21:14:21.170+0000] {processor.py:208} INFO - Processing /home/airflow/.local/lib/python3.12/site-packages/airflow/example_dags/example_xcomargs.py took 0.082 seconds
[2024-12-17T21:14:52.492+0000] {processor.py:186} INFO - Started process (PID=1776) to work on /home/airflow/.local/lib/python3.12/site-packages/airflow/example_dags/example_xcomargs.py
[2024-12-17T21:14:52.493+0000] {processor.py:914} INFO - Processing file /home/airflow/.local/lib/python3.12/site-packages/airflow/example_dags/example_xcomargs.py for tasks to queue
[2024-12-17T21:14:52.494+0000] {logging_mixin.py:190} INFO - [2024-12-17T21:14:52.493+0000] {dagbag.py:588} INFO - Filling up the DagBag from /home/airflow/.local/lib/python3.12/site-packages/airflow/example_dags/example_xcomargs.py
[2024-12-17T21:14:52.503+0000] {processor.py:925} INFO - DAG(s) 'example_xcom_args', 'example_xcom_args_with_operators' retrieved from /home/airflow/.local/lib/python3.12/site-packages/airflow/example_dags/example_xcomargs.py
[2024-12-17T21:14:52.526+0000] {logging_mixin.py:190} INFO - [2024-12-17T21:14:52.525+0000] {dag.py:3239} INFO - Sync 2 DAGs
[2024-12-17T21:14:52.541+0000] {logging_mixin.py:190} INFO - [2024-12-17T21:14:52.540+0000] {dag.py:4180} INFO - Setting next_dagrun for example_xcom_args to None, run_after=None
[2024-12-17T21:14:52.545+0000] {logging_mixin.py:190} INFO - [2024-12-17T21:14:52.544+0000] {dag.py:4180} INFO - Setting next_dagrun for example_xcom_args_with_operators to None, run_after=None
[2024-12-17T21:14:52.560+0000] {processor.py:208} INFO - Processing /home/airflow/.local/lib/python3.12/site-packages/airflow/example_dags/example_xcomargs.py took 0.074 seconds
[2024-12-17T21:15:23.670+0000] {processor.py:186} INFO - Started process (PID=1840) to work on /home/airflow/.local/lib/python3.12/site-packages/airflow/example_dags/example_xcomargs.py
[2024-12-17T21:15:23.671+0000] {processor.py:914} INFO - Processing file /home/airflow/.local/lib/python3.12/site-packages/airflow/example_dags/example_xcomargs.py for tasks to queue
[2024-12-17T21:15:23.673+0000] {logging_mixin.py:190} INFO - [2024-12-17T21:15:23.673+0000] {dagbag.py:588} INFO - Filling up the DagBag from /home/airflow/.local/lib/python3.12/site-packages/airflow/example_dags/example_xcomargs.py
[2024-12-17T21:15:23.687+0000] {processor.py:925} INFO - DAG(s) 'example_xcom_args_with_operators', 'example_xcom_args' retrieved from /home/airflow/.local/lib/python3.12/site-packages/airflow/example_dags/example_xcomargs.py
[2024-12-17T21:15:23.708+0000] {logging_mixin.py:190} INFO - [2024-12-17T21:15:23.708+0000] {dag.py:3239} INFO - Sync 2 DAGs
[2024-12-17T21:15:23.723+0000] {logging_mixin.py:190} INFO - [2024-12-17T21:15:23.722+0000] {dag.py:4180} INFO - Setting next_dagrun for example_xcom_args to None, run_after=None
[2024-12-17T21:15:23.727+0000] {logging_mixin.py:190} INFO - [2024-12-17T21:15:23.726+0000] {dag.py:4180} INFO - Setting next_dagrun for example_xcom_args_with_operators to None, run_after=None
[2024-12-17T21:15:23.743+0000] {processor.py:208} INFO - Processing /home/airflow/.local/lib/python3.12/site-packages/airflow/example_dags/example_xcomargs.py took 0.079 seconds
[2024-12-17T21:15:54.728+0000] {processor.py:186} INFO - Started process (PID=1904) to work on /home/airflow/.local/lib/python3.12/site-packages/airflow/example_dags/example_xcomargs.py
[2024-12-17T21:15:54.729+0000] {processor.py:914} INFO - Processing file /home/airflow/.local/lib/python3.12/site-packages/airflow/example_dags/example_xcomargs.py for tasks to queue
[2024-12-17T21:15:54.731+0000] {logging_mixin.py:190} INFO - [2024-12-17T21:15:54.731+0000] {dagbag.py:588} INFO - Filling up the DagBag from /home/airflow/.local/lib/python3.12/site-packages/airflow/example_dags/example_xcomargs.py
[2024-12-17T21:15:54.743+0000] {processor.py:925} INFO - DAG(s) 'example_xcom_args', 'example_xcom_args_with_operators' retrieved from /home/airflow/.local/lib/python3.12/site-packages/airflow/example_dags/example_xcomargs.py
[2024-12-17T21:15:54.765+0000] {logging_mixin.py:190} INFO - [2024-12-17T21:15:54.764+0000] {dag.py:3239} INFO - Sync 2 DAGs
[2024-12-17T21:15:54.780+0000] {logging_mixin.py:190} INFO - [2024-12-17T21:15:54.780+0000] {dag.py:4180} INFO - Setting next_dagrun for example_xcom_args to None, run_after=None
[2024-12-17T21:15:54.785+0000] {logging_mixin.py:190} INFO - [2024-12-17T21:15:54.785+0000] {dag.py:4180} INFO - Setting next_dagrun for example_xcom_args_with_operators to None, run_after=None
[2024-12-17T21:15:54.802+0000] {processor.py:208} INFO - Processing /home/airflow/.local/lib/python3.12/site-packages/airflow/example_dags/example_xcomargs.py took 0.081 seconds
[2024-12-17T21:16:26.757+0000] {processor.py:186} INFO - Started process (PID=1968) to work on /home/airflow/.local/lib/python3.12/site-packages/airflow/example_dags/example_xcomargs.py
[2024-12-17T21:16:26.759+0000] {processor.py:914} INFO - Processing file /home/airflow/.local/lib/python3.12/site-packages/airflow/example_dags/example_xcomargs.py for tasks to queue
[2024-12-17T21:16:26.761+0000] {logging_mixin.py:190} INFO - [2024-12-17T21:16:26.760+0000] {dagbag.py:588} INFO - Filling up the DagBag from /home/airflow/.local/lib/python3.12/site-packages/airflow/example_dags/example_xcomargs.py
[2024-12-17T21:16:26.792+0000] {processor.py:925} INFO - DAG(s) 'example_xcom_args_with_operators', 'example_xcom_args' retrieved from /home/airflow/.local/lib/python3.12/site-packages/airflow/example_dags/example_xcomargs.py
[2024-12-17T21:16:26.856+0000] {logging_mixin.py:190} INFO - [2024-12-17T21:16:26.855+0000] {dag.py:3239} INFO - Sync 2 DAGs
[2024-12-17T21:16:26.895+0000] {logging_mixin.py:190} INFO - [2024-12-17T21:16:26.895+0000] {dag.py:4180} INFO - Setting next_dagrun for example_xcom_args to None, run_after=None
[2024-12-17T21:16:26.907+0000] {logging_mixin.py:190} INFO - [2024-12-17T21:16:26.907+0000] {dag.py:4180} INFO - Setting next_dagrun for example_xcom_args_with_operators to None, run_after=None
[2024-12-17T21:16:26.944+0000] {processor.py:208} INFO - Processing /home/airflow/.local/lib/python3.12/site-packages/airflow/example_dags/example_xcomargs.py took 0.199 seconds
[2024-12-17T21:16:57.646+0000] {processor.py:186} INFO - Started process (PID=2032) to work on /home/airflow/.local/lib/python3.12/site-packages/airflow/example_dags/example_xcomargs.py
[2024-12-17T21:16:57.647+0000] {processor.py:914} INFO - Processing file /home/airflow/.local/lib/python3.12/site-packages/airflow/example_dags/example_xcomargs.py for tasks to queue
[2024-12-17T21:16:57.649+0000] {logging_mixin.py:190} INFO - [2024-12-17T21:16:57.649+0000] {dagbag.py:588} INFO - Filling up the DagBag from /home/airflow/.local/lib/python3.12/site-packages/airflow/example_dags/example_xcomargs.py
[2024-12-17T21:16:57.665+0000] {processor.py:925} INFO - DAG(s) 'example_xcom_args', 'example_xcom_args_with_operators' retrieved from /home/airflow/.local/lib/python3.12/site-packages/airflow/example_dags/example_xcomargs.py
[2024-12-17T21:16:57.690+0000] {logging_mixin.py:190} INFO - [2024-12-17T21:16:57.690+0000] {dag.py:3239} INFO - Sync 2 DAGs
[2024-12-17T21:16:57.707+0000] {logging_mixin.py:190} INFO - [2024-12-17T21:16:57.706+0000] {dag.py:4180} INFO - Setting next_dagrun for example_xcom_args to None, run_after=None
[2024-12-17T21:16:57.711+0000] {logging_mixin.py:190} INFO - [2024-12-17T21:16:57.711+0000] {dag.py:4180} INFO - Setting next_dagrun for example_xcom_args_with_operators to None, run_after=None
[2024-12-17T21:16:57.735+0000] {processor.py:208} INFO - Processing /home/airflow/.local/lib/python3.12/site-packages/airflow/example_dags/example_xcomargs.py took 0.094 seconds
[2024-12-17T21:17:28.998+0000] {processor.py:186} INFO - Started process (PID=2096) to work on /home/airflow/.local/lib/python3.12/site-packages/airflow/example_dags/example_xcomargs.py
[2024-12-17T21:17:28.998+0000] {processor.py:914} INFO - Processing file /home/airflow/.local/lib/python3.12/site-packages/airflow/example_dags/example_xcomargs.py for tasks to queue
[2024-12-17T21:17:29.000+0000] {logging_mixin.py:190} INFO - [2024-12-17T21:17:29.000+0000] {dagbag.py:588} INFO - Filling up the DagBag from /home/airflow/.local/lib/python3.12/site-packages/airflow/example_dags/example_xcomargs.py
[2024-12-17T21:17:29.010+0000] {processor.py:925} INFO - DAG(s) 'example_xcom_args', 'example_xcom_args_with_operators' retrieved from /home/airflow/.local/lib/python3.12/site-packages/airflow/example_dags/example_xcomargs.py
[2024-12-17T21:17:29.032+0000] {logging_mixin.py:190} INFO - [2024-12-17T21:17:29.032+0000] {dag.py:3239} INFO - Sync 2 DAGs
[2024-12-17T21:17:29.047+0000] {logging_mixin.py:190} INFO - [2024-12-17T21:17:29.046+0000] {dag.py:4180} INFO - Setting next_dagrun for example_xcom_args to None, run_after=None
[2024-12-17T21:17:29.051+0000] {logging_mixin.py:190} INFO - [2024-12-17T21:17:29.051+0000] {dag.py:4180} INFO - Setting next_dagrun for example_xcom_args_with_operators to None, run_after=None
[2024-12-17T21:17:29.067+0000] {processor.py:208} INFO - Processing /home/airflow/.local/lib/python3.12/site-packages/airflow/example_dags/example_xcomargs.py took 0.075 seconds
