[2024-12-17T21:01:25.785+0000] {processor.py:186} INFO - Started process (PID=125) to work on /home/airflow/.local/lib/python3.12/site-packages/airflow/example_dags/example_subdag_operator.py
[2024-12-17T21:01:25.786+0000] {processor.py:914} INFO - Processing file /home/airflow/.local/lib/python3.12/site-packages/airflow/example_dags/example_subdag_operator.py for tasks to queue
[2024-12-17T21:01:25.789+0000] {logging_mixin.py:190} INFO - [2024-12-17T21:01:25.789+0000] {dagbag.py:588} INFO - Filling up the DagBag from /home/airflow/.local/lib/python3.12/site-packages/airflow/example_dags/example_subdag_operator.py
[2024-12-17T21:01:25.819+0000] {processor.py:925} INFO - DAG(s) 'example_subdag_operator.section-1', 'example_subdag_operator.section-2', 'example_subdag_operator' retrieved from /home/airflow/.local/lib/python3.12/site-packages/airflow/example_dags/example_subdag_operator.py
[2024-12-17T21:01:25.978+0000] {logging_mixin.py:190} INFO - [2024-12-17T21:01:25.977+0000] {override.py:1911} INFO - Created Permission View: can delete on DAG:example_subdag_operator
[2024-12-17T21:01:26.005+0000] {logging_mixin.py:190} INFO - [2024-12-17T21:01:26.005+0000] {override.py:1911} INFO - Created Permission View: can read on DAG:example_subdag_operator
[2024-12-17T21:01:26.017+0000] {logging_mixin.py:190} INFO - [2024-12-17T21:01:26.016+0000] {override.py:1911} INFO - Created Permission View: can edit on DAG:example_subdag_operator
[2024-12-17T21:01:26.046+0000] {logging_mixin.py:190} INFO - [2024-12-17T21:01:26.045+0000] {override.py:1911} INFO - Created Permission View: can create on DAG Run:example_subdag_operator
[2024-12-17T21:01:26.069+0000] {logging_mixin.py:190} INFO - [2024-12-17T21:01:26.068+0000] {override.py:1911} INFO - Created Permission View: menu access on DAG Run:example_subdag_operator
[2024-12-17T21:01:26.084+0000] {logging_mixin.py:190} INFO - [2024-12-17T21:01:26.083+0000] {override.py:1911} INFO - Created Permission View: can delete on DAG Run:example_subdag_operator
[2024-12-17T21:01:26.106+0000] {logging_mixin.py:190} INFO - [2024-12-17T21:01:26.105+0000] {override.py:1911} INFO - Created Permission View: can read on DAG Run:example_subdag_operator
[2024-12-17T21:01:26.109+0000] {logging_mixin.py:190} INFO - [2024-12-17T21:01:26.108+0000] {dag.py:3239} INFO - Sync 3 DAGs
[2024-12-17T21:01:26.147+0000] {logging_mixin.py:190} INFO - [2024-12-17T21:01:26.147+0000] {dag.py:3262} INFO - Creating ORM DAG for example_subdag_operator
[2024-12-17T21:01:26.149+0000] {logging_mixin.py:190} INFO - [2024-12-17T21:01:26.148+0000] {dag.py:3262} INFO - Creating ORM DAG for example_subdag_operator.section-2
[2024-12-17T21:01:26.150+0000] {logging_mixin.py:190} INFO - [2024-12-17T21:01:26.150+0000] {dag.py:3262} INFO - Creating ORM DAG for example_subdag_operator.section-1
[2024-12-17T21:01:26.177+0000] {logging_mixin.py:190} INFO - [2024-12-17T21:01:26.177+0000] {dag.py:4180} INFO - Setting next_dagrun for example_subdag_operator to 2022-01-01 00:00:00+00:00, run_after=2022-01-01 00:00:00+00:00
[2024-12-17T21:01:26.179+0000] {logging_mixin.py:190} INFO - [2024-12-17T21:01:26.179+0000] {dag.py:4180} INFO - Setting next_dagrun for example_subdag_operator.section-1 to None, run_after=None
[2024-12-17T21:01:26.181+0000] {logging_mixin.py:190} INFO - [2024-12-17T21:01:26.180+0000] {dag.py:4180} INFO - Setting next_dagrun for example_subdag_operator.section-2 to None, run_after=None
[2024-12-17T21:01:26.207+0000] {logging_mixin.py:190} INFO - [2024-12-17T21:01:26.207+0000] {dag.py:3239} INFO - Sync 2 DAGs
[2024-12-17T21:01:26.226+0000] {logging_mixin.py:190} INFO - [2024-12-17T21:01:26.225+0000] {dag.py:4180} INFO - Setting next_dagrun for example_subdag_operator.section-1 to None, run_after=None
[2024-12-17T21:01:26.239+0000] {logging_mixin.py:190} INFO - [2024-12-17T21:01:26.237+0000] {dag.py:4180} INFO - Setting next_dagrun for example_subdag_operator.section-2 to None, run_after=None
[2024-12-17T21:01:26.266+0000] {processor.py:208} INFO - Processing /home/airflow/.local/lib/python3.12/site-packages/airflow/example_dags/example_subdag_operator.py took 0.488 seconds
[2024-12-17T21:01:56.377+0000] {processor.py:186} INFO - Started process (PID=192) to work on /home/airflow/.local/lib/python3.12/site-packages/airflow/example_dags/example_subdag_operator.py
[2024-12-17T21:01:56.378+0000] {processor.py:914} INFO - Processing file /home/airflow/.local/lib/python3.12/site-packages/airflow/example_dags/example_subdag_operator.py for tasks to queue
[2024-12-17T21:01:56.381+0000] {logging_mixin.py:190} INFO - [2024-12-17T21:01:56.381+0000] {dagbag.py:588} INFO - Filling up the DagBag from /home/airflow/.local/lib/python3.12/site-packages/airflow/example_dags/example_subdag_operator.py
[2024-12-17T21:01:56.406+0000] {processor.py:925} INFO - DAG(s) 'example_subdag_operator.section-1', 'example_subdag_operator.section-2', 'example_subdag_operator' retrieved from /home/airflow/.local/lib/python3.12/site-packages/airflow/example_dags/example_subdag_operator.py
[2024-12-17T21:01:56.420+0000] {logging_mixin.py:190} INFO - [2024-12-17T21:01:56.420+0000] {dag.py:3239} INFO - Sync 3 DAGs
[2024-12-17T21:01:56.445+0000] {logging_mixin.py:190} INFO - [2024-12-17T21:01:56.445+0000] {dag.py:4180} INFO - Setting next_dagrun for example_subdag_operator to 2022-01-01 00:00:00+00:00, run_after=2022-01-01 00:00:00+00:00
[2024-12-17T21:01:56.449+0000] {logging_mixin.py:190} INFO - [2024-12-17T21:01:56.449+0000] {dag.py:4180} INFO - Setting next_dagrun for example_subdag_operator.section-1 to None, run_after=None
[2024-12-17T21:01:56.450+0000] {logging_mixin.py:190} INFO - [2024-12-17T21:01:56.450+0000] {dag.py:4180} INFO - Setting next_dagrun for example_subdag_operator.section-2 to None, run_after=None
[2024-12-17T21:01:56.457+0000] {logging_mixin.py:190} INFO - [2024-12-17T21:01:56.457+0000] {dag.py:3239} INFO - Sync 2 DAGs
[2024-12-17T21:01:56.462+0000] {logging_mixin.py:190} INFO - [2024-12-17T21:01:56.461+0000] {dag.py:4180} INFO - Setting next_dagrun for example_subdag_operator.section-1 to None, run_after=None
[2024-12-17T21:01:56.462+0000] {logging_mixin.py:190} INFO - [2024-12-17T21:01:56.462+0000] {dag.py:4180} INFO - Setting next_dagrun for example_subdag_operator.section-2 to None, run_after=None
[2024-12-17T21:01:56.472+0000] {processor.py:208} INFO - Processing /home/airflow/.local/lib/python3.12/site-packages/airflow/example_dags/example_subdag_operator.py took 0.101 seconds
[2024-12-17T21:02:27.457+0000] {processor.py:186} INFO - Started process (PID=257) to work on /home/airflow/.local/lib/python3.12/site-packages/airflow/example_dags/example_subdag_operator.py
[2024-12-17T21:02:27.459+0000] {processor.py:914} INFO - Processing file /home/airflow/.local/lib/python3.12/site-packages/airflow/example_dags/example_subdag_operator.py for tasks to queue
[2024-12-17T21:02:27.461+0000] {logging_mixin.py:190} INFO - [2024-12-17T21:02:27.460+0000] {dagbag.py:588} INFO - Filling up the DagBag from /home/airflow/.local/lib/python3.12/site-packages/airflow/example_dags/example_subdag_operator.py
[2024-12-17T21:02:27.485+0000] {processor.py:925} INFO - DAG(s) 'example_subdag_operator.section-1', 'example_subdag_operator.section-2', 'example_subdag_operator' retrieved from /home/airflow/.local/lib/python3.12/site-packages/airflow/example_dags/example_subdag_operator.py
[2024-12-17T21:02:27.499+0000] {logging_mixin.py:190} INFO - [2024-12-17T21:02:27.499+0000] {dag.py:3239} INFO - Sync 3 DAGs
[2024-12-17T21:02:27.521+0000] {logging_mixin.py:190} INFO - [2024-12-17T21:02:27.521+0000] {dag.py:4180} INFO - Setting next_dagrun for example_subdag_operator to 2022-01-01 00:00:00+00:00, run_after=2022-01-01 00:00:00+00:00
[2024-12-17T21:02:27.525+0000] {logging_mixin.py:190} INFO - [2024-12-17T21:02:27.525+0000] {dag.py:4180} INFO - Setting next_dagrun for example_subdag_operator.section-1 to None, run_after=None
[2024-12-17T21:02:27.527+0000] {logging_mixin.py:190} INFO - [2024-12-17T21:02:27.527+0000] {dag.py:4180} INFO - Setting next_dagrun for example_subdag_operator.section-2 to None, run_after=None
[2024-12-17T21:02:27.533+0000] {logging_mixin.py:190} INFO - [2024-12-17T21:02:27.533+0000] {dag.py:3239} INFO - Sync 2 DAGs
[2024-12-17T21:02:27.539+0000] {logging_mixin.py:190} INFO - [2024-12-17T21:02:27.538+0000] {dag.py:4180} INFO - Setting next_dagrun for example_subdag_operator.section-1 to None, run_after=None
[2024-12-17T21:02:27.539+0000] {logging_mixin.py:190} INFO - [2024-12-17T21:02:27.539+0000] {dag.py:4180} INFO - Setting next_dagrun for example_subdag_operator.section-2 to None, run_after=None
[2024-12-17T21:02:27.558+0000] {processor.py:208} INFO - Processing /home/airflow/.local/lib/python3.12/site-packages/airflow/example_dags/example_subdag_operator.py took 0.106 seconds
[2024-12-17T21:02:57.942+0000] {processor.py:186} INFO - Started process (PID=320) to work on /home/airflow/.local/lib/python3.12/site-packages/airflow/example_dags/example_subdag_operator.py
[2024-12-17T21:02:57.943+0000] {processor.py:914} INFO - Processing file /home/airflow/.local/lib/python3.12/site-packages/airflow/example_dags/example_subdag_operator.py for tasks to queue
[2024-12-17T21:02:57.946+0000] {logging_mixin.py:190} INFO - [2024-12-17T21:02:57.945+0000] {dagbag.py:588} INFO - Filling up the DagBag from /home/airflow/.local/lib/python3.12/site-packages/airflow/example_dags/example_subdag_operator.py
[2024-12-17T21:02:57.970+0000] {processor.py:925} INFO - DAG(s) 'example_subdag_operator.section-1', 'example_subdag_operator.section-2', 'example_subdag_operator' retrieved from /home/airflow/.local/lib/python3.12/site-packages/airflow/example_dags/example_subdag_operator.py
[2024-12-17T21:02:57.984+0000] {logging_mixin.py:190} INFO - [2024-12-17T21:02:57.984+0000] {dag.py:3239} INFO - Sync 3 DAGs
[2024-12-17T21:02:58.009+0000] {logging_mixin.py:190} INFO - [2024-12-17T21:02:58.009+0000] {dag.py:4180} INFO - Setting next_dagrun for example_subdag_operator to 2022-01-01 00:00:00+00:00, run_after=2022-01-01 00:00:00+00:00
[2024-12-17T21:02:58.012+0000] {logging_mixin.py:190} INFO - [2024-12-17T21:02:58.012+0000] {dag.py:4180} INFO - Setting next_dagrun for example_subdag_operator.section-1 to None, run_after=None
[2024-12-17T21:02:58.014+0000] {logging_mixin.py:190} INFO - [2024-12-17T21:02:58.014+0000] {dag.py:4180} INFO - Setting next_dagrun for example_subdag_operator.section-2 to None, run_after=None
[2024-12-17T21:02:58.022+0000] {logging_mixin.py:190} INFO - [2024-12-17T21:02:58.022+0000] {dag.py:3239} INFO - Sync 2 DAGs
[2024-12-17T21:02:58.028+0000] {logging_mixin.py:190} INFO - [2024-12-17T21:02:58.028+0000] {dag.py:4180} INFO - Setting next_dagrun for example_subdag_operator.section-1 to None, run_after=None
[2024-12-17T21:02:58.029+0000] {logging_mixin.py:190} INFO - [2024-12-17T21:02:58.029+0000] {dag.py:4180} INFO - Setting next_dagrun for example_subdag_operator.section-2 to None, run_after=None
[2024-12-17T21:02:58.047+0000] {processor.py:208} INFO - Processing /home/airflow/.local/lib/python3.12/site-packages/airflow/example_dags/example_subdag_operator.py took 0.110 seconds
[2024-12-17T21:03:28.886+0000] {processor.py:186} INFO - Started process (PID=384) to work on /home/airflow/.local/lib/python3.12/site-packages/airflow/example_dags/example_subdag_operator.py
[2024-12-17T21:03:28.887+0000] {processor.py:914} INFO - Processing file /home/airflow/.local/lib/python3.12/site-packages/airflow/example_dags/example_subdag_operator.py for tasks to queue
[2024-12-17T21:03:28.889+0000] {logging_mixin.py:190} INFO - [2024-12-17T21:03:28.889+0000] {dagbag.py:588} INFO - Filling up the DagBag from /home/airflow/.local/lib/python3.12/site-packages/airflow/example_dags/example_subdag_operator.py
[2024-12-17T21:03:28.916+0000] {processor.py:925} INFO - DAG(s) 'example_subdag_operator.section-1', 'example_subdag_operator.section-2', 'example_subdag_operator' retrieved from /home/airflow/.local/lib/python3.12/site-packages/airflow/example_dags/example_subdag_operator.py
[2024-12-17T21:03:28.933+0000] {logging_mixin.py:190} INFO - [2024-12-17T21:03:28.933+0000] {dag.py:3239} INFO - Sync 3 DAGs
[2024-12-17T21:03:28.955+0000] {logging_mixin.py:190} INFO - [2024-12-17T21:03:28.955+0000] {dag.py:4180} INFO - Setting next_dagrun for example_subdag_operator to 2022-01-01 00:00:00+00:00, run_after=2022-01-01 00:00:00+00:00
[2024-12-17T21:03:28.959+0000] {logging_mixin.py:190} INFO - [2024-12-17T21:03:28.958+0000] {dag.py:4180} INFO - Setting next_dagrun for example_subdag_operator.section-1 to None, run_after=None
[2024-12-17T21:03:28.960+0000] {logging_mixin.py:190} INFO - [2024-12-17T21:03:28.960+0000] {dag.py:4180} INFO - Setting next_dagrun for example_subdag_operator.section-2 to None, run_after=None
[2024-12-17T21:03:28.968+0000] {logging_mixin.py:190} INFO - [2024-12-17T21:03:28.967+0000] {dag.py:3239} INFO - Sync 2 DAGs
[2024-12-17T21:03:28.974+0000] {logging_mixin.py:190} INFO - [2024-12-17T21:03:28.974+0000] {dag.py:4180} INFO - Setting next_dagrun for example_subdag_operator.section-1 to None, run_after=None
[2024-12-17T21:03:28.975+0000] {logging_mixin.py:190} INFO - [2024-12-17T21:03:28.975+0000] {dag.py:4180} INFO - Setting next_dagrun for example_subdag_operator.section-2 to None, run_after=None
[2024-12-17T21:03:28.992+0000] {processor.py:208} INFO - Processing /home/airflow/.local/lib/python3.12/site-packages/airflow/example_dags/example_subdag_operator.py took 0.112 seconds
[2024-12-17T21:03:59.597+0000] {processor.py:186} INFO - Started process (PID=448) to work on /home/airflow/.local/lib/python3.12/site-packages/airflow/example_dags/example_subdag_operator.py
[2024-12-17T21:03:59.598+0000] {processor.py:914} INFO - Processing file /home/airflow/.local/lib/python3.12/site-packages/airflow/example_dags/example_subdag_operator.py for tasks to queue
[2024-12-17T21:03:59.600+0000] {logging_mixin.py:190} INFO - [2024-12-17T21:03:59.600+0000] {dagbag.py:588} INFO - Filling up the DagBag from /home/airflow/.local/lib/python3.12/site-packages/airflow/example_dags/example_subdag_operator.py
[2024-12-17T21:03:59.624+0000] {processor.py:925} INFO - DAG(s) 'example_subdag_operator.section-1', 'example_subdag_operator.section-2', 'example_subdag_operator' retrieved from /home/airflow/.local/lib/python3.12/site-packages/airflow/example_dags/example_subdag_operator.py
[2024-12-17T21:03:59.638+0000] {logging_mixin.py:190} INFO - [2024-12-17T21:03:59.638+0000] {dag.py:3239} INFO - Sync 3 DAGs
[2024-12-17T21:03:59.660+0000] {logging_mixin.py:190} INFO - [2024-12-17T21:03:59.660+0000] {dag.py:4180} INFO - Setting next_dagrun for example_subdag_operator to 2022-01-01 00:00:00+00:00, run_after=2022-01-01 00:00:00+00:00
[2024-12-17T21:03:59.664+0000] {logging_mixin.py:190} INFO - [2024-12-17T21:03:59.664+0000] {dag.py:4180} INFO - Setting next_dagrun for example_subdag_operator.section-1 to None, run_after=None
[2024-12-17T21:03:59.665+0000] {logging_mixin.py:190} INFO - [2024-12-17T21:03:59.665+0000] {dag.py:4180} INFO - Setting next_dagrun for example_subdag_operator.section-2 to None, run_after=None
[2024-12-17T21:03:59.672+0000] {logging_mixin.py:190} INFO - [2024-12-17T21:03:59.672+0000] {dag.py:3239} INFO - Sync 2 DAGs
[2024-12-17T21:03:59.678+0000] {logging_mixin.py:190} INFO - [2024-12-17T21:03:59.678+0000] {dag.py:4180} INFO - Setting next_dagrun for example_subdag_operator.section-1 to None, run_after=None
[2024-12-17T21:03:59.679+0000] {logging_mixin.py:190} INFO - [2024-12-17T21:03:59.679+0000] {dag.py:4180} INFO - Setting next_dagrun for example_subdag_operator.section-2 to None, run_after=None
[2024-12-17T21:03:59.697+0000] {processor.py:208} INFO - Processing /home/airflow/.local/lib/python3.12/site-packages/airflow/example_dags/example_subdag_operator.py took 0.105 seconds
[2024-12-17T21:04:30.251+0000] {processor.py:186} INFO - Started process (PID=512) to work on /home/airflow/.local/lib/python3.12/site-packages/airflow/example_dags/example_subdag_operator.py
[2024-12-17T21:04:30.252+0000] {processor.py:914} INFO - Processing file /home/airflow/.local/lib/python3.12/site-packages/airflow/example_dags/example_subdag_operator.py for tasks to queue
[2024-12-17T21:04:30.254+0000] {logging_mixin.py:190} INFO - [2024-12-17T21:04:30.254+0000] {dagbag.py:588} INFO - Filling up the DagBag from /home/airflow/.local/lib/python3.12/site-packages/airflow/example_dags/example_subdag_operator.py
[2024-12-17T21:04:30.295+0000] {processor.py:925} INFO - DAG(s) 'example_subdag_operator.section-1', 'example_subdag_operator.section-2', 'example_subdag_operator' retrieved from /home/airflow/.local/lib/python3.12/site-packages/airflow/example_dags/example_subdag_operator.py
[2024-12-17T21:04:30.322+0000] {logging_mixin.py:190} INFO - [2024-12-17T21:04:30.321+0000] {dag.py:3239} INFO - Sync 3 DAGs
[2024-12-17T21:04:30.351+0000] {logging_mixin.py:190} INFO - [2024-12-17T21:04:30.350+0000] {dag.py:4180} INFO - Setting next_dagrun for example_subdag_operator to 2022-01-01 00:00:00+00:00, run_after=2022-01-01 00:00:00+00:00
[2024-12-17T21:04:30.355+0000] {logging_mixin.py:190} INFO - [2024-12-17T21:04:30.355+0000] {dag.py:4180} INFO - Setting next_dagrun for example_subdag_operator.section-1 to None, run_after=None
[2024-12-17T21:04:30.358+0000] {logging_mixin.py:190} INFO - [2024-12-17T21:04:30.358+0000] {dag.py:4180} INFO - Setting next_dagrun for example_subdag_operator.section-2 to None, run_after=None
[2024-12-17T21:04:30.369+0000] {logging_mixin.py:190} INFO - [2024-12-17T21:04:30.369+0000] {dag.py:3239} INFO - Sync 2 DAGs
[2024-12-17T21:04:30.376+0000] {logging_mixin.py:190} INFO - [2024-12-17T21:04:30.376+0000] {dag.py:4180} INFO - Setting next_dagrun for example_subdag_operator.section-1 to None, run_after=None
[2024-12-17T21:04:30.377+0000] {logging_mixin.py:190} INFO - [2024-12-17T21:04:30.376+0000] {dag.py:4180} INFO - Setting next_dagrun for example_subdag_operator.section-2 to None, run_after=None
[2024-12-17T21:04:30.391+0000] {processor.py:208} INFO - Processing /home/airflow/.local/lib/python3.12/site-packages/airflow/example_dags/example_subdag_operator.py took 0.148 seconds
[2024-12-17T21:05:01.236+0000] {processor.py:186} INFO - Started process (PID=573) to work on /home/airflow/.local/lib/python3.12/site-packages/airflow/example_dags/example_subdag_operator.py
[2024-12-17T21:05:01.237+0000] {processor.py:914} INFO - Processing file /home/airflow/.local/lib/python3.12/site-packages/airflow/example_dags/example_subdag_operator.py for tasks to queue
[2024-12-17T21:05:01.238+0000] {logging_mixin.py:190} INFO - [2024-12-17T21:05:01.237+0000] {dagbag.py:588} INFO - Filling up the DagBag from /home/airflow/.local/lib/python3.12/site-packages/airflow/example_dags/example_subdag_operator.py
[2024-12-17T21:05:01.263+0000] {processor.py:925} INFO - DAG(s) 'example_subdag_operator.section-1', 'example_subdag_operator.section-2', 'example_subdag_operator' retrieved from /home/airflow/.local/lib/python3.12/site-packages/airflow/example_dags/example_subdag_operator.py
[2024-12-17T21:05:01.280+0000] {logging_mixin.py:190} INFO - [2024-12-17T21:05:01.280+0000] {dag.py:3239} INFO - Sync 3 DAGs
[2024-12-17T21:05:01.309+0000] {logging_mixin.py:190} INFO - [2024-12-17T21:05:01.309+0000] {dag.py:4180} INFO - Setting next_dagrun for example_subdag_operator to 2022-01-01 00:00:00+00:00, run_after=2022-01-01 00:00:00+00:00
[2024-12-17T21:05:01.314+0000] {logging_mixin.py:190} INFO - [2024-12-17T21:05:01.314+0000] {dag.py:4180} INFO - Setting next_dagrun for example_subdag_operator.section-1 to None, run_after=None
[2024-12-17T21:05:01.318+0000] {logging_mixin.py:190} INFO - [2024-12-17T21:05:01.317+0000] {dag.py:4180} INFO - Setting next_dagrun for example_subdag_operator.section-2 to None, run_after=None
[2024-12-17T21:05:01.328+0000] {logging_mixin.py:190} INFO - [2024-12-17T21:05:01.328+0000] {dag.py:3239} INFO - Sync 2 DAGs
[2024-12-17T21:05:01.333+0000] {logging_mixin.py:190} INFO - [2024-12-17T21:05:01.333+0000] {dag.py:4180} INFO - Setting next_dagrun for example_subdag_operator.section-1 to None, run_after=None
[2024-12-17T21:05:01.334+0000] {logging_mixin.py:190} INFO - [2024-12-17T21:05:01.334+0000] {dag.py:4180} INFO - Setting next_dagrun for example_subdag_operator.section-2 to None, run_after=None
[2024-12-17T21:05:01.347+0000] {processor.py:208} INFO - Processing /home/airflow/.local/lib/python3.12/site-packages/airflow/example_dags/example_subdag_operator.py took 0.118 seconds
[2024-12-17T21:05:31.645+0000] {processor.py:186} INFO - Started process (PID=636) to work on /home/airflow/.local/lib/python3.12/site-packages/airflow/example_dags/example_subdag_operator.py
[2024-12-17T21:05:31.646+0000] {processor.py:914} INFO - Processing file /home/airflow/.local/lib/python3.12/site-packages/airflow/example_dags/example_subdag_operator.py for tasks to queue
[2024-12-17T21:05:31.648+0000] {logging_mixin.py:190} INFO - [2024-12-17T21:05:31.647+0000] {dagbag.py:588} INFO - Filling up the DagBag from /home/airflow/.local/lib/python3.12/site-packages/airflow/example_dags/example_subdag_operator.py
[2024-12-17T21:05:31.676+0000] {processor.py:925} INFO - DAG(s) 'example_subdag_operator.section-1', 'example_subdag_operator.section-2', 'example_subdag_operator' retrieved from /home/airflow/.local/lib/python3.12/site-packages/airflow/example_dags/example_subdag_operator.py
[2024-12-17T21:05:31.691+0000] {logging_mixin.py:190} INFO - [2024-12-17T21:05:31.691+0000] {dag.py:3239} INFO - Sync 3 DAGs
[2024-12-17T21:05:31.714+0000] {logging_mixin.py:190} INFO - [2024-12-17T21:05:31.714+0000] {dag.py:4180} INFO - Setting next_dagrun for example_subdag_operator to 2022-01-01 00:00:00+00:00, run_after=2022-01-01 00:00:00+00:00
[2024-12-17T21:05:31.718+0000] {logging_mixin.py:190} INFO - [2024-12-17T21:05:31.718+0000] {dag.py:4180} INFO - Setting next_dagrun for example_subdag_operator.section-1 to None, run_after=None
[2024-12-17T21:05:31.720+0000] {logging_mixin.py:190} INFO - [2024-12-17T21:05:31.720+0000] {dag.py:4180} INFO - Setting next_dagrun for example_subdag_operator.section-2 to None, run_after=None
[2024-12-17T21:05:31.730+0000] {logging_mixin.py:190} INFO - [2024-12-17T21:05:31.730+0000] {dag.py:3239} INFO - Sync 2 DAGs
[2024-12-17T21:05:31.736+0000] {logging_mixin.py:190} INFO - [2024-12-17T21:05:31.736+0000] {dag.py:4180} INFO - Setting next_dagrun for example_subdag_operator.section-1 to None, run_after=None
[2024-12-17T21:05:31.737+0000] {logging_mixin.py:190} INFO - [2024-12-17T21:05:31.737+0000] {dag.py:4180} INFO - Setting next_dagrun for example_subdag_operator.section-2 to None, run_after=None
[2024-12-17T21:05:31.749+0000] {processor.py:208} INFO - Processing /home/airflow/.local/lib/python3.12/site-packages/airflow/example_dags/example_subdag_operator.py took 0.111 seconds
[2024-12-17T21:06:03.915+0000] {processor.py:186} INFO - Started process (PID=701) to work on /home/airflow/.local/lib/python3.12/site-packages/airflow/example_dags/example_subdag_operator.py
[2024-12-17T21:06:03.916+0000] {processor.py:914} INFO - Processing file /home/airflow/.local/lib/python3.12/site-packages/airflow/example_dags/example_subdag_operator.py for tasks to queue
[2024-12-17T21:06:03.917+0000] {logging_mixin.py:190} INFO - [2024-12-17T21:06:03.917+0000] {dagbag.py:588} INFO - Filling up the DagBag from /home/airflow/.local/lib/python3.12/site-packages/airflow/example_dags/example_subdag_operator.py
[2024-12-17T21:06:03.945+0000] {processor.py:925} INFO - DAG(s) 'example_subdag_operator.section-1', 'example_subdag_operator.section-2', 'example_subdag_operator' retrieved from /home/airflow/.local/lib/python3.12/site-packages/airflow/example_dags/example_subdag_operator.py
[2024-12-17T21:06:03.960+0000] {logging_mixin.py:190} INFO - [2024-12-17T21:06:03.960+0000] {dag.py:3239} INFO - Sync 3 DAGs
[2024-12-17T21:06:03.984+0000] {logging_mixin.py:190} INFO - [2024-12-17T21:06:03.984+0000] {dag.py:4180} INFO - Setting next_dagrun for example_subdag_operator to 2022-01-01 00:00:00+00:00, run_after=2022-01-01 00:00:00+00:00
[2024-12-17T21:06:03.989+0000] {logging_mixin.py:190} INFO - [2024-12-17T21:06:03.989+0000] {dag.py:4180} INFO - Setting next_dagrun for example_subdag_operator.section-1 to None, run_after=None
[2024-12-17T21:06:03.991+0000] {logging_mixin.py:190} INFO - [2024-12-17T21:06:03.991+0000] {dag.py:4180} INFO - Setting next_dagrun for example_subdag_operator.section-2 to None, run_after=None
[2024-12-17T21:06:04.000+0000] {logging_mixin.py:190} INFO - [2024-12-17T21:06:03.999+0000] {dag.py:3239} INFO - Sync 2 DAGs
[2024-12-17T21:06:04.006+0000] {logging_mixin.py:190} INFO - [2024-12-17T21:06:04.006+0000] {dag.py:4180} INFO - Setting next_dagrun for example_subdag_operator.section-1 to None, run_after=None
[2024-12-17T21:06:04.007+0000] {logging_mixin.py:190} INFO - [2024-12-17T21:06:04.007+0000] {dag.py:4180} INFO - Setting next_dagrun for example_subdag_operator.section-2 to None, run_after=None
[2024-12-17T21:06:04.025+0000] {processor.py:208} INFO - Processing /home/airflow/.local/lib/python3.12/site-packages/airflow/example_dags/example_subdag_operator.py took 0.116 seconds
[2024-12-17T21:06:34.061+0000] {processor.py:186} INFO - Started process (PID=766) to work on /home/airflow/.local/lib/python3.12/site-packages/airflow/example_dags/example_subdag_operator.py
[2024-12-17T21:06:34.062+0000] {processor.py:914} INFO - Processing file /home/airflow/.local/lib/python3.12/site-packages/airflow/example_dags/example_subdag_operator.py for tasks to queue
[2024-12-17T21:06:34.063+0000] {logging_mixin.py:190} INFO - [2024-12-17T21:06:34.063+0000] {dagbag.py:588} INFO - Filling up the DagBag from /home/airflow/.local/lib/python3.12/site-packages/airflow/example_dags/example_subdag_operator.py
[2024-12-17T21:06:34.091+0000] {processor.py:925} INFO - DAG(s) 'example_subdag_operator.section-1', 'example_subdag_operator.section-2', 'example_subdag_operator' retrieved from /home/airflow/.local/lib/python3.12/site-packages/airflow/example_dags/example_subdag_operator.py
[2024-12-17T21:06:34.107+0000] {logging_mixin.py:190} INFO - [2024-12-17T21:06:34.106+0000] {dag.py:3239} INFO - Sync 3 DAGs
[2024-12-17T21:06:34.136+0000] {logging_mixin.py:190} INFO - [2024-12-17T21:06:34.136+0000] {dag.py:4180} INFO - Setting next_dagrun for example_subdag_operator to 2022-01-01 00:00:00+00:00, run_after=2022-01-01 00:00:00+00:00
[2024-12-17T21:06:34.141+0000] {logging_mixin.py:190} INFO - [2024-12-17T21:06:34.140+0000] {dag.py:4180} INFO - Setting next_dagrun for example_subdag_operator.section-1 to None, run_after=None
[2024-12-17T21:06:34.142+0000] {logging_mixin.py:190} INFO - [2024-12-17T21:06:34.142+0000] {dag.py:4180} INFO - Setting next_dagrun for example_subdag_operator.section-2 to None, run_after=None
[2024-12-17T21:06:34.151+0000] {logging_mixin.py:190} INFO - [2024-12-17T21:06:34.151+0000] {dag.py:3239} INFO - Sync 2 DAGs
[2024-12-17T21:06:34.157+0000] {logging_mixin.py:190} INFO - [2024-12-17T21:06:34.156+0000] {dag.py:4180} INFO - Setting next_dagrun for example_subdag_operator.section-1 to None, run_after=None
[2024-12-17T21:06:34.158+0000] {logging_mixin.py:190} INFO - [2024-12-17T21:06:34.157+0000] {dag.py:4180} INFO - Setting next_dagrun for example_subdag_operator.section-2 to None, run_after=None
[2024-12-17T21:06:34.171+0000] {processor.py:208} INFO - Processing /home/airflow/.local/lib/python3.12/site-packages/airflow/example_dags/example_subdag_operator.py took 0.115 seconds
[2024-12-17T21:07:05.486+0000] {processor.py:186} INFO - Started process (PID=829) to work on /home/airflow/.local/lib/python3.12/site-packages/airflow/example_dags/example_subdag_operator.py
[2024-12-17T21:07:05.487+0000] {processor.py:914} INFO - Processing file /home/airflow/.local/lib/python3.12/site-packages/airflow/example_dags/example_subdag_operator.py for tasks to queue
[2024-12-17T21:07:05.488+0000] {logging_mixin.py:190} INFO - [2024-12-17T21:07:05.488+0000] {dagbag.py:588} INFO - Filling up the DagBag from /home/airflow/.local/lib/python3.12/site-packages/airflow/example_dags/example_subdag_operator.py
[2024-12-17T21:07:05.514+0000] {processor.py:925} INFO - DAG(s) 'example_subdag_operator.section-1', 'example_subdag_operator.section-2', 'example_subdag_operator' retrieved from /home/airflow/.local/lib/python3.12/site-packages/airflow/example_dags/example_subdag_operator.py
[2024-12-17T21:07:05.529+0000] {logging_mixin.py:190} INFO - [2024-12-17T21:07:05.528+0000] {dag.py:3239} INFO - Sync 3 DAGs
[2024-12-17T21:07:05.551+0000] {logging_mixin.py:190} INFO - [2024-12-17T21:07:05.551+0000] {dag.py:4180} INFO - Setting next_dagrun for example_subdag_operator to 2022-01-01 00:00:00+00:00, run_after=2022-01-01 00:00:00+00:00
[2024-12-17T21:07:05.555+0000] {logging_mixin.py:190} INFO - [2024-12-17T21:07:05.555+0000] {dag.py:4180} INFO - Setting next_dagrun for example_subdag_operator.section-1 to None, run_after=None
[2024-12-17T21:07:05.557+0000] {logging_mixin.py:190} INFO - [2024-12-17T21:07:05.557+0000] {dag.py:4180} INFO - Setting next_dagrun for example_subdag_operator.section-2 to None, run_after=None
[2024-12-17T21:07:05.563+0000] {logging_mixin.py:190} INFO - [2024-12-17T21:07:05.563+0000] {dag.py:3239} INFO - Sync 2 DAGs
[2024-12-17T21:07:05.568+0000] {logging_mixin.py:190} INFO - [2024-12-17T21:07:05.568+0000] {dag.py:4180} INFO - Setting next_dagrun for example_subdag_operator.section-1 to None, run_after=None
[2024-12-17T21:07:05.569+0000] {logging_mixin.py:190} INFO - [2024-12-17T21:07:05.569+0000] {dag.py:4180} INFO - Setting next_dagrun for example_subdag_operator.section-2 to None, run_after=None
[2024-12-17T21:07:05.579+0000] {processor.py:208} INFO - Processing /home/airflow/.local/lib/python3.12/site-packages/airflow/example_dags/example_subdag_operator.py took 0.100 seconds
[2024-12-17T21:07:37.224+0000] {processor.py:186} INFO - Started process (PID=892) to work on /home/airflow/.local/lib/python3.12/site-packages/airflow/example_dags/example_subdag_operator.py
[2024-12-17T21:07:37.225+0000] {processor.py:914} INFO - Processing file /home/airflow/.local/lib/python3.12/site-packages/airflow/example_dags/example_subdag_operator.py for tasks to queue
[2024-12-17T21:07:37.227+0000] {logging_mixin.py:190} INFO - [2024-12-17T21:07:37.226+0000] {dagbag.py:588} INFO - Filling up the DagBag from /home/airflow/.local/lib/python3.12/site-packages/airflow/example_dags/example_subdag_operator.py
[2024-12-17T21:07:37.253+0000] {processor.py:925} INFO - DAG(s) 'example_subdag_operator.section-1', 'example_subdag_operator.section-2', 'example_subdag_operator' retrieved from /home/airflow/.local/lib/python3.12/site-packages/airflow/example_dags/example_subdag_operator.py
[2024-12-17T21:07:37.269+0000] {logging_mixin.py:190} INFO - [2024-12-17T21:07:37.268+0000] {dag.py:3239} INFO - Sync 3 DAGs
[2024-12-17T21:07:37.298+0000] {logging_mixin.py:190} INFO - [2024-12-17T21:07:37.298+0000] {dag.py:4180} INFO - Setting next_dagrun for example_subdag_operator to 2022-01-01 00:00:00+00:00, run_after=2022-01-01 00:00:00+00:00
[2024-12-17T21:07:37.302+0000] {logging_mixin.py:190} INFO - [2024-12-17T21:07:37.302+0000] {dag.py:4180} INFO - Setting next_dagrun for example_subdag_operator.section-1 to None, run_after=None
[2024-12-17T21:07:37.303+0000] {logging_mixin.py:190} INFO - [2024-12-17T21:07:37.303+0000] {dag.py:4180} INFO - Setting next_dagrun for example_subdag_operator.section-2 to None, run_after=None
[2024-12-17T21:07:37.310+0000] {logging_mixin.py:190} INFO - [2024-12-17T21:07:37.310+0000] {dag.py:3239} INFO - Sync 2 DAGs
[2024-12-17T21:07:37.315+0000] {logging_mixin.py:190} INFO - [2024-12-17T21:07:37.315+0000] {dag.py:4180} INFO - Setting next_dagrun for example_subdag_operator.section-1 to None, run_after=None
[2024-12-17T21:07:37.315+0000] {logging_mixin.py:190} INFO - [2024-12-17T21:07:37.315+0000] {dag.py:4180} INFO - Setting next_dagrun for example_subdag_operator.section-2 to None, run_after=None
[2024-12-17T21:07:37.326+0000] {processor.py:208} INFO - Processing /home/airflow/.local/lib/python3.12/site-packages/airflow/example_dags/example_subdag_operator.py took 0.108 seconds
[2024-12-17T21:08:08.332+0000] {processor.py:186} INFO - Started process (PID=956) to work on /home/airflow/.local/lib/python3.12/site-packages/airflow/example_dags/example_subdag_operator.py
[2024-12-17T21:08:08.333+0000] {processor.py:914} INFO - Processing file /home/airflow/.local/lib/python3.12/site-packages/airflow/example_dags/example_subdag_operator.py for tasks to queue
[2024-12-17T21:08:08.335+0000] {logging_mixin.py:190} INFO - [2024-12-17T21:08:08.334+0000] {dagbag.py:588} INFO - Filling up the DagBag from /home/airflow/.local/lib/python3.12/site-packages/airflow/example_dags/example_subdag_operator.py
[2024-12-17T21:08:08.363+0000] {processor.py:925} INFO - DAG(s) 'example_subdag_operator.section-1', 'example_subdag_operator.section-2', 'example_subdag_operator' retrieved from /home/airflow/.local/lib/python3.12/site-packages/airflow/example_dags/example_subdag_operator.py
[2024-12-17T21:08:08.380+0000] {logging_mixin.py:190} INFO - [2024-12-17T21:08:08.380+0000] {dag.py:3239} INFO - Sync 3 DAGs
[2024-12-17T21:08:08.407+0000] {logging_mixin.py:190} INFO - [2024-12-17T21:08:08.406+0000] {dag.py:4180} INFO - Setting next_dagrun for example_subdag_operator to 2022-01-01 00:00:00+00:00, run_after=2022-01-01 00:00:00+00:00
[2024-12-17T21:08:08.412+0000] {logging_mixin.py:190} INFO - [2024-12-17T21:08:08.412+0000] {dag.py:4180} INFO - Setting next_dagrun for example_subdag_operator.section-1 to None, run_after=None
[2024-12-17T21:08:08.414+0000] {logging_mixin.py:190} INFO - [2024-12-17T21:08:08.414+0000] {dag.py:4180} INFO - Setting next_dagrun for example_subdag_operator.section-2 to None, run_after=None
[2024-12-17T21:08:08.423+0000] {logging_mixin.py:190} INFO - [2024-12-17T21:08:08.423+0000] {dag.py:3239} INFO - Sync 2 DAGs
[2024-12-17T21:08:08.429+0000] {logging_mixin.py:190} INFO - [2024-12-17T21:08:08.429+0000] {dag.py:4180} INFO - Setting next_dagrun for example_subdag_operator.section-1 to None, run_after=None
[2024-12-17T21:08:08.429+0000] {logging_mixin.py:190} INFO - [2024-12-17T21:08:08.429+0000] {dag.py:4180} INFO - Setting next_dagrun for example_subdag_operator.section-2 to None, run_after=None
[2024-12-17T21:08:08.439+0000] {processor.py:208} INFO - Processing /home/airflow/.local/lib/python3.12/site-packages/airflow/example_dags/example_subdag_operator.py took 0.115 seconds
[2024-12-17T21:08:38.667+0000] {processor.py:186} INFO - Started process (PID=1021) to work on /home/airflow/.local/lib/python3.12/site-packages/airflow/example_dags/example_subdag_operator.py
[2024-12-17T21:08:38.668+0000] {processor.py:914} INFO - Processing file /home/airflow/.local/lib/python3.12/site-packages/airflow/example_dags/example_subdag_operator.py for tasks to queue
[2024-12-17T21:08:38.669+0000] {logging_mixin.py:190} INFO - [2024-12-17T21:08:38.669+0000] {dagbag.py:588} INFO - Filling up the DagBag from /home/airflow/.local/lib/python3.12/site-packages/airflow/example_dags/example_subdag_operator.py
[2024-12-17T21:08:38.692+0000] {processor.py:925} INFO - DAG(s) 'example_subdag_operator.section-1', 'example_subdag_operator.section-2', 'example_subdag_operator' retrieved from /home/airflow/.local/lib/python3.12/site-packages/airflow/example_dags/example_subdag_operator.py
[2024-12-17T21:08:38.707+0000] {logging_mixin.py:190} INFO - [2024-12-17T21:08:38.707+0000] {dag.py:3239} INFO - Sync 3 DAGs
[2024-12-17T21:08:38.729+0000] {logging_mixin.py:190} INFO - [2024-12-17T21:08:38.729+0000] {dag.py:4180} INFO - Setting next_dagrun for example_subdag_operator to 2022-01-01 00:00:00+00:00, run_after=2022-01-01 00:00:00+00:00
[2024-12-17T21:08:38.733+0000] {logging_mixin.py:190} INFO - [2024-12-17T21:08:38.733+0000] {dag.py:4180} INFO - Setting next_dagrun for example_subdag_operator.section-1 to None, run_after=None
[2024-12-17T21:08:38.735+0000] {logging_mixin.py:190} INFO - [2024-12-17T21:08:38.734+0000] {dag.py:4180} INFO - Setting next_dagrun for example_subdag_operator.section-2 to None, run_after=None
[2024-12-17T21:08:38.741+0000] {logging_mixin.py:190} INFO - [2024-12-17T21:08:38.741+0000] {dag.py:3239} INFO - Sync 2 DAGs
[2024-12-17T21:08:38.747+0000] {logging_mixin.py:190} INFO - [2024-12-17T21:08:38.747+0000] {dag.py:4180} INFO - Setting next_dagrun for example_subdag_operator.section-1 to None, run_after=None
[2024-12-17T21:08:38.748+0000] {logging_mixin.py:190} INFO - [2024-12-17T21:08:38.747+0000] {dag.py:4180} INFO - Setting next_dagrun for example_subdag_operator.section-2 to None, run_after=None
[2024-12-17T21:08:38.764+0000] {processor.py:208} INFO - Processing /home/airflow/.local/lib/python3.12/site-packages/airflow/example_dags/example_subdag_operator.py took 0.103 seconds
[2024-12-17T21:09:10.499+0000] {processor.py:186} INFO - Started process (PID=1086) to work on /home/airflow/.local/lib/python3.12/site-packages/airflow/example_dags/example_subdag_operator.py
[2024-12-17T21:09:10.500+0000] {processor.py:914} INFO - Processing file /home/airflow/.local/lib/python3.12/site-packages/airflow/example_dags/example_subdag_operator.py for tasks to queue
[2024-12-17T21:09:10.501+0000] {logging_mixin.py:190} INFO - [2024-12-17T21:09:10.501+0000] {dagbag.py:588} INFO - Filling up the DagBag from /home/airflow/.local/lib/python3.12/site-packages/airflow/example_dags/example_subdag_operator.py
[2024-12-17T21:09:10.526+0000] {processor.py:925} INFO - DAG(s) 'example_subdag_operator.section-1', 'example_subdag_operator.section-2', 'example_subdag_operator' retrieved from /home/airflow/.local/lib/python3.12/site-packages/airflow/example_dags/example_subdag_operator.py
[2024-12-17T21:09:10.541+0000] {logging_mixin.py:190} INFO - [2024-12-17T21:09:10.541+0000] {dag.py:3239} INFO - Sync 3 DAGs
[2024-12-17T21:09:10.565+0000] {logging_mixin.py:190} INFO - [2024-12-17T21:09:10.565+0000] {dag.py:4180} INFO - Setting next_dagrun for example_subdag_operator to 2022-01-01 00:00:00+00:00, run_after=2022-01-01 00:00:00+00:00
[2024-12-17T21:09:10.568+0000] {logging_mixin.py:190} INFO - [2024-12-17T21:09:10.568+0000] {dag.py:4180} INFO - Setting next_dagrun for example_subdag_operator.section-1 to None, run_after=None
[2024-12-17T21:09:10.570+0000] {logging_mixin.py:190} INFO - [2024-12-17T21:09:10.570+0000] {dag.py:4180} INFO - Setting next_dagrun for example_subdag_operator.section-2 to None, run_after=None
[2024-12-17T21:09:10.578+0000] {logging_mixin.py:190} INFO - [2024-12-17T21:09:10.578+0000] {dag.py:3239} INFO - Sync 2 DAGs
[2024-12-17T21:09:10.584+0000] {logging_mixin.py:190} INFO - [2024-12-17T21:09:10.584+0000] {dag.py:4180} INFO - Setting next_dagrun for example_subdag_operator.section-1 to None, run_after=None
[2024-12-17T21:09:10.585+0000] {logging_mixin.py:190} INFO - [2024-12-17T21:09:10.584+0000] {dag.py:4180} INFO - Setting next_dagrun for example_subdag_operator.section-2 to None, run_after=None
[2024-12-17T21:09:10.595+0000] {processor.py:208} INFO - Processing /home/airflow/.local/lib/python3.12/site-packages/airflow/example_dags/example_subdag_operator.py took 0.101 seconds
[2024-12-17T21:09:42.962+0000] {processor.py:186} INFO - Started process (PID=1159) to work on /home/airflow/.local/lib/python3.12/site-packages/airflow/example_dags/example_subdag_operator.py
[2024-12-17T21:09:42.964+0000] {processor.py:914} INFO - Processing file /home/airflow/.local/lib/python3.12/site-packages/airflow/example_dags/example_subdag_operator.py for tasks to queue
[2024-12-17T21:09:42.965+0000] {logging_mixin.py:190} INFO - [2024-12-17T21:09:42.965+0000] {dagbag.py:588} INFO - Filling up the DagBag from /home/airflow/.local/lib/python3.12/site-packages/airflow/example_dags/example_subdag_operator.py
[2024-12-17T21:09:42.991+0000] {processor.py:925} INFO - DAG(s) 'example_subdag_operator.section-1', 'example_subdag_operator.section-2', 'example_subdag_operator' retrieved from /home/airflow/.local/lib/python3.12/site-packages/airflow/example_dags/example_subdag_operator.py
[2024-12-17T21:09:43.006+0000] {logging_mixin.py:190} INFO - [2024-12-17T21:09:43.006+0000] {dag.py:3239} INFO - Sync 3 DAGs
[2024-12-17T21:09:43.032+0000] {logging_mixin.py:190} INFO - [2024-12-17T21:09:43.032+0000] {dag.py:4180} INFO - Setting next_dagrun for example_subdag_operator to 2022-01-01 00:00:00+00:00, run_after=2022-01-01 00:00:00+00:00
[2024-12-17T21:09:43.036+0000] {logging_mixin.py:190} INFO - [2024-12-17T21:09:43.036+0000] {dag.py:4180} INFO - Setting next_dagrun for example_subdag_operator.section-1 to None, run_after=None
[2024-12-17T21:09:43.038+0000] {logging_mixin.py:190} INFO - [2024-12-17T21:09:43.037+0000] {dag.py:4180} INFO - Setting next_dagrun for example_subdag_operator.section-2 to None, run_after=None
[2024-12-17T21:09:43.045+0000] {logging_mixin.py:190} INFO - [2024-12-17T21:09:43.045+0000] {dag.py:3239} INFO - Sync 2 DAGs
[2024-12-17T21:09:43.050+0000] {logging_mixin.py:190} INFO - [2024-12-17T21:09:43.050+0000] {dag.py:4180} INFO - Setting next_dagrun for example_subdag_operator.section-1 to None, run_after=None
[2024-12-17T21:09:43.051+0000] {logging_mixin.py:190} INFO - [2024-12-17T21:09:43.051+0000] {dag.py:4180} INFO - Setting next_dagrun for example_subdag_operator.section-2 to None, run_after=None
[2024-12-17T21:09:43.062+0000] {processor.py:208} INFO - Processing /home/airflow/.local/lib/python3.12/site-packages/airflow/example_dags/example_subdag_operator.py took 0.107 seconds
[2024-12-17T21:10:14.165+0000] {processor.py:186} INFO - Started process (PID=1223) to work on /home/airflow/.local/lib/python3.12/site-packages/airflow/example_dags/example_subdag_operator.py
[2024-12-17T21:10:14.166+0000] {processor.py:914} INFO - Processing file /home/airflow/.local/lib/python3.12/site-packages/airflow/example_dags/example_subdag_operator.py for tasks to queue
[2024-12-17T21:10:14.167+0000] {logging_mixin.py:190} INFO - [2024-12-17T21:10:14.167+0000] {dagbag.py:588} INFO - Filling up the DagBag from /home/airflow/.local/lib/python3.12/site-packages/airflow/example_dags/example_subdag_operator.py
[2024-12-17T21:10:14.193+0000] {processor.py:925} INFO - DAG(s) 'example_subdag_operator.section-1', 'example_subdag_operator.section-2', 'example_subdag_operator' retrieved from /home/airflow/.local/lib/python3.12/site-packages/airflow/example_dags/example_subdag_operator.py
[2024-12-17T21:10:14.207+0000] {logging_mixin.py:190} INFO - [2024-12-17T21:10:14.207+0000] {dag.py:3239} INFO - Sync 3 DAGs
[2024-12-17T21:10:14.233+0000] {logging_mixin.py:190} INFO - [2024-12-17T21:10:14.233+0000] {dag.py:4180} INFO - Setting next_dagrun for example_subdag_operator to 2022-01-01 00:00:00+00:00, run_after=2022-01-01 00:00:00+00:00
[2024-12-17T21:10:14.237+0000] {logging_mixin.py:190} INFO - [2024-12-17T21:10:14.236+0000] {dag.py:4180} INFO - Setting next_dagrun for example_subdag_operator.section-1 to None, run_after=None
[2024-12-17T21:10:14.239+0000] {logging_mixin.py:190} INFO - [2024-12-17T21:10:14.238+0000] {dag.py:4180} INFO - Setting next_dagrun for example_subdag_operator.section-2 to None, run_after=None
[2024-12-17T21:10:14.247+0000] {logging_mixin.py:190} INFO - [2024-12-17T21:10:14.247+0000] {dag.py:3239} INFO - Sync 2 DAGs
[2024-12-17T21:10:14.253+0000] {logging_mixin.py:190} INFO - [2024-12-17T21:10:14.253+0000] {dag.py:4180} INFO - Setting next_dagrun for example_subdag_operator.section-1 to None, run_after=None
[2024-12-17T21:10:14.253+0000] {logging_mixin.py:190} INFO - [2024-12-17T21:10:14.253+0000] {dag.py:4180} INFO - Setting next_dagrun for example_subdag_operator.section-2 to None, run_after=None
[2024-12-17T21:10:14.263+0000] {processor.py:208} INFO - Processing /home/airflow/.local/lib/python3.12/site-packages/airflow/example_dags/example_subdag_operator.py took 0.105 seconds
[2024-12-17T21:10:45.425+0000] {processor.py:186} INFO - Started process (PID=1287) to work on /home/airflow/.local/lib/python3.12/site-packages/airflow/example_dags/example_subdag_operator.py
[2024-12-17T21:10:45.426+0000] {processor.py:914} INFO - Processing file /home/airflow/.local/lib/python3.12/site-packages/airflow/example_dags/example_subdag_operator.py for tasks to queue
[2024-12-17T21:10:45.427+0000] {logging_mixin.py:190} INFO - [2024-12-17T21:10:45.427+0000] {dagbag.py:588} INFO - Filling up the DagBag from /home/airflow/.local/lib/python3.12/site-packages/airflow/example_dags/example_subdag_operator.py
[2024-12-17T21:10:45.451+0000] {processor.py:925} INFO - DAG(s) 'example_subdag_operator.section-1', 'example_subdag_operator.section-2', 'example_subdag_operator' retrieved from /home/airflow/.local/lib/python3.12/site-packages/airflow/example_dags/example_subdag_operator.py
[2024-12-17T21:10:45.464+0000] {logging_mixin.py:190} INFO - [2024-12-17T21:10:45.464+0000] {dag.py:3239} INFO - Sync 3 DAGs
[2024-12-17T21:10:45.490+0000] {logging_mixin.py:190} INFO - [2024-12-17T21:10:45.490+0000] {dag.py:4180} INFO - Setting next_dagrun for example_subdag_operator to 2022-01-01 00:00:00+00:00, run_after=2022-01-01 00:00:00+00:00
[2024-12-17T21:10:45.494+0000] {logging_mixin.py:190} INFO - [2024-12-17T21:10:45.493+0000] {dag.py:4180} INFO - Setting next_dagrun for example_subdag_operator.section-1 to None, run_after=None
[2024-12-17T21:10:45.495+0000] {logging_mixin.py:190} INFO - [2024-12-17T21:10:45.495+0000] {dag.py:4180} INFO - Setting next_dagrun for example_subdag_operator.section-2 to None, run_after=None
[2024-12-17T21:10:45.501+0000] {logging_mixin.py:190} INFO - [2024-12-17T21:10:45.501+0000] {dag.py:3239} INFO - Sync 2 DAGs
[2024-12-17T21:10:45.506+0000] {logging_mixin.py:190} INFO - [2024-12-17T21:10:45.506+0000] {dag.py:4180} INFO - Setting next_dagrun for example_subdag_operator.section-1 to None, run_after=None
[2024-12-17T21:10:45.507+0000] {logging_mixin.py:190} INFO - [2024-12-17T21:10:45.507+0000] {dag.py:4180} INFO - Setting next_dagrun for example_subdag_operator.section-2 to None, run_after=None
[2024-12-17T21:10:45.517+0000] {processor.py:208} INFO - Processing /home/airflow/.local/lib/python3.12/site-packages/airflow/example_dags/example_subdag_operator.py took 0.097 seconds
[2024-12-17T21:11:16.600+0000] {processor.py:186} INFO - Started process (PID=1351) to work on /home/airflow/.local/lib/python3.12/site-packages/airflow/example_dags/example_subdag_operator.py
[2024-12-17T21:11:16.602+0000] {processor.py:914} INFO - Processing file /home/airflow/.local/lib/python3.12/site-packages/airflow/example_dags/example_subdag_operator.py for tasks to queue
[2024-12-17T21:11:16.603+0000] {logging_mixin.py:190} INFO - [2024-12-17T21:11:16.603+0000] {dagbag.py:588} INFO - Filling up the DagBag from /home/airflow/.local/lib/python3.12/site-packages/airflow/example_dags/example_subdag_operator.py
[2024-12-17T21:11:16.641+0000] {processor.py:925} INFO - DAG(s) 'example_subdag_operator.section-1', 'example_subdag_operator.section-2', 'example_subdag_operator' retrieved from /home/airflow/.local/lib/python3.12/site-packages/airflow/example_dags/example_subdag_operator.py
[2024-12-17T21:11:16.669+0000] {logging_mixin.py:190} INFO - [2024-12-17T21:11:16.669+0000] {dag.py:3239} INFO - Sync 3 DAGs
[2024-12-17T21:11:16.709+0000] {logging_mixin.py:190} INFO - [2024-12-17T21:11:16.709+0000] {dag.py:4180} INFO - Setting next_dagrun for example_subdag_operator to 2022-01-01 00:00:00+00:00, run_after=2022-01-01 00:00:00+00:00
[2024-12-17T21:11:16.716+0000] {logging_mixin.py:190} INFO - [2024-12-17T21:11:16.716+0000] {dag.py:4180} INFO - Setting next_dagrun for example_subdag_operator.section-1 to None, run_after=None
[2024-12-17T21:11:16.719+0000] {logging_mixin.py:190} INFO - [2024-12-17T21:11:16.719+0000] {dag.py:4180} INFO - Setting next_dagrun for example_subdag_operator.section-2 to None, run_after=None
[2024-12-17T21:11:16.731+0000] {logging_mixin.py:190} INFO - [2024-12-17T21:11:16.731+0000] {dag.py:3239} INFO - Sync 2 DAGs
[2024-12-17T21:11:16.741+0000] {logging_mixin.py:190} INFO - [2024-12-17T21:11:16.740+0000] {dag.py:4180} INFO - Setting next_dagrun for example_subdag_operator.section-1 to None, run_after=None
[2024-12-17T21:11:16.741+0000] {logging_mixin.py:190} INFO - [2024-12-17T21:11:16.741+0000] {dag.py:4180} INFO - Setting next_dagrun for example_subdag_operator.section-2 to None, run_after=None
[2024-12-17T21:11:16.754+0000] {processor.py:208} INFO - Processing /home/airflow/.local/lib/python3.12/site-packages/airflow/example_dags/example_subdag_operator.py took 0.163 seconds
[2024-12-17T21:11:48.053+0000] {processor.py:186} INFO - Started process (PID=1414) to work on /home/airflow/.local/lib/python3.12/site-packages/airflow/example_dags/example_subdag_operator.py
[2024-12-17T21:11:48.054+0000] {processor.py:914} INFO - Processing file /home/airflow/.local/lib/python3.12/site-packages/airflow/example_dags/example_subdag_operator.py for tasks to queue
[2024-12-17T21:11:48.056+0000] {logging_mixin.py:190} INFO - [2024-12-17T21:11:48.056+0000] {dagbag.py:588} INFO - Filling up the DagBag from /home/airflow/.local/lib/python3.12/site-packages/airflow/example_dags/example_subdag_operator.py
[2024-12-17T21:11:48.082+0000] {processor.py:925} INFO - DAG(s) 'example_subdag_operator.section-1', 'example_subdag_operator.section-2', 'example_subdag_operator' retrieved from /home/airflow/.local/lib/python3.12/site-packages/airflow/example_dags/example_subdag_operator.py
[2024-12-17T21:11:48.099+0000] {logging_mixin.py:190} INFO - [2024-12-17T21:11:48.099+0000] {dag.py:3239} INFO - Sync 3 DAGs
[2024-12-17T21:11:48.124+0000] {logging_mixin.py:190} INFO - [2024-12-17T21:11:48.124+0000] {dag.py:4180} INFO - Setting next_dagrun for example_subdag_operator to 2022-01-01 00:00:00+00:00, run_after=2022-01-01 00:00:00+00:00
[2024-12-17T21:11:48.128+0000] {logging_mixin.py:190} INFO - [2024-12-17T21:11:48.128+0000] {dag.py:4180} INFO - Setting next_dagrun for example_subdag_operator.section-1 to None, run_after=None
[2024-12-17T21:11:48.129+0000] {logging_mixin.py:190} INFO - [2024-12-17T21:11:48.129+0000] {dag.py:4180} INFO - Setting next_dagrun for example_subdag_operator.section-2 to None, run_after=None
[2024-12-17T21:11:48.136+0000] {logging_mixin.py:190} INFO - [2024-12-17T21:11:48.136+0000] {dag.py:3239} INFO - Sync 2 DAGs
[2024-12-17T21:11:48.141+0000] {logging_mixin.py:190} INFO - [2024-12-17T21:11:48.141+0000] {dag.py:4180} INFO - Setting next_dagrun for example_subdag_operator.section-1 to None, run_after=None
[2024-12-17T21:11:48.142+0000] {logging_mixin.py:190} INFO - [2024-12-17T21:11:48.142+0000] {dag.py:4180} INFO - Setting next_dagrun for example_subdag_operator.section-2 to None, run_after=None
[2024-12-17T21:11:48.152+0000] {processor.py:208} INFO - Processing /home/airflow/.local/lib/python3.12/site-packages/airflow/example_dags/example_subdag_operator.py took 0.105 seconds
[2024-12-17T21:12:18.965+0000] {processor.py:186} INFO - Started process (PID=1478) to work on /home/airflow/.local/lib/python3.12/site-packages/airflow/example_dags/example_subdag_operator.py
[2024-12-17T21:12:18.966+0000] {processor.py:914} INFO - Processing file /home/airflow/.local/lib/python3.12/site-packages/airflow/example_dags/example_subdag_operator.py for tasks to queue
[2024-12-17T21:12:18.968+0000] {logging_mixin.py:190} INFO - [2024-12-17T21:12:18.968+0000] {dagbag.py:588} INFO - Filling up the DagBag from /home/airflow/.local/lib/python3.12/site-packages/airflow/example_dags/example_subdag_operator.py
[2024-12-17T21:12:18.992+0000] {processor.py:925} INFO - DAG(s) 'example_subdag_operator.section-1', 'example_subdag_operator.section-2', 'example_subdag_operator' retrieved from /home/airflow/.local/lib/python3.12/site-packages/airflow/example_dags/example_subdag_operator.py
[2024-12-17T21:12:19.009+0000] {logging_mixin.py:190} INFO - [2024-12-17T21:12:19.008+0000] {dag.py:3239} INFO - Sync 3 DAGs
[2024-12-17T21:12:19.032+0000] {logging_mixin.py:190} INFO - [2024-12-17T21:12:19.032+0000] {dag.py:4180} INFO - Setting next_dagrun for example_subdag_operator to 2022-01-01 00:00:00+00:00, run_after=2022-01-01 00:00:00+00:00
[2024-12-17T21:12:19.036+0000] {logging_mixin.py:190} INFO - [2024-12-17T21:12:19.035+0000] {dag.py:4180} INFO - Setting next_dagrun for example_subdag_operator.section-1 to None, run_after=None
[2024-12-17T21:12:19.037+0000] {logging_mixin.py:190} INFO - [2024-12-17T21:12:19.037+0000] {dag.py:4180} INFO - Setting next_dagrun for example_subdag_operator.section-2 to None, run_after=None
[2024-12-17T21:12:19.044+0000] {logging_mixin.py:190} INFO - [2024-12-17T21:12:19.044+0000] {dag.py:3239} INFO - Sync 2 DAGs
[2024-12-17T21:12:19.049+0000] {logging_mixin.py:190} INFO - [2024-12-17T21:12:19.049+0000] {dag.py:4180} INFO - Setting next_dagrun for example_subdag_operator.section-1 to None, run_after=None
[2024-12-17T21:12:19.050+0000] {logging_mixin.py:190} INFO - [2024-12-17T21:12:19.049+0000] {dag.py:4180} INFO - Setting next_dagrun for example_subdag_operator.section-2 to None, run_after=None
[2024-12-17T21:12:19.068+0000] {processor.py:208} INFO - Processing /home/airflow/.local/lib/python3.12/site-packages/airflow/example_dags/example_subdag_operator.py took 0.108 seconds
[2024-12-17T21:12:50.538+0000] {processor.py:186} INFO - Started process (PID=1543) to work on /home/airflow/.local/lib/python3.12/site-packages/airflow/example_dags/example_subdag_operator.py
[2024-12-17T21:12:50.540+0000] {processor.py:914} INFO - Processing file /home/airflow/.local/lib/python3.12/site-packages/airflow/example_dags/example_subdag_operator.py for tasks to queue
[2024-12-17T21:12:50.541+0000] {logging_mixin.py:190} INFO - [2024-12-17T21:12:50.540+0000] {dagbag.py:588} INFO - Filling up the DagBag from /home/airflow/.local/lib/python3.12/site-packages/airflow/example_dags/example_subdag_operator.py
[2024-12-17T21:12:50.566+0000] {processor.py:925} INFO - DAG(s) 'example_subdag_operator.section-1', 'example_subdag_operator.section-2', 'example_subdag_operator' retrieved from /home/airflow/.local/lib/python3.12/site-packages/airflow/example_dags/example_subdag_operator.py
[2024-12-17T21:12:50.580+0000] {logging_mixin.py:190} INFO - [2024-12-17T21:12:50.580+0000] {dag.py:3239} INFO - Sync 3 DAGs
[2024-12-17T21:12:50.604+0000] {logging_mixin.py:190} INFO - [2024-12-17T21:12:50.604+0000] {dag.py:4180} INFO - Setting next_dagrun for example_subdag_operator to 2022-01-01 00:00:00+00:00, run_after=2022-01-01 00:00:00+00:00
[2024-12-17T21:12:50.608+0000] {logging_mixin.py:190} INFO - [2024-12-17T21:12:50.608+0000] {dag.py:4180} INFO - Setting next_dagrun for example_subdag_operator.section-1 to None, run_after=None
[2024-12-17T21:12:50.610+0000] {logging_mixin.py:190} INFO - [2024-12-17T21:12:50.610+0000] {dag.py:4180} INFO - Setting next_dagrun for example_subdag_operator.section-2 to None, run_after=None
[2024-12-17T21:12:50.618+0000] {logging_mixin.py:190} INFO - [2024-12-17T21:12:50.617+0000] {dag.py:3239} INFO - Sync 2 DAGs
[2024-12-17T21:12:50.623+0000] {logging_mixin.py:190} INFO - [2024-12-17T21:12:50.622+0000] {dag.py:4180} INFO - Setting next_dagrun for example_subdag_operator.section-1 to None, run_after=None
[2024-12-17T21:12:50.623+0000] {logging_mixin.py:190} INFO - [2024-12-17T21:12:50.623+0000] {dag.py:4180} INFO - Setting next_dagrun for example_subdag_operator.section-2 to None, run_after=None
[2024-12-17T21:12:50.634+0000] {processor.py:208} INFO - Processing /home/airflow/.local/lib/python3.12/site-packages/airflow/example_dags/example_subdag_operator.py took 0.102 seconds
[2024-12-17T21:13:21.313+0000] {processor.py:186} INFO - Started process (PID=1607) to work on /home/airflow/.local/lib/python3.12/site-packages/airflow/example_dags/example_subdag_operator.py
[2024-12-17T21:13:21.314+0000] {processor.py:914} INFO - Processing file /home/airflow/.local/lib/python3.12/site-packages/airflow/example_dags/example_subdag_operator.py for tasks to queue
[2024-12-17T21:13:21.315+0000] {logging_mixin.py:190} INFO - [2024-12-17T21:13:21.315+0000] {dagbag.py:588} INFO - Filling up the DagBag from /home/airflow/.local/lib/python3.12/site-packages/airflow/example_dags/example_subdag_operator.py
[2024-12-17T21:13:21.339+0000] {processor.py:925} INFO - DAG(s) 'example_subdag_operator.section-1', 'example_subdag_operator.section-2', 'example_subdag_operator' retrieved from /home/airflow/.local/lib/python3.12/site-packages/airflow/example_dags/example_subdag_operator.py
[2024-12-17T21:13:21.354+0000] {logging_mixin.py:190} INFO - [2024-12-17T21:13:21.353+0000] {dag.py:3239} INFO - Sync 3 DAGs
[2024-12-17T21:13:21.375+0000] {logging_mixin.py:190} INFO - [2024-12-17T21:13:21.375+0000] {dag.py:4180} INFO - Setting next_dagrun for example_subdag_operator to 2022-01-01 00:00:00+00:00, run_after=2022-01-01 00:00:00+00:00
[2024-12-17T21:13:21.379+0000] {logging_mixin.py:190} INFO - [2024-12-17T21:13:21.378+0000] {dag.py:4180} INFO - Setting next_dagrun for example_subdag_operator.section-1 to None, run_after=None
[2024-12-17T21:13:21.380+0000] {logging_mixin.py:190} INFO - [2024-12-17T21:13:21.380+0000] {dag.py:4180} INFO - Setting next_dagrun for example_subdag_operator.section-2 to None, run_after=None
[2024-12-17T21:13:21.386+0000] {logging_mixin.py:190} INFO - [2024-12-17T21:13:21.386+0000] {dag.py:3239} INFO - Sync 2 DAGs
[2024-12-17T21:13:21.392+0000] {logging_mixin.py:190} INFO - [2024-12-17T21:13:21.392+0000] {dag.py:4180} INFO - Setting next_dagrun for example_subdag_operator.section-1 to None, run_after=None
[2024-12-17T21:13:21.392+0000] {logging_mixin.py:190} INFO - [2024-12-17T21:13:21.392+0000] {dag.py:4180} INFO - Setting next_dagrun for example_subdag_operator.section-2 to None, run_after=None
[2024-12-17T21:13:21.403+0000] {processor.py:208} INFO - Processing /home/airflow/.local/lib/python3.12/site-packages/airflow/example_dags/example_subdag_operator.py took 0.096 seconds
[2024-12-17T21:13:52.422+0000] {processor.py:186} INFO - Started process (PID=1671) to work on /home/airflow/.local/lib/python3.12/site-packages/airflow/example_dags/example_subdag_operator.py
[2024-12-17T21:13:52.423+0000] {processor.py:914} INFO - Processing file /home/airflow/.local/lib/python3.12/site-packages/airflow/example_dags/example_subdag_operator.py for tasks to queue
[2024-12-17T21:13:52.425+0000] {logging_mixin.py:190} INFO - [2024-12-17T21:13:52.424+0000] {dagbag.py:588} INFO - Filling up the DagBag from /home/airflow/.local/lib/python3.12/site-packages/airflow/example_dags/example_subdag_operator.py
[2024-12-17T21:13:52.449+0000] {processor.py:925} INFO - DAG(s) 'example_subdag_operator.section-1', 'example_subdag_operator.section-2', 'example_subdag_operator' retrieved from /home/airflow/.local/lib/python3.12/site-packages/airflow/example_dags/example_subdag_operator.py
[2024-12-17T21:13:52.467+0000] {logging_mixin.py:190} INFO - [2024-12-17T21:13:52.466+0000] {dag.py:3239} INFO - Sync 3 DAGs
[2024-12-17T21:13:52.489+0000] {logging_mixin.py:190} INFO - [2024-12-17T21:13:52.489+0000] {dag.py:4180} INFO - Setting next_dagrun for example_subdag_operator to 2022-01-01 00:00:00+00:00, run_after=2022-01-01 00:00:00+00:00
[2024-12-17T21:13:52.493+0000] {logging_mixin.py:190} INFO - [2024-12-17T21:13:52.493+0000] {dag.py:4180} INFO - Setting next_dagrun for example_subdag_operator.section-1 to None, run_after=None
[2024-12-17T21:13:52.494+0000] {logging_mixin.py:190} INFO - [2024-12-17T21:13:52.494+0000] {dag.py:4180} INFO - Setting next_dagrun for example_subdag_operator.section-2 to None, run_after=None
[2024-12-17T21:13:52.501+0000] {logging_mixin.py:190} INFO - [2024-12-17T21:13:52.501+0000] {dag.py:3239} INFO - Sync 2 DAGs
[2024-12-17T21:13:52.507+0000] {logging_mixin.py:190} INFO - [2024-12-17T21:13:52.507+0000] {dag.py:4180} INFO - Setting next_dagrun for example_subdag_operator.section-1 to None, run_after=None
[2024-12-17T21:13:52.508+0000] {logging_mixin.py:190} INFO - [2024-12-17T21:13:52.508+0000] {dag.py:4180} INFO - Setting next_dagrun for example_subdag_operator.section-2 to None, run_after=None
[2024-12-17T21:13:52.518+0000] {processor.py:208} INFO - Processing /home/airflow/.local/lib/python3.12/site-packages/airflow/example_dags/example_subdag_operator.py took 0.101 seconds
[2024-12-17T21:14:23.556+0000] {processor.py:186} INFO - Started process (PID=1735) to work on /home/airflow/.local/lib/python3.12/site-packages/airflow/example_dags/example_subdag_operator.py
[2024-12-17T21:14:23.557+0000] {processor.py:914} INFO - Processing file /home/airflow/.local/lib/python3.12/site-packages/airflow/example_dags/example_subdag_operator.py for tasks to queue
[2024-12-17T21:14:23.558+0000] {logging_mixin.py:190} INFO - [2024-12-17T21:14:23.558+0000] {dagbag.py:588} INFO - Filling up the DagBag from /home/airflow/.local/lib/python3.12/site-packages/airflow/example_dags/example_subdag_operator.py
[2024-12-17T21:14:23.583+0000] {processor.py:925} INFO - DAG(s) 'example_subdag_operator.section-1', 'example_subdag_operator.section-2', 'example_subdag_operator' retrieved from /home/airflow/.local/lib/python3.12/site-packages/airflow/example_dags/example_subdag_operator.py
[2024-12-17T21:14:23.597+0000] {logging_mixin.py:190} INFO - [2024-12-17T21:14:23.596+0000] {dag.py:3239} INFO - Sync 3 DAGs
[2024-12-17T21:14:23.621+0000] {logging_mixin.py:190} INFO - [2024-12-17T21:14:23.621+0000] {dag.py:4180} INFO - Setting next_dagrun for example_subdag_operator to 2022-01-01 00:00:00+00:00, run_after=2022-01-01 00:00:00+00:00
[2024-12-17T21:14:23.626+0000] {logging_mixin.py:190} INFO - [2024-12-17T21:14:23.625+0000] {dag.py:4180} INFO - Setting next_dagrun for example_subdag_operator.section-1 to None, run_after=None
[2024-12-17T21:14:23.627+0000] {logging_mixin.py:190} INFO - [2024-12-17T21:14:23.627+0000] {dag.py:4180} INFO - Setting next_dagrun for example_subdag_operator.section-2 to None, run_after=None
[2024-12-17T21:14:23.635+0000] {logging_mixin.py:190} INFO - [2024-12-17T21:14:23.635+0000] {dag.py:3239} INFO - Sync 2 DAGs
[2024-12-17T21:14:23.641+0000] {logging_mixin.py:190} INFO - [2024-12-17T21:14:23.641+0000] {dag.py:4180} INFO - Setting next_dagrun for example_subdag_operator.section-1 to None, run_after=None
[2024-12-17T21:14:23.642+0000] {logging_mixin.py:190} INFO - [2024-12-17T21:14:23.641+0000] {dag.py:4180} INFO - Setting next_dagrun for example_subdag_operator.section-2 to None, run_after=None
[2024-12-17T21:14:23.658+0000] {processor.py:208} INFO - Processing /home/airflow/.local/lib/python3.12/site-packages/airflow/example_dags/example_subdag_operator.py took 0.108 seconds
[2024-12-17T21:14:54.509+0000] {processor.py:186} INFO - Started process (PID=1799) to work on /home/airflow/.local/lib/python3.12/site-packages/airflow/example_dags/example_subdag_operator.py
[2024-12-17T21:14:54.510+0000] {processor.py:914} INFO - Processing file /home/airflow/.local/lib/python3.12/site-packages/airflow/example_dags/example_subdag_operator.py for tasks to queue
[2024-12-17T21:14:54.511+0000] {logging_mixin.py:190} INFO - [2024-12-17T21:14:54.511+0000] {dagbag.py:588} INFO - Filling up the DagBag from /home/airflow/.local/lib/python3.12/site-packages/airflow/example_dags/example_subdag_operator.py
[2024-12-17T21:14:54.536+0000] {processor.py:925} INFO - DAG(s) 'example_subdag_operator.section-1', 'example_subdag_operator.section-2', 'example_subdag_operator' retrieved from /home/airflow/.local/lib/python3.12/site-packages/airflow/example_dags/example_subdag_operator.py
[2024-12-17T21:14:54.551+0000] {logging_mixin.py:190} INFO - [2024-12-17T21:14:54.551+0000] {dag.py:3239} INFO - Sync 3 DAGs
[2024-12-17T21:14:54.574+0000] {logging_mixin.py:190} INFO - [2024-12-17T21:14:54.574+0000] {dag.py:4180} INFO - Setting next_dagrun for example_subdag_operator to 2022-01-01 00:00:00+00:00, run_after=2022-01-01 00:00:00+00:00
[2024-12-17T21:14:54.578+0000] {logging_mixin.py:190} INFO - [2024-12-17T21:14:54.578+0000] {dag.py:4180} INFO - Setting next_dagrun for example_subdag_operator.section-1 to None, run_after=None
[2024-12-17T21:14:54.580+0000] {logging_mixin.py:190} INFO - [2024-12-17T21:14:54.580+0000] {dag.py:4180} INFO - Setting next_dagrun for example_subdag_operator.section-2 to None, run_after=None
[2024-12-17T21:14:54.586+0000] {logging_mixin.py:190} INFO - [2024-12-17T21:14:54.586+0000] {dag.py:3239} INFO - Sync 2 DAGs
[2024-12-17T21:14:54.591+0000] {logging_mixin.py:190} INFO - [2024-12-17T21:14:54.591+0000] {dag.py:4180} INFO - Setting next_dagrun for example_subdag_operator.section-1 to None, run_after=None
[2024-12-17T21:14:54.592+0000] {logging_mixin.py:190} INFO - [2024-12-17T21:14:54.592+0000] {dag.py:4180} INFO - Setting next_dagrun for example_subdag_operator.section-2 to None, run_after=None
[2024-12-17T21:14:54.609+0000] {processor.py:208} INFO - Processing /home/airflow/.local/lib/python3.12/site-packages/airflow/example_dags/example_subdag_operator.py took 0.106 seconds
[2024-12-17T21:15:25.404+0000] {processor.py:186} INFO - Started process (PID=1862) to work on /home/airflow/.local/lib/python3.12/site-packages/airflow/example_dags/example_subdag_operator.py
[2024-12-17T21:15:25.405+0000] {processor.py:914} INFO - Processing file /home/airflow/.local/lib/python3.12/site-packages/airflow/example_dags/example_subdag_operator.py for tasks to queue
[2024-12-17T21:15:25.406+0000] {logging_mixin.py:190} INFO - [2024-12-17T21:15:25.406+0000] {dagbag.py:588} INFO - Filling up the DagBag from /home/airflow/.local/lib/python3.12/site-packages/airflow/example_dags/example_subdag_operator.py
[2024-12-17T21:15:25.431+0000] {processor.py:925} INFO - DAG(s) 'example_subdag_operator.section-1', 'example_subdag_operator.section-2', 'example_subdag_operator' retrieved from /home/airflow/.local/lib/python3.12/site-packages/airflow/example_dags/example_subdag_operator.py
[2024-12-17T21:15:25.445+0000] {logging_mixin.py:190} INFO - [2024-12-17T21:15:25.445+0000] {dag.py:3239} INFO - Sync 3 DAGs
[2024-12-17T21:15:25.466+0000] {logging_mixin.py:190} INFO - [2024-12-17T21:15:25.466+0000] {dag.py:4180} INFO - Setting next_dagrun for example_subdag_operator to 2022-01-01 00:00:00+00:00, run_after=2022-01-01 00:00:00+00:00
[2024-12-17T21:15:25.470+0000] {logging_mixin.py:190} INFO - [2024-12-17T21:15:25.470+0000] {dag.py:4180} INFO - Setting next_dagrun for example_subdag_operator.section-1 to None, run_after=None
[2024-12-17T21:15:25.471+0000] {logging_mixin.py:190} INFO - [2024-12-17T21:15:25.471+0000] {dag.py:4180} INFO - Setting next_dagrun for example_subdag_operator.section-2 to None, run_after=None
[2024-12-17T21:15:25.478+0000] {logging_mixin.py:190} INFO - [2024-12-17T21:15:25.478+0000] {dag.py:3239} INFO - Sync 2 DAGs
[2024-12-17T21:15:25.483+0000] {logging_mixin.py:190} INFO - [2024-12-17T21:15:25.483+0000] {dag.py:4180} INFO - Setting next_dagrun for example_subdag_operator.section-1 to None, run_after=None
[2024-12-17T21:15:25.484+0000] {logging_mixin.py:190} INFO - [2024-12-17T21:15:25.484+0000] {dag.py:4180} INFO - Setting next_dagrun for example_subdag_operator.section-2 to None, run_after=None
[2024-12-17T21:15:25.493+0000] {processor.py:208} INFO - Processing /home/airflow/.local/lib/python3.12/site-packages/airflow/example_dags/example_subdag_operator.py took 0.094 seconds
[2024-12-17T21:15:56.719+0000] {processor.py:186} INFO - Started process (PID=1926) to work on /home/airflow/.local/lib/python3.12/site-packages/airflow/example_dags/example_subdag_operator.py
[2024-12-17T21:15:56.720+0000] {processor.py:914} INFO - Processing file /home/airflow/.local/lib/python3.12/site-packages/airflow/example_dags/example_subdag_operator.py for tasks to queue
[2024-12-17T21:15:56.721+0000] {logging_mixin.py:190} INFO - [2024-12-17T21:15:56.721+0000] {dagbag.py:588} INFO - Filling up the DagBag from /home/airflow/.local/lib/python3.12/site-packages/airflow/example_dags/example_subdag_operator.py
[2024-12-17T21:15:56.747+0000] {processor.py:925} INFO - DAG(s) 'example_subdag_operator.section-1', 'example_subdag_operator.section-2', 'example_subdag_operator' retrieved from /home/airflow/.local/lib/python3.12/site-packages/airflow/example_dags/example_subdag_operator.py
[2024-12-17T21:15:56.773+0000] {logging_mixin.py:190} INFO - [2024-12-17T21:15:56.772+0000] {dag.py:3239} INFO - Sync 3 DAGs
[2024-12-17T21:15:56.809+0000] {logging_mixin.py:190} INFO - [2024-12-17T21:15:56.808+0000] {dag.py:4180} INFO - Setting next_dagrun for example_subdag_operator to 2022-01-01 00:00:00+00:00, run_after=2022-01-01 00:00:00+00:00
[2024-12-17T21:15:56.817+0000] {logging_mixin.py:190} INFO - [2024-12-17T21:15:56.816+0000] {dag.py:4180} INFO - Setting next_dagrun for example_subdag_operator.section-1 to None, run_after=None
[2024-12-17T21:15:56.819+0000] {logging_mixin.py:190} INFO - [2024-12-17T21:15:56.819+0000] {dag.py:4180} INFO - Setting next_dagrun for example_subdag_operator.section-2 to None, run_after=None
[2024-12-17T21:15:56.830+0000] {logging_mixin.py:190} INFO - [2024-12-17T21:15:56.830+0000] {dag.py:3239} INFO - Sync 2 DAGs
[2024-12-17T21:15:56.840+0000] {logging_mixin.py:190} INFO - [2024-12-17T21:15:56.840+0000] {dag.py:4180} INFO - Setting next_dagrun for example_subdag_operator.section-1 to None, run_after=None
[2024-12-17T21:15:56.841+0000] {logging_mixin.py:190} INFO - [2024-12-17T21:15:56.840+0000] {dag.py:4180} INFO - Setting next_dagrun for example_subdag_operator.section-2 to None, run_after=None
[2024-12-17T21:15:56.864+0000] {processor.py:208} INFO - Processing /home/airflow/.local/lib/python3.12/site-packages/airflow/example_dags/example_subdag_operator.py took 0.150 seconds
[2024-12-17T21:16:29.345+0000] {processor.py:186} INFO - Started process (PID=1990) to work on /home/airflow/.local/lib/python3.12/site-packages/airflow/example_dags/example_subdag_operator.py
[2024-12-17T21:16:29.346+0000] {processor.py:914} INFO - Processing file /home/airflow/.local/lib/python3.12/site-packages/airflow/example_dags/example_subdag_operator.py for tasks to queue
[2024-12-17T21:16:29.347+0000] {logging_mixin.py:190} INFO - [2024-12-17T21:16:29.347+0000] {dagbag.py:588} INFO - Filling up the DagBag from /home/airflow/.local/lib/python3.12/site-packages/airflow/example_dags/example_subdag_operator.py
[2024-12-17T21:16:29.376+0000] {processor.py:925} INFO - DAG(s) 'example_subdag_operator.section-1', 'example_subdag_operator.section-2', 'example_subdag_operator' retrieved from /home/airflow/.local/lib/python3.12/site-packages/airflow/example_dags/example_subdag_operator.py
[2024-12-17T21:16:29.394+0000] {logging_mixin.py:190} INFO - [2024-12-17T21:16:29.394+0000] {dag.py:3239} INFO - Sync 3 DAGs
[2024-12-17T21:16:29.430+0000] {logging_mixin.py:190} INFO - [2024-12-17T21:16:29.430+0000] {dag.py:4180} INFO - Setting next_dagrun for example_subdag_operator to 2022-01-01 00:00:00+00:00, run_after=2022-01-01 00:00:00+00:00
[2024-12-17T21:16:29.437+0000] {logging_mixin.py:190} INFO - [2024-12-17T21:16:29.437+0000] {dag.py:4180} INFO - Setting next_dagrun for example_subdag_operator.section-1 to None, run_after=None
[2024-12-17T21:16:29.439+0000] {logging_mixin.py:190} INFO - [2024-12-17T21:16:29.439+0000] {dag.py:4180} INFO - Setting next_dagrun for example_subdag_operator.section-2 to None, run_after=None
[2024-12-17T21:16:29.448+0000] {logging_mixin.py:190} INFO - [2024-12-17T21:16:29.448+0000] {dag.py:3239} INFO - Sync 2 DAGs
[2024-12-17T21:16:29.455+0000] {logging_mixin.py:190} INFO - [2024-12-17T21:16:29.455+0000] {dag.py:4180} INFO - Setting next_dagrun for example_subdag_operator.section-1 to None, run_after=None
[2024-12-17T21:16:29.456+0000] {logging_mixin.py:190} INFO - [2024-12-17T21:16:29.455+0000] {dag.py:4180} INFO - Setting next_dagrun for example_subdag_operator.section-2 to None, run_after=None
[2024-12-17T21:16:29.476+0000] {processor.py:208} INFO - Processing /home/airflow/.local/lib/python3.12/site-packages/airflow/example_dags/example_subdag_operator.py took 0.137 seconds
[2024-12-17T21:17:01.591+0000] {processor.py:186} INFO - Started process (PID=2063) to work on /home/airflow/.local/lib/python3.12/site-packages/airflow/example_dags/example_subdag_operator.py
[2024-12-17T21:17:01.593+0000] {processor.py:914} INFO - Processing file /home/airflow/.local/lib/python3.12/site-packages/airflow/example_dags/example_subdag_operator.py for tasks to queue
[2024-12-17T21:17:01.594+0000] {logging_mixin.py:190} INFO - [2024-12-17T21:17:01.594+0000] {dagbag.py:588} INFO - Filling up the DagBag from /home/airflow/.local/lib/python3.12/site-packages/airflow/example_dags/example_subdag_operator.py
[2024-12-17T21:17:01.622+0000] {processor.py:925} INFO - DAG(s) 'example_subdag_operator.section-1', 'example_subdag_operator.section-2', 'example_subdag_operator' retrieved from /home/airflow/.local/lib/python3.12/site-packages/airflow/example_dags/example_subdag_operator.py
[2024-12-17T21:17:01.642+0000] {logging_mixin.py:190} INFO - [2024-12-17T21:17:01.642+0000] {dag.py:3239} INFO - Sync 3 DAGs
[2024-12-17T21:17:01.671+0000] {logging_mixin.py:190} INFO - [2024-12-17T21:17:01.670+0000] {dag.py:4180} INFO - Setting next_dagrun for example_subdag_operator to 2022-01-01 00:00:00+00:00, run_after=2022-01-01 00:00:00+00:00
[2024-12-17T21:17:01.675+0000] {logging_mixin.py:190} INFO - [2024-12-17T21:17:01.675+0000] {dag.py:4180} INFO - Setting next_dagrun for example_subdag_operator.section-1 to None, run_after=None
[2024-12-17T21:17:01.677+0000] {logging_mixin.py:190} INFO - [2024-12-17T21:17:01.677+0000] {dag.py:4180} INFO - Setting next_dagrun for example_subdag_operator.section-2 to None, run_after=None
[2024-12-17T21:17:01.685+0000] {logging_mixin.py:190} INFO - [2024-12-17T21:17:01.685+0000] {dag.py:3239} INFO - Sync 2 DAGs
[2024-12-17T21:17:01.691+0000] {logging_mixin.py:190} INFO - [2024-12-17T21:17:01.690+0000] {dag.py:4180} INFO - Setting next_dagrun for example_subdag_operator.section-1 to None, run_after=None
[2024-12-17T21:17:01.692+0000] {logging_mixin.py:190} INFO - [2024-12-17T21:17:01.691+0000] {dag.py:4180} INFO - Setting next_dagrun for example_subdag_operator.section-2 to None, run_after=None
[2024-12-17T21:17:01.712+0000] {processor.py:208} INFO - Processing /home/airflow/.local/lib/python3.12/site-packages/airflow/example_dags/example_subdag_operator.py took 0.128 seconds
[2024-12-17T21:17:32.886+0000] {processor.py:186} INFO - Started process (PID=2133) to work on /home/airflow/.local/lib/python3.12/site-packages/airflow/example_dags/example_subdag_operator.py
[2024-12-17T21:17:32.888+0000] {processor.py:914} INFO - Processing file /home/airflow/.local/lib/python3.12/site-packages/airflow/example_dags/example_subdag_operator.py for tasks to queue
[2024-12-17T21:17:32.889+0000] {logging_mixin.py:190} INFO - [2024-12-17T21:17:32.889+0000] {dagbag.py:588} INFO - Filling up the DagBag from /home/airflow/.local/lib/python3.12/site-packages/airflow/example_dags/example_subdag_operator.py
[2024-12-17T21:17:32.919+0000] {processor.py:925} INFO - DAG(s) 'example_subdag_operator.section-1', 'example_subdag_operator.section-2', 'example_subdag_operator' retrieved from /home/airflow/.local/lib/python3.12/site-packages/airflow/example_dags/example_subdag_operator.py
[2024-12-17T21:17:32.934+0000] {logging_mixin.py:190} INFO - [2024-12-17T21:17:32.934+0000] {dag.py:3239} INFO - Sync 3 DAGs
[2024-12-17T21:17:32.965+0000] {logging_mixin.py:190} INFO - [2024-12-17T21:17:32.965+0000] {dag.py:4180} INFO - Setting next_dagrun for example_subdag_operator to 2022-01-01 00:00:00+00:00, run_after=2022-01-01 00:00:00+00:00
[2024-12-17T21:17:32.970+0000] {logging_mixin.py:190} INFO - [2024-12-17T21:17:32.970+0000] {dag.py:4180} INFO - Setting next_dagrun for example_subdag_operator.section-1 to None, run_after=None
[2024-12-17T21:17:32.972+0000] {logging_mixin.py:190} INFO - [2024-12-17T21:17:32.972+0000] {dag.py:4180} INFO - Setting next_dagrun for example_subdag_operator.section-2 to None, run_after=None
[2024-12-17T21:17:32.983+0000] {logging_mixin.py:190} INFO - [2024-12-17T21:17:32.983+0000] {dag.py:3239} INFO - Sync 2 DAGs
[2024-12-17T21:17:32.990+0000] {logging_mixin.py:190} INFO - [2024-12-17T21:17:32.990+0000] {dag.py:4180} INFO - Setting next_dagrun for example_subdag_operator.section-1 to None, run_after=None
[2024-12-17T21:17:32.991+0000] {logging_mixin.py:190} INFO - [2024-12-17T21:17:32.991+0000] {dag.py:4180} INFO - Setting next_dagrun for example_subdag_operator.section-2 to None, run_after=None
[2024-12-17T21:17:33.003+0000] {processor.py:208} INFO - Processing /home/airflow/.local/lib/python3.12/site-packages/airflow/example_dags/example_subdag_operator.py took 0.124 seconds
