[2024-12-17T21:01:18.614+0000] {processor.py:186} INFO - Started process (PID=94) to work on /home/airflow/.local/lib/python3.12/site-packages/airflow/example_dags/example_display_name.py
[2024-12-17T21:01:18.616+0000] {processor.py:914} INFO - Processing file /home/airflow/.local/lib/python3.12/site-packages/airflow/example_dags/example_display_name.py for tasks to queue
[2024-12-17T21:01:18.619+0000] {logging_mixin.py:190} INFO - [2024-12-17T21:01:18.618+0000] {dagbag.py:588} INFO - Filling up the DagBag from /home/airflow/.local/lib/python3.12/site-packages/airflow/example_dags/example_display_name.py
[2024-12-17T21:01:18.629+0000] {processor.py:925} INFO - DAG(s) 'example_display_name' retrieved from /home/airflow/.local/lib/python3.12/site-packages/airflow/example_dags/example_display_name.py
[2024-12-17T21:01:18.743+0000] {logging_mixin.py:190} INFO - [2024-12-17T21:01:18.742+0000] {override.py:1911} INFO - Created Permission View: can delete on DAG:example_display_name
[2024-12-17T21:01:18.754+0000] {logging_mixin.py:190} INFO - [2024-12-17T21:01:18.754+0000] {override.py:1911} INFO - Created Permission View: can read on DAG:example_display_name
[2024-12-17T21:01:18.763+0000] {logging_mixin.py:190} INFO - [2024-12-17T21:01:18.763+0000] {override.py:1911} INFO - Created Permission View: can edit on DAG:example_display_name
[2024-12-17T21:01:18.772+0000] {logging_mixin.py:190} INFO - [2024-12-17T21:01:18.772+0000] {override.py:1911} INFO - Created Permission View: can create on DAG Run:example_display_name
[2024-12-17T21:01:18.780+0000] {logging_mixin.py:190} INFO - [2024-12-17T21:01:18.780+0000] {override.py:1911} INFO - Created Permission View: menu access on DAG Run:example_display_name
[2024-12-17T21:01:18.788+0000] {logging_mixin.py:190} INFO - [2024-12-17T21:01:18.788+0000] {override.py:1911} INFO - Created Permission View: can delete on DAG Run:example_display_name
[2024-12-17T21:01:18.796+0000] {logging_mixin.py:190} INFO - [2024-12-17T21:01:18.795+0000] {override.py:1911} INFO - Created Permission View: can read on DAG Run:example_display_name
[2024-12-17T21:01:18.796+0000] {logging_mixin.py:190} INFO - [2024-12-17T21:01:18.796+0000] {dag.py:3239} INFO - Sync 1 DAGs
[2024-12-17T21:01:18.809+0000] {logging_mixin.py:190} INFO - [2024-12-17T21:01:18.808+0000] {dag.py:3262} INFO - Creating ORM DAG for example_display_name
[2024-12-17T21:01:18.810+0000] {logging_mixin.py:190} INFO - [2024-12-17T21:01:18.809+0000] {dag.py:4180} INFO - Setting next_dagrun for example_display_name to None, run_after=None
[2024-12-17T21:01:18.826+0000] {processor.py:208} INFO - Processing /home/airflow/.local/lib/python3.12/site-packages/airflow/example_dags/example_display_name.py took 0.218 seconds
[2024-12-17T21:01:49.006+0000] {processor.py:186} INFO - Started process (PID=157) to work on /home/airflow/.local/lib/python3.12/site-packages/airflow/example_dags/example_display_name.py
[2024-12-17T21:01:49.008+0000] {processor.py:914} INFO - Processing file /home/airflow/.local/lib/python3.12/site-packages/airflow/example_dags/example_display_name.py for tasks to queue
[2024-12-17T21:01:49.010+0000] {logging_mixin.py:190} INFO - [2024-12-17T21:01:49.009+0000] {dagbag.py:588} INFO - Filling up the DagBag from /home/airflow/.local/lib/python3.12/site-packages/airflow/example_dags/example_display_name.py
[2024-12-17T21:01:49.016+0000] {processor.py:925} INFO - DAG(s) 'example_display_name' retrieved from /home/airflow/.local/lib/python3.12/site-packages/airflow/example_dags/example_display_name.py
[2024-12-17T21:01:49.033+0000] {logging_mixin.py:190} INFO - [2024-12-17T21:01:49.033+0000] {dag.py:3239} INFO - Sync 1 DAGs
[2024-12-17T21:01:49.048+0000] {logging_mixin.py:190} INFO - [2024-12-17T21:01:49.048+0000] {dag.py:4180} INFO - Setting next_dagrun for example_display_name to None, run_after=None
[2024-12-17T21:01:49.067+0000] {processor.py:208} INFO - Processing /home/airflow/.local/lib/python3.12/site-packages/airflow/example_dags/example_display_name.py took 0.066 seconds
[2024-12-17T21:02:19.369+0000] {processor.py:186} INFO - Started process (PID=222) to work on /home/airflow/.local/lib/python3.12/site-packages/airflow/example_dags/example_display_name.py
[2024-12-17T21:02:19.370+0000] {processor.py:914} INFO - Processing file /home/airflow/.local/lib/python3.12/site-packages/airflow/example_dags/example_display_name.py for tasks to queue
[2024-12-17T21:02:19.372+0000] {logging_mixin.py:190} INFO - [2024-12-17T21:02:19.372+0000] {dagbag.py:588} INFO - Filling up the DagBag from /home/airflow/.local/lib/python3.12/site-packages/airflow/example_dags/example_display_name.py
[2024-12-17T21:02:19.380+0000] {processor.py:925} INFO - DAG(s) 'example_display_name' retrieved from /home/airflow/.local/lib/python3.12/site-packages/airflow/example_dags/example_display_name.py
[2024-12-17T21:02:19.397+0000] {logging_mixin.py:190} INFO - [2024-12-17T21:02:19.397+0000] {dag.py:3239} INFO - Sync 1 DAGs
[2024-12-17T21:02:19.410+0000] {logging_mixin.py:190} INFO - [2024-12-17T21:02:19.410+0000] {dag.py:4180} INFO - Setting next_dagrun for example_display_name to None, run_after=None
[2024-12-17T21:02:19.427+0000] {processor.py:208} INFO - Processing /home/airflow/.local/lib/python3.12/site-packages/airflow/example_dags/example_display_name.py took 0.063 seconds
[2024-12-17T21:02:49.677+0000] {processor.py:186} INFO - Started process (PID=286) to work on /home/airflow/.local/lib/python3.12/site-packages/airflow/example_dags/example_display_name.py
[2024-12-17T21:02:49.678+0000] {processor.py:914} INFO - Processing file /home/airflow/.local/lib/python3.12/site-packages/airflow/example_dags/example_display_name.py for tasks to queue
[2024-12-17T21:02:49.680+0000] {logging_mixin.py:190} INFO - [2024-12-17T21:02:49.680+0000] {dagbag.py:588} INFO - Filling up the DagBag from /home/airflow/.local/lib/python3.12/site-packages/airflow/example_dags/example_display_name.py
[2024-12-17T21:02:49.688+0000] {processor.py:925} INFO - DAG(s) 'example_display_name' retrieved from /home/airflow/.local/lib/python3.12/site-packages/airflow/example_dags/example_display_name.py
[2024-12-17T21:02:49.705+0000] {logging_mixin.py:190} INFO - [2024-12-17T21:02:49.705+0000] {dag.py:3239} INFO - Sync 1 DAGs
[2024-12-17T21:02:49.718+0000] {logging_mixin.py:190} INFO - [2024-12-17T21:02:49.718+0000] {dag.py:4180} INFO - Setting next_dagrun for example_display_name to None, run_after=None
[2024-12-17T21:02:49.743+0000] {processor.py:208} INFO - Processing /home/airflow/.local/lib/python3.12/site-packages/airflow/example_dags/example_display_name.py took 0.071 seconds
[2024-12-17T21:03:19.886+0000] {processor.py:186} INFO - Started process (PID=350) to work on /home/airflow/.local/lib/python3.12/site-packages/airflow/example_dags/example_display_name.py
[2024-12-17T21:03:19.887+0000] {processor.py:914} INFO - Processing file /home/airflow/.local/lib/python3.12/site-packages/airflow/example_dags/example_display_name.py for tasks to queue
[2024-12-17T21:03:19.890+0000] {logging_mixin.py:190} INFO - [2024-12-17T21:03:19.889+0000] {dagbag.py:588} INFO - Filling up the DagBag from /home/airflow/.local/lib/python3.12/site-packages/airflow/example_dags/example_display_name.py
[2024-12-17T21:03:19.897+0000] {processor.py:925} INFO - DAG(s) 'example_display_name' retrieved from /home/airflow/.local/lib/python3.12/site-packages/airflow/example_dags/example_display_name.py
[2024-12-17T21:03:19.914+0000] {logging_mixin.py:190} INFO - [2024-12-17T21:03:19.914+0000] {dag.py:3239} INFO - Sync 1 DAGs
[2024-12-17T21:03:19.928+0000] {logging_mixin.py:190} INFO - [2024-12-17T21:03:19.927+0000] {dag.py:4180} INFO - Setting next_dagrun for example_display_name to None, run_after=None
[2024-12-17T21:03:19.949+0000] {processor.py:208} INFO - Processing /home/airflow/.local/lib/python3.12/site-packages/airflow/example_dags/example_display_name.py took 0.069 seconds
[2024-12-17T21:03:50.190+0000] {processor.py:186} INFO - Started process (PID=414) to work on /home/airflow/.local/lib/python3.12/site-packages/airflow/example_dags/example_display_name.py
[2024-12-17T21:03:50.191+0000] {processor.py:914} INFO - Processing file /home/airflow/.local/lib/python3.12/site-packages/airflow/example_dags/example_display_name.py for tasks to queue
[2024-12-17T21:03:50.193+0000] {logging_mixin.py:190} INFO - [2024-12-17T21:03:50.192+0000] {dagbag.py:588} INFO - Filling up the DagBag from /home/airflow/.local/lib/python3.12/site-packages/airflow/example_dags/example_display_name.py
[2024-12-17T21:03:50.200+0000] {processor.py:925} INFO - DAG(s) 'example_display_name' retrieved from /home/airflow/.local/lib/python3.12/site-packages/airflow/example_dags/example_display_name.py
[2024-12-17T21:03:50.217+0000] {logging_mixin.py:190} INFO - [2024-12-17T21:03:50.217+0000] {dag.py:3239} INFO - Sync 1 DAGs
[2024-12-17T21:03:50.231+0000] {logging_mixin.py:190} INFO - [2024-12-17T21:03:50.231+0000] {dag.py:4180} INFO - Setting next_dagrun for example_display_name to None, run_after=None
[2024-12-17T21:03:50.256+0000] {processor.py:208} INFO - Processing /home/airflow/.local/lib/python3.12/site-packages/airflow/example_dags/example_display_name.py took 0.071 seconds
[2024-12-17T21:04:21.246+0000] {processor.py:186} INFO - Started process (PID=478) to work on /home/airflow/.local/lib/python3.12/site-packages/airflow/example_dags/example_display_name.py
[2024-12-17T21:04:21.247+0000] {processor.py:914} INFO - Processing file /home/airflow/.local/lib/python3.12/site-packages/airflow/example_dags/example_display_name.py for tasks to queue
[2024-12-17T21:04:21.248+0000] {logging_mixin.py:190} INFO - [2024-12-17T21:04:21.248+0000] {dagbag.py:588} INFO - Filling up the DagBag from /home/airflow/.local/lib/python3.12/site-packages/airflow/example_dags/example_display_name.py
[2024-12-17T21:04:21.256+0000] {processor.py:925} INFO - DAG(s) 'example_display_name' retrieved from /home/airflow/.local/lib/python3.12/site-packages/airflow/example_dags/example_display_name.py
[2024-12-17T21:04:21.273+0000] {logging_mixin.py:190} INFO - [2024-12-17T21:04:21.273+0000] {dag.py:3239} INFO - Sync 1 DAGs
[2024-12-17T21:04:21.287+0000] {logging_mixin.py:190} INFO - [2024-12-17T21:04:21.287+0000] {dag.py:4180} INFO - Setting next_dagrun for example_display_name to None, run_after=None
[2024-12-17T21:04:21.305+0000] {processor.py:208} INFO - Processing /home/airflow/.local/lib/python3.12/site-packages/airflow/example_dags/example_display_name.py took 0.064 seconds
[2024-12-17T21:04:51.648+0000] {processor.py:186} INFO - Started process (PID=542) to work on /home/airflow/.local/lib/python3.12/site-packages/airflow/example_dags/example_display_name.py
[2024-12-17T21:04:51.649+0000] {processor.py:914} INFO - Processing file /home/airflow/.local/lib/python3.12/site-packages/airflow/example_dags/example_display_name.py for tasks to queue
[2024-12-17T21:04:51.650+0000] {logging_mixin.py:190} INFO - [2024-12-17T21:04:51.650+0000] {dagbag.py:588} INFO - Filling up the DagBag from /home/airflow/.local/lib/python3.12/site-packages/airflow/example_dags/example_display_name.py
[2024-12-17T21:04:51.660+0000] {processor.py:925} INFO - DAG(s) 'example_display_name' retrieved from /home/airflow/.local/lib/python3.12/site-packages/airflow/example_dags/example_display_name.py
[2024-12-17T21:04:51.679+0000] {logging_mixin.py:190} INFO - [2024-12-17T21:04:51.679+0000] {dag.py:3239} INFO - Sync 1 DAGs
[2024-12-17T21:04:51.696+0000] {logging_mixin.py:190} INFO - [2024-12-17T21:04:51.695+0000] {dag.py:4180} INFO - Setting next_dagrun for example_display_name to None, run_after=None
[2024-12-17T21:04:51.717+0000] {processor.py:208} INFO - Processing /home/airflow/.local/lib/python3.12/site-packages/airflow/example_dags/example_display_name.py took 0.074 seconds
[2024-12-17T21:05:21.838+0000] {processor.py:186} INFO - Started process (PID=606) to work on /home/airflow/.local/lib/python3.12/site-packages/airflow/example_dags/example_display_name.py
[2024-12-17T21:05:21.839+0000] {processor.py:914} INFO - Processing file /home/airflow/.local/lib/python3.12/site-packages/airflow/example_dags/example_display_name.py for tasks to queue
[2024-12-17T21:05:21.840+0000] {logging_mixin.py:190} INFO - [2024-12-17T21:05:21.840+0000] {dagbag.py:588} INFO - Filling up the DagBag from /home/airflow/.local/lib/python3.12/site-packages/airflow/example_dags/example_display_name.py
[2024-12-17T21:05:21.847+0000] {processor.py:925} INFO - DAG(s) 'example_display_name' retrieved from /home/airflow/.local/lib/python3.12/site-packages/airflow/example_dags/example_display_name.py
[2024-12-17T21:05:21.869+0000] {logging_mixin.py:190} INFO - [2024-12-17T21:05:21.869+0000] {dag.py:3239} INFO - Sync 1 DAGs
[2024-12-17T21:05:21.887+0000] {logging_mixin.py:190} INFO - [2024-12-17T21:05:21.887+0000] {dag.py:4180} INFO - Setting next_dagrun for example_display_name to None, run_after=None
[2024-12-17T21:05:21.912+0000] {processor.py:208} INFO - Processing /home/airflow/.local/lib/python3.12/site-packages/airflow/example_dags/example_display_name.py took 0.079 seconds
[2024-12-17T21:05:52.383+0000] {processor.py:186} INFO - Started process (PID=670) to work on /home/airflow/.local/lib/python3.12/site-packages/airflow/example_dags/example_display_name.py
[2024-12-17T21:05:52.384+0000] {processor.py:914} INFO - Processing file /home/airflow/.local/lib/python3.12/site-packages/airflow/example_dags/example_display_name.py for tasks to queue
[2024-12-17T21:05:52.385+0000] {logging_mixin.py:190} INFO - [2024-12-17T21:05:52.385+0000] {dagbag.py:588} INFO - Filling up the DagBag from /home/airflow/.local/lib/python3.12/site-packages/airflow/example_dags/example_display_name.py
[2024-12-17T21:05:52.392+0000] {processor.py:925} INFO - DAG(s) 'example_display_name' retrieved from /home/airflow/.local/lib/python3.12/site-packages/airflow/example_dags/example_display_name.py
[2024-12-17T21:05:52.410+0000] {logging_mixin.py:190} INFO - [2024-12-17T21:05:52.409+0000] {dag.py:3239} INFO - Sync 1 DAGs
[2024-12-17T21:05:52.426+0000] {logging_mixin.py:190} INFO - [2024-12-17T21:05:52.426+0000] {dag.py:4180} INFO - Setting next_dagrun for example_display_name to None, run_after=None
[2024-12-17T21:05:52.452+0000] {processor.py:208} INFO - Processing /home/airflow/.local/lib/python3.12/site-packages/airflow/example_dags/example_display_name.py took 0.074 seconds
[2024-12-17T21:06:23.237+0000] {processor.py:186} INFO - Started process (PID=734) to work on /home/airflow/.local/lib/python3.12/site-packages/airflow/example_dags/example_display_name.py
[2024-12-17T21:06:23.238+0000] {processor.py:914} INFO - Processing file /home/airflow/.local/lib/python3.12/site-packages/airflow/example_dags/example_display_name.py for tasks to queue
[2024-12-17T21:06:23.239+0000] {logging_mixin.py:190} INFO - [2024-12-17T21:06:23.239+0000] {dagbag.py:588} INFO - Filling up the DagBag from /home/airflow/.local/lib/python3.12/site-packages/airflow/example_dags/example_display_name.py
[2024-12-17T21:06:23.246+0000] {processor.py:925} INFO - DAG(s) 'example_display_name' retrieved from /home/airflow/.local/lib/python3.12/site-packages/airflow/example_dags/example_display_name.py
[2024-12-17T21:06:23.263+0000] {logging_mixin.py:190} INFO - [2024-12-17T21:06:23.263+0000] {dag.py:3239} INFO - Sync 1 DAGs
[2024-12-17T21:06:23.278+0000] {logging_mixin.py:190} INFO - [2024-12-17T21:06:23.278+0000] {dag.py:4180} INFO - Setting next_dagrun for example_display_name to None, run_after=None
[2024-12-17T21:06:23.302+0000] {processor.py:208} INFO - Processing /home/airflow/.local/lib/python3.12/site-packages/airflow/example_dags/example_display_name.py took 0.071 seconds
[2024-12-17T21:06:53.499+0000] {processor.py:186} INFO - Started process (PID=798) to work on /home/airflow/.local/lib/python3.12/site-packages/airflow/example_dags/example_display_name.py
[2024-12-17T21:06:53.500+0000] {processor.py:914} INFO - Processing file /home/airflow/.local/lib/python3.12/site-packages/airflow/example_dags/example_display_name.py for tasks to queue
[2024-12-17T21:06:53.501+0000] {logging_mixin.py:190} INFO - [2024-12-17T21:06:53.501+0000] {dagbag.py:588} INFO - Filling up the DagBag from /home/airflow/.local/lib/python3.12/site-packages/airflow/example_dags/example_display_name.py
[2024-12-17T21:06:53.509+0000] {processor.py:925} INFO - DAG(s) 'example_display_name' retrieved from /home/airflow/.local/lib/python3.12/site-packages/airflow/example_dags/example_display_name.py
[2024-12-17T21:06:53.526+0000] {logging_mixin.py:190} INFO - [2024-12-17T21:06:53.526+0000] {dag.py:3239} INFO - Sync 1 DAGs
[2024-12-17T21:06:53.540+0000] {logging_mixin.py:190} INFO - [2024-12-17T21:06:53.540+0000] {dag.py:4180} INFO - Setting next_dagrun for example_display_name to None, run_after=None
[2024-12-17T21:06:53.564+0000] {processor.py:208} INFO - Processing /home/airflow/.local/lib/python3.12/site-packages/airflow/example_dags/example_display_name.py took 0.070 seconds
[2024-12-17T21:07:24.092+0000] {processor.py:186} INFO - Started process (PID=862) to work on /home/airflow/.local/lib/python3.12/site-packages/airflow/example_dags/example_display_name.py
[2024-12-17T21:07:24.093+0000] {processor.py:914} INFO - Processing file /home/airflow/.local/lib/python3.12/site-packages/airflow/example_dags/example_display_name.py for tasks to queue
[2024-12-17T21:07:24.095+0000] {logging_mixin.py:190} INFO - [2024-12-17T21:07:24.094+0000] {dagbag.py:588} INFO - Filling up the DagBag from /home/airflow/.local/lib/python3.12/site-packages/airflow/example_dags/example_display_name.py
[2024-12-17T21:07:24.103+0000] {processor.py:925} INFO - DAG(s) 'example_display_name' retrieved from /home/airflow/.local/lib/python3.12/site-packages/airflow/example_dags/example_display_name.py
[2024-12-17T21:07:24.123+0000] {logging_mixin.py:190} INFO - [2024-12-17T21:07:24.123+0000] {dag.py:3239} INFO - Sync 1 DAGs
[2024-12-17T21:07:24.138+0000] {logging_mixin.py:190} INFO - [2024-12-17T21:07:24.138+0000] {dag.py:4180} INFO - Setting next_dagrun for example_display_name to None, run_after=None
[2024-12-17T21:07:24.165+0000] {processor.py:208} INFO - Processing /home/airflow/.local/lib/python3.12/site-packages/airflow/example_dags/example_display_name.py took 0.078 seconds
[2024-12-17T21:07:55.021+0000] {processor.py:186} INFO - Started process (PID=926) to work on /home/airflow/.local/lib/python3.12/site-packages/airflow/example_dags/example_display_name.py
[2024-12-17T21:07:55.022+0000] {processor.py:914} INFO - Processing file /home/airflow/.local/lib/python3.12/site-packages/airflow/example_dags/example_display_name.py for tasks to queue
[2024-12-17T21:07:55.023+0000] {logging_mixin.py:190} INFO - [2024-12-17T21:07:55.023+0000] {dagbag.py:588} INFO - Filling up the DagBag from /home/airflow/.local/lib/python3.12/site-packages/airflow/example_dags/example_display_name.py
[2024-12-17T21:07:55.030+0000] {processor.py:925} INFO - DAG(s) 'example_display_name' retrieved from /home/airflow/.local/lib/python3.12/site-packages/airflow/example_dags/example_display_name.py
[2024-12-17T21:07:55.048+0000] {logging_mixin.py:190} INFO - [2024-12-17T21:07:55.048+0000] {dag.py:3239} INFO - Sync 1 DAGs
[2024-12-17T21:07:55.062+0000] {logging_mixin.py:190} INFO - [2024-12-17T21:07:55.062+0000] {dag.py:4180} INFO - Setting next_dagrun for example_display_name to None, run_after=None
[2024-12-17T21:07:55.079+0000] {processor.py:208} INFO - Processing /home/airflow/.local/lib/python3.12/site-packages/airflow/example_dags/example_display_name.py took 0.064 seconds
[2024-12-17T21:08:25.619+0000] {processor.py:186} INFO - Started process (PID=990) to work on /home/airflow/.local/lib/python3.12/site-packages/airflow/example_dags/example_display_name.py
[2024-12-17T21:08:25.620+0000] {processor.py:914} INFO - Processing file /home/airflow/.local/lib/python3.12/site-packages/airflow/example_dags/example_display_name.py for tasks to queue
[2024-12-17T21:08:25.621+0000] {logging_mixin.py:190} INFO - [2024-12-17T21:08:25.621+0000] {dagbag.py:588} INFO - Filling up the DagBag from /home/airflow/.local/lib/python3.12/site-packages/airflow/example_dags/example_display_name.py
[2024-12-17T21:08:25.628+0000] {processor.py:925} INFO - DAG(s) 'example_display_name' retrieved from /home/airflow/.local/lib/python3.12/site-packages/airflow/example_dags/example_display_name.py
[2024-12-17T21:08:25.646+0000] {logging_mixin.py:190} INFO - [2024-12-17T21:08:25.646+0000] {dag.py:3239} INFO - Sync 1 DAGs
[2024-12-17T21:08:25.661+0000] {logging_mixin.py:190} INFO - [2024-12-17T21:08:25.660+0000] {dag.py:4180} INFO - Setting next_dagrun for example_display_name to None, run_after=None
[2024-12-17T21:08:25.686+0000] {processor.py:208} INFO - Processing /home/airflow/.local/lib/python3.12/site-packages/airflow/example_dags/example_display_name.py took 0.072 seconds
[2024-12-17T21:08:56.256+0000] {processor.py:186} INFO - Started process (PID=1054) to work on /home/airflow/.local/lib/python3.12/site-packages/airflow/example_dags/example_display_name.py
[2024-12-17T21:08:56.257+0000] {processor.py:914} INFO - Processing file /home/airflow/.local/lib/python3.12/site-packages/airflow/example_dags/example_display_name.py for tasks to queue
[2024-12-17T21:08:56.258+0000] {logging_mixin.py:190} INFO - [2024-12-17T21:08:56.258+0000] {dagbag.py:588} INFO - Filling up the DagBag from /home/airflow/.local/lib/python3.12/site-packages/airflow/example_dags/example_display_name.py
[2024-12-17T21:08:56.265+0000] {processor.py:925} INFO - DAG(s) 'example_display_name' retrieved from /home/airflow/.local/lib/python3.12/site-packages/airflow/example_dags/example_display_name.py
[2024-12-17T21:08:56.283+0000] {logging_mixin.py:190} INFO - [2024-12-17T21:08:56.283+0000] {dag.py:3239} INFO - Sync 1 DAGs
[2024-12-17T21:08:56.298+0000] {logging_mixin.py:190} INFO - [2024-12-17T21:08:56.298+0000] {dag.py:4180} INFO - Setting next_dagrun for example_display_name to None, run_after=None
[2024-12-17T21:08:56.315+0000] {processor.py:208} INFO - Processing /home/airflow/.local/lib/python3.12/site-packages/airflow/example_dags/example_display_name.py took 0.064 seconds
[2024-12-17T21:09:27.051+0000] {processor.py:186} INFO - Started process (PID=1119) to work on /home/airflow/.local/lib/python3.12/site-packages/airflow/example_dags/example_display_name.py
[2024-12-17T21:09:27.052+0000] {processor.py:914} INFO - Processing file /home/airflow/.local/lib/python3.12/site-packages/airflow/example_dags/example_display_name.py for tasks to queue
[2024-12-17T21:09:27.053+0000] {logging_mixin.py:190} INFO - [2024-12-17T21:09:27.053+0000] {dagbag.py:588} INFO - Filling up the DagBag from /home/airflow/.local/lib/python3.12/site-packages/airflow/example_dags/example_display_name.py
[2024-12-17T21:09:27.060+0000] {processor.py:925} INFO - DAG(s) 'example_display_name' retrieved from /home/airflow/.local/lib/python3.12/site-packages/airflow/example_dags/example_display_name.py
[2024-12-17T21:09:27.078+0000] {logging_mixin.py:190} INFO - [2024-12-17T21:09:27.078+0000] {dag.py:3239} INFO - Sync 1 DAGs
[2024-12-17T21:09:27.092+0000] {logging_mixin.py:190} INFO - [2024-12-17T21:09:27.092+0000] {dag.py:4180} INFO - Setting next_dagrun for example_display_name to None, run_after=None
[2024-12-17T21:09:27.117+0000] {processor.py:208} INFO - Processing /home/airflow/.local/lib/python3.12/site-packages/airflow/example_dags/example_display_name.py took 0.072 seconds
[2024-12-17T21:09:57.495+0000] {processor.py:186} INFO - Started process (PID=1183) to work on /home/airflow/.local/lib/python3.12/site-packages/airflow/example_dags/example_display_name.py
[2024-12-17T21:09:57.496+0000] {processor.py:914} INFO - Processing file /home/airflow/.local/lib/python3.12/site-packages/airflow/example_dags/example_display_name.py for tasks to queue
[2024-12-17T21:09:57.498+0000] {logging_mixin.py:190} INFO - [2024-12-17T21:09:57.497+0000] {dagbag.py:588} INFO - Filling up the DagBag from /home/airflow/.local/lib/python3.12/site-packages/airflow/example_dags/example_display_name.py
[2024-12-17T21:09:57.505+0000] {processor.py:925} INFO - DAG(s) 'example_display_name' retrieved from /home/airflow/.local/lib/python3.12/site-packages/airflow/example_dags/example_display_name.py
[2024-12-17T21:09:57.522+0000] {logging_mixin.py:190} INFO - [2024-12-17T21:09:57.522+0000] {dag.py:3239} INFO - Sync 1 DAGs
[2024-12-17T21:09:57.536+0000] {logging_mixin.py:190} INFO - [2024-12-17T21:09:57.536+0000] {dag.py:4180} INFO - Setting next_dagrun for example_display_name to None, run_after=None
[2024-12-17T21:09:57.561+0000] {processor.py:208} INFO - Processing /home/airflow/.local/lib/python3.12/site-packages/airflow/example_dags/example_display_name.py took 0.071 seconds
[2024-12-17T21:10:27.965+0000] {processor.py:186} INFO - Started process (PID=1247) to work on /home/airflow/.local/lib/python3.12/site-packages/airflow/example_dags/example_display_name.py
[2024-12-17T21:10:27.967+0000] {processor.py:914} INFO - Processing file /home/airflow/.local/lib/python3.12/site-packages/airflow/example_dags/example_display_name.py for tasks to queue
[2024-12-17T21:10:27.970+0000] {logging_mixin.py:190} INFO - [2024-12-17T21:10:27.969+0000] {dagbag.py:588} INFO - Filling up the DagBag from /home/airflow/.local/lib/python3.12/site-packages/airflow/example_dags/example_display_name.py
[2024-12-17T21:10:27.984+0000] {processor.py:925} INFO - DAG(s) 'example_display_name' retrieved from /home/airflow/.local/lib/python3.12/site-packages/airflow/example_dags/example_display_name.py
[2024-12-17T21:10:28.006+0000] {logging_mixin.py:190} INFO - [2024-12-17T21:10:28.006+0000] {dag.py:3239} INFO - Sync 1 DAGs
[2024-12-17T21:10:28.024+0000] {logging_mixin.py:190} INFO - [2024-12-17T21:10:28.023+0000] {dag.py:4180} INFO - Setting next_dagrun for example_display_name to None, run_after=None
[2024-12-17T21:10:28.046+0000] {processor.py:208} INFO - Processing /home/airflow/.local/lib/python3.12/site-packages/airflow/example_dags/example_display_name.py took 0.089 seconds
[2024-12-17T21:10:59.021+0000] {processor.py:186} INFO - Started process (PID=1311) to work on /home/airflow/.local/lib/python3.12/site-packages/airflow/example_dags/example_display_name.py
[2024-12-17T21:10:59.022+0000] {processor.py:914} INFO - Processing file /home/airflow/.local/lib/python3.12/site-packages/airflow/example_dags/example_display_name.py for tasks to queue
[2024-12-17T21:10:59.024+0000] {logging_mixin.py:190} INFO - [2024-12-17T21:10:59.023+0000] {dagbag.py:588} INFO - Filling up the DagBag from /home/airflow/.local/lib/python3.12/site-packages/airflow/example_dags/example_display_name.py
[2024-12-17T21:10:59.031+0000] {processor.py:925} INFO - DAG(s) 'example_display_name' retrieved from /home/airflow/.local/lib/python3.12/site-packages/airflow/example_dags/example_display_name.py
[2024-12-17T21:10:59.048+0000] {logging_mixin.py:190} INFO - [2024-12-17T21:10:59.048+0000] {dag.py:3239} INFO - Sync 1 DAGs
[2024-12-17T21:10:59.062+0000] {logging_mixin.py:190} INFO - [2024-12-17T21:10:59.062+0000] {dag.py:4180} INFO - Setting next_dagrun for example_display_name to None, run_after=None
[2024-12-17T21:10:59.087+0000] {processor.py:208} INFO - Processing /home/airflow/.local/lib/python3.12/site-packages/airflow/example_dags/example_display_name.py took 0.071 seconds
[2024-12-17T21:11:29.268+0000] {processor.py:186} INFO - Started process (PID=1375) to work on /home/airflow/.local/lib/python3.12/site-packages/airflow/example_dags/example_display_name.py
[2024-12-17T21:11:29.270+0000] {processor.py:914} INFO - Processing file /home/airflow/.local/lib/python3.12/site-packages/airflow/example_dags/example_display_name.py for tasks to queue
[2024-12-17T21:11:29.271+0000] {logging_mixin.py:190} INFO - [2024-12-17T21:11:29.270+0000] {dagbag.py:588} INFO - Filling up the DagBag from /home/airflow/.local/lib/python3.12/site-packages/airflow/example_dags/example_display_name.py
[2024-12-17T21:11:29.280+0000] {processor.py:925} INFO - DAG(s) 'example_display_name' retrieved from /home/airflow/.local/lib/python3.12/site-packages/airflow/example_dags/example_display_name.py
[2024-12-17T21:11:29.299+0000] {logging_mixin.py:190} INFO - [2024-12-17T21:11:29.299+0000] {dag.py:3239} INFO - Sync 1 DAGs
[2024-12-17T21:11:29.318+0000] {logging_mixin.py:190} INFO - [2024-12-17T21:11:29.317+0000] {dag.py:4180} INFO - Setting next_dagrun for example_display_name to None, run_after=None
[2024-12-17T21:11:29.348+0000] {processor.py:208} INFO - Processing /home/airflow/.local/lib/python3.12/site-packages/airflow/example_dags/example_display_name.py took 0.086 seconds
[2024-12-17T21:11:59.523+0000] {processor.py:186} INFO - Started process (PID=1439) to work on /home/airflow/.local/lib/python3.12/site-packages/airflow/example_dags/example_display_name.py
[2024-12-17T21:11:59.524+0000] {processor.py:914} INFO - Processing file /home/airflow/.local/lib/python3.12/site-packages/airflow/example_dags/example_display_name.py for tasks to queue
[2024-12-17T21:11:59.525+0000] {logging_mixin.py:190} INFO - [2024-12-17T21:11:59.525+0000] {dagbag.py:588} INFO - Filling up the DagBag from /home/airflow/.local/lib/python3.12/site-packages/airflow/example_dags/example_display_name.py
[2024-12-17T21:11:59.533+0000] {processor.py:925} INFO - DAG(s) 'example_display_name' retrieved from /home/airflow/.local/lib/python3.12/site-packages/airflow/example_dags/example_display_name.py
[2024-12-17T21:11:59.550+0000] {logging_mixin.py:190} INFO - [2024-12-17T21:11:59.550+0000] {dag.py:3239} INFO - Sync 1 DAGs
[2024-12-17T21:11:59.565+0000] {logging_mixin.py:190} INFO - [2024-12-17T21:11:59.565+0000] {dag.py:4180} INFO - Setting next_dagrun for example_display_name to None, run_after=None
[2024-12-17T21:11:59.590+0000] {processor.py:208} INFO - Processing /home/airflow/.local/lib/python3.12/site-packages/airflow/example_dags/example_display_name.py took 0.072 seconds
[2024-12-17T21:12:29.802+0000] {processor.py:186} INFO - Started process (PID=1503) to work on /home/airflow/.local/lib/python3.12/site-packages/airflow/example_dags/example_display_name.py
[2024-12-17T21:12:29.803+0000] {processor.py:914} INFO - Processing file /home/airflow/.local/lib/python3.12/site-packages/airflow/example_dags/example_display_name.py for tasks to queue
[2024-12-17T21:12:29.804+0000] {logging_mixin.py:190} INFO - [2024-12-17T21:12:29.804+0000] {dagbag.py:588} INFO - Filling up the DagBag from /home/airflow/.local/lib/python3.12/site-packages/airflow/example_dags/example_display_name.py
[2024-12-17T21:12:29.812+0000] {processor.py:925} INFO - DAG(s) 'example_display_name' retrieved from /home/airflow/.local/lib/python3.12/site-packages/airflow/example_dags/example_display_name.py
[2024-12-17T21:12:29.829+0000] {logging_mixin.py:190} INFO - [2024-12-17T21:12:29.829+0000] {dag.py:3239} INFO - Sync 1 DAGs
[2024-12-17T21:12:29.843+0000] {logging_mixin.py:190} INFO - [2024-12-17T21:12:29.843+0000] {dag.py:4180} INFO - Setting next_dagrun for example_display_name to None, run_after=None
[2024-12-17T21:12:29.868+0000] {processor.py:208} INFO - Processing /home/airflow/.local/lib/python3.12/site-packages/airflow/example_dags/example_display_name.py took 0.071 seconds
[2024-12-17T21:13:00.014+0000] {processor.py:186} INFO - Started process (PID=1568) to work on /home/airflow/.local/lib/python3.12/site-packages/airflow/example_dags/example_display_name.py
[2024-12-17T21:13:00.016+0000] {processor.py:914} INFO - Processing file /home/airflow/.local/lib/python3.12/site-packages/airflow/example_dags/example_display_name.py for tasks to queue
[2024-12-17T21:13:00.017+0000] {logging_mixin.py:190} INFO - [2024-12-17T21:13:00.017+0000] {dagbag.py:588} INFO - Filling up the DagBag from /home/airflow/.local/lib/python3.12/site-packages/airflow/example_dags/example_display_name.py
[2024-12-17T21:13:00.026+0000] {processor.py:925} INFO - DAG(s) 'example_display_name' retrieved from /home/airflow/.local/lib/python3.12/site-packages/airflow/example_dags/example_display_name.py
[2024-12-17T21:13:00.044+0000] {logging_mixin.py:190} INFO - [2024-12-17T21:13:00.044+0000] {dag.py:3239} INFO - Sync 1 DAGs
[2024-12-17T21:13:00.058+0000] {logging_mixin.py:190} INFO - [2024-12-17T21:13:00.058+0000] {dag.py:4180} INFO - Setting next_dagrun for example_display_name to None, run_after=None
[2024-12-17T21:13:00.083+0000] {processor.py:208} INFO - Processing /home/airflow/.local/lib/python3.12/site-packages/airflow/example_dags/example_display_name.py took 0.075 seconds
[2024-12-17T21:13:30.622+0000] {processor.py:186} INFO - Started process (PID=1632) to work on /home/airflow/.local/lib/python3.12/site-packages/airflow/example_dags/example_display_name.py
[2024-12-17T21:13:30.623+0000] {processor.py:914} INFO - Processing file /home/airflow/.local/lib/python3.12/site-packages/airflow/example_dags/example_display_name.py for tasks to queue
[2024-12-17T21:13:30.625+0000] {logging_mixin.py:190} INFO - [2024-12-17T21:13:30.624+0000] {dagbag.py:588} INFO - Filling up the DagBag from /home/airflow/.local/lib/python3.12/site-packages/airflow/example_dags/example_display_name.py
[2024-12-17T21:13:30.632+0000] {processor.py:925} INFO - DAG(s) 'example_display_name' retrieved from /home/airflow/.local/lib/python3.12/site-packages/airflow/example_dags/example_display_name.py
[2024-12-17T21:13:30.649+0000] {logging_mixin.py:190} INFO - [2024-12-17T21:13:30.649+0000] {dag.py:3239} INFO - Sync 1 DAGs
[2024-12-17T21:13:30.663+0000] {logging_mixin.py:190} INFO - [2024-12-17T21:13:30.663+0000] {dag.py:4180} INFO - Setting next_dagrun for example_display_name to None, run_after=None
[2024-12-17T21:13:30.680+0000] {processor.py:208} INFO - Processing /home/airflow/.local/lib/python3.12/site-packages/airflow/example_dags/example_display_name.py took 0.063 seconds
[2024-12-17T21:14:00.788+0000] {processor.py:186} INFO - Started process (PID=1696) to work on /home/airflow/.local/lib/python3.12/site-packages/airflow/example_dags/example_display_name.py
[2024-12-17T21:14:00.789+0000] {processor.py:914} INFO - Processing file /home/airflow/.local/lib/python3.12/site-packages/airflow/example_dags/example_display_name.py for tasks to queue
[2024-12-17T21:14:00.791+0000] {logging_mixin.py:190} INFO - [2024-12-17T21:14:00.791+0000] {dagbag.py:588} INFO - Filling up the DagBag from /home/airflow/.local/lib/python3.12/site-packages/airflow/example_dags/example_display_name.py
[2024-12-17T21:14:00.801+0000] {processor.py:925} INFO - DAG(s) 'example_display_name' retrieved from /home/airflow/.local/lib/python3.12/site-packages/airflow/example_dags/example_display_name.py
[2024-12-17T21:14:00.820+0000] {logging_mixin.py:190} INFO - [2024-12-17T21:14:00.820+0000] {dag.py:3239} INFO - Sync 1 DAGs
[2024-12-17T21:14:00.836+0000] {logging_mixin.py:190} INFO - [2024-12-17T21:14:00.836+0000] {dag.py:4180} INFO - Setting next_dagrun for example_display_name to None, run_after=None
[2024-12-17T21:14:00.863+0000] {processor.py:208} INFO - Processing /home/airflow/.local/lib/python3.12/site-packages/airflow/example_dags/example_display_name.py took 0.080 seconds
[2024-12-17T21:14:30.947+0000] {processor.py:186} INFO - Started process (PID=1760) to work on /home/airflow/.local/lib/python3.12/site-packages/airflow/example_dags/example_display_name.py
[2024-12-17T21:14:30.948+0000] {processor.py:914} INFO - Processing file /home/airflow/.local/lib/python3.12/site-packages/airflow/example_dags/example_display_name.py for tasks to queue
[2024-12-17T21:14:30.950+0000] {logging_mixin.py:190} INFO - [2024-12-17T21:14:30.950+0000] {dagbag.py:588} INFO - Filling up the DagBag from /home/airflow/.local/lib/python3.12/site-packages/airflow/example_dags/example_display_name.py
[2024-12-17T21:14:30.957+0000] {processor.py:925} INFO - DAG(s) 'example_display_name' retrieved from /home/airflow/.local/lib/python3.12/site-packages/airflow/example_dags/example_display_name.py
[2024-12-17T21:14:30.975+0000] {logging_mixin.py:190} INFO - [2024-12-17T21:14:30.975+0000] {dag.py:3239} INFO - Sync 1 DAGs
[2024-12-17T21:14:30.989+0000] {logging_mixin.py:190} INFO - [2024-12-17T21:14:30.989+0000] {dag.py:4180} INFO - Setting next_dagrun for example_display_name to None, run_after=None
[2024-12-17T21:14:31.015+0000] {processor.py:208} INFO - Processing /home/airflow/.local/lib/python3.12/site-packages/airflow/example_dags/example_display_name.py took 0.073 seconds
[2024-12-17T21:15:01.375+0000] {processor.py:186} INFO - Started process (PID=1824) to work on /home/airflow/.local/lib/python3.12/site-packages/airflow/example_dags/example_display_name.py
[2024-12-17T21:15:01.376+0000] {processor.py:914} INFO - Processing file /home/airflow/.local/lib/python3.12/site-packages/airflow/example_dags/example_display_name.py for tasks to queue
[2024-12-17T21:15:01.378+0000] {logging_mixin.py:190} INFO - [2024-12-17T21:15:01.377+0000] {dagbag.py:588} INFO - Filling up the DagBag from /home/airflow/.local/lib/python3.12/site-packages/airflow/example_dags/example_display_name.py
[2024-12-17T21:15:01.387+0000] {processor.py:925} INFO - DAG(s) 'example_display_name' retrieved from /home/airflow/.local/lib/python3.12/site-packages/airflow/example_dags/example_display_name.py
[2024-12-17T21:15:01.405+0000] {logging_mixin.py:190} INFO - [2024-12-17T21:15:01.405+0000] {dag.py:3239} INFO - Sync 1 DAGs
[2024-12-17T21:15:01.420+0000] {logging_mixin.py:190} INFO - [2024-12-17T21:15:01.419+0000] {dag.py:4180} INFO - Setting next_dagrun for example_display_name to None, run_after=None
[2024-12-17T21:15:01.443+0000] {processor.py:208} INFO - Processing /home/airflow/.local/lib/python3.12/site-packages/airflow/example_dags/example_display_name.py took 0.075 seconds
[2024-12-17T21:15:32.313+0000] {processor.py:186} INFO - Started process (PID=1888) to work on /home/airflow/.local/lib/python3.12/site-packages/airflow/example_dags/example_display_name.py
[2024-12-17T21:15:32.314+0000] {processor.py:914} INFO - Processing file /home/airflow/.local/lib/python3.12/site-packages/airflow/example_dags/example_display_name.py for tasks to queue
[2024-12-17T21:15:32.315+0000] {logging_mixin.py:190} INFO - [2024-12-17T21:15:32.314+0000] {dagbag.py:588} INFO - Filling up the DagBag from /home/airflow/.local/lib/python3.12/site-packages/airflow/example_dags/example_display_name.py
[2024-12-17T21:15:32.322+0000] {processor.py:925} INFO - DAG(s) 'example_display_name' retrieved from /home/airflow/.local/lib/python3.12/site-packages/airflow/example_dags/example_display_name.py
[2024-12-17T21:15:32.340+0000] {logging_mixin.py:190} INFO - [2024-12-17T21:15:32.339+0000] {dag.py:3239} INFO - Sync 1 DAGs
[2024-12-17T21:15:32.354+0000] {logging_mixin.py:190} INFO - [2024-12-17T21:15:32.354+0000] {dag.py:4180} INFO - Setting next_dagrun for example_display_name to None, run_after=None
[2024-12-17T21:15:32.380+0000] {processor.py:208} INFO - Processing /home/airflow/.local/lib/python3.12/site-packages/airflow/example_dags/example_display_name.py took 0.073 seconds
[2024-12-17T21:16:02.769+0000] {processor.py:186} INFO - Started process (PID=1952) to work on /home/airflow/.local/lib/python3.12/site-packages/airflow/example_dags/example_display_name.py
[2024-12-17T21:16:02.769+0000] {processor.py:914} INFO - Processing file /home/airflow/.local/lib/python3.12/site-packages/airflow/example_dags/example_display_name.py for tasks to queue
[2024-12-17T21:16:02.771+0000] {logging_mixin.py:190} INFO - [2024-12-17T21:16:02.770+0000] {dagbag.py:588} INFO - Filling up the DagBag from /home/airflow/.local/lib/python3.12/site-packages/airflow/example_dags/example_display_name.py
[2024-12-17T21:16:02.778+0000] {processor.py:925} INFO - DAG(s) 'example_display_name' retrieved from /home/airflow/.local/lib/python3.12/site-packages/airflow/example_dags/example_display_name.py
[2024-12-17T21:16:02.795+0000] {logging_mixin.py:190} INFO - [2024-12-17T21:16:02.795+0000] {dag.py:3239} INFO - Sync 1 DAGs
[2024-12-17T21:16:02.809+0000] {logging_mixin.py:190} INFO - [2024-12-17T21:16:02.809+0000] {dag.py:4180} INFO - Setting next_dagrun for example_display_name to None, run_after=None
[2024-12-17T21:16:02.834+0000] {processor.py:208} INFO - Processing /home/airflow/.local/lib/python3.12/site-packages/airflow/example_dags/example_display_name.py took 0.070 seconds
[2024-12-17T21:16:33.094+0000] {processor.py:186} INFO - Started process (PID=2016) to work on /home/airflow/.local/lib/python3.12/site-packages/airflow/example_dags/example_display_name.py
[2024-12-17T21:16:33.095+0000] {processor.py:914} INFO - Processing file /home/airflow/.local/lib/python3.12/site-packages/airflow/example_dags/example_display_name.py for tasks to queue
[2024-12-17T21:16:33.097+0000] {logging_mixin.py:190} INFO - [2024-12-17T21:16:33.097+0000] {dagbag.py:588} INFO - Filling up the DagBag from /home/airflow/.local/lib/python3.12/site-packages/airflow/example_dags/example_display_name.py
[2024-12-17T21:16:33.104+0000] {processor.py:925} INFO - DAG(s) 'example_display_name' retrieved from /home/airflow/.local/lib/python3.12/site-packages/airflow/example_dags/example_display_name.py
[2024-12-17T21:16:33.122+0000] {logging_mixin.py:190} INFO - [2024-12-17T21:16:33.122+0000] {dag.py:3239} INFO - Sync 1 DAGs
[2024-12-17T21:16:33.137+0000] {logging_mixin.py:190} INFO - [2024-12-17T21:16:33.137+0000] {dag.py:4180} INFO - Setting next_dagrun for example_display_name to None, run_after=None
[2024-12-17T21:16:33.161+0000] {processor.py:208} INFO - Processing /home/airflow/.local/lib/python3.12/site-packages/airflow/example_dags/example_display_name.py took 0.073 seconds
[2024-12-17T21:17:03.635+0000] {processor.py:186} INFO - Started process (PID=2080) to work on /home/airflow/.local/lib/python3.12/site-packages/airflow/example_dags/example_display_name.py
[2024-12-17T21:17:03.636+0000] {processor.py:914} INFO - Processing file /home/airflow/.local/lib/python3.12/site-packages/airflow/example_dags/example_display_name.py for tasks to queue
[2024-12-17T21:17:03.637+0000] {logging_mixin.py:190} INFO - [2024-12-17T21:17:03.637+0000] {dagbag.py:588} INFO - Filling up the DagBag from /home/airflow/.local/lib/python3.12/site-packages/airflow/example_dags/example_display_name.py
[2024-12-17T21:17:03.645+0000] {processor.py:925} INFO - DAG(s) 'example_display_name' retrieved from /home/airflow/.local/lib/python3.12/site-packages/airflow/example_dags/example_display_name.py
[2024-12-17T21:17:03.663+0000] {logging_mixin.py:190} INFO - [2024-12-17T21:17:03.663+0000] {dag.py:3239} INFO - Sync 1 DAGs
[2024-12-17T21:17:03.680+0000] {logging_mixin.py:190} INFO - [2024-12-17T21:17:03.680+0000] {dag.py:4180} INFO - Setting next_dagrun for example_display_name to None, run_after=None
[2024-12-17T21:17:03.700+0000] {processor.py:208} INFO - Processing /home/airflow/.local/lib/python3.12/site-packages/airflow/example_dags/example_display_name.py took 0.070 seconds
[2024-12-17T21:17:34.153+0000] {processor.py:186} INFO - Started process (PID=2144) to work on /home/airflow/.local/lib/python3.12/site-packages/airflow/example_dags/example_display_name.py
[2024-12-17T21:17:34.154+0000] {processor.py:914} INFO - Processing file /home/airflow/.local/lib/python3.12/site-packages/airflow/example_dags/example_display_name.py for tasks to queue
[2024-12-17T21:17:34.156+0000] {logging_mixin.py:190} INFO - [2024-12-17T21:17:34.156+0000] {dagbag.py:588} INFO - Filling up the DagBag from /home/airflow/.local/lib/python3.12/site-packages/airflow/example_dags/example_display_name.py
[2024-12-17T21:17:34.166+0000] {processor.py:925} INFO - DAG(s) 'example_display_name' retrieved from /home/airflow/.local/lib/python3.12/site-packages/airflow/example_dags/example_display_name.py
[2024-12-17T21:17:34.188+0000] {logging_mixin.py:190} INFO - [2024-12-17T21:17:34.188+0000] {dag.py:3239} INFO - Sync 1 DAGs
[2024-12-17T21:17:34.208+0000] {logging_mixin.py:190} INFO - [2024-12-17T21:17:34.207+0000] {dag.py:4180} INFO - Setting next_dagrun for example_display_name to None, run_after=None
[2024-12-17T21:17:34.243+0000] {processor.py:208} INFO - Processing /home/airflow/.local/lib/python3.12/site-packages/airflow/example_dags/example_display_name.py took 0.096 seconds
