[2024-12-17T21:01:17.381+0000] {processor.py:186} INFO - Started process (PID=90) to work on /home/airflow/.local/lib/python3.12/site-packages/airflow/example_dags/example_latest_only.py
[2024-12-17T21:01:17.382+0000] {processor.py:914} INFO - Processing file /home/airflow/.local/lib/python3.12/site-packages/airflow/example_dags/example_latest_only.py for tasks to queue
[2024-12-17T21:01:17.385+0000] {logging_mixin.py:190} INFO - [2024-12-17T21:01:17.384+0000] {dagbag.py:588} INFO - Filling up the DagBag from /home/airflow/.local/lib/python3.12/site-packages/airflow/example_dags/example_latest_only.py
[2024-12-17T21:01:17.393+0000] {processor.py:925} INFO - DAG(s) 'latest_only' retrieved from /home/airflow/.local/lib/python3.12/site-packages/airflow/example_dags/example_latest_only.py
[2024-12-17T21:01:17.526+0000] {logging_mixin.py:190} INFO - [2024-12-17T21:01:17.525+0000] {override.py:1911} INFO - Created Permission View: can delete on DAG:latest_only
[2024-12-17T21:01:17.540+0000] {logging_mixin.py:190} INFO - [2024-12-17T21:01:17.539+0000] {override.py:1911} INFO - Created Permission View: can read on DAG:latest_only
[2024-12-17T21:01:17.550+0000] {logging_mixin.py:190} INFO - [2024-12-17T21:01:17.550+0000] {override.py:1911} INFO - Created Permission View: can edit on DAG:latest_only
[2024-12-17T21:01:17.559+0000] {logging_mixin.py:190} INFO - [2024-12-17T21:01:17.558+0000] {override.py:1911} INFO - Created Permission View: can create on DAG Run:latest_only
[2024-12-17T21:01:17.566+0000] {logging_mixin.py:190} INFO - [2024-12-17T21:01:17.566+0000] {override.py:1911} INFO - Created Permission View: menu access on DAG Run:latest_only
[2024-12-17T21:01:17.572+0000] {logging_mixin.py:190} INFO - [2024-12-17T21:01:17.572+0000] {override.py:1911} INFO - Created Permission View: can delete on DAG Run:latest_only
[2024-12-17T21:01:17.578+0000] {logging_mixin.py:190} INFO - [2024-12-17T21:01:17.578+0000] {override.py:1911} INFO - Created Permission View: can read on DAG Run:latest_only
[2024-12-17T21:01:17.579+0000] {logging_mixin.py:190} INFO - [2024-12-17T21:01:17.579+0000] {dag.py:3239} INFO - Sync 1 DAGs
[2024-12-17T21:01:17.593+0000] {logging_mixin.py:190} INFO - [2024-12-17T21:01:17.593+0000] {dag.py:3262} INFO - Creating ORM DAG for latest_only
[2024-12-17T21:01:17.603+0000] {logging_mixin.py:190} INFO - [2024-12-17T21:01:17.603+0000] {dag.py:4180} INFO - Setting next_dagrun for latest_only to 2024-12-17 16:00:00+00:00, run_after=2024-12-17 20:00:00+00:00
[2024-12-17T21:01:17.621+0000] {processor.py:208} INFO - Processing /home/airflow/.local/lib/python3.12/site-packages/airflow/example_dags/example_latest_only.py took 0.247 seconds
[2024-12-17T21:01:47.662+0000] {processor.py:186} INFO - Started process (PID=153) to work on /home/airflow/.local/lib/python3.12/site-packages/airflow/example_dags/example_latest_only.py
[2024-12-17T21:01:47.663+0000] {processor.py:914} INFO - Processing file /home/airflow/.local/lib/python3.12/site-packages/airflow/example_dags/example_latest_only.py for tasks to queue
[2024-12-17T21:01:47.666+0000] {logging_mixin.py:190} INFO - [2024-12-17T21:01:47.666+0000] {dagbag.py:588} INFO - Filling up the DagBag from /home/airflow/.local/lib/python3.12/site-packages/airflow/example_dags/example_latest_only.py
[2024-12-17T21:01:47.674+0000] {processor.py:925} INFO - DAG(s) 'latest_only' retrieved from /home/airflow/.local/lib/python3.12/site-packages/airflow/example_dags/example_latest_only.py
[2024-12-17T21:01:47.696+0000] {logging_mixin.py:190} INFO - [2024-12-17T21:01:47.695+0000] {dag.py:3239} INFO - Sync 1 DAGs
[2024-12-17T21:01:47.721+0000] {logging_mixin.py:190} INFO - [2024-12-17T21:01:47.720+0000] {dag.py:4180} INFO - Setting next_dagrun for latest_only to 2024-12-17 16:00:00+00:00, run_after=2024-12-17 20:00:00+00:00
[2024-12-17T21:01:47.739+0000] {processor.py:208} INFO - Processing /home/airflow/.local/lib/python3.12/site-packages/airflow/example_dags/example_latest_only.py took 0.084 seconds
[2024-12-17T21:02:17.989+0000] {processor.py:186} INFO - Started process (PID=218) to work on /home/airflow/.local/lib/python3.12/site-packages/airflow/example_dags/example_latest_only.py
[2024-12-17T21:02:17.990+0000] {processor.py:914} INFO - Processing file /home/airflow/.local/lib/python3.12/site-packages/airflow/example_dags/example_latest_only.py for tasks to queue
[2024-12-17T21:02:17.992+0000] {logging_mixin.py:190} INFO - [2024-12-17T21:02:17.992+0000] {dagbag.py:588} INFO - Filling up the DagBag from /home/airflow/.local/lib/python3.12/site-packages/airflow/example_dags/example_latest_only.py
[2024-12-17T21:02:18.000+0000] {processor.py:925} INFO - DAG(s) 'latest_only' retrieved from /home/airflow/.local/lib/python3.12/site-packages/airflow/example_dags/example_latest_only.py
[2024-12-17T21:02:18.018+0000] {logging_mixin.py:190} INFO - [2024-12-17T21:02:18.017+0000] {dag.py:3239} INFO - Sync 1 DAGs
[2024-12-17T21:02:18.041+0000] {logging_mixin.py:190} INFO - [2024-12-17T21:02:18.040+0000] {dag.py:4180} INFO - Setting next_dagrun for latest_only to 2024-12-17 16:00:00+00:00, run_after=2024-12-17 20:00:00+00:00
[2024-12-17T21:02:18.056+0000] {processor.py:208} INFO - Processing /home/airflow/.local/lib/python3.12/site-packages/airflow/example_dags/example_latest_only.py took 0.073 seconds
[2024-12-17T21:02:48.407+0000] {processor.py:186} INFO - Started process (PID=282) to work on /home/airflow/.local/lib/python3.12/site-packages/airflow/example_dags/example_latest_only.py
[2024-12-17T21:02:48.408+0000] {processor.py:914} INFO - Processing file /home/airflow/.local/lib/python3.12/site-packages/airflow/example_dags/example_latest_only.py for tasks to queue
[2024-12-17T21:02:48.410+0000] {logging_mixin.py:190} INFO - [2024-12-17T21:02:48.410+0000] {dagbag.py:588} INFO - Filling up the DagBag from /home/airflow/.local/lib/python3.12/site-packages/airflow/example_dags/example_latest_only.py
[2024-12-17T21:02:48.417+0000] {processor.py:925} INFO - DAG(s) 'latest_only' retrieved from /home/airflow/.local/lib/python3.12/site-packages/airflow/example_dags/example_latest_only.py
[2024-12-17T21:02:48.433+0000] {logging_mixin.py:190} INFO - [2024-12-17T21:02:48.433+0000] {dag.py:3239} INFO - Sync 1 DAGs
[2024-12-17T21:02:48.455+0000] {logging_mixin.py:190} INFO - [2024-12-17T21:02:48.455+0000] {dag.py:4180} INFO - Setting next_dagrun for latest_only to 2024-12-17 16:00:00+00:00, run_after=2024-12-17 20:00:00+00:00
[2024-12-17T21:02:48.472+0000] {processor.py:208} INFO - Processing /home/airflow/.local/lib/python3.12/site-packages/airflow/example_dags/example_latest_only.py took 0.070 seconds
[2024-12-17T21:03:18.529+0000] {processor.py:186} INFO - Started process (PID=346) to work on /home/airflow/.local/lib/python3.12/site-packages/airflow/example_dags/example_latest_only.py
[2024-12-17T21:03:18.530+0000] {processor.py:914} INFO - Processing file /home/airflow/.local/lib/python3.12/site-packages/airflow/example_dags/example_latest_only.py for tasks to queue
[2024-12-17T21:03:18.533+0000] {logging_mixin.py:190} INFO - [2024-12-17T21:03:18.532+0000] {dagbag.py:588} INFO - Filling up the DagBag from /home/airflow/.local/lib/python3.12/site-packages/airflow/example_dags/example_latest_only.py
[2024-12-17T21:03:18.539+0000] {processor.py:925} INFO - DAG(s) 'latest_only' retrieved from /home/airflow/.local/lib/python3.12/site-packages/airflow/example_dags/example_latest_only.py
[2024-12-17T21:03:18.558+0000] {logging_mixin.py:190} INFO - [2024-12-17T21:03:18.557+0000] {dag.py:3239} INFO - Sync 1 DAGs
[2024-12-17T21:03:18.579+0000] {logging_mixin.py:190} INFO - [2024-12-17T21:03:18.579+0000] {dag.py:4180} INFO - Setting next_dagrun for latest_only to 2024-12-17 16:00:00+00:00, run_after=2024-12-17 20:00:00+00:00
[2024-12-17T21:03:18.596+0000] {processor.py:208} INFO - Processing /home/airflow/.local/lib/python3.12/site-packages/airflow/example_dags/example_latest_only.py took 0.072 seconds
[2024-12-17T21:03:48.972+0000] {processor.py:186} INFO - Started process (PID=410) to work on /home/airflow/.local/lib/python3.12/site-packages/airflow/example_dags/example_latest_only.py
[2024-12-17T21:03:48.973+0000] {processor.py:914} INFO - Processing file /home/airflow/.local/lib/python3.12/site-packages/airflow/example_dags/example_latest_only.py for tasks to queue
[2024-12-17T21:03:48.975+0000] {logging_mixin.py:190} INFO - [2024-12-17T21:03:48.975+0000] {dagbag.py:588} INFO - Filling up the DagBag from /home/airflow/.local/lib/python3.12/site-packages/airflow/example_dags/example_latest_only.py
[2024-12-17T21:03:48.982+0000] {processor.py:925} INFO - DAG(s) 'latest_only' retrieved from /home/airflow/.local/lib/python3.12/site-packages/airflow/example_dags/example_latest_only.py
[2024-12-17T21:03:49.000+0000] {logging_mixin.py:190} INFO - [2024-12-17T21:03:49.000+0000] {dag.py:3239} INFO - Sync 1 DAGs
[2024-12-17T21:03:49.021+0000] {logging_mixin.py:190} INFO - [2024-12-17T21:03:49.021+0000] {dag.py:4180} INFO - Setting next_dagrun for latest_only to 2024-12-17 16:00:00+00:00, run_after=2024-12-17 20:00:00+00:00
[2024-12-17T21:03:49.046+0000] {processor.py:208} INFO - Processing /home/airflow/.local/lib/python3.12/site-packages/airflow/example_dags/example_latest_only.py took 0.079 seconds
[2024-12-17T21:04:19.978+0000] {processor.py:186} INFO - Started process (PID=474) to work on /home/airflow/.local/lib/python3.12/site-packages/airflow/example_dags/example_latest_only.py
[2024-12-17T21:04:19.980+0000] {processor.py:914} INFO - Processing file /home/airflow/.local/lib/python3.12/site-packages/airflow/example_dags/example_latest_only.py for tasks to queue
[2024-12-17T21:04:19.981+0000] {logging_mixin.py:190} INFO - [2024-12-17T21:04:19.981+0000] {dagbag.py:588} INFO - Filling up the DagBag from /home/airflow/.local/lib/python3.12/site-packages/airflow/example_dags/example_latest_only.py
[2024-12-17T21:04:19.993+0000] {processor.py:925} INFO - DAG(s) 'latest_only' retrieved from /home/airflow/.local/lib/python3.12/site-packages/airflow/example_dags/example_latest_only.py
[2024-12-17T21:04:20.012+0000] {logging_mixin.py:190} INFO - [2024-12-17T21:04:20.012+0000] {dag.py:3239} INFO - Sync 1 DAGs
[2024-12-17T21:04:20.034+0000] {logging_mixin.py:190} INFO - [2024-12-17T21:04:20.034+0000] {dag.py:4180} INFO - Setting next_dagrun for latest_only to 2024-12-17 16:00:00+00:00, run_after=2024-12-17 20:00:00+00:00
[2024-12-17T21:04:20.060+0000] {processor.py:208} INFO - Processing /home/airflow/.local/lib/python3.12/site-packages/airflow/example_dags/example_latest_only.py took 0.088 seconds
[2024-12-17T21:04:50.503+0000] {processor.py:186} INFO - Started process (PID=538) to work on /home/airflow/.local/lib/python3.12/site-packages/airflow/example_dags/example_latest_only.py
[2024-12-17T21:04:50.504+0000] {processor.py:914} INFO - Processing file /home/airflow/.local/lib/python3.12/site-packages/airflow/example_dags/example_latest_only.py for tasks to queue
[2024-12-17T21:04:50.505+0000] {logging_mixin.py:190} INFO - [2024-12-17T21:04:50.505+0000] {dagbag.py:588} INFO - Filling up the DagBag from /home/airflow/.local/lib/python3.12/site-packages/airflow/example_dags/example_latest_only.py
[2024-12-17T21:04:50.512+0000] {processor.py:925} INFO - DAG(s) 'latest_only' retrieved from /home/airflow/.local/lib/python3.12/site-packages/airflow/example_dags/example_latest_only.py
[2024-12-17T21:04:50.531+0000] {logging_mixin.py:190} INFO - [2024-12-17T21:04:50.531+0000] {dag.py:3239} INFO - Sync 1 DAGs
[2024-12-17T21:04:50.554+0000] {logging_mixin.py:190} INFO - [2024-12-17T21:04:50.554+0000] {dag.py:4180} INFO - Setting next_dagrun for latest_only to 2024-12-17 16:00:00+00:00, run_after=2024-12-17 20:00:00+00:00
[2024-12-17T21:04:50.580+0000] {processor.py:208} INFO - Processing /home/airflow/.local/lib/python3.12/site-packages/airflow/example_dags/example_latest_only.py took 0.083 seconds
[2024-12-17T21:05:20.711+0000] {processor.py:186} INFO - Started process (PID=602) to work on /home/airflow/.local/lib/python3.12/site-packages/airflow/example_dags/example_latest_only.py
[2024-12-17T21:05:20.712+0000] {processor.py:914} INFO - Processing file /home/airflow/.local/lib/python3.12/site-packages/airflow/example_dags/example_latest_only.py for tasks to queue
[2024-12-17T21:05:20.713+0000] {logging_mixin.py:190} INFO - [2024-12-17T21:05:20.713+0000] {dagbag.py:588} INFO - Filling up the DagBag from /home/airflow/.local/lib/python3.12/site-packages/airflow/example_dags/example_latest_only.py
[2024-12-17T21:05:20.721+0000] {processor.py:925} INFO - DAG(s) 'latest_only' retrieved from /home/airflow/.local/lib/python3.12/site-packages/airflow/example_dags/example_latest_only.py
[2024-12-17T21:05:20.739+0000] {logging_mixin.py:190} INFO - [2024-12-17T21:05:20.738+0000] {dag.py:3239} INFO - Sync 1 DAGs
[2024-12-17T21:05:20.763+0000] {logging_mixin.py:190} INFO - [2024-12-17T21:05:20.763+0000] {dag.py:4180} INFO - Setting next_dagrun for latest_only to 2024-12-17 16:00:00+00:00, run_after=2024-12-17 20:00:00+00:00
[2024-12-17T21:05:20.788+0000] {processor.py:208} INFO - Processing /home/airflow/.local/lib/python3.12/site-packages/airflow/example_dags/example_latest_only.py took 0.083 seconds
[2024-12-17T21:05:51.146+0000] {processor.py:186} INFO - Started process (PID=666) to work on /home/airflow/.local/lib/python3.12/site-packages/airflow/example_dags/example_latest_only.py
[2024-12-17T21:05:51.148+0000] {processor.py:914} INFO - Processing file /home/airflow/.local/lib/python3.12/site-packages/airflow/example_dags/example_latest_only.py for tasks to queue
[2024-12-17T21:05:51.149+0000] {logging_mixin.py:190} INFO - [2024-12-17T21:05:51.149+0000] {dagbag.py:588} INFO - Filling up the DagBag from /home/airflow/.local/lib/python3.12/site-packages/airflow/example_dags/example_latest_only.py
[2024-12-17T21:05:51.157+0000] {processor.py:925} INFO - DAG(s) 'latest_only' retrieved from /home/airflow/.local/lib/python3.12/site-packages/airflow/example_dags/example_latest_only.py
[2024-12-17T21:05:51.177+0000] {logging_mixin.py:190} INFO - [2024-12-17T21:05:51.177+0000] {dag.py:3239} INFO - Sync 1 DAGs
[2024-12-17T21:05:51.199+0000] {logging_mixin.py:190} INFO - [2024-12-17T21:05:51.199+0000] {dag.py:4180} INFO - Setting next_dagrun for latest_only to 2024-12-17 16:00:00+00:00, run_after=2024-12-17 20:00:00+00:00
[2024-12-17T21:05:51.224+0000] {processor.py:208} INFO - Processing /home/airflow/.local/lib/python3.12/site-packages/airflow/example_dags/example_latest_only.py took 0.083 seconds
[2024-12-17T21:06:21.840+0000] {processor.py:186} INFO - Started process (PID=730) to work on /home/airflow/.local/lib/python3.12/site-packages/airflow/example_dags/example_latest_only.py
[2024-12-17T21:06:21.841+0000] {processor.py:914} INFO - Processing file /home/airflow/.local/lib/python3.12/site-packages/airflow/example_dags/example_latest_only.py for tasks to queue
[2024-12-17T21:06:21.843+0000] {logging_mixin.py:190} INFO - [2024-12-17T21:06:21.842+0000] {dagbag.py:588} INFO - Filling up the DagBag from /home/airflow/.local/lib/python3.12/site-packages/airflow/example_dags/example_latest_only.py
[2024-12-17T21:06:21.851+0000] {processor.py:925} INFO - DAG(s) 'latest_only' retrieved from /home/airflow/.local/lib/python3.12/site-packages/airflow/example_dags/example_latest_only.py
[2024-12-17T21:06:21.869+0000] {logging_mixin.py:190} INFO - [2024-12-17T21:06:21.869+0000] {dag.py:3239} INFO - Sync 1 DAGs
[2024-12-17T21:06:21.891+0000] {logging_mixin.py:190} INFO - [2024-12-17T21:06:21.891+0000] {dag.py:4180} INFO - Setting next_dagrun for latest_only to 2024-12-17 16:00:00+00:00, run_after=2024-12-17 20:00:00+00:00
[2024-12-17T21:06:21.916+0000] {processor.py:208} INFO - Processing /home/airflow/.local/lib/python3.12/site-packages/airflow/example_dags/example_latest_only.py took 0.081 seconds
[2024-12-17T21:06:52.218+0000] {processor.py:186} INFO - Started process (PID=794) to work on /home/airflow/.local/lib/python3.12/site-packages/airflow/example_dags/example_latest_only.py
[2024-12-17T21:06:52.219+0000] {processor.py:914} INFO - Processing file /home/airflow/.local/lib/python3.12/site-packages/airflow/example_dags/example_latest_only.py for tasks to queue
[2024-12-17T21:06:52.220+0000] {logging_mixin.py:190} INFO - [2024-12-17T21:06:52.220+0000] {dagbag.py:588} INFO - Filling up the DagBag from /home/airflow/.local/lib/python3.12/site-packages/airflow/example_dags/example_latest_only.py
[2024-12-17T21:06:52.228+0000] {processor.py:925} INFO - DAG(s) 'latest_only' retrieved from /home/airflow/.local/lib/python3.12/site-packages/airflow/example_dags/example_latest_only.py
[2024-12-17T21:06:52.246+0000] {logging_mixin.py:190} INFO - [2024-12-17T21:06:52.246+0000] {dag.py:3239} INFO - Sync 1 DAGs
[2024-12-17T21:06:52.268+0000] {logging_mixin.py:190} INFO - [2024-12-17T21:06:52.268+0000] {dag.py:4180} INFO - Setting next_dagrun for latest_only to 2024-12-17 16:00:00+00:00, run_after=2024-12-17 20:00:00+00:00
[2024-12-17T21:06:52.285+0000] {processor.py:208} INFO - Processing /home/airflow/.local/lib/python3.12/site-packages/airflow/example_dags/example_latest_only.py took 0.073 seconds
[2024-12-17T21:07:22.934+0000] {processor.py:186} INFO - Started process (PID=858) to work on /home/airflow/.local/lib/python3.12/site-packages/airflow/example_dags/example_latest_only.py
[2024-12-17T21:07:22.936+0000] {processor.py:914} INFO - Processing file /home/airflow/.local/lib/python3.12/site-packages/airflow/example_dags/example_latest_only.py for tasks to queue
[2024-12-17T21:07:22.938+0000] {logging_mixin.py:190} INFO - [2024-12-17T21:07:22.937+0000] {dagbag.py:588} INFO - Filling up the DagBag from /home/airflow/.local/lib/python3.12/site-packages/airflow/example_dags/example_latest_only.py
[2024-12-17T21:07:22.958+0000] {processor.py:925} INFO - DAG(s) 'latest_only' retrieved from /home/airflow/.local/lib/python3.12/site-packages/airflow/example_dags/example_latest_only.py
[2024-12-17T21:07:22.996+0000] {logging_mixin.py:190} INFO - [2024-12-17T21:07:22.995+0000] {dag.py:3239} INFO - Sync 1 DAGs
[2024-12-17T21:07:23.033+0000] {logging_mixin.py:190} INFO - [2024-12-17T21:07:23.033+0000] {dag.py:4180} INFO - Setting next_dagrun for latest_only to 2024-12-17 16:00:00+00:00, run_after=2024-12-17 20:00:00+00:00
[2024-12-17T21:07:23.059+0000] {processor.py:208} INFO - Processing /home/airflow/.local/lib/python3.12/site-packages/airflow/example_dags/example_latest_only.py took 0.133 seconds
[2024-12-17T21:07:53.875+0000] {processor.py:186} INFO - Started process (PID=922) to work on /home/airflow/.local/lib/python3.12/site-packages/airflow/example_dags/example_latest_only.py
[2024-12-17T21:07:53.877+0000] {processor.py:914} INFO - Processing file /home/airflow/.local/lib/python3.12/site-packages/airflow/example_dags/example_latest_only.py for tasks to queue
[2024-12-17T21:07:53.878+0000] {logging_mixin.py:190} INFO - [2024-12-17T21:07:53.878+0000] {dagbag.py:588} INFO - Filling up the DagBag from /home/airflow/.local/lib/python3.12/site-packages/airflow/example_dags/example_latest_only.py
[2024-12-17T21:07:53.885+0000] {processor.py:925} INFO - DAG(s) 'latest_only' retrieved from /home/airflow/.local/lib/python3.12/site-packages/airflow/example_dags/example_latest_only.py
[2024-12-17T21:07:53.902+0000] {logging_mixin.py:190} INFO - [2024-12-17T21:07:53.902+0000] {dag.py:3239} INFO - Sync 1 DAGs
[2024-12-17T21:07:53.922+0000] {logging_mixin.py:190} INFO - [2024-12-17T21:07:53.922+0000] {dag.py:4180} INFO - Setting next_dagrun for latest_only to 2024-12-17 16:00:00+00:00, run_after=2024-12-17 20:00:00+00:00
[2024-12-17T21:07:53.945+0000] {processor.py:208} INFO - Processing /home/airflow/.local/lib/python3.12/site-packages/airflow/example_dags/example_latest_only.py took 0.075 seconds
[2024-12-17T21:08:24.489+0000] {processor.py:186} INFO - Started process (PID=986) to work on /home/airflow/.local/lib/python3.12/site-packages/airflow/example_dags/example_latest_only.py
[2024-12-17T21:08:24.490+0000] {processor.py:914} INFO - Processing file /home/airflow/.local/lib/python3.12/site-packages/airflow/example_dags/example_latest_only.py for tasks to queue
[2024-12-17T21:08:24.492+0000] {logging_mixin.py:190} INFO - [2024-12-17T21:08:24.491+0000] {dagbag.py:588} INFO - Filling up the DagBag from /home/airflow/.local/lib/python3.12/site-packages/airflow/example_dags/example_latest_only.py
[2024-12-17T21:08:24.499+0000] {processor.py:925} INFO - DAG(s) 'latest_only' retrieved from /home/airflow/.local/lib/python3.12/site-packages/airflow/example_dags/example_latest_only.py
[2024-12-17T21:08:24.517+0000] {logging_mixin.py:190} INFO - [2024-12-17T21:08:24.516+0000] {dag.py:3239} INFO - Sync 1 DAGs
[2024-12-17T21:08:24.539+0000] {logging_mixin.py:190} INFO - [2024-12-17T21:08:24.539+0000] {dag.py:4180} INFO - Setting next_dagrun for latest_only to 2024-12-17 16:00:00+00:00, run_after=2024-12-17 20:00:00+00:00
[2024-12-17T21:08:24.555+0000] {processor.py:208} INFO - Processing /home/airflow/.local/lib/python3.12/site-packages/airflow/example_dags/example_latest_only.py took 0.071 seconds
[2024-12-17T21:08:54.961+0000] {processor.py:186} INFO - Started process (PID=1050) to work on /home/airflow/.local/lib/python3.12/site-packages/airflow/example_dags/example_latest_only.py
[2024-12-17T21:08:54.962+0000] {processor.py:914} INFO - Processing file /home/airflow/.local/lib/python3.12/site-packages/airflow/example_dags/example_latest_only.py for tasks to queue
[2024-12-17T21:08:54.964+0000] {logging_mixin.py:190} INFO - [2024-12-17T21:08:54.963+0000] {dagbag.py:588} INFO - Filling up the DagBag from /home/airflow/.local/lib/python3.12/site-packages/airflow/example_dags/example_latest_only.py
[2024-12-17T21:08:54.971+0000] {processor.py:925} INFO - DAG(s) 'latest_only' retrieved from /home/airflow/.local/lib/python3.12/site-packages/airflow/example_dags/example_latest_only.py
[2024-12-17T21:08:54.996+0000] {logging_mixin.py:190} INFO - [2024-12-17T21:08:54.996+0000] {dag.py:3239} INFO - Sync 1 DAGs
[2024-12-17T21:08:55.055+0000] {logging_mixin.py:190} INFO - [2024-12-17T21:08:55.055+0000] {dag.py:4180} INFO - Setting next_dagrun for latest_only to 2024-12-17 16:00:00+00:00, run_after=2024-12-17 20:00:00+00:00
[2024-12-17T21:08:55.094+0000] {processor.py:208} INFO - Processing /home/airflow/.local/lib/python3.12/site-packages/airflow/example_dags/example_latest_only.py took 0.139 seconds
[2024-12-17T21:09:25.763+0000] {processor.py:186} INFO - Started process (PID=1115) to work on /home/airflow/.local/lib/python3.12/site-packages/airflow/example_dags/example_latest_only.py
[2024-12-17T21:09:25.764+0000] {processor.py:914} INFO - Processing file /home/airflow/.local/lib/python3.12/site-packages/airflow/example_dags/example_latest_only.py for tasks to queue
[2024-12-17T21:09:25.766+0000] {logging_mixin.py:190} INFO - [2024-12-17T21:09:25.765+0000] {dagbag.py:588} INFO - Filling up the DagBag from /home/airflow/.local/lib/python3.12/site-packages/airflow/example_dags/example_latest_only.py
[2024-12-17T21:09:25.773+0000] {processor.py:925} INFO - DAG(s) 'latest_only' retrieved from /home/airflow/.local/lib/python3.12/site-packages/airflow/example_dags/example_latest_only.py
[2024-12-17T21:09:25.790+0000] {logging_mixin.py:190} INFO - [2024-12-17T21:09:25.790+0000] {dag.py:3239} INFO - Sync 1 DAGs
[2024-12-17T21:09:25.810+0000] {logging_mixin.py:190} INFO - [2024-12-17T21:09:25.810+0000] {dag.py:4180} INFO - Setting next_dagrun for latest_only to 2024-12-17 16:00:00+00:00, run_after=2024-12-17 20:00:00+00:00
[2024-12-17T21:09:25.842+0000] {processor.py:208} INFO - Processing /home/airflow/.local/lib/python3.12/site-packages/airflow/example_dags/example_latest_only.py took 0.084 seconds
[2024-12-17T21:09:56.245+0000] {processor.py:186} INFO - Started process (PID=1179) to work on /home/airflow/.local/lib/python3.12/site-packages/airflow/example_dags/example_latest_only.py
[2024-12-17T21:09:56.246+0000] {processor.py:914} INFO - Processing file /home/airflow/.local/lib/python3.12/site-packages/airflow/example_dags/example_latest_only.py for tasks to queue
[2024-12-17T21:09:56.247+0000] {logging_mixin.py:190} INFO - [2024-12-17T21:09:56.247+0000] {dagbag.py:588} INFO - Filling up the DagBag from /home/airflow/.local/lib/python3.12/site-packages/airflow/example_dags/example_latest_only.py
[2024-12-17T21:09:56.255+0000] {processor.py:925} INFO - DAG(s) 'latest_only' retrieved from /home/airflow/.local/lib/python3.12/site-packages/airflow/example_dags/example_latest_only.py
[2024-12-17T21:09:56.274+0000] {logging_mixin.py:190} INFO - [2024-12-17T21:09:56.273+0000] {dag.py:3239} INFO - Sync 1 DAGs
[2024-12-17T21:09:56.295+0000] {logging_mixin.py:190} INFO - [2024-12-17T21:09:56.295+0000] {dag.py:4180} INFO - Setting next_dagrun for latest_only to 2024-12-17 16:00:00+00:00, run_after=2024-12-17 20:00:00+00:00
[2024-12-17T21:09:56.321+0000] {processor.py:208} INFO - Processing /home/airflow/.local/lib/python3.12/site-packages/airflow/example_dags/example_latest_only.py took 0.081 seconds
[2024-12-17T21:10:26.695+0000] {processor.py:186} INFO - Started process (PID=1243) to work on /home/airflow/.local/lib/python3.12/site-packages/airflow/example_dags/example_latest_only.py
[2024-12-17T21:10:26.696+0000] {processor.py:914} INFO - Processing file /home/airflow/.local/lib/python3.12/site-packages/airflow/example_dags/example_latest_only.py for tasks to queue
[2024-12-17T21:10:26.698+0000] {logging_mixin.py:190} INFO - [2024-12-17T21:10:26.698+0000] {dagbag.py:588} INFO - Filling up the DagBag from /home/airflow/.local/lib/python3.12/site-packages/airflow/example_dags/example_latest_only.py
[2024-12-17T21:10:26.712+0000] {processor.py:925} INFO - DAG(s) 'latest_only' retrieved from /home/airflow/.local/lib/python3.12/site-packages/airflow/example_dags/example_latest_only.py
[2024-12-17T21:10:26.741+0000] {logging_mixin.py:190} INFO - [2024-12-17T21:10:26.741+0000] {dag.py:3239} INFO - Sync 1 DAGs
[2024-12-17T21:10:26.784+0000] {logging_mixin.py:190} INFO - [2024-12-17T21:10:26.784+0000] {dag.py:4180} INFO - Setting next_dagrun for latest_only to 2024-12-17 16:00:00+00:00, run_after=2024-12-17 20:00:00+00:00
[2024-12-17T21:10:26.809+0000] {processor.py:208} INFO - Processing /home/airflow/.local/lib/python3.12/site-packages/airflow/example_dags/example_latest_only.py took 0.125 seconds
[2024-12-17T21:10:57.664+0000] {processor.py:186} INFO - Started process (PID=1307) to work on /home/airflow/.local/lib/python3.12/site-packages/airflow/example_dags/example_latest_only.py
[2024-12-17T21:10:57.666+0000] {processor.py:914} INFO - Processing file /home/airflow/.local/lib/python3.12/site-packages/airflow/example_dags/example_latest_only.py for tasks to queue
[2024-12-17T21:10:57.667+0000] {logging_mixin.py:190} INFO - [2024-12-17T21:10:57.666+0000] {dagbag.py:588} INFO - Filling up the DagBag from /home/airflow/.local/lib/python3.12/site-packages/airflow/example_dags/example_latest_only.py
[2024-12-17T21:10:57.674+0000] {processor.py:925} INFO - DAG(s) 'latest_only' retrieved from /home/airflow/.local/lib/python3.12/site-packages/airflow/example_dags/example_latest_only.py
[2024-12-17T21:10:57.693+0000] {logging_mixin.py:190} INFO - [2024-12-17T21:10:57.693+0000] {dag.py:3239} INFO - Sync 1 DAGs
[2024-12-17T21:10:57.719+0000] {logging_mixin.py:190} INFO - [2024-12-17T21:10:57.718+0000] {dag.py:4180} INFO - Setting next_dagrun for latest_only to 2024-12-17 16:00:00+00:00, run_after=2024-12-17 20:00:00+00:00
[2024-12-17T21:10:57.744+0000] {processor.py:208} INFO - Processing /home/airflow/.local/lib/python3.12/site-packages/airflow/example_dags/example_latest_only.py took 0.085 seconds
[2024-12-17T21:11:27.882+0000] {processor.py:186} INFO - Started process (PID=1371) to work on /home/airflow/.local/lib/python3.12/site-packages/airflow/example_dags/example_latest_only.py
[2024-12-17T21:11:27.883+0000] {processor.py:914} INFO - Processing file /home/airflow/.local/lib/python3.12/site-packages/airflow/example_dags/example_latest_only.py for tasks to queue
[2024-12-17T21:11:27.884+0000] {logging_mixin.py:190} INFO - [2024-12-17T21:11:27.884+0000] {dagbag.py:588} INFO - Filling up the DagBag from /home/airflow/.local/lib/python3.12/site-packages/airflow/example_dags/example_latest_only.py
[2024-12-17T21:11:27.892+0000] {processor.py:925} INFO - DAG(s) 'latest_only' retrieved from /home/airflow/.local/lib/python3.12/site-packages/airflow/example_dags/example_latest_only.py
[2024-12-17T21:11:27.911+0000] {logging_mixin.py:190} INFO - [2024-12-17T21:11:27.911+0000] {dag.py:3239} INFO - Sync 1 DAGs
[2024-12-17T21:11:27.935+0000] {logging_mixin.py:190} INFO - [2024-12-17T21:11:27.935+0000] {dag.py:4180} INFO - Setting next_dagrun for latest_only to 2024-12-17 16:00:00+00:00, run_after=2024-12-17 20:00:00+00:00
[2024-12-17T21:11:27.957+0000] {processor.py:208} INFO - Processing /home/airflow/.local/lib/python3.12/site-packages/airflow/example_dags/example_latest_only.py took 0.080 seconds
[2024-12-17T21:11:58.251+0000] {processor.py:186} INFO - Started process (PID=1435) to work on /home/airflow/.local/lib/python3.12/site-packages/airflow/example_dags/example_latest_only.py
[2024-12-17T21:11:58.252+0000] {processor.py:914} INFO - Processing file /home/airflow/.local/lib/python3.12/site-packages/airflow/example_dags/example_latest_only.py for tasks to queue
[2024-12-17T21:11:58.253+0000] {logging_mixin.py:190} INFO - [2024-12-17T21:11:58.253+0000] {dagbag.py:588} INFO - Filling up the DagBag from /home/airflow/.local/lib/python3.12/site-packages/airflow/example_dags/example_latest_only.py
[2024-12-17T21:11:58.261+0000] {processor.py:925} INFO - DAG(s) 'latest_only' retrieved from /home/airflow/.local/lib/python3.12/site-packages/airflow/example_dags/example_latest_only.py
[2024-12-17T21:11:58.278+0000] {logging_mixin.py:190} INFO - [2024-12-17T21:11:58.277+0000] {dag.py:3239} INFO - Sync 1 DAGs
[2024-12-17T21:11:58.302+0000] {logging_mixin.py:190} INFO - [2024-12-17T21:11:58.302+0000] {dag.py:4180} INFO - Setting next_dagrun for latest_only to 2024-12-17 16:00:00+00:00, run_after=2024-12-17 20:00:00+00:00
[2024-12-17T21:11:58.333+0000] {processor.py:208} INFO - Processing /home/airflow/.local/lib/python3.12/site-packages/airflow/example_dags/example_latest_only.py took 0.088 seconds
[2024-12-17T21:12:28.496+0000] {processor.py:186} INFO - Started process (PID=1499) to work on /home/airflow/.local/lib/python3.12/site-packages/airflow/example_dags/example_latest_only.py
[2024-12-17T21:12:28.497+0000] {processor.py:914} INFO - Processing file /home/airflow/.local/lib/python3.12/site-packages/airflow/example_dags/example_latest_only.py for tasks to queue
[2024-12-17T21:12:28.499+0000] {logging_mixin.py:190} INFO - [2024-12-17T21:12:28.498+0000] {dagbag.py:588} INFO - Filling up the DagBag from /home/airflow/.local/lib/python3.12/site-packages/airflow/example_dags/example_latest_only.py
[2024-12-17T21:12:28.506+0000] {processor.py:925} INFO - DAG(s) 'latest_only' retrieved from /home/airflow/.local/lib/python3.12/site-packages/airflow/example_dags/example_latest_only.py
[2024-12-17T21:12:28.524+0000] {logging_mixin.py:190} INFO - [2024-12-17T21:12:28.524+0000] {dag.py:3239} INFO - Sync 1 DAGs
[2024-12-17T21:12:28.545+0000] {logging_mixin.py:190} INFO - [2024-12-17T21:12:28.545+0000] {dag.py:4180} INFO - Setting next_dagrun for latest_only to 2024-12-17 16:00:00+00:00, run_after=2024-12-17 20:00:00+00:00
[2024-12-17T21:12:28.561+0000] {processor.py:208} INFO - Processing /home/airflow/.local/lib/python3.12/site-packages/airflow/example_dags/example_latest_only.py took 0.070 seconds
[2024-12-17T21:12:58.696+0000] {processor.py:186} INFO - Started process (PID=1564) to work on /home/airflow/.local/lib/python3.12/site-packages/airflow/example_dags/example_latest_only.py
[2024-12-17T21:12:58.697+0000] {processor.py:914} INFO - Processing file /home/airflow/.local/lib/python3.12/site-packages/airflow/example_dags/example_latest_only.py for tasks to queue
[2024-12-17T21:12:58.698+0000] {logging_mixin.py:190} INFO - [2024-12-17T21:12:58.698+0000] {dagbag.py:588} INFO - Filling up the DagBag from /home/airflow/.local/lib/python3.12/site-packages/airflow/example_dags/example_latest_only.py
[2024-12-17T21:12:58.706+0000] {processor.py:925} INFO - DAG(s) 'latest_only' retrieved from /home/airflow/.local/lib/python3.12/site-packages/airflow/example_dags/example_latest_only.py
[2024-12-17T21:12:58.724+0000] {logging_mixin.py:190} INFO - [2024-12-17T21:12:58.723+0000] {dag.py:3239} INFO - Sync 1 DAGs
[2024-12-17T21:12:58.746+0000] {logging_mixin.py:190} INFO - [2024-12-17T21:12:58.746+0000] {dag.py:4180} INFO - Setting next_dagrun for latest_only to 2024-12-17 16:00:00+00:00, run_after=2024-12-17 20:00:00+00:00
[2024-12-17T21:12:58.762+0000] {processor.py:208} INFO - Processing /home/airflow/.local/lib/python3.12/site-packages/airflow/example_dags/example_latest_only.py took 0.072 seconds
[2024-12-17T21:13:29.397+0000] {processor.py:186} INFO - Started process (PID=1628) to work on /home/airflow/.local/lib/python3.12/site-packages/airflow/example_dags/example_latest_only.py
[2024-12-17T21:13:29.398+0000] {processor.py:914} INFO - Processing file /home/airflow/.local/lib/python3.12/site-packages/airflow/example_dags/example_latest_only.py for tasks to queue
[2024-12-17T21:13:29.399+0000] {logging_mixin.py:190} INFO - [2024-12-17T21:13:29.399+0000] {dagbag.py:588} INFO - Filling up the DagBag from /home/airflow/.local/lib/python3.12/site-packages/airflow/example_dags/example_latest_only.py
[2024-12-17T21:13:29.407+0000] {processor.py:925} INFO - DAG(s) 'latest_only' retrieved from /home/airflow/.local/lib/python3.12/site-packages/airflow/example_dags/example_latest_only.py
[2024-12-17T21:13:29.430+0000] {logging_mixin.py:190} INFO - [2024-12-17T21:13:29.430+0000] {dag.py:3239} INFO - Sync 1 DAGs
[2024-12-17T21:13:29.451+0000] {logging_mixin.py:190} INFO - [2024-12-17T21:13:29.451+0000] {dag.py:4180} INFO - Setting next_dagrun for latest_only to 2024-12-17 16:00:00+00:00, run_after=2024-12-17 20:00:00+00:00
[2024-12-17T21:13:29.476+0000] {processor.py:208} INFO - Processing /home/airflow/.local/lib/python3.12/site-packages/airflow/example_dags/example_latest_only.py took 0.085 seconds
[2024-12-17T21:13:59.553+0000] {processor.py:186} INFO - Started process (PID=1692) to work on /home/airflow/.local/lib/python3.12/site-packages/airflow/example_dags/example_latest_only.py
[2024-12-17T21:13:59.554+0000] {processor.py:914} INFO - Processing file /home/airflow/.local/lib/python3.12/site-packages/airflow/example_dags/example_latest_only.py for tasks to queue
[2024-12-17T21:13:59.555+0000] {logging_mixin.py:190} INFO - [2024-12-17T21:13:59.555+0000] {dagbag.py:588} INFO - Filling up the DagBag from /home/airflow/.local/lib/python3.12/site-packages/airflow/example_dags/example_latest_only.py
[2024-12-17T21:13:59.563+0000] {processor.py:925} INFO - DAG(s) 'latest_only' retrieved from /home/airflow/.local/lib/python3.12/site-packages/airflow/example_dags/example_latest_only.py
[2024-12-17T21:13:59.581+0000] {logging_mixin.py:190} INFO - [2024-12-17T21:13:59.581+0000] {dag.py:3239} INFO - Sync 1 DAGs
[2024-12-17T21:13:59.606+0000] {logging_mixin.py:190} INFO - [2024-12-17T21:13:59.606+0000] {dag.py:4180} INFO - Setting next_dagrun for latest_only to 2024-12-17 16:00:00+00:00, run_after=2024-12-17 20:00:00+00:00
[2024-12-17T21:13:59.630+0000] {processor.py:208} INFO - Processing /home/airflow/.local/lib/python3.12/site-packages/airflow/example_dags/example_latest_only.py took 0.082 seconds
[2024-12-17T21:14:29.764+0000] {processor.py:186} INFO - Started process (PID=1756) to work on /home/airflow/.local/lib/python3.12/site-packages/airflow/example_dags/example_latest_only.py
[2024-12-17T21:14:29.766+0000] {processor.py:914} INFO - Processing file /home/airflow/.local/lib/python3.12/site-packages/airflow/example_dags/example_latest_only.py for tasks to queue
[2024-12-17T21:14:29.767+0000] {logging_mixin.py:190} INFO - [2024-12-17T21:14:29.767+0000] {dagbag.py:588} INFO - Filling up the DagBag from /home/airflow/.local/lib/python3.12/site-packages/airflow/example_dags/example_latest_only.py
[2024-12-17T21:14:29.775+0000] {processor.py:925} INFO - DAG(s) 'latest_only' retrieved from /home/airflow/.local/lib/python3.12/site-packages/airflow/example_dags/example_latest_only.py
[2024-12-17T21:14:29.793+0000] {logging_mixin.py:190} INFO - [2024-12-17T21:14:29.793+0000] {dag.py:3239} INFO - Sync 1 DAGs
[2024-12-17T21:14:29.814+0000] {logging_mixin.py:190} INFO - [2024-12-17T21:14:29.814+0000] {dag.py:4180} INFO - Setting next_dagrun for latest_only to 2024-12-17 16:00:00+00:00, run_after=2024-12-17 20:00:00+00:00
[2024-12-17T21:14:29.830+0000] {processor.py:208} INFO - Processing /home/airflow/.local/lib/python3.12/site-packages/airflow/example_dags/example_latest_only.py took 0.072 seconds
[2024-12-17T21:14:59.970+0000] {processor.py:186} INFO - Started process (PID=1820) to work on /home/airflow/.local/lib/python3.12/site-packages/airflow/example_dags/example_latest_only.py
[2024-12-17T21:14:59.971+0000] {processor.py:914} INFO - Processing file /home/airflow/.local/lib/python3.12/site-packages/airflow/example_dags/example_latest_only.py for tasks to queue
[2024-12-17T21:14:59.973+0000] {logging_mixin.py:190} INFO - [2024-12-17T21:14:59.972+0000] {dagbag.py:588} INFO - Filling up the DagBag from /home/airflow/.local/lib/python3.12/site-packages/airflow/example_dags/example_latest_only.py
[2024-12-17T21:14:59.980+0000] {processor.py:925} INFO - DAG(s) 'latest_only' retrieved from /home/airflow/.local/lib/python3.12/site-packages/airflow/example_dags/example_latest_only.py
[2024-12-17T21:14:59.997+0000] {logging_mixin.py:190} INFO - [2024-12-17T21:14:59.997+0000] {dag.py:3239} INFO - Sync 1 DAGs
[2024-12-17T21:15:00.023+0000] {logging_mixin.py:190} INFO - [2024-12-17T21:15:00.023+0000] {dag.py:4180} INFO - Setting next_dagrun for latest_only to 2024-12-17 16:00:00+00:00, run_after=2024-12-17 20:00:00+00:00
[2024-12-17T21:15:00.056+0000] {processor.py:208} INFO - Processing /home/airflow/.local/lib/python3.12/site-packages/airflow/example_dags/example_latest_only.py took 0.091 seconds
[2024-12-17T21:15:30.175+0000] {processor.py:186} INFO - Started process (PID=1884) to work on /home/airflow/.local/lib/python3.12/site-packages/airflow/example_dags/example_latest_only.py
[2024-12-17T21:15:30.176+0000] {processor.py:914} INFO - Processing file /home/airflow/.local/lib/python3.12/site-packages/airflow/example_dags/example_latest_only.py for tasks to queue
[2024-12-17T21:15:30.178+0000] {logging_mixin.py:190} INFO - [2024-12-17T21:15:30.178+0000] {dagbag.py:588} INFO - Filling up the DagBag from /home/airflow/.local/lib/python3.12/site-packages/airflow/example_dags/example_latest_only.py
[2024-12-17T21:15:30.186+0000] {processor.py:925} INFO - DAG(s) 'latest_only' retrieved from /home/airflow/.local/lib/python3.12/site-packages/airflow/example_dags/example_latest_only.py
[2024-12-17T21:15:30.204+0000] {logging_mixin.py:190} INFO - [2024-12-17T21:15:30.203+0000] {dag.py:3239} INFO - Sync 1 DAGs
[2024-12-17T21:15:30.226+0000] {logging_mixin.py:190} INFO - [2024-12-17T21:15:30.226+0000] {dag.py:4180} INFO - Setting next_dagrun for latest_only to 2024-12-17 16:00:00+00:00, run_after=2024-12-17 20:00:00+00:00
[2024-12-17T21:15:30.244+0000] {processor.py:208} INFO - Processing /home/airflow/.local/lib/python3.12/site-packages/airflow/example_dags/example_latest_only.py took 0.074 seconds
[2024-12-17T21:16:00.643+0000] {processor.py:186} INFO - Started process (PID=1948) to work on /home/airflow/.local/lib/python3.12/site-packages/airflow/example_dags/example_latest_only.py
[2024-12-17T21:16:00.644+0000] {processor.py:914} INFO - Processing file /home/airflow/.local/lib/python3.12/site-packages/airflow/example_dags/example_latest_only.py for tasks to queue
[2024-12-17T21:16:00.645+0000] {logging_mixin.py:190} INFO - [2024-12-17T21:16:00.645+0000] {dagbag.py:588} INFO - Filling up the DagBag from /home/airflow/.local/lib/python3.12/site-packages/airflow/example_dags/example_latest_only.py
[2024-12-17T21:16:00.653+0000] {processor.py:925} INFO - DAG(s) 'latest_only' retrieved from /home/airflow/.local/lib/python3.12/site-packages/airflow/example_dags/example_latest_only.py
[2024-12-17T21:16:00.671+0000] {logging_mixin.py:190} INFO - [2024-12-17T21:16:00.670+0000] {dag.py:3239} INFO - Sync 1 DAGs
[2024-12-17T21:16:00.694+0000] {logging_mixin.py:190} INFO - [2024-12-17T21:16:00.694+0000] {dag.py:4180} INFO - Setting next_dagrun for latest_only to 2024-12-17 16:00:00+00:00, run_after=2024-12-17 20:00:00+00:00
[2024-12-17T21:16:00.711+0000] {processor.py:208} INFO - Processing /home/airflow/.local/lib/python3.12/site-packages/airflow/example_dags/example_latest_only.py took 0.074 seconds
[2024-12-17T21:16:30.973+0000] {processor.py:186} INFO - Started process (PID=2012) to work on /home/airflow/.local/lib/python3.12/site-packages/airflow/example_dags/example_latest_only.py
[2024-12-17T21:16:30.974+0000] {processor.py:914} INFO - Processing file /home/airflow/.local/lib/python3.12/site-packages/airflow/example_dags/example_latest_only.py for tasks to queue
[2024-12-17T21:16:30.976+0000] {logging_mixin.py:190} INFO - [2024-12-17T21:16:30.975+0000] {dagbag.py:588} INFO - Filling up the DagBag from /home/airflow/.local/lib/python3.12/site-packages/airflow/example_dags/example_latest_only.py
[2024-12-17T21:16:30.983+0000] {processor.py:925} INFO - DAG(s) 'latest_only' retrieved from /home/airflow/.local/lib/python3.12/site-packages/airflow/example_dags/example_latest_only.py
[2024-12-17T21:16:31.003+0000] {logging_mixin.py:190} INFO - [2024-12-17T21:16:31.003+0000] {dag.py:3239} INFO - Sync 1 DAGs
[2024-12-17T21:16:31.026+0000] {logging_mixin.py:190} INFO - [2024-12-17T21:16:31.026+0000] {dag.py:4180} INFO - Setting next_dagrun for latest_only to 2024-12-17 16:00:00+00:00, run_after=2024-12-17 20:00:00+00:00
[2024-12-17T21:16:31.043+0000] {processor.py:208} INFO - Processing /home/airflow/.local/lib/python3.12/site-packages/airflow/example_dags/example_latest_only.py took 0.075 seconds
[2024-12-17T21:17:02.192+0000] {processor.py:186} INFO - Started process (PID=2075) to work on /home/airflow/.local/lib/python3.12/site-packages/airflow/example_dags/example_latest_only.py
[2024-12-17T21:17:02.194+0000] {processor.py:914} INFO - Processing file /home/airflow/.local/lib/python3.12/site-packages/airflow/example_dags/example_latest_only.py for tasks to queue
[2024-12-17T21:17:02.196+0000] {logging_mixin.py:190} INFO - [2024-12-17T21:17:02.195+0000] {dagbag.py:588} INFO - Filling up the DagBag from /home/airflow/.local/lib/python3.12/site-packages/airflow/example_dags/example_latest_only.py
[2024-12-17T21:17:02.206+0000] {processor.py:925} INFO - DAG(s) 'latest_only' retrieved from /home/airflow/.local/lib/python3.12/site-packages/airflow/example_dags/example_latest_only.py
[2024-12-17T21:17:02.235+0000] {logging_mixin.py:190} INFO - [2024-12-17T21:17:02.235+0000] {dag.py:3239} INFO - Sync 1 DAGs
[2024-12-17T21:17:02.269+0000] {logging_mixin.py:190} INFO - [2024-12-17T21:17:02.269+0000] {dag.py:4180} INFO - Setting next_dagrun for latest_only to 2024-12-17 16:00:00+00:00, run_after=2024-12-17 20:00:00+00:00
[2024-12-17T21:17:02.298+0000] {processor.py:208} INFO - Processing /home/airflow/.local/lib/python3.12/site-packages/airflow/example_dags/example_latest_only.py took 0.112 seconds
[2024-12-17T21:17:33.156+0000] {processor.py:186} INFO - Started process (PID=2139) to work on /home/airflow/.local/lib/python3.12/site-packages/airflow/example_dags/example_latest_only.py
[2024-12-17T21:17:33.157+0000] {processor.py:914} INFO - Processing file /home/airflow/.local/lib/python3.12/site-packages/airflow/example_dags/example_latest_only.py for tasks to queue
[2024-12-17T21:17:33.159+0000] {logging_mixin.py:190} INFO - [2024-12-17T21:17:33.158+0000] {dagbag.py:588} INFO - Filling up the DagBag from /home/airflow/.local/lib/python3.12/site-packages/airflow/example_dags/example_latest_only.py
[2024-12-17T21:17:33.169+0000] {processor.py:925} INFO - DAG(s) 'latest_only' retrieved from /home/airflow/.local/lib/python3.12/site-packages/airflow/example_dags/example_latest_only.py
[2024-12-17T21:17:33.188+0000] {logging_mixin.py:190} INFO - [2024-12-17T21:17:33.187+0000] {dag.py:3239} INFO - Sync 1 DAGs
[2024-12-17T21:17:33.214+0000] {logging_mixin.py:190} INFO - [2024-12-17T21:17:33.213+0000] {dag.py:4180} INFO - Setting next_dagrun for latest_only to 2024-12-17 16:00:00+00:00, run_after=2024-12-17 20:00:00+00:00
[2024-12-17T21:17:33.245+0000] {processor.py:208} INFO - Processing /home/airflow/.local/lib/python3.12/site-packages/airflow/example_dags/example_latest_only.py took 0.095 seconds
