[2024-12-17T21:01:23.017+0000] {processor.py:186} INFO - Started process (PID=112) to work on /home/airflow/.local/lib/python3.12/site-packages/airflow/example_dags/example_external_task_marker_dag.py
[2024-12-17T21:01:23.019+0000] {processor.py:914} INFO - Processing file /home/airflow/.local/lib/python3.12/site-packages/airflow/example_dags/example_external_task_marker_dag.py for tasks to queue
[2024-12-17T21:01:23.023+0000] {logging_mixin.py:190} INFO - [2024-12-17T21:01:23.022+0000] {dagbag.py:588} INFO - Filling up the DagBag from /home/airflow/.local/lib/python3.12/site-packages/airflow/example_dags/example_external_task_marker_dag.py
[2024-12-17T21:01:23.035+0000] {processor.py:925} INFO - DAG(s) 'example_external_task_marker_parent', 'example_external_task_marker_child' retrieved from /home/airflow/.local/lib/python3.12/site-packages/airflow/example_dags/example_external_task_marker_dag.py
[2024-12-17T21:01:23.163+0000] {logging_mixin.py:190} INFO - [2024-12-17T21:01:23.162+0000] {override.py:1911} INFO - Created Permission View: can delete on DAG:example_external_task_marker_parent
[2024-12-17T21:01:23.173+0000] {logging_mixin.py:190} INFO - [2024-12-17T21:01:23.173+0000] {override.py:1911} INFO - Created Permission View: can read on DAG:example_external_task_marker_parent
[2024-12-17T21:01:23.181+0000] {logging_mixin.py:190} INFO - [2024-12-17T21:01:23.181+0000] {override.py:1911} INFO - Created Permission View: can edit on DAG:example_external_task_marker_parent
[2024-12-17T21:01:23.190+0000] {logging_mixin.py:190} INFO - [2024-12-17T21:01:23.190+0000] {override.py:1911} INFO - Created Permission View: can create on DAG Run:example_external_task_marker_parent
[2024-12-17T21:01:23.198+0000] {logging_mixin.py:190} INFO - [2024-12-17T21:01:23.198+0000] {override.py:1911} INFO - Created Permission View: menu access on DAG Run:example_external_task_marker_parent
[2024-12-17T21:01:23.206+0000] {logging_mixin.py:190} INFO - [2024-12-17T21:01:23.206+0000] {override.py:1911} INFO - Created Permission View: can delete on DAG Run:example_external_task_marker_parent
[2024-12-17T21:01:23.217+0000] {logging_mixin.py:190} INFO - [2024-12-17T21:01:23.216+0000] {override.py:1911} INFO - Created Permission View: can read on DAG Run:example_external_task_marker_parent
[2024-12-17T21:01:23.237+0000] {logging_mixin.py:190} INFO - [2024-12-17T21:01:23.236+0000] {override.py:1911} INFO - Created Permission View: can delete on DAG:example_external_task_marker_child
[2024-12-17T21:01:23.245+0000] {logging_mixin.py:190} INFO - [2024-12-17T21:01:23.244+0000] {override.py:1911} INFO - Created Permission View: can read on DAG:example_external_task_marker_child
[2024-12-17T21:01:23.252+0000] {logging_mixin.py:190} INFO - [2024-12-17T21:01:23.252+0000] {override.py:1911} INFO - Created Permission View: can edit on DAG:example_external_task_marker_child
[2024-12-17T21:01:23.262+0000] {logging_mixin.py:190} INFO - [2024-12-17T21:01:23.262+0000] {override.py:1911} INFO - Created Permission View: can create on DAG Run:example_external_task_marker_child
[2024-12-17T21:01:23.270+0000] {logging_mixin.py:190} INFO - [2024-12-17T21:01:23.269+0000] {override.py:1911} INFO - Created Permission View: menu access on DAG Run:example_external_task_marker_child
[2024-12-17T21:01:23.279+0000] {logging_mixin.py:190} INFO - [2024-12-17T21:01:23.279+0000] {override.py:1911} INFO - Created Permission View: can delete on DAG Run:example_external_task_marker_child
[2024-12-17T21:01:23.287+0000] {logging_mixin.py:190} INFO - [2024-12-17T21:01:23.287+0000] {override.py:1911} INFO - Created Permission View: can read on DAG Run:example_external_task_marker_child
[2024-12-17T21:01:23.288+0000] {logging_mixin.py:190} INFO - [2024-12-17T21:01:23.288+0000] {dag.py:3239} INFO - Sync 2 DAGs
[2024-12-17T21:01:23.302+0000] {logging_mixin.py:190} INFO - [2024-12-17T21:01:23.302+0000] {dag.py:3262} INFO - Creating ORM DAG for example_external_task_marker_child
[2024-12-17T21:01:23.303+0000] {logging_mixin.py:190} INFO - [2024-12-17T21:01:23.303+0000] {dag.py:3262} INFO - Creating ORM DAG for example_external_task_marker_parent
[2024-12-17T21:01:23.304+0000] {logging_mixin.py:190} INFO - [2024-12-17T21:01:23.304+0000] {dag.py:4180} INFO - Setting next_dagrun for example_external_task_marker_child to None, run_after=None
[2024-12-17T21:01:23.305+0000] {logging_mixin.py:190} INFO - [2024-12-17T21:01:23.305+0000] {dag.py:4180} INFO - Setting next_dagrun for example_external_task_marker_parent to None, run_after=None
[2024-12-17T21:01:23.325+0000] {processor.py:208} INFO - Processing /home/airflow/.local/lib/python3.12/site-packages/airflow/example_dags/example_external_task_marker_dag.py took 0.315 seconds
[2024-12-17T21:01:53.949+0000] {processor.py:186} INFO - Started process (PID=176) to work on /home/airflow/.local/lib/python3.12/site-packages/airflow/example_dags/example_external_task_marker_dag.py
[2024-12-17T21:01:53.950+0000] {processor.py:914} INFO - Processing file /home/airflow/.local/lib/python3.12/site-packages/airflow/example_dags/example_external_task_marker_dag.py for tasks to queue
[2024-12-17T21:01:53.953+0000] {logging_mixin.py:190} INFO - [2024-12-17T21:01:53.952+0000] {dagbag.py:588} INFO - Filling up the DagBag from /home/airflow/.local/lib/python3.12/site-packages/airflow/example_dags/example_external_task_marker_dag.py
[2024-12-17T21:01:53.960+0000] {processor.py:925} INFO - DAG(s) 'example_external_task_marker_child', 'example_external_task_marker_parent' retrieved from /home/airflow/.local/lib/python3.12/site-packages/airflow/example_dags/example_external_task_marker_dag.py
[2024-12-17T21:01:53.980+0000] {logging_mixin.py:190} INFO - [2024-12-17T21:01:53.980+0000] {dag.py:3239} INFO - Sync 2 DAGs
[2024-12-17T21:01:53.994+0000] {logging_mixin.py:190} INFO - [2024-12-17T21:01:53.994+0000] {dag.py:4180} INFO - Setting next_dagrun for example_external_task_marker_child to None, run_after=None
[2024-12-17T21:01:53.998+0000] {logging_mixin.py:190} INFO - [2024-12-17T21:01:53.998+0000] {dag.py:4180} INFO - Setting next_dagrun for example_external_task_marker_parent to None, run_after=None
[2024-12-17T21:01:54.016+0000] {processor.py:208} INFO - Processing /home/airflow/.local/lib/python3.12/site-packages/airflow/example_dags/example_external_task_marker_dag.py took 0.073 seconds
[2024-12-17T21:02:24.220+0000] {processor.py:186} INFO - Started process (PID=240) to work on /home/airflow/.local/lib/python3.12/site-packages/airflow/example_dags/example_external_task_marker_dag.py
[2024-12-17T21:02:24.221+0000] {processor.py:914} INFO - Processing file /home/airflow/.local/lib/python3.12/site-packages/airflow/example_dags/example_external_task_marker_dag.py for tasks to queue
[2024-12-17T21:02:24.223+0000] {logging_mixin.py:190} INFO - [2024-12-17T21:02:24.223+0000] {dagbag.py:588} INFO - Filling up the DagBag from /home/airflow/.local/lib/python3.12/site-packages/airflow/example_dags/example_external_task_marker_dag.py
[2024-12-17T21:02:24.231+0000] {processor.py:925} INFO - DAG(s) 'example_external_task_marker_child', 'example_external_task_marker_parent' retrieved from /home/airflow/.local/lib/python3.12/site-packages/airflow/example_dags/example_external_task_marker_dag.py
[2024-12-17T21:02:24.252+0000] {logging_mixin.py:190} INFO - [2024-12-17T21:02:24.252+0000] {dag.py:3239} INFO - Sync 2 DAGs
[2024-12-17T21:02:24.266+0000] {logging_mixin.py:190} INFO - [2024-12-17T21:02:24.266+0000] {dag.py:4180} INFO - Setting next_dagrun for example_external_task_marker_child to None, run_after=None
[2024-12-17T21:02:24.270+0000] {logging_mixin.py:190} INFO - [2024-12-17T21:02:24.269+0000] {dag.py:4180} INFO - Setting next_dagrun for example_external_task_marker_parent to None, run_after=None
[2024-12-17T21:02:24.296+0000] {processor.py:208} INFO - Processing /home/airflow/.local/lib/python3.12/site-packages/airflow/example_dags/example_external_task_marker_dag.py took 0.082 seconds
[2024-12-17T21:02:54.613+0000] {processor.py:186} INFO - Started process (PID=304) to work on /home/airflow/.local/lib/python3.12/site-packages/airflow/example_dags/example_external_task_marker_dag.py
[2024-12-17T21:02:54.614+0000] {processor.py:914} INFO - Processing file /home/airflow/.local/lib/python3.12/site-packages/airflow/example_dags/example_external_task_marker_dag.py for tasks to queue
[2024-12-17T21:02:54.617+0000] {logging_mixin.py:190} INFO - [2024-12-17T21:02:54.616+0000] {dagbag.py:588} INFO - Filling up the DagBag from /home/airflow/.local/lib/python3.12/site-packages/airflow/example_dags/example_external_task_marker_dag.py
[2024-12-17T21:02:54.625+0000] {processor.py:925} INFO - DAG(s) 'example_external_task_marker_parent', 'example_external_task_marker_child' retrieved from /home/airflow/.local/lib/python3.12/site-packages/airflow/example_dags/example_external_task_marker_dag.py
[2024-12-17T21:02:54.646+0000] {logging_mixin.py:190} INFO - [2024-12-17T21:02:54.646+0000] {dag.py:3239} INFO - Sync 2 DAGs
[2024-12-17T21:02:54.661+0000] {logging_mixin.py:190} INFO - [2024-12-17T21:02:54.661+0000] {dag.py:4180} INFO - Setting next_dagrun for example_external_task_marker_child to None, run_after=None
[2024-12-17T21:02:54.665+0000] {logging_mixin.py:190} INFO - [2024-12-17T21:02:54.665+0000] {dag.py:4180} INFO - Setting next_dagrun for example_external_task_marker_parent to None, run_after=None
[2024-12-17T21:02:54.681+0000] {processor.py:208} INFO - Processing /home/airflow/.local/lib/python3.12/site-packages/airflow/example_dags/example_external_task_marker_dag.py took 0.074 seconds
[2024-12-17T21:03:25.778+0000] {processor.py:186} INFO - Started process (PID=368) to work on /home/airflow/.local/lib/python3.12/site-packages/airflow/example_dags/example_external_task_marker_dag.py
[2024-12-17T21:03:25.779+0000] {processor.py:914} INFO - Processing file /home/airflow/.local/lib/python3.12/site-packages/airflow/example_dags/example_external_task_marker_dag.py for tasks to queue
[2024-12-17T21:03:25.783+0000] {logging_mixin.py:190} INFO - [2024-12-17T21:03:25.782+0000] {dagbag.py:588} INFO - Filling up the DagBag from /home/airflow/.local/lib/python3.12/site-packages/airflow/example_dags/example_external_task_marker_dag.py
[2024-12-17T21:03:25.790+0000] {processor.py:925} INFO - DAG(s) 'example_external_task_marker_parent', 'example_external_task_marker_child' retrieved from /home/airflow/.local/lib/python3.12/site-packages/airflow/example_dags/example_external_task_marker_dag.py
[2024-12-17T21:03:25.812+0000] {logging_mixin.py:190} INFO - [2024-12-17T21:03:25.812+0000] {dag.py:3239} INFO - Sync 2 DAGs
[2024-12-17T21:03:25.827+0000] {logging_mixin.py:190} INFO - [2024-12-17T21:03:25.827+0000] {dag.py:4180} INFO - Setting next_dagrun for example_external_task_marker_child to None, run_after=None
[2024-12-17T21:03:25.831+0000] {logging_mixin.py:190} INFO - [2024-12-17T21:03:25.831+0000] {dag.py:4180} INFO - Setting next_dagrun for example_external_task_marker_parent to None, run_after=None
[2024-12-17T21:03:25.847+0000] {processor.py:208} INFO - Processing /home/airflow/.local/lib/python3.12/site-packages/airflow/example_dags/example_external_task_marker_dag.py took 0.075 seconds
[2024-12-17T21:03:57.201+0000] {processor.py:186} INFO - Started process (PID=432) to work on /home/airflow/.local/lib/python3.12/site-packages/airflow/example_dags/example_external_task_marker_dag.py
[2024-12-17T21:03:57.202+0000] {processor.py:914} INFO - Processing file /home/airflow/.local/lib/python3.12/site-packages/airflow/example_dags/example_external_task_marker_dag.py for tasks to queue
[2024-12-17T21:03:57.205+0000] {logging_mixin.py:190} INFO - [2024-12-17T21:03:57.205+0000] {dagbag.py:588} INFO - Filling up the DagBag from /home/airflow/.local/lib/python3.12/site-packages/airflow/example_dags/example_external_task_marker_dag.py
[2024-12-17T21:03:57.212+0000] {processor.py:925} INFO - DAG(s) 'example_external_task_marker_parent', 'example_external_task_marker_child' retrieved from /home/airflow/.local/lib/python3.12/site-packages/airflow/example_dags/example_external_task_marker_dag.py
[2024-12-17T21:03:57.233+0000] {logging_mixin.py:190} INFO - [2024-12-17T21:03:57.233+0000] {dag.py:3239} INFO - Sync 2 DAGs
[2024-12-17T21:03:57.247+0000] {logging_mixin.py:190} INFO - [2024-12-17T21:03:57.247+0000] {dag.py:4180} INFO - Setting next_dagrun for example_external_task_marker_child to None, run_after=None
[2024-12-17T21:03:57.251+0000] {logging_mixin.py:190} INFO - [2024-12-17T21:03:57.251+0000] {dag.py:4180} INFO - Setting next_dagrun for example_external_task_marker_parent to None, run_after=None
[2024-12-17T21:03:57.266+0000] {processor.py:208} INFO - Processing /home/airflow/.local/lib/python3.12/site-packages/airflow/example_dags/example_external_task_marker_dag.py took 0.071 seconds
[2024-12-17T21:04:28.890+0000] {processor.py:186} INFO - Started process (PID=496) to work on /home/airflow/.local/lib/python3.12/site-packages/airflow/example_dags/example_external_task_marker_dag.py
[2024-12-17T21:04:28.891+0000] {processor.py:914} INFO - Processing file /home/airflow/.local/lib/python3.12/site-packages/airflow/example_dags/example_external_task_marker_dag.py for tasks to queue
[2024-12-17T21:04:28.892+0000] {logging_mixin.py:190} INFO - [2024-12-17T21:04:28.892+0000] {dagbag.py:588} INFO - Filling up the DagBag from /home/airflow/.local/lib/python3.12/site-packages/airflow/example_dags/example_external_task_marker_dag.py
[2024-12-17T21:04:28.901+0000] {processor.py:925} INFO - DAG(s) 'example_external_task_marker_parent', 'example_external_task_marker_child' retrieved from /home/airflow/.local/lib/python3.12/site-packages/airflow/example_dags/example_external_task_marker_dag.py
[2024-12-17T21:04:28.926+0000] {logging_mixin.py:190} INFO - [2024-12-17T21:04:28.926+0000] {dag.py:3239} INFO - Sync 2 DAGs
[2024-12-17T21:04:28.948+0000] {logging_mixin.py:190} INFO - [2024-12-17T21:04:28.948+0000] {dag.py:4180} INFO - Setting next_dagrun for example_external_task_marker_child to None, run_after=None
[2024-12-17T21:04:28.954+0000] {logging_mixin.py:190} INFO - [2024-12-17T21:04:28.954+0000] {dag.py:4180} INFO - Setting next_dagrun for example_external_task_marker_parent to None, run_after=None
[2024-12-17T21:04:28.986+0000] {processor.py:208} INFO - Processing /home/airflow/.local/lib/python3.12/site-packages/airflow/example_dags/example_external_task_marker_dag.py took 0.102 seconds
[2024-12-17T21:04:59.957+0000] {processor.py:186} INFO - Started process (PID=560) to work on /home/airflow/.local/lib/python3.12/site-packages/airflow/example_dags/example_external_task_marker_dag.py
[2024-12-17T21:04:59.958+0000] {processor.py:914} INFO - Processing file /home/airflow/.local/lib/python3.12/site-packages/airflow/example_dags/example_external_task_marker_dag.py for tasks to queue
[2024-12-17T21:04:59.960+0000] {logging_mixin.py:190} INFO - [2024-12-17T21:04:59.960+0000] {dagbag.py:588} INFO - Filling up the DagBag from /home/airflow/.local/lib/python3.12/site-packages/airflow/example_dags/example_external_task_marker_dag.py
[2024-12-17T21:04:59.968+0000] {processor.py:925} INFO - DAG(s) 'example_external_task_marker_child', 'example_external_task_marker_parent' retrieved from /home/airflow/.local/lib/python3.12/site-packages/airflow/example_dags/example_external_task_marker_dag.py
[2024-12-17T21:04:59.992+0000] {logging_mixin.py:190} INFO - [2024-12-17T21:04:59.992+0000] {dag.py:3239} INFO - Sync 2 DAGs
[2024-12-17T21:05:00.011+0000] {logging_mixin.py:190} INFO - [2024-12-17T21:05:00.011+0000] {dag.py:4180} INFO - Setting next_dagrun for example_external_task_marker_child to None, run_after=None
[2024-12-17T21:05:00.020+0000] {logging_mixin.py:190} INFO - [2024-12-17T21:05:00.020+0000] {dag.py:4180} INFO - Setting next_dagrun for example_external_task_marker_parent to None, run_after=None
[2024-12-17T21:05:00.045+0000] {processor.py:208} INFO - Processing /home/airflow/.local/lib/python3.12/site-packages/airflow/example_dags/example_external_task_marker_dag.py took 0.094 seconds
[2024-12-17T21:05:30.807+0000] {processor.py:186} INFO - Started process (PID=624) to work on /home/airflow/.local/lib/python3.12/site-packages/airflow/example_dags/example_external_task_marker_dag.py
[2024-12-17T21:05:30.808+0000] {processor.py:914} INFO - Processing file /home/airflow/.local/lib/python3.12/site-packages/airflow/example_dags/example_external_task_marker_dag.py for tasks to queue
[2024-12-17T21:05:30.810+0000] {logging_mixin.py:190} INFO - [2024-12-17T21:05:30.809+0000] {dagbag.py:588} INFO - Filling up the DagBag from /home/airflow/.local/lib/python3.12/site-packages/airflow/example_dags/example_external_task_marker_dag.py
[2024-12-17T21:05:30.820+0000] {processor.py:925} INFO - DAG(s) 'example_external_task_marker_parent', 'example_external_task_marker_child' retrieved from /home/airflow/.local/lib/python3.12/site-packages/airflow/example_dags/example_external_task_marker_dag.py
[2024-12-17T21:05:30.842+0000] {logging_mixin.py:190} INFO - [2024-12-17T21:05:30.842+0000] {dag.py:3239} INFO - Sync 2 DAGs
[2024-12-17T21:05:30.862+0000] {logging_mixin.py:190} INFO - [2024-12-17T21:05:30.861+0000] {dag.py:4180} INFO - Setting next_dagrun for example_external_task_marker_child to None, run_after=None
[2024-12-17T21:05:30.866+0000] {logging_mixin.py:190} INFO - [2024-12-17T21:05:30.865+0000] {dag.py:4180} INFO - Setting next_dagrun for example_external_task_marker_parent to None, run_after=None
[2024-12-17T21:05:30.882+0000] {processor.py:208} INFO - Processing /home/airflow/.local/lib/python3.12/site-packages/airflow/example_dags/example_external_task_marker_dag.py took 0.082 seconds
[2024-12-17T21:06:02.390+0000] {processor.py:186} INFO - Started process (PID=688) to work on /home/airflow/.local/lib/python3.12/site-packages/airflow/example_dags/example_external_task_marker_dag.py
[2024-12-17T21:06:02.391+0000] {processor.py:914} INFO - Processing file /home/airflow/.local/lib/python3.12/site-packages/airflow/example_dags/example_external_task_marker_dag.py for tasks to queue
[2024-12-17T21:06:02.393+0000] {logging_mixin.py:190} INFO - [2024-12-17T21:06:02.392+0000] {dagbag.py:588} INFO - Filling up the DagBag from /home/airflow/.local/lib/python3.12/site-packages/airflow/example_dags/example_external_task_marker_dag.py
[2024-12-17T21:06:02.402+0000] {processor.py:925} INFO - DAG(s) 'example_external_task_marker_child', 'example_external_task_marker_parent' retrieved from /home/airflow/.local/lib/python3.12/site-packages/airflow/example_dags/example_external_task_marker_dag.py
[2024-12-17T21:06:02.424+0000] {logging_mixin.py:190} INFO - [2024-12-17T21:06:02.424+0000] {dag.py:3239} INFO - Sync 2 DAGs
[2024-12-17T21:06:02.440+0000] {logging_mixin.py:190} INFO - [2024-12-17T21:06:02.439+0000] {dag.py:4180} INFO - Setting next_dagrun for example_external_task_marker_child to None, run_after=None
[2024-12-17T21:06:02.444+0000] {logging_mixin.py:190} INFO - [2024-12-17T21:06:02.444+0000] {dag.py:4180} INFO - Setting next_dagrun for example_external_task_marker_parent to None, run_after=None
[2024-12-17T21:06:02.462+0000] {processor.py:208} INFO - Processing /home/airflow/.local/lib/python3.12/site-packages/airflow/example_dags/example_external_task_marker_dag.py took 0.079 seconds
[2024-12-17T21:06:33.166+0000] {processor.py:186} INFO - Started process (PID=752) to work on /home/airflow/.local/lib/python3.12/site-packages/airflow/example_dags/example_external_task_marker_dag.py
[2024-12-17T21:06:33.168+0000] {processor.py:914} INFO - Processing file /home/airflow/.local/lib/python3.12/site-packages/airflow/example_dags/example_external_task_marker_dag.py for tasks to queue
[2024-12-17T21:06:33.170+0000] {logging_mixin.py:190} INFO - [2024-12-17T21:06:33.169+0000] {dagbag.py:588} INFO - Filling up the DagBag from /home/airflow/.local/lib/python3.12/site-packages/airflow/example_dags/example_external_task_marker_dag.py
[2024-12-17T21:06:33.181+0000] {processor.py:925} INFO - DAG(s) 'example_external_task_marker_parent', 'example_external_task_marker_child' retrieved from /home/airflow/.local/lib/python3.12/site-packages/airflow/example_dags/example_external_task_marker_dag.py
[2024-12-17T21:06:33.212+0000] {logging_mixin.py:190} INFO - [2024-12-17T21:06:33.212+0000] {dag.py:3239} INFO - Sync 2 DAGs
[2024-12-17T21:06:33.231+0000] {logging_mixin.py:190} INFO - [2024-12-17T21:06:33.231+0000] {dag.py:4180} INFO - Setting next_dagrun for example_external_task_marker_child to None, run_after=None
[2024-12-17T21:06:33.236+0000] {logging_mixin.py:190} INFO - [2024-12-17T21:06:33.236+0000] {dag.py:4180} INFO - Setting next_dagrun for example_external_task_marker_parent to None, run_after=None
[2024-12-17T21:06:33.262+0000] {processor.py:208} INFO - Processing /home/airflow/.local/lib/python3.12/site-packages/airflow/example_dags/example_external_task_marker_dag.py took 0.102 seconds
[2024-12-17T21:07:04.650+0000] {processor.py:186} INFO - Started process (PID=816) to work on /home/airflow/.local/lib/python3.12/site-packages/airflow/example_dags/example_external_task_marker_dag.py
[2024-12-17T21:07:04.651+0000] {processor.py:914} INFO - Processing file /home/airflow/.local/lib/python3.12/site-packages/airflow/example_dags/example_external_task_marker_dag.py for tasks to queue
[2024-12-17T21:07:04.652+0000] {logging_mixin.py:190} INFO - [2024-12-17T21:07:04.652+0000] {dagbag.py:588} INFO - Filling up the DagBag from /home/airflow/.local/lib/python3.12/site-packages/airflow/example_dags/example_external_task_marker_dag.py
[2024-12-17T21:07:04.661+0000] {processor.py:925} INFO - DAG(s) 'example_external_task_marker_parent', 'example_external_task_marker_child' retrieved from /home/airflow/.local/lib/python3.12/site-packages/airflow/example_dags/example_external_task_marker_dag.py
[2024-12-17T21:07:04.682+0000] {logging_mixin.py:190} INFO - [2024-12-17T21:07:04.682+0000] {dag.py:3239} INFO - Sync 2 DAGs
[2024-12-17T21:07:04.700+0000] {logging_mixin.py:190} INFO - [2024-12-17T21:07:04.700+0000] {dag.py:4180} INFO - Setting next_dagrun for example_external_task_marker_child to None, run_after=None
[2024-12-17T21:07:04.704+0000] {logging_mixin.py:190} INFO - [2024-12-17T21:07:04.704+0000] {dag.py:4180} INFO - Setting next_dagrun for example_external_task_marker_parent to None, run_after=None
[2024-12-17T21:07:04.723+0000] {processor.py:208} INFO - Processing /home/airflow/.local/lib/python3.12/site-packages/airflow/example_dags/example_external_task_marker_dag.py took 0.079 seconds
[2024-12-17T21:07:36.348+0000] {processor.py:186} INFO - Started process (PID=880) to work on /home/airflow/.local/lib/python3.12/site-packages/airflow/example_dags/example_external_task_marker_dag.py
[2024-12-17T21:07:36.349+0000] {processor.py:914} INFO - Processing file /home/airflow/.local/lib/python3.12/site-packages/airflow/example_dags/example_external_task_marker_dag.py for tasks to queue
[2024-12-17T21:07:36.351+0000] {logging_mixin.py:190} INFO - [2024-12-17T21:07:36.351+0000] {dagbag.py:588} INFO - Filling up the DagBag from /home/airflow/.local/lib/python3.12/site-packages/airflow/example_dags/example_external_task_marker_dag.py
[2024-12-17T21:07:36.370+0000] {processor.py:925} INFO - DAG(s) 'example_external_task_marker_child', 'example_external_task_marker_parent' retrieved from /home/airflow/.local/lib/python3.12/site-packages/airflow/example_dags/example_external_task_marker_dag.py
[2024-12-17T21:07:36.416+0000] {logging_mixin.py:190} INFO - [2024-12-17T21:07:36.416+0000] {dag.py:3239} INFO - Sync 2 DAGs
[2024-12-17T21:07:36.444+0000] {logging_mixin.py:190} INFO - [2024-12-17T21:07:36.444+0000] {dag.py:4180} INFO - Setting next_dagrun for example_external_task_marker_child to None, run_after=None
[2024-12-17T21:07:36.452+0000] {logging_mixin.py:190} INFO - [2024-12-17T21:07:36.451+0000] {dag.py:4180} INFO - Setting next_dagrun for example_external_task_marker_parent to None, run_after=None
[2024-12-17T21:07:36.487+0000] {processor.py:208} INFO - Processing /home/airflow/.local/lib/python3.12/site-packages/airflow/example_dags/example_external_task_marker_dag.py took 0.150 seconds
[2024-12-17T21:08:07.495+0000] {processor.py:186} INFO - Started process (PID=944) to work on /home/airflow/.local/lib/python3.12/site-packages/airflow/example_dags/example_external_task_marker_dag.py
[2024-12-17T21:08:07.496+0000] {processor.py:914} INFO - Processing file /home/airflow/.local/lib/python3.12/site-packages/airflow/example_dags/example_external_task_marker_dag.py for tasks to queue
[2024-12-17T21:08:07.498+0000] {logging_mixin.py:190} INFO - [2024-12-17T21:08:07.498+0000] {dagbag.py:588} INFO - Filling up the DagBag from /home/airflow/.local/lib/python3.12/site-packages/airflow/example_dags/example_external_task_marker_dag.py
[2024-12-17T21:08:07.506+0000] {processor.py:925} INFO - DAG(s) 'example_external_task_marker_parent', 'example_external_task_marker_child' retrieved from /home/airflow/.local/lib/python3.12/site-packages/airflow/example_dags/example_external_task_marker_dag.py
[2024-12-17T21:08:07.526+0000] {logging_mixin.py:190} INFO - [2024-12-17T21:08:07.526+0000] {dag.py:3239} INFO - Sync 2 DAGs
[2024-12-17T21:08:07.540+0000] {logging_mixin.py:190} INFO - [2024-12-17T21:08:07.540+0000] {dag.py:4180} INFO - Setting next_dagrun for example_external_task_marker_child to None, run_after=None
[2024-12-17T21:08:07.544+0000] {logging_mixin.py:190} INFO - [2024-12-17T21:08:07.544+0000] {dag.py:4180} INFO - Setting next_dagrun for example_external_task_marker_parent to None, run_after=None
[2024-12-17T21:08:07.568+0000] {processor.py:208} INFO - Processing /home/airflow/.local/lib/python3.12/site-packages/airflow/example_dags/example_external_task_marker_dag.py took 0.079 seconds
[2024-12-17T21:08:37.900+0000] {processor.py:186} INFO - Started process (PID=1009) to work on /home/airflow/.local/lib/python3.12/site-packages/airflow/example_dags/example_external_task_marker_dag.py
[2024-12-17T21:08:37.901+0000] {processor.py:914} INFO - Processing file /home/airflow/.local/lib/python3.12/site-packages/airflow/example_dags/example_external_task_marker_dag.py for tasks to queue
[2024-12-17T21:08:37.902+0000] {logging_mixin.py:190} INFO - [2024-12-17T21:08:37.902+0000] {dagbag.py:588} INFO - Filling up the DagBag from /home/airflow/.local/lib/python3.12/site-packages/airflow/example_dags/example_external_task_marker_dag.py
[2024-12-17T21:08:37.911+0000] {processor.py:925} INFO - DAG(s) 'example_external_task_marker_parent', 'example_external_task_marker_child' retrieved from /home/airflow/.local/lib/python3.12/site-packages/airflow/example_dags/example_external_task_marker_dag.py
[2024-12-17T21:08:37.934+0000] {logging_mixin.py:190} INFO - [2024-12-17T21:08:37.933+0000] {dag.py:3239} INFO - Sync 2 DAGs
[2024-12-17T21:08:37.949+0000] {logging_mixin.py:190} INFO - [2024-12-17T21:08:37.948+0000] {dag.py:4180} INFO - Setting next_dagrun for example_external_task_marker_child to None, run_after=None
[2024-12-17T21:08:37.952+0000] {logging_mixin.py:190} INFO - [2024-12-17T21:08:37.952+0000] {dag.py:4180} INFO - Setting next_dagrun for example_external_task_marker_parent to None, run_after=None
[2024-12-17T21:08:37.975+0000] {processor.py:208} INFO - Processing /home/airflow/.local/lib/python3.12/site-packages/airflow/example_dags/example_external_task_marker_dag.py took 0.080 seconds
[2024-12-17T21:09:09.622+0000] {processor.py:186} INFO - Started process (PID=1074) to work on /home/airflow/.local/lib/python3.12/site-packages/airflow/example_dags/example_external_task_marker_dag.py
[2024-12-17T21:09:09.623+0000] {processor.py:914} INFO - Processing file /home/airflow/.local/lib/python3.12/site-packages/airflow/example_dags/example_external_task_marker_dag.py for tasks to queue
[2024-12-17T21:09:09.624+0000] {logging_mixin.py:190} INFO - [2024-12-17T21:09:09.624+0000] {dagbag.py:588} INFO - Filling up the DagBag from /home/airflow/.local/lib/python3.12/site-packages/airflow/example_dags/example_external_task_marker_dag.py
[2024-12-17T21:09:09.632+0000] {processor.py:925} INFO - DAG(s) 'example_external_task_marker_child', 'example_external_task_marker_parent' retrieved from /home/airflow/.local/lib/python3.12/site-packages/airflow/example_dags/example_external_task_marker_dag.py
[2024-12-17T21:09:09.653+0000] {logging_mixin.py:190} INFO - [2024-12-17T21:09:09.653+0000] {dag.py:3239} INFO - Sync 2 DAGs
[2024-12-17T21:09:09.671+0000] {logging_mixin.py:190} INFO - [2024-12-17T21:09:09.671+0000] {dag.py:4180} INFO - Setting next_dagrun for example_external_task_marker_child to None, run_after=None
[2024-12-17T21:09:09.676+0000] {logging_mixin.py:190} INFO - [2024-12-17T21:09:09.676+0000] {dag.py:4180} INFO - Setting next_dagrun for example_external_task_marker_parent to None, run_after=None
[2024-12-17T21:09:09.695+0000] {processor.py:208} INFO - Processing /home/airflow/.local/lib/python3.12/site-packages/airflow/example_dags/example_external_task_marker_dag.py took 0.079 seconds
[2024-12-17T21:09:40.939+0000] {processor.py:186} INFO - Started process (PID=1138) to work on /home/airflow/.local/lib/python3.12/site-packages/airflow/example_dags/example_external_task_marker_dag.py
[2024-12-17T21:09:40.940+0000] {processor.py:914} INFO - Processing file /home/airflow/.local/lib/python3.12/site-packages/airflow/example_dags/example_external_task_marker_dag.py for tasks to queue
[2024-12-17T21:09:40.942+0000] {logging_mixin.py:190} INFO - [2024-12-17T21:09:40.941+0000] {dagbag.py:588} INFO - Filling up the DagBag from /home/airflow/.local/lib/python3.12/site-packages/airflow/example_dags/example_external_task_marker_dag.py
[2024-12-17T21:09:40.950+0000] {processor.py:925} INFO - DAG(s) 'example_external_task_marker_child', 'example_external_task_marker_parent' retrieved from /home/airflow/.local/lib/python3.12/site-packages/airflow/example_dags/example_external_task_marker_dag.py
[2024-12-17T21:09:40.971+0000] {logging_mixin.py:190} INFO - [2024-12-17T21:09:40.970+0000] {dag.py:3239} INFO - Sync 2 DAGs
[2024-12-17T21:09:40.985+0000] {logging_mixin.py:190} INFO - [2024-12-17T21:09:40.985+0000] {dag.py:4180} INFO - Setting next_dagrun for example_external_task_marker_child to None, run_after=None
[2024-12-17T21:09:40.989+0000] {logging_mixin.py:190} INFO - [2024-12-17T21:09:40.989+0000] {dag.py:4180} INFO - Setting next_dagrun for example_external_task_marker_parent to None, run_after=None
[2024-12-17T21:09:41.011+0000] {processor.py:208} INFO - Processing /home/airflow/.local/lib/python3.12/site-packages/airflow/example_dags/example_external_task_marker_dag.py took 0.077 seconds
[2024-12-17T21:10:12.503+0000] {processor.py:186} INFO - Started process (PID=1208) to work on /home/airflow/.local/lib/python3.12/site-packages/airflow/example_dags/example_external_task_marker_dag.py
[2024-12-17T21:10:12.504+0000] {processor.py:914} INFO - Processing file /home/airflow/.local/lib/python3.12/site-packages/airflow/example_dags/example_external_task_marker_dag.py for tasks to queue
[2024-12-17T21:10:12.505+0000] {logging_mixin.py:190} INFO - [2024-12-17T21:10:12.505+0000] {dagbag.py:588} INFO - Filling up the DagBag from /home/airflow/.local/lib/python3.12/site-packages/airflow/example_dags/example_external_task_marker_dag.py
[2024-12-17T21:10:12.515+0000] {processor.py:925} INFO - DAG(s) 'example_external_task_marker_parent', 'example_external_task_marker_child' retrieved from /home/airflow/.local/lib/python3.12/site-packages/airflow/example_dags/example_external_task_marker_dag.py
[2024-12-17T21:10:12.537+0000] {logging_mixin.py:190} INFO - [2024-12-17T21:10:12.537+0000] {dag.py:3239} INFO - Sync 2 DAGs
[2024-12-17T21:10:12.559+0000] {logging_mixin.py:190} INFO - [2024-12-17T21:10:12.559+0000] {dag.py:4180} INFO - Setting next_dagrun for example_external_task_marker_child to None, run_after=None
[2024-12-17T21:10:12.563+0000] {logging_mixin.py:190} INFO - [2024-12-17T21:10:12.563+0000] {dag.py:4180} INFO - Setting next_dagrun for example_external_task_marker_parent to None, run_after=None
[2024-12-17T21:10:12.581+0000] {processor.py:208} INFO - Processing /home/airflow/.local/lib/python3.12/site-packages/airflow/example_dags/example_external_task_marker_dag.py took 0.084 seconds
[2024-12-17T21:10:43.942+0000] {processor.py:186} INFO - Started process (PID=1272) to work on /home/airflow/.local/lib/python3.12/site-packages/airflow/example_dags/example_external_task_marker_dag.py
[2024-12-17T21:10:43.943+0000] {processor.py:914} INFO - Processing file /home/airflow/.local/lib/python3.12/site-packages/airflow/example_dags/example_external_task_marker_dag.py for tasks to queue
[2024-12-17T21:10:43.945+0000] {logging_mixin.py:190} INFO - [2024-12-17T21:10:43.944+0000] {dagbag.py:588} INFO - Filling up the DagBag from /home/airflow/.local/lib/python3.12/site-packages/airflow/example_dags/example_external_task_marker_dag.py
[2024-12-17T21:10:43.952+0000] {processor.py:925} INFO - DAG(s) 'example_external_task_marker_child', 'example_external_task_marker_parent' retrieved from /home/airflow/.local/lib/python3.12/site-packages/airflow/example_dags/example_external_task_marker_dag.py
[2024-12-17T21:10:43.974+0000] {logging_mixin.py:190} INFO - [2024-12-17T21:10:43.974+0000] {dag.py:3239} INFO - Sync 2 DAGs
[2024-12-17T21:10:43.988+0000] {logging_mixin.py:190} INFO - [2024-12-17T21:10:43.988+0000] {dag.py:4180} INFO - Setting next_dagrun for example_external_task_marker_child to None, run_after=None
[2024-12-17T21:10:43.992+0000] {logging_mixin.py:190} INFO - [2024-12-17T21:10:43.992+0000] {dag.py:4180} INFO - Setting next_dagrun for example_external_task_marker_parent to None, run_after=None
[2024-12-17T21:10:44.015+0000] {processor.py:208} INFO - Processing /home/airflow/.local/lib/python3.12/site-packages/airflow/example_dags/example_external_task_marker_dag.py took 0.078 seconds
[2024-12-17T21:11:15.129+0000] {processor.py:186} INFO - Started process (PID=1336) to work on /home/airflow/.local/lib/python3.12/site-packages/airflow/example_dags/example_external_task_marker_dag.py
[2024-12-17T21:11:15.130+0000] {processor.py:914} INFO - Processing file /home/airflow/.local/lib/python3.12/site-packages/airflow/example_dags/example_external_task_marker_dag.py for tasks to queue
[2024-12-17T21:11:15.131+0000] {logging_mixin.py:190} INFO - [2024-12-17T21:11:15.131+0000] {dagbag.py:588} INFO - Filling up the DagBag from /home/airflow/.local/lib/python3.12/site-packages/airflow/example_dags/example_external_task_marker_dag.py
[2024-12-17T21:11:15.139+0000] {processor.py:925} INFO - DAG(s) 'example_external_task_marker_parent', 'example_external_task_marker_child' retrieved from /home/airflow/.local/lib/python3.12/site-packages/airflow/example_dags/example_external_task_marker_dag.py
[2024-12-17T21:11:15.159+0000] {logging_mixin.py:190} INFO - [2024-12-17T21:11:15.159+0000] {dag.py:3239} INFO - Sync 2 DAGs
[2024-12-17T21:11:15.173+0000] {logging_mixin.py:190} INFO - [2024-12-17T21:11:15.173+0000] {dag.py:4180} INFO - Setting next_dagrun for example_external_task_marker_child to None, run_after=None
[2024-12-17T21:11:15.177+0000] {logging_mixin.py:190} INFO - [2024-12-17T21:11:15.177+0000] {dag.py:4180} INFO - Setting next_dagrun for example_external_task_marker_parent to None, run_after=None
[2024-12-17T21:11:15.193+0000] {processor.py:208} INFO - Processing /home/airflow/.local/lib/python3.12/site-packages/airflow/example_dags/example_external_task_marker_dag.py took 0.069 seconds
[2024-12-17T21:11:46.655+0000] {processor.py:186} INFO - Started process (PID=1400) to work on /home/airflow/.local/lib/python3.12/site-packages/airflow/example_dags/example_external_task_marker_dag.py
[2024-12-17T21:11:46.656+0000] {processor.py:914} INFO - Processing file /home/airflow/.local/lib/python3.12/site-packages/airflow/example_dags/example_external_task_marker_dag.py for tasks to queue
[2024-12-17T21:11:46.658+0000] {logging_mixin.py:190} INFO - [2024-12-17T21:11:46.658+0000] {dagbag.py:588} INFO - Filling up the DagBag from /home/airflow/.local/lib/python3.12/site-packages/airflow/example_dags/example_external_task_marker_dag.py
[2024-12-17T21:11:46.672+0000] {processor.py:925} INFO - DAG(s) 'example_external_task_marker_child', 'example_external_task_marker_parent' retrieved from /home/airflow/.local/lib/python3.12/site-packages/airflow/example_dags/example_external_task_marker_dag.py
[2024-12-17T21:11:46.707+0000] {logging_mixin.py:190} INFO - [2024-12-17T21:11:46.707+0000] {dag.py:3239} INFO - Sync 2 DAGs
[2024-12-17T21:11:46.730+0000] {logging_mixin.py:190} INFO - [2024-12-17T21:11:46.730+0000] {dag.py:4180} INFO - Setting next_dagrun for example_external_task_marker_child to None, run_after=None
[2024-12-17T21:11:46.736+0000] {logging_mixin.py:190} INFO - [2024-12-17T21:11:46.736+0000] {dag.py:4180} INFO - Setting next_dagrun for example_external_task_marker_parent to None, run_after=None
[2024-12-17T21:11:46.771+0000] {processor.py:208} INFO - Processing /home/airflow/.local/lib/python3.12/site-packages/airflow/example_dags/example_external_task_marker_dag.py took 0.125 seconds
[2024-12-17T21:12:17.650+0000] {processor.py:186} INFO - Started process (PID=1464) to work on /home/airflow/.local/lib/python3.12/site-packages/airflow/example_dags/example_external_task_marker_dag.py
[2024-12-17T21:12:17.651+0000] {processor.py:914} INFO - Processing file /home/airflow/.local/lib/python3.12/site-packages/airflow/example_dags/example_external_task_marker_dag.py for tasks to queue
[2024-12-17T21:12:17.653+0000] {logging_mixin.py:190} INFO - [2024-12-17T21:12:17.652+0000] {dagbag.py:588} INFO - Filling up the DagBag from /home/airflow/.local/lib/python3.12/site-packages/airflow/example_dags/example_external_task_marker_dag.py
[2024-12-17T21:12:17.660+0000] {processor.py:925} INFO - DAG(s) 'example_external_task_marker_parent', 'example_external_task_marker_child' retrieved from /home/airflow/.local/lib/python3.12/site-packages/airflow/example_dags/example_external_task_marker_dag.py
[2024-12-17T21:12:17.683+0000] {logging_mixin.py:190} INFO - [2024-12-17T21:12:17.682+0000] {dag.py:3239} INFO - Sync 2 DAGs
[2024-12-17T21:12:17.697+0000] {logging_mixin.py:190} INFO - [2024-12-17T21:12:17.697+0000] {dag.py:4180} INFO - Setting next_dagrun for example_external_task_marker_child to None, run_after=None
[2024-12-17T21:12:17.702+0000] {logging_mixin.py:190} INFO - [2024-12-17T21:12:17.701+0000] {dag.py:4180} INFO - Setting next_dagrun for example_external_task_marker_parent to None, run_after=None
[2024-12-17T21:12:17.723+0000] {processor.py:208} INFO - Processing /home/airflow/.local/lib/python3.12/site-packages/airflow/example_dags/example_external_task_marker_dag.py took 0.078 seconds
[2024-12-17T21:12:48.949+0000] {processor.py:186} INFO - Started process (PID=1529) to work on /home/airflow/.local/lib/python3.12/site-packages/airflow/example_dags/example_external_task_marker_dag.py
[2024-12-17T21:12:48.951+0000] {processor.py:914} INFO - Processing file /home/airflow/.local/lib/python3.12/site-packages/airflow/example_dags/example_external_task_marker_dag.py for tasks to queue
[2024-12-17T21:12:48.952+0000] {logging_mixin.py:190} INFO - [2024-12-17T21:12:48.952+0000] {dagbag.py:588} INFO - Filling up the DagBag from /home/airflow/.local/lib/python3.12/site-packages/airflow/example_dags/example_external_task_marker_dag.py
[2024-12-17T21:12:48.963+0000] {processor.py:925} INFO - DAG(s) 'example_external_task_marker_child', 'example_external_task_marker_parent' retrieved from /home/airflow/.local/lib/python3.12/site-packages/airflow/example_dags/example_external_task_marker_dag.py
[2024-12-17T21:12:48.993+0000] {logging_mixin.py:190} INFO - [2024-12-17T21:12:48.992+0000] {dag.py:3239} INFO - Sync 2 DAGs
[2024-12-17T21:12:49.011+0000] {logging_mixin.py:190} INFO - [2024-12-17T21:12:49.010+0000] {dag.py:4180} INFO - Setting next_dagrun for example_external_task_marker_child to None, run_after=None
[2024-12-17T21:12:49.016+0000] {logging_mixin.py:190} INFO - [2024-12-17T21:12:49.016+0000] {dag.py:4180} INFO - Setting next_dagrun for example_external_task_marker_parent to None, run_after=None
[2024-12-17T21:12:49.035+0000] {processor.py:208} INFO - Processing /home/airflow/.local/lib/python3.12/site-packages/airflow/example_dags/example_external_task_marker_dag.py took 0.093 seconds
[2024-12-17T21:13:20.036+0000] {processor.py:186} INFO - Started process (PID=1593) to work on /home/airflow/.local/lib/python3.12/site-packages/airflow/example_dags/example_external_task_marker_dag.py
[2024-12-17T21:13:20.038+0000] {processor.py:914} INFO - Processing file /home/airflow/.local/lib/python3.12/site-packages/airflow/example_dags/example_external_task_marker_dag.py for tasks to queue
[2024-12-17T21:13:20.039+0000] {logging_mixin.py:190} INFO - [2024-12-17T21:13:20.039+0000] {dagbag.py:588} INFO - Filling up the DagBag from /home/airflow/.local/lib/python3.12/site-packages/airflow/example_dags/example_external_task_marker_dag.py
[2024-12-17T21:13:20.047+0000] {processor.py:925} INFO - DAG(s) 'example_external_task_marker_parent', 'example_external_task_marker_child' retrieved from /home/airflow/.local/lib/python3.12/site-packages/airflow/example_dags/example_external_task_marker_dag.py
[2024-12-17T21:13:20.070+0000] {logging_mixin.py:190} INFO - [2024-12-17T21:13:20.070+0000] {dag.py:3239} INFO - Sync 2 DAGs
[2024-12-17T21:13:20.086+0000] {logging_mixin.py:190} INFO - [2024-12-17T21:13:20.086+0000] {dag.py:4180} INFO - Setting next_dagrun for example_external_task_marker_child to None, run_after=None
[2024-12-17T21:13:20.090+0000] {logging_mixin.py:190} INFO - [2024-12-17T21:13:20.090+0000] {dag.py:4180} INFO - Setting next_dagrun for example_external_task_marker_parent to None, run_after=None
[2024-12-17T21:13:20.107+0000] {processor.py:208} INFO - Processing /home/airflow/.local/lib/python3.12/site-packages/airflow/example_dags/example_external_task_marker_dag.py took 0.076 seconds
[2024-12-17T21:13:51.173+0000] {processor.py:186} INFO - Started process (PID=1657) to work on /home/airflow/.local/lib/python3.12/site-packages/airflow/example_dags/example_external_task_marker_dag.py
[2024-12-17T21:13:51.174+0000] {processor.py:914} INFO - Processing file /home/airflow/.local/lib/python3.12/site-packages/airflow/example_dags/example_external_task_marker_dag.py for tasks to queue
[2024-12-17T21:13:51.175+0000] {logging_mixin.py:190} INFO - [2024-12-17T21:13:51.175+0000] {dagbag.py:588} INFO - Filling up the DagBag from /home/airflow/.local/lib/python3.12/site-packages/airflow/example_dags/example_external_task_marker_dag.py
[2024-12-17T21:13:51.182+0000] {processor.py:925} INFO - DAG(s) 'example_external_task_marker_parent', 'example_external_task_marker_child' retrieved from /home/airflow/.local/lib/python3.12/site-packages/airflow/example_dags/example_external_task_marker_dag.py
[2024-12-17T21:13:51.205+0000] {logging_mixin.py:190} INFO - [2024-12-17T21:13:51.204+0000] {dag.py:3239} INFO - Sync 2 DAGs
[2024-12-17T21:13:51.221+0000] {logging_mixin.py:190} INFO - [2024-12-17T21:13:51.220+0000] {dag.py:4180} INFO - Setting next_dagrun for example_external_task_marker_child to None, run_after=None
[2024-12-17T21:13:51.224+0000] {logging_mixin.py:190} INFO - [2024-12-17T21:13:51.224+0000] {dag.py:4180} INFO - Setting next_dagrun for example_external_task_marker_parent to None, run_after=None
[2024-12-17T21:13:51.239+0000] {processor.py:208} INFO - Processing /home/airflow/.local/lib/python3.12/site-packages/airflow/example_dags/example_external_task_marker_dag.py took 0.072 seconds
[2024-12-17T21:14:22.246+0000] {processor.py:186} INFO - Started process (PID=1722) to work on /home/airflow/.local/lib/python3.12/site-packages/airflow/example_dags/example_external_task_marker_dag.py
[2024-12-17T21:14:22.247+0000] {processor.py:914} INFO - Processing file /home/airflow/.local/lib/python3.12/site-packages/airflow/example_dags/example_external_task_marker_dag.py for tasks to queue
[2024-12-17T21:14:22.248+0000] {logging_mixin.py:190} INFO - [2024-12-17T21:14:22.248+0000] {dagbag.py:588} INFO - Filling up the DagBag from /home/airflow/.local/lib/python3.12/site-packages/airflow/example_dags/example_external_task_marker_dag.py
[2024-12-17T21:14:22.256+0000] {processor.py:925} INFO - DAG(s) 'example_external_task_marker_child', 'example_external_task_marker_parent' retrieved from /home/airflow/.local/lib/python3.12/site-packages/airflow/example_dags/example_external_task_marker_dag.py
[2024-12-17T21:14:22.282+0000] {logging_mixin.py:190} INFO - [2024-12-17T21:14:22.282+0000] {dag.py:3239} INFO - Sync 2 DAGs
[2024-12-17T21:14:22.298+0000] {logging_mixin.py:190} INFO - [2024-12-17T21:14:22.298+0000] {dag.py:4180} INFO - Setting next_dagrun for example_external_task_marker_child to None, run_after=None
[2024-12-17T21:14:22.302+0000] {logging_mixin.py:190} INFO - [2024-12-17T21:14:22.302+0000] {dag.py:4180} INFO - Setting next_dagrun for example_external_task_marker_parent to None, run_after=None
[2024-12-17T21:14:22.320+0000] {processor.py:208} INFO - Processing /home/airflow/.local/lib/python3.12/site-packages/airflow/example_dags/example_external_task_marker_dag.py took 0.079 seconds
[2024-12-17T21:14:53.193+0000] {processor.py:186} INFO - Started process (PID=1785) to work on /home/airflow/.local/lib/python3.12/site-packages/airflow/example_dags/example_external_task_marker_dag.py
[2024-12-17T21:14:53.194+0000] {processor.py:914} INFO - Processing file /home/airflow/.local/lib/python3.12/site-packages/airflow/example_dags/example_external_task_marker_dag.py for tasks to queue
[2024-12-17T21:14:53.195+0000] {logging_mixin.py:190} INFO - [2024-12-17T21:14:53.195+0000] {dagbag.py:588} INFO - Filling up the DagBag from /home/airflow/.local/lib/python3.12/site-packages/airflow/example_dags/example_external_task_marker_dag.py
[2024-12-17T21:14:53.203+0000] {processor.py:925} INFO - DAG(s) 'example_external_task_marker_parent', 'example_external_task_marker_child' retrieved from /home/airflow/.local/lib/python3.12/site-packages/airflow/example_dags/example_external_task_marker_dag.py
[2024-12-17T21:14:53.225+0000] {logging_mixin.py:190} INFO - [2024-12-17T21:14:53.225+0000] {dag.py:3239} INFO - Sync 2 DAGs
[2024-12-17T21:14:53.240+0000] {logging_mixin.py:190} INFO - [2024-12-17T21:14:53.239+0000] {dag.py:4180} INFO - Setting next_dagrun for example_external_task_marker_child to None, run_after=None
[2024-12-17T21:14:53.244+0000] {logging_mixin.py:190} INFO - [2024-12-17T21:14:53.243+0000] {dag.py:4180} INFO - Setting next_dagrun for example_external_task_marker_parent to None, run_after=None
[2024-12-17T21:14:53.270+0000] {processor.py:208} INFO - Processing /home/airflow/.local/lib/python3.12/site-packages/airflow/example_dags/example_external_task_marker_dag.py took 0.083 seconds
[2024-12-17T21:15:24.396+0000] {processor.py:186} INFO - Started process (PID=1849) to work on /home/airflow/.local/lib/python3.12/site-packages/airflow/example_dags/example_external_task_marker_dag.py
[2024-12-17T21:15:24.397+0000] {processor.py:914} INFO - Processing file /home/airflow/.local/lib/python3.12/site-packages/airflow/example_dags/example_external_task_marker_dag.py for tasks to queue
[2024-12-17T21:15:24.398+0000] {logging_mixin.py:190} INFO - [2024-12-17T21:15:24.398+0000] {dagbag.py:588} INFO - Filling up the DagBag from /home/airflow/.local/lib/python3.12/site-packages/airflow/example_dags/example_external_task_marker_dag.py
[2024-12-17T21:15:24.406+0000] {processor.py:925} INFO - DAG(s) 'example_external_task_marker_parent', 'example_external_task_marker_child' retrieved from /home/airflow/.local/lib/python3.12/site-packages/airflow/example_dags/example_external_task_marker_dag.py
[2024-12-17T21:15:24.429+0000] {logging_mixin.py:190} INFO - [2024-12-17T21:15:24.429+0000] {dag.py:3239} INFO - Sync 2 DAGs
[2024-12-17T21:15:24.444+0000] {logging_mixin.py:190} INFO - [2024-12-17T21:15:24.444+0000] {dag.py:4180} INFO - Setting next_dagrun for example_external_task_marker_child to None, run_after=None
[2024-12-17T21:15:24.448+0000] {logging_mixin.py:190} INFO - [2024-12-17T21:15:24.448+0000] {dag.py:4180} INFO - Setting next_dagrun for example_external_task_marker_parent to None, run_after=None
[2024-12-17T21:15:24.463+0000] {processor.py:208} INFO - Processing /home/airflow/.local/lib/python3.12/site-packages/airflow/example_dags/example_external_task_marker_dag.py took 0.073 seconds
[2024-12-17T21:15:55.611+0000] {processor.py:186} INFO - Started process (PID=1913) to work on /home/airflow/.local/lib/python3.12/site-packages/airflow/example_dags/example_external_task_marker_dag.py
[2024-12-17T21:15:55.612+0000] {processor.py:914} INFO - Processing file /home/airflow/.local/lib/python3.12/site-packages/airflow/example_dags/example_external_task_marker_dag.py for tasks to queue
[2024-12-17T21:15:55.613+0000] {logging_mixin.py:190} INFO - [2024-12-17T21:15:55.613+0000] {dagbag.py:588} INFO - Filling up the DagBag from /home/airflow/.local/lib/python3.12/site-packages/airflow/example_dags/example_external_task_marker_dag.py
[2024-12-17T21:15:55.621+0000] {processor.py:925} INFO - DAG(s) 'example_external_task_marker_parent', 'example_external_task_marker_child' retrieved from /home/airflow/.local/lib/python3.12/site-packages/airflow/example_dags/example_external_task_marker_dag.py
[2024-12-17T21:15:55.642+0000] {logging_mixin.py:190} INFO - [2024-12-17T21:15:55.642+0000] {dag.py:3239} INFO - Sync 2 DAGs
[2024-12-17T21:15:55.657+0000] {logging_mixin.py:190} INFO - [2024-12-17T21:15:55.657+0000] {dag.py:4180} INFO - Setting next_dagrun for example_external_task_marker_child to None, run_after=None
[2024-12-17T21:15:55.662+0000] {logging_mixin.py:190} INFO - [2024-12-17T21:15:55.662+0000] {dag.py:4180} INFO - Setting next_dagrun for example_external_task_marker_parent to None, run_after=None
[2024-12-17T21:15:55.689+0000] {processor.py:208} INFO - Processing /home/airflow/.local/lib/python3.12/site-packages/airflow/example_dags/example_external_task_marker_dag.py took 0.084 seconds
[2024-12-17T21:16:28.505+0000] {processor.py:186} INFO - Started process (PID=1978) to work on /home/airflow/.local/lib/python3.12/site-packages/airflow/example_dags/example_external_task_marker_dag.py
[2024-12-17T21:16:28.507+0000] {processor.py:914} INFO - Processing file /home/airflow/.local/lib/python3.12/site-packages/airflow/example_dags/example_external_task_marker_dag.py for tasks to queue
[2024-12-17T21:16:28.509+0000] {logging_mixin.py:190} INFO - [2024-12-17T21:16:28.508+0000] {dagbag.py:588} INFO - Filling up the DagBag from /home/airflow/.local/lib/python3.12/site-packages/airflow/example_dags/example_external_task_marker_dag.py
[2024-12-17T21:16:28.522+0000] {processor.py:925} INFO - DAG(s) 'example_external_task_marker_parent', 'example_external_task_marker_child' retrieved from /home/airflow/.local/lib/python3.12/site-packages/airflow/example_dags/example_external_task_marker_dag.py
[2024-12-17T21:16:28.548+0000] {logging_mixin.py:190} INFO - [2024-12-17T21:16:28.547+0000] {dag.py:3239} INFO - Sync 2 DAGs
[2024-12-17T21:16:28.565+0000] {logging_mixin.py:190} INFO - [2024-12-17T21:16:28.565+0000] {dag.py:4180} INFO - Setting next_dagrun for example_external_task_marker_child to None, run_after=None
[2024-12-17T21:16:28.569+0000] {logging_mixin.py:190} INFO - [2024-12-17T21:16:28.569+0000] {dag.py:4180} INFO - Setting next_dagrun for example_external_task_marker_parent to None, run_after=None
[2024-12-17T21:16:28.589+0000] {processor.py:208} INFO - Processing /home/airflow/.local/lib/python3.12/site-packages/airflow/example_dags/example_external_task_marker_dag.py took 0.092 seconds
[2024-12-17T21:17:00.149+0000] {processor.py:186} INFO - Started process (PID=2042) to work on /home/airflow/.local/lib/python3.12/site-packages/airflow/example_dags/example_external_task_marker_dag.py
[2024-12-17T21:17:00.150+0000] {processor.py:914} INFO - Processing file /home/airflow/.local/lib/python3.12/site-packages/airflow/example_dags/example_external_task_marker_dag.py for tasks to queue
[2024-12-17T21:17:00.152+0000] {logging_mixin.py:190} INFO - [2024-12-17T21:17:00.152+0000] {dagbag.py:588} INFO - Filling up the DagBag from /home/airflow/.local/lib/python3.12/site-packages/airflow/example_dags/example_external_task_marker_dag.py
[2024-12-17T21:17:00.163+0000] {processor.py:925} INFO - DAG(s) 'example_external_task_marker_child', 'example_external_task_marker_parent' retrieved from /home/airflow/.local/lib/python3.12/site-packages/airflow/example_dags/example_external_task_marker_dag.py
[2024-12-17T21:17:00.190+0000] {logging_mixin.py:190} INFO - [2024-12-17T21:17:00.190+0000] {dag.py:3239} INFO - Sync 2 DAGs
[2024-12-17T21:17:00.215+0000] {logging_mixin.py:190} INFO - [2024-12-17T21:17:00.215+0000] {dag.py:4180} INFO - Setting next_dagrun for example_external_task_marker_child to None, run_after=None
[2024-12-17T21:17:00.219+0000] {logging_mixin.py:190} INFO - [2024-12-17T21:17:00.219+0000] {dag.py:4180} INFO - Setting next_dagrun for example_external_task_marker_parent to None, run_after=None
[2024-12-17T21:17:00.239+0000] {processor.py:208} INFO - Processing /home/airflow/.local/lib/python3.12/site-packages/airflow/example_dags/example_external_task_marker_dag.py took 0.097 seconds
[2024-12-17T21:17:31.343+0000] {processor.py:186} INFO - Started process (PID=2106) to work on /home/airflow/.local/lib/python3.12/site-packages/airflow/example_dags/example_external_task_marker_dag.py
[2024-12-17T21:17:31.344+0000] {processor.py:914} INFO - Processing file /home/airflow/.local/lib/python3.12/site-packages/airflow/example_dags/example_external_task_marker_dag.py for tasks to queue
[2024-12-17T21:17:31.346+0000] {logging_mixin.py:190} INFO - [2024-12-17T21:17:31.345+0000] {dagbag.py:588} INFO - Filling up the DagBag from /home/airflow/.local/lib/python3.12/site-packages/airflow/example_dags/example_external_task_marker_dag.py
[2024-12-17T21:17:31.354+0000] {processor.py:925} INFO - DAG(s) 'example_external_task_marker_parent', 'example_external_task_marker_child' retrieved from /home/airflow/.local/lib/python3.12/site-packages/airflow/example_dags/example_external_task_marker_dag.py
[2024-12-17T21:17:31.376+0000] {logging_mixin.py:190} INFO - [2024-12-17T21:17:31.375+0000] {dag.py:3239} INFO - Sync 2 DAGs
[2024-12-17T21:17:31.390+0000] {logging_mixin.py:190} INFO - [2024-12-17T21:17:31.390+0000] {dag.py:4180} INFO - Setting next_dagrun for example_external_task_marker_child to None, run_after=None
[2024-12-17T21:17:31.394+0000] {logging_mixin.py:190} INFO - [2024-12-17T21:17:31.393+0000] {dag.py:4180} INFO - Setting next_dagrun for example_external_task_marker_parent to None, run_after=None
[2024-12-17T21:17:31.408+0000] {processor.py:208} INFO - Processing /home/airflow/.local/lib/python3.12/site-packages/airflow/example_dags/example_external_task_marker_dag.py took 0.071 seconds
