[2024-12-17T21:01:14.351+0000] {processor.py:186} INFO - Started process (PID=74) to work on /home/airflow/.local/lib/python3.12/site-packages/airflow/example_dags/example_complex.py
[2024-12-17T21:01:14.353+0000] {processor.py:914} INFO - Processing file /home/airflow/.local/lib/python3.12/site-packages/airflow/example_dags/example_complex.py for tasks to queue
[2024-12-17T21:01:14.355+0000] {logging_mixin.py:190} INFO - [2024-12-17T21:01:14.355+0000] {dagbag.py:588} INFO - Filling up the DagBag from /home/airflow/.local/lib/python3.12/site-packages/airflow/example_dags/example_complex.py
[2024-12-17T21:01:14.391+0000] {processor.py:925} INFO - DAG(s) 'example_complex' retrieved from /home/airflow/.local/lib/python3.12/site-packages/airflow/example_dags/example_complex.py
[2024-12-17T21:01:14.731+0000] {logging_mixin.py:190} INFO - [2024-12-17T21:01:14.730+0000] {override.py:1911} INFO - Created Permission View: can delete on DAG:example_complex
[2024-12-17T21:01:14.753+0000] {logging_mixin.py:190} INFO - [2024-12-17T21:01:14.752+0000] {override.py:1911} INFO - Created Permission View: can read on DAG:example_complex
[2024-12-17T21:01:14.768+0000] {logging_mixin.py:190} INFO - [2024-12-17T21:01:14.767+0000] {override.py:1911} INFO - Created Permission View: can edit on DAG:example_complex
[2024-12-17T21:01:14.779+0000] {logging_mixin.py:190} INFO - [2024-12-17T21:01:14.778+0000] {override.py:1911} INFO - Created Permission View: can create on DAG Run:example_complex
[2024-12-17T21:01:14.790+0000] {logging_mixin.py:190} INFO - [2024-12-17T21:01:14.790+0000] {override.py:1911} INFO - Created Permission View: menu access on DAG Run:example_complex
[2024-12-17T21:01:14.799+0000] {logging_mixin.py:190} INFO - [2024-12-17T21:01:14.798+0000] {override.py:1911} INFO - Created Permission View: can delete on DAG Run:example_complex
[2024-12-17T21:01:14.809+0000] {logging_mixin.py:190} INFO - [2024-12-17T21:01:14.809+0000] {override.py:1911} INFO - Created Permission View: can read on DAG Run:example_complex
[2024-12-17T21:01:14.810+0000] {logging_mixin.py:190} INFO - [2024-12-17T21:01:14.810+0000] {dag.py:3239} INFO - Sync 1 DAGs
[2024-12-17T21:01:14.829+0000] {logging_mixin.py:190} INFO - [2024-12-17T21:01:14.829+0000] {dag.py:3262} INFO - Creating ORM DAG for example_complex
[2024-12-17T21:01:14.830+0000] {logging_mixin.py:190} INFO - [2024-12-17T21:01:14.830+0000] {dag.py:4180} INFO - Setting next_dagrun for example_complex to None, run_after=None
[2024-12-17T21:01:14.857+0000] {processor.py:208} INFO - Processing /home/airflow/.local/lib/python3.12/site-packages/airflow/example_dags/example_complex.py took 0.515 seconds
[2024-12-17T21:01:45.591+0000] {processor.py:186} INFO - Started process (PID=138) to work on /home/airflow/.local/lib/python3.12/site-packages/airflow/example_dags/example_complex.py
[2024-12-17T21:01:45.593+0000] {processor.py:914} INFO - Processing file /home/airflow/.local/lib/python3.12/site-packages/airflow/example_dags/example_complex.py for tasks to queue
[2024-12-17T21:01:45.596+0000] {logging_mixin.py:190} INFO - [2024-12-17T21:01:45.595+0000] {dagbag.py:588} INFO - Filling up the DagBag from /home/airflow/.local/lib/python3.12/site-packages/airflow/example_dags/example_complex.py
[2024-12-17T21:01:45.611+0000] {processor.py:925} INFO - DAG(s) 'example_complex' retrieved from /home/airflow/.local/lib/python3.12/site-packages/airflow/example_dags/example_complex.py
[2024-12-17T21:01:45.642+0000] {logging_mixin.py:190} INFO - [2024-12-17T21:01:45.642+0000] {dag.py:3239} INFO - Sync 1 DAGs
[2024-12-17T21:01:45.656+0000] {logging_mixin.py:190} INFO - [2024-12-17T21:01:45.656+0000] {dag.py:4180} INFO - Setting next_dagrun for example_complex to None, run_after=None
[2024-12-17T21:01:45.681+0000] {processor.py:208} INFO - Processing /home/airflow/.local/lib/python3.12/site-packages/airflow/example_dags/example_complex.py took 0.094 seconds
[2024-12-17T21:02:15.742+0000] {processor.py:186} INFO - Started process (PID=202) to work on /home/airflow/.local/lib/python3.12/site-packages/airflow/example_dags/example_complex.py
[2024-12-17T21:02:15.743+0000] {processor.py:914} INFO - Processing file /home/airflow/.local/lib/python3.12/site-packages/airflow/example_dags/example_complex.py for tasks to queue
[2024-12-17T21:02:15.747+0000] {logging_mixin.py:190} INFO - [2024-12-17T21:02:15.747+0000] {dagbag.py:588} INFO - Filling up the DagBag from /home/airflow/.local/lib/python3.12/site-packages/airflow/example_dags/example_complex.py
[2024-12-17T21:02:15.763+0000] {processor.py:925} INFO - DAG(s) 'example_complex' retrieved from /home/airflow/.local/lib/python3.12/site-packages/airflow/example_dags/example_complex.py
[2024-12-17T21:02:15.795+0000] {logging_mixin.py:190} INFO - [2024-12-17T21:02:15.794+0000] {dag.py:3239} INFO - Sync 1 DAGs
[2024-12-17T21:02:15.810+0000] {logging_mixin.py:190} INFO - [2024-12-17T21:02:15.810+0000] {dag.py:4180} INFO - Setting next_dagrun for example_complex to None, run_after=None
[2024-12-17T21:02:15.830+0000] {processor.py:208} INFO - Processing /home/airflow/.local/lib/python3.12/site-packages/airflow/example_dags/example_complex.py took 0.094 seconds
[2024-12-17T21:02:45.929+0000] {processor.py:186} INFO - Started process (PID=266) to work on /home/airflow/.local/lib/python3.12/site-packages/airflow/example_dags/example_complex.py
[2024-12-17T21:02:45.930+0000] {processor.py:914} INFO - Processing file /home/airflow/.local/lib/python3.12/site-packages/airflow/example_dags/example_complex.py for tasks to queue
[2024-12-17T21:02:45.932+0000] {logging_mixin.py:190} INFO - [2024-12-17T21:02:45.932+0000] {dagbag.py:588} INFO - Filling up the DagBag from /home/airflow/.local/lib/python3.12/site-packages/airflow/example_dags/example_complex.py
[2024-12-17T21:02:45.944+0000] {processor.py:925} INFO - DAG(s) 'example_complex' retrieved from /home/airflow/.local/lib/python3.12/site-packages/airflow/example_dags/example_complex.py
[2024-12-17T21:02:45.976+0000] {logging_mixin.py:190} INFO - [2024-12-17T21:02:45.976+0000] {dag.py:3239} INFO - Sync 1 DAGs
[2024-12-17T21:02:45.991+0000] {logging_mixin.py:190} INFO - [2024-12-17T21:02:45.991+0000] {dag.py:4180} INFO - Setting next_dagrun for example_complex to None, run_after=None
[2024-12-17T21:02:46.009+0000] {processor.py:208} INFO - Processing /home/airflow/.local/lib/python3.12/site-packages/airflow/example_dags/example_complex.py took 0.086 seconds
[2024-12-17T21:03:16.279+0000] {processor.py:186} INFO - Started process (PID=330) to work on /home/airflow/.local/lib/python3.12/site-packages/airflow/example_dags/example_complex.py
[2024-12-17T21:03:16.280+0000] {processor.py:914} INFO - Processing file /home/airflow/.local/lib/python3.12/site-packages/airflow/example_dags/example_complex.py for tasks to queue
[2024-12-17T21:03:16.282+0000] {logging_mixin.py:190} INFO - [2024-12-17T21:03:16.282+0000] {dagbag.py:588} INFO - Filling up the DagBag from /home/airflow/.local/lib/python3.12/site-packages/airflow/example_dags/example_complex.py
[2024-12-17T21:03:16.294+0000] {processor.py:925} INFO - DAG(s) 'example_complex' retrieved from /home/airflow/.local/lib/python3.12/site-packages/airflow/example_dags/example_complex.py
[2024-12-17T21:03:16.327+0000] {logging_mixin.py:190} INFO - [2024-12-17T21:03:16.326+0000] {dag.py:3239} INFO - Sync 1 DAGs
[2024-12-17T21:03:16.342+0000] {logging_mixin.py:190} INFO - [2024-12-17T21:03:16.342+0000] {dag.py:4180} INFO - Setting next_dagrun for example_complex to None, run_after=None
[2024-12-17T21:03:16.361+0000] {processor.py:208} INFO - Processing /home/airflow/.local/lib/python3.12/site-packages/airflow/example_dags/example_complex.py took 0.089 seconds
[2024-12-17T21:03:46.802+0000] {processor.py:186} INFO - Started process (PID=394) to work on /home/airflow/.local/lib/python3.12/site-packages/airflow/example_dags/example_complex.py
[2024-12-17T21:03:46.803+0000] {processor.py:914} INFO - Processing file /home/airflow/.local/lib/python3.12/site-packages/airflow/example_dags/example_complex.py for tasks to queue
[2024-12-17T21:03:46.807+0000] {logging_mixin.py:190} INFO - [2024-12-17T21:03:46.806+0000] {dagbag.py:588} INFO - Filling up the DagBag from /home/airflow/.local/lib/python3.12/site-packages/airflow/example_dags/example_complex.py
[2024-12-17T21:03:46.820+0000] {processor.py:925} INFO - DAG(s) 'example_complex' retrieved from /home/airflow/.local/lib/python3.12/site-packages/airflow/example_dags/example_complex.py
[2024-12-17T21:03:46.853+0000] {logging_mixin.py:190} INFO - [2024-12-17T21:03:46.852+0000] {dag.py:3239} INFO - Sync 1 DAGs
[2024-12-17T21:03:46.870+0000] {logging_mixin.py:190} INFO - [2024-12-17T21:03:46.870+0000] {dag.py:4180} INFO - Setting next_dagrun for example_complex to None, run_after=None
[2024-12-17T21:03:46.890+0000] {processor.py:208} INFO - Processing /home/airflow/.local/lib/python3.12/site-packages/airflow/example_dags/example_complex.py took 0.095 seconds
[2024-12-17T21:04:16.931+0000] {processor.py:186} INFO - Started process (PID=458) to work on /home/airflow/.local/lib/python3.12/site-packages/airflow/example_dags/example_complex.py
[2024-12-17T21:04:16.933+0000] {processor.py:914} INFO - Processing file /home/airflow/.local/lib/python3.12/site-packages/airflow/example_dags/example_complex.py for tasks to queue
[2024-12-17T21:04:16.934+0000] {logging_mixin.py:190} INFO - [2024-12-17T21:04:16.934+0000] {dagbag.py:588} INFO - Filling up the DagBag from /home/airflow/.local/lib/python3.12/site-packages/airflow/example_dags/example_complex.py
[2024-12-17T21:04:16.945+0000] {processor.py:925} INFO - DAG(s) 'example_complex' retrieved from /home/airflow/.local/lib/python3.12/site-packages/airflow/example_dags/example_complex.py
[2024-12-17T21:04:16.974+0000] {logging_mixin.py:190} INFO - [2024-12-17T21:04:16.973+0000] {dag.py:3239} INFO - Sync 1 DAGs
[2024-12-17T21:04:16.988+0000] {logging_mixin.py:190} INFO - [2024-12-17T21:04:16.988+0000] {dag.py:4180} INFO - Setting next_dagrun for example_complex to None, run_after=None
[2024-12-17T21:04:17.005+0000] {processor.py:208} INFO - Processing /home/airflow/.local/lib/python3.12/site-packages/airflow/example_dags/example_complex.py took 0.079 seconds
[2024-12-17T21:04:47.409+0000] {processor.py:186} INFO - Started process (PID=522) to work on /home/airflow/.local/lib/python3.12/site-packages/airflow/example_dags/example_complex.py
[2024-12-17T21:04:47.411+0000] {processor.py:914} INFO - Processing file /home/airflow/.local/lib/python3.12/site-packages/airflow/example_dags/example_complex.py for tasks to queue
[2024-12-17T21:04:47.414+0000] {logging_mixin.py:190} INFO - [2024-12-17T21:04:47.413+0000] {dagbag.py:588} INFO - Filling up the DagBag from /home/airflow/.local/lib/python3.12/site-packages/airflow/example_dags/example_complex.py
[2024-12-17T21:04:47.431+0000] {processor.py:925} INFO - DAG(s) 'example_complex' retrieved from /home/airflow/.local/lib/python3.12/site-packages/airflow/example_dags/example_complex.py
[2024-12-17T21:04:47.484+0000] {logging_mixin.py:190} INFO - [2024-12-17T21:04:47.484+0000] {dag.py:3239} INFO - Sync 1 DAGs
[2024-12-17T21:04:47.500+0000] {logging_mixin.py:190} INFO - [2024-12-17T21:04:47.500+0000] {dag.py:4180} INFO - Setting next_dagrun for example_complex to None, run_after=None
[2024-12-17T21:04:47.520+0000] {processor.py:208} INFO - Processing /home/airflow/.local/lib/python3.12/site-packages/airflow/example_dags/example_complex.py took 0.119 seconds
[2024-12-17T21:05:17.812+0000] {processor.py:186} INFO - Started process (PID=586) to work on /home/airflow/.local/lib/python3.12/site-packages/airflow/example_dags/example_complex.py
[2024-12-17T21:05:17.813+0000] {processor.py:914} INFO - Processing file /home/airflow/.local/lib/python3.12/site-packages/airflow/example_dags/example_complex.py for tasks to queue
[2024-12-17T21:05:17.815+0000] {logging_mixin.py:190} INFO - [2024-12-17T21:05:17.815+0000] {dagbag.py:588} INFO - Filling up the DagBag from /home/airflow/.local/lib/python3.12/site-packages/airflow/example_dags/example_complex.py
[2024-12-17T21:05:17.828+0000] {processor.py:925} INFO - DAG(s) 'example_complex' retrieved from /home/airflow/.local/lib/python3.12/site-packages/airflow/example_dags/example_complex.py
[2024-12-17T21:05:17.863+0000] {logging_mixin.py:190} INFO - [2024-12-17T21:05:17.863+0000] {dag.py:3239} INFO - Sync 1 DAGs
[2024-12-17T21:05:17.878+0000] {logging_mixin.py:190} INFO - [2024-12-17T21:05:17.877+0000] {dag.py:4180} INFO - Setting next_dagrun for example_complex to None, run_after=None
[2024-12-17T21:05:17.895+0000] {processor.py:208} INFO - Processing /home/airflow/.local/lib/python3.12/site-packages/airflow/example_dags/example_complex.py took 0.089 seconds
[2024-12-17T21:05:48.283+0000] {processor.py:186} INFO - Started process (PID=650) to work on /home/airflow/.local/lib/python3.12/site-packages/airflow/example_dags/example_complex.py
[2024-12-17T21:05:48.285+0000] {processor.py:914} INFO - Processing file /home/airflow/.local/lib/python3.12/site-packages/airflow/example_dags/example_complex.py for tasks to queue
[2024-12-17T21:05:48.286+0000] {logging_mixin.py:190} INFO - [2024-12-17T21:05:48.286+0000] {dagbag.py:588} INFO - Filling up the DagBag from /home/airflow/.local/lib/python3.12/site-packages/airflow/example_dags/example_complex.py
[2024-12-17T21:05:48.297+0000] {processor.py:925} INFO - DAG(s) 'example_complex' retrieved from /home/airflow/.local/lib/python3.12/site-packages/airflow/example_dags/example_complex.py
[2024-12-17T21:05:48.325+0000] {logging_mixin.py:190} INFO - [2024-12-17T21:05:48.325+0000] {dag.py:3239} INFO - Sync 1 DAGs
[2024-12-17T21:05:48.340+0000] {logging_mixin.py:190} INFO - [2024-12-17T21:05:48.340+0000] {dag.py:4180} INFO - Setting next_dagrun for example_complex to None, run_after=None
[2024-12-17T21:05:48.357+0000] {processor.py:208} INFO - Processing /home/airflow/.local/lib/python3.12/site-packages/airflow/example_dags/example_complex.py took 0.081 seconds
[2024-12-17T21:06:18.971+0000] {processor.py:186} INFO - Started process (PID=714) to work on /home/airflow/.local/lib/python3.12/site-packages/airflow/example_dags/example_complex.py
[2024-12-17T21:06:18.972+0000] {processor.py:914} INFO - Processing file /home/airflow/.local/lib/python3.12/site-packages/airflow/example_dags/example_complex.py for tasks to queue
[2024-12-17T21:06:18.974+0000] {logging_mixin.py:190} INFO - [2024-12-17T21:06:18.973+0000] {dagbag.py:588} INFO - Filling up the DagBag from /home/airflow/.local/lib/python3.12/site-packages/airflow/example_dags/example_complex.py
[2024-12-17T21:06:18.985+0000] {processor.py:925} INFO - DAG(s) 'example_complex' retrieved from /home/airflow/.local/lib/python3.12/site-packages/airflow/example_dags/example_complex.py
[2024-12-17T21:06:19.016+0000] {logging_mixin.py:190} INFO - [2024-12-17T21:06:19.016+0000] {dag.py:3239} INFO - Sync 1 DAGs
[2024-12-17T21:06:19.031+0000] {logging_mixin.py:190} INFO - [2024-12-17T21:06:19.031+0000] {dag.py:4180} INFO - Setting next_dagrun for example_complex to None, run_after=None
[2024-12-17T21:06:19.050+0000] {processor.py:208} INFO - Processing /home/airflow/.local/lib/python3.12/site-packages/airflow/example_dags/example_complex.py took 0.084 seconds
[2024-12-17T21:06:49.261+0000] {processor.py:186} INFO - Started process (PID=778) to work on /home/airflow/.local/lib/python3.12/site-packages/airflow/example_dags/example_complex.py
[2024-12-17T21:06:49.262+0000] {processor.py:914} INFO - Processing file /home/airflow/.local/lib/python3.12/site-packages/airflow/example_dags/example_complex.py for tasks to queue
[2024-12-17T21:06:49.264+0000] {logging_mixin.py:190} INFO - [2024-12-17T21:06:49.263+0000] {dagbag.py:588} INFO - Filling up the DagBag from /home/airflow/.local/lib/python3.12/site-packages/airflow/example_dags/example_complex.py
[2024-12-17T21:06:49.275+0000] {processor.py:925} INFO - DAG(s) 'example_complex' retrieved from /home/airflow/.local/lib/python3.12/site-packages/airflow/example_dags/example_complex.py
[2024-12-17T21:06:49.306+0000] {logging_mixin.py:190} INFO - [2024-12-17T21:06:49.306+0000] {dag.py:3239} INFO - Sync 1 DAGs
[2024-12-17T21:06:49.321+0000] {logging_mixin.py:190} INFO - [2024-12-17T21:06:49.321+0000] {dag.py:4180} INFO - Setting next_dagrun for example_complex to None, run_after=None
[2024-12-17T21:06:49.339+0000] {processor.py:208} INFO - Processing /home/airflow/.local/lib/python3.12/site-packages/airflow/example_dags/example_complex.py took 0.083 seconds
[2024-12-17T21:07:19.767+0000] {processor.py:186} INFO - Started process (PID=842) to work on /home/airflow/.local/lib/python3.12/site-packages/airflow/example_dags/example_complex.py
[2024-12-17T21:07:19.769+0000] {processor.py:914} INFO - Processing file /home/airflow/.local/lib/python3.12/site-packages/airflow/example_dags/example_complex.py for tasks to queue
[2024-12-17T21:07:19.772+0000] {logging_mixin.py:190} INFO - [2024-12-17T21:07:19.771+0000] {dagbag.py:588} INFO - Filling up the DagBag from /home/airflow/.local/lib/python3.12/site-packages/airflow/example_dags/example_complex.py
[2024-12-17T21:07:19.796+0000] {processor.py:925} INFO - DAG(s) 'example_complex' retrieved from /home/airflow/.local/lib/python3.12/site-packages/airflow/example_dags/example_complex.py
[2024-12-17T21:07:19.859+0000] {logging_mixin.py:190} INFO - [2024-12-17T21:07:19.859+0000] {dag.py:3239} INFO - Sync 1 DAGs
[2024-12-17T21:07:19.889+0000] {logging_mixin.py:190} INFO - [2024-12-17T21:07:19.889+0000] {dag.py:4180} INFO - Setting next_dagrun for example_complex to None, run_after=None
[2024-12-17T21:07:19.930+0000] {processor.py:208} INFO - Processing /home/airflow/.local/lib/python3.12/site-packages/airflow/example_dags/example_complex.py took 0.176 seconds
[2024-12-17T21:07:50.792+0000] {processor.py:186} INFO - Started process (PID=906) to work on /home/airflow/.local/lib/python3.12/site-packages/airflow/example_dags/example_complex.py
[2024-12-17T21:07:50.793+0000] {processor.py:914} INFO - Processing file /home/airflow/.local/lib/python3.12/site-packages/airflow/example_dags/example_complex.py for tasks to queue
[2024-12-17T21:07:50.795+0000] {logging_mixin.py:190} INFO - [2024-12-17T21:07:50.794+0000] {dagbag.py:588} INFO - Filling up the DagBag from /home/airflow/.local/lib/python3.12/site-packages/airflow/example_dags/example_complex.py
[2024-12-17T21:07:50.807+0000] {processor.py:925} INFO - DAG(s) 'example_complex' retrieved from /home/airflow/.local/lib/python3.12/site-packages/airflow/example_dags/example_complex.py
[2024-12-17T21:07:50.836+0000] {logging_mixin.py:190} INFO - [2024-12-17T21:07:50.836+0000] {dag.py:3239} INFO - Sync 1 DAGs
[2024-12-17T21:07:50.852+0000] {logging_mixin.py:190} INFO - [2024-12-17T21:07:50.851+0000] {dag.py:4180} INFO - Setting next_dagrun for example_complex to None, run_after=None
[2024-12-17T21:07:50.870+0000] {processor.py:208} INFO - Processing /home/airflow/.local/lib/python3.12/site-packages/airflow/example_dags/example_complex.py took 0.084 seconds
[2024-12-17T21:08:21.358+0000] {processor.py:186} INFO - Started process (PID=970) to work on /home/airflow/.local/lib/python3.12/site-packages/airflow/example_dags/example_complex.py
[2024-12-17T21:08:21.359+0000] {processor.py:914} INFO - Processing file /home/airflow/.local/lib/python3.12/site-packages/airflow/example_dags/example_complex.py for tasks to queue
[2024-12-17T21:08:21.361+0000] {logging_mixin.py:190} INFO - [2024-12-17T21:08:21.360+0000] {dagbag.py:588} INFO - Filling up the DagBag from /home/airflow/.local/lib/python3.12/site-packages/airflow/example_dags/example_complex.py
[2024-12-17T21:08:21.372+0000] {processor.py:925} INFO - DAG(s) 'example_complex' retrieved from /home/airflow/.local/lib/python3.12/site-packages/airflow/example_dags/example_complex.py
[2024-12-17T21:08:21.402+0000] {logging_mixin.py:190} INFO - [2024-12-17T21:08:21.402+0000] {dag.py:3239} INFO - Sync 1 DAGs
[2024-12-17T21:08:21.417+0000] {logging_mixin.py:190} INFO - [2024-12-17T21:08:21.417+0000] {dag.py:4180} INFO - Setting next_dagrun for example_complex to None, run_after=None
[2024-12-17T21:08:21.436+0000] {processor.py:208} INFO - Processing /home/airflow/.local/lib/python3.12/site-packages/airflow/example_dags/example_complex.py took 0.083 seconds
[2024-12-17T21:08:52.037+0000] {processor.py:186} INFO - Started process (PID=1035) to work on /home/airflow/.local/lib/python3.12/site-packages/airflow/example_dags/example_complex.py
[2024-12-17T21:08:52.039+0000] {processor.py:914} INFO - Processing file /home/airflow/.local/lib/python3.12/site-packages/airflow/example_dags/example_complex.py for tasks to queue
[2024-12-17T21:08:52.040+0000] {logging_mixin.py:190} INFO - [2024-12-17T21:08:52.040+0000] {dagbag.py:588} INFO - Filling up the DagBag from /home/airflow/.local/lib/python3.12/site-packages/airflow/example_dags/example_complex.py
[2024-12-17T21:08:52.052+0000] {processor.py:925} INFO - DAG(s) 'example_complex' retrieved from /home/airflow/.local/lib/python3.12/site-packages/airflow/example_dags/example_complex.py
[2024-12-17T21:08:52.081+0000] {logging_mixin.py:190} INFO - [2024-12-17T21:08:52.081+0000] {dag.py:3239} INFO - Sync 1 DAGs
[2024-12-17T21:08:52.095+0000] {logging_mixin.py:190} INFO - [2024-12-17T21:08:52.095+0000] {dag.py:4180} INFO - Setting next_dagrun for example_complex to None, run_after=None
[2024-12-17T21:08:52.114+0000] {processor.py:208} INFO - Processing /home/airflow/.local/lib/python3.12/site-packages/airflow/example_dags/example_complex.py took 0.082 seconds
[2024-12-17T21:09:22.806+0000] {processor.py:186} INFO - Started process (PID=1100) to work on /home/airflow/.local/lib/python3.12/site-packages/airflow/example_dags/example_complex.py
[2024-12-17T21:09:22.807+0000] {processor.py:914} INFO - Processing file /home/airflow/.local/lib/python3.12/site-packages/airflow/example_dags/example_complex.py for tasks to queue
[2024-12-17T21:09:22.809+0000] {logging_mixin.py:190} INFO - [2024-12-17T21:09:22.809+0000] {dagbag.py:588} INFO - Filling up the DagBag from /home/airflow/.local/lib/python3.12/site-packages/airflow/example_dags/example_complex.py
[2024-12-17T21:09:22.821+0000] {processor.py:925} INFO - DAG(s) 'example_complex' retrieved from /home/airflow/.local/lib/python3.12/site-packages/airflow/example_dags/example_complex.py
[2024-12-17T21:09:22.851+0000] {logging_mixin.py:190} INFO - [2024-12-17T21:09:22.851+0000] {dag.py:3239} INFO - Sync 1 DAGs
[2024-12-17T21:09:22.865+0000] {logging_mixin.py:190} INFO - [2024-12-17T21:09:22.865+0000] {dag.py:4180} INFO - Setting next_dagrun for example_complex to None, run_after=None
[2024-12-17T21:09:22.883+0000] {processor.py:208} INFO - Processing /home/airflow/.local/lib/python3.12/site-packages/airflow/example_dags/example_complex.py took 0.084 seconds
[2024-12-17T21:09:53.335+0000] {processor.py:186} INFO - Started process (PID=1164) to work on /home/airflow/.local/lib/python3.12/site-packages/airflow/example_dags/example_complex.py
[2024-12-17T21:09:53.336+0000] {processor.py:914} INFO - Processing file /home/airflow/.local/lib/python3.12/site-packages/airflow/example_dags/example_complex.py for tasks to queue
[2024-12-17T21:09:53.338+0000] {logging_mixin.py:190} INFO - [2024-12-17T21:09:53.337+0000] {dagbag.py:588} INFO - Filling up the DagBag from /home/airflow/.local/lib/python3.12/site-packages/airflow/example_dags/example_complex.py
[2024-12-17T21:09:53.349+0000] {processor.py:925} INFO - DAG(s) 'example_complex' retrieved from /home/airflow/.local/lib/python3.12/site-packages/airflow/example_dags/example_complex.py
[2024-12-17T21:09:53.379+0000] {logging_mixin.py:190} INFO - [2024-12-17T21:09:53.378+0000] {dag.py:3239} INFO - Sync 1 DAGs
[2024-12-17T21:09:53.394+0000] {logging_mixin.py:190} INFO - [2024-12-17T21:09:53.394+0000] {dag.py:4180} INFO - Setting next_dagrun for example_complex to None, run_after=None
[2024-12-17T21:09:53.411+0000] {processor.py:208} INFO - Processing /home/airflow/.local/lib/python3.12/site-packages/airflow/example_dags/example_complex.py took 0.082 seconds
[2024-12-17T21:10:23.525+0000] {processor.py:186} INFO - Started process (PID=1228) to work on /home/airflow/.local/lib/python3.12/site-packages/airflow/example_dags/example_complex.py
[2024-12-17T21:10:23.527+0000] {processor.py:914} INFO - Processing file /home/airflow/.local/lib/python3.12/site-packages/airflow/example_dags/example_complex.py for tasks to queue
[2024-12-17T21:10:23.529+0000] {logging_mixin.py:190} INFO - [2024-12-17T21:10:23.529+0000] {dagbag.py:588} INFO - Filling up the DagBag from /home/airflow/.local/lib/python3.12/site-packages/airflow/example_dags/example_complex.py
[2024-12-17T21:10:23.548+0000] {processor.py:925} INFO - DAG(s) 'example_complex' retrieved from /home/airflow/.local/lib/python3.12/site-packages/airflow/example_dags/example_complex.py
[2024-12-17T21:10:23.602+0000] {logging_mixin.py:190} INFO - [2024-12-17T21:10:23.601+0000] {dag.py:3239} INFO - Sync 1 DAGs
[2024-12-17T21:10:23.624+0000] {logging_mixin.py:190} INFO - [2024-12-17T21:10:23.623+0000] {dag.py:4180} INFO - Setting next_dagrun for example_complex to None, run_after=None
[2024-12-17T21:10:23.646+0000] {processor.py:208} INFO - Processing /home/airflow/.local/lib/python3.12/site-packages/airflow/example_dags/example_complex.py took 0.136 seconds
[2024-12-17T21:10:53.721+0000] {processor.py:186} INFO - Started process (PID=1292) to work on /home/airflow/.local/lib/python3.12/site-packages/airflow/example_dags/example_complex.py
[2024-12-17T21:10:53.723+0000] {processor.py:914} INFO - Processing file /home/airflow/.local/lib/python3.12/site-packages/airflow/example_dags/example_complex.py for tasks to queue
[2024-12-17T21:10:53.726+0000] {logging_mixin.py:190} INFO - [2024-12-17T21:10:53.726+0000] {dagbag.py:588} INFO - Filling up the DagBag from /home/airflow/.local/lib/python3.12/site-packages/airflow/example_dags/example_complex.py
[2024-12-17T21:10:53.739+0000] {processor.py:925} INFO - DAG(s) 'example_complex' retrieved from /home/airflow/.local/lib/python3.12/site-packages/airflow/example_dags/example_complex.py
[2024-12-17T21:10:53.770+0000] {logging_mixin.py:190} INFO - [2024-12-17T21:10:53.769+0000] {dag.py:3239} INFO - Sync 1 DAGs
[2024-12-17T21:10:53.784+0000] {logging_mixin.py:190} INFO - [2024-12-17T21:10:53.784+0000] {dag.py:4180} INFO - Setting next_dagrun for example_complex to None, run_after=None
[2024-12-17T21:10:53.804+0000] {processor.py:208} INFO - Processing /home/airflow/.local/lib/python3.12/site-packages/airflow/example_dags/example_complex.py took 0.090 seconds
[2024-12-17T21:11:23.954+0000] {processor.py:186} INFO - Started process (PID=1356) to work on /home/airflow/.local/lib/python3.12/site-packages/airflow/example_dags/example_complex.py
[2024-12-17T21:11:23.955+0000] {processor.py:914} INFO - Processing file /home/airflow/.local/lib/python3.12/site-packages/airflow/example_dags/example_complex.py for tasks to queue
[2024-12-17T21:11:23.957+0000] {logging_mixin.py:190} INFO - [2024-12-17T21:11:23.956+0000] {dagbag.py:588} INFO - Filling up the DagBag from /home/airflow/.local/lib/python3.12/site-packages/airflow/example_dags/example_complex.py
[2024-12-17T21:11:23.969+0000] {processor.py:925} INFO - DAG(s) 'example_complex' retrieved from /home/airflow/.local/lib/python3.12/site-packages/airflow/example_dags/example_complex.py
[2024-12-17T21:11:23.998+0000] {logging_mixin.py:190} INFO - [2024-12-17T21:11:23.997+0000] {dag.py:3239} INFO - Sync 1 DAGs
[2024-12-17T21:11:24.013+0000] {logging_mixin.py:190} INFO - [2024-12-17T21:11:24.013+0000] {dag.py:4180} INFO - Setting next_dagrun for example_complex to None, run_after=None
[2024-12-17T21:11:24.031+0000] {processor.py:208} INFO - Processing /home/airflow/.local/lib/python3.12/site-packages/airflow/example_dags/example_complex.py took 0.083 seconds
[2024-12-17T21:11:54.314+0000] {processor.py:186} INFO - Started process (PID=1420) to work on /home/airflow/.local/lib/python3.12/site-packages/airflow/example_dags/example_complex.py
[2024-12-17T21:11:54.316+0000] {processor.py:914} INFO - Processing file /home/airflow/.local/lib/python3.12/site-packages/airflow/example_dags/example_complex.py for tasks to queue
[2024-12-17T21:11:54.317+0000] {logging_mixin.py:190} INFO - [2024-12-17T21:11:54.317+0000] {dagbag.py:588} INFO - Filling up the DagBag from /home/airflow/.local/lib/python3.12/site-packages/airflow/example_dags/example_complex.py
[2024-12-17T21:11:54.329+0000] {processor.py:925} INFO - DAG(s) 'example_complex' retrieved from /home/airflow/.local/lib/python3.12/site-packages/airflow/example_dags/example_complex.py
[2024-12-17T21:11:54.360+0000] {logging_mixin.py:190} INFO - [2024-12-17T21:11:54.360+0000] {dag.py:3239} INFO - Sync 1 DAGs
[2024-12-17T21:11:54.377+0000] {logging_mixin.py:190} INFO - [2024-12-17T21:11:54.376+0000] {dag.py:4180} INFO - Setting next_dagrun for example_complex to None, run_after=None
[2024-12-17T21:11:54.397+0000] {processor.py:208} INFO - Processing /home/airflow/.local/lib/python3.12/site-packages/airflow/example_dags/example_complex.py took 0.089 seconds
[2024-12-17T21:12:24.544+0000] {processor.py:186} INFO - Started process (PID=1485) to work on /home/airflow/.local/lib/python3.12/site-packages/airflow/example_dags/example_complex.py
[2024-12-17T21:12:24.545+0000] {processor.py:914} INFO - Processing file /home/airflow/.local/lib/python3.12/site-packages/airflow/example_dags/example_complex.py for tasks to queue
[2024-12-17T21:12:24.546+0000] {logging_mixin.py:190} INFO - [2024-12-17T21:12:24.546+0000] {dagbag.py:588} INFO - Filling up the DagBag from /home/airflow/.local/lib/python3.12/site-packages/airflow/example_dags/example_complex.py
[2024-12-17T21:12:24.557+0000] {processor.py:925} INFO - DAG(s) 'example_complex' retrieved from /home/airflow/.local/lib/python3.12/site-packages/airflow/example_dags/example_complex.py
[2024-12-17T21:12:24.586+0000] {logging_mixin.py:190} INFO - [2024-12-17T21:12:24.586+0000] {dag.py:3239} INFO - Sync 1 DAGs
[2024-12-17T21:12:24.601+0000] {logging_mixin.py:190} INFO - [2024-12-17T21:12:24.600+0000] {dag.py:4180} INFO - Setting next_dagrun for example_complex to None, run_after=None
[2024-12-17T21:12:24.622+0000] {processor.py:208} INFO - Processing /home/airflow/.local/lib/python3.12/site-packages/airflow/example_dags/example_complex.py took 0.083 seconds
[2024-12-17T21:12:54.820+0000] {processor.py:186} INFO - Started process (PID=1549) to work on /home/airflow/.local/lib/python3.12/site-packages/airflow/example_dags/example_complex.py
[2024-12-17T21:12:54.821+0000] {processor.py:914} INFO - Processing file /home/airflow/.local/lib/python3.12/site-packages/airflow/example_dags/example_complex.py for tasks to queue
[2024-12-17T21:12:54.822+0000] {logging_mixin.py:190} INFO - [2024-12-17T21:12:54.822+0000] {dagbag.py:588} INFO - Filling up the DagBag from /home/airflow/.local/lib/python3.12/site-packages/airflow/example_dags/example_complex.py
[2024-12-17T21:12:54.834+0000] {processor.py:925} INFO - DAG(s) 'example_complex' retrieved from /home/airflow/.local/lib/python3.12/site-packages/airflow/example_dags/example_complex.py
[2024-12-17T21:12:54.863+0000] {logging_mixin.py:190} INFO - [2024-12-17T21:12:54.863+0000] {dag.py:3239} INFO - Sync 1 DAGs
[2024-12-17T21:12:54.879+0000] {logging_mixin.py:190} INFO - [2024-12-17T21:12:54.879+0000] {dag.py:4180} INFO - Setting next_dagrun for example_complex to None, run_after=None
[2024-12-17T21:12:54.898+0000] {processor.py:208} INFO - Processing /home/airflow/.local/lib/python3.12/site-packages/airflow/example_dags/example_complex.py took 0.083 seconds
[2024-12-17T21:13:25.612+0000] {processor.py:186} INFO - Started process (PID=1613) to work on /home/airflow/.local/lib/python3.12/site-packages/airflow/example_dags/example_complex.py
[2024-12-17T21:13:25.613+0000] {processor.py:914} INFO - Processing file /home/airflow/.local/lib/python3.12/site-packages/airflow/example_dags/example_complex.py for tasks to queue
[2024-12-17T21:13:25.615+0000] {logging_mixin.py:190} INFO - [2024-12-17T21:13:25.615+0000] {dagbag.py:588} INFO - Filling up the DagBag from /home/airflow/.local/lib/python3.12/site-packages/airflow/example_dags/example_complex.py
[2024-12-17T21:13:25.628+0000] {processor.py:925} INFO - DAG(s) 'example_complex' retrieved from /home/airflow/.local/lib/python3.12/site-packages/airflow/example_dags/example_complex.py
[2024-12-17T21:13:25.656+0000] {logging_mixin.py:190} INFO - [2024-12-17T21:13:25.655+0000] {dag.py:3239} INFO - Sync 1 DAGs
[2024-12-17T21:13:25.670+0000] {logging_mixin.py:190} INFO - [2024-12-17T21:13:25.670+0000] {dag.py:4180} INFO - Setting next_dagrun for example_complex to None, run_after=None
[2024-12-17T21:13:25.688+0000] {processor.py:208} INFO - Processing /home/airflow/.local/lib/python3.12/site-packages/airflow/example_dags/example_complex.py took 0.081 seconds
[2024-12-17T21:13:56.711+0000] {processor.py:186} INFO - Started process (PID=1677) to work on /home/airflow/.local/lib/python3.12/site-packages/airflow/example_dags/example_complex.py
[2024-12-17T21:13:56.712+0000] {processor.py:914} INFO - Processing file /home/airflow/.local/lib/python3.12/site-packages/airflow/example_dags/example_complex.py for tasks to queue
[2024-12-17T21:13:56.714+0000] {logging_mixin.py:190} INFO - [2024-12-17T21:13:56.714+0000] {dagbag.py:588} INFO - Filling up the DagBag from /home/airflow/.local/lib/python3.12/site-packages/airflow/example_dags/example_complex.py
[2024-12-17T21:13:56.734+0000] {processor.py:925} INFO - DAG(s) 'example_complex' retrieved from /home/airflow/.local/lib/python3.12/site-packages/airflow/example_dags/example_complex.py
[2024-12-17T21:13:56.781+0000] {logging_mixin.py:190} INFO - [2024-12-17T21:13:56.781+0000] {dag.py:3239} INFO - Sync 1 DAGs
[2024-12-17T21:13:56.802+0000] {logging_mixin.py:190} INFO - [2024-12-17T21:13:56.802+0000] {dag.py:4180} INFO - Setting next_dagrun for example_complex to None, run_after=None
[2024-12-17T21:13:56.827+0000] {processor.py:208} INFO - Processing /home/airflow/.local/lib/python3.12/site-packages/airflow/example_dags/example_complex.py took 0.126 seconds
[2024-12-17T21:14:26.882+0000] {processor.py:186} INFO - Started process (PID=1741) to work on /home/airflow/.local/lib/python3.12/site-packages/airflow/example_dags/example_complex.py
[2024-12-17T21:14:26.883+0000] {processor.py:914} INFO - Processing file /home/airflow/.local/lib/python3.12/site-packages/airflow/example_dags/example_complex.py for tasks to queue
[2024-12-17T21:14:26.885+0000] {logging_mixin.py:190} INFO - [2024-12-17T21:14:26.884+0000] {dagbag.py:588} INFO - Filling up the DagBag from /home/airflow/.local/lib/python3.12/site-packages/airflow/example_dags/example_complex.py
[2024-12-17T21:14:26.897+0000] {processor.py:925} INFO - DAG(s) 'example_complex' retrieved from /home/airflow/.local/lib/python3.12/site-packages/airflow/example_dags/example_complex.py
[2024-12-17T21:14:26.927+0000] {logging_mixin.py:190} INFO - [2024-12-17T21:14:26.927+0000] {dag.py:3239} INFO - Sync 1 DAGs
[2024-12-17T21:14:26.942+0000] {logging_mixin.py:190} INFO - [2024-12-17T21:14:26.942+0000] {dag.py:4180} INFO - Setting next_dagrun for example_complex to None, run_after=None
[2024-12-17T21:14:26.960+0000] {processor.py:208} INFO - Processing /home/airflow/.local/lib/python3.12/site-packages/airflow/example_dags/example_complex.py took 0.087 seconds
[2024-12-17T21:14:57.914+0000] {processor.py:186} INFO - Started process (PID=1805) to work on /home/airflow/.local/lib/python3.12/site-packages/airflow/example_dags/example_complex.py
[2024-12-17T21:14:57.915+0000] {processor.py:914} INFO - Processing file /home/airflow/.local/lib/python3.12/site-packages/airflow/example_dags/example_complex.py for tasks to queue
[2024-12-17T21:14:57.916+0000] {logging_mixin.py:190} INFO - [2024-12-17T21:14:57.916+0000] {dagbag.py:588} INFO - Filling up the DagBag from /home/airflow/.local/lib/python3.12/site-packages/airflow/example_dags/example_complex.py
[2024-12-17T21:14:57.928+0000] {processor.py:925} INFO - DAG(s) 'example_complex' retrieved from /home/airflow/.local/lib/python3.12/site-packages/airflow/example_dags/example_complex.py
[2024-12-17T21:14:57.957+0000] {logging_mixin.py:190} INFO - [2024-12-17T21:14:57.957+0000] {dag.py:3239} INFO - Sync 1 DAGs
[2024-12-17T21:14:57.971+0000] {logging_mixin.py:190} INFO - [2024-12-17T21:14:57.971+0000] {dag.py:4180} INFO - Setting next_dagrun for example_complex to None, run_after=None
[2024-12-17T21:14:57.991+0000] {processor.py:208} INFO - Processing /home/airflow/.local/lib/python3.12/site-packages/airflow/example_dags/example_complex.py took 0.083 seconds
[2024-12-17T21:15:28.285+0000] {processor.py:186} INFO - Started process (PID=1869) to work on /home/airflow/.local/lib/python3.12/site-packages/airflow/example_dags/example_complex.py
[2024-12-17T21:15:28.286+0000] {processor.py:914} INFO - Processing file /home/airflow/.local/lib/python3.12/site-packages/airflow/example_dags/example_complex.py for tasks to queue
[2024-12-17T21:15:28.287+0000] {logging_mixin.py:190} INFO - [2024-12-17T21:15:28.287+0000] {dagbag.py:588} INFO - Filling up the DagBag from /home/airflow/.local/lib/python3.12/site-packages/airflow/example_dags/example_complex.py
[2024-12-17T21:15:28.299+0000] {processor.py:925} INFO - DAG(s) 'example_complex' retrieved from /home/airflow/.local/lib/python3.12/site-packages/airflow/example_dags/example_complex.py
[2024-12-17T21:15:28.329+0000] {logging_mixin.py:190} INFO - [2024-12-17T21:15:28.329+0000] {dag.py:3239} INFO - Sync 1 DAGs
[2024-12-17T21:15:28.343+0000] {logging_mixin.py:190} INFO - [2024-12-17T21:15:28.343+0000] {dag.py:4180} INFO - Setting next_dagrun for example_complex to None, run_after=None
[2024-12-17T21:15:28.361+0000] {processor.py:208} INFO - Processing /home/airflow/.local/lib/python3.12/site-packages/airflow/example_dags/example_complex.py took 0.082 seconds
[2024-12-17T21:15:58.609+0000] {processor.py:186} INFO - Started process (PID=1933) to work on /home/airflow/.local/lib/python3.12/site-packages/airflow/example_dags/example_complex.py
[2024-12-17T21:15:58.610+0000] {processor.py:914} INFO - Processing file /home/airflow/.local/lib/python3.12/site-packages/airflow/example_dags/example_complex.py for tasks to queue
[2024-12-17T21:15:58.612+0000] {logging_mixin.py:190} INFO - [2024-12-17T21:15:58.612+0000] {dagbag.py:588} INFO - Filling up the DagBag from /home/airflow/.local/lib/python3.12/site-packages/airflow/example_dags/example_complex.py
[2024-12-17T21:15:58.626+0000] {processor.py:925} INFO - DAG(s) 'example_complex' retrieved from /home/airflow/.local/lib/python3.12/site-packages/airflow/example_dags/example_complex.py
[2024-12-17T21:15:58.658+0000] {logging_mixin.py:190} INFO - [2024-12-17T21:15:58.658+0000] {dag.py:3239} INFO - Sync 1 DAGs
[2024-12-17T21:15:58.673+0000] {logging_mixin.py:190} INFO - [2024-12-17T21:15:58.673+0000] {dag.py:4180} INFO - Setting next_dagrun for example_complex to None, run_after=None
[2024-12-17T21:15:58.692+0000] {processor.py:208} INFO - Processing /home/airflow/.local/lib/python3.12/site-packages/airflow/example_dags/example_complex.py took 0.089 seconds
[2024-12-17T21:16:29.655+0000] {processor.py:186} INFO - Started process (PID=1996) to work on /home/airflow/.local/lib/python3.12/site-packages/airflow/example_dags/example_complex.py
[2024-12-17T21:16:29.656+0000] {processor.py:914} INFO - Processing file /home/airflow/.local/lib/python3.12/site-packages/airflow/example_dags/example_complex.py for tasks to queue
[2024-12-17T21:16:29.658+0000] {logging_mixin.py:190} INFO - [2024-12-17T21:16:29.657+0000] {dagbag.py:588} INFO - Filling up the DagBag from /home/airflow/.local/lib/python3.12/site-packages/airflow/example_dags/example_complex.py
[2024-12-17T21:16:29.674+0000] {processor.py:925} INFO - DAG(s) 'example_complex' retrieved from /home/airflow/.local/lib/python3.12/site-packages/airflow/example_dags/example_complex.py
[2024-12-17T21:16:29.715+0000] {logging_mixin.py:190} INFO - [2024-12-17T21:16:29.714+0000] {dag.py:3239} INFO - Sync 1 DAGs
[2024-12-17T21:16:29.743+0000] {logging_mixin.py:190} INFO - [2024-12-17T21:16:29.743+0000] {dag.py:4180} INFO - Setting next_dagrun for example_complex to None, run_after=None
[2024-12-17T21:16:29.782+0000] {processor.py:208} INFO - Processing /home/airflow/.local/lib/python3.12/site-packages/airflow/example_dags/example_complex.py took 0.133 seconds
[2024-12-17T21:17:00.557+0000] {processor.py:186} INFO - Started process (PID=2048) to work on /home/airflow/.local/lib/python3.12/site-packages/airflow/example_dags/example_complex.py
[2024-12-17T21:17:00.558+0000] {processor.py:914} INFO - Processing file /home/airflow/.local/lib/python3.12/site-packages/airflow/example_dags/example_complex.py for tasks to queue
[2024-12-17T21:17:00.560+0000] {logging_mixin.py:190} INFO - [2024-12-17T21:17:00.559+0000] {dagbag.py:588} INFO - Filling up the DagBag from /home/airflow/.local/lib/python3.12/site-packages/airflow/example_dags/example_complex.py
[2024-12-17T21:17:00.574+0000] {processor.py:925} INFO - DAG(s) 'example_complex' retrieved from /home/airflow/.local/lib/python3.12/site-packages/airflow/example_dags/example_complex.py
[2024-12-17T21:17:00.613+0000] {logging_mixin.py:190} INFO - [2024-12-17T21:17:00.613+0000] {dag.py:3239} INFO - Sync 1 DAGs
[2024-12-17T21:17:00.634+0000] {logging_mixin.py:190} INFO - [2024-12-17T21:17:00.633+0000] {dag.py:4180} INFO - Setting next_dagrun for example_complex to None, run_after=None
[2024-12-17T21:17:00.655+0000] {processor.py:208} INFO - Processing /home/airflow/.local/lib/python3.12/site-packages/airflow/example_dags/example_complex.py took 0.104 seconds
[2024-12-17T21:17:31.380+0000] {processor.py:186} INFO - Started process (PID=2107) to work on /home/airflow/.local/lib/python3.12/site-packages/airflow/example_dags/example_complex.py
[2024-12-17T21:17:31.381+0000] {processor.py:914} INFO - Processing file /home/airflow/.local/lib/python3.12/site-packages/airflow/example_dags/example_complex.py for tasks to queue
[2024-12-17T21:17:31.382+0000] {logging_mixin.py:190} INFO - [2024-12-17T21:17:31.382+0000] {dagbag.py:588} INFO - Filling up the DagBag from /home/airflow/.local/lib/python3.12/site-packages/airflow/example_dags/example_complex.py
[2024-12-17T21:17:31.394+0000] {processor.py:925} INFO - DAG(s) 'example_complex' retrieved from /home/airflow/.local/lib/python3.12/site-packages/airflow/example_dags/example_complex.py
[2024-12-17T21:17:31.425+0000] {logging_mixin.py:190} INFO - [2024-12-17T21:17:31.425+0000] {dag.py:3239} INFO - Sync 1 DAGs
[2024-12-17T21:17:31.442+0000] {logging_mixin.py:190} INFO - [2024-12-17T21:17:31.442+0000] {dag.py:4180} INFO - Setting next_dagrun for example_complex to None, run_after=None
[2024-12-17T21:17:31.461+0000] {processor.py:208} INFO - Processing /home/airflow/.local/lib/python3.12/site-packages/airflow/example_dags/example_complex.py took 0.086 seconds
