[2024-12-17T21:01:15.672+0000] {processor.py:186} INFO - Started process (PID=80) to work on /home/airflow/.local/lib/python3.12/site-packages/airflow/example_dags/example_branch_labels.py
[2024-12-17T21:01:15.674+0000] {processor.py:914} INFO - Processing file /home/airflow/.local/lib/python3.12/site-packages/airflow/example_dags/example_branch_labels.py for tasks to queue
[2024-12-17T21:01:15.678+0000] {logging_mixin.py:190} INFO - [2024-12-17T21:01:15.677+0000] {dagbag.py:588} INFO - Filling up the DagBag from /home/airflow/.local/lib/python3.12/site-packages/airflow/example_dags/example_branch_labels.py
[2024-12-17T21:01:15.690+0000] {processor.py:925} INFO - DAG(s) 'example_branch_labels' retrieved from /home/airflow/.local/lib/python3.12/site-packages/airflow/example_dags/example_branch_labels.py
[2024-12-17T21:01:15.811+0000] {logging_mixin.py:190} INFO - [2024-12-17T21:01:15.810+0000] {override.py:1911} INFO - Created Permission View: can delete on DAG:example_branch_labels
[2024-12-17T21:01:15.820+0000] {logging_mixin.py:190} INFO - [2024-12-17T21:01:15.820+0000] {override.py:1911} INFO - Created Permission View: can read on DAG:example_branch_labels
[2024-12-17T21:01:15.826+0000] {logging_mixin.py:190} INFO - [2024-12-17T21:01:15.826+0000] {override.py:1911} INFO - Created Permission View: can edit on DAG:example_branch_labels
[2024-12-17T21:01:15.833+0000] {logging_mixin.py:190} INFO - [2024-12-17T21:01:15.833+0000] {override.py:1911} INFO - Created Permission View: can create on DAG Run:example_branch_labels
[2024-12-17T21:01:15.839+0000] {logging_mixin.py:190} INFO - [2024-12-17T21:01:15.839+0000] {override.py:1911} INFO - Created Permission View: menu access on DAG Run:example_branch_labels
[2024-12-17T21:01:15.846+0000] {logging_mixin.py:190} INFO - [2024-12-17T21:01:15.845+0000] {override.py:1911} INFO - Created Permission View: can delete on DAG Run:example_branch_labels
[2024-12-17T21:01:15.852+0000] {logging_mixin.py:190} INFO - [2024-12-17T21:01:15.852+0000] {override.py:1911} INFO - Created Permission View: can read on DAG Run:example_branch_labels
[2024-12-17T21:01:15.853+0000] {logging_mixin.py:190} INFO - [2024-12-17T21:01:15.853+0000] {dag.py:3239} INFO - Sync 1 DAGs
[2024-12-17T21:01:15.868+0000] {logging_mixin.py:190} INFO - [2024-12-17T21:01:15.868+0000] {dag.py:3262} INFO - Creating ORM DAG for example_branch_labels
[2024-12-17T21:01:15.880+0000] {logging_mixin.py:190} INFO - [2024-12-17T21:01:15.880+0000] {dag.py:4180} INFO - Setting next_dagrun for example_branch_labels to 2024-12-16 00:00:00+00:00, run_after=2024-12-17 00:00:00+00:00
[2024-12-17T21:01:15.898+0000] {processor.py:208} INFO - Processing /home/airflow/.local/lib/python3.12/site-packages/airflow/example_dags/example_branch_labels.py took 0.235 seconds
[2024-12-17T21:01:46.027+0000] {processor.py:186} INFO - Started process (PID=144) to work on /home/airflow/.local/lib/python3.12/site-packages/airflow/example_dags/example_branch_labels.py
[2024-12-17T21:01:46.028+0000] {processor.py:914} INFO - Processing file /home/airflow/.local/lib/python3.12/site-packages/airflow/example_dags/example_branch_labels.py for tasks to queue
[2024-12-17T21:01:46.030+0000] {logging_mixin.py:190} INFO - [2024-12-17T21:01:46.030+0000] {dagbag.py:588} INFO - Filling up the DagBag from /home/airflow/.local/lib/python3.12/site-packages/airflow/example_dags/example_branch_labels.py
[2024-12-17T21:01:46.044+0000] {processor.py:925} INFO - DAG(s) 'example_branch_labels' retrieved from /home/airflow/.local/lib/python3.12/site-packages/airflow/example_dags/example_branch_labels.py
[2024-12-17T21:01:46.073+0000] {logging_mixin.py:190} INFO - [2024-12-17T21:01:46.072+0000] {dag.py:3239} INFO - Sync 1 DAGs
[2024-12-17T21:01:46.111+0000] {logging_mixin.py:190} INFO - [2024-12-17T21:01:46.111+0000] {dag.py:4180} INFO - Setting next_dagrun for example_branch_labels to 2024-12-16 00:00:00+00:00, run_after=2024-12-17 00:00:00+00:00
[2024-12-17T21:01:46.139+0000] {processor.py:208} INFO - Processing /home/airflow/.local/lib/python3.12/site-packages/airflow/example_dags/example_branch_labels.py took 0.116 seconds
[2024-12-17T21:02:16.409+0000] {processor.py:186} INFO - Started process (PID=208) to work on /home/airflow/.local/lib/python3.12/site-packages/airflow/example_dags/example_branch_labels.py
[2024-12-17T21:02:16.410+0000] {processor.py:914} INFO - Processing file /home/airflow/.local/lib/python3.12/site-packages/airflow/example_dags/example_branch_labels.py for tasks to queue
[2024-12-17T21:02:16.413+0000] {logging_mixin.py:190} INFO - [2024-12-17T21:02:16.413+0000] {dagbag.py:588} INFO - Filling up the DagBag from /home/airflow/.local/lib/python3.12/site-packages/airflow/example_dags/example_branch_labels.py
[2024-12-17T21:02:16.422+0000] {processor.py:925} INFO - DAG(s) 'example_branch_labels' retrieved from /home/airflow/.local/lib/python3.12/site-packages/airflow/example_dags/example_branch_labels.py
[2024-12-17T21:02:16.441+0000] {logging_mixin.py:190} INFO - [2024-12-17T21:02:16.441+0000] {dag.py:3239} INFO - Sync 1 DAGs
[2024-12-17T21:02:16.468+0000] {logging_mixin.py:190} INFO - [2024-12-17T21:02:16.468+0000] {dag.py:4180} INFO - Setting next_dagrun for example_branch_labels to 2024-12-16 00:00:00+00:00, run_after=2024-12-17 00:00:00+00:00
[2024-12-17T21:02:16.485+0000] {processor.py:208} INFO - Processing /home/airflow/.local/lib/python3.12/site-packages/airflow/example_dags/example_branch_labels.py took 0.081 seconds
[2024-12-17T21:02:46.596+0000] {processor.py:186} INFO - Started process (PID=272) to work on /home/airflow/.local/lib/python3.12/site-packages/airflow/example_dags/example_branch_labels.py
[2024-12-17T21:02:46.597+0000] {processor.py:914} INFO - Processing file /home/airflow/.local/lib/python3.12/site-packages/airflow/example_dags/example_branch_labels.py for tasks to queue
[2024-12-17T21:02:46.599+0000] {logging_mixin.py:190} INFO - [2024-12-17T21:02:46.599+0000] {dagbag.py:588} INFO - Filling up the DagBag from /home/airflow/.local/lib/python3.12/site-packages/airflow/example_dags/example_branch_labels.py
[2024-12-17T21:02:46.608+0000] {processor.py:925} INFO - DAG(s) 'example_branch_labels' retrieved from /home/airflow/.local/lib/python3.12/site-packages/airflow/example_dags/example_branch_labels.py
[2024-12-17T21:02:46.630+0000] {logging_mixin.py:190} INFO - [2024-12-17T21:02:46.630+0000] {dag.py:3239} INFO - Sync 1 DAGs
[2024-12-17T21:02:46.655+0000] {logging_mixin.py:190} INFO - [2024-12-17T21:02:46.655+0000] {dag.py:4180} INFO - Setting next_dagrun for example_branch_labels to 2024-12-16 00:00:00+00:00, run_after=2024-12-17 00:00:00+00:00
[2024-12-17T21:02:46.680+0000] {processor.py:208} INFO - Processing /home/airflow/.local/lib/python3.12/site-packages/airflow/example_dags/example_branch_labels.py took 0.089 seconds
[2024-12-17T21:03:16.741+0000] {processor.py:186} INFO - Started process (PID=336) to work on /home/airflow/.local/lib/python3.12/site-packages/airflow/example_dags/example_branch_labels.py
[2024-12-17T21:03:16.742+0000] {processor.py:914} INFO - Processing file /home/airflow/.local/lib/python3.12/site-packages/airflow/example_dags/example_branch_labels.py for tasks to queue
[2024-12-17T21:03:16.744+0000] {logging_mixin.py:190} INFO - [2024-12-17T21:03:16.744+0000] {dagbag.py:588} INFO - Filling up the DagBag from /home/airflow/.local/lib/python3.12/site-packages/airflow/example_dags/example_branch_labels.py
[2024-12-17T21:03:16.753+0000] {processor.py:925} INFO - DAG(s) 'example_branch_labels' retrieved from /home/airflow/.local/lib/python3.12/site-packages/airflow/example_dags/example_branch_labels.py
[2024-12-17T21:03:16.772+0000] {logging_mixin.py:190} INFO - [2024-12-17T21:03:16.771+0000] {dag.py:3239} INFO - Sync 1 DAGs
[2024-12-17T21:03:16.794+0000] {logging_mixin.py:190} INFO - [2024-12-17T21:03:16.794+0000] {dag.py:4180} INFO - Setting next_dagrun for example_branch_labels to 2024-12-16 00:00:00+00:00, run_after=2024-12-17 00:00:00+00:00
[2024-12-17T21:03:16.818+0000] {processor.py:208} INFO - Processing /home/airflow/.local/lib/python3.12/site-packages/airflow/example_dags/example_branch_labels.py took 0.083 seconds
[2024-12-17T21:03:47.273+0000] {processor.py:186} INFO - Started process (PID=400) to work on /home/airflow/.local/lib/python3.12/site-packages/airflow/example_dags/example_branch_labels.py
[2024-12-17T21:03:47.274+0000] {processor.py:914} INFO - Processing file /home/airflow/.local/lib/python3.12/site-packages/airflow/example_dags/example_branch_labels.py for tasks to queue
[2024-12-17T21:03:47.277+0000] {logging_mixin.py:190} INFO - [2024-12-17T21:03:47.277+0000] {dagbag.py:588} INFO - Filling up the DagBag from /home/airflow/.local/lib/python3.12/site-packages/airflow/example_dags/example_branch_labels.py
[2024-12-17T21:03:47.286+0000] {processor.py:925} INFO - DAG(s) 'example_branch_labels' retrieved from /home/airflow/.local/lib/python3.12/site-packages/airflow/example_dags/example_branch_labels.py
[2024-12-17T21:03:47.305+0000] {logging_mixin.py:190} INFO - [2024-12-17T21:03:47.304+0000] {dag.py:3239} INFO - Sync 1 DAGs
[2024-12-17T21:03:47.331+0000] {logging_mixin.py:190} INFO - [2024-12-17T21:03:47.331+0000] {dag.py:4180} INFO - Setting next_dagrun for example_branch_labels to 2024-12-16 00:00:00+00:00, run_after=2024-12-17 00:00:00+00:00
[2024-12-17T21:03:47.347+0000] {processor.py:208} INFO - Processing /home/airflow/.local/lib/python3.12/site-packages/airflow/example_dags/example_branch_labels.py took 0.079 seconds
[2024-12-17T21:04:18.169+0000] {processor.py:186} INFO - Started process (PID=464) to work on /home/airflow/.local/lib/python3.12/site-packages/airflow/example_dags/example_branch_labels.py
[2024-12-17T21:04:18.170+0000] {processor.py:914} INFO - Processing file /home/airflow/.local/lib/python3.12/site-packages/airflow/example_dags/example_branch_labels.py for tasks to queue
[2024-12-17T21:04:18.172+0000] {logging_mixin.py:190} INFO - [2024-12-17T21:04:18.171+0000] {dagbag.py:588} INFO - Filling up the DagBag from /home/airflow/.local/lib/python3.12/site-packages/airflow/example_dags/example_branch_labels.py
[2024-12-17T21:04:18.181+0000] {processor.py:925} INFO - DAG(s) 'example_branch_labels' retrieved from /home/airflow/.local/lib/python3.12/site-packages/airflow/example_dags/example_branch_labels.py
[2024-12-17T21:04:18.200+0000] {logging_mixin.py:190} INFO - [2024-12-17T21:04:18.200+0000] {dag.py:3239} INFO - Sync 1 DAGs
[2024-12-17T21:04:18.226+0000] {logging_mixin.py:190} INFO - [2024-12-17T21:04:18.226+0000] {dag.py:4180} INFO - Setting next_dagrun for example_branch_labels to 2024-12-16 00:00:00+00:00, run_after=2024-12-17 00:00:00+00:00
[2024-12-17T21:04:18.255+0000] {processor.py:208} INFO - Processing /home/airflow/.local/lib/python3.12/site-packages/airflow/example_dags/example_branch_labels.py took 0.091 seconds
[2024-12-17T21:04:48.630+0000] {processor.py:186} INFO - Started process (PID=528) to work on /home/airflow/.local/lib/python3.12/site-packages/airflow/example_dags/example_branch_labels.py
[2024-12-17T21:04:48.631+0000] {processor.py:914} INFO - Processing file /home/airflow/.local/lib/python3.12/site-packages/airflow/example_dags/example_branch_labels.py for tasks to queue
[2024-12-17T21:04:48.633+0000] {logging_mixin.py:190} INFO - [2024-12-17T21:04:48.633+0000] {dagbag.py:588} INFO - Filling up the DagBag from /home/airflow/.local/lib/python3.12/site-packages/airflow/example_dags/example_branch_labels.py
[2024-12-17T21:04:48.642+0000] {processor.py:925} INFO - DAG(s) 'example_branch_labels' retrieved from /home/airflow/.local/lib/python3.12/site-packages/airflow/example_dags/example_branch_labels.py
[2024-12-17T21:04:48.660+0000] {logging_mixin.py:190} INFO - [2024-12-17T21:04:48.660+0000] {dag.py:3239} INFO - Sync 1 DAGs
[2024-12-17T21:04:48.682+0000] {logging_mixin.py:190} INFO - [2024-12-17T21:04:48.682+0000] {dag.py:4180} INFO - Setting next_dagrun for example_branch_labels to 2024-12-16 00:00:00+00:00, run_after=2024-12-17 00:00:00+00:00
[2024-12-17T21:04:48.712+0000] {processor.py:208} INFO - Processing /home/airflow/.local/lib/python3.12/site-packages/airflow/example_dags/example_branch_labels.py took 0.088 seconds
[2024-12-17T21:05:19.181+0000] {processor.py:186} INFO - Started process (PID=592) to work on /home/airflow/.local/lib/python3.12/site-packages/airflow/example_dags/example_branch_labels.py
[2024-12-17T21:05:19.182+0000] {processor.py:914} INFO - Processing file /home/airflow/.local/lib/python3.12/site-packages/airflow/example_dags/example_branch_labels.py for tasks to queue
[2024-12-17T21:05:19.183+0000] {logging_mixin.py:190} INFO - [2024-12-17T21:05:19.183+0000] {dagbag.py:588} INFO - Filling up the DagBag from /home/airflow/.local/lib/python3.12/site-packages/airflow/example_dags/example_branch_labels.py
[2024-12-17T21:05:19.192+0000] {processor.py:925} INFO - DAG(s) 'example_branch_labels' retrieved from /home/airflow/.local/lib/python3.12/site-packages/airflow/example_dags/example_branch_labels.py
[2024-12-17T21:05:19.212+0000] {logging_mixin.py:190} INFO - [2024-12-17T21:05:19.212+0000] {dag.py:3239} INFO - Sync 1 DAGs
[2024-12-17T21:05:19.235+0000] {logging_mixin.py:190} INFO - [2024-12-17T21:05:19.235+0000] {dag.py:4180} INFO - Setting next_dagrun for example_branch_labels to 2024-12-16 00:00:00+00:00, run_after=2024-12-17 00:00:00+00:00
[2024-12-17T21:05:19.261+0000] {processor.py:208} INFO - Processing /home/airflow/.local/lib/python3.12/site-packages/airflow/example_dags/example_branch_labels.py took 0.085 seconds
[2024-12-17T21:05:49.547+0000] {processor.py:186} INFO - Started process (PID=656) to work on /home/airflow/.local/lib/python3.12/site-packages/airflow/example_dags/example_branch_labels.py
[2024-12-17T21:05:49.548+0000] {processor.py:914} INFO - Processing file /home/airflow/.local/lib/python3.12/site-packages/airflow/example_dags/example_branch_labels.py for tasks to queue
[2024-12-17T21:05:49.549+0000] {logging_mixin.py:190} INFO - [2024-12-17T21:05:49.549+0000] {dagbag.py:588} INFO - Filling up the DagBag from /home/airflow/.local/lib/python3.12/site-packages/airflow/example_dags/example_branch_labels.py
[2024-12-17T21:05:49.558+0000] {processor.py:925} INFO - DAG(s) 'example_branch_labels' retrieved from /home/airflow/.local/lib/python3.12/site-packages/airflow/example_dags/example_branch_labels.py
[2024-12-17T21:05:49.579+0000] {logging_mixin.py:190} INFO - [2024-12-17T21:05:49.579+0000] {dag.py:3239} INFO - Sync 1 DAGs
[2024-12-17T21:05:49.602+0000] {logging_mixin.py:190} INFO - [2024-12-17T21:05:49.602+0000] {dag.py:4180} INFO - Setting next_dagrun for example_branch_labels to 2024-12-16 00:00:00+00:00, run_after=2024-12-17 00:00:00+00:00
[2024-12-17T21:05:49.626+0000] {processor.py:208} INFO - Processing /home/airflow/.local/lib/python3.12/site-packages/airflow/example_dags/example_branch_labels.py took 0.084 seconds
[2024-12-17T21:06:20.224+0000] {processor.py:186} INFO - Started process (PID=720) to work on /home/airflow/.local/lib/python3.12/site-packages/airflow/example_dags/example_branch_labels.py
[2024-12-17T21:06:20.225+0000] {processor.py:914} INFO - Processing file /home/airflow/.local/lib/python3.12/site-packages/airflow/example_dags/example_branch_labels.py for tasks to queue
[2024-12-17T21:06:20.227+0000] {logging_mixin.py:190} INFO - [2024-12-17T21:06:20.226+0000] {dagbag.py:588} INFO - Filling up the DagBag from /home/airflow/.local/lib/python3.12/site-packages/airflow/example_dags/example_branch_labels.py
[2024-12-17T21:06:20.236+0000] {processor.py:925} INFO - DAG(s) 'example_branch_labels' retrieved from /home/airflow/.local/lib/python3.12/site-packages/airflow/example_dags/example_branch_labels.py
[2024-12-17T21:06:20.255+0000] {logging_mixin.py:190} INFO - [2024-12-17T21:06:20.255+0000] {dag.py:3239} INFO - Sync 1 DAGs
[2024-12-17T21:06:20.278+0000] {logging_mixin.py:190} INFO - [2024-12-17T21:06:20.278+0000] {dag.py:4180} INFO - Setting next_dagrun for example_branch_labels to 2024-12-16 00:00:00+00:00, run_after=2024-12-17 00:00:00+00:00
[2024-12-17T21:06:20.303+0000] {processor.py:208} INFO - Processing /home/airflow/.local/lib/python3.12/site-packages/airflow/example_dags/example_branch_labels.py took 0.084 seconds
[2024-12-17T21:06:50.517+0000] {processor.py:186} INFO - Started process (PID=784) to work on /home/airflow/.local/lib/python3.12/site-packages/airflow/example_dags/example_branch_labels.py
[2024-12-17T21:06:50.518+0000] {processor.py:914} INFO - Processing file /home/airflow/.local/lib/python3.12/site-packages/airflow/example_dags/example_branch_labels.py for tasks to queue
[2024-12-17T21:06:50.520+0000] {logging_mixin.py:190} INFO - [2024-12-17T21:06:50.519+0000] {dagbag.py:588} INFO - Filling up the DagBag from /home/airflow/.local/lib/python3.12/site-packages/airflow/example_dags/example_branch_labels.py
[2024-12-17T21:06:50.529+0000] {processor.py:925} INFO - DAG(s) 'example_branch_labels' retrieved from /home/airflow/.local/lib/python3.12/site-packages/airflow/example_dags/example_branch_labels.py
[2024-12-17T21:06:50.548+0000] {logging_mixin.py:190} INFO - [2024-12-17T21:06:50.548+0000] {dag.py:3239} INFO - Sync 1 DAGs
[2024-12-17T21:06:50.571+0000] {logging_mixin.py:190} INFO - [2024-12-17T21:06:50.571+0000] {dag.py:4180} INFO - Setting next_dagrun for example_branch_labels to 2024-12-16 00:00:00+00:00, run_after=2024-12-17 00:00:00+00:00
[2024-12-17T21:06:50.594+0000] {processor.py:208} INFO - Processing /home/airflow/.local/lib/python3.12/site-packages/airflow/example_dags/example_branch_labels.py took 0.082 seconds
[2024-12-17T21:07:21.199+0000] {processor.py:186} INFO - Started process (PID=848) to work on /home/airflow/.local/lib/python3.12/site-packages/airflow/example_dags/example_branch_labels.py
[2024-12-17T21:07:21.200+0000] {processor.py:914} INFO - Processing file /home/airflow/.local/lib/python3.12/site-packages/airflow/example_dags/example_branch_labels.py for tasks to queue
[2024-12-17T21:07:21.201+0000] {logging_mixin.py:190} INFO - [2024-12-17T21:07:21.201+0000] {dagbag.py:588} INFO - Filling up the DagBag from /home/airflow/.local/lib/python3.12/site-packages/airflow/example_dags/example_branch_labels.py
[2024-12-17T21:07:21.210+0000] {processor.py:925} INFO - DAG(s) 'example_branch_labels' retrieved from /home/airflow/.local/lib/python3.12/site-packages/airflow/example_dags/example_branch_labels.py
[2024-12-17T21:07:21.228+0000] {logging_mixin.py:190} INFO - [2024-12-17T21:07:21.227+0000] {dag.py:3239} INFO - Sync 1 DAGs
[2024-12-17T21:07:21.250+0000] {logging_mixin.py:190} INFO - [2024-12-17T21:07:21.249+0000] {dag.py:4180} INFO - Setting next_dagrun for example_branch_labels to 2024-12-16 00:00:00+00:00, run_after=2024-12-17 00:00:00+00:00
[2024-12-17T21:07:21.265+0000] {processor.py:208} INFO - Processing /home/airflow/.local/lib/python3.12/site-packages/airflow/example_dags/example_branch_labels.py took 0.071 seconds
[2024-12-17T21:07:52.149+0000] {processor.py:186} INFO - Started process (PID=912) to work on /home/airflow/.local/lib/python3.12/site-packages/airflow/example_dags/example_branch_labels.py
[2024-12-17T21:07:52.150+0000] {processor.py:914} INFO - Processing file /home/airflow/.local/lib/python3.12/site-packages/airflow/example_dags/example_branch_labels.py for tasks to queue
[2024-12-17T21:07:52.152+0000] {logging_mixin.py:190} INFO - [2024-12-17T21:07:52.151+0000] {dagbag.py:588} INFO - Filling up the DagBag from /home/airflow/.local/lib/python3.12/site-packages/airflow/example_dags/example_branch_labels.py
[2024-12-17T21:07:52.160+0000] {processor.py:925} INFO - DAG(s) 'example_branch_labels' retrieved from /home/airflow/.local/lib/python3.12/site-packages/airflow/example_dags/example_branch_labels.py
[2024-12-17T21:07:52.178+0000] {logging_mixin.py:190} INFO - [2024-12-17T21:07:52.178+0000] {dag.py:3239} INFO - Sync 1 DAGs
[2024-12-17T21:07:52.201+0000] {logging_mixin.py:190} INFO - [2024-12-17T21:07:52.201+0000] {dag.py:4180} INFO - Setting next_dagrun for example_branch_labels to 2024-12-16 00:00:00+00:00, run_after=2024-12-17 00:00:00+00:00
[2024-12-17T21:07:52.223+0000] {processor.py:208} INFO - Processing /home/airflow/.local/lib/python3.12/site-packages/airflow/example_dags/example_branch_labels.py took 0.079 seconds
[2024-12-17T21:08:22.761+0000] {processor.py:186} INFO - Started process (PID=976) to work on /home/airflow/.local/lib/python3.12/site-packages/airflow/example_dags/example_branch_labels.py
[2024-12-17T21:08:22.762+0000] {processor.py:914} INFO - Processing file /home/airflow/.local/lib/python3.12/site-packages/airflow/example_dags/example_branch_labels.py for tasks to queue
[2024-12-17T21:08:22.763+0000] {logging_mixin.py:190} INFO - [2024-12-17T21:08:22.763+0000] {dagbag.py:588} INFO - Filling up the DagBag from /home/airflow/.local/lib/python3.12/site-packages/airflow/example_dags/example_branch_labels.py
[2024-12-17T21:08:22.773+0000] {processor.py:925} INFO - DAG(s) 'example_branch_labels' retrieved from /home/airflow/.local/lib/python3.12/site-packages/airflow/example_dags/example_branch_labels.py
[2024-12-17T21:08:22.792+0000] {logging_mixin.py:190} INFO - [2024-12-17T21:08:22.792+0000] {dag.py:3239} INFO - Sync 1 DAGs
[2024-12-17T21:08:22.817+0000] {logging_mixin.py:190} INFO - [2024-12-17T21:08:22.817+0000] {dag.py:4180} INFO - Setting next_dagrun for example_branch_labels to 2024-12-16 00:00:00+00:00, run_after=2024-12-17 00:00:00+00:00
[2024-12-17T21:08:22.841+0000] {processor.py:208} INFO - Processing /home/airflow/.local/lib/python3.12/site-packages/airflow/example_dags/example_branch_labels.py took 0.086 seconds
[2024-12-17T21:08:53.295+0000] {processor.py:186} INFO - Started process (PID=1041) to work on /home/airflow/.local/lib/python3.12/site-packages/airflow/example_dags/example_branch_labels.py
[2024-12-17T21:08:53.296+0000] {processor.py:914} INFO - Processing file /home/airflow/.local/lib/python3.12/site-packages/airflow/example_dags/example_branch_labels.py for tasks to queue
[2024-12-17T21:08:53.298+0000] {logging_mixin.py:190} INFO - [2024-12-17T21:08:53.297+0000] {dagbag.py:588} INFO - Filling up the DagBag from /home/airflow/.local/lib/python3.12/site-packages/airflow/example_dags/example_branch_labels.py
[2024-12-17T21:08:53.310+0000] {processor.py:925} INFO - DAG(s) 'example_branch_labels' retrieved from /home/airflow/.local/lib/python3.12/site-packages/airflow/example_dags/example_branch_labels.py
[2024-12-17T21:08:53.331+0000] {logging_mixin.py:190} INFO - [2024-12-17T21:08:53.331+0000] {dag.py:3239} INFO - Sync 1 DAGs
[2024-12-17T21:08:53.357+0000] {logging_mixin.py:190} INFO - [2024-12-17T21:08:53.356+0000] {dag.py:4180} INFO - Setting next_dagrun for example_branch_labels to 2024-12-16 00:00:00+00:00, run_after=2024-12-17 00:00:00+00:00
[2024-12-17T21:08:53.373+0000] {processor.py:208} INFO - Processing /home/airflow/.local/lib/python3.12/site-packages/airflow/example_dags/example_branch_labels.py took 0.083 seconds
[2024-12-17T21:09:24.072+0000] {processor.py:186} INFO - Started process (PID=1106) to work on /home/airflow/.local/lib/python3.12/site-packages/airflow/example_dags/example_branch_labels.py
[2024-12-17T21:09:24.073+0000] {processor.py:914} INFO - Processing file /home/airflow/.local/lib/python3.12/site-packages/airflow/example_dags/example_branch_labels.py for tasks to queue
[2024-12-17T21:09:24.075+0000] {logging_mixin.py:190} INFO - [2024-12-17T21:09:24.074+0000] {dagbag.py:588} INFO - Filling up the DagBag from /home/airflow/.local/lib/python3.12/site-packages/airflow/example_dags/example_branch_labels.py
[2024-12-17T21:09:24.087+0000] {processor.py:925} INFO - DAG(s) 'example_branch_labels' retrieved from /home/airflow/.local/lib/python3.12/site-packages/airflow/example_dags/example_branch_labels.py
[2024-12-17T21:09:24.107+0000] {logging_mixin.py:190} INFO - [2024-12-17T21:09:24.107+0000] {dag.py:3239} INFO - Sync 1 DAGs
[2024-12-17T21:09:24.131+0000] {logging_mixin.py:190} INFO - [2024-12-17T21:09:24.131+0000] {dag.py:4180} INFO - Setting next_dagrun for example_branch_labels to 2024-12-16 00:00:00+00:00, run_after=2024-12-17 00:00:00+00:00
[2024-12-17T21:09:24.159+0000] {processor.py:208} INFO - Processing /home/airflow/.local/lib/python3.12/site-packages/airflow/example_dags/example_branch_labels.py took 0.093 seconds
[2024-12-17T21:09:54.693+0000] {processor.py:186} INFO - Started process (PID=1170) to work on /home/airflow/.local/lib/python3.12/site-packages/airflow/example_dags/example_branch_labels.py
[2024-12-17T21:09:54.694+0000] {processor.py:914} INFO - Processing file /home/airflow/.local/lib/python3.12/site-packages/airflow/example_dags/example_branch_labels.py for tasks to queue
[2024-12-17T21:09:54.695+0000] {logging_mixin.py:190} INFO - [2024-12-17T21:09:54.695+0000] {dagbag.py:588} INFO - Filling up the DagBag from /home/airflow/.local/lib/python3.12/site-packages/airflow/example_dags/example_branch_labels.py
[2024-12-17T21:09:54.705+0000] {processor.py:925} INFO - DAG(s) 'example_branch_labels' retrieved from /home/airflow/.local/lib/python3.12/site-packages/airflow/example_dags/example_branch_labels.py
[2024-12-17T21:09:54.724+0000] {logging_mixin.py:190} INFO - [2024-12-17T21:09:54.723+0000] {dag.py:3239} INFO - Sync 1 DAGs
[2024-12-17T21:09:54.748+0000] {logging_mixin.py:190} INFO - [2024-12-17T21:09:54.748+0000] {dag.py:4180} INFO - Setting next_dagrun for example_branch_labels to 2024-12-16 00:00:00+00:00, run_after=2024-12-17 00:00:00+00:00
[2024-12-17T21:09:54.773+0000] {processor.py:208} INFO - Processing /home/airflow/.local/lib/python3.12/site-packages/airflow/example_dags/example_branch_labels.py took 0.085 seconds
[2024-12-17T21:10:24.959+0000] {processor.py:186} INFO - Started process (PID=1234) to work on /home/airflow/.local/lib/python3.12/site-packages/airflow/example_dags/example_branch_labels.py
[2024-12-17T21:10:24.960+0000] {processor.py:914} INFO - Processing file /home/airflow/.local/lib/python3.12/site-packages/airflow/example_dags/example_branch_labels.py for tasks to queue
[2024-12-17T21:10:24.962+0000] {logging_mixin.py:190} INFO - [2024-12-17T21:10:24.961+0000] {dagbag.py:588} INFO - Filling up the DagBag from /home/airflow/.local/lib/python3.12/site-packages/airflow/example_dags/example_branch_labels.py
[2024-12-17T21:10:24.974+0000] {processor.py:925} INFO - DAG(s) 'example_branch_labels' retrieved from /home/airflow/.local/lib/python3.12/site-packages/airflow/example_dags/example_branch_labels.py
[2024-12-17T21:10:24.999+0000] {logging_mixin.py:190} INFO - [2024-12-17T21:10:24.999+0000] {dag.py:3239} INFO - Sync 1 DAGs
[2024-12-17T21:10:25.030+0000] {logging_mixin.py:190} INFO - [2024-12-17T21:10:25.030+0000] {dag.py:4180} INFO - Setting next_dagrun for example_branch_labels to 2024-12-16 00:00:00+00:00, run_after=2024-12-17 00:00:00+00:00
[2024-12-17T21:10:25.060+0000] {processor.py:208} INFO - Processing /home/airflow/.local/lib/python3.12/site-packages/airflow/example_dags/example_branch_labels.py took 0.109 seconds
[2024-12-17T21:10:55.961+0000] {processor.py:186} INFO - Started process (PID=1298) to work on /home/airflow/.local/lib/python3.12/site-packages/airflow/example_dags/example_branch_labels.py
[2024-12-17T21:10:55.962+0000] {processor.py:914} INFO - Processing file /home/airflow/.local/lib/python3.12/site-packages/airflow/example_dags/example_branch_labels.py for tasks to queue
[2024-12-17T21:10:55.963+0000] {logging_mixin.py:190} INFO - [2024-12-17T21:10:55.963+0000] {dagbag.py:588} INFO - Filling up the DagBag from /home/airflow/.local/lib/python3.12/site-packages/airflow/example_dags/example_branch_labels.py
[2024-12-17T21:10:55.973+0000] {processor.py:925} INFO - DAG(s) 'example_branch_labels' retrieved from /home/airflow/.local/lib/python3.12/site-packages/airflow/example_dags/example_branch_labels.py
[2024-12-17T21:10:55.996+0000] {logging_mixin.py:190} INFO - [2024-12-17T21:10:55.996+0000] {dag.py:3239} INFO - Sync 1 DAGs
[2024-12-17T21:10:56.027+0000] {logging_mixin.py:190} INFO - [2024-12-17T21:10:56.026+0000] {dag.py:4180} INFO - Setting next_dagrun for example_branch_labels to 2024-12-16 00:00:00+00:00, run_after=2024-12-17 00:00:00+00:00
[2024-12-17T21:10:56.053+0000] {processor.py:208} INFO - Processing /home/airflow/.local/lib/python3.12/site-packages/airflow/example_dags/example_branch_labels.py took 0.098 seconds
[2024-12-17T21:11:26.230+0000] {processor.py:186} INFO - Started process (PID=1362) to work on /home/airflow/.local/lib/python3.12/site-packages/airflow/example_dags/example_branch_labels.py
[2024-12-17T21:11:26.231+0000] {processor.py:914} INFO - Processing file /home/airflow/.local/lib/python3.12/site-packages/airflow/example_dags/example_branch_labels.py for tasks to queue
[2024-12-17T21:11:26.233+0000] {logging_mixin.py:190} INFO - [2024-12-17T21:11:26.232+0000] {dagbag.py:588} INFO - Filling up the DagBag from /home/airflow/.local/lib/python3.12/site-packages/airflow/example_dags/example_branch_labels.py
[2024-12-17T21:11:26.242+0000] {processor.py:925} INFO - DAG(s) 'example_branch_labels' retrieved from /home/airflow/.local/lib/python3.12/site-packages/airflow/example_dags/example_branch_labels.py
[2024-12-17T21:11:26.261+0000] {logging_mixin.py:190} INFO - [2024-12-17T21:11:26.261+0000] {dag.py:3239} INFO - Sync 1 DAGs
[2024-12-17T21:11:26.287+0000] {logging_mixin.py:190} INFO - [2024-12-17T21:11:26.287+0000] {dag.py:4180} INFO - Setting next_dagrun for example_branch_labels to 2024-12-16 00:00:00+00:00, run_after=2024-12-17 00:00:00+00:00
[2024-12-17T21:11:26.311+0000] {processor.py:208} INFO - Processing /home/airflow/.local/lib/python3.12/site-packages/airflow/example_dags/example_branch_labels.py took 0.087 seconds
[2024-12-17T21:11:56.560+0000] {processor.py:186} INFO - Started process (PID=1426) to work on /home/airflow/.local/lib/python3.12/site-packages/airflow/example_dags/example_branch_labels.py
[2024-12-17T21:11:56.562+0000] {processor.py:914} INFO - Processing file /home/airflow/.local/lib/python3.12/site-packages/airflow/example_dags/example_branch_labels.py for tasks to queue
[2024-12-17T21:11:56.563+0000] {logging_mixin.py:190} INFO - [2024-12-17T21:11:56.563+0000] {dagbag.py:588} INFO - Filling up the DagBag from /home/airflow/.local/lib/python3.12/site-packages/airflow/example_dags/example_branch_labels.py
[2024-12-17T21:11:56.577+0000] {processor.py:925} INFO - DAG(s) 'example_branch_labels' retrieved from /home/airflow/.local/lib/python3.12/site-packages/airflow/example_dags/example_branch_labels.py
[2024-12-17T21:11:56.606+0000] {logging_mixin.py:190} INFO - [2024-12-17T21:11:56.605+0000] {dag.py:3239} INFO - Sync 1 DAGs
[2024-12-17T21:11:56.643+0000] {logging_mixin.py:190} INFO - [2024-12-17T21:11:56.642+0000] {dag.py:4180} INFO - Setting next_dagrun for example_branch_labels to 2024-12-16 00:00:00+00:00, run_after=2024-12-17 00:00:00+00:00
[2024-12-17T21:11:56.674+0000] {processor.py:208} INFO - Processing /home/airflow/.local/lib/python3.12/site-packages/airflow/example_dags/example_branch_labels.py took 0.120 seconds
[2024-12-17T21:12:26.717+0000] {processor.py:186} INFO - Started process (PID=1489) to work on /home/airflow/.local/lib/python3.12/site-packages/airflow/example_dags/example_branch_labels.py
[2024-12-17T21:12:26.718+0000] {processor.py:914} INFO - Processing file /home/airflow/.local/lib/python3.12/site-packages/airflow/example_dags/example_branch_labels.py for tasks to queue
[2024-12-17T21:12:26.720+0000] {logging_mixin.py:190} INFO - [2024-12-17T21:12:26.719+0000] {dagbag.py:588} INFO - Filling up the DagBag from /home/airflow/.local/lib/python3.12/site-packages/airflow/example_dags/example_branch_labels.py
[2024-12-17T21:12:26.734+0000] {processor.py:925} INFO - DAG(s) 'example_branch_labels' retrieved from /home/airflow/.local/lib/python3.12/site-packages/airflow/example_dags/example_branch_labels.py
[2024-12-17T21:12:26.756+0000] {logging_mixin.py:190} INFO - [2024-12-17T21:12:26.756+0000] {dag.py:3239} INFO - Sync 1 DAGs
[2024-12-17T21:12:26.781+0000] {logging_mixin.py:190} INFO - [2024-12-17T21:12:26.781+0000] {dag.py:4180} INFO - Setting next_dagrun for example_branch_labels to 2024-12-16 00:00:00+00:00, run_after=2024-12-17 00:00:00+00:00
[2024-12-17T21:12:26.824+0000] {processor.py:208} INFO - Processing /home/airflow/.local/lib/python3.12/site-packages/airflow/example_dags/example_branch_labels.py took 0.113 seconds
[2024-12-17T21:12:56.969+0000] {processor.py:186} INFO - Started process (PID=1554) to work on /home/airflow/.local/lib/python3.12/site-packages/airflow/example_dags/example_branch_labels.py
[2024-12-17T21:12:56.970+0000] {processor.py:914} INFO - Processing file /home/airflow/.local/lib/python3.12/site-packages/airflow/example_dags/example_branch_labels.py for tasks to queue
[2024-12-17T21:12:56.971+0000] {logging_mixin.py:190} INFO - [2024-12-17T21:12:56.971+0000] {dagbag.py:588} INFO - Filling up the DagBag from /home/airflow/.local/lib/python3.12/site-packages/airflow/example_dags/example_branch_labels.py
[2024-12-17T21:12:56.980+0000] {processor.py:925} INFO - DAG(s) 'example_branch_labels' retrieved from /home/airflow/.local/lib/python3.12/site-packages/airflow/example_dags/example_branch_labels.py
[2024-12-17T21:12:56.998+0000] {logging_mixin.py:190} INFO - [2024-12-17T21:12:56.998+0000] {dag.py:3239} INFO - Sync 1 DAGs
[2024-12-17T21:12:57.021+0000] {logging_mixin.py:190} INFO - [2024-12-17T21:12:57.021+0000] {dag.py:4180} INFO - Setting next_dagrun for example_branch_labels to 2024-12-16 00:00:00+00:00, run_after=2024-12-17 00:00:00+00:00
[2024-12-17T21:12:57.042+0000] {processor.py:208} INFO - Processing /home/airflow/.local/lib/python3.12/site-packages/airflow/example_dags/example_branch_labels.py took 0.078 seconds
[2024-12-17T21:13:27.843+0000] {processor.py:186} INFO - Started process (PID=1619) to work on /home/airflow/.local/lib/python3.12/site-packages/airflow/example_dags/example_branch_labels.py
[2024-12-17T21:13:27.844+0000] {processor.py:914} INFO - Processing file /home/airflow/.local/lib/python3.12/site-packages/airflow/example_dags/example_branch_labels.py for tasks to queue
[2024-12-17T21:13:27.845+0000] {logging_mixin.py:190} INFO - [2024-12-17T21:13:27.845+0000] {dagbag.py:588} INFO - Filling up the DagBag from /home/airflow/.local/lib/python3.12/site-packages/airflow/example_dags/example_branch_labels.py
[2024-12-17T21:13:27.854+0000] {processor.py:925} INFO - DAG(s) 'example_branch_labels' retrieved from /home/airflow/.local/lib/python3.12/site-packages/airflow/example_dags/example_branch_labels.py
[2024-12-17T21:13:27.872+0000] {logging_mixin.py:190} INFO - [2024-12-17T21:13:27.872+0000] {dag.py:3239} INFO - Sync 1 DAGs
[2024-12-17T21:13:27.894+0000] {logging_mixin.py:190} INFO - [2024-12-17T21:13:27.894+0000] {dag.py:4180} INFO - Setting next_dagrun for example_branch_labels to 2024-12-16 00:00:00+00:00, run_after=2024-12-17 00:00:00+00:00
[2024-12-17T21:13:27.910+0000] {processor.py:208} INFO - Processing /home/airflow/.local/lib/python3.12/site-packages/airflow/example_dags/example_branch_labels.py took 0.073 seconds
[2024-12-17T21:13:58.000+0000] {processor.py:186} INFO - Started process (PID=1683) to work on /home/airflow/.local/lib/python3.12/site-packages/airflow/example_dags/example_branch_labels.py
[2024-12-17T21:13:58.001+0000] {processor.py:914} INFO - Processing file /home/airflow/.local/lib/python3.12/site-packages/airflow/example_dags/example_branch_labels.py for tasks to queue
[2024-12-17T21:13:58.002+0000] {logging_mixin.py:190} INFO - [2024-12-17T21:13:58.002+0000] {dagbag.py:588} INFO - Filling up the DagBag from /home/airflow/.local/lib/python3.12/site-packages/airflow/example_dags/example_branch_labels.py
[2024-12-17T21:13:58.011+0000] {processor.py:925} INFO - DAG(s) 'example_branch_labels' retrieved from /home/airflow/.local/lib/python3.12/site-packages/airflow/example_dags/example_branch_labels.py
[2024-12-17T21:13:58.030+0000] {logging_mixin.py:190} INFO - [2024-12-17T21:13:58.030+0000] {dag.py:3239} INFO - Sync 1 DAGs
[2024-12-17T21:13:58.053+0000] {logging_mixin.py:190} INFO - [2024-12-17T21:13:58.053+0000] {dag.py:4180} INFO - Setting next_dagrun for example_branch_labels to 2024-12-16 00:00:00+00:00, run_after=2024-12-17 00:00:00+00:00
[2024-12-17T21:13:58.077+0000] {processor.py:208} INFO - Processing /home/airflow/.local/lib/python3.12/site-packages/airflow/example_dags/example_branch_labels.py took 0.083 seconds
[2024-12-17T21:14:28.122+0000] {processor.py:186} INFO - Started process (PID=1747) to work on /home/airflow/.local/lib/python3.12/site-packages/airflow/example_dags/example_branch_labels.py
[2024-12-17T21:14:28.123+0000] {processor.py:914} INFO - Processing file /home/airflow/.local/lib/python3.12/site-packages/airflow/example_dags/example_branch_labels.py for tasks to queue
[2024-12-17T21:14:28.124+0000] {logging_mixin.py:190} INFO - [2024-12-17T21:14:28.124+0000] {dagbag.py:588} INFO - Filling up the DagBag from /home/airflow/.local/lib/python3.12/site-packages/airflow/example_dags/example_branch_labels.py
[2024-12-17T21:14:28.133+0000] {processor.py:925} INFO - DAG(s) 'example_branch_labels' retrieved from /home/airflow/.local/lib/python3.12/site-packages/airflow/example_dags/example_branch_labels.py
[2024-12-17T21:14:28.153+0000] {logging_mixin.py:190} INFO - [2024-12-17T21:14:28.153+0000] {dag.py:3239} INFO - Sync 1 DAGs
[2024-12-17T21:14:28.176+0000] {logging_mixin.py:190} INFO - [2024-12-17T21:14:28.175+0000] {dag.py:4180} INFO - Setting next_dagrun for example_branch_labels to 2024-12-16 00:00:00+00:00, run_after=2024-12-17 00:00:00+00:00
[2024-12-17T21:14:28.200+0000] {processor.py:208} INFO - Processing /home/airflow/.local/lib/python3.12/site-packages/airflow/example_dags/example_branch_labels.py took 0.083 seconds
[2024-12-17T21:14:58.375+0000] {processor.py:186} INFO - Started process (PID=1811) to work on /home/airflow/.local/lib/python3.12/site-packages/airflow/example_dags/example_branch_labels.py
[2024-12-17T21:14:58.376+0000] {processor.py:914} INFO - Processing file /home/airflow/.local/lib/python3.12/site-packages/airflow/example_dags/example_branch_labels.py for tasks to queue
[2024-12-17T21:14:58.378+0000] {logging_mixin.py:190} INFO - [2024-12-17T21:14:58.377+0000] {dagbag.py:588} INFO - Filling up the DagBag from /home/airflow/.local/lib/python3.12/site-packages/airflow/example_dags/example_branch_labels.py
[2024-12-17T21:14:58.387+0000] {processor.py:925} INFO - DAG(s) 'example_branch_labels' retrieved from /home/airflow/.local/lib/python3.12/site-packages/airflow/example_dags/example_branch_labels.py
[2024-12-17T21:14:58.406+0000] {logging_mixin.py:190} INFO - [2024-12-17T21:14:58.406+0000] {dag.py:3239} INFO - Sync 1 DAGs
[2024-12-17T21:14:58.429+0000] {logging_mixin.py:190} INFO - [2024-12-17T21:14:58.429+0000] {dag.py:4180} INFO - Setting next_dagrun for example_branch_labels to 2024-12-16 00:00:00+00:00, run_after=2024-12-17 00:00:00+00:00
[2024-12-17T21:14:58.453+0000] {processor.py:208} INFO - Processing /home/airflow/.local/lib/python3.12/site-packages/airflow/example_dags/example_branch_labels.py took 0.083 seconds
[2024-12-17T21:15:28.617+0000] {processor.py:186} INFO - Started process (PID=1875) to work on /home/airflow/.local/lib/python3.12/site-packages/airflow/example_dags/example_branch_labels.py
[2024-12-17T21:15:28.619+0000] {processor.py:914} INFO - Processing file /home/airflow/.local/lib/python3.12/site-packages/airflow/example_dags/example_branch_labels.py for tasks to queue
[2024-12-17T21:15:28.620+0000] {logging_mixin.py:190} INFO - [2024-12-17T21:15:28.620+0000] {dagbag.py:588} INFO - Filling up the DagBag from /home/airflow/.local/lib/python3.12/site-packages/airflow/example_dags/example_branch_labels.py
[2024-12-17T21:15:28.629+0000] {processor.py:925} INFO - DAG(s) 'example_branch_labels' retrieved from /home/airflow/.local/lib/python3.12/site-packages/airflow/example_dags/example_branch_labels.py
[2024-12-17T21:15:28.648+0000] {logging_mixin.py:190} INFO - [2024-12-17T21:15:28.648+0000] {dag.py:3239} INFO - Sync 1 DAGs
[2024-12-17T21:15:28.673+0000] {logging_mixin.py:190} INFO - [2024-12-17T21:15:28.673+0000] {dag.py:4180} INFO - Setting next_dagrun for example_branch_labels to 2024-12-16 00:00:00+00:00, run_after=2024-12-17 00:00:00+00:00
[2024-12-17T21:15:28.690+0000] {processor.py:208} INFO - Processing /home/airflow/.local/lib/python3.12/site-packages/airflow/example_dags/example_branch_labels.py took 0.078 seconds
[2024-12-17T21:15:59.078+0000] {processor.py:186} INFO - Started process (PID=1939) to work on /home/airflow/.local/lib/python3.12/site-packages/airflow/example_dags/example_branch_labels.py
[2024-12-17T21:15:59.079+0000] {processor.py:914} INFO - Processing file /home/airflow/.local/lib/python3.12/site-packages/airflow/example_dags/example_branch_labels.py for tasks to queue
[2024-12-17T21:15:59.080+0000] {logging_mixin.py:190} INFO - [2024-12-17T21:15:59.080+0000] {dagbag.py:588} INFO - Filling up the DagBag from /home/airflow/.local/lib/python3.12/site-packages/airflow/example_dags/example_branch_labels.py
[2024-12-17T21:15:59.089+0000] {processor.py:925} INFO - DAG(s) 'example_branch_labels' retrieved from /home/airflow/.local/lib/python3.12/site-packages/airflow/example_dags/example_branch_labels.py
[2024-12-17T21:15:59.109+0000] {logging_mixin.py:190} INFO - [2024-12-17T21:15:59.109+0000] {dag.py:3239} INFO - Sync 1 DAGs
[2024-12-17T21:15:59.132+0000] {logging_mixin.py:190} INFO - [2024-12-17T21:15:59.132+0000] {dag.py:4180} INFO - Setting next_dagrun for example_branch_labels to 2024-12-16 00:00:00+00:00, run_after=2024-12-17 00:00:00+00:00
[2024-12-17T21:15:59.156+0000] {processor.py:208} INFO - Processing /home/airflow/.local/lib/python3.12/site-packages/airflow/example_dags/example_branch_labels.py took 0.084 seconds
[2024-12-17T21:16:30.161+0000] {processor.py:186} INFO - Started process (PID=2002) to work on /home/airflow/.local/lib/python3.12/site-packages/airflow/example_dags/example_branch_labels.py
[2024-12-17T21:16:30.162+0000] {processor.py:914} INFO - Processing file /home/airflow/.local/lib/python3.12/site-packages/airflow/example_dags/example_branch_labels.py for tasks to queue
[2024-12-17T21:16:30.164+0000] {logging_mixin.py:190} INFO - [2024-12-17T21:16:30.164+0000] {dagbag.py:588} INFO - Filling up the DagBag from /home/airflow/.local/lib/python3.12/site-packages/airflow/example_dags/example_branch_labels.py
[2024-12-17T21:16:30.175+0000] {processor.py:925} INFO - DAG(s) 'example_branch_labels' retrieved from /home/airflow/.local/lib/python3.12/site-packages/airflow/example_dags/example_branch_labels.py
[2024-12-17T21:16:30.196+0000] {logging_mixin.py:190} INFO - [2024-12-17T21:16:30.195+0000] {dag.py:3239} INFO - Sync 1 DAGs
[2024-12-17T21:16:30.226+0000] {logging_mixin.py:190} INFO - [2024-12-17T21:16:30.226+0000] {dag.py:4180} INFO - Setting next_dagrun for example_branch_labels to 2024-12-16 00:00:00+00:00, run_after=2024-12-17 00:00:00+00:00
[2024-12-17T21:16:30.251+0000] {processor.py:208} INFO - Processing /home/airflow/.local/lib/python3.12/site-packages/airflow/example_dags/example_branch_labels.py took 0.097 seconds
[2024-12-17T21:17:00.956+0000] {processor.py:186} INFO - Started process (PID=2054) to work on /home/airflow/.local/lib/python3.12/site-packages/airflow/example_dags/example_branch_labels.py
[2024-12-17T21:17:00.957+0000] {processor.py:914} INFO - Processing file /home/airflow/.local/lib/python3.12/site-packages/airflow/example_dags/example_branch_labels.py for tasks to queue
[2024-12-17T21:17:00.959+0000] {logging_mixin.py:190} INFO - [2024-12-17T21:17:00.958+0000] {dagbag.py:588} INFO - Filling up the DagBag from /home/airflow/.local/lib/python3.12/site-packages/airflow/example_dags/example_branch_labels.py
[2024-12-17T21:17:00.972+0000] {processor.py:925} INFO - DAG(s) 'example_branch_labels' retrieved from /home/airflow/.local/lib/python3.12/site-packages/airflow/example_dags/example_branch_labels.py
[2024-12-17T21:17:01.001+0000] {logging_mixin.py:190} INFO - [2024-12-17T21:17:01.001+0000] {dag.py:3239} INFO - Sync 1 DAGs
[2024-12-17T21:17:01.030+0000] {logging_mixin.py:190} INFO - [2024-12-17T21:17:01.030+0000] {dag.py:4180} INFO - Setting next_dagrun for example_branch_labels to 2024-12-16 00:00:00+00:00, run_after=2024-12-17 00:00:00+00:00
[2024-12-17T21:17:01.051+0000] {processor.py:208} INFO - Processing /home/airflow/.local/lib/python3.12/site-packages/airflow/example_dags/example_branch_labels.py took 0.104 seconds
[2024-12-17T21:17:31.724+0000] {processor.py:186} INFO - Started process (PID=2113) to work on /home/airflow/.local/lib/python3.12/site-packages/airflow/example_dags/example_branch_labels.py
[2024-12-17T21:17:31.725+0000] {processor.py:914} INFO - Processing file /home/airflow/.local/lib/python3.12/site-packages/airflow/example_dags/example_branch_labels.py for tasks to queue
[2024-12-17T21:17:31.727+0000] {logging_mixin.py:190} INFO - [2024-12-17T21:17:31.726+0000] {dagbag.py:588} INFO - Filling up the DagBag from /home/airflow/.local/lib/python3.12/site-packages/airflow/example_dags/example_branch_labels.py
[2024-12-17T21:17:31.738+0000] {processor.py:925} INFO - DAG(s) 'example_branch_labels' retrieved from /home/airflow/.local/lib/python3.12/site-packages/airflow/example_dags/example_branch_labels.py
[2024-12-17T21:17:31.759+0000] {logging_mixin.py:190} INFO - [2024-12-17T21:17:31.758+0000] {dag.py:3239} INFO - Sync 1 DAGs
[2024-12-17T21:17:31.789+0000] {logging_mixin.py:190} INFO - [2024-12-17T21:17:31.789+0000] {dag.py:4180} INFO - Setting next_dagrun for example_branch_labels to 2024-12-16 00:00:00+00:00, run_after=2024-12-17 00:00:00+00:00
[2024-12-17T21:17:31.809+0000] {processor.py:208} INFO - Processing /home/airflow/.local/lib/python3.12/site-packages/airflow/example_dags/example_branch_labels.py took 0.092 seconds
