[2024-12-17T21:01:24.857+0000] {processor.py:186} INFO - Started process (PID=122) to work on /home/airflow/.local/lib/python3.12/site-packages/airflow/example_dags/example_bash_operator.py
[2024-12-17T21:01:24.859+0000] {processor.py:914} INFO - Processing file /home/airflow/.local/lib/python3.12/site-packages/airflow/example_dags/example_bash_operator.py for tasks to queue
[2024-12-17T21:01:24.862+0000] {logging_mixin.py:190} INFO - [2024-12-17T21:01:24.861+0000] {dagbag.py:588} INFO - Filling up the DagBag from /home/airflow/.local/lib/python3.12/site-packages/airflow/example_dags/example_bash_operator.py
[2024-12-17T21:01:24.880+0000] {processor.py:925} INFO - DAG(s) 'example_bash_operator' retrieved from /home/airflow/.local/lib/python3.12/site-packages/airflow/example_dags/example_bash_operator.py
[2024-12-17T21:01:25.130+0000] {logging_mixin.py:190} INFO - [2024-12-17T21:01:25.129+0000] {override.py:1911} INFO - Created Permission View: can delete on DAG:example_bash_operator
[2024-12-17T21:01:25.155+0000] {logging_mixin.py:190} INFO - [2024-12-17T21:01:25.155+0000] {override.py:1911} INFO - Created Permission View: can read on DAG:example_bash_operator
[2024-12-17T21:01:25.170+0000] {logging_mixin.py:190} INFO - [2024-12-17T21:01:25.169+0000] {override.py:1911} INFO - Created Permission View: can edit on DAG:example_bash_operator
[2024-12-17T21:01:25.184+0000] {logging_mixin.py:190} INFO - [2024-12-17T21:01:25.183+0000] {override.py:1911} INFO - Created Permission View: can create on DAG Run:example_bash_operator
[2024-12-17T21:01:25.200+0000] {logging_mixin.py:190} INFO - [2024-12-17T21:01:25.199+0000] {override.py:1911} INFO - Created Permission View: menu access on DAG Run:example_bash_operator
[2024-12-17T21:01:25.215+0000] {logging_mixin.py:190} INFO - [2024-12-17T21:01:25.214+0000] {override.py:1911} INFO - Created Permission View: can delete on DAG Run:example_bash_operator
[2024-12-17T21:01:25.228+0000] {logging_mixin.py:190} INFO - [2024-12-17T21:01:25.227+0000] {override.py:1911} INFO - Created Permission View: can read on DAG Run:example_bash_operator
[2024-12-17T21:01:25.229+0000] {logging_mixin.py:190} INFO - [2024-12-17T21:01:25.229+0000] {dag.py:3239} INFO - Sync 1 DAGs
[2024-12-17T21:01:25.268+0000] {logging_mixin.py:190} INFO - [2024-12-17T21:01:25.268+0000] {dag.py:3262} INFO - Creating ORM DAG for example_bash_operator
[2024-12-17T21:01:25.291+0000] {logging_mixin.py:190} INFO - [2024-12-17T21:01:25.290+0000] {dag.py:4180} INFO - Setting next_dagrun for example_bash_operator to 2024-12-16 00:00:00+00:00, run_after=2024-12-17 00:00:00+00:00
[2024-12-17T21:01:25.322+0000] {processor.py:208} INFO - Processing /home/airflow/.local/lib/python3.12/site-packages/airflow/example_dags/example_bash_operator.py took 0.474 seconds
[2024-12-17T21:01:55.770+0000] {processor.py:186} INFO - Started process (PID=186) to work on /home/airflow/.local/lib/python3.12/site-packages/airflow/example_dags/example_bash_operator.py
[2024-12-17T21:01:55.771+0000] {processor.py:914} INFO - Processing file /home/airflow/.local/lib/python3.12/site-packages/airflow/example_dags/example_bash_operator.py for tasks to queue
[2024-12-17T21:01:55.773+0000] {logging_mixin.py:190} INFO - [2024-12-17T21:01:55.773+0000] {dagbag.py:588} INFO - Filling up the DagBag from /home/airflow/.local/lib/python3.12/site-packages/airflow/example_dags/example_bash_operator.py
[2024-12-17T21:01:55.786+0000] {processor.py:925} INFO - DAG(s) 'example_bash_operator' retrieved from /home/airflow/.local/lib/python3.12/site-packages/airflow/example_dags/example_bash_operator.py
[2024-12-17T21:01:55.811+0000] {logging_mixin.py:190} INFO - [2024-12-17T21:01:55.810+0000] {dag.py:3239} INFO - Sync 1 DAGs
[2024-12-17T21:01:55.833+0000] {logging_mixin.py:190} INFO - [2024-12-17T21:01:55.833+0000] {dag.py:4180} INFO - Setting next_dagrun for example_bash_operator to 2024-12-16 00:00:00+00:00, run_after=2024-12-17 00:00:00+00:00
[2024-12-17T21:01:55.850+0000] {processor.py:208} INFO - Processing /home/airflow/.local/lib/python3.12/site-packages/airflow/example_dags/example_bash_operator.py took 0.086 seconds
[2024-12-17T21:02:26.097+0000] {processor.py:186} INFO - Started process (PID=250) to work on /home/airflow/.local/lib/python3.12/site-packages/airflow/example_dags/example_bash_operator.py
[2024-12-17T21:02:26.099+0000] {processor.py:914} INFO - Processing file /home/airflow/.local/lib/python3.12/site-packages/airflow/example_dags/example_bash_operator.py for tasks to queue
[2024-12-17T21:02:26.103+0000] {logging_mixin.py:190} INFO - [2024-12-17T21:02:26.102+0000] {dagbag.py:588} INFO - Filling up the DagBag from /home/airflow/.local/lib/python3.12/site-packages/airflow/example_dags/example_bash_operator.py
[2024-12-17T21:02:26.122+0000] {processor.py:925} INFO - DAG(s) 'example_bash_operator' retrieved from /home/airflow/.local/lib/python3.12/site-packages/airflow/example_dags/example_bash_operator.py
[2024-12-17T21:02:26.162+0000] {logging_mixin.py:190} INFO - [2024-12-17T21:02:26.161+0000] {dag.py:3239} INFO - Sync 1 DAGs
[2024-12-17T21:02:26.195+0000] {logging_mixin.py:190} INFO - [2024-12-17T21:02:26.195+0000] {dag.py:4180} INFO - Setting next_dagrun for example_bash_operator to 2024-12-16 00:00:00+00:00, run_after=2024-12-17 00:00:00+00:00
[2024-12-17T21:02:26.223+0000] {processor.py:208} INFO - Processing /home/airflow/.local/lib/python3.12/site-packages/airflow/example_dags/example_bash_operator.py took 0.135 seconds
[2024-12-17T21:02:56.427+0000] {processor.py:186} INFO - Started process (PID=314) to work on /home/airflow/.local/lib/python3.12/site-packages/airflow/example_dags/example_bash_operator.py
[2024-12-17T21:02:56.428+0000] {processor.py:914} INFO - Processing file /home/airflow/.local/lib/python3.12/site-packages/airflow/example_dags/example_bash_operator.py for tasks to queue
[2024-12-17T21:02:56.431+0000] {logging_mixin.py:190} INFO - [2024-12-17T21:02:56.430+0000] {dagbag.py:588} INFO - Filling up the DagBag from /home/airflow/.local/lib/python3.12/site-packages/airflow/example_dags/example_bash_operator.py
[2024-12-17T21:02:56.444+0000] {processor.py:925} INFO - DAG(s) 'example_bash_operator' retrieved from /home/airflow/.local/lib/python3.12/site-packages/airflow/example_dags/example_bash_operator.py
[2024-12-17T21:02:56.469+0000] {logging_mixin.py:190} INFO - [2024-12-17T21:02:56.469+0000] {dag.py:3239} INFO - Sync 1 DAGs
[2024-12-17T21:02:56.496+0000] {logging_mixin.py:190} INFO - [2024-12-17T21:02:56.496+0000] {dag.py:4180} INFO - Setting next_dagrun for example_bash_operator to 2024-12-16 00:00:00+00:00, run_after=2024-12-17 00:00:00+00:00
[2024-12-17T21:02:56.514+0000] {processor.py:208} INFO - Processing /home/airflow/.local/lib/python3.12/site-packages/airflow/example_dags/example_bash_operator.py took 0.092 seconds
[2024-12-17T21:03:27.397+0000] {processor.py:186} INFO - Started process (PID=378) to work on /home/airflow/.local/lib/python3.12/site-packages/airflow/example_dags/example_bash_operator.py
[2024-12-17T21:03:27.398+0000] {processor.py:914} INFO - Processing file /home/airflow/.local/lib/python3.12/site-packages/airflow/example_dags/example_bash_operator.py for tasks to queue
[2024-12-17T21:03:27.401+0000] {logging_mixin.py:190} INFO - [2024-12-17T21:03:27.400+0000] {dagbag.py:588} INFO - Filling up the DagBag from /home/airflow/.local/lib/python3.12/site-packages/airflow/example_dags/example_bash_operator.py
[2024-12-17T21:03:27.413+0000] {processor.py:925} INFO - DAG(s) 'example_bash_operator' retrieved from /home/airflow/.local/lib/python3.12/site-packages/airflow/example_dags/example_bash_operator.py
[2024-12-17T21:03:27.438+0000] {logging_mixin.py:190} INFO - [2024-12-17T21:03:27.437+0000] {dag.py:3239} INFO - Sync 1 DAGs
[2024-12-17T21:03:27.460+0000] {logging_mixin.py:190} INFO - [2024-12-17T21:03:27.459+0000] {dag.py:4180} INFO - Setting next_dagrun for example_bash_operator to 2024-12-16 00:00:00+00:00, run_after=2024-12-17 00:00:00+00:00
[2024-12-17T21:03:27.484+0000] {processor.py:208} INFO - Processing /home/airflow/.local/lib/python3.12/site-packages/airflow/example_dags/example_bash_operator.py took 0.092 seconds
[2024-12-17T21:03:57.731+0000] {processor.py:186} INFO - Started process (PID=441) to work on /home/airflow/.local/lib/python3.12/site-packages/airflow/example_dags/example_bash_operator.py
[2024-12-17T21:03:57.732+0000] {processor.py:914} INFO - Processing file /home/airflow/.local/lib/python3.12/site-packages/airflow/example_dags/example_bash_operator.py for tasks to queue
[2024-12-17T21:03:57.735+0000] {logging_mixin.py:190} INFO - [2024-12-17T21:03:57.734+0000] {dagbag.py:588} INFO - Filling up the DagBag from /home/airflow/.local/lib/python3.12/site-packages/airflow/example_dags/example_bash_operator.py
[2024-12-17T21:03:57.747+0000] {processor.py:925} INFO - DAG(s) 'example_bash_operator' retrieved from /home/airflow/.local/lib/python3.12/site-packages/airflow/example_dags/example_bash_operator.py
[2024-12-17T21:03:57.772+0000] {logging_mixin.py:190} INFO - [2024-12-17T21:03:57.772+0000] {dag.py:3239} INFO - Sync 1 DAGs
[2024-12-17T21:03:57.794+0000] {logging_mixin.py:190} INFO - [2024-12-17T21:03:57.794+0000] {dag.py:4180} INFO - Setting next_dagrun for example_bash_operator to 2024-12-16 00:00:00+00:00, run_after=2024-12-17 00:00:00+00:00
[2024-12-17T21:03:57.813+0000] {processor.py:208} INFO - Processing /home/airflow/.local/lib/python3.12/site-packages/airflow/example_dags/example_bash_operator.py took 0.087 seconds
[2024-12-17T21:04:29.727+0000] {processor.py:186} INFO - Started process (PID=506) to work on /home/airflow/.local/lib/python3.12/site-packages/airflow/example_dags/example_bash_operator.py
[2024-12-17T21:04:29.728+0000] {processor.py:914} INFO - Processing file /home/airflow/.local/lib/python3.12/site-packages/airflow/example_dags/example_bash_operator.py for tasks to queue
[2024-12-17T21:04:29.729+0000] {logging_mixin.py:190} INFO - [2024-12-17T21:04:29.729+0000] {dagbag.py:588} INFO - Filling up the DagBag from /home/airflow/.local/lib/python3.12/site-packages/airflow/example_dags/example_bash_operator.py
[2024-12-17T21:04:29.749+0000] {processor.py:925} INFO - DAG(s) 'example_bash_operator' retrieved from /home/airflow/.local/lib/python3.12/site-packages/airflow/example_dags/example_bash_operator.py
[2024-12-17T21:04:29.793+0000] {logging_mixin.py:190} INFO - [2024-12-17T21:04:29.792+0000] {dag.py:3239} INFO - Sync 1 DAGs
[2024-12-17T21:04:29.832+0000] {logging_mixin.py:190} INFO - [2024-12-17T21:04:29.831+0000] {dag.py:4180} INFO - Setting next_dagrun for example_bash_operator to 2024-12-16 00:00:00+00:00, run_after=2024-12-17 00:00:00+00:00
[2024-12-17T21:04:29.865+0000] {processor.py:208} INFO - Processing /home/airflow/.local/lib/python3.12/site-packages/airflow/example_dags/example_bash_operator.py took 0.144 seconds
[2024-12-17T21:05:00.881+0000] {processor.py:186} INFO - Started process (PID=570) to work on /home/airflow/.local/lib/python3.12/site-packages/airflow/example_dags/example_bash_operator.py
[2024-12-17T21:05:00.882+0000] {processor.py:914} INFO - Processing file /home/airflow/.local/lib/python3.12/site-packages/airflow/example_dags/example_bash_operator.py for tasks to queue
[2024-12-17T21:05:00.885+0000] {logging_mixin.py:190} INFO - [2024-12-17T21:05:00.884+0000] {dagbag.py:588} INFO - Filling up the DagBag from /home/airflow/.local/lib/python3.12/site-packages/airflow/example_dags/example_bash_operator.py
[2024-12-17T21:05:00.904+0000] {processor.py:925} INFO - DAG(s) 'example_bash_operator' retrieved from /home/airflow/.local/lib/python3.12/site-packages/airflow/example_dags/example_bash_operator.py
[2024-12-17T21:05:00.932+0000] {logging_mixin.py:190} INFO - [2024-12-17T21:05:00.932+0000] {dag.py:3239} INFO - Sync 1 DAGs
[2024-12-17T21:05:00.956+0000] {logging_mixin.py:190} INFO - [2024-12-17T21:05:00.956+0000] {dag.py:4180} INFO - Setting next_dagrun for example_bash_operator to 2024-12-16 00:00:00+00:00, run_after=2024-12-17 00:00:00+00:00
[2024-12-17T21:05:00.980+0000] {processor.py:208} INFO - Processing /home/airflow/.local/lib/python3.12/site-packages/airflow/example_dags/example_bash_operator.py took 0.112 seconds
[2024-12-17T21:05:31.520+0000] {processor.py:186} INFO - Started process (PID=633) to work on /home/airflow/.local/lib/python3.12/site-packages/airflow/example_dags/example_bash_operator.py
[2024-12-17T21:05:31.521+0000] {processor.py:914} INFO - Processing file /home/airflow/.local/lib/python3.12/site-packages/airflow/example_dags/example_bash_operator.py for tasks to queue
[2024-12-17T21:05:31.523+0000] {logging_mixin.py:190} INFO - [2024-12-17T21:05:31.523+0000] {dagbag.py:588} INFO - Filling up the DagBag from /home/airflow/.local/lib/python3.12/site-packages/airflow/example_dags/example_bash_operator.py
[2024-12-17T21:05:31.536+0000] {processor.py:925} INFO - DAG(s) 'example_bash_operator' retrieved from /home/airflow/.local/lib/python3.12/site-packages/airflow/example_dags/example_bash_operator.py
[2024-12-17T21:05:31.567+0000] {logging_mixin.py:190} INFO - [2024-12-17T21:05:31.567+0000] {dag.py:3239} INFO - Sync 1 DAGs
[2024-12-17T21:05:31.592+0000] {logging_mixin.py:190} INFO - [2024-12-17T21:05:31.591+0000] {dag.py:4180} INFO - Setting next_dagrun for example_bash_operator to 2024-12-16 00:00:00+00:00, run_after=2024-12-17 00:00:00+00:00
[2024-12-17T21:05:31.610+0000] {processor.py:208} INFO - Processing /home/airflow/.local/lib/python3.12/site-packages/airflow/example_dags/example_bash_operator.py took 0.095 seconds
[2024-12-17T21:06:03.060+0000] {processor.py:186} INFO - Started process (PID=697) to work on /home/airflow/.local/lib/python3.12/site-packages/airflow/example_dags/example_bash_operator.py
[2024-12-17T21:06:03.061+0000] {processor.py:914} INFO - Processing file /home/airflow/.local/lib/python3.12/site-packages/airflow/example_dags/example_bash_operator.py for tasks to queue
[2024-12-17T21:06:03.062+0000] {logging_mixin.py:190} INFO - [2024-12-17T21:06:03.062+0000] {dagbag.py:588} INFO - Filling up the DagBag from /home/airflow/.local/lib/python3.12/site-packages/airflow/example_dags/example_bash_operator.py
[2024-12-17T21:06:03.074+0000] {processor.py:925} INFO - DAG(s) 'example_bash_operator' retrieved from /home/airflow/.local/lib/python3.12/site-packages/airflow/example_dags/example_bash_operator.py
[2024-12-17T21:06:03.099+0000] {logging_mixin.py:190} INFO - [2024-12-17T21:06:03.099+0000] {dag.py:3239} INFO - Sync 1 DAGs
[2024-12-17T21:06:03.122+0000] {logging_mixin.py:190} INFO - [2024-12-17T21:06:03.122+0000] {dag.py:4180} INFO - Setting next_dagrun for example_bash_operator to 2024-12-16 00:00:00+00:00, run_after=2024-12-17 00:00:00+00:00
[2024-12-17T21:06:03.146+0000] {processor.py:208} INFO - Processing /home/airflow/.local/lib/python3.12/site-packages/airflow/example_dags/example_bash_operator.py took 0.091 seconds
[2024-12-17T21:06:33.796+0000] {processor.py:186} INFO - Started process (PID=761) to work on /home/airflow/.local/lib/python3.12/site-packages/airflow/example_dags/example_bash_operator.py
[2024-12-17T21:06:33.798+0000] {processor.py:914} INFO - Processing file /home/airflow/.local/lib/python3.12/site-packages/airflow/example_dags/example_bash_operator.py for tasks to queue
[2024-12-17T21:06:33.799+0000] {logging_mixin.py:190} INFO - [2024-12-17T21:06:33.799+0000] {dagbag.py:588} INFO - Filling up the DagBag from /home/airflow/.local/lib/python3.12/site-packages/airflow/example_dags/example_bash_operator.py
[2024-12-17T21:06:33.813+0000] {processor.py:925} INFO - DAG(s) 'example_bash_operator' retrieved from /home/airflow/.local/lib/python3.12/site-packages/airflow/example_dags/example_bash_operator.py
[2024-12-17T21:06:33.840+0000] {logging_mixin.py:190} INFO - [2024-12-17T21:06:33.840+0000] {dag.py:3239} INFO - Sync 1 DAGs
[2024-12-17T21:06:33.863+0000] {logging_mixin.py:190} INFO - [2024-12-17T21:06:33.863+0000] {dag.py:4180} INFO - Setting next_dagrun for example_bash_operator to 2024-12-16 00:00:00+00:00, run_after=2024-12-17 00:00:00+00:00
[2024-12-17T21:06:33.880+0000] {processor.py:208} INFO - Processing /home/airflow/.local/lib/python3.12/site-packages/airflow/example_dags/example_bash_operator.py took 0.090 seconds
[2024-12-17T21:07:05.170+0000] {processor.py:186} INFO - Started process (PID=825) to work on /home/airflow/.local/lib/python3.12/site-packages/airflow/example_dags/example_bash_operator.py
[2024-12-17T21:07:05.171+0000] {processor.py:914} INFO - Processing file /home/airflow/.local/lib/python3.12/site-packages/airflow/example_dags/example_bash_operator.py for tasks to queue
[2024-12-17T21:07:05.172+0000] {logging_mixin.py:190} INFO - [2024-12-17T21:07:05.172+0000] {dagbag.py:588} INFO - Filling up the DagBag from /home/airflow/.local/lib/python3.12/site-packages/airflow/example_dags/example_bash_operator.py
[2024-12-17T21:07:05.185+0000] {processor.py:925} INFO - DAG(s) 'example_bash_operator' retrieved from /home/airflow/.local/lib/python3.12/site-packages/airflow/example_dags/example_bash_operator.py
[2024-12-17T21:07:05.210+0000] {logging_mixin.py:190} INFO - [2024-12-17T21:07:05.209+0000] {dag.py:3239} INFO - Sync 1 DAGs
[2024-12-17T21:07:05.233+0000] {logging_mixin.py:190} INFO - [2024-12-17T21:07:05.233+0000] {dag.py:4180} INFO - Setting next_dagrun for example_bash_operator to 2024-12-16 00:00:00+00:00, run_after=2024-12-17 00:00:00+00:00
[2024-12-17T21:07:05.257+0000] {processor.py:208} INFO - Processing /home/airflow/.local/lib/python3.12/site-packages/airflow/example_dags/example_bash_operator.py took 0.093 seconds
[2024-12-17T21:07:37.052+0000] {processor.py:186} INFO - Started process (PID=889) to work on /home/airflow/.local/lib/python3.12/site-packages/airflow/example_dags/example_bash_operator.py
[2024-12-17T21:07:37.053+0000] {processor.py:914} INFO - Processing file /home/airflow/.local/lib/python3.12/site-packages/airflow/example_dags/example_bash_operator.py for tasks to queue
[2024-12-17T21:07:37.055+0000] {logging_mixin.py:190} INFO - [2024-12-17T21:07:37.054+0000] {dagbag.py:588} INFO - Filling up the DagBag from /home/airflow/.local/lib/python3.12/site-packages/airflow/example_dags/example_bash_operator.py
[2024-12-17T21:07:37.069+0000] {processor.py:925} INFO - DAG(s) 'example_bash_operator' retrieved from /home/airflow/.local/lib/python3.12/site-packages/airflow/example_dags/example_bash_operator.py
[2024-12-17T21:07:37.101+0000] {logging_mixin.py:190} INFO - [2024-12-17T21:07:37.101+0000] {dag.py:3239} INFO - Sync 1 DAGs
[2024-12-17T21:07:37.129+0000] {logging_mixin.py:190} INFO - [2024-12-17T21:07:37.129+0000] {dag.py:4180} INFO - Setting next_dagrun for example_bash_operator to 2024-12-16 00:00:00+00:00, run_after=2024-12-17 00:00:00+00:00
[2024-12-17T21:07:37.148+0000] {processor.py:208} INFO - Processing /home/airflow/.local/lib/python3.12/site-packages/airflow/example_dags/example_bash_operator.py took 0.104 seconds
[2024-12-17T21:08:08.086+0000] {processor.py:186} INFO - Started process (PID=953) to work on /home/airflow/.local/lib/python3.12/site-packages/airflow/example_dags/example_bash_operator.py
[2024-12-17T21:08:08.087+0000] {processor.py:914} INFO - Processing file /home/airflow/.local/lib/python3.12/site-packages/airflow/example_dags/example_bash_operator.py for tasks to queue
[2024-12-17T21:08:08.089+0000] {logging_mixin.py:190} INFO - [2024-12-17T21:08:08.088+0000] {dagbag.py:588} INFO - Filling up the DagBag from /home/airflow/.local/lib/python3.12/site-packages/airflow/example_dags/example_bash_operator.py
[2024-12-17T21:08:08.103+0000] {processor.py:925} INFO - DAG(s) 'example_bash_operator' retrieved from /home/airflow/.local/lib/python3.12/site-packages/airflow/example_dags/example_bash_operator.py
[2024-12-17T21:08:08.133+0000] {logging_mixin.py:190} INFO - [2024-12-17T21:08:08.132+0000] {dag.py:3239} INFO - Sync 1 DAGs
[2024-12-17T21:08:08.161+0000] {logging_mixin.py:190} INFO - [2024-12-17T21:08:08.160+0000] {dag.py:4180} INFO - Setting next_dagrun for example_bash_operator to 2024-12-16 00:00:00+00:00, run_after=2024-12-17 00:00:00+00:00
[2024-12-17T21:08:08.181+0000] {processor.py:208} INFO - Processing /home/airflow/.local/lib/python3.12/site-packages/airflow/example_dags/example_bash_operator.py took 0.102 seconds
[2024-12-17T21:08:38.448+0000] {processor.py:186} INFO - Started process (PID=1018) to work on /home/airflow/.local/lib/python3.12/site-packages/airflow/example_dags/example_bash_operator.py
[2024-12-17T21:08:38.450+0000] {processor.py:914} INFO - Processing file /home/airflow/.local/lib/python3.12/site-packages/airflow/example_dags/example_bash_operator.py for tasks to queue
[2024-12-17T21:08:38.451+0000] {logging_mixin.py:190} INFO - [2024-12-17T21:08:38.451+0000] {dagbag.py:588} INFO - Filling up the DagBag from /home/airflow/.local/lib/python3.12/site-packages/airflow/example_dags/example_bash_operator.py
[2024-12-17T21:08:38.464+0000] {processor.py:925} INFO - DAG(s) 'example_bash_operator' retrieved from /home/airflow/.local/lib/python3.12/site-packages/airflow/example_dags/example_bash_operator.py
[2024-12-17T21:08:38.489+0000] {logging_mixin.py:190} INFO - [2024-12-17T21:08:38.488+0000] {dag.py:3239} INFO - Sync 1 DAGs
[2024-12-17T21:08:38.512+0000] {logging_mixin.py:190} INFO - [2024-12-17T21:08:38.512+0000] {dag.py:4180} INFO - Setting next_dagrun for example_bash_operator to 2024-12-16 00:00:00+00:00, run_after=2024-12-17 00:00:00+00:00
[2024-12-17T21:08:38.531+0000] {processor.py:208} INFO - Processing /home/airflow/.local/lib/python3.12/site-packages/airflow/example_dags/example_bash_operator.py took 0.087 seconds
[2024-12-17T21:09:10.267+0000] {processor.py:186} INFO - Started process (PID=1083) to work on /home/airflow/.local/lib/python3.12/site-packages/airflow/example_dags/example_bash_operator.py
[2024-12-17T21:09:10.268+0000] {processor.py:914} INFO - Processing file /home/airflow/.local/lib/python3.12/site-packages/airflow/example_dags/example_bash_operator.py for tasks to queue
[2024-12-17T21:09:10.269+0000] {logging_mixin.py:190} INFO - [2024-12-17T21:09:10.268+0000] {dagbag.py:588} INFO - Filling up the DagBag from /home/airflow/.local/lib/python3.12/site-packages/airflow/example_dags/example_bash_operator.py
[2024-12-17T21:09:10.281+0000] {processor.py:925} INFO - DAG(s) 'example_bash_operator' retrieved from /home/airflow/.local/lib/python3.12/site-packages/airflow/example_dags/example_bash_operator.py
[2024-12-17T21:09:10.306+0000] {logging_mixin.py:190} INFO - [2024-12-17T21:09:10.306+0000] {dag.py:3239} INFO - Sync 1 DAGs
[2024-12-17T21:09:10.330+0000] {logging_mixin.py:190} INFO - [2024-12-17T21:09:10.330+0000] {dag.py:4180} INFO - Setting next_dagrun for example_bash_operator to 2024-12-16 00:00:00+00:00, run_after=2024-12-17 00:00:00+00:00
[2024-12-17T21:09:10.355+0000] {processor.py:208} INFO - Processing /home/airflow/.local/lib/python3.12/site-packages/airflow/example_dags/example_bash_operator.py took 0.094 seconds
[2024-12-17T21:09:41.767+0000] {processor.py:186} INFO - Started process (PID=1147) to work on /home/airflow/.local/lib/python3.12/site-packages/airflow/example_dags/example_bash_operator.py
[2024-12-17T21:09:41.768+0000] {processor.py:914} INFO - Processing file /home/airflow/.local/lib/python3.12/site-packages/airflow/example_dags/example_bash_operator.py for tasks to queue
[2024-12-17T21:09:41.770+0000] {logging_mixin.py:190} INFO - [2024-12-17T21:09:41.769+0000] {dagbag.py:588} INFO - Filling up the DagBag from /home/airflow/.local/lib/python3.12/site-packages/airflow/example_dags/example_bash_operator.py
[2024-12-17T21:09:41.786+0000] {processor.py:925} INFO - DAG(s) 'example_bash_operator' retrieved from /home/airflow/.local/lib/python3.12/site-packages/airflow/example_dags/example_bash_operator.py
[2024-12-17T21:09:41.821+0000] {logging_mixin.py:190} INFO - [2024-12-17T21:09:41.821+0000] {dag.py:3239} INFO - Sync 1 DAGs
[2024-12-17T21:09:41.860+0000] {logging_mixin.py:190} INFO - [2024-12-17T21:09:41.860+0000] {dag.py:4180} INFO - Setting next_dagrun for example_bash_operator to 2024-12-16 00:00:00+00:00, run_after=2024-12-17 00:00:00+00:00
[2024-12-17T21:09:41.886+0000] {processor.py:208} INFO - Processing /home/airflow/.local/lib/python3.12/site-packages/airflow/example_dags/example_bash_operator.py took 0.128 seconds
[2024-12-17T21:10:13.172+0000] {processor.py:186} INFO - Started process (PID=1217) to work on /home/airflow/.local/lib/python3.12/site-packages/airflow/example_dags/example_bash_operator.py
[2024-12-17T21:10:13.173+0000] {processor.py:914} INFO - Processing file /home/airflow/.local/lib/python3.12/site-packages/airflow/example_dags/example_bash_operator.py for tasks to queue
[2024-12-17T21:10:13.174+0000] {logging_mixin.py:190} INFO - [2024-12-17T21:10:13.174+0000] {dagbag.py:588} INFO - Filling up the DagBag from /home/airflow/.local/lib/python3.12/site-packages/airflow/example_dags/example_bash_operator.py
[2024-12-17T21:10:13.188+0000] {processor.py:925} INFO - DAG(s) 'example_bash_operator' retrieved from /home/airflow/.local/lib/python3.12/site-packages/airflow/example_dags/example_bash_operator.py
[2024-12-17T21:10:13.220+0000] {logging_mixin.py:190} INFO - [2024-12-17T21:10:13.219+0000] {dag.py:3239} INFO - Sync 1 DAGs
[2024-12-17T21:10:13.247+0000] {logging_mixin.py:190} INFO - [2024-12-17T21:10:13.246+0000] {dag.py:4180} INFO - Setting next_dagrun for example_bash_operator to 2024-12-16 00:00:00+00:00, run_after=2024-12-17 00:00:00+00:00
[2024-12-17T21:10:13.266+0000] {processor.py:208} INFO - Processing /home/airflow/.local/lib/python3.12/site-packages/airflow/example_dags/example_bash_operator.py took 0.100 seconds
[2024-12-17T21:10:44.513+0000] {processor.py:186} INFO - Started process (PID=1281) to work on /home/airflow/.local/lib/python3.12/site-packages/airflow/example_dags/example_bash_operator.py
[2024-12-17T21:10:44.514+0000] {processor.py:914} INFO - Processing file /home/airflow/.local/lib/python3.12/site-packages/airflow/example_dags/example_bash_operator.py for tasks to queue
[2024-12-17T21:10:44.516+0000] {logging_mixin.py:190} INFO - [2024-12-17T21:10:44.516+0000] {dagbag.py:588} INFO - Filling up the DagBag from /home/airflow/.local/lib/python3.12/site-packages/airflow/example_dags/example_bash_operator.py
[2024-12-17T21:10:44.529+0000] {processor.py:925} INFO - DAG(s) 'example_bash_operator' retrieved from /home/airflow/.local/lib/python3.12/site-packages/airflow/example_dags/example_bash_operator.py
[2024-12-17T21:10:44.557+0000] {logging_mixin.py:190} INFO - [2024-12-17T21:10:44.557+0000] {dag.py:3239} INFO - Sync 1 DAGs
[2024-12-17T21:10:44.585+0000] {logging_mixin.py:190} INFO - [2024-12-17T21:10:44.585+0000] {dag.py:4180} INFO - Setting next_dagrun for example_bash_operator to 2024-12-16 00:00:00+00:00, run_after=2024-12-17 00:00:00+00:00
[2024-12-17T21:10:44.603+0000] {processor.py:208} INFO - Processing /home/airflow/.local/lib/python3.12/site-packages/airflow/example_dags/example_bash_operator.py took 0.095 seconds
[2024-12-17T21:11:15.748+0000] {processor.py:186} INFO - Started process (PID=1345) to work on /home/airflow/.local/lib/python3.12/site-packages/airflow/example_dags/example_bash_operator.py
[2024-12-17T21:11:15.749+0000] {processor.py:914} INFO - Processing file /home/airflow/.local/lib/python3.12/site-packages/airflow/example_dags/example_bash_operator.py for tasks to queue
[2024-12-17T21:11:15.750+0000] {logging_mixin.py:190} INFO - [2024-12-17T21:11:15.750+0000] {dagbag.py:588} INFO - Filling up the DagBag from /home/airflow/.local/lib/python3.12/site-packages/airflow/example_dags/example_bash_operator.py
[2024-12-17T21:11:15.762+0000] {processor.py:925} INFO - DAG(s) 'example_bash_operator' retrieved from /home/airflow/.local/lib/python3.12/site-packages/airflow/example_dags/example_bash_operator.py
[2024-12-17T21:11:15.787+0000] {logging_mixin.py:190} INFO - [2024-12-17T21:11:15.787+0000] {dag.py:3239} INFO - Sync 1 DAGs
[2024-12-17T21:11:15.811+0000] {logging_mixin.py:190} INFO - [2024-12-17T21:11:15.811+0000] {dag.py:4180} INFO - Setting next_dagrun for example_bash_operator to 2024-12-16 00:00:00+00:00, run_after=2024-12-17 00:00:00+00:00
[2024-12-17T21:11:15.829+0000] {processor.py:208} INFO - Processing /home/airflow/.local/lib/python3.12/site-packages/airflow/example_dags/example_bash_operator.py took 0.087 seconds
[2024-12-17T21:11:47.836+0000] {processor.py:186} INFO - Started process (PID=1411) to work on /home/airflow/.local/lib/python3.12/site-packages/airflow/example_dags/example_bash_operator.py
[2024-12-17T21:11:47.837+0000] {processor.py:914} INFO - Processing file /home/airflow/.local/lib/python3.12/site-packages/airflow/example_dags/example_bash_operator.py for tasks to queue
[2024-12-17T21:11:47.839+0000] {logging_mixin.py:190} INFO - [2024-12-17T21:11:47.838+0000] {dagbag.py:588} INFO - Filling up the DagBag from /home/airflow/.local/lib/python3.12/site-packages/airflow/example_dags/example_bash_operator.py
[2024-12-17T21:11:47.851+0000] {processor.py:925} INFO - DAG(s) 'example_bash_operator' retrieved from /home/airflow/.local/lib/python3.12/site-packages/airflow/example_dags/example_bash_operator.py
[2024-12-17T21:11:47.876+0000] {logging_mixin.py:190} INFO - [2024-12-17T21:11:47.876+0000] {dag.py:3239} INFO - Sync 1 DAGs
[2024-12-17T21:11:47.899+0000] {logging_mixin.py:190} INFO - [2024-12-17T21:11:47.899+0000] {dag.py:4180} INFO - Setting next_dagrun for example_bash_operator to 2024-12-16 00:00:00+00:00, run_after=2024-12-17 00:00:00+00:00
[2024-12-17T21:11:47.917+0000] {processor.py:208} INFO - Processing /home/airflow/.local/lib/python3.12/site-packages/airflow/example_dags/example_bash_operator.py took 0.086 seconds
[2024-12-17T21:12:18.625+0000] {processor.py:186} INFO - Started process (PID=1475) to work on /home/airflow/.local/lib/python3.12/site-packages/airflow/example_dags/example_bash_operator.py
[2024-12-17T21:12:18.627+0000] {processor.py:914} INFO - Processing file /home/airflow/.local/lib/python3.12/site-packages/airflow/example_dags/example_bash_operator.py for tasks to queue
[2024-12-17T21:12:18.628+0000] {logging_mixin.py:190} INFO - [2024-12-17T21:12:18.628+0000] {dagbag.py:588} INFO - Filling up the DagBag from /home/airflow/.local/lib/python3.12/site-packages/airflow/example_dags/example_bash_operator.py
[2024-12-17T21:12:18.640+0000] {processor.py:925} INFO - DAG(s) 'example_bash_operator' retrieved from /home/airflow/.local/lib/python3.12/site-packages/airflow/example_dags/example_bash_operator.py
[2024-12-17T21:12:18.665+0000] {logging_mixin.py:190} INFO - [2024-12-17T21:12:18.665+0000] {dag.py:3239} INFO - Sync 1 DAGs
[2024-12-17T21:12:18.690+0000] {logging_mixin.py:190} INFO - [2024-12-17T21:12:18.690+0000] {dag.py:4180} INFO - Setting next_dagrun for example_bash_operator to 2024-12-16 00:00:00+00:00, run_after=2024-12-17 00:00:00+00:00
[2024-12-17T21:12:18.716+0000] {processor.py:208} INFO - Processing /home/airflow/.local/lib/python3.12/site-packages/airflow/example_dags/example_bash_operator.py took 0.096 seconds
[2024-12-17T21:12:50.353+0000] {processor.py:186} INFO - Started process (PID=1540) to work on /home/airflow/.local/lib/python3.12/site-packages/airflow/example_dags/example_bash_operator.py
[2024-12-17T21:12:50.354+0000] {processor.py:914} INFO - Processing file /home/airflow/.local/lib/python3.12/site-packages/airflow/example_dags/example_bash_operator.py for tasks to queue
[2024-12-17T21:12:50.355+0000] {logging_mixin.py:190} INFO - [2024-12-17T21:12:50.355+0000] {dagbag.py:588} INFO - Filling up the DagBag from /home/airflow/.local/lib/python3.12/site-packages/airflow/example_dags/example_bash_operator.py
[2024-12-17T21:12:50.368+0000] {processor.py:925} INFO - DAG(s) 'example_bash_operator' retrieved from /home/airflow/.local/lib/python3.12/site-packages/airflow/example_dags/example_bash_operator.py
[2024-12-17T21:12:50.393+0000] {logging_mixin.py:190} INFO - [2024-12-17T21:12:50.393+0000] {dag.py:3239} INFO - Sync 1 DAGs
[2024-12-17T21:12:50.420+0000] {logging_mixin.py:190} INFO - [2024-12-17T21:12:50.419+0000] {dag.py:4180} INFO - Setting next_dagrun for example_bash_operator to 2024-12-16 00:00:00+00:00, run_after=2024-12-17 00:00:00+00:00
[2024-12-17T21:12:50.436+0000] {processor.py:208} INFO - Processing /home/airflow/.local/lib/python3.12/site-packages/airflow/example_dags/example_bash_operator.py took 0.089 seconds
[2024-12-17T21:13:20.985+0000] {processor.py:186} INFO - Started process (PID=1604) to work on /home/airflow/.local/lib/python3.12/site-packages/airflow/example_dags/example_bash_operator.py
[2024-12-17T21:13:20.986+0000] {processor.py:914} INFO - Processing file /home/airflow/.local/lib/python3.12/site-packages/airflow/example_dags/example_bash_operator.py for tasks to queue
[2024-12-17T21:13:20.987+0000] {logging_mixin.py:190} INFO - [2024-12-17T21:13:20.987+0000] {dagbag.py:588} INFO - Filling up the DagBag from /home/airflow/.local/lib/python3.12/site-packages/airflow/example_dags/example_bash_operator.py
[2024-12-17T21:13:21.006+0000] {processor.py:925} INFO - DAG(s) 'example_bash_operator' retrieved from /home/airflow/.local/lib/python3.12/site-packages/airflow/example_dags/example_bash_operator.py
[2024-12-17T21:13:21.034+0000] {logging_mixin.py:190} INFO - [2024-12-17T21:13:21.034+0000] {dag.py:3239} INFO - Sync 1 DAGs
[2024-12-17T21:13:21.058+0000] {logging_mixin.py:190} INFO - [2024-12-17T21:13:21.058+0000] {dag.py:4180} INFO - Setting next_dagrun for example_bash_operator to 2024-12-16 00:00:00+00:00, run_after=2024-12-17 00:00:00+00:00
[2024-12-17T21:13:21.076+0000] {processor.py:208} INFO - Processing /home/airflow/.local/lib/python3.12/site-packages/airflow/example_dags/example_bash_operator.py took 0.097 seconds
[2024-12-17T21:13:52.270+0000] {processor.py:186} INFO - Started process (PID=1668) to work on /home/airflow/.local/lib/python3.12/site-packages/airflow/example_dags/example_bash_operator.py
[2024-12-17T21:13:52.271+0000] {processor.py:914} INFO - Processing file /home/airflow/.local/lib/python3.12/site-packages/airflow/example_dags/example_bash_operator.py for tasks to queue
[2024-12-17T21:13:52.273+0000] {logging_mixin.py:190} INFO - [2024-12-17T21:13:52.272+0000] {dagbag.py:588} INFO - Filling up the DagBag from /home/airflow/.local/lib/python3.12/site-packages/airflow/example_dags/example_bash_operator.py
[2024-12-17T21:13:52.285+0000] {processor.py:925} INFO - DAG(s) 'example_bash_operator' retrieved from /home/airflow/.local/lib/python3.12/site-packages/airflow/example_dags/example_bash_operator.py
[2024-12-17T21:13:52.311+0000] {logging_mixin.py:190} INFO - [2024-12-17T21:13:52.311+0000] {dag.py:3239} INFO - Sync 1 DAGs
[2024-12-17T21:13:52.334+0000] {logging_mixin.py:190} INFO - [2024-12-17T21:13:52.334+0000] {dag.py:4180} INFO - Setting next_dagrun for example_bash_operator to 2024-12-16 00:00:00+00:00, run_after=2024-12-17 00:00:00+00:00
[2024-12-17T21:13:52.352+0000] {processor.py:208} INFO - Processing /home/airflow/.local/lib/python3.12/site-packages/airflow/example_dags/example_bash_operator.py took 0.087 seconds
[2024-12-17T21:14:23.212+0000] {processor.py:186} INFO - Started process (PID=1732) to work on /home/airflow/.local/lib/python3.12/site-packages/airflow/example_dags/example_bash_operator.py
[2024-12-17T21:14:23.213+0000] {processor.py:914} INFO - Processing file /home/airflow/.local/lib/python3.12/site-packages/airflow/example_dags/example_bash_operator.py for tasks to queue
[2024-12-17T21:14:23.215+0000] {logging_mixin.py:190} INFO - [2024-12-17T21:14:23.214+0000] {dagbag.py:588} INFO - Filling up the DagBag from /home/airflow/.local/lib/python3.12/site-packages/airflow/example_dags/example_bash_operator.py
[2024-12-17T21:14:23.228+0000] {processor.py:925} INFO - DAG(s) 'example_bash_operator' retrieved from /home/airflow/.local/lib/python3.12/site-packages/airflow/example_dags/example_bash_operator.py
[2024-12-17T21:14:23.253+0000] {logging_mixin.py:190} INFO - [2024-12-17T21:14:23.253+0000] {dag.py:3239} INFO - Sync 1 DAGs
[2024-12-17T21:14:23.277+0000] {logging_mixin.py:190} INFO - [2024-12-17T21:14:23.277+0000] {dag.py:4180} INFO - Setting next_dagrun for example_bash_operator to 2024-12-16 00:00:00+00:00, run_after=2024-12-17 00:00:00+00:00
[2024-12-17T21:14:23.303+0000] {processor.py:208} INFO - Processing /home/airflow/.local/lib/python3.12/site-packages/airflow/example_dags/example_bash_operator.py took 0.097 seconds
[2024-12-17T21:14:54.171+0000] {processor.py:186} INFO - Started process (PID=1795) to work on /home/airflow/.local/lib/python3.12/site-packages/airflow/example_dags/example_bash_operator.py
[2024-12-17T21:14:54.172+0000] {processor.py:914} INFO - Processing file /home/airflow/.local/lib/python3.12/site-packages/airflow/example_dags/example_bash_operator.py for tasks to queue
[2024-12-17T21:14:54.173+0000] {logging_mixin.py:190} INFO - [2024-12-17T21:14:54.173+0000] {dagbag.py:588} INFO - Filling up the DagBag from /home/airflow/.local/lib/python3.12/site-packages/airflow/example_dags/example_bash_operator.py
[2024-12-17T21:14:54.186+0000] {processor.py:925} INFO - DAG(s) 'example_bash_operator' retrieved from /home/airflow/.local/lib/python3.12/site-packages/airflow/example_dags/example_bash_operator.py
[2024-12-17T21:14:54.210+0000] {logging_mixin.py:190} INFO - [2024-12-17T21:14:54.210+0000] {dag.py:3239} INFO - Sync 1 DAGs
[2024-12-17T21:14:54.233+0000] {logging_mixin.py:190} INFO - [2024-12-17T21:14:54.233+0000] {dag.py:4180} INFO - Setting next_dagrun for example_bash_operator to 2024-12-16 00:00:00+00:00, run_after=2024-12-17 00:00:00+00:00
[2024-12-17T21:14:54.257+0000] {processor.py:208} INFO - Processing /home/airflow/.local/lib/python3.12/site-packages/airflow/example_dags/example_bash_operator.py took 0.091 seconds
[2024-12-17T21:15:25.103+0000] {processor.py:186} INFO - Started process (PID=1859) to work on /home/airflow/.local/lib/python3.12/site-packages/airflow/example_dags/example_bash_operator.py
[2024-12-17T21:15:25.104+0000] {processor.py:914} INFO - Processing file /home/airflow/.local/lib/python3.12/site-packages/airflow/example_dags/example_bash_operator.py for tasks to queue
[2024-12-17T21:15:25.105+0000] {logging_mixin.py:190} INFO - [2024-12-17T21:15:25.105+0000] {dagbag.py:588} INFO - Filling up the DagBag from /home/airflow/.local/lib/python3.12/site-packages/airflow/example_dags/example_bash_operator.py
[2024-12-17T21:15:25.117+0000] {processor.py:925} INFO - DAG(s) 'example_bash_operator' retrieved from /home/airflow/.local/lib/python3.12/site-packages/airflow/example_dags/example_bash_operator.py
[2024-12-17T21:15:25.142+0000] {logging_mixin.py:190} INFO - [2024-12-17T21:15:25.142+0000] {dag.py:3239} INFO - Sync 1 DAGs
[2024-12-17T21:15:25.164+0000] {logging_mixin.py:190} INFO - [2024-12-17T21:15:25.164+0000] {dag.py:4180} INFO - Setting next_dagrun for example_bash_operator to 2024-12-16 00:00:00+00:00, run_after=2024-12-17 00:00:00+00:00
[2024-12-17T21:15:25.180+0000] {processor.py:208} INFO - Processing /home/airflow/.local/lib/python3.12/site-packages/airflow/example_dags/example_bash_operator.py took 0.082 seconds
[2024-12-17T21:15:56.392+0000] {processor.py:186} INFO - Started process (PID=1923) to work on /home/airflow/.local/lib/python3.12/site-packages/airflow/example_dags/example_bash_operator.py
[2024-12-17T21:15:56.393+0000] {processor.py:914} INFO - Processing file /home/airflow/.local/lib/python3.12/site-packages/airflow/example_dags/example_bash_operator.py for tasks to queue
[2024-12-17T21:15:56.395+0000] {logging_mixin.py:190} INFO - [2024-12-17T21:15:56.394+0000] {dagbag.py:588} INFO - Filling up the DagBag from /home/airflow/.local/lib/python3.12/site-packages/airflow/example_dags/example_bash_operator.py
[2024-12-17T21:15:56.409+0000] {processor.py:925} INFO - DAG(s) 'example_bash_operator' retrieved from /home/airflow/.local/lib/python3.12/site-packages/airflow/example_dags/example_bash_operator.py
[2024-12-17T21:15:56.441+0000] {logging_mixin.py:190} INFO - [2024-12-17T21:15:56.440+0000] {dag.py:3239} INFO - Sync 1 DAGs
[2024-12-17T21:15:56.470+0000] {logging_mixin.py:190} INFO - [2024-12-17T21:15:56.470+0000] {dag.py:4180} INFO - Setting next_dagrun for example_bash_operator to 2024-12-16 00:00:00+00:00, run_after=2024-12-17 00:00:00+00:00
[2024-12-17T21:15:56.487+0000] {processor.py:208} INFO - Processing /home/airflow/.local/lib/python3.12/site-packages/airflow/example_dags/example_bash_operator.py took 0.104 seconds
[2024-12-17T21:16:29.102+0000] {processor.py:186} INFO - Started process (PID=1987) to work on /home/airflow/.local/lib/python3.12/site-packages/airflow/example_dags/example_bash_operator.py
[2024-12-17T21:16:29.104+0000] {processor.py:914} INFO - Processing file /home/airflow/.local/lib/python3.12/site-packages/airflow/example_dags/example_bash_operator.py for tasks to queue
[2024-12-17T21:16:29.105+0000] {logging_mixin.py:190} INFO - [2024-12-17T21:16:29.105+0000] {dagbag.py:588} INFO - Filling up the DagBag from /home/airflow/.local/lib/python3.12/site-packages/airflow/example_dags/example_bash_operator.py
[2024-12-17T21:16:29.121+0000] {processor.py:925} INFO - DAG(s) 'example_bash_operator' retrieved from /home/airflow/.local/lib/python3.12/site-packages/airflow/example_dags/example_bash_operator.py
[2024-12-17T21:16:29.152+0000] {logging_mixin.py:190} INFO - [2024-12-17T21:16:29.152+0000] {dag.py:3239} INFO - Sync 1 DAGs
[2024-12-17T21:16:29.202+0000] {logging_mixin.py:190} INFO - [2024-12-17T21:16:29.201+0000] {dag.py:4180} INFO - Setting next_dagrun for example_bash_operator to 2024-12-16 00:00:00+00:00, run_after=2024-12-17 00:00:00+00:00
[2024-12-17T21:16:29.224+0000] {processor.py:208} INFO - Processing /home/airflow/.local/lib/python3.12/site-packages/airflow/example_dags/example_bash_operator.py took 0.129 seconds
[2024-12-17T21:17:01.349+0000] {processor.py:186} INFO - Started process (PID=2060) to work on /home/airflow/.local/lib/python3.12/site-packages/airflow/example_dags/example_bash_operator.py
[2024-12-17T21:17:01.350+0000] {processor.py:914} INFO - Processing file /home/airflow/.local/lib/python3.12/site-packages/airflow/example_dags/example_bash_operator.py for tasks to queue
[2024-12-17T21:17:01.352+0000] {logging_mixin.py:190} INFO - [2024-12-17T21:17:01.352+0000] {dagbag.py:588} INFO - Filling up the DagBag from /home/airflow/.local/lib/python3.12/site-packages/airflow/example_dags/example_bash_operator.py
[2024-12-17T21:17:01.372+0000] {processor.py:925} INFO - DAG(s) 'example_bash_operator' retrieved from /home/airflow/.local/lib/python3.12/site-packages/airflow/example_dags/example_bash_operator.py
[2024-12-17T21:17:01.408+0000] {logging_mixin.py:190} INFO - [2024-12-17T21:17:01.408+0000] {dag.py:3239} INFO - Sync 1 DAGs
[2024-12-17T21:17:01.448+0000] {logging_mixin.py:190} INFO - [2024-12-17T21:17:01.448+0000] {dag.py:4180} INFO - Setting next_dagrun for example_bash_operator to 2024-12-16 00:00:00+00:00, run_after=2024-12-17 00:00:00+00:00
[2024-12-17T21:17:01.471+0000] {processor.py:208} INFO - Processing /home/airflow/.local/lib/python3.12/site-packages/airflow/example_dags/example_bash_operator.py took 0.131 seconds
[2024-12-17T21:17:32.739+0000] {processor.py:186} INFO - Started process (PID=2130) to work on /home/airflow/.local/lib/python3.12/site-packages/airflow/example_dags/example_bash_operator.py
[2024-12-17T21:17:32.740+0000] {processor.py:914} INFO - Processing file /home/airflow/.local/lib/python3.12/site-packages/airflow/example_dags/example_bash_operator.py for tasks to queue
[2024-12-17T21:17:32.741+0000] {logging_mixin.py:190} INFO - [2024-12-17T21:17:32.741+0000] {dagbag.py:588} INFO - Filling up the DagBag from /home/airflow/.local/lib/python3.12/site-packages/airflow/example_dags/example_bash_operator.py
[2024-12-17T21:17:32.757+0000] {processor.py:925} INFO - DAG(s) 'example_bash_operator' retrieved from /home/airflow/.local/lib/python3.12/site-packages/airflow/example_dags/example_bash_operator.py
[2024-12-17T21:17:32.789+0000] {logging_mixin.py:190} INFO - [2024-12-17T21:17:32.788+0000] {dag.py:3239} INFO - Sync 1 DAGs
[2024-12-17T21:17:32.815+0000] {logging_mixin.py:190} INFO - [2024-12-17T21:17:32.815+0000] {dag.py:4180} INFO - Setting next_dagrun for example_bash_operator to 2024-12-16 00:00:00+00:00, run_after=2024-12-17 00:00:00+00:00
[2024-12-17T21:17:32.844+0000] {processor.py:208} INFO - Processing /home/airflow/.local/lib/python3.12/site-packages/airflow/example_dags/example_bash_operator.py took 0.110 seconds
