[2024-12-17T21:01:17.114+0000] {processor.py:186} INFO - Started process (PID=89) to work on /home/airflow/.local/lib/python3.12/site-packages/airflow/example_dags/example_params_trigger_ui.py
[2024-12-17T21:01:17.116+0000] {processor.py:914} INFO - Processing file /home/airflow/.local/lib/python3.12/site-packages/airflow/example_dags/example_params_trigger_ui.py for tasks to queue
[2024-12-17T21:01:17.118+0000] {logging_mixin.py:190} INFO - [2024-12-17T21:01:17.118+0000] {dagbag.py:588} INFO - Filling up the DagBag from /home/airflow/.local/lib/python3.12/site-packages/airflow/example_dags/example_params_trigger_ui.py
[2024-12-17T21:01:17.130+0000] {processor.py:925} INFO - DAG(s) 'example_params_trigger_ui' retrieved from /home/airflow/.local/lib/python3.12/site-packages/airflow/example_dags/example_params_trigger_ui.py
[2024-12-17T21:01:17.261+0000] {logging_mixin.py:190} INFO - [2024-12-17T21:01:17.261+0000] {override.py:1911} INFO - Created Permission View: can delete on DAG:example_params_trigger_ui
[2024-12-17T21:01:17.271+0000] {logging_mixin.py:190} INFO - [2024-12-17T21:01:17.270+0000] {override.py:1911} INFO - Created Permission View: can read on DAG:example_params_trigger_ui
[2024-12-17T21:01:17.277+0000] {logging_mixin.py:190} INFO - [2024-12-17T21:01:17.277+0000] {override.py:1911} INFO - Created Permission View: can edit on DAG:example_params_trigger_ui
[2024-12-17T21:01:17.284+0000] {logging_mixin.py:190} INFO - [2024-12-17T21:01:17.284+0000] {override.py:1911} INFO - Created Permission View: can create on DAG Run:example_params_trigger_ui
[2024-12-17T21:01:17.291+0000] {logging_mixin.py:190} INFO - [2024-12-17T21:01:17.291+0000] {override.py:1911} INFO - Created Permission View: menu access on DAG Run:example_params_trigger_ui
[2024-12-17T21:01:17.298+0000] {logging_mixin.py:190} INFO - [2024-12-17T21:01:17.297+0000] {override.py:1911} INFO - Created Permission View: can delete on DAG Run:example_params_trigger_ui
[2024-12-17T21:01:17.304+0000] {logging_mixin.py:190} INFO - [2024-12-17T21:01:17.304+0000] {override.py:1911} INFO - Created Permission View: can read on DAG Run:example_params_trigger_ui
[2024-12-17T21:01:17.305+0000] {logging_mixin.py:190} INFO - [2024-12-17T21:01:17.305+0000] {dag.py:3239} INFO - Sync 1 DAGs
[2024-12-17T21:01:17.319+0000] {logging_mixin.py:190} INFO - [2024-12-17T21:01:17.319+0000] {dag.py:3262} INFO - Creating ORM DAG for example_params_trigger_ui
[2024-12-17T21:01:17.320+0000] {logging_mixin.py:190} INFO - [2024-12-17T21:01:17.320+0000] {dag.py:4180} INFO - Setting next_dagrun for example_params_trigger_ui to None, run_after=None
[2024-12-17T21:01:17.344+0000] {processor.py:208} INFO - Processing /home/airflow/.local/lib/python3.12/site-packages/airflow/example_dags/example_params_trigger_ui.py took 0.235 seconds
[2024-12-17T21:01:47.620+0000] {processor.py:186} INFO - Started process (PID=152) to work on /home/airflow/.local/lib/python3.12/site-packages/airflow/example_dags/example_params_trigger_ui.py
[2024-12-17T21:01:47.622+0000] {processor.py:914} INFO - Processing file /home/airflow/.local/lib/python3.12/site-packages/airflow/example_dags/example_params_trigger_ui.py for tasks to queue
[2024-12-17T21:01:47.624+0000] {logging_mixin.py:190} INFO - [2024-12-17T21:01:47.624+0000] {dagbag.py:588} INFO - Filling up the DagBag from /home/airflow/.local/lib/python3.12/site-packages/airflow/example_dags/example_params_trigger_ui.py
[2024-12-17T21:01:47.635+0000] {processor.py:925} INFO - DAG(s) 'example_params_trigger_ui' retrieved from /home/airflow/.local/lib/python3.12/site-packages/airflow/example_dags/example_params_trigger_ui.py
[2024-12-17T21:01:47.683+0000] {logging_mixin.py:190} INFO - [2024-12-17T21:01:47.683+0000] {dag.py:3239} INFO - Sync 1 DAGs
[2024-12-17T21:01:47.699+0000] {logging_mixin.py:190} INFO - [2024-12-17T21:01:47.699+0000] {dag.py:4180} INFO - Setting next_dagrun for example_params_trigger_ui to None, run_after=None
[2024-12-17T21:01:47.719+0000] {processor.py:208} INFO - Processing /home/airflow/.local/lib/python3.12/site-packages/airflow/example_dags/example_params_trigger_ui.py took 0.105 seconds
[2024-12-17T21:02:17.938+0000] {processor.py:186} INFO - Started process (PID=217) to work on /home/airflow/.local/lib/python3.12/site-packages/airflow/example_dags/example_params_trigger_ui.py
[2024-12-17T21:02:17.940+0000] {processor.py:914} INFO - Processing file /home/airflow/.local/lib/python3.12/site-packages/airflow/example_dags/example_params_trigger_ui.py for tasks to queue
[2024-12-17T21:02:17.942+0000] {logging_mixin.py:190} INFO - [2024-12-17T21:02:17.942+0000] {dagbag.py:588} INFO - Filling up the DagBag from /home/airflow/.local/lib/python3.12/site-packages/airflow/example_dags/example_params_trigger_ui.py
[2024-12-17T21:02:17.953+0000] {processor.py:925} INFO - DAG(s) 'example_params_trigger_ui' retrieved from /home/airflow/.local/lib/python3.12/site-packages/airflow/example_dags/example_params_trigger_ui.py
[2024-12-17T21:02:18.000+0000] {logging_mixin.py:190} INFO - [2024-12-17T21:02:17.999+0000] {dag.py:3239} INFO - Sync 1 DAGs
[2024-12-17T21:02:18.013+0000] {logging_mixin.py:190} INFO - [2024-12-17T21:02:18.013+0000] {dag.py:4180} INFO - Setting next_dagrun for example_params_trigger_ui to None, run_after=None
[2024-12-17T21:02:18.030+0000] {processor.py:208} INFO - Processing /home/airflow/.local/lib/python3.12/site-packages/airflow/example_dags/example_params_trigger_ui.py took 0.097 seconds
[2024-12-17T21:02:48.273+0000] {processor.py:186} INFO - Started process (PID=281) to work on /home/airflow/.local/lib/python3.12/site-packages/airflow/example_dags/example_params_trigger_ui.py
[2024-12-17T21:02:48.275+0000] {processor.py:914} INFO - Processing file /home/airflow/.local/lib/python3.12/site-packages/airflow/example_dags/example_params_trigger_ui.py for tasks to queue
[2024-12-17T21:02:48.277+0000] {logging_mixin.py:190} INFO - [2024-12-17T21:02:48.277+0000] {dagbag.py:588} INFO - Filling up the DagBag from /home/airflow/.local/lib/python3.12/site-packages/airflow/example_dags/example_params_trigger_ui.py
[2024-12-17T21:02:48.289+0000] {processor.py:925} INFO - DAG(s) 'example_params_trigger_ui' retrieved from /home/airflow/.local/lib/python3.12/site-packages/airflow/example_dags/example_params_trigger_ui.py
[2024-12-17T21:02:48.347+0000] {logging_mixin.py:190} INFO - [2024-12-17T21:02:48.347+0000] {dag.py:3239} INFO - Sync 1 DAGs
[2024-12-17T21:02:48.365+0000] {logging_mixin.py:190} INFO - [2024-12-17T21:02:48.365+0000] {dag.py:4180} INFO - Setting next_dagrun for example_params_trigger_ui to None, run_after=None
[2024-12-17T21:02:48.385+0000] {processor.py:208} INFO - Processing /home/airflow/.local/lib/python3.12/site-packages/airflow/example_dags/example_params_trigger_ui.py took 0.119 seconds
[2024-12-17T21:03:18.529+0000] {processor.py:186} INFO - Started process (PID=345) to work on /home/airflow/.local/lib/python3.12/site-packages/airflow/example_dags/example_params_trigger_ui.py
[2024-12-17T21:03:18.530+0000] {processor.py:914} INFO - Processing file /home/airflow/.local/lib/python3.12/site-packages/airflow/example_dags/example_params_trigger_ui.py for tasks to queue
[2024-12-17T21:03:18.533+0000] {logging_mixin.py:190} INFO - [2024-12-17T21:03:18.532+0000] {dagbag.py:588} INFO - Filling up the DagBag from /home/airflow/.local/lib/python3.12/site-packages/airflow/example_dags/example_params_trigger_ui.py
[2024-12-17T21:03:18.543+0000] {processor.py:925} INFO - DAG(s) 'example_params_trigger_ui' retrieved from /home/airflow/.local/lib/python3.12/site-packages/airflow/example_dags/example_params_trigger_ui.py
[2024-12-17T21:03:18.584+0000] {logging_mixin.py:190} INFO - [2024-12-17T21:03:18.584+0000] {dag.py:3239} INFO - Sync 1 DAGs
[2024-12-17T21:03:18.597+0000] {logging_mixin.py:190} INFO - [2024-12-17T21:03:18.597+0000] {dag.py:4180} INFO - Setting next_dagrun for example_params_trigger_ui to None, run_after=None
[2024-12-17T21:03:18.615+0000] {processor.py:208} INFO - Processing /home/airflow/.local/lib/python3.12/site-packages/airflow/example_dags/example_params_trigger_ui.py took 0.092 seconds
[2024-12-17T21:03:48.971+0000] {processor.py:186} INFO - Started process (PID=409) to work on /home/airflow/.local/lib/python3.12/site-packages/airflow/example_dags/example_params_trigger_ui.py
[2024-12-17T21:03:48.973+0000] {processor.py:914} INFO - Processing file /home/airflow/.local/lib/python3.12/site-packages/airflow/example_dags/example_params_trigger_ui.py for tasks to queue
[2024-12-17T21:03:48.975+0000] {logging_mixin.py:190} INFO - [2024-12-17T21:03:48.975+0000] {dagbag.py:588} INFO - Filling up the DagBag from /home/airflow/.local/lib/python3.12/site-packages/airflow/example_dags/example_params_trigger_ui.py
[2024-12-17T21:03:48.985+0000] {processor.py:925} INFO - DAG(s) 'example_params_trigger_ui' retrieved from /home/airflow/.local/lib/python3.12/site-packages/airflow/example_dags/example_params_trigger_ui.py
[2024-12-17T21:03:49.027+0000] {logging_mixin.py:190} INFO - [2024-12-17T21:03:49.026+0000] {dag.py:3239} INFO - Sync 1 DAGs
[2024-12-17T21:03:49.040+0000] {logging_mixin.py:190} INFO - [2024-12-17T21:03:49.040+0000] {dag.py:4180} INFO - Setting next_dagrun for example_params_trigger_ui to None, run_after=None
[2024-12-17T21:03:49.059+0000] {processor.py:208} INFO - Processing /home/airflow/.local/lib/python3.12/site-packages/airflow/example_dags/example_params_trigger_ui.py took 0.092 seconds
[2024-12-17T21:04:19.856+0000] {processor.py:186} INFO - Started process (PID=473) to work on /home/airflow/.local/lib/python3.12/site-packages/airflow/example_dags/example_params_trigger_ui.py
[2024-12-17T21:04:19.857+0000] {processor.py:914} INFO - Processing file /home/airflow/.local/lib/python3.12/site-packages/airflow/example_dags/example_params_trigger_ui.py for tasks to queue
[2024-12-17T21:04:19.858+0000] {logging_mixin.py:190} INFO - [2024-12-17T21:04:19.858+0000] {dagbag.py:588} INFO - Filling up the DagBag from /home/airflow/.local/lib/python3.12/site-packages/airflow/example_dags/example_params_trigger_ui.py
[2024-12-17T21:04:19.870+0000] {processor.py:925} INFO - DAG(s) 'example_params_trigger_ui' retrieved from /home/airflow/.local/lib/python3.12/site-packages/airflow/example_dags/example_params_trigger_ui.py
[2024-12-17T21:04:19.912+0000] {logging_mixin.py:190} INFO - [2024-12-17T21:04:19.912+0000] {dag.py:3239} INFO - Sync 1 DAGs
[2024-12-17T21:04:19.927+0000] {logging_mixin.py:190} INFO - [2024-12-17T21:04:19.927+0000] {dag.py:4180} INFO - Setting next_dagrun for example_params_trigger_ui to None, run_after=None
[2024-12-17T21:04:19.947+0000] {processor.py:208} INFO - Processing /home/airflow/.local/lib/python3.12/site-packages/airflow/example_dags/example_params_trigger_ui.py took 0.097 seconds
[2024-12-17T21:04:50.353+0000] {processor.py:186} INFO - Started process (PID=537) to work on /home/airflow/.local/lib/python3.12/site-packages/airflow/example_dags/example_params_trigger_ui.py
[2024-12-17T21:04:50.354+0000] {processor.py:914} INFO - Processing file /home/airflow/.local/lib/python3.12/site-packages/airflow/example_dags/example_params_trigger_ui.py for tasks to queue
[2024-12-17T21:04:50.356+0000] {logging_mixin.py:190} INFO - [2024-12-17T21:04:50.355+0000] {dagbag.py:588} INFO - Filling up the DagBag from /home/airflow/.local/lib/python3.12/site-packages/airflow/example_dags/example_params_trigger_ui.py
[2024-12-17T21:04:50.367+0000] {processor.py:925} INFO - DAG(s) 'example_params_trigger_ui' retrieved from /home/airflow/.local/lib/python3.12/site-packages/airflow/example_dags/example_params_trigger_ui.py
[2024-12-17T21:04:50.424+0000] {logging_mixin.py:190} INFO - [2024-12-17T21:04:50.424+0000] {dag.py:3239} INFO - Sync 1 DAGs
[2024-12-17T21:04:50.438+0000] {logging_mixin.py:190} INFO - [2024-12-17T21:04:50.438+0000] {dag.py:4180} INFO - Setting next_dagrun for example_params_trigger_ui to None, run_after=None
[2024-12-17T21:04:50.463+0000] {processor.py:208} INFO - Processing /home/airflow/.local/lib/python3.12/site-packages/airflow/example_dags/example_params_trigger_ui.py took 0.116 seconds
[2024-12-17T21:05:20.704+0000] {processor.py:186} INFO - Started process (PID=601) to work on /home/airflow/.local/lib/python3.12/site-packages/airflow/example_dags/example_params_trigger_ui.py
[2024-12-17T21:05:20.705+0000] {processor.py:914} INFO - Processing file /home/airflow/.local/lib/python3.12/site-packages/airflow/example_dags/example_params_trigger_ui.py for tasks to queue
[2024-12-17T21:05:20.706+0000] {logging_mixin.py:190} INFO - [2024-12-17T21:05:20.705+0000] {dagbag.py:588} INFO - Filling up the DagBag from /home/airflow/.local/lib/python3.12/site-packages/airflow/example_dags/example_params_trigger_ui.py
[2024-12-17T21:05:20.717+0000] {processor.py:925} INFO - DAG(s) 'example_params_trigger_ui' retrieved from /home/airflow/.local/lib/python3.12/site-packages/airflow/example_dags/example_params_trigger_ui.py
[2024-12-17T21:05:20.761+0000] {logging_mixin.py:190} INFO - [2024-12-17T21:05:20.761+0000] {dag.py:3239} INFO - Sync 1 DAGs
[2024-12-17T21:05:20.775+0000] {logging_mixin.py:190} INFO - [2024-12-17T21:05:20.774+0000] {dag.py:4180} INFO - Setting next_dagrun for example_params_trigger_ui to None, run_after=None
[2024-12-17T21:05:20.793+0000] {processor.py:208} INFO - Processing /home/airflow/.local/lib/python3.12/site-packages/airflow/example_dags/example_params_trigger_ui.py took 0.094 seconds
[2024-12-17T21:05:51.146+0000] {processor.py:186} INFO - Started process (PID=665) to work on /home/airflow/.local/lib/python3.12/site-packages/airflow/example_dags/example_params_trigger_ui.py
[2024-12-17T21:05:51.148+0000] {processor.py:914} INFO - Processing file /home/airflow/.local/lib/python3.12/site-packages/airflow/example_dags/example_params_trigger_ui.py for tasks to queue
[2024-12-17T21:05:51.149+0000] {logging_mixin.py:190} INFO - [2024-12-17T21:05:51.149+0000] {dagbag.py:588} INFO - Filling up the DagBag from /home/airflow/.local/lib/python3.12/site-packages/airflow/example_dags/example_params_trigger_ui.py
[2024-12-17T21:05:51.162+0000] {processor.py:925} INFO - DAG(s) 'example_params_trigger_ui' retrieved from /home/airflow/.local/lib/python3.12/site-packages/airflow/example_dags/example_params_trigger_ui.py
[2024-12-17T21:05:51.204+0000] {logging_mixin.py:190} INFO - [2024-12-17T21:05:51.204+0000] {dag.py:3239} INFO - Sync 1 DAGs
[2024-12-17T21:05:51.218+0000] {logging_mixin.py:190} INFO - [2024-12-17T21:05:51.218+0000] {dag.py:4180} INFO - Setting next_dagrun for example_params_trigger_ui to None, run_after=None
[2024-12-17T21:05:51.236+0000] {processor.py:208} INFO - Processing /home/airflow/.local/lib/python3.12/site-packages/airflow/example_dags/example_params_trigger_ui.py took 0.095 seconds
[2024-12-17T21:06:21.840+0000] {processor.py:186} INFO - Started process (PID=729) to work on /home/airflow/.local/lib/python3.12/site-packages/airflow/example_dags/example_params_trigger_ui.py
[2024-12-17T21:06:21.841+0000] {processor.py:914} INFO - Processing file /home/airflow/.local/lib/python3.12/site-packages/airflow/example_dags/example_params_trigger_ui.py for tasks to queue
[2024-12-17T21:06:21.843+0000] {logging_mixin.py:190} INFO - [2024-12-17T21:06:21.842+0000] {dagbag.py:588} INFO - Filling up the DagBag from /home/airflow/.local/lib/python3.12/site-packages/airflow/example_dags/example_params_trigger_ui.py
[2024-12-17T21:06:21.854+0000] {processor.py:925} INFO - DAG(s) 'example_params_trigger_ui' retrieved from /home/airflow/.local/lib/python3.12/site-packages/airflow/example_dags/example_params_trigger_ui.py
[2024-12-17T21:06:21.896+0000] {logging_mixin.py:190} INFO - [2024-12-17T21:06:21.896+0000] {dag.py:3239} INFO - Sync 1 DAGs
[2024-12-17T21:06:21.911+0000] {logging_mixin.py:190} INFO - [2024-12-17T21:06:21.910+0000] {dag.py:4180} INFO - Setting next_dagrun for example_params_trigger_ui to None, run_after=None
[2024-12-17T21:06:21.929+0000] {processor.py:208} INFO - Processing /home/airflow/.local/lib/python3.12/site-packages/airflow/example_dags/example_params_trigger_ui.py took 0.094 seconds
[2024-12-17T21:06:52.093+0000] {processor.py:186} INFO - Started process (PID=793) to work on /home/airflow/.local/lib/python3.12/site-packages/airflow/example_dags/example_params_trigger_ui.py
[2024-12-17T21:06:52.094+0000] {processor.py:914} INFO - Processing file /home/airflow/.local/lib/python3.12/site-packages/airflow/example_dags/example_params_trigger_ui.py for tasks to queue
[2024-12-17T21:06:52.096+0000] {logging_mixin.py:190} INFO - [2024-12-17T21:06:52.096+0000] {dagbag.py:588} INFO - Filling up the DagBag from /home/airflow/.local/lib/python3.12/site-packages/airflow/example_dags/example_params_trigger_ui.py
[2024-12-17T21:06:52.107+0000] {processor.py:925} INFO - DAG(s) 'example_params_trigger_ui' retrieved from /home/airflow/.local/lib/python3.12/site-packages/airflow/example_dags/example_params_trigger_ui.py
[2024-12-17T21:06:52.160+0000] {logging_mixin.py:190} INFO - [2024-12-17T21:06:52.159+0000] {dag.py:3239} INFO - Sync 1 DAGs
[2024-12-17T21:06:52.173+0000] {logging_mixin.py:190} INFO - [2024-12-17T21:06:52.173+0000] {dag.py:4180} INFO - Setting next_dagrun for example_params_trigger_ui to None, run_after=None
[2024-12-17T21:06:52.191+0000] {processor.py:208} INFO - Processing /home/airflow/.local/lib/python3.12/site-packages/airflow/example_dags/example_params_trigger_ui.py took 0.103 seconds
[2024-12-17T21:07:22.782+0000] {processor.py:186} INFO - Started process (PID=857) to work on /home/airflow/.local/lib/python3.12/site-packages/airflow/example_dags/example_params_trigger_ui.py
[2024-12-17T21:07:22.784+0000] {processor.py:914} INFO - Processing file /home/airflow/.local/lib/python3.12/site-packages/airflow/example_dags/example_params_trigger_ui.py for tasks to queue
[2024-12-17T21:07:22.786+0000] {logging_mixin.py:190} INFO - [2024-12-17T21:07:22.786+0000] {dagbag.py:588} INFO - Filling up the DagBag from /home/airflow/.local/lib/python3.12/site-packages/airflow/example_dags/example_params_trigger_ui.py
[2024-12-17T21:07:22.802+0000] {processor.py:925} INFO - DAG(s) 'example_params_trigger_ui' retrieved from /home/airflow/.local/lib/python3.12/site-packages/airflow/example_dags/example_params_trigger_ui.py
[2024-12-17T21:07:22.854+0000] {logging_mixin.py:190} INFO - [2024-12-17T21:07:22.853+0000] {dag.py:3239} INFO - Sync 1 DAGs
[2024-12-17T21:07:22.879+0000] {logging_mixin.py:190} INFO - [2024-12-17T21:07:22.878+0000] {dag.py:4180} INFO - Setting next_dagrun for example_params_trigger_ui to None, run_after=None
[2024-12-17T21:07:22.915+0000] {processor.py:208} INFO - Processing /home/airflow/.local/lib/python3.12/site-packages/airflow/example_dags/example_params_trigger_ui.py took 0.139 seconds
[2024-12-17T21:07:53.771+0000] {processor.py:186} INFO - Started process (PID=921) to work on /home/airflow/.local/lib/python3.12/site-packages/airflow/example_dags/example_params_trigger_ui.py
[2024-12-17T21:07:53.772+0000] {processor.py:914} INFO - Processing file /home/airflow/.local/lib/python3.12/site-packages/airflow/example_dags/example_params_trigger_ui.py for tasks to queue
[2024-12-17T21:07:53.773+0000] {logging_mixin.py:190} INFO - [2024-12-17T21:07:53.773+0000] {dagbag.py:588} INFO - Filling up the DagBag from /home/airflow/.local/lib/python3.12/site-packages/airflow/example_dags/example_params_trigger_ui.py
[2024-12-17T21:07:53.785+0000] {processor.py:925} INFO - DAG(s) 'example_params_trigger_ui' retrieved from /home/airflow/.local/lib/python3.12/site-packages/airflow/example_dags/example_params_trigger_ui.py
[2024-12-17T21:07:53.827+0000] {logging_mixin.py:190} INFO - [2024-12-17T21:07:53.827+0000] {dag.py:3239} INFO - Sync 1 DAGs
[2024-12-17T21:07:53.841+0000] {logging_mixin.py:190} INFO - [2024-12-17T21:07:53.841+0000] {dag.py:4180} INFO - Setting next_dagrun for example_params_trigger_ui to None, run_after=None
[2024-12-17T21:07:53.858+0000] {processor.py:208} INFO - Processing /home/airflow/.local/lib/python3.12/site-packages/airflow/example_dags/example_params_trigger_ui.py took 0.092 seconds
[2024-12-17T21:08:24.368+0000] {processor.py:186} INFO - Started process (PID=985) to work on /home/airflow/.local/lib/python3.12/site-packages/airflow/example_dags/example_params_trigger_ui.py
[2024-12-17T21:08:24.369+0000] {processor.py:914} INFO - Processing file /home/airflow/.local/lib/python3.12/site-packages/airflow/example_dags/example_params_trigger_ui.py for tasks to queue
[2024-12-17T21:08:24.371+0000] {logging_mixin.py:190} INFO - [2024-12-17T21:08:24.370+0000] {dagbag.py:588} INFO - Filling up the DagBag from /home/airflow/.local/lib/python3.12/site-packages/airflow/example_dags/example_params_trigger_ui.py
[2024-12-17T21:08:24.382+0000] {processor.py:925} INFO - DAG(s) 'example_params_trigger_ui' retrieved from /home/airflow/.local/lib/python3.12/site-packages/airflow/example_dags/example_params_trigger_ui.py
[2024-12-17T21:08:24.423+0000] {logging_mixin.py:190} INFO - [2024-12-17T21:08:24.423+0000] {dag.py:3239} INFO - Sync 1 DAGs
[2024-12-17T21:08:24.436+0000] {logging_mixin.py:190} INFO - [2024-12-17T21:08:24.436+0000] {dag.py:4180} INFO - Setting next_dagrun for example_params_trigger_ui to None, run_after=None
[2024-12-17T21:08:24.455+0000] {processor.py:208} INFO - Processing /home/airflow/.local/lib/python3.12/site-packages/airflow/example_dags/example_params_trigger_ui.py took 0.092 seconds
[2024-12-17T21:08:54.961+0000] {processor.py:186} INFO - Started process (PID=1049) to work on /home/airflow/.local/lib/python3.12/site-packages/airflow/example_dags/example_params_trigger_ui.py
[2024-12-17T21:08:54.962+0000] {processor.py:914} INFO - Processing file /home/airflow/.local/lib/python3.12/site-packages/airflow/example_dags/example_params_trigger_ui.py for tasks to queue
[2024-12-17T21:08:54.964+0000] {logging_mixin.py:190} INFO - [2024-12-17T21:08:54.963+0000] {dagbag.py:588} INFO - Filling up the DagBag from /home/airflow/.local/lib/python3.12/site-packages/airflow/example_dags/example_params_trigger_ui.py
[2024-12-17T21:08:54.976+0000] {processor.py:925} INFO - DAG(s) 'example_params_trigger_ui' retrieved from /home/airflow/.local/lib/python3.12/site-packages/airflow/example_dags/example_params_trigger_ui.py
[2024-12-17T21:08:55.077+0000] {logging_mixin.py:190} INFO - [2024-12-17T21:08:55.077+0000] {dag.py:3239} INFO - Sync 1 DAGs
[2024-12-17T21:08:55.104+0000] {logging_mixin.py:190} INFO - [2024-12-17T21:08:55.104+0000] {dag.py:4180} INFO - Setting next_dagrun for example_params_trigger_ui to None, run_after=None
[2024-12-17T21:08:55.139+0000] {processor.py:208} INFO - Processing /home/airflow/.local/lib/python3.12/site-packages/airflow/example_dags/example_params_trigger_ui.py took 0.184 seconds
[2024-12-17T21:09:25.645+0000] {processor.py:186} INFO - Started process (PID=1114) to work on /home/airflow/.local/lib/python3.12/site-packages/airflow/example_dags/example_params_trigger_ui.py
[2024-12-17T21:09:25.646+0000] {processor.py:914} INFO - Processing file /home/airflow/.local/lib/python3.12/site-packages/airflow/example_dags/example_params_trigger_ui.py for tasks to queue
[2024-12-17T21:09:25.647+0000] {logging_mixin.py:190} INFO - [2024-12-17T21:09:25.647+0000] {dagbag.py:588} INFO - Filling up the DagBag from /home/airflow/.local/lib/python3.12/site-packages/airflow/example_dags/example_params_trigger_ui.py
[2024-12-17T21:09:25.658+0000] {processor.py:925} INFO - DAG(s) 'example_params_trigger_ui' retrieved from /home/airflow/.local/lib/python3.12/site-packages/airflow/example_dags/example_params_trigger_ui.py
[2024-12-17T21:09:25.698+0000] {logging_mixin.py:190} INFO - [2024-12-17T21:09:25.698+0000] {dag.py:3239} INFO - Sync 1 DAGs
[2024-12-17T21:09:25.712+0000] {logging_mixin.py:190} INFO - [2024-12-17T21:09:25.712+0000] {dag.py:4180} INFO - Setting next_dagrun for example_params_trigger_ui to None, run_after=None
[2024-12-17T21:09:25.731+0000] {processor.py:208} INFO - Processing /home/airflow/.local/lib/python3.12/site-packages/airflow/example_dags/example_params_trigger_ui.py took 0.091 seconds
[2024-12-17T21:09:56.245+0000] {processor.py:186} INFO - Started process (PID=1178) to work on /home/airflow/.local/lib/python3.12/site-packages/airflow/example_dags/example_params_trigger_ui.py
[2024-12-17T21:09:56.246+0000] {processor.py:914} INFO - Processing file /home/airflow/.local/lib/python3.12/site-packages/airflow/example_dags/example_params_trigger_ui.py for tasks to queue
[2024-12-17T21:09:56.247+0000] {logging_mixin.py:190} INFO - [2024-12-17T21:09:56.247+0000] {dagbag.py:588} INFO - Filling up the DagBag from /home/airflow/.local/lib/python3.12/site-packages/airflow/example_dags/example_params_trigger_ui.py
[2024-12-17T21:09:56.259+0000] {processor.py:925} INFO - DAG(s) 'example_params_trigger_ui' retrieved from /home/airflow/.local/lib/python3.12/site-packages/airflow/example_dags/example_params_trigger_ui.py
[2024-12-17T21:09:56.300+0000] {logging_mixin.py:190} INFO - [2024-12-17T21:09:56.299+0000] {dag.py:3239} INFO - Sync 1 DAGs
[2024-12-17T21:09:56.313+0000] {logging_mixin.py:190} INFO - [2024-12-17T21:09:56.313+0000] {dag.py:4180} INFO - Setting next_dagrun for example_params_trigger_ui to None, run_after=None
[2024-12-17T21:09:56.332+0000] {processor.py:208} INFO - Processing /home/airflow/.local/lib/python3.12/site-packages/airflow/example_dags/example_params_trigger_ui.py took 0.092 seconds
[2024-12-17T21:10:26.637+0000] {processor.py:186} INFO - Started process (PID=1242) to work on /home/airflow/.local/lib/python3.12/site-packages/airflow/example_dags/example_params_trigger_ui.py
[2024-12-17T21:10:26.639+0000] {processor.py:914} INFO - Processing file /home/airflow/.local/lib/python3.12/site-packages/airflow/example_dags/example_params_trigger_ui.py for tasks to queue
[2024-12-17T21:10:26.640+0000] {logging_mixin.py:190} INFO - [2024-12-17T21:10:26.640+0000] {dagbag.py:588} INFO - Filling up the DagBag from /home/airflow/.local/lib/python3.12/site-packages/airflow/example_dags/example_params_trigger_ui.py
[2024-12-17T21:10:26.666+0000] {processor.py:925} INFO - DAG(s) 'example_params_trigger_ui' retrieved from /home/airflow/.local/lib/python3.12/site-packages/airflow/example_dags/example_params_trigger_ui.py
[2024-12-17T21:10:26.745+0000] {logging_mixin.py:190} INFO - [2024-12-17T21:10:26.744+0000] {dag.py:3239} INFO - Sync 1 DAGs
[2024-12-17T21:10:26.772+0000] {logging_mixin.py:190} INFO - [2024-12-17T21:10:26.772+0000] {dag.py:4180} INFO - Setting next_dagrun for example_params_trigger_ui to None, run_after=None
[2024-12-17T21:10:26.806+0000] {processor.py:208} INFO - Processing /home/airflow/.local/lib/python3.12/site-packages/airflow/example_dags/example_params_trigger_ui.py took 0.179 seconds
[2024-12-17T21:10:57.664+0000] {processor.py:186} INFO - Started process (PID=1306) to work on /home/airflow/.local/lib/python3.12/site-packages/airflow/example_dags/example_params_trigger_ui.py
[2024-12-17T21:10:57.666+0000] {processor.py:914} INFO - Processing file /home/airflow/.local/lib/python3.12/site-packages/airflow/example_dags/example_params_trigger_ui.py for tasks to queue
[2024-12-17T21:10:57.667+0000] {logging_mixin.py:190} INFO - [2024-12-17T21:10:57.666+0000] {dagbag.py:588} INFO - Filling up the DagBag from /home/airflow/.local/lib/python3.12/site-packages/airflow/example_dags/example_params_trigger_ui.py
[2024-12-17T21:10:57.678+0000] {processor.py:925} INFO - DAG(s) 'example_params_trigger_ui' retrieved from /home/airflow/.local/lib/python3.12/site-packages/airflow/example_dags/example_params_trigger_ui.py
[2024-12-17T21:10:57.725+0000] {logging_mixin.py:190} INFO - [2024-12-17T21:10:57.724+0000] {dag.py:3239} INFO - Sync 1 DAGs
[2024-12-17T21:10:57.738+0000] {logging_mixin.py:190} INFO - [2024-12-17T21:10:57.738+0000] {dag.py:4180} INFO - Setting next_dagrun for example_params_trigger_ui to None, run_after=None
[2024-12-17T21:10:57.757+0000] {processor.py:208} INFO - Processing /home/airflow/.local/lib/python3.12/site-packages/airflow/example_dags/example_params_trigger_ui.py took 0.098 seconds
[2024-12-17T21:11:27.881+0000] {processor.py:186} INFO - Started process (PID=1370) to work on /home/airflow/.local/lib/python3.12/site-packages/airflow/example_dags/example_params_trigger_ui.py
[2024-12-17T21:11:27.882+0000] {processor.py:914} INFO - Processing file /home/airflow/.local/lib/python3.12/site-packages/airflow/example_dags/example_params_trigger_ui.py for tasks to queue
[2024-12-17T21:11:27.884+0000] {logging_mixin.py:190} INFO - [2024-12-17T21:11:27.883+0000] {dagbag.py:588} INFO - Filling up the DagBag from /home/airflow/.local/lib/python3.12/site-packages/airflow/example_dags/example_params_trigger_ui.py
[2024-12-17T21:11:27.896+0000] {processor.py:925} INFO - DAG(s) 'example_params_trigger_ui' retrieved from /home/airflow/.local/lib/python3.12/site-packages/airflow/example_dags/example_params_trigger_ui.py
[2024-12-17T21:11:27.940+0000] {logging_mixin.py:190} INFO - [2024-12-17T21:11:27.940+0000] {dag.py:3239} INFO - Sync 1 DAGs
[2024-12-17T21:11:27.954+0000] {logging_mixin.py:190} INFO - [2024-12-17T21:11:27.954+0000] {dag.py:4180} INFO - Setting next_dagrun for example_params_trigger_ui to None, run_after=None
[2024-12-17T21:11:27.977+0000] {processor.py:208} INFO - Processing /home/airflow/.local/lib/python3.12/site-packages/airflow/example_dags/example_params_trigger_ui.py took 0.101 seconds
[2024-12-17T21:11:58.231+0000] {processor.py:186} INFO - Started process (PID=1434) to work on /home/airflow/.local/lib/python3.12/site-packages/airflow/example_dags/example_params_trigger_ui.py
[2024-12-17T21:11:58.232+0000] {processor.py:914} INFO - Processing file /home/airflow/.local/lib/python3.12/site-packages/airflow/example_dags/example_params_trigger_ui.py for tasks to queue
[2024-12-17T21:11:58.233+0000] {logging_mixin.py:190} INFO - [2024-12-17T21:11:58.233+0000] {dagbag.py:588} INFO - Filling up the DagBag from /home/airflow/.local/lib/python3.12/site-packages/airflow/example_dags/example_params_trigger_ui.py
[2024-12-17T21:11:58.246+0000] {processor.py:925} INFO - DAG(s) 'example_params_trigger_ui' retrieved from /home/airflow/.local/lib/python3.12/site-packages/airflow/example_dags/example_params_trigger_ui.py
[2024-12-17T21:11:58.287+0000] {logging_mixin.py:190} INFO - [2024-12-17T21:11:58.287+0000] {dag.py:3239} INFO - Sync 1 DAGs
[2024-12-17T21:11:58.301+0000] {logging_mixin.py:190} INFO - [2024-12-17T21:11:58.301+0000] {dag.py:4180} INFO - Setting next_dagrun for example_params_trigger_ui to None, run_after=None
[2024-12-17T21:11:58.333+0000] {processor.py:208} INFO - Processing /home/airflow/.local/lib/python3.12/site-packages/airflow/example_dags/example_params_trigger_ui.py took 0.108 seconds
[2024-12-17T21:12:28.419+0000] {processor.py:186} INFO - Started process (PID=1498) to work on /home/airflow/.local/lib/python3.12/site-packages/airflow/example_dags/example_params_trigger_ui.py
[2024-12-17T21:12:28.420+0000] {processor.py:914} INFO - Processing file /home/airflow/.local/lib/python3.12/site-packages/airflow/example_dags/example_params_trigger_ui.py for tasks to queue
[2024-12-17T21:12:28.422+0000] {logging_mixin.py:190} INFO - [2024-12-17T21:12:28.421+0000] {dagbag.py:588} INFO - Filling up the DagBag from /home/airflow/.local/lib/python3.12/site-packages/airflow/example_dags/example_params_trigger_ui.py
[2024-12-17T21:12:28.433+0000] {processor.py:925} INFO - DAG(s) 'example_params_trigger_ui' retrieved from /home/airflow/.local/lib/python3.12/site-packages/airflow/example_dags/example_params_trigger_ui.py
[2024-12-17T21:12:28.473+0000] {logging_mixin.py:190} INFO - [2024-12-17T21:12:28.473+0000] {dag.py:3239} INFO - Sync 1 DAGs
[2024-12-17T21:12:28.488+0000] {logging_mixin.py:190} INFO - [2024-12-17T21:12:28.488+0000] {dag.py:4180} INFO - Setting next_dagrun for example_params_trigger_ui to None, run_after=None
[2024-12-17T21:12:28.505+0000] {processor.py:208} INFO - Processing /home/airflow/.local/lib/python3.12/site-packages/airflow/example_dags/example_params_trigger_ui.py took 0.092 seconds
[2024-12-17T21:12:58.636+0000] {processor.py:186} INFO - Started process (PID=1563) to work on /home/airflow/.local/lib/python3.12/site-packages/airflow/example_dags/example_params_trigger_ui.py
[2024-12-17T21:12:58.637+0000] {processor.py:914} INFO - Processing file /home/airflow/.local/lib/python3.12/site-packages/airflow/example_dags/example_params_trigger_ui.py for tasks to queue
[2024-12-17T21:12:58.638+0000] {logging_mixin.py:190} INFO - [2024-12-17T21:12:58.638+0000] {dagbag.py:588} INFO - Filling up the DagBag from /home/airflow/.local/lib/python3.12/site-packages/airflow/example_dags/example_params_trigger_ui.py
[2024-12-17T21:12:58.649+0000] {processor.py:925} INFO - DAG(s) 'example_params_trigger_ui' retrieved from /home/airflow/.local/lib/python3.12/site-packages/airflow/example_dags/example_params_trigger_ui.py
[2024-12-17T21:12:58.690+0000] {logging_mixin.py:190} INFO - [2024-12-17T21:12:58.690+0000] {dag.py:3239} INFO - Sync 1 DAGs
[2024-12-17T21:12:58.703+0000] {logging_mixin.py:190} INFO - [2024-12-17T21:12:58.703+0000] {dag.py:4180} INFO - Setting next_dagrun for example_params_trigger_ui to None, run_after=None
[2024-12-17T21:12:58.721+0000] {processor.py:208} INFO - Processing /home/airflow/.local/lib/python3.12/site-packages/airflow/example_dags/example_params_trigger_ui.py took 0.090 seconds
[2024-12-17T21:13:29.392+0000] {processor.py:186} INFO - Started process (PID=1627) to work on /home/airflow/.local/lib/python3.12/site-packages/airflow/example_dags/example_params_trigger_ui.py
[2024-12-17T21:13:29.393+0000] {processor.py:914} INFO - Processing file /home/airflow/.local/lib/python3.12/site-packages/airflow/example_dags/example_params_trigger_ui.py for tasks to queue
[2024-12-17T21:13:29.395+0000] {logging_mixin.py:190} INFO - [2024-12-17T21:13:29.395+0000] {dagbag.py:588} INFO - Filling up the DagBag from /home/airflow/.local/lib/python3.12/site-packages/airflow/example_dags/example_params_trigger_ui.py
[2024-12-17T21:13:29.408+0000] {processor.py:925} INFO - DAG(s) 'example_params_trigger_ui' retrieved from /home/airflow/.local/lib/python3.12/site-packages/airflow/example_dags/example_params_trigger_ui.py
[2024-12-17T21:13:29.453+0000] {logging_mixin.py:190} INFO - [2024-12-17T21:13:29.453+0000] {dag.py:3239} INFO - Sync 1 DAGs
[2024-12-17T21:13:29.466+0000] {logging_mixin.py:190} INFO - [2024-12-17T21:13:29.466+0000] {dag.py:4180} INFO - Setting next_dagrun for example_params_trigger_ui to None, run_after=None
[2024-12-17T21:13:29.483+0000] {processor.py:208} INFO - Processing /home/airflow/.local/lib/python3.12/site-packages/airflow/example_dags/example_params_trigger_ui.py took 0.097 seconds
[2024-12-17T21:13:59.547+0000] {processor.py:186} INFO - Started process (PID=1691) to work on /home/airflow/.local/lib/python3.12/site-packages/airflow/example_dags/example_params_trigger_ui.py
[2024-12-17T21:13:59.548+0000] {processor.py:914} INFO - Processing file /home/airflow/.local/lib/python3.12/site-packages/airflow/example_dags/example_params_trigger_ui.py for tasks to queue
[2024-12-17T21:13:59.550+0000] {logging_mixin.py:190} INFO - [2024-12-17T21:13:59.549+0000] {dagbag.py:588} INFO - Filling up the DagBag from /home/airflow/.local/lib/python3.12/site-packages/airflow/example_dags/example_params_trigger_ui.py
[2024-12-17T21:13:59.561+0000] {processor.py:925} INFO - DAG(s) 'example_params_trigger_ui' retrieved from /home/airflow/.local/lib/python3.12/site-packages/airflow/example_dags/example_params_trigger_ui.py
[2024-12-17T21:13:59.605+0000] {logging_mixin.py:190} INFO - [2024-12-17T21:13:59.605+0000] {dag.py:3239} INFO - Sync 1 DAGs
[2024-12-17T21:13:59.618+0000] {logging_mixin.py:190} INFO - [2024-12-17T21:13:59.618+0000] {dag.py:4180} INFO - Setting next_dagrun for example_params_trigger_ui to None, run_after=None
[2024-12-17T21:13:59.634+0000] {processor.py:208} INFO - Processing /home/airflow/.local/lib/python3.12/site-packages/airflow/example_dags/example_params_trigger_ui.py took 0.091 seconds
[2024-12-17T21:14:29.682+0000] {processor.py:186} INFO - Started process (PID=1755) to work on /home/airflow/.local/lib/python3.12/site-packages/airflow/example_dags/example_params_trigger_ui.py
[2024-12-17T21:14:29.683+0000] {processor.py:914} INFO - Processing file /home/airflow/.local/lib/python3.12/site-packages/airflow/example_dags/example_params_trigger_ui.py for tasks to queue
[2024-12-17T21:14:29.684+0000] {logging_mixin.py:190} INFO - [2024-12-17T21:14:29.684+0000] {dagbag.py:588} INFO - Filling up the DagBag from /home/airflow/.local/lib/python3.12/site-packages/airflow/example_dags/example_params_trigger_ui.py
[2024-12-17T21:14:29.697+0000] {processor.py:925} INFO - DAG(s) 'example_params_trigger_ui' retrieved from /home/airflow/.local/lib/python3.12/site-packages/airflow/example_dags/example_params_trigger_ui.py
[2024-12-17T21:14:29.745+0000] {logging_mixin.py:190} INFO - [2024-12-17T21:14:29.745+0000] {dag.py:3239} INFO - Sync 1 DAGs
[2024-12-17T21:14:29.760+0000] {logging_mixin.py:190} INFO - [2024-12-17T21:14:29.760+0000] {dag.py:4180} INFO - Setting next_dagrun for example_params_trigger_ui to None, run_after=None
[2024-12-17T21:14:29.778+0000] {processor.py:208} INFO - Processing /home/airflow/.local/lib/python3.12/site-packages/airflow/example_dags/example_params_trigger_ui.py took 0.101 seconds
[2024-12-17T21:14:59.844+0000] {processor.py:186} INFO - Started process (PID=1819) to work on /home/airflow/.local/lib/python3.12/site-packages/airflow/example_dags/example_params_trigger_ui.py
[2024-12-17T21:14:59.845+0000] {processor.py:914} INFO - Processing file /home/airflow/.local/lib/python3.12/site-packages/airflow/example_dags/example_params_trigger_ui.py for tasks to queue
[2024-12-17T21:14:59.847+0000] {logging_mixin.py:190} INFO - [2024-12-17T21:14:59.846+0000] {dagbag.py:588} INFO - Filling up the DagBag from /home/airflow/.local/lib/python3.12/site-packages/airflow/example_dags/example_params_trigger_ui.py
[2024-12-17T21:14:59.858+0000] {processor.py:925} INFO - DAG(s) 'example_params_trigger_ui' retrieved from /home/airflow/.local/lib/python3.12/site-packages/airflow/example_dags/example_params_trigger_ui.py
[2024-12-17T21:14:59.898+0000] {logging_mixin.py:190} INFO - [2024-12-17T21:14:59.897+0000] {dag.py:3239} INFO - Sync 1 DAGs
[2024-12-17T21:14:59.911+0000] {logging_mixin.py:190} INFO - [2024-12-17T21:14:59.911+0000] {dag.py:4180} INFO - Setting next_dagrun for example_params_trigger_ui to None, run_after=None
[2024-12-17T21:14:59.937+0000] {processor.py:208} INFO - Processing /home/airflow/.local/lib/python3.12/site-packages/airflow/example_dags/example_params_trigger_ui.py took 0.098 seconds
[2024-12-17T21:15:30.051+0000] {processor.py:186} INFO - Started process (PID=1882) to work on /home/airflow/.local/lib/python3.12/site-packages/airflow/example_dags/example_params_trigger_ui.py
[2024-12-17T21:15:30.052+0000] {processor.py:914} INFO - Processing file /home/airflow/.local/lib/python3.12/site-packages/airflow/example_dags/example_params_trigger_ui.py for tasks to queue
[2024-12-17T21:15:30.053+0000] {logging_mixin.py:190} INFO - [2024-12-17T21:15:30.053+0000] {dagbag.py:588} INFO - Filling up the DagBag from /home/airflow/.local/lib/python3.12/site-packages/airflow/example_dags/example_params_trigger_ui.py
[2024-12-17T21:15:30.064+0000] {processor.py:925} INFO - DAG(s) 'example_params_trigger_ui' retrieved from /home/airflow/.local/lib/python3.12/site-packages/airflow/example_dags/example_params_trigger_ui.py
[2024-12-17T21:15:30.105+0000] {logging_mixin.py:190} INFO - [2024-12-17T21:15:30.105+0000] {dag.py:3239} INFO - Sync 1 DAGs
[2024-12-17T21:15:30.119+0000] {logging_mixin.py:190} INFO - [2024-12-17T21:15:30.119+0000] {dag.py:4180} INFO - Setting next_dagrun for example_params_trigger_ui to None, run_after=None
[2024-12-17T21:15:30.144+0000] {processor.py:208} INFO - Processing /home/airflow/.local/lib/python3.12/site-packages/airflow/example_dags/example_params_trigger_ui.py took 0.099 seconds
[2024-12-17T21:16:00.525+0000] {processor.py:186} INFO - Started process (PID=1947) to work on /home/airflow/.local/lib/python3.12/site-packages/airflow/example_dags/example_params_trigger_ui.py
[2024-12-17T21:16:00.526+0000] {processor.py:914} INFO - Processing file /home/airflow/.local/lib/python3.12/site-packages/airflow/example_dags/example_params_trigger_ui.py for tasks to queue
[2024-12-17T21:16:00.527+0000] {logging_mixin.py:190} INFO - [2024-12-17T21:16:00.527+0000] {dagbag.py:588} INFO - Filling up the DagBag from /home/airflow/.local/lib/python3.12/site-packages/airflow/example_dags/example_params_trigger_ui.py
[2024-12-17T21:16:00.539+0000] {processor.py:925} INFO - DAG(s) 'example_params_trigger_ui' retrieved from /home/airflow/.local/lib/python3.12/site-packages/airflow/example_dags/example_params_trigger_ui.py
[2024-12-17T21:16:00.580+0000] {logging_mixin.py:190} INFO - [2024-12-17T21:16:00.580+0000] {dag.py:3239} INFO - Sync 1 DAGs
[2024-12-17T21:16:00.594+0000] {logging_mixin.py:190} INFO - [2024-12-17T21:16:00.593+0000] {dag.py:4180} INFO - Setting next_dagrun for example_params_trigger_ui to None, run_after=None
[2024-12-17T21:16:00.611+0000] {processor.py:208} INFO - Processing /home/airflow/.local/lib/python3.12/site-packages/airflow/example_dags/example_params_trigger_ui.py took 0.092 seconds
[2024-12-17T21:16:30.943+0000] {processor.py:186} INFO - Started process (PID=2011) to work on /home/airflow/.local/lib/python3.12/site-packages/airflow/example_dags/example_params_trigger_ui.py
[2024-12-17T21:16:30.944+0000] {processor.py:914} INFO - Processing file /home/airflow/.local/lib/python3.12/site-packages/airflow/example_dags/example_params_trigger_ui.py for tasks to queue
[2024-12-17T21:16:30.945+0000] {logging_mixin.py:190} INFO - [2024-12-17T21:16:30.945+0000] {dagbag.py:588} INFO - Filling up the DagBag from /home/airflow/.local/lib/python3.12/site-packages/airflow/example_dags/example_params_trigger_ui.py
[2024-12-17T21:16:30.958+0000] {processor.py:925} INFO - DAG(s) 'example_params_trigger_ui' retrieved from /home/airflow/.local/lib/python3.12/site-packages/airflow/example_dags/example_params_trigger_ui.py
[2024-12-17T21:16:31.001+0000] {logging_mixin.py:190} INFO - [2024-12-17T21:16:31.001+0000] {dag.py:3239} INFO - Sync 1 DAGs
[2024-12-17T21:16:31.016+0000] {logging_mixin.py:190} INFO - [2024-12-17T21:16:31.016+0000] {dag.py:4180} INFO - Setting next_dagrun for example_params_trigger_ui to None, run_after=None
[2024-12-17T21:16:31.041+0000] {processor.py:208} INFO - Processing /home/airflow/.local/lib/python3.12/site-packages/airflow/example_dags/example_params_trigger_ui.py took 0.103 seconds
[2024-12-17T21:17:02.105+0000] {processor.py:186} INFO - Started process (PID=2074) to work on /home/airflow/.local/lib/python3.12/site-packages/airflow/example_dags/example_params_trigger_ui.py
[2024-12-17T21:17:02.106+0000] {processor.py:914} INFO - Processing file /home/airflow/.local/lib/python3.12/site-packages/airflow/example_dags/example_params_trigger_ui.py for tasks to queue
[2024-12-17T21:17:02.108+0000] {logging_mixin.py:190} INFO - [2024-12-17T21:17:02.107+0000] {dagbag.py:588} INFO - Filling up the DagBag from /home/airflow/.local/lib/python3.12/site-packages/airflow/example_dags/example_params_trigger_ui.py
[2024-12-17T21:17:02.121+0000] {processor.py:925} INFO - DAG(s) 'example_params_trigger_ui' retrieved from /home/airflow/.local/lib/python3.12/site-packages/airflow/example_dags/example_params_trigger_ui.py
[2024-12-17T21:17:02.167+0000] {logging_mixin.py:190} INFO - [2024-12-17T21:17:02.167+0000] {dag.py:3239} INFO - Sync 1 DAGs
[2024-12-17T21:17:02.185+0000] {logging_mixin.py:190} INFO - [2024-12-17T21:17:02.185+0000] {dag.py:4180} INFO - Setting next_dagrun for example_params_trigger_ui to None, run_after=None
[2024-12-17T21:17:02.207+0000] {processor.py:208} INFO - Processing /home/airflow/.local/lib/python3.12/site-packages/airflow/example_dags/example_params_trigger_ui.py took 0.109 seconds
[2024-12-17T21:17:32.602+0000] {processor.py:186} INFO - Started process (PID=2128) to work on /home/airflow/.local/lib/python3.12/site-packages/airflow/example_dags/example_params_trigger_ui.py
[2024-12-17T21:17:32.603+0000] {processor.py:914} INFO - Processing file /home/airflow/.local/lib/python3.12/site-packages/airflow/example_dags/example_params_trigger_ui.py for tasks to queue
[2024-12-17T21:17:32.604+0000] {logging_mixin.py:190} INFO - [2024-12-17T21:17:32.604+0000] {dagbag.py:588} INFO - Filling up the DagBag from /home/airflow/.local/lib/python3.12/site-packages/airflow/example_dags/example_params_trigger_ui.py
[2024-12-17T21:17:32.617+0000] {processor.py:925} INFO - DAG(s) 'example_params_trigger_ui' retrieved from /home/airflow/.local/lib/python3.12/site-packages/airflow/example_dags/example_params_trigger_ui.py
[2024-12-17T21:17:32.664+0000] {logging_mixin.py:190} INFO - [2024-12-17T21:17:32.664+0000] {dag.py:3239} INFO - Sync 1 DAGs
[2024-12-17T21:17:32.680+0000] {logging_mixin.py:190} INFO - [2024-12-17T21:17:32.680+0000] {dag.py:4180} INFO - Setting next_dagrun for example_params_trigger_ui to None, run_after=None
[2024-12-17T21:17:32.705+0000] {processor.py:208} INFO - Processing /home/airflow/.local/lib/python3.12/site-packages/airflow/example_dags/example_params_trigger_ui.py took 0.108 seconds
