[2024-12-17T21:01:14.962+0000] {processor.py:186} INFO - Started process (PID=76) to work on /home/airflow/.local/lib/python3.12/site-packages/airflow/example_dags/example_branch_python_dop_operator_3.py
[2024-12-17T21:01:14.963+0000] {processor.py:914} INFO - Processing file /home/airflow/.local/lib/python3.12/site-packages/airflow/example_dags/example_branch_python_dop_operator_3.py for tasks to queue
[2024-12-17T21:01:14.967+0000] {logging_mixin.py:190} INFO - [2024-12-17T21:01:14.966+0000] {dagbag.py:588} INFO - Filling up the DagBag from /home/airflow/.local/lib/python3.12/site-packages/airflow/example_dags/example_branch_python_dop_operator_3.py
[2024-12-17T21:01:14.983+0000] {processor.py:925} INFO - DAG(s) 'example_branch_dop_operator_v3' retrieved from /home/airflow/.local/lib/python3.12/site-packages/airflow/example_dags/example_branch_python_dop_operator_3.py
[2024-12-17T21:01:15.150+0000] {logging_mixin.py:190} INFO - [2024-12-17T21:01:15.149+0000] {override.py:1911} INFO - Created Permission View: can delete on DAG:example_branch_dop_operator_v3
[2024-12-17T21:01:15.166+0000] {logging_mixin.py:190} INFO - [2024-12-17T21:01:15.166+0000] {override.py:1911} INFO - Created Permission View: can read on DAG:example_branch_dop_operator_v3
[2024-12-17T21:01:15.176+0000] {logging_mixin.py:190} INFO - [2024-12-17T21:01:15.176+0000] {override.py:1911} INFO - Created Permission View: can edit on DAG:example_branch_dop_operator_v3
[2024-12-17T21:01:15.187+0000] {logging_mixin.py:190} INFO - [2024-12-17T21:01:15.186+0000] {override.py:1911} INFO - Created Permission View: can create on DAG Run:example_branch_dop_operator_v3
[2024-12-17T21:01:15.195+0000] {logging_mixin.py:190} INFO - [2024-12-17T21:01:15.195+0000] {override.py:1911} INFO - Created Permission View: menu access on DAG Run:example_branch_dop_operator_v3
[2024-12-17T21:01:15.207+0000] {logging_mixin.py:190} INFO - [2024-12-17T21:01:15.206+0000] {override.py:1911} INFO - Created Permission View: can delete on DAG Run:example_branch_dop_operator_v3
[2024-12-17T21:01:15.220+0000] {logging_mixin.py:190} INFO - [2024-12-17T21:01:15.219+0000] {override.py:1911} INFO - Created Permission View: can read on DAG Run:example_branch_dop_operator_v3
[2024-12-17T21:01:15.221+0000] {logging_mixin.py:190} INFO - [2024-12-17T21:01:15.221+0000] {dag.py:3239} INFO - Sync 1 DAGs
[2024-12-17T21:01:15.255+0000] {logging_mixin.py:190} INFO - [2024-12-17T21:01:15.255+0000] {dag.py:3262} INFO - Creating ORM DAG for example_branch_dop_operator_v3
[2024-12-17T21:01:15.284+0000] {logging_mixin.py:190} INFO - [2024-12-17T21:01:15.283+0000] {dag.py:4180} INFO - Setting next_dagrun for example_branch_dop_operator_v3 to 2024-12-17 21:00:00+00:00, run_after=2024-12-17 21:01:00+00:00
[2024-12-17T21:01:15.306+0000] {processor.py:208} INFO - Processing /home/airflow/.local/lib/python3.12/site-packages/airflow/example_dags/example_branch_python_dop_operator_3.py took 0.355 seconds
[2024-12-17T21:01:45.715+0000] {processor.py:186} INFO - Started process (PID=140) to work on /home/airflow/.local/lib/python3.12/site-packages/airflow/example_dags/example_branch_python_dop_operator_3.py
[2024-12-17T21:01:45.716+0000] {processor.py:914} INFO - Processing file /home/airflow/.local/lib/python3.12/site-packages/airflow/example_dags/example_branch_python_dop_operator_3.py for tasks to queue
[2024-12-17T21:01:45.718+0000] {logging_mixin.py:190} INFO - [2024-12-17T21:01:45.718+0000] {dagbag.py:588} INFO - Filling up the DagBag from /home/airflow/.local/lib/python3.12/site-packages/airflow/example_dags/example_branch_python_dop_operator_3.py
[2024-12-17T21:01:45.728+0000] {processor.py:925} INFO - DAG(s) 'example_branch_dop_operator_v3' retrieved from /home/airflow/.local/lib/python3.12/site-packages/airflow/example_dags/example_branch_python_dop_operator_3.py
[2024-12-17T21:01:45.746+0000] {logging_mixin.py:190} INFO - [2024-12-17T21:01:45.746+0000] {dag.py:3239} INFO - Sync 1 DAGs
[2024-12-17T21:01:45.770+0000] {logging_mixin.py:190} INFO - [2024-12-17T21:01:45.770+0000] {dag.py:4180} INFO - Setting next_dagrun for example_branch_dop_operator_v3 to 2024-12-17 21:00:00+00:00, run_after=2024-12-17 21:01:00+00:00
[2024-12-17T21:01:45.790+0000] {processor.py:208} INFO - Processing /home/airflow/.local/lib/python3.12/site-packages/airflow/example_dags/example_branch_python_dop_operator_3.py took 0.080 seconds
[2024-12-17T21:02:15.964+0000] {processor.py:186} INFO - Started process (PID=204) to work on /home/airflow/.local/lib/python3.12/site-packages/airflow/example_dags/example_branch_python_dop_operator_3.py
[2024-12-17T21:02:15.965+0000] {processor.py:914} INFO - Processing file /home/airflow/.local/lib/python3.12/site-packages/airflow/example_dags/example_branch_python_dop_operator_3.py for tasks to queue
[2024-12-17T21:02:15.967+0000] {logging_mixin.py:190} INFO - [2024-12-17T21:02:15.967+0000] {dagbag.py:588} INFO - Filling up the DagBag from /home/airflow/.local/lib/python3.12/site-packages/airflow/example_dags/example_branch_python_dop_operator_3.py
[2024-12-17T21:02:15.977+0000] {processor.py:925} INFO - DAG(s) 'example_branch_dop_operator_v3' retrieved from /home/airflow/.local/lib/python3.12/site-packages/airflow/example_dags/example_branch_python_dop_operator_3.py
[2024-12-17T21:02:15.996+0000] {logging_mixin.py:190} INFO - [2024-12-17T21:02:15.996+0000] {dag.py:3239} INFO - Sync 1 DAGs
[2024-12-17T21:02:16.020+0000] {logging_mixin.py:190} INFO - [2024-12-17T21:02:16.020+0000] {dag.py:4180} INFO - Setting next_dagrun for example_branch_dop_operator_v3 to 2024-12-17 21:01:00+00:00, run_after=2024-12-17 21:02:00+00:00
[2024-12-17T21:02:16.037+0000] {processor.py:208} INFO - Processing /home/airflow/.local/lib/python3.12/site-packages/airflow/example_dags/example_branch_python_dop_operator_3.py took 0.078 seconds
[2024-12-17T21:02:46.187+0000] {processor.py:186} INFO - Started process (PID=268) to work on /home/airflow/.local/lib/python3.12/site-packages/airflow/example_dags/example_branch_python_dop_operator_3.py
[2024-12-17T21:02:46.189+0000] {processor.py:914} INFO - Processing file /home/airflow/.local/lib/python3.12/site-packages/airflow/example_dags/example_branch_python_dop_operator_3.py for tasks to queue
[2024-12-17T21:02:46.192+0000] {logging_mixin.py:190} INFO - [2024-12-17T21:02:46.192+0000] {dagbag.py:588} INFO - Filling up the DagBag from /home/airflow/.local/lib/python3.12/site-packages/airflow/example_dags/example_branch_python_dop_operator_3.py
[2024-12-17T21:02:46.209+0000] {processor.py:925} INFO - DAG(s) 'example_branch_dop_operator_v3' retrieved from /home/airflow/.local/lib/python3.12/site-packages/airflow/example_dags/example_branch_python_dop_operator_3.py
[2024-12-17T21:02:46.239+0000] {logging_mixin.py:190} INFO - [2024-12-17T21:02:46.238+0000] {dag.py:3239} INFO - Sync 1 DAGs
[2024-12-17T21:02:46.281+0000] {logging_mixin.py:190} INFO - [2024-12-17T21:02:46.281+0000] {dag.py:4180} INFO - Setting next_dagrun for example_branch_dop_operator_v3 to 2024-12-17 21:01:00+00:00, run_after=2024-12-17 21:02:00+00:00
[2024-12-17T21:02:46.310+0000] {processor.py:208} INFO - Processing /home/airflow/.local/lib/python3.12/site-packages/airflow/example_dags/example_branch_python_dop_operator_3.py took 0.132 seconds
[2024-12-17T21:03:16.395+0000] {processor.py:186} INFO - Started process (PID=332) to work on /home/airflow/.local/lib/python3.12/site-packages/airflow/example_dags/example_branch_python_dop_operator_3.py
[2024-12-17T21:03:16.396+0000] {processor.py:914} INFO - Processing file /home/airflow/.local/lib/python3.12/site-packages/airflow/example_dags/example_branch_python_dop_operator_3.py for tasks to queue
[2024-12-17T21:03:16.398+0000] {logging_mixin.py:190} INFO - [2024-12-17T21:03:16.398+0000] {dagbag.py:588} INFO - Filling up the DagBag from /home/airflow/.local/lib/python3.12/site-packages/airflow/example_dags/example_branch_python_dop_operator_3.py
[2024-12-17T21:03:16.408+0000] {processor.py:925} INFO - DAG(s) 'example_branch_dop_operator_v3' retrieved from /home/airflow/.local/lib/python3.12/site-packages/airflow/example_dags/example_branch_python_dop_operator_3.py
[2024-12-17T21:03:16.426+0000] {logging_mixin.py:190} INFO - [2024-12-17T21:03:16.425+0000] {dag.py:3239} INFO - Sync 1 DAGs
[2024-12-17T21:03:16.450+0000] {logging_mixin.py:190} INFO - [2024-12-17T21:03:16.450+0000] {dag.py:4180} INFO - Setting next_dagrun for example_branch_dop_operator_v3 to 2024-12-17 21:02:00+00:00, run_after=2024-12-17 21:03:00+00:00
[2024-12-17T21:03:16.475+0000] {processor.py:208} INFO - Processing /home/airflow/.local/lib/python3.12/site-packages/airflow/example_dags/example_branch_python_dop_operator_3.py took 0.085 seconds
[2024-12-17T21:03:46.919+0000] {processor.py:186} INFO - Started process (PID=396) to work on /home/airflow/.local/lib/python3.12/site-packages/airflow/example_dags/example_branch_python_dop_operator_3.py
[2024-12-17T21:03:46.920+0000] {processor.py:914} INFO - Processing file /home/airflow/.local/lib/python3.12/site-packages/airflow/example_dags/example_branch_python_dop_operator_3.py for tasks to queue
[2024-12-17T21:03:46.923+0000] {logging_mixin.py:190} INFO - [2024-12-17T21:03:46.922+0000] {dagbag.py:588} INFO - Filling up the DagBag from /home/airflow/.local/lib/python3.12/site-packages/airflow/example_dags/example_branch_python_dop_operator_3.py
[2024-12-17T21:03:46.933+0000] {processor.py:925} INFO - DAG(s) 'example_branch_dop_operator_v3' retrieved from /home/airflow/.local/lib/python3.12/site-packages/airflow/example_dags/example_branch_python_dop_operator_3.py
[2024-12-17T21:03:46.952+0000] {logging_mixin.py:190} INFO - [2024-12-17T21:03:46.952+0000] {dag.py:3239} INFO - Sync 1 DAGs
[2024-12-17T21:03:46.979+0000] {logging_mixin.py:190} INFO - [2024-12-17T21:03:46.979+0000] {dag.py:4180} INFO - Setting next_dagrun for example_branch_dop_operator_v3 to 2024-12-17 21:02:00+00:00, run_after=2024-12-17 21:03:00+00:00
[2024-12-17T21:03:47.005+0000] {processor.py:208} INFO - Processing /home/airflow/.local/lib/python3.12/site-packages/airflow/example_dags/example_branch_python_dop_operator_3.py took 0.091 seconds
[2024-12-17T21:04:17.950+0000] {processor.py:186} INFO - Started process (PID=460) to work on /home/airflow/.local/lib/python3.12/site-packages/airflow/example_dags/example_branch_python_dop_operator_3.py
[2024-12-17T21:04:17.951+0000] {processor.py:914} INFO - Processing file /home/airflow/.local/lib/python3.12/site-packages/airflow/example_dags/example_branch_python_dop_operator_3.py for tasks to queue
[2024-12-17T21:04:17.952+0000] {logging_mixin.py:190} INFO - [2024-12-17T21:04:17.952+0000] {dagbag.py:588} INFO - Filling up the DagBag from /home/airflow/.local/lib/python3.12/site-packages/airflow/example_dags/example_branch_python_dop_operator_3.py
[2024-12-17T21:04:17.962+0000] {processor.py:925} INFO - DAG(s) 'example_branch_dop_operator_v3' retrieved from /home/airflow/.local/lib/python3.12/site-packages/airflow/example_dags/example_branch_python_dop_operator_3.py
[2024-12-17T21:04:17.980+0000] {logging_mixin.py:190} INFO - [2024-12-17T21:04:17.980+0000] {dag.py:3239} INFO - Sync 1 DAGs
[2024-12-17T21:04:18.007+0000] {logging_mixin.py:190} INFO - [2024-12-17T21:04:18.007+0000] {dag.py:4180} INFO - Setting next_dagrun for example_branch_dop_operator_v3 to 2024-12-17 21:03:00+00:00, run_after=2024-12-17 21:04:00+00:00
[2024-12-17T21:04:18.029+0000] {processor.py:208} INFO - Processing /home/airflow/.local/lib/python3.12/site-packages/airflow/example_dags/example_branch_python_dop_operator_3.py took 0.085 seconds
[2024-12-17T21:04:48.423+0000] {processor.py:186} INFO - Started process (PID=524) to work on /home/airflow/.local/lib/python3.12/site-packages/airflow/example_dags/example_branch_python_dop_operator_3.py
[2024-12-17T21:04:48.424+0000] {processor.py:914} INFO - Processing file /home/airflow/.local/lib/python3.12/site-packages/airflow/example_dags/example_branch_python_dop_operator_3.py for tasks to queue
[2024-12-17T21:04:48.425+0000] {logging_mixin.py:190} INFO - [2024-12-17T21:04:48.425+0000] {dagbag.py:588} INFO - Filling up the DagBag from /home/airflow/.local/lib/python3.12/site-packages/airflow/example_dags/example_branch_python_dop_operator_3.py
[2024-12-17T21:04:48.435+0000] {processor.py:925} INFO - DAG(s) 'example_branch_dop_operator_v3' retrieved from /home/airflow/.local/lib/python3.12/site-packages/airflow/example_dags/example_branch_python_dop_operator_3.py
[2024-12-17T21:04:48.454+0000] {logging_mixin.py:190} INFO - [2024-12-17T21:04:48.454+0000] {dag.py:3239} INFO - Sync 1 DAGs
[2024-12-17T21:04:48.480+0000] {logging_mixin.py:190} INFO - [2024-12-17T21:04:48.479+0000] {dag.py:4180} INFO - Setting next_dagrun for example_branch_dop_operator_v3 to 2024-12-17 21:03:00+00:00, run_after=2024-12-17 21:04:00+00:00
[2024-12-17T21:04:48.501+0000] {processor.py:208} INFO - Processing /home/airflow/.local/lib/python3.12/site-packages/airflow/example_dags/example_branch_python_dop_operator_3.py took 0.084 seconds
[2024-12-17T21:05:18.956+0000] {processor.py:186} INFO - Started process (PID=588) to work on /home/airflow/.local/lib/python3.12/site-packages/airflow/example_dags/example_branch_python_dop_operator_3.py
[2024-12-17T21:05:18.957+0000] {processor.py:914} INFO - Processing file /home/airflow/.local/lib/python3.12/site-packages/airflow/example_dags/example_branch_python_dop_operator_3.py for tasks to queue
[2024-12-17T21:05:18.958+0000] {logging_mixin.py:190} INFO - [2024-12-17T21:05:18.958+0000] {dagbag.py:588} INFO - Filling up the DagBag from /home/airflow/.local/lib/python3.12/site-packages/airflow/example_dags/example_branch_python_dop_operator_3.py
[2024-12-17T21:05:18.972+0000] {processor.py:925} INFO - DAG(s) 'example_branch_dop_operator_v3' retrieved from /home/airflow/.local/lib/python3.12/site-packages/airflow/example_dags/example_branch_python_dop_operator_3.py
[2024-12-17T21:05:18.991+0000] {logging_mixin.py:190} INFO - [2024-12-17T21:05:18.991+0000] {dag.py:3239} INFO - Sync 1 DAGs
[2024-12-17T21:05:19.018+0000] {logging_mixin.py:190} INFO - [2024-12-17T21:05:19.018+0000] {dag.py:4180} INFO - Setting next_dagrun for example_branch_dop_operator_v3 to 2024-12-17 21:04:00+00:00, run_after=2024-12-17 21:05:00+00:00
[2024-12-17T21:05:19.039+0000] {processor.py:208} INFO - Processing /home/airflow/.local/lib/python3.12/site-packages/airflow/example_dags/example_branch_python_dop_operator_3.py took 0.089 seconds
[2024-12-17T21:05:49.334+0000] {processor.py:186} INFO - Started process (PID=652) to work on /home/airflow/.local/lib/python3.12/site-packages/airflow/example_dags/example_branch_python_dop_operator_3.py
[2024-12-17T21:05:49.335+0000] {processor.py:914} INFO - Processing file /home/airflow/.local/lib/python3.12/site-packages/airflow/example_dags/example_branch_python_dop_operator_3.py for tasks to queue
[2024-12-17T21:05:49.336+0000] {logging_mixin.py:190} INFO - [2024-12-17T21:05:49.336+0000] {dagbag.py:588} INFO - Filling up the DagBag from /home/airflow/.local/lib/python3.12/site-packages/airflow/example_dags/example_branch_python_dop_operator_3.py
[2024-12-17T21:05:49.346+0000] {processor.py:925} INFO - DAG(s) 'example_branch_dop_operator_v3' retrieved from /home/airflow/.local/lib/python3.12/site-packages/airflow/example_dags/example_branch_python_dop_operator_3.py
[2024-12-17T21:05:49.364+0000] {logging_mixin.py:190} INFO - [2024-12-17T21:05:49.364+0000] {dag.py:3239} INFO - Sync 1 DAGs
[2024-12-17T21:05:49.390+0000] {logging_mixin.py:190} INFO - [2024-12-17T21:05:49.390+0000] {dag.py:4180} INFO - Setting next_dagrun for example_branch_dop_operator_v3 to 2024-12-17 21:04:00+00:00, run_after=2024-12-17 21:05:00+00:00
[2024-12-17T21:05:49.410+0000] {processor.py:208} INFO - Processing /home/airflow/.local/lib/python3.12/site-packages/airflow/example_dags/example_branch_python_dop_operator_3.py took 0.084 seconds
[2024-12-17T21:06:20.017+0000] {processor.py:186} INFO - Started process (PID=716) to work on /home/airflow/.local/lib/python3.12/site-packages/airflow/example_dags/example_branch_python_dop_operator_3.py
[2024-12-17T21:06:20.018+0000] {processor.py:914} INFO - Processing file /home/airflow/.local/lib/python3.12/site-packages/airflow/example_dags/example_branch_python_dop_operator_3.py for tasks to queue
[2024-12-17T21:06:20.019+0000] {logging_mixin.py:190} INFO - [2024-12-17T21:06:20.019+0000] {dagbag.py:588} INFO - Filling up the DagBag from /home/airflow/.local/lib/python3.12/site-packages/airflow/example_dags/example_branch_python_dop_operator_3.py
[2024-12-17T21:06:20.029+0000] {processor.py:925} INFO - DAG(s) 'example_branch_dop_operator_v3' retrieved from /home/airflow/.local/lib/python3.12/site-packages/airflow/example_dags/example_branch_python_dop_operator_3.py
[2024-12-17T21:06:20.048+0000] {logging_mixin.py:190} INFO - [2024-12-17T21:06:20.048+0000] {dag.py:3239} INFO - Sync 1 DAGs
[2024-12-17T21:06:20.075+0000] {logging_mixin.py:190} INFO - [2024-12-17T21:06:20.075+0000] {dag.py:4180} INFO - Setting next_dagrun for example_branch_dop_operator_v3 to 2024-12-17 21:05:00+00:00, run_after=2024-12-17 21:06:00+00:00
[2024-12-17T21:06:20.092+0000] {processor.py:208} INFO - Processing /home/airflow/.local/lib/python3.12/site-packages/airflow/example_dags/example_branch_python_dop_operator_3.py took 0.080 seconds
[2024-12-17T21:06:50.308+0000] {processor.py:186} INFO - Started process (PID=780) to work on /home/airflow/.local/lib/python3.12/site-packages/airflow/example_dags/example_branch_python_dop_operator_3.py
[2024-12-17T21:06:50.309+0000] {processor.py:914} INFO - Processing file /home/airflow/.local/lib/python3.12/site-packages/airflow/example_dags/example_branch_python_dop_operator_3.py for tasks to queue
[2024-12-17T21:06:50.311+0000] {logging_mixin.py:190} INFO - [2024-12-17T21:06:50.310+0000] {dagbag.py:588} INFO - Filling up the DagBag from /home/airflow/.local/lib/python3.12/site-packages/airflow/example_dags/example_branch_python_dop_operator_3.py
[2024-12-17T21:06:50.321+0000] {processor.py:925} INFO - DAG(s) 'example_branch_dop_operator_v3' retrieved from /home/airflow/.local/lib/python3.12/site-packages/airflow/example_dags/example_branch_python_dop_operator_3.py
[2024-12-17T21:06:50.340+0000] {logging_mixin.py:190} INFO - [2024-12-17T21:06:50.340+0000] {dag.py:3239} INFO - Sync 1 DAGs
[2024-12-17T21:06:50.365+0000] {logging_mixin.py:190} INFO - [2024-12-17T21:06:50.364+0000] {dag.py:4180} INFO - Setting next_dagrun for example_branch_dop_operator_v3 to 2024-12-17 21:05:00+00:00, run_after=2024-12-17 21:06:00+00:00
[2024-12-17T21:06:50.381+0000] {processor.py:208} INFO - Processing /home/airflow/.local/lib/python3.12/site-packages/airflow/example_dags/example_branch_python_dop_operator_3.py took 0.079 seconds
[2024-12-17T21:07:20.971+0000] {processor.py:186} INFO - Started process (PID=844) to work on /home/airflow/.local/lib/python3.12/site-packages/airflow/example_dags/example_branch_python_dop_operator_3.py
[2024-12-17T21:07:20.972+0000] {processor.py:914} INFO - Processing file /home/airflow/.local/lib/python3.12/site-packages/airflow/example_dags/example_branch_python_dop_operator_3.py for tasks to queue
[2024-12-17T21:07:20.974+0000] {logging_mixin.py:190} INFO - [2024-12-17T21:07:20.973+0000] {dagbag.py:588} INFO - Filling up the DagBag from /home/airflow/.local/lib/python3.12/site-packages/airflow/example_dags/example_branch_python_dop_operator_3.py
[2024-12-17T21:07:20.984+0000] {processor.py:925} INFO - DAG(s) 'example_branch_dop_operator_v3' retrieved from /home/airflow/.local/lib/python3.12/site-packages/airflow/example_dags/example_branch_python_dop_operator_3.py
[2024-12-17T21:07:21.012+0000] {logging_mixin.py:190} INFO - [2024-12-17T21:07:21.012+0000] {dag.py:3239} INFO - Sync 1 DAGs
[2024-12-17T21:07:21.041+0000] {logging_mixin.py:190} INFO - [2024-12-17T21:07:21.040+0000] {dag.py:4180} INFO - Setting next_dagrun for example_branch_dop_operator_v3 to 2024-12-17 21:06:00+00:00, run_after=2024-12-17 21:07:00+00:00
[2024-12-17T21:07:21.059+0000] {processor.py:208} INFO - Processing /home/airflow/.local/lib/python3.12/site-packages/airflow/example_dags/example_branch_python_dop_operator_3.py took 0.094 seconds
[2024-12-17T21:07:51.922+0000] {processor.py:186} INFO - Started process (PID=908) to work on /home/airflow/.local/lib/python3.12/site-packages/airflow/example_dags/example_branch_python_dop_operator_3.py
[2024-12-17T21:07:51.923+0000] {processor.py:914} INFO - Processing file /home/airflow/.local/lib/python3.12/site-packages/airflow/example_dags/example_branch_python_dop_operator_3.py for tasks to queue
[2024-12-17T21:07:51.925+0000] {logging_mixin.py:190} INFO - [2024-12-17T21:07:51.924+0000] {dagbag.py:588} INFO - Filling up the DagBag from /home/airflow/.local/lib/python3.12/site-packages/airflow/example_dags/example_branch_python_dop_operator_3.py
[2024-12-17T21:07:51.935+0000] {processor.py:925} INFO - DAG(s) 'example_branch_dop_operator_v3' retrieved from /home/airflow/.local/lib/python3.12/site-packages/airflow/example_dags/example_branch_python_dop_operator_3.py
[2024-12-17T21:07:51.953+0000] {logging_mixin.py:190} INFO - [2024-12-17T21:07:51.953+0000] {dag.py:3239} INFO - Sync 1 DAGs
[2024-12-17T21:07:51.978+0000] {logging_mixin.py:190} INFO - [2024-12-17T21:07:51.978+0000] {dag.py:4180} INFO - Setting next_dagrun for example_branch_dop_operator_v3 to 2024-12-17 21:06:00+00:00, run_after=2024-12-17 21:07:00+00:00
[2024-12-17T21:07:52.003+0000] {processor.py:208} INFO - Processing /home/airflow/.local/lib/python3.12/site-packages/airflow/example_dags/example_branch_python_dop_operator_3.py took 0.086 seconds
[2024-12-17T21:08:22.470+0000] {processor.py:186} INFO - Started process (PID=972) to work on /home/airflow/.local/lib/python3.12/site-packages/airflow/example_dags/example_branch_python_dop_operator_3.py
[2024-12-17T21:08:22.471+0000] {processor.py:914} INFO - Processing file /home/airflow/.local/lib/python3.12/site-packages/airflow/example_dags/example_branch_python_dop_operator_3.py for tasks to queue
[2024-12-17T21:08:22.472+0000] {logging_mixin.py:190} INFO - [2024-12-17T21:08:22.472+0000] {dagbag.py:588} INFO - Filling up the DagBag from /home/airflow/.local/lib/python3.12/site-packages/airflow/example_dags/example_branch_python_dop_operator_3.py
[2024-12-17T21:08:22.482+0000] {processor.py:925} INFO - DAG(s) 'example_branch_dop_operator_v3' retrieved from /home/airflow/.local/lib/python3.12/site-packages/airflow/example_dags/example_branch_python_dop_operator_3.py
[2024-12-17T21:08:22.501+0000] {logging_mixin.py:190} INFO - [2024-12-17T21:08:22.500+0000] {dag.py:3239} INFO - Sync 1 DAGs
[2024-12-17T21:08:22.530+0000] {logging_mixin.py:190} INFO - [2024-12-17T21:08:22.530+0000] {dag.py:4180} INFO - Setting next_dagrun for example_branch_dop_operator_v3 to 2024-12-17 21:07:00+00:00, run_after=2024-12-17 21:08:00+00:00
[2024-12-17T21:08:22.565+0000] {processor.py:208} INFO - Processing /home/airflow/.local/lib/python3.12/site-packages/airflow/example_dags/example_branch_python_dop_operator_3.py took 0.100 seconds
[2024-12-17T21:08:53.069+0000] {processor.py:186} INFO - Started process (PID=1037) to work on /home/airflow/.local/lib/python3.12/site-packages/airflow/example_dags/example_branch_python_dop_operator_3.py
[2024-12-17T21:08:53.070+0000] {processor.py:914} INFO - Processing file /home/airflow/.local/lib/python3.12/site-packages/airflow/example_dags/example_branch_python_dop_operator_3.py for tasks to queue
[2024-12-17T21:08:53.071+0000] {logging_mixin.py:190} INFO - [2024-12-17T21:08:53.071+0000] {dagbag.py:588} INFO - Filling up the DagBag from /home/airflow/.local/lib/python3.12/site-packages/airflow/example_dags/example_branch_python_dop_operator_3.py
[2024-12-17T21:08:53.081+0000] {processor.py:925} INFO - DAG(s) 'example_branch_dop_operator_v3' retrieved from /home/airflow/.local/lib/python3.12/site-packages/airflow/example_dags/example_branch_python_dop_operator_3.py
[2024-12-17T21:08:53.100+0000] {logging_mixin.py:190} INFO - [2024-12-17T21:08:53.100+0000] {dag.py:3239} INFO - Sync 1 DAGs
[2024-12-17T21:08:53.125+0000] {logging_mixin.py:190} INFO - [2024-12-17T21:08:53.125+0000] {dag.py:4180} INFO - Setting next_dagrun for example_branch_dop_operator_v3 to 2024-12-17 21:07:00+00:00, run_after=2024-12-17 21:08:00+00:00
[2024-12-17T21:08:53.147+0000] {processor.py:208} INFO - Processing /home/airflow/.local/lib/python3.12/site-packages/airflow/example_dags/example_branch_python_dop_operator_3.py took 0.083 seconds
[2024-12-17T21:09:23.852+0000] {processor.py:186} INFO - Started process (PID=1102) to work on /home/airflow/.local/lib/python3.12/site-packages/airflow/example_dags/example_branch_python_dop_operator_3.py
[2024-12-17T21:09:23.853+0000] {processor.py:914} INFO - Processing file /home/airflow/.local/lib/python3.12/site-packages/airflow/example_dags/example_branch_python_dop_operator_3.py for tasks to queue
[2024-12-17T21:09:23.854+0000] {logging_mixin.py:190} INFO - [2024-12-17T21:09:23.854+0000] {dagbag.py:588} INFO - Filling up the DagBag from /home/airflow/.local/lib/python3.12/site-packages/airflow/example_dags/example_branch_python_dop_operator_3.py
[2024-12-17T21:09:23.864+0000] {processor.py:925} INFO - DAG(s) 'example_branch_dop_operator_v3' retrieved from /home/airflow/.local/lib/python3.12/site-packages/airflow/example_dags/example_branch_python_dop_operator_3.py
[2024-12-17T21:09:23.886+0000] {logging_mixin.py:190} INFO - [2024-12-17T21:09:23.885+0000] {dag.py:3239} INFO - Sync 1 DAGs
[2024-12-17T21:09:23.913+0000] {logging_mixin.py:190} INFO - [2024-12-17T21:09:23.912+0000] {dag.py:4180} INFO - Setting next_dagrun for example_branch_dop_operator_v3 to 2024-12-17 21:08:00+00:00, run_after=2024-12-17 21:09:00+00:00
[2024-12-17T21:09:23.931+0000] {processor.py:208} INFO - Processing /home/airflow/.local/lib/python3.12/site-packages/airflow/example_dags/example_branch_python_dop_operator_3.py took 0.085 seconds
[2024-12-17T21:09:54.450+0000] {processor.py:186} INFO - Started process (PID=1166) to work on /home/airflow/.local/lib/python3.12/site-packages/airflow/example_dags/example_branch_python_dop_operator_3.py
[2024-12-17T21:09:54.451+0000] {processor.py:914} INFO - Processing file /home/airflow/.local/lib/python3.12/site-packages/airflow/example_dags/example_branch_python_dop_operator_3.py for tasks to queue
[2024-12-17T21:09:54.453+0000] {logging_mixin.py:190} INFO - [2024-12-17T21:09:54.452+0000] {dagbag.py:588} INFO - Filling up the DagBag from /home/airflow/.local/lib/python3.12/site-packages/airflow/example_dags/example_branch_python_dop_operator_3.py
[2024-12-17T21:09:54.464+0000] {processor.py:925} INFO - DAG(s) 'example_branch_dop_operator_v3' retrieved from /home/airflow/.local/lib/python3.12/site-packages/airflow/example_dags/example_branch_python_dop_operator_3.py
[2024-12-17T21:09:54.489+0000] {logging_mixin.py:190} INFO - [2024-12-17T21:09:54.488+0000] {dag.py:3239} INFO - Sync 1 DAGs
[2024-12-17T21:09:54.519+0000] {logging_mixin.py:190} INFO - [2024-12-17T21:09:54.519+0000] {dag.py:4180} INFO - Setting next_dagrun for example_branch_dop_operator_v3 to 2024-12-17 21:08:00+00:00, run_after=2024-12-17 21:09:00+00:00
[2024-12-17T21:09:54.539+0000] {processor.py:208} INFO - Processing /home/airflow/.local/lib/python3.12/site-packages/airflow/example_dags/example_branch_python_dop_operator_3.py took 0.095 seconds
[2024-12-17T21:10:24.681+0000] {processor.py:186} INFO - Started process (PID=1230) to work on /home/airflow/.local/lib/python3.12/site-packages/airflow/example_dags/example_branch_python_dop_operator_3.py
[2024-12-17T21:10:24.682+0000] {processor.py:914} INFO - Processing file /home/airflow/.local/lib/python3.12/site-packages/airflow/example_dags/example_branch_python_dop_operator_3.py for tasks to queue
[2024-12-17T21:10:24.683+0000] {logging_mixin.py:190} INFO - [2024-12-17T21:10:24.683+0000] {dagbag.py:588} INFO - Filling up the DagBag from /home/airflow/.local/lib/python3.12/site-packages/airflow/example_dags/example_branch_python_dop_operator_3.py
[2024-12-17T21:10:24.694+0000] {processor.py:925} INFO - DAG(s) 'example_branch_dop_operator_v3' retrieved from /home/airflow/.local/lib/python3.12/site-packages/airflow/example_dags/example_branch_python_dop_operator_3.py
[2024-12-17T21:10:24.713+0000] {logging_mixin.py:190} INFO - [2024-12-17T21:10:24.713+0000] {dag.py:3239} INFO - Sync 1 DAGs
[2024-12-17T21:10:24.741+0000] {logging_mixin.py:190} INFO - [2024-12-17T21:10:24.741+0000] {dag.py:4180} INFO - Setting next_dagrun for example_branch_dop_operator_v3 to 2024-12-17 21:09:00+00:00, run_after=2024-12-17 21:10:00+00:00
[2024-12-17T21:10:24.774+0000] {processor.py:208} INFO - Processing /home/airflow/.local/lib/python3.12/site-packages/airflow/example_dags/example_branch_python_dop_operator_3.py took 0.099 seconds
[2024-12-17T21:10:54.832+0000] {processor.py:186} INFO - Started process (PID=1294) to work on /home/airflow/.local/lib/python3.12/site-packages/airflow/example_dags/example_branch_python_dop_operator_3.py
[2024-12-17T21:10:54.833+0000] {processor.py:914} INFO - Processing file /home/airflow/.local/lib/python3.12/site-packages/airflow/example_dags/example_branch_python_dop_operator_3.py for tasks to queue
[2024-12-17T21:10:54.835+0000] {logging_mixin.py:190} INFO - [2024-12-17T21:10:54.834+0000] {dagbag.py:588} INFO - Filling up the DagBag from /home/airflow/.local/lib/python3.12/site-packages/airflow/example_dags/example_branch_python_dop_operator_3.py
[2024-12-17T21:10:54.845+0000] {processor.py:925} INFO - DAG(s) 'example_branch_dop_operator_v3' retrieved from /home/airflow/.local/lib/python3.12/site-packages/airflow/example_dags/example_branch_python_dop_operator_3.py
[2024-12-17T21:10:54.864+0000] {logging_mixin.py:190} INFO - [2024-12-17T21:10:54.863+0000] {dag.py:3239} INFO - Sync 1 DAGs
[2024-12-17T21:10:54.891+0000] {logging_mixin.py:190} INFO - [2024-12-17T21:10:54.891+0000] {dag.py:4180} INFO - Setting next_dagrun for example_branch_dop_operator_v3 to 2024-12-17 21:09:00+00:00, run_after=2024-12-17 21:10:00+00:00
[2024-12-17T21:10:54.911+0000] {processor.py:208} INFO - Processing /home/airflow/.local/lib/python3.12/site-packages/airflow/example_dags/example_branch_python_dop_operator_3.py took 0.084 seconds
[2024-12-17T21:11:25.071+0000] {processor.py:186} INFO - Started process (PID=1358) to work on /home/airflow/.local/lib/python3.12/site-packages/airflow/example_dags/example_branch_python_dop_operator_3.py
[2024-12-17T21:11:25.072+0000] {processor.py:914} INFO - Processing file /home/airflow/.local/lib/python3.12/site-packages/airflow/example_dags/example_branch_python_dop_operator_3.py for tasks to queue
[2024-12-17T21:11:25.073+0000] {logging_mixin.py:190} INFO - [2024-12-17T21:11:25.073+0000] {dagbag.py:588} INFO - Filling up the DagBag from /home/airflow/.local/lib/python3.12/site-packages/airflow/example_dags/example_branch_python_dop_operator_3.py
[2024-12-17T21:11:25.085+0000] {processor.py:925} INFO - DAG(s) 'example_branch_dop_operator_v3' retrieved from /home/airflow/.local/lib/python3.12/site-packages/airflow/example_dags/example_branch_python_dop_operator_3.py
[2024-12-17T21:11:25.104+0000] {logging_mixin.py:190} INFO - [2024-12-17T21:11:25.104+0000] {dag.py:3239} INFO - Sync 1 DAGs
[2024-12-17T21:11:25.137+0000] {logging_mixin.py:190} INFO - [2024-12-17T21:11:25.137+0000] {dag.py:4180} INFO - Setting next_dagrun for example_branch_dop_operator_v3 to 2024-12-17 21:10:00+00:00, run_after=2024-12-17 21:11:00+00:00
[2024-12-17T21:11:25.160+0000] {processor.py:208} INFO - Processing /home/airflow/.local/lib/python3.12/site-packages/airflow/example_dags/example_branch_python_dop_operator_3.py took 0.096 seconds
[2024-12-17T21:11:55.426+0000] {processor.py:186} INFO - Started process (PID=1422) to work on /home/airflow/.local/lib/python3.12/site-packages/airflow/example_dags/example_branch_python_dop_operator_3.py
[2024-12-17T21:11:55.427+0000] {processor.py:914} INFO - Processing file /home/airflow/.local/lib/python3.12/site-packages/airflow/example_dags/example_branch_python_dop_operator_3.py for tasks to queue
[2024-12-17T21:11:55.428+0000] {logging_mixin.py:190} INFO - [2024-12-17T21:11:55.428+0000] {dagbag.py:588} INFO - Filling up the DagBag from /home/airflow/.local/lib/python3.12/site-packages/airflow/example_dags/example_branch_python_dop_operator_3.py
[2024-12-17T21:11:55.437+0000] {processor.py:925} INFO - DAG(s) 'example_branch_dop_operator_v3' retrieved from /home/airflow/.local/lib/python3.12/site-packages/airflow/example_dags/example_branch_python_dop_operator_3.py
[2024-12-17T21:11:55.456+0000] {logging_mixin.py:190} INFO - [2024-12-17T21:11:55.456+0000] {dag.py:3239} INFO - Sync 1 DAGs
[2024-12-17T21:11:55.486+0000] {logging_mixin.py:190} INFO - [2024-12-17T21:11:55.486+0000] {dag.py:4180} INFO - Setting next_dagrun for example_branch_dop_operator_v3 to 2024-12-17 21:10:00+00:00, run_after=2024-12-17 21:11:00+00:00
[2024-12-17T21:11:55.505+0000] {processor.py:208} INFO - Processing /home/airflow/.local/lib/python3.12/site-packages/airflow/example_dags/example_branch_python_dop_operator_3.py took 0.085 seconds
[2024-12-17T21:12:25.556+0000] {processor.py:186} INFO - Started process (PID=1486) to work on /home/airflow/.local/lib/python3.12/site-packages/airflow/example_dags/example_branch_python_dop_operator_3.py
[2024-12-17T21:12:25.557+0000] {processor.py:914} INFO - Processing file /home/airflow/.local/lib/python3.12/site-packages/airflow/example_dags/example_branch_python_dop_operator_3.py for tasks to queue
[2024-12-17T21:12:25.559+0000] {logging_mixin.py:190} INFO - [2024-12-17T21:12:25.558+0000] {dagbag.py:588} INFO - Filling up the DagBag from /home/airflow/.local/lib/python3.12/site-packages/airflow/example_dags/example_branch_python_dop_operator_3.py
[2024-12-17T21:12:25.568+0000] {processor.py:925} INFO - DAG(s) 'example_branch_dop_operator_v3' retrieved from /home/airflow/.local/lib/python3.12/site-packages/airflow/example_dags/example_branch_python_dop_operator_3.py
[2024-12-17T21:12:25.587+0000] {logging_mixin.py:190} INFO - [2024-12-17T21:12:25.587+0000] {dag.py:3239} INFO - Sync 1 DAGs
[2024-12-17T21:12:25.611+0000] {logging_mixin.py:190} INFO - [2024-12-17T21:12:25.611+0000] {dag.py:4180} INFO - Setting next_dagrun for example_branch_dop_operator_v3 to 2024-12-17 21:11:00+00:00, run_after=2024-12-17 21:12:00+00:00
[2024-12-17T21:12:25.632+0000] {processor.py:208} INFO - Processing /home/airflow/.local/lib/python3.12/site-packages/airflow/example_dags/example_branch_python_dop_operator_3.py took 0.081 seconds
[2024-12-17T21:12:55.853+0000] {processor.py:186} INFO - Started process (PID=1551) to work on /home/airflow/.local/lib/python3.12/site-packages/airflow/example_dags/example_branch_python_dop_operator_3.py
[2024-12-17T21:12:55.854+0000] {processor.py:914} INFO - Processing file /home/airflow/.local/lib/python3.12/site-packages/airflow/example_dags/example_branch_python_dop_operator_3.py for tasks to queue
[2024-12-17T21:12:55.855+0000] {logging_mixin.py:190} INFO - [2024-12-17T21:12:55.855+0000] {dagbag.py:588} INFO - Filling up the DagBag from /home/airflow/.local/lib/python3.12/site-packages/airflow/example_dags/example_branch_python_dop_operator_3.py
[2024-12-17T21:12:55.864+0000] {processor.py:925} INFO - DAG(s) 'example_branch_dop_operator_v3' retrieved from /home/airflow/.local/lib/python3.12/site-packages/airflow/example_dags/example_branch_python_dop_operator_3.py
[2024-12-17T21:12:55.882+0000] {logging_mixin.py:190} INFO - [2024-12-17T21:12:55.882+0000] {dag.py:3239} INFO - Sync 1 DAGs
[2024-12-17T21:12:55.907+0000] {logging_mixin.py:190} INFO - [2024-12-17T21:12:55.907+0000] {dag.py:4180} INFO - Setting next_dagrun for example_branch_dop_operator_v3 to 2024-12-17 21:11:00+00:00, run_after=2024-12-17 21:12:00+00:00
[2024-12-17T21:12:55.928+0000] {processor.py:208} INFO - Processing /home/airflow/.local/lib/python3.12/site-packages/airflow/example_dags/example_branch_python_dop_operator_3.py took 0.080 seconds
[2024-12-17T21:13:26.643+0000] {processor.py:186} INFO - Started process (PID=1615) to work on /home/airflow/.local/lib/python3.12/site-packages/airflow/example_dags/example_branch_python_dop_operator_3.py
[2024-12-17T21:13:26.644+0000] {processor.py:914} INFO - Processing file /home/airflow/.local/lib/python3.12/site-packages/airflow/example_dags/example_branch_python_dop_operator_3.py for tasks to queue
[2024-12-17T21:13:26.649+0000] {logging_mixin.py:190} INFO - [2024-12-17T21:13:26.648+0000] {dagbag.py:588} INFO - Filling up the DagBag from /home/airflow/.local/lib/python3.12/site-packages/airflow/example_dags/example_branch_python_dop_operator_3.py
[2024-12-17T21:13:26.666+0000] {processor.py:925} INFO - DAG(s) 'example_branch_dop_operator_v3' retrieved from /home/airflow/.local/lib/python3.12/site-packages/airflow/example_dags/example_branch_python_dop_operator_3.py
[2024-12-17T21:13:26.691+0000] {logging_mixin.py:190} INFO - [2024-12-17T21:13:26.690+0000] {dag.py:3239} INFO - Sync 1 DAGs
[2024-12-17T21:13:26.726+0000] {logging_mixin.py:190} INFO - [2024-12-17T21:13:26.726+0000] {dag.py:4180} INFO - Setting next_dagrun for example_branch_dop_operator_v3 to 2024-12-17 21:12:00+00:00, run_after=2024-12-17 21:13:00+00:00
[2024-12-17T21:13:26.750+0000] {processor.py:208} INFO - Processing /home/airflow/.local/lib/python3.12/site-packages/airflow/example_dags/example_branch_python_dop_operator_3.py took 0.113 seconds
[2024-12-17T21:13:56.851+0000] {processor.py:186} INFO - Started process (PID=1679) to work on /home/airflow/.local/lib/python3.12/site-packages/airflow/example_dags/example_branch_python_dop_operator_3.py
[2024-12-17T21:13:56.852+0000] {processor.py:914} INFO - Processing file /home/airflow/.local/lib/python3.12/site-packages/airflow/example_dags/example_branch_python_dop_operator_3.py for tasks to queue
[2024-12-17T21:13:56.854+0000] {logging_mixin.py:190} INFO - [2024-12-17T21:13:56.853+0000] {dagbag.py:588} INFO - Filling up the DagBag from /home/airflow/.local/lib/python3.12/site-packages/airflow/example_dags/example_branch_python_dop_operator_3.py
[2024-12-17T21:13:56.864+0000] {processor.py:925} INFO - DAG(s) 'example_branch_dop_operator_v3' retrieved from /home/airflow/.local/lib/python3.12/site-packages/airflow/example_dags/example_branch_python_dop_operator_3.py
[2024-12-17T21:13:56.882+0000] {logging_mixin.py:190} INFO - [2024-12-17T21:13:56.882+0000] {dag.py:3239} INFO - Sync 1 DAGs
[2024-12-17T21:13:56.911+0000] {logging_mixin.py:190} INFO - [2024-12-17T21:13:56.911+0000] {dag.py:4180} INFO - Setting next_dagrun for example_branch_dop_operator_v3 to 2024-12-17 21:12:00+00:00, run_after=2024-12-17 21:13:00+00:00
[2024-12-17T21:13:56.934+0000] {processor.py:208} INFO - Processing /home/airflow/.local/lib/python3.12/site-packages/airflow/example_dags/example_branch_python_dop_operator_3.py took 0.092 seconds
[2024-12-17T21:14:26.980+0000] {processor.py:186} INFO - Started process (PID=1743) to work on /home/airflow/.local/lib/python3.12/site-packages/airflow/example_dags/example_branch_python_dop_operator_3.py
[2024-12-17T21:14:26.981+0000] {processor.py:914} INFO - Processing file /home/airflow/.local/lib/python3.12/site-packages/airflow/example_dags/example_branch_python_dop_operator_3.py for tasks to queue
[2024-12-17T21:14:26.983+0000] {logging_mixin.py:190} INFO - [2024-12-17T21:14:26.982+0000] {dagbag.py:588} INFO - Filling up the DagBag from /home/airflow/.local/lib/python3.12/site-packages/airflow/example_dags/example_branch_python_dop_operator_3.py
[2024-12-17T21:14:26.993+0000] {processor.py:925} INFO - DAG(s) 'example_branch_dop_operator_v3' retrieved from /home/airflow/.local/lib/python3.12/site-packages/airflow/example_dags/example_branch_python_dop_operator_3.py
[2024-12-17T21:14:27.010+0000] {logging_mixin.py:190} INFO - [2024-12-17T21:14:27.010+0000] {dag.py:3239} INFO - Sync 1 DAGs
[2024-12-17T21:14:27.035+0000] {logging_mixin.py:190} INFO - [2024-12-17T21:14:27.035+0000] {dag.py:4180} INFO - Setting next_dagrun for example_branch_dop_operator_v3 to 2024-12-17 21:13:00+00:00, run_after=2024-12-17 21:14:00+00:00
[2024-12-17T21:14:27.060+0000] {processor.py:208} INFO - Processing /home/airflow/.local/lib/python3.12/site-packages/airflow/example_dags/example_branch_python_dop_operator_3.py took 0.085 seconds
[2024-12-17T21:14:58.025+0000] {processor.py:186} INFO - Started process (PID=1807) to work on /home/airflow/.local/lib/python3.12/site-packages/airflow/example_dags/example_branch_python_dop_operator_3.py
[2024-12-17T21:14:58.026+0000] {processor.py:914} INFO - Processing file /home/airflow/.local/lib/python3.12/site-packages/airflow/example_dags/example_branch_python_dop_operator_3.py for tasks to queue
[2024-12-17T21:14:58.027+0000] {logging_mixin.py:190} INFO - [2024-12-17T21:14:58.027+0000] {dagbag.py:588} INFO - Filling up the DagBag from /home/airflow/.local/lib/python3.12/site-packages/airflow/example_dags/example_branch_python_dop_operator_3.py
[2024-12-17T21:14:58.037+0000] {processor.py:925} INFO - DAG(s) 'example_branch_dop_operator_v3' retrieved from /home/airflow/.local/lib/python3.12/site-packages/airflow/example_dags/example_branch_python_dop_operator_3.py
[2024-12-17T21:14:58.056+0000] {logging_mixin.py:190} INFO - [2024-12-17T21:14:58.056+0000] {dag.py:3239} INFO - Sync 1 DAGs
[2024-12-17T21:14:58.084+0000] {logging_mixin.py:190} INFO - [2024-12-17T21:14:58.084+0000] {dag.py:4180} INFO - Setting next_dagrun for example_branch_dop_operator_v3 to 2024-12-17 21:13:00+00:00, run_after=2024-12-17 21:14:00+00:00
[2024-12-17T21:14:58.106+0000] {processor.py:208} INFO - Processing /home/airflow/.local/lib/python3.12/site-packages/airflow/example_dags/example_branch_python_dop_operator_3.py took 0.086 seconds
[2024-12-17T21:15:28.392+0000] {processor.py:186} INFO - Started process (PID=1871) to work on /home/airflow/.local/lib/python3.12/site-packages/airflow/example_dags/example_branch_python_dop_operator_3.py
[2024-12-17T21:15:28.393+0000] {processor.py:914} INFO - Processing file /home/airflow/.local/lib/python3.12/site-packages/airflow/example_dags/example_branch_python_dop_operator_3.py for tasks to queue
[2024-12-17T21:15:28.394+0000] {logging_mixin.py:190} INFO - [2024-12-17T21:15:28.394+0000] {dagbag.py:588} INFO - Filling up the DagBag from /home/airflow/.local/lib/python3.12/site-packages/airflow/example_dags/example_branch_python_dop_operator_3.py
[2024-12-17T21:15:28.403+0000] {processor.py:925} INFO - DAG(s) 'example_branch_dop_operator_v3' retrieved from /home/airflow/.local/lib/python3.12/site-packages/airflow/example_dags/example_branch_python_dop_operator_3.py
[2024-12-17T21:15:28.422+0000] {logging_mixin.py:190} INFO - [2024-12-17T21:15:28.422+0000] {dag.py:3239} INFO - Sync 1 DAGs
[2024-12-17T21:15:28.446+0000] {logging_mixin.py:190} INFO - [2024-12-17T21:15:28.446+0000] {dag.py:4180} INFO - Setting next_dagrun for example_branch_dop_operator_v3 to 2024-12-17 21:14:00+00:00, run_after=2024-12-17 21:15:00+00:00
[2024-12-17T21:15:28.472+0000] {processor.py:208} INFO - Processing /home/airflow/.local/lib/python3.12/site-packages/airflow/example_dags/example_branch_python_dop_operator_3.py took 0.086 seconds
[2024-12-17T21:15:58.721+0000] {processor.py:186} INFO - Started process (PID=1935) to work on /home/airflow/.local/lib/python3.12/site-packages/airflow/example_dags/example_branch_python_dop_operator_3.py
[2024-12-17T21:15:58.722+0000] {processor.py:914} INFO - Processing file /home/airflow/.local/lib/python3.12/site-packages/airflow/example_dags/example_branch_python_dop_operator_3.py for tasks to queue
[2024-12-17T21:15:58.723+0000] {logging_mixin.py:190} INFO - [2024-12-17T21:15:58.723+0000] {dagbag.py:588} INFO - Filling up the DagBag from /home/airflow/.local/lib/python3.12/site-packages/airflow/example_dags/example_branch_python_dop_operator_3.py
[2024-12-17T21:15:58.732+0000] {processor.py:925} INFO - DAG(s) 'example_branch_dop_operator_v3' retrieved from /home/airflow/.local/lib/python3.12/site-packages/airflow/example_dags/example_branch_python_dop_operator_3.py
[2024-12-17T21:15:58.751+0000] {logging_mixin.py:190} INFO - [2024-12-17T21:15:58.751+0000] {dag.py:3239} INFO - Sync 1 DAGs
[2024-12-17T21:15:58.776+0000] {logging_mixin.py:190} INFO - [2024-12-17T21:15:58.776+0000] {dag.py:4180} INFO - Setting next_dagrun for example_branch_dop_operator_v3 to 2024-12-17 21:14:00+00:00, run_after=2024-12-17 21:15:00+00:00
[2024-12-17T21:15:58.801+0000] {processor.py:208} INFO - Processing /home/airflow/.local/lib/python3.12/site-packages/airflow/example_dags/example_branch_python_dop_operator_3.py took 0.086 seconds
[2024-12-17T21:16:29.839+0000] {processor.py:186} INFO - Started process (PID=1998) to work on /home/airflow/.local/lib/python3.12/site-packages/airflow/example_dags/example_branch_python_dop_operator_3.py
[2024-12-17T21:16:29.842+0000] {processor.py:914} INFO - Processing file /home/airflow/.local/lib/python3.12/site-packages/airflow/example_dags/example_branch_python_dop_operator_3.py for tasks to queue
[2024-12-17T21:16:29.845+0000] {logging_mixin.py:190} INFO - [2024-12-17T21:16:29.844+0000] {dagbag.py:588} INFO - Filling up the DagBag from /home/airflow/.local/lib/python3.12/site-packages/airflow/example_dags/example_branch_python_dop_operator_3.py
[2024-12-17T21:16:29.855+0000] {processor.py:925} INFO - DAG(s) 'example_branch_dop_operator_v3' retrieved from /home/airflow/.local/lib/python3.12/site-packages/airflow/example_dags/example_branch_python_dop_operator_3.py
[2024-12-17T21:16:29.871+0000] {logging_mixin.py:190} INFO - [2024-12-17T21:16:29.871+0000] {dag.py:3239} INFO - Sync 1 DAGs
[2024-12-17T21:16:29.895+0000] {logging_mixin.py:190} INFO - [2024-12-17T21:16:29.895+0000] {dag.py:4180} INFO - Setting next_dagrun for example_branch_dop_operator_v3 to 2024-12-17 21:15:00+00:00, run_after=2024-12-17 21:16:00+00:00
[2024-12-17T21:16:29.911+0000] {processor.py:208} INFO - Processing /home/airflow/.local/lib/python3.12/site-packages/airflow/example_dags/example_branch_python_dop_operator_3.py took 0.080 seconds
[2024-12-17T21:17:00.687+0000] {processor.py:186} INFO - Started process (PID=2050) to work on /home/airflow/.local/lib/python3.12/site-packages/airflow/example_dags/example_branch_python_dop_operator_3.py
[2024-12-17T21:17:00.688+0000] {processor.py:914} INFO - Processing file /home/airflow/.local/lib/python3.12/site-packages/airflow/example_dags/example_branch_python_dop_operator_3.py for tasks to queue
[2024-12-17T21:17:00.690+0000] {logging_mixin.py:190} INFO - [2024-12-17T21:17:00.690+0000] {dagbag.py:588} INFO - Filling up the DagBag from /home/airflow/.local/lib/python3.12/site-packages/airflow/example_dags/example_branch_python_dop_operator_3.py
[2024-12-17T21:17:00.703+0000] {processor.py:925} INFO - DAG(s) 'example_branch_dop_operator_v3' retrieved from /home/airflow/.local/lib/python3.12/site-packages/airflow/example_dags/example_branch_python_dop_operator_3.py
[2024-12-17T21:17:00.727+0000] {logging_mixin.py:190} INFO - [2024-12-17T21:17:00.727+0000] {dag.py:3239} INFO - Sync 1 DAGs
[2024-12-17T21:17:00.765+0000] {logging_mixin.py:190} INFO - [2024-12-17T21:17:00.765+0000] {dag.py:4180} INFO - Setting next_dagrun for example_branch_dop_operator_v3 to 2024-12-17 21:16:00+00:00, run_after=2024-12-17 21:17:00+00:00
[2024-12-17T21:17:00.788+0000] {processor.py:208} INFO - Processing /home/airflow/.local/lib/python3.12/site-packages/airflow/example_dags/example_branch_python_dop_operator_3.py took 0.108 seconds
[2024-12-17T21:17:31.489+0000] {processor.py:186} INFO - Started process (PID=2109) to work on /home/airflow/.local/lib/python3.12/site-packages/airflow/example_dags/example_branch_python_dop_operator_3.py
[2024-12-17T21:17:31.490+0000] {processor.py:914} INFO - Processing file /home/airflow/.local/lib/python3.12/site-packages/airflow/example_dags/example_branch_python_dop_operator_3.py for tasks to queue
[2024-12-17T21:17:31.491+0000] {logging_mixin.py:190} INFO - [2024-12-17T21:17:31.491+0000] {dagbag.py:588} INFO - Filling up the DagBag from /home/airflow/.local/lib/python3.12/site-packages/airflow/example_dags/example_branch_python_dop_operator_3.py
[2024-12-17T21:17:31.501+0000] {processor.py:925} INFO - DAG(s) 'example_branch_dop_operator_v3' retrieved from /home/airflow/.local/lib/python3.12/site-packages/airflow/example_dags/example_branch_python_dop_operator_3.py
[2024-12-17T21:17:31.520+0000] {logging_mixin.py:190} INFO - [2024-12-17T21:17:31.520+0000] {dag.py:3239} INFO - Sync 1 DAGs
[2024-12-17T21:17:31.560+0000] {logging_mixin.py:190} INFO - [2024-12-17T21:17:31.560+0000] {dag.py:4180} INFO - Setting next_dagrun for example_branch_dop_operator_v3 to 2024-12-17 21:16:00+00:00, run_after=2024-12-17 21:17:00+00:00
[2024-12-17T21:17:31.580+0000] {processor.py:208} INFO - Processing /home/airflow/.local/lib/python3.12/site-packages/airflow/example_dags/example_branch_python_dop_operator_3.py took 0.097 seconds
