[2024-12-17T21:01:23.916+0000] {processor.py:186} INFO - Started process (PID=118) to work on /home/airflow/.local/lib/python3.12/site-packages/airflow/example_dags/example_branch_operator.py
[2024-12-17T21:01:23.917+0000] {processor.py:914} INFO - Processing file /home/airflow/.local/lib/python3.12/site-packages/airflow/example_dags/example_branch_operator.py for tasks to queue
[2024-12-17T21:01:23.919+0000] {logging_mixin.py:190} INFO - [2024-12-17T21:01:23.919+0000] {dagbag.py:588} INFO - Filling up the DagBag from /home/airflow/.local/lib/python3.12/site-packages/airflow/example_dags/example_branch_operator.py
[2024-12-17T21:01:23.940+0000] {processor.py:925} INFO - DAG(s) 'example_branch_operator' retrieved from /home/airflow/.local/lib/python3.12/site-packages/airflow/example_dags/example_branch_operator.py
[2024-12-17T21:01:24.067+0000] {logging_mixin.py:190} INFO - [2024-12-17T21:01:24.067+0000] {override.py:1911} INFO - Created Permission View: can delete on DAG:example_branch_operator
[2024-12-17T21:01:24.077+0000] {logging_mixin.py:190} INFO - [2024-12-17T21:01:24.077+0000] {override.py:1911} INFO - Created Permission View: can read on DAG:example_branch_operator
[2024-12-17T21:01:24.084+0000] {logging_mixin.py:190} INFO - [2024-12-17T21:01:24.084+0000] {override.py:1911} INFO - Created Permission View: can edit on DAG:example_branch_operator
[2024-12-17T21:01:24.095+0000] {logging_mixin.py:190} INFO - [2024-12-17T21:01:24.094+0000] {override.py:1911} INFO - Created Permission View: can create on DAG Run:example_branch_operator
[2024-12-17T21:01:24.103+0000] {logging_mixin.py:190} INFO - [2024-12-17T21:01:24.103+0000] {override.py:1911} INFO - Created Permission View: menu access on DAG Run:example_branch_operator
[2024-12-17T21:01:24.113+0000] {logging_mixin.py:190} INFO - [2024-12-17T21:01:24.112+0000] {override.py:1911} INFO - Created Permission View: can delete on DAG Run:example_branch_operator
[2024-12-17T21:01:24.124+0000] {logging_mixin.py:190} INFO - [2024-12-17T21:01:24.123+0000] {override.py:1911} INFO - Created Permission View: can read on DAG Run:example_branch_operator
[2024-12-17T21:01:24.125+0000] {logging_mixin.py:190} INFO - [2024-12-17T21:01:24.124+0000] {dag.py:3239} INFO - Sync 1 DAGs
[2024-12-17T21:01:24.179+0000] {logging_mixin.py:190} INFO - [2024-12-17T21:01:24.179+0000] {dag.py:3262} INFO - Creating ORM DAG for example_branch_operator
[2024-12-17T21:01:24.215+0000] {logging_mixin.py:190} INFO - [2024-12-17T21:01:24.214+0000] {dag.py:4180} INFO - Setting next_dagrun for example_branch_operator to 2024-12-16 00:00:00+00:00, run_after=2024-12-17 00:00:00+00:00
[2024-12-17T21:01:24.247+0000] {processor.py:208} INFO - Processing /home/airflow/.local/lib/python3.12/site-packages/airflow/example_dags/example_branch_operator.py took 0.337 seconds
[2024-12-17T21:01:54.524+0000] {processor.py:186} INFO - Started process (PID=182) to work on /home/airflow/.local/lib/python3.12/site-packages/airflow/example_dags/example_branch_operator.py
[2024-12-17T21:01:54.525+0000] {processor.py:914} INFO - Processing file /home/airflow/.local/lib/python3.12/site-packages/airflow/example_dags/example_branch_operator.py for tasks to queue
[2024-12-17T21:01:54.528+0000] {logging_mixin.py:190} INFO - [2024-12-17T21:01:54.527+0000] {dagbag.py:588} INFO - Filling up the DagBag from /home/airflow/.local/lib/python3.12/site-packages/airflow/example_dags/example_branch_operator.py
[2024-12-17T21:01:54.545+0000] {processor.py:925} INFO - DAG(s) 'example_branch_operator' retrieved from /home/airflow/.local/lib/python3.12/site-packages/airflow/example_dags/example_branch_operator.py
[2024-12-17T21:01:54.574+0000] {logging_mixin.py:190} INFO - [2024-12-17T21:01:54.573+0000] {dag.py:3239} INFO - Sync 1 DAGs
[2024-12-17T21:01:54.598+0000] {logging_mixin.py:190} INFO - [2024-12-17T21:01:54.597+0000] {dag.py:4180} INFO - Setting next_dagrun for example_branch_operator to 2024-12-16 00:00:00+00:00, run_after=2024-12-17 00:00:00+00:00
[2024-12-17T21:01:54.619+0000] {processor.py:208} INFO - Processing /home/airflow/.local/lib/python3.12/site-packages/airflow/example_dags/example_branch_operator.py took 0.100 seconds
[2024-12-17T21:02:24.839+0000] {processor.py:186} INFO - Started process (PID=247) to work on /home/airflow/.local/lib/python3.12/site-packages/airflow/example_dags/example_branch_operator.py
[2024-12-17T21:02:24.840+0000] {processor.py:914} INFO - Processing file /home/airflow/.local/lib/python3.12/site-packages/airflow/example_dags/example_branch_operator.py for tasks to queue
[2024-12-17T21:02:24.843+0000] {logging_mixin.py:190} INFO - [2024-12-17T21:02:24.842+0000] {dagbag.py:588} INFO - Filling up the DagBag from /home/airflow/.local/lib/python3.12/site-packages/airflow/example_dags/example_branch_operator.py
[2024-12-17T21:02:24.860+0000] {processor.py:925} INFO - DAG(s) 'example_branch_operator' retrieved from /home/airflow/.local/lib/python3.12/site-packages/airflow/example_dags/example_branch_operator.py
[2024-12-17T21:02:24.886+0000] {logging_mixin.py:190} INFO - [2024-12-17T21:02:24.886+0000] {dag.py:3239} INFO - Sync 1 DAGs
[2024-12-17T21:02:24.909+0000] {logging_mixin.py:190} INFO - [2024-12-17T21:02:24.909+0000] {dag.py:4180} INFO - Setting next_dagrun for example_branch_operator to 2024-12-16 00:00:00+00:00, run_after=2024-12-17 00:00:00+00:00
[2024-12-17T21:02:24.934+0000] {processor.py:208} INFO - Processing /home/airflow/.local/lib/python3.12/site-packages/airflow/example_dags/example_branch_operator.py took 0.101 seconds
[2024-12-17T21:02:55.075+0000] {processor.py:186} INFO - Started process (PID=310) to work on /home/airflow/.local/lib/python3.12/site-packages/airflow/example_dags/example_branch_operator.py
[2024-12-17T21:02:55.076+0000] {processor.py:914} INFO - Processing file /home/airflow/.local/lib/python3.12/site-packages/airflow/example_dags/example_branch_operator.py for tasks to queue
[2024-12-17T21:02:55.078+0000] {logging_mixin.py:190} INFO - [2024-12-17T21:02:55.078+0000] {dagbag.py:588} INFO - Filling up the DagBag from /home/airflow/.local/lib/python3.12/site-packages/airflow/example_dags/example_branch_operator.py
[2024-12-17T21:02:55.095+0000] {processor.py:925} INFO - DAG(s) 'example_branch_operator' retrieved from /home/airflow/.local/lib/python3.12/site-packages/airflow/example_dags/example_branch_operator.py
[2024-12-17T21:02:55.121+0000] {logging_mixin.py:190} INFO - [2024-12-17T21:02:55.121+0000] {dag.py:3239} INFO - Sync 1 DAGs
[2024-12-17T21:02:55.144+0000] {logging_mixin.py:190} INFO - [2024-12-17T21:02:55.144+0000] {dag.py:4180} INFO - Setting next_dagrun for example_branch_operator to 2024-12-16 00:00:00+00:00, run_after=2024-12-17 00:00:00+00:00
[2024-12-17T21:02:55.168+0000] {processor.py:208} INFO - Processing /home/airflow/.local/lib/python3.12/site-packages/airflow/example_dags/example_branch_operator.py took 0.099 seconds
[2024-12-17T21:03:26.084+0000] {processor.py:186} INFO - Started process (PID=374) to work on /home/airflow/.local/lib/python3.12/site-packages/airflow/example_dags/example_branch_operator.py
[2024-12-17T21:03:26.085+0000] {processor.py:914} INFO - Processing file /home/airflow/.local/lib/python3.12/site-packages/airflow/example_dags/example_branch_operator.py for tasks to queue
[2024-12-17T21:03:26.087+0000] {logging_mixin.py:190} INFO - [2024-12-17T21:03:26.087+0000] {dagbag.py:588} INFO - Filling up the DagBag from /home/airflow/.local/lib/python3.12/site-packages/airflow/example_dags/example_branch_operator.py
[2024-12-17T21:03:26.104+0000] {processor.py:925} INFO - DAG(s) 'example_branch_operator' retrieved from /home/airflow/.local/lib/python3.12/site-packages/airflow/example_dags/example_branch_operator.py
[2024-12-17T21:03:26.147+0000] {logging_mixin.py:190} INFO - [2024-12-17T21:03:26.146+0000] {dag.py:3239} INFO - Sync 1 DAGs
[2024-12-17T21:03:26.193+0000] {logging_mixin.py:190} INFO - [2024-12-17T21:03:26.192+0000] {dag.py:4180} INFO - Setting next_dagrun for example_branch_operator to 2024-12-16 00:00:00+00:00, run_after=2024-12-17 00:00:00+00:00
[2024-12-17T21:03:26.221+0000] {processor.py:208} INFO - Processing /home/airflow/.local/lib/python3.12/site-packages/airflow/example_dags/example_branch_operator.py took 0.143 seconds
[2024-12-17T21:03:57.505+0000] {processor.py:186} INFO - Started process (PID=438) to work on /home/airflow/.local/lib/python3.12/site-packages/airflow/example_dags/example_branch_operator.py
[2024-12-17T21:03:57.506+0000] {processor.py:914} INFO - Processing file /home/airflow/.local/lib/python3.12/site-packages/airflow/example_dags/example_branch_operator.py for tasks to queue
[2024-12-17T21:03:57.509+0000] {logging_mixin.py:190} INFO - [2024-12-17T21:03:57.508+0000] {dagbag.py:588} INFO - Filling up the DagBag from /home/airflow/.local/lib/python3.12/site-packages/airflow/example_dags/example_branch_operator.py
[2024-12-17T21:03:57.526+0000] {processor.py:925} INFO - DAG(s) 'example_branch_operator' retrieved from /home/airflow/.local/lib/python3.12/site-packages/airflow/example_dags/example_branch_operator.py
[2024-12-17T21:03:57.551+0000] {logging_mixin.py:190} INFO - [2024-12-17T21:03:57.551+0000] {dag.py:3239} INFO - Sync 1 DAGs
[2024-12-17T21:03:57.574+0000] {logging_mixin.py:190} INFO - [2024-12-17T21:03:57.574+0000] {dag.py:4180} INFO - Setting next_dagrun for example_branch_operator to 2024-12-16 00:00:00+00:00, run_after=2024-12-17 00:00:00+00:00
[2024-12-17T21:03:57.599+0000] {processor.py:208} INFO - Processing /home/airflow/.local/lib/python3.12/site-packages/airflow/example_dags/example_branch_operator.py took 0.099 seconds
[2024-12-17T21:04:29.365+0000] {processor.py:186} INFO - Started process (PID=503) to work on /home/airflow/.local/lib/python3.12/site-packages/airflow/example_dags/example_branch_operator.py
[2024-12-17T21:04:29.366+0000] {processor.py:914} INFO - Processing file /home/airflow/.local/lib/python3.12/site-packages/airflow/example_dags/example_branch_operator.py for tasks to queue
[2024-12-17T21:04:29.367+0000] {logging_mixin.py:190} INFO - [2024-12-17T21:04:29.367+0000] {dagbag.py:588} INFO - Filling up the DagBag from /home/airflow/.local/lib/python3.12/site-packages/airflow/example_dags/example_branch_operator.py
[2024-12-17T21:04:29.385+0000] {processor.py:925} INFO - DAG(s) 'example_branch_operator' retrieved from /home/airflow/.local/lib/python3.12/site-packages/airflow/example_dags/example_branch_operator.py
[2024-12-17T21:04:29.414+0000] {logging_mixin.py:190} INFO - [2024-12-17T21:04:29.413+0000] {dag.py:3239} INFO - Sync 1 DAGs
[2024-12-17T21:04:29.438+0000] {logging_mixin.py:190} INFO - [2024-12-17T21:04:29.438+0000] {dag.py:4180} INFO - Setting next_dagrun for example_branch_operator to 2024-12-16 00:00:00+00:00, run_after=2024-12-17 00:00:00+00:00
[2024-12-17T21:04:29.464+0000] {processor.py:208} INFO - Processing /home/airflow/.local/lib/python3.12/site-packages/airflow/example_dags/example_branch_operator.py took 0.106 seconds
[2024-12-17T21:05:00.392+0000] {processor.py:186} INFO - Started process (PID=566) to work on /home/airflow/.local/lib/python3.12/site-packages/airflow/example_dags/example_branch_operator.py
[2024-12-17T21:05:00.392+0000] {processor.py:914} INFO - Processing file /home/airflow/.local/lib/python3.12/site-packages/airflow/example_dags/example_branch_operator.py for tasks to queue
[2024-12-17T21:05:00.394+0000] {logging_mixin.py:190} INFO - [2024-12-17T21:05:00.394+0000] {dagbag.py:588} INFO - Filling up the DagBag from /home/airflow/.local/lib/python3.12/site-packages/airflow/example_dags/example_branch_operator.py
[2024-12-17T21:05:00.419+0000] {processor.py:925} INFO - DAG(s) 'example_branch_operator' retrieved from /home/airflow/.local/lib/python3.12/site-packages/airflow/example_dags/example_branch_operator.py
[2024-12-17T21:05:00.450+0000] {logging_mixin.py:190} INFO - [2024-12-17T21:05:00.450+0000] {dag.py:3239} INFO - Sync 1 DAGs
[2024-12-17T21:05:00.486+0000] {logging_mixin.py:190} INFO - [2024-12-17T21:05:00.486+0000] {dag.py:4180} INFO - Setting next_dagrun for example_branch_operator to 2024-12-16 00:00:00+00:00, run_after=2024-12-17 00:00:00+00:00
[2024-12-17T21:05:00.514+0000] {processor.py:208} INFO - Processing /home/airflow/.local/lib/python3.12/site-packages/airflow/example_dags/example_branch_operator.py took 0.129 seconds
[2024-12-17T21:05:31.266+0000] {processor.py:186} INFO - Started process (PID=630) to work on /home/airflow/.local/lib/python3.12/site-packages/airflow/example_dags/example_branch_operator.py
[2024-12-17T21:05:31.267+0000] {processor.py:914} INFO - Processing file /home/airflow/.local/lib/python3.12/site-packages/airflow/example_dags/example_branch_operator.py for tasks to queue
[2024-12-17T21:05:31.269+0000] {logging_mixin.py:190} INFO - [2024-12-17T21:05:31.268+0000] {dagbag.py:588} INFO - Filling up the DagBag from /home/airflow/.local/lib/python3.12/site-packages/airflow/example_dags/example_branch_operator.py
[2024-12-17T21:05:31.290+0000] {processor.py:925} INFO - DAG(s) 'example_branch_operator' retrieved from /home/airflow/.local/lib/python3.12/site-packages/airflow/example_dags/example_branch_operator.py
[2024-12-17T21:05:31.323+0000] {logging_mixin.py:190} INFO - [2024-12-17T21:05:31.323+0000] {dag.py:3239} INFO - Sync 1 DAGs
[2024-12-17T21:05:31.354+0000] {logging_mixin.py:190} INFO - [2024-12-17T21:05:31.354+0000] {dag.py:4180} INFO - Setting next_dagrun for example_branch_operator to 2024-12-16 00:00:00+00:00, run_after=2024-12-17 00:00:00+00:00
[2024-12-17T21:05:31.378+0000] {processor.py:208} INFO - Processing /home/airflow/.local/lib/python3.12/site-packages/airflow/example_dags/example_branch_operator.py took 0.118 seconds
[2024-12-17T21:06:02.834+0000] {processor.py:186} INFO - Started process (PID=694) to work on /home/airflow/.local/lib/python3.12/site-packages/airflow/example_dags/example_branch_operator.py
[2024-12-17T21:06:02.835+0000] {processor.py:914} INFO - Processing file /home/airflow/.local/lib/python3.12/site-packages/airflow/example_dags/example_branch_operator.py for tasks to queue
[2024-12-17T21:06:02.836+0000] {logging_mixin.py:190} INFO - [2024-12-17T21:06:02.836+0000] {dagbag.py:588} INFO - Filling up the DagBag from /home/airflow/.local/lib/python3.12/site-packages/airflow/example_dags/example_branch_operator.py
[2024-12-17T21:06:02.853+0000] {processor.py:925} INFO - DAG(s) 'example_branch_operator' retrieved from /home/airflow/.local/lib/python3.12/site-packages/airflow/example_dags/example_branch_operator.py
[2024-12-17T21:06:02.879+0000] {logging_mixin.py:190} INFO - [2024-12-17T21:06:02.879+0000] {dag.py:3239} INFO - Sync 1 DAGs
[2024-12-17T21:06:02.902+0000] {logging_mixin.py:190} INFO - [2024-12-17T21:06:02.902+0000] {dag.py:4180} INFO - Setting next_dagrun for example_branch_operator to 2024-12-16 00:00:00+00:00, run_after=2024-12-17 00:00:00+00:00
[2024-12-17T21:06:02.920+0000] {processor.py:208} INFO - Processing /home/airflow/.local/lib/python3.12/site-packages/airflow/example_dags/example_branch_operator.py took 0.092 seconds
[2024-12-17T21:06:33.637+0000] {processor.py:186} INFO - Started process (PID=758) to work on /home/airflow/.local/lib/python3.12/site-packages/airflow/example_dags/example_branch_operator.py
[2024-12-17T21:06:33.639+0000] {processor.py:914} INFO - Processing file /home/airflow/.local/lib/python3.12/site-packages/airflow/example_dags/example_branch_operator.py for tasks to queue
[2024-12-17T21:06:33.640+0000] {logging_mixin.py:190} INFO - [2024-12-17T21:06:33.640+0000] {dagbag.py:588} INFO - Filling up the DagBag from /home/airflow/.local/lib/python3.12/site-packages/airflow/example_dags/example_branch_operator.py
[2024-12-17T21:06:33.659+0000] {processor.py:925} INFO - DAG(s) 'example_branch_operator' retrieved from /home/airflow/.local/lib/python3.12/site-packages/airflow/example_dags/example_branch_operator.py
[2024-12-17T21:06:33.689+0000] {logging_mixin.py:190} INFO - [2024-12-17T21:06:33.688+0000] {dag.py:3239} INFO - Sync 1 DAGs
[2024-12-17T21:06:33.714+0000] {logging_mixin.py:190} INFO - [2024-12-17T21:06:33.714+0000] {dag.py:4180} INFO - Setting next_dagrun for example_branch_operator to 2024-12-16 00:00:00+00:00, run_after=2024-12-17 00:00:00+00:00
[2024-12-17T21:06:33.732+0000] {processor.py:208} INFO - Processing /home/airflow/.local/lib/python3.12/site-packages/airflow/example_dags/example_branch_operator.py took 0.101 seconds
[2024-12-17T21:07:04.979+0000] {processor.py:186} INFO - Started process (PID=822) to work on /home/airflow/.local/lib/python3.12/site-packages/airflow/example_dags/example_branch_operator.py
[2024-12-17T21:07:04.980+0000] {processor.py:914} INFO - Processing file /home/airflow/.local/lib/python3.12/site-packages/airflow/example_dags/example_branch_operator.py for tasks to queue
[2024-12-17T21:07:04.982+0000] {logging_mixin.py:190} INFO - [2024-12-17T21:07:04.981+0000] {dagbag.py:588} INFO - Filling up the DagBag from /home/airflow/.local/lib/python3.12/site-packages/airflow/example_dags/example_branch_operator.py
[2024-12-17T21:07:04.999+0000] {processor.py:925} INFO - DAG(s) 'example_branch_operator' retrieved from /home/airflow/.local/lib/python3.12/site-packages/airflow/example_dags/example_branch_operator.py
[2024-12-17T21:07:05.027+0000] {logging_mixin.py:190} INFO - [2024-12-17T21:07:05.027+0000] {dag.py:3239} INFO - Sync 1 DAGs
[2024-12-17T21:07:05.052+0000] {logging_mixin.py:190} INFO - [2024-12-17T21:07:05.052+0000] {dag.py:4180} INFO - Setting next_dagrun for example_branch_operator to 2024-12-16 00:00:00+00:00, run_after=2024-12-17 00:00:00+00:00
[2024-12-17T21:07:05.071+0000] {processor.py:208} INFO - Processing /home/airflow/.local/lib/python3.12/site-packages/airflow/example_dags/example_branch_operator.py took 0.097 seconds
[2024-12-17T21:07:36.855+0000] {processor.py:186} INFO - Started process (PID=886) to work on /home/airflow/.local/lib/python3.12/site-packages/airflow/example_dags/example_branch_operator.py
[2024-12-17T21:07:36.856+0000] {processor.py:914} INFO - Processing file /home/airflow/.local/lib/python3.12/site-packages/airflow/example_dags/example_branch_operator.py for tasks to queue
[2024-12-17T21:07:36.858+0000] {logging_mixin.py:190} INFO - [2024-12-17T21:07:36.857+0000] {dagbag.py:588} INFO - Filling up the DagBag from /home/airflow/.local/lib/python3.12/site-packages/airflow/example_dags/example_branch_operator.py
[2024-12-17T21:07:36.880+0000] {processor.py:925} INFO - DAG(s) 'example_branch_operator' retrieved from /home/airflow/.local/lib/python3.12/site-packages/airflow/example_dags/example_branch_operator.py
[2024-12-17T21:07:36.908+0000] {logging_mixin.py:190} INFO - [2024-12-17T21:07:36.908+0000] {dag.py:3239} INFO - Sync 1 DAGs
[2024-12-17T21:07:36.941+0000] {logging_mixin.py:190} INFO - [2024-12-17T21:07:36.940+0000] {dag.py:4180} INFO - Setting next_dagrun for example_branch_operator to 2024-12-16 00:00:00+00:00, run_after=2024-12-17 00:00:00+00:00
[2024-12-17T21:07:36.963+0000] {processor.py:208} INFO - Processing /home/airflow/.local/lib/python3.12/site-packages/airflow/example_dags/example_branch_operator.py took 0.114 seconds
[2024-12-17T21:08:07.843+0000] {processor.py:186} INFO - Started process (PID=950) to work on /home/airflow/.local/lib/python3.12/site-packages/airflow/example_dags/example_branch_operator.py
[2024-12-17T21:08:07.844+0000] {processor.py:914} INFO - Processing file /home/airflow/.local/lib/python3.12/site-packages/airflow/example_dags/example_branch_operator.py for tasks to queue
[2024-12-17T21:08:07.845+0000] {logging_mixin.py:190} INFO - [2024-12-17T21:08:07.845+0000] {dagbag.py:588} INFO - Filling up the DagBag from /home/airflow/.local/lib/python3.12/site-packages/airflow/example_dags/example_branch_operator.py
[2024-12-17T21:08:07.865+0000] {processor.py:925} INFO - DAG(s) 'example_branch_operator' retrieved from /home/airflow/.local/lib/python3.12/site-packages/airflow/example_dags/example_branch_operator.py
[2024-12-17T21:08:07.897+0000] {logging_mixin.py:190} INFO - [2024-12-17T21:08:07.897+0000] {dag.py:3239} INFO - Sync 1 DAGs
[2024-12-17T21:08:07.925+0000] {logging_mixin.py:190} INFO - [2024-12-17T21:08:07.925+0000] {dag.py:4180} INFO - Setting next_dagrun for example_branch_operator to 2024-12-16 00:00:00+00:00, run_after=2024-12-17 00:00:00+00:00
[2024-12-17T21:08:07.949+0000] {processor.py:208} INFO - Processing /home/airflow/.local/lib/python3.12/site-packages/airflow/example_dags/example_branch_operator.py took 0.112 seconds
[2024-12-17T21:08:38.322+0000] {processor.py:186} INFO - Started process (PID=1015) to work on /home/airflow/.local/lib/python3.12/site-packages/airflow/example_dags/example_branch_operator.py
[2024-12-17T21:08:38.323+0000] {processor.py:914} INFO - Processing file /home/airflow/.local/lib/python3.12/site-packages/airflow/example_dags/example_branch_operator.py for tasks to queue
[2024-12-17T21:08:38.325+0000] {logging_mixin.py:190} INFO - [2024-12-17T21:08:38.324+0000] {dagbag.py:588} INFO - Filling up the DagBag from /home/airflow/.local/lib/python3.12/site-packages/airflow/example_dags/example_branch_operator.py
[2024-12-17T21:08:38.341+0000] {processor.py:925} INFO - DAG(s) 'example_branch_operator' retrieved from /home/airflow/.local/lib/python3.12/site-packages/airflow/example_dags/example_branch_operator.py
[2024-12-17T21:08:38.367+0000] {logging_mixin.py:190} INFO - [2024-12-17T21:08:38.367+0000] {dag.py:3239} INFO - Sync 1 DAGs
[2024-12-17T21:08:38.391+0000] {logging_mixin.py:190} INFO - [2024-12-17T21:08:38.391+0000] {dag.py:4180} INFO - Setting next_dagrun for example_branch_operator to 2024-12-16 00:00:00+00:00, run_after=2024-12-17 00:00:00+00:00
[2024-12-17T21:08:38.414+0000] {processor.py:208} INFO - Processing /home/airflow/.local/lib/python3.12/site-packages/airflow/example_dags/example_branch_operator.py took 0.098 seconds
[2024-12-17T21:09:10.060+0000] {processor.py:186} INFO - Started process (PID=1080) to work on /home/airflow/.local/lib/python3.12/site-packages/airflow/example_dags/example_branch_operator.py
[2024-12-17T21:09:10.061+0000] {processor.py:914} INFO - Processing file /home/airflow/.local/lib/python3.12/site-packages/airflow/example_dags/example_branch_operator.py for tasks to queue
[2024-12-17T21:09:10.062+0000] {logging_mixin.py:190} INFO - [2024-12-17T21:09:10.062+0000] {dagbag.py:588} INFO - Filling up the DagBag from /home/airflow/.local/lib/python3.12/site-packages/airflow/example_dags/example_branch_operator.py
[2024-12-17T21:09:10.080+0000] {processor.py:925} INFO - DAG(s) 'example_branch_operator' retrieved from /home/airflow/.local/lib/python3.12/site-packages/airflow/example_dags/example_branch_operator.py
[2024-12-17T21:09:10.106+0000] {logging_mixin.py:190} INFO - [2024-12-17T21:09:10.106+0000] {dag.py:3239} INFO - Sync 1 DAGs
[2024-12-17T21:09:10.130+0000] {logging_mixin.py:190} INFO - [2024-12-17T21:09:10.130+0000] {dag.py:4180} INFO - Setting next_dagrun for example_branch_operator to 2024-12-16 00:00:00+00:00, run_after=2024-12-17 00:00:00+00:00
[2024-12-17T21:09:10.147+0000] {processor.py:208} INFO - Processing /home/airflow/.local/lib/python3.12/site-packages/airflow/example_dags/example_branch_operator.py took 0.093 seconds
[2024-12-17T21:09:41.534+0000] {processor.py:186} INFO - Started process (PID=1144) to work on /home/airflow/.local/lib/python3.12/site-packages/airflow/example_dags/example_branch_operator.py
[2024-12-17T21:09:41.535+0000] {processor.py:914} INFO - Processing file /home/airflow/.local/lib/python3.12/site-packages/airflow/example_dags/example_branch_operator.py for tasks to queue
[2024-12-17T21:09:41.538+0000] {logging_mixin.py:190} INFO - [2024-12-17T21:09:41.537+0000] {dagbag.py:588} INFO - Filling up the DagBag from /home/airflow/.local/lib/python3.12/site-packages/airflow/example_dags/example_branch_operator.py
[2024-12-17T21:09:41.563+0000] {processor.py:925} INFO - DAG(s) 'example_branch_operator' retrieved from /home/airflow/.local/lib/python3.12/site-packages/airflow/example_dags/example_branch_operator.py
[2024-12-17T21:09:41.609+0000] {logging_mixin.py:190} INFO - [2024-12-17T21:09:41.608+0000] {dag.py:3239} INFO - Sync 1 DAGs
[2024-12-17T21:09:41.645+0000] {logging_mixin.py:190} INFO - [2024-12-17T21:09:41.645+0000] {dag.py:4180} INFO - Setting next_dagrun for example_branch_operator to 2024-12-16 00:00:00+00:00, run_after=2024-12-17 00:00:00+00:00
[2024-12-17T21:09:41.671+0000] {processor.py:208} INFO - Processing /home/airflow/.local/lib/python3.12/site-packages/airflow/example_dags/example_branch_operator.py took 0.146 seconds
[2024-12-17T21:10:12.996+0000] {processor.py:186} INFO - Started process (PID=1214) to work on /home/airflow/.local/lib/python3.12/site-packages/airflow/example_dags/example_branch_operator.py
[2024-12-17T21:10:12.997+0000] {processor.py:914} INFO - Processing file /home/airflow/.local/lib/python3.12/site-packages/airflow/example_dags/example_branch_operator.py for tasks to queue
[2024-12-17T21:10:12.998+0000] {logging_mixin.py:190} INFO - [2024-12-17T21:10:12.998+0000] {dagbag.py:588} INFO - Filling up the DagBag from /home/airflow/.local/lib/python3.12/site-packages/airflow/example_dags/example_branch_operator.py
[2024-12-17T21:10:13.016+0000] {processor.py:925} INFO - DAG(s) 'example_branch_operator' retrieved from /home/airflow/.local/lib/python3.12/site-packages/airflow/example_dags/example_branch_operator.py
[2024-12-17T21:10:13.046+0000] {logging_mixin.py:190} INFO - [2024-12-17T21:10:13.046+0000] {dag.py:3239} INFO - Sync 1 DAGs
[2024-12-17T21:10:13.071+0000] {logging_mixin.py:190} INFO - [2024-12-17T21:10:13.070+0000] {dag.py:4180} INFO - Setting next_dagrun for example_branch_operator to 2024-12-16 00:00:00+00:00, run_after=2024-12-17 00:00:00+00:00
[2024-12-17T21:10:13.088+0000] {processor.py:208} INFO - Processing /home/airflow/.local/lib/python3.12/site-packages/airflow/example_dags/example_branch_operator.py took 0.097 seconds
[2024-12-17T21:10:44.374+0000] {processor.py:186} INFO - Started process (PID=1278) to work on /home/airflow/.local/lib/python3.12/site-packages/airflow/example_dags/example_branch_operator.py
[2024-12-17T21:10:44.375+0000] {processor.py:914} INFO - Processing file /home/airflow/.local/lib/python3.12/site-packages/airflow/example_dags/example_branch_operator.py for tasks to queue
[2024-12-17T21:10:44.376+0000] {logging_mixin.py:190} INFO - [2024-12-17T21:10:44.376+0000] {dagbag.py:588} INFO - Filling up the DagBag from /home/airflow/.local/lib/python3.12/site-packages/airflow/example_dags/example_branch_operator.py
[2024-12-17T21:10:44.394+0000] {processor.py:925} INFO - DAG(s) 'example_branch_operator' retrieved from /home/airflow/.local/lib/python3.12/site-packages/airflow/example_dags/example_branch_operator.py
[2024-12-17T21:10:44.421+0000] {logging_mixin.py:190} INFO - [2024-12-17T21:10:44.421+0000] {dag.py:3239} INFO - Sync 1 DAGs
[2024-12-17T21:10:44.447+0000] {logging_mixin.py:190} INFO - [2024-12-17T21:10:44.446+0000] {dag.py:4180} INFO - Setting next_dagrun for example_branch_operator to 2024-12-16 00:00:00+00:00, run_after=2024-12-17 00:00:00+00:00
[2024-12-17T21:10:44.464+0000] {processor.py:208} INFO - Processing /home/airflow/.local/lib/python3.12/site-packages/airflow/example_dags/example_branch_operator.py took 0.096 seconds
[2024-12-17T21:11:15.529+0000] {processor.py:186} INFO - Started process (PID=1342) to work on /home/airflow/.local/lib/python3.12/site-packages/airflow/example_dags/example_branch_operator.py
[2024-12-17T21:11:15.530+0000] {processor.py:914} INFO - Processing file /home/airflow/.local/lib/python3.12/site-packages/airflow/example_dags/example_branch_operator.py for tasks to queue
[2024-12-17T21:11:15.531+0000] {logging_mixin.py:190} INFO - [2024-12-17T21:11:15.531+0000] {dagbag.py:588} INFO - Filling up the DagBag from /home/airflow/.local/lib/python3.12/site-packages/airflow/example_dags/example_branch_operator.py
[2024-12-17T21:11:15.548+0000] {processor.py:925} INFO - DAG(s) 'example_branch_operator' retrieved from /home/airflow/.local/lib/python3.12/site-packages/airflow/example_dags/example_branch_operator.py
[2024-12-17T21:11:15.575+0000] {logging_mixin.py:190} INFO - [2024-12-17T21:11:15.575+0000] {dag.py:3239} INFO - Sync 1 DAGs
[2024-12-17T21:11:15.600+0000] {logging_mixin.py:190} INFO - [2024-12-17T21:11:15.600+0000] {dag.py:4180} INFO - Setting next_dagrun for example_branch_operator to 2024-12-16 00:00:00+00:00, run_after=2024-12-17 00:00:00+00:00
[2024-12-17T21:11:15.617+0000] {processor.py:208} INFO - Processing /home/airflow/.local/lib/python3.12/site-packages/airflow/example_dags/example_branch_operator.py took 0.093 seconds
[2024-12-17T21:11:47.184+0000] {processor.py:186} INFO - Started process (PID=1407) to work on /home/airflow/.local/lib/python3.12/site-packages/airflow/example_dags/example_branch_operator.py
[2024-12-17T21:11:47.185+0000] {processor.py:914} INFO - Processing file /home/airflow/.local/lib/python3.12/site-packages/airflow/example_dags/example_branch_operator.py for tasks to queue
[2024-12-17T21:11:47.187+0000] {logging_mixin.py:190} INFO - [2024-12-17T21:11:47.187+0000] {dagbag.py:588} INFO - Filling up the DagBag from /home/airflow/.local/lib/python3.12/site-packages/airflow/example_dags/example_branch_operator.py
[2024-12-17T21:11:47.205+0000] {processor.py:925} INFO - DAG(s) 'example_branch_operator' retrieved from /home/airflow/.local/lib/python3.12/site-packages/airflow/example_dags/example_branch_operator.py
[2024-12-17T21:11:47.233+0000] {logging_mixin.py:190} INFO - [2024-12-17T21:11:47.233+0000] {dag.py:3239} INFO - Sync 1 DAGs
[2024-12-17T21:11:47.256+0000] {logging_mixin.py:190} INFO - [2024-12-17T21:11:47.255+0000] {dag.py:4180} INFO - Setting next_dagrun for example_branch_operator to 2024-12-16 00:00:00+00:00, run_after=2024-12-17 00:00:00+00:00
[2024-12-17T21:11:47.272+0000] {processor.py:208} INFO - Processing /home/airflow/.local/lib/python3.12/site-packages/airflow/example_dags/example_branch_operator.py took 0.094 seconds
[2024-12-17T21:12:18.284+0000] {processor.py:186} INFO - Started process (PID=1471) to work on /home/airflow/.local/lib/python3.12/site-packages/airflow/example_dags/example_branch_operator.py
[2024-12-17T21:12:18.285+0000] {processor.py:914} INFO - Processing file /home/airflow/.local/lib/python3.12/site-packages/airflow/example_dags/example_branch_operator.py for tasks to queue
[2024-12-17T21:12:18.287+0000] {logging_mixin.py:190} INFO - [2024-12-17T21:12:18.287+0000] {dagbag.py:588} INFO - Filling up the DagBag from /home/airflow/.local/lib/python3.12/site-packages/airflow/example_dags/example_branch_operator.py
[2024-12-17T21:12:18.304+0000] {processor.py:925} INFO - DAG(s) 'example_branch_operator' retrieved from /home/airflow/.local/lib/python3.12/site-packages/airflow/example_dags/example_branch_operator.py
[2024-12-17T21:12:18.330+0000] {logging_mixin.py:190} INFO - [2024-12-17T21:12:18.330+0000] {dag.py:3239} INFO - Sync 1 DAGs
[2024-12-17T21:12:18.353+0000] {logging_mixin.py:190} INFO - [2024-12-17T21:12:18.353+0000] {dag.py:4180} INFO - Setting next_dagrun for example_branch_operator to 2024-12-16 00:00:00+00:00, run_after=2024-12-17 00:00:00+00:00
[2024-12-17T21:12:18.377+0000] {processor.py:208} INFO - Processing /home/airflow/.local/lib/python3.12/site-packages/airflow/example_dags/example_branch_operator.py took 0.099 seconds
[2024-12-17T21:12:49.521+0000] {processor.py:186} INFO - Started process (PID=1536) to work on /home/airflow/.local/lib/python3.12/site-packages/airflow/example_dags/example_branch_operator.py
[2024-12-17T21:12:49.522+0000] {processor.py:914} INFO - Processing file /home/airflow/.local/lib/python3.12/site-packages/airflow/example_dags/example_branch_operator.py for tasks to queue
[2024-12-17T21:12:49.524+0000] {logging_mixin.py:190} INFO - [2024-12-17T21:12:49.524+0000] {dagbag.py:588} INFO - Filling up the DagBag from /home/airflow/.local/lib/python3.12/site-packages/airflow/example_dags/example_branch_operator.py
[2024-12-17T21:12:49.549+0000] {processor.py:925} INFO - DAG(s) 'example_branch_operator' retrieved from /home/airflow/.local/lib/python3.12/site-packages/airflow/example_dags/example_branch_operator.py
[2024-12-17T21:12:49.585+0000] {logging_mixin.py:190} INFO - [2024-12-17T21:12:49.584+0000] {dag.py:3239} INFO - Sync 1 DAGs
[2024-12-17T21:12:49.617+0000] {logging_mixin.py:190} INFO - [2024-12-17T21:12:49.617+0000] {dag.py:4180} INFO - Setting next_dagrun for example_branch_operator to 2024-12-16 00:00:00+00:00, run_after=2024-12-17 00:00:00+00:00
[2024-12-17T21:12:49.648+0000] {processor.py:208} INFO - Processing /home/airflow/.local/lib/python3.12/site-packages/airflow/example_dags/example_branch_operator.py took 0.135 seconds
[2024-12-17T21:13:20.550+0000] {processor.py:186} INFO - Started process (PID=1600) to work on /home/airflow/.local/lib/python3.12/site-packages/airflow/example_dags/example_branch_operator.py
[2024-12-17T21:13:20.551+0000] {processor.py:914} INFO - Processing file /home/airflow/.local/lib/python3.12/site-packages/airflow/example_dags/example_branch_operator.py for tasks to queue
[2024-12-17T21:13:20.552+0000] {logging_mixin.py:190} INFO - [2024-12-17T21:13:20.552+0000] {dagbag.py:588} INFO - Filling up the DagBag from /home/airflow/.local/lib/python3.12/site-packages/airflow/example_dags/example_branch_operator.py
[2024-12-17T21:13:20.569+0000] {processor.py:925} INFO - DAG(s) 'example_branch_operator' retrieved from /home/airflow/.local/lib/python3.12/site-packages/airflow/example_dags/example_branch_operator.py
[2024-12-17T21:13:20.598+0000] {logging_mixin.py:190} INFO - [2024-12-17T21:13:20.598+0000] {dag.py:3239} INFO - Sync 1 DAGs
[2024-12-17T21:13:20.622+0000] {logging_mixin.py:190} INFO - [2024-12-17T21:13:20.622+0000] {dag.py:4180} INFO - Setting next_dagrun for example_branch_operator to 2024-12-16 00:00:00+00:00, run_after=2024-12-17 00:00:00+00:00
[2024-12-17T21:13:20.648+0000] {processor.py:208} INFO - Processing /home/airflow/.local/lib/python3.12/site-packages/airflow/example_dags/example_branch_operator.py took 0.104 seconds
[2024-12-17T21:13:51.489+0000] {processor.py:186} INFO - Started process (PID=1664) to work on /home/airflow/.local/lib/python3.12/site-packages/airflow/example_dags/example_branch_operator.py
[2024-12-17T21:13:51.490+0000] {processor.py:914} INFO - Processing file /home/airflow/.local/lib/python3.12/site-packages/airflow/example_dags/example_branch_operator.py for tasks to queue
[2024-12-17T21:13:51.491+0000] {logging_mixin.py:190} INFO - [2024-12-17T21:13:51.491+0000] {dagbag.py:588} INFO - Filling up the DagBag from /home/airflow/.local/lib/python3.12/site-packages/airflow/example_dags/example_branch_operator.py
[2024-12-17T21:13:51.512+0000] {processor.py:925} INFO - DAG(s) 'example_branch_operator' retrieved from /home/airflow/.local/lib/python3.12/site-packages/airflow/example_dags/example_branch_operator.py
[2024-12-17T21:13:51.539+0000] {logging_mixin.py:190} INFO - [2024-12-17T21:13:51.539+0000] {dag.py:3239} INFO - Sync 1 DAGs
[2024-12-17T21:13:51.562+0000] {logging_mixin.py:190} INFO - [2024-12-17T21:13:51.562+0000] {dag.py:4180} INFO - Setting next_dagrun for example_branch_operator to 2024-12-16 00:00:00+00:00, run_after=2024-12-17 00:00:00+00:00
[2024-12-17T21:13:51.587+0000] {processor.py:208} INFO - Processing /home/airflow/.local/lib/python3.12/site-packages/airflow/example_dags/example_branch_operator.py took 0.104 seconds
[2024-12-17T21:14:22.881+0000] {processor.py:186} INFO - Started process (PID=1728) to work on /home/airflow/.local/lib/python3.12/site-packages/airflow/example_dags/example_branch_operator.py
[2024-12-17T21:14:22.882+0000] {processor.py:914} INFO - Processing file /home/airflow/.local/lib/python3.12/site-packages/airflow/example_dags/example_branch_operator.py for tasks to queue
[2024-12-17T21:14:22.883+0000] {logging_mixin.py:190} INFO - [2024-12-17T21:14:22.883+0000] {dagbag.py:588} INFO - Filling up the DagBag from /home/airflow/.local/lib/python3.12/site-packages/airflow/example_dags/example_branch_operator.py
[2024-12-17T21:14:22.900+0000] {processor.py:925} INFO - DAG(s) 'example_branch_operator' retrieved from /home/airflow/.local/lib/python3.12/site-packages/airflow/example_dags/example_branch_operator.py
[2024-12-17T21:14:22.926+0000] {logging_mixin.py:190} INFO - [2024-12-17T21:14:22.925+0000] {dag.py:3239} INFO - Sync 1 DAGs
[2024-12-17T21:14:22.949+0000] {logging_mixin.py:190} INFO - [2024-12-17T21:14:22.948+0000] {dag.py:4180} INFO - Setting next_dagrun for example_branch_operator to 2024-12-16 00:00:00+00:00, run_after=2024-12-17 00:00:00+00:00
[2024-12-17T21:14:22.965+0000] {processor.py:208} INFO - Processing /home/airflow/.local/lib/python3.12/site-packages/airflow/example_dags/example_branch_operator.py took 0.090 seconds
[2024-12-17T21:14:53.838+0000] {processor.py:186} INFO - Started process (PID=1792) to work on /home/airflow/.local/lib/python3.12/site-packages/airflow/example_dags/example_branch_operator.py
[2024-12-17T21:14:53.839+0000] {processor.py:914} INFO - Processing file /home/airflow/.local/lib/python3.12/site-packages/airflow/example_dags/example_branch_operator.py for tasks to queue
[2024-12-17T21:14:53.841+0000] {logging_mixin.py:190} INFO - [2024-12-17T21:14:53.840+0000] {dagbag.py:588} INFO - Filling up the DagBag from /home/airflow/.local/lib/python3.12/site-packages/airflow/example_dags/example_branch_operator.py
[2024-12-17T21:14:53.857+0000] {processor.py:925} INFO - DAG(s) 'example_branch_operator' retrieved from /home/airflow/.local/lib/python3.12/site-packages/airflow/example_dags/example_branch_operator.py
[2024-12-17T21:14:53.884+0000] {logging_mixin.py:190} INFO - [2024-12-17T21:14:53.883+0000] {dag.py:3239} INFO - Sync 1 DAGs
[2024-12-17T21:14:53.906+0000] {logging_mixin.py:190} INFO - [2024-12-17T21:14:53.905+0000] {dag.py:4180} INFO - Setting next_dagrun for example_branch_operator to 2024-12-16 00:00:00+00:00, run_after=2024-12-17 00:00:00+00:00
[2024-12-17T21:14:53.922+0000] {processor.py:208} INFO - Processing /home/airflow/.local/lib/python3.12/site-packages/airflow/example_dags/example_branch_operator.py took 0.089 seconds
[2024-12-17T21:15:24.749+0000] {processor.py:186} INFO - Started process (PID=1856) to work on /home/airflow/.local/lib/python3.12/site-packages/airflow/example_dags/example_branch_operator.py
[2024-12-17T21:15:24.750+0000] {processor.py:914} INFO - Processing file /home/airflow/.local/lib/python3.12/site-packages/airflow/example_dags/example_branch_operator.py for tasks to queue
[2024-12-17T21:15:24.752+0000] {logging_mixin.py:190} INFO - [2024-12-17T21:15:24.751+0000] {dagbag.py:588} INFO - Filling up the DagBag from /home/airflow/.local/lib/python3.12/site-packages/airflow/example_dags/example_branch_operator.py
[2024-12-17T21:15:24.779+0000] {processor.py:925} INFO - DAG(s) 'example_branch_operator' retrieved from /home/airflow/.local/lib/python3.12/site-packages/airflow/example_dags/example_branch_operator.py
[2024-12-17T21:15:24.811+0000] {logging_mixin.py:190} INFO - [2024-12-17T21:15:24.811+0000] {dag.py:3239} INFO - Sync 1 DAGs
[2024-12-17T21:15:24.840+0000] {logging_mixin.py:190} INFO - [2024-12-17T21:15:24.840+0000] {dag.py:4180} INFO - Setting next_dagrun for example_branch_operator to 2024-12-16 00:00:00+00:00, run_after=2024-12-17 00:00:00+00:00
[2024-12-17T21:15:24.861+0000] {processor.py:208} INFO - Processing /home/airflow/.local/lib/python3.12/site-packages/airflow/example_dags/example_branch_operator.py took 0.118 seconds
[2024-12-17T21:15:56.059+0000] {processor.py:186} INFO - Started process (PID=1920) to work on /home/airflow/.local/lib/python3.12/site-packages/airflow/example_dags/example_branch_operator.py
[2024-12-17T21:15:56.060+0000] {processor.py:914} INFO - Processing file /home/airflow/.local/lib/python3.12/site-packages/airflow/example_dags/example_branch_operator.py for tasks to queue
[2024-12-17T21:15:56.061+0000] {logging_mixin.py:190} INFO - [2024-12-17T21:15:56.061+0000] {dagbag.py:588} INFO - Filling up the DagBag from /home/airflow/.local/lib/python3.12/site-packages/airflow/example_dags/example_branch_operator.py
[2024-12-17T21:15:56.079+0000] {processor.py:925} INFO - DAG(s) 'example_branch_operator' retrieved from /home/airflow/.local/lib/python3.12/site-packages/airflow/example_dags/example_branch_operator.py
[2024-12-17T21:15:56.105+0000] {logging_mixin.py:190} INFO - [2024-12-17T21:15:56.105+0000] {dag.py:3239} INFO - Sync 1 DAGs
[2024-12-17T21:15:56.128+0000] {logging_mixin.py:190} INFO - [2024-12-17T21:15:56.128+0000] {dag.py:4180} INFO - Setting next_dagrun for example_branch_operator to 2024-12-16 00:00:00+00:00, run_after=2024-12-17 00:00:00+00:00
[2024-12-17T21:15:56.153+0000] {processor.py:208} INFO - Processing /home/airflow/.local/lib/python3.12/site-packages/airflow/example_dags/example_branch_operator.py took 0.099 seconds
[2024-12-17T21:16:28.892+0000] {processor.py:186} INFO - Started process (PID=1984) to work on /home/airflow/.local/lib/python3.12/site-packages/airflow/example_dags/example_branch_operator.py
[2024-12-17T21:16:28.893+0000] {processor.py:914} INFO - Processing file /home/airflow/.local/lib/python3.12/site-packages/airflow/example_dags/example_branch_operator.py for tasks to queue
[2024-12-17T21:16:28.895+0000] {logging_mixin.py:190} INFO - [2024-12-17T21:16:28.894+0000] {dagbag.py:588} INFO - Filling up the DagBag from /home/airflow/.local/lib/python3.12/site-packages/airflow/example_dags/example_branch_operator.py
[2024-12-17T21:16:28.923+0000] {processor.py:925} INFO - DAG(s) 'example_branch_operator' retrieved from /home/airflow/.local/lib/python3.12/site-packages/airflow/example_dags/example_branch_operator.py
[2024-12-17T21:16:28.963+0000] {logging_mixin.py:190} INFO - [2024-12-17T21:16:28.962+0000] {dag.py:3239} INFO - Sync 1 DAGs
[2024-12-17T21:16:29.002+0000] {logging_mixin.py:190} INFO - [2024-12-17T21:16:29.002+0000] {dag.py:4180} INFO - Setting next_dagrun for example_branch_operator to 2024-12-16 00:00:00+00:00, run_after=2024-12-17 00:00:00+00:00
[2024-12-17T21:16:29.033+0000] {processor.py:208} INFO - Processing /home/airflow/.local/lib/python3.12/site-packages/airflow/example_dags/example_branch_operator.py took 0.148 seconds
[2024-12-17T21:17:01.154+0000] {processor.py:186} INFO - Started process (PID=2057) to work on /home/airflow/.local/lib/python3.12/site-packages/airflow/example_dags/example_branch_operator.py
[2024-12-17T21:17:01.156+0000] {processor.py:914} INFO - Processing file /home/airflow/.local/lib/python3.12/site-packages/airflow/example_dags/example_branch_operator.py for tasks to queue
[2024-12-17T21:17:01.158+0000] {logging_mixin.py:190} INFO - [2024-12-17T21:17:01.157+0000] {dagbag.py:588} INFO - Filling up the DagBag from /home/airflow/.local/lib/python3.12/site-packages/airflow/example_dags/example_branch_operator.py
[2024-12-17T21:17:01.187+0000] {processor.py:925} INFO - DAG(s) 'example_branch_operator' retrieved from /home/airflow/.local/lib/python3.12/site-packages/airflow/example_dags/example_branch_operator.py
[2024-12-17T21:17:01.223+0000] {logging_mixin.py:190} INFO - [2024-12-17T21:17:01.222+0000] {dag.py:3239} INFO - Sync 1 DAGs
[2024-12-17T21:17:01.254+0000] {logging_mixin.py:190} INFO - [2024-12-17T21:17:01.253+0000] {dag.py:4180} INFO - Setting next_dagrun for example_branch_operator to 2024-12-16 00:00:00+00:00, run_after=2024-12-17 00:00:00+00:00
[2024-12-17T21:17:01.286+0000] {processor.py:208} INFO - Processing /home/airflow/.local/lib/python3.12/site-packages/airflow/example_dags/example_branch_operator.py took 0.141 seconds
[2024-12-17T21:17:32.192+0000] {processor.py:186} INFO - Started process (PID=2121) to work on /home/airflow/.local/lib/python3.12/site-packages/airflow/example_dags/example_branch_operator.py
[2024-12-17T21:17:32.193+0000] {processor.py:914} INFO - Processing file /home/airflow/.local/lib/python3.12/site-packages/airflow/example_dags/example_branch_operator.py for tasks to queue
[2024-12-17T21:17:32.195+0000] {logging_mixin.py:190} INFO - [2024-12-17T21:17:32.194+0000] {dagbag.py:588} INFO - Filling up the DagBag from /home/airflow/.local/lib/python3.12/site-packages/airflow/example_dags/example_branch_operator.py
[2024-12-17T21:17:32.213+0000] {processor.py:925} INFO - DAG(s) 'example_branch_operator' retrieved from /home/airflow/.local/lib/python3.12/site-packages/airflow/example_dags/example_branch_operator.py
[2024-12-17T21:17:32.240+0000] {logging_mixin.py:190} INFO - [2024-12-17T21:17:32.240+0000] {dag.py:3239} INFO - Sync 1 DAGs
[2024-12-17T21:17:32.268+0000] {logging_mixin.py:190} INFO - [2024-12-17T21:17:32.268+0000] {dag.py:4180} INFO - Setting next_dagrun for example_branch_operator to 2024-12-16 00:00:00+00:00, run_after=2024-12-17 00:00:00+00:00
[2024-12-17T21:17:32.286+0000] {processor.py:208} INFO - Processing /home/airflow/.local/lib/python3.12/site-packages/airflow/example_dags/example_branch_operator.py took 0.100 seconds
