[2024-12-17T21:01:15.263+0000] {processor.py:186} INFO - Started process (PID=77) to work on /home/airflow/.local/lib/python3.12/site-packages/airflow/example_dags/example_python_decorator.py
[2024-12-17T21:01:15.265+0000] {processor.py:914} INFO - Processing file /home/airflow/.local/lib/python3.12/site-packages/airflow/example_dags/example_python_decorator.py for tasks to queue
[2024-12-17T21:01:15.272+0000] {logging_mixin.py:190} INFO - [2024-12-17T21:01:15.272+0000] {dagbag.py:588} INFO - Filling up the DagBag from /home/airflow/.local/lib/python3.12/site-packages/airflow/example_dags/example_python_decorator.py
[2024-12-17T21:01:15.327+0000] {processor.py:925} INFO - DAG(s) 'example_python_decorator' retrieved from /home/airflow/.local/lib/python3.12/site-packages/airflow/example_dags/example_python_decorator.py
[2024-12-17T21:01:15.476+0000] {logging_mixin.py:190} INFO - [2024-12-17T21:01:15.475+0000] {override.py:1911} INFO - Created Permission View: can delete on DAG:example_python_decorator
[2024-12-17T21:01:15.492+0000] {logging_mixin.py:190} INFO - [2024-12-17T21:01:15.491+0000] {override.py:1911} INFO - Created Permission View: can read on DAG:example_python_decorator
[2024-12-17T21:01:15.502+0000] {logging_mixin.py:190} INFO - [2024-12-17T21:01:15.501+0000] {override.py:1911} INFO - Created Permission View: can edit on DAG:example_python_decorator
[2024-12-17T21:01:15.511+0000] {logging_mixin.py:190} INFO - [2024-12-17T21:01:15.510+0000] {override.py:1911} INFO - Created Permission View: can create on DAG Run:example_python_decorator
[2024-12-17T21:01:15.517+0000] {logging_mixin.py:190} INFO - [2024-12-17T21:01:15.517+0000] {override.py:1911} INFO - Created Permission View: menu access on DAG Run:example_python_decorator
[2024-12-17T21:01:15.526+0000] {logging_mixin.py:190} INFO - [2024-12-17T21:01:15.526+0000] {override.py:1911} INFO - Created Permission View: can delete on DAG Run:example_python_decorator
[2024-12-17T21:01:15.533+0000] {logging_mixin.py:190} INFO - [2024-12-17T21:01:15.532+0000] {override.py:1911} INFO - Created Permission View: can read on DAG Run:example_python_decorator
[2024-12-17T21:01:15.534+0000] {logging_mixin.py:190} INFO - [2024-12-17T21:01:15.534+0000] {dag.py:3239} INFO - Sync 1 DAGs
[2024-12-17T21:01:15.553+0000] {logging_mixin.py:190} INFO - [2024-12-17T21:01:15.553+0000] {dag.py:3262} INFO - Creating ORM DAG for example_python_decorator
[2024-12-17T21:01:15.555+0000] {logging_mixin.py:190} INFO - [2024-12-17T21:01:15.555+0000] {dag.py:4180} INFO - Setting next_dagrun for example_python_decorator to None, run_after=None
[2024-12-17T21:01:15.574+0000] {processor.py:208} INFO - Processing /home/airflow/.local/lib/python3.12/site-packages/airflow/example_dags/example_python_decorator.py took 0.327 seconds
[2024-12-17T21:01:45.815+0000] {processor.py:186} INFO - Started process (PID=141) to work on /home/airflow/.local/lib/python3.12/site-packages/airflow/example_dags/example_python_decorator.py
[2024-12-17T21:01:45.816+0000] {processor.py:914} INFO - Processing file /home/airflow/.local/lib/python3.12/site-packages/airflow/example_dags/example_python_decorator.py for tasks to queue
[2024-12-17T21:01:45.818+0000] {logging_mixin.py:190} INFO - [2024-12-17T21:01:45.818+0000] {dagbag.py:588} INFO - Filling up the DagBag from /home/airflow/.local/lib/python3.12/site-packages/airflow/example_dags/example_python_decorator.py
[2024-12-17T21:01:45.838+0000] {processor.py:925} INFO - DAG(s) 'example_python_decorator' retrieved from /home/airflow/.local/lib/python3.12/site-packages/airflow/example_dags/example_python_decorator.py
[2024-12-17T21:01:45.857+0000] {logging_mixin.py:190} INFO - [2024-12-17T21:01:45.857+0000] {dag.py:3239} INFO - Sync 1 DAGs
[2024-12-17T21:01:45.871+0000] {logging_mixin.py:190} INFO - [2024-12-17T21:01:45.870+0000] {dag.py:4180} INFO - Setting next_dagrun for example_python_decorator to None, run_after=None
[2024-12-17T21:01:45.887+0000] {processor.py:208} INFO - Processing /home/airflow/.local/lib/python3.12/site-packages/airflow/example_dags/example_python_decorator.py took 0.077 seconds
[2024-12-17T21:02:16.080+0000] {processor.py:186} INFO - Started process (PID=205) to work on /home/airflow/.local/lib/python3.12/site-packages/airflow/example_dags/example_python_decorator.py
[2024-12-17T21:02:16.082+0000] {processor.py:914} INFO - Processing file /home/airflow/.local/lib/python3.12/site-packages/airflow/example_dags/example_python_decorator.py for tasks to queue
[2024-12-17T21:02:16.087+0000] {logging_mixin.py:190} INFO - [2024-12-17T21:02:16.086+0000] {dagbag.py:588} INFO - Filling up the DagBag from /home/airflow/.local/lib/python3.12/site-packages/airflow/example_dags/example_python_decorator.py
[2024-12-17T21:02:16.111+0000] {processor.py:925} INFO - DAG(s) 'example_python_decorator' retrieved from /home/airflow/.local/lib/python3.12/site-packages/airflow/example_dags/example_python_decorator.py
[2024-12-17T21:02:16.147+0000] {logging_mixin.py:190} INFO - [2024-12-17T21:02:16.147+0000] {dag.py:3239} INFO - Sync 1 DAGs
[2024-12-17T21:02:16.175+0000] {logging_mixin.py:190} INFO - [2024-12-17T21:02:16.175+0000] {dag.py:4180} INFO - Setting next_dagrun for example_python_decorator to None, run_after=None
[2024-12-17T21:02:16.208+0000] {processor.py:208} INFO - Processing /home/airflow/.local/lib/python3.12/site-packages/airflow/example_dags/example_python_decorator.py took 0.137 seconds
[2024-12-17T21:02:46.351+0000] {processor.py:186} INFO - Started process (PID=269) to work on /home/airflow/.local/lib/python3.12/site-packages/airflow/example_dags/example_python_decorator.py
[2024-12-17T21:02:46.352+0000] {processor.py:914} INFO - Processing file /home/airflow/.local/lib/python3.12/site-packages/airflow/example_dags/example_python_decorator.py for tasks to queue
[2024-12-17T21:02:46.354+0000] {logging_mixin.py:190} INFO - [2024-12-17T21:02:46.354+0000] {dagbag.py:588} INFO - Filling up the DagBag from /home/airflow/.local/lib/python3.12/site-packages/airflow/example_dags/example_python_decorator.py
[2024-12-17T21:02:46.372+0000] {processor.py:925} INFO - DAG(s) 'example_python_decorator' retrieved from /home/airflow/.local/lib/python3.12/site-packages/airflow/example_dags/example_python_decorator.py
[2024-12-17T21:02:46.398+0000] {logging_mixin.py:190} INFO - [2024-12-17T21:02:46.398+0000] {dag.py:3239} INFO - Sync 1 DAGs
[2024-12-17T21:02:46.417+0000] {logging_mixin.py:190} INFO - [2024-12-17T21:02:46.417+0000] {dag.py:4180} INFO - Setting next_dagrun for example_python_decorator to None, run_after=None
[2024-12-17T21:02:46.440+0000] {processor.py:208} INFO - Processing /home/airflow/.local/lib/python3.12/site-packages/airflow/example_dags/example_python_decorator.py took 0.096 seconds
[2024-12-17T21:03:16.510+0000] {processor.py:186} INFO - Started process (PID=333) to work on /home/airflow/.local/lib/python3.12/site-packages/airflow/example_dags/example_python_decorator.py
[2024-12-17T21:03:16.511+0000] {processor.py:914} INFO - Processing file /home/airflow/.local/lib/python3.12/site-packages/airflow/example_dags/example_python_decorator.py for tasks to queue
[2024-12-17T21:03:16.514+0000] {logging_mixin.py:190} INFO - [2024-12-17T21:03:16.513+0000] {dagbag.py:588} INFO - Filling up the DagBag from /home/airflow/.local/lib/python3.12/site-packages/airflow/example_dags/example_python_decorator.py
[2024-12-17T21:03:16.528+0000] {processor.py:925} INFO - DAG(s) 'example_python_decorator' retrieved from /home/airflow/.local/lib/python3.12/site-packages/airflow/example_dags/example_python_decorator.py
[2024-12-17T21:03:16.548+0000] {logging_mixin.py:190} INFO - [2024-12-17T21:03:16.548+0000] {dag.py:3239} INFO - Sync 1 DAGs
[2024-12-17T21:03:16.562+0000] {logging_mixin.py:190} INFO - [2024-12-17T21:03:16.562+0000] {dag.py:4180} INFO - Setting next_dagrun for example_python_decorator to None, run_after=None
[2024-12-17T21:03:16.580+0000] {processor.py:208} INFO - Processing /home/airflow/.local/lib/python3.12/site-packages/airflow/example_dags/example_python_decorator.py took 0.076 seconds
[2024-12-17T21:03:47.039+0000] {processor.py:186} INFO - Started process (PID=397) to work on /home/airflow/.local/lib/python3.12/site-packages/airflow/example_dags/example_python_decorator.py
[2024-12-17T21:03:47.040+0000] {processor.py:914} INFO - Processing file /home/airflow/.local/lib/python3.12/site-packages/airflow/example_dags/example_python_decorator.py for tasks to queue
[2024-12-17T21:03:47.043+0000] {logging_mixin.py:190} INFO - [2024-12-17T21:03:47.042+0000] {dagbag.py:588} INFO - Filling up the DagBag from /home/airflow/.local/lib/python3.12/site-packages/airflow/example_dags/example_python_decorator.py
[2024-12-17T21:03:47.057+0000] {processor.py:925} INFO - DAG(s) 'example_python_decorator' retrieved from /home/airflow/.local/lib/python3.12/site-packages/airflow/example_dags/example_python_decorator.py
[2024-12-17T21:03:47.078+0000] {logging_mixin.py:190} INFO - [2024-12-17T21:03:47.078+0000] {dag.py:3239} INFO - Sync 1 DAGs
[2024-12-17T21:03:47.093+0000] {logging_mixin.py:190} INFO - [2024-12-17T21:03:47.093+0000] {dag.py:4180} INFO - Setting next_dagrun for example_python_decorator to None, run_after=None
[2024-12-17T21:03:47.120+0000] {processor.py:208} INFO - Processing /home/airflow/.local/lib/python3.12/site-packages/airflow/example_dags/example_python_decorator.py took 0.087 seconds
[2024-12-17T21:04:17.951+0000] {processor.py:186} INFO - Started process (PID=461) to work on /home/airflow/.local/lib/python3.12/site-packages/airflow/example_dags/example_python_decorator.py
[2024-12-17T21:04:17.952+0000] {processor.py:914} INFO - Processing file /home/airflow/.local/lib/python3.12/site-packages/airflow/example_dags/example_python_decorator.py for tasks to queue
[2024-12-17T21:04:17.954+0000] {logging_mixin.py:190} INFO - [2024-12-17T21:04:17.953+0000] {dagbag.py:588} INFO - Filling up the DagBag from /home/airflow/.local/lib/python3.12/site-packages/airflow/example_dags/example_python_decorator.py
[2024-12-17T21:04:17.968+0000] {processor.py:925} INFO - DAG(s) 'example_python_decorator' retrieved from /home/airflow/.local/lib/python3.12/site-packages/airflow/example_dags/example_python_decorator.py
[2024-12-17T21:04:17.989+0000] {logging_mixin.py:190} INFO - [2024-12-17T21:04:17.989+0000] {dag.py:3239} INFO - Sync 1 DAGs
[2024-12-17T21:04:18.004+0000] {logging_mixin.py:190} INFO - [2024-12-17T21:04:18.004+0000] {dag.py:4180} INFO - Setting next_dagrun for example_python_decorator to None, run_after=None
[2024-12-17T21:04:18.029+0000] {processor.py:208} INFO - Processing /home/airflow/.local/lib/python3.12/site-packages/airflow/example_dags/example_python_decorator.py took 0.083 seconds
[2024-12-17T21:04:48.423+0000] {processor.py:186} INFO - Started process (PID=525) to work on /home/airflow/.local/lib/python3.12/site-packages/airflow/example_dags/example_python_decorator.py
[2024-12-17T21:04:48.424+0000] {processor.py:914} INFO - Processing file /home/airflow/.local/lib/python3.12/site-packages/airflow/example_dags/example_python_decorator.py for tasks to queue
[2024-12-17T21:04:48.426+0000] {logging_mixin.py:190} INFO - [2024-12-17T21:04:48.426+0000] {dagbag.py:588} INFO - Filling up the DagBag from /home/airflow/.local/lib/python3.12/site-packages/airflow/example_dags/example_python_decorator.py
[2024-12-17T21:04:48.440+0000] {processor.py:925} INFO - DAG(s) 'example_python_decorator' retrieved from /home/airflow/.local/lib/python3.12/site-packages/airflow/example_dags/example_python_decorator.py
[2024-12-17T21:04:48.461+0000] {logging_mixin.py:190} INFO - [2024-12-17T21:04:48.460+0000] {dag.py:3239} INFO - Sync 1 DAGs
[2024-12-17T21:04:48.475+0000] {logging_mixin.py:190} INFO - [2024-12-17T21:04:48.475+0000] {dag.py:4180} INFO - Setting next_dagrun for example_python_decorator to None, run_after=None
[2024-12-17T21:04:48.501+0000] {processor.py:208} INFO - Processing /home/airflow/.local/lib/python3.12/site-packages/airflow/example_dags/example_python_decorator.py took 0.083 seconds
[2024-12-17T21:05:18.957+0000] {processor.py:186} INFO - Started process (PID=589) to work on /home/airflow/.local/lib/python3.12/site-packages/airflow/example_dags/example_python_decorator.py
[2024-12-17T21:05:18.958+0000] {processor.py:914} INFO - Processing file /home/airflow/.local/lib/python3.12/site-packages/airflow/example_dags/example_python_decorator.py for tasks to queue
[2024-12-17T21:05:18.959+0000] {logging_mixin.py:190} INFO - [2024-12-17T21:05:18.959+0000] {dagbag.py:588} INFO - Filling up the DagBag from /home/airflow/.local/lib/python3.12/site-packages/airflow/example_dags/example_python_decorator.py
[2024-12-17T21:05:18.977+0000] {processor.py:925} INFO - DAG(s) 'example_python_decorator' retrieved from /home/airflow/.local/lib/python3.12/site-packages/airflow/example_dags/example_python_decorator.py
[2024-12-17T21:05:18.999+0000] {logging_mixin.py:190} INFO - [2024-12-17T21:05:18.999+0000] {dag.py:3239} INFO - Sync 1 DAGs
[2024-12-17T21:05:19.014+0000] {logging_mixin.py:190} INFO - [2024-12-17T21:05:19.014+0000] {dag.py:4180} INFO - Setting next_dagrun for example_python_decorator to None, run_after=None
[2024-12-17T21:05:19.039+0000] {processor.py:208} INFO - Processing /home/airflow/.local/lib/python3.12/site-packages/airflow/example_dags/example_python_decorator.py took 0.087 seconds
[2024-12-17T21:05:49.334+0000] {processor.py:186} INFO - Started process (PID=653) to work on /home/airflow/.local/lib/python3.12/site-packages/airflow/example_dags/example_python_decorator.py
[2024-12-17T21:05:49.335+0000] {processor.py:914} INFO - Processing file /home/airflow/.local/lib/python3.12/site-packages/airflow/example_dags/example_python_decorator.py for tasks to queue
[2024-12-17T21:05:49.336+0000] {logging_mixin.py:190} INFO - [2024-12-17T21:05:49.336+0000] {dagbag.py:588} INFO - Filling up the DagBag from /home/airflow/.local/lib/python3.12/site-packages/airflow/example_dags/example_python_decorator.py
[2024-12-17T21:05:49.350+0000] {processor.py:925} INFO - DAG(s) 'example_python_decorator' retrieved from /home/airflow/.local/lib/python3.12/site-packages/airflow/example_dags/example_python_decorator.py
[2024-12-17T21:05:49.371+0000] {logging_mixin.py:190} INFO - [2024-12-17T21:05:49.370+0000] {dag.py:3239} INFO - Sync 1 DAGs
[2024-12-17T21:05:49.385+0000] {logging_mixin.py:190} INFO - [2024-12-17T21:05:49.385+0000] {dag.py:4180} INFO - Setting next_dagrun for example_python_decorator to None, run_after=None
[2024-12-17T21:05:49.410+0000] {processor.py:208} INFO - Processing /home/airflow/.local/lib/python3.12/site-packages/airflow/example_dags/example_python_decorator.py took 0.083 seconds
[2024-12-17T21:06:20.018+0000] {processor.py:186} INFO - Started process (PID=717) to work on /home/airflow/.local/lib/python3.12/site-packages/airflow/example_dags/example_python_decorator.py
[2024-12-17T21:06:20.019+0000] {processor.py:914} INFO - Processing file /home/airflow/.local/lib/python3.12/site-packages/airflow/example_dags/example_python_decorator.py for tasks to queue
[2024-12-17T21:06:20.020+0000] {logging_mixin.py:190} INFO - [2024-12-17T21:06:20.020+0000] {dagbag.py:588} INFO - Filling up the DagBag from /home/airflow/.local/lib/python3.12/site-packages/airflow/example_dags/example_python_decorator.py
[2024-12-17T21:06:20.034+0000] {processor.py:925} INFO - DAG(s) 'example_python_decorator' retrieved from /home/airflow/.local/lib/python3.12/site-packages/airflow/example_dags/example_python_decorator.py
[2024-12-17T21:06:20.054+0000] {logging_mixin.py:190} INFO - [2024-12-17T21:06:20.054+0000] {dag.py:3239} INFO - Sync 1 DAGs
[2024-12-17T21:06:20.072+0000] {logging_mixin.py:190} INFO - [2024-12-17T21:06:20.071+0000] {dag.py:4180} INFO - Setting next_dagrun for example_python_decorator to None, run_after=None
[2024-12-17T21:06:20.089+0000] {processor.py:208} INFO - Processing /home/airflow/.local/lib/python3.12/site-packages/airflow/example_dags/example_python_decorator.py took 0.077 seconds
[2024-12-17T21:06:50.309+0000] {processor.py:186} INFO - Started process (PID=781) to work on /home/airflow/.local/lib/python3.12/site-packages/airflow/example_dags/example_python_decorator.py
[2024-12-17T21:06:50.310+0000] {processor.py:914} INFO - Processing file /home/airflow/.local/lib/python3.12/site-packages/airflow/example_dags/example_python_decorator.py for tasks to queue
[2024-12-17T21:06:50.311+0000] {logging_mixin.py:190} INFO - [2024-12-17T21:06:50.311+0000] {dagbag.py:588} INFO - Filling up the DagBag from /home/airflow/.local/lib/python3.12/site-packages/airflow/example_dags/example_python_decorator.py
[2024-12-17T21:06:50.326+0000] {processor.py:925} INFO - DAG(s) 'example_python_decorator' retrieved from /home/airflow/.local/lib/python3.12/site-packages/airflow/example_dags/example_python_decorator.py
[2024-12-17T21:06:50.347+0000] {logging_mixin.py:190} INFO - [2024-12-17T21:06:50.346+0000] {dag.py:3239} INFO - Sync 1 DAGs
[2024-12-17T21:06:50.361+0000] {logging_mixin.py:190} INFO - [2024-12-17T21:06:50.360+0000] {dag.py:4180} INFO - Setting next_dagrun for example_python_decorator to None, run_after=None
[2024-12-17T21:06:50.378+0000] {processor.py:208} INFO - Processing /home/airflow/.local/lib/python3.12/site-packages/airflow/example_dags/example_python_decorator.py took 0.075 seconds
[2024-12-17T21:07:20.971+0000] {processor.py:186} INFO - Started process (PID=845) to work on /home/airflow/.local/lib/python3.12/site-packages/airflow/example_dags/example_python_decorator.py
[2024-12-17T21:07:20.972+0000] {processor.py:914} INFO - Processing file /home/airflow/.local/lib/python3.12/site-packages/airflow/example_dags/example_python_decorator.py for tasks to queue
[2024-12-17T21:07:20.974+0000] {logging_mixin.py:190} INFO - [2024-12-17T21:07:20.973+0000] {dagbag.py:588} INFO - Filling up the DagBag from /home/airflow/.local/lib/python3.12/site-packages/airflow/example_dags/example_python_decorator.py
[2024-12-17T21:07:20.991+0000] {processor.py:925} INFO - DAG(s) 'example_python_decorator' retrieved from /home/airflow/.local/lib/python3.12/site-packages/airflow/example_dags/example_python_decorator.py
[2024-12-17T21:07:21.016+0000] {logging_mixin.py:190} INFO - [2024-12-17T21:07:21.016+0000] {dag.py:3239} INFO - Sync 1 DAGs
[2024-12-17T21:07:21.033+0000] {logging_mixin.py:190} INFO - [2024-12-17T21:07:21.033+0000] {dag.py:4180} INFO - Setting next_dagrun for example_python_decorator to None, run_after=None
[2024-12-17T21:07:21.059+0000] {processor.py:208} INFO - Processing /home/airflow/.local/lib/python3.12/site-packages/airflow/example_dags/example_python_decorator.py took 0.093 seconds
[2024-12-17T21:07:51.925+0000] {processor.py:186} INFO - Started process (PID=909) to work on /home/airflow/.local/lib/python3.12/site-packages/airflow/example_dags/example_python_decorator.py
[2024-12-17T21:07:51.926+0000] {processor.py:914} INFO - Processing file /home/airflow/.local/lib/python3.12/site-packages/airflow/example_dags/example_python_decorator.py for tasks to queue
[2024-12-17T21:07:51.928+0000] {logging_mixin.py:190} INFO - [2024-12-17T21:07:51.928+0000] {dagbag.py:588} INFO - Filling up the DagBag from /home/airflow/.local/lib/python3.12/site-packages/airflow/example_dags/example_python_decorator.py
[2024-12-17T21:07:51.944+0000] {processor.py:925} INFO - DAG(s) 'example_python_decorator' retrieved from /home/airflow/.local/lib/python3.12/site-packages/airflow/example_dags/example_python_decorator.py
[2024-12-17T21:07:51.963+0000] {logging_mixin.py:190} INFO - [2024-12-17T21:07:51.963+0000] {dag.py:3239} INFO - Sync 1 DAGs
[2024-12-17T21:07:51.977+0000] {logging_mixin.py:190} INFO - [2024-12-17T21:07:51.977+0000] {dag.py:4180} INFO - Setting next_dagrun for example_python_decorator to None, run_after=None
[2024-12-17T21:07:52.003+0000] {processor.py:208} INFO - Processing /home/airflow/.local/lib/python3.12/site-packages/airflow/example_dags/example_python_decorator.py took 0.085 seconds
[2024-12-17T21:08:22.471+0000] {processor.py:186} INFO - Started process (PID=973) to work on /home/airflow/.local/lib/python3.12/site-packages/airflow/example_dags/example_python_decorator.py
[2024-12-17T21:08:22.472+0000] {processor.py:914} INFO - Processing file /home/airflow/.local/lib/python3.12/site-packages/airflow/example_dags/example_python_decorator.py for tasks to queue
[2024-12-17T21:08:22.473+0000] {logging_mixin.py:190} INFO - [2024-12-17T21:08:22.473+0000] {dagbag.py:588} INFO - Filling up the DagBag from /home/airflow/.local/lib/python3.12/site-packages/airflow/example_dags/example_python_decorator.py
[2024-12-17T21:08:22.486+0000] {processor.py:925} INFO - DAG(s) 'example_python_decorator' retrieved from /home/airflow/.local/lib/python3.12/site-packages/airflow/example_dags/example_python_decorator.py
[2024-12-17T21:08:22.506+0000] {logging_mixin.py:190} INFO - [2024-12-17T21:08:22.505+0000] {dag.py:3239} INFO - Sync 1 DAGs
[2024-12-17T21:08:22.521+0000] {logging_mixin.py:190} INFO - [2024-12-17T21:08:22.520+0000] {dag.py:4180} INFO - Setting next_dagrun for example_python_decorator to None, run_after=None
[2024-12-17T21:08:22.559+0000] {processor.py:208} INFO - Processing /home/airflow/.local/lib/python3.12/site-packages/airflow/example_dags/example_python_decorator.py took 0.094 seconds
[2024-12-17T21:08:53.069+0000] {processor.py:186} INFO - Started process (PID=1038) to work on /home/airflow/.local/lib/python3.12/site-packages/airflow/example_dags/example_python_decorator.py
[2024-12-17T21:08:53.070+0000] {processor.py:914} INFO - Processing file /home/airflow/.local/lib/python3.12/site-packages/airflow/example_dags/example_python_decorator.py for tasks to queue
[2024-12-17T21:08:53.071+0000] {logging_mixin.py:190} INFO - [2024-12-17T21:08:53.071+0000] {dagbag.py:588} INFO - Filling up the DagBag from /home/airflow/.local/lib/python3.12/site-packages/airflow/example_dags/example_python_decorator.py
[2024-12-17T21:08:53.086+0000] {processor.py:925} INFO - DAG(s) 'example_python_decorator' retrieved from /home/airflow/.local/lib/python3.12/site-packages/airflow/example_dags/example_python_decorator.py
[2024-12-17T21:08:53.107+0000] {logging_mixin.py:190} INFO - [2024-12-17T21:08:53.107+0000] {dag.py:3239} INFO - Sync 1 DAGs
[2024-12-17T21:08:53.121+0000] {logging_mixin.py:190} INFO - [2024-12-17T21:08:53.121+0000] {dag.py:4180} INFO - Setting next_dagrun for example_python_decorator to None, run_after=None
[2024-12-17T21:08:53.148+0000] {processor.py:208} INFO - Processing /home/airflow/.local/lib/python3.12/site-packages/airflow/example_dags/example_python_decorator.py took 0.084 seconds
[2024-12-17T21:09:23.852+0000] {processor.py:186} INFO - Started process (PID=1103) to work on /home/airflow/.local/lib/python3.12/site-packages/airflow/example_dags/example_python_decorator.py
[2024-12-17T21:09:23.853+0000] {processor.py:914} INFO - Processing file /home/airflow/.local/lib/python3.12/site-packages/airflow/example_dags/example_python_decorator.py for tasks to queue
[2024-12-17T21:09:23.855+0000] {logging_mixin.py:190} INFO - [2024-12-17T21:09:23.855+0000] {dagbag.py:588} INFO - Filling up the DagBag from /home/airflow/.local/lib/python3.12/site-packages/airflow/example_dags/example_python_decorator.py
[2024-12-17T21:09:23.871+0000] {processor.py:925} INFO - DAG(s) 'example_python_decorator' retrieved from /home/airflow/.local/lib/python3.12/site-packages/airflow/example_dags/example_python_decorator.py
[2024-12-17T21:09:23.894+0000] {logging_mixin.py:190} INFO - [2024-12-17T21:09:23.893+0000] {dag.py:3239} INFO - Sync 1 DAGs
[2024-12-17T21:09:23.909+0000] {logging_mixin.py:190} INFO - [2024-12-17T21:09:23.909+0000] {dag.py:4180} INFO - Setting next_dagrun for example_python_decorator to None, run_after=None
[2024-12-17T21:09:23.928+0000] {processor.py:208} INFO - Processing /home/airflow/.local/lib/python3.12/site-packages/airflow/example_dags/example_python_decorator.py took 0.081 seconds
[2024-12-17T21:09:54.450+0000] {processor.py:186} INFO - Started process (PID=1167) to work on /home/airflow/.local/lib/python3.12/site-packages/airflow/example_dags/example_python_decorator.py
[2024-12-17T21:09:54.451+0000] {processor.py:914} INFO - Processing file /home/airflow/.local/lib/python3.12/site-packages/airflow/example_dags/example_python_decorator.py for tasks to queue
[2024-12-17T21:09:54.453+0000] {logging_mixin.py:190} INFO - [2024-12-17T21:09:54.452+0000] {dagbag.py:588} INFO - Filling up the DagBag from /home/airflow/.local/lib/python3.12/site-packages/airflow/example_dags/example_python_decorator.py
[2024-12-17T21:09:54.470+0000] {processor.py:925} INFO - DAG(s) 'example_python_decorator' retrieved from /home/airflow/.local/lib/python3.12/site-packages/airflow/example_dags/example_python_decorator.py
[2024-12-17T21:09:54.495+0000] {logging_mixin.py:190} INFO - [2024-12-17T21:09:54.495+0000] {dag.py:3239} INFO - Sync 1 DAGs
[2024-12-17T21:09:54.512+0000] {logging_mixin.py:190} INFO - [2024-12-17T21:09:54.512+0000] {dag.py:4180} INFO - Setting next_dagrun for example_python_decorator to None, run_after=None
[2024-12-17T21:09:54.539+0000] {processor.py:208} INFO - Processing /home/airflow/.local/lib/python3.12/site-packages/airflow/example_dags/example_python_decorator.py took 0.094 seconds
[2024-12-17T21:10:24.680+0000] {processor.py:186} INFO - Started process (PID=1231) to work on /home/airflow/.local/lib/python3.12/site-packages/airflow/example_dags/example_python_decorator.py
[2024-12-17T21:10:24.682+0000] {processor.py:914} INFO - Processing file /home/airflow/.local/lib/python3.12/site-packages/airflow/example_dags/example_python_decorator.py for tasks to queue
[2024-12-17T21:10:24.683+0000] {logging_mixin.py:190} INFO - [2024-12-17T21:10:24.683+0000] {dagbag.py:588} INFO - Filling up the DagBag from /home/airflow/.local/lib/python3.12/site-packages/airflow/example_dags/example_python_decorator.py
[2024-12-17T21:10:24.698+0000] {processor.py:925} INFO - DAG(s) 'example_python_decorator' retrieved from /home/airflow/.local/lib/python3.12/site-packages/airflow/example_dags/example_python_decorator.py
[2024-12-17T21:10:24.719+0000] {logging_mixin.py:190} INFO - [2024-12-17T21:10:24.719+0000] {dag.py:3239} INFO - Sync 1 DAGs
[2024-12-17T21:10:24.735+0000] {logging_mixin.py:190} INFO - [2024-12-17T21:10:24.735+0000] {dag.py:4180} INFO - Setting next_dagrun for example_python_decorator to None, run_after=None
[2024-12-17T21:10:24.768+0000] {processor.py:208} INFO - Processing /home/airflow/.local/lib/python3.12/site-packages/airflow/example_dags/example_python_decorator.py took 0.093 seconds
[2024-12-17T21:10:54.832+0000] {processor.py:186} INFO - Started process (PID=1295) to work on /home/airflow/.local/lib/python3.12/site-packages/airflow/example_dags/example_python_decorator.py
[2024-12-17T21:10:54.833+0000] {processor.py:914} INFO - Processing file /home/airflow/.local/lib/python3.12/site-packages/airflow/example_dags/example_python_decorator.py for tasks to queue
[2024-12-17T21:10:54.835+0000] {logging_mixin.py:190} INFO - [2024-12-17T21:10:54.834+0000] {dagbag.py:588} INFO - Filling up the DagBag from /home/airflow/.local/lib/python3.12/site-packages/airflow/example_dags/example_python_decorator.py
[2024-12-17T21:10:54.849+0000] {processor.py:925} INFO - DAG(s) 'example_python_decorator' retrieved from /home/airflow/.local/lib/python3.12/site-packages/airflow/example_dags/example_python_decorator.py
[2024-12-17T21:10:54.869+0000] {logging_mixin.py:190} INFO - [2024-12-17T21:10:54.869+0000] {dag.py:3239} INFO - Sync 1 DAGs
[2024-12-17T21:10:54.885+0000] {logging_mixin.py:190} INFO - [2024-12-17T21:10:54.884+0000] {dag.py:4180} INFO - Setting next_dagrun for example_python_decorator to None, run_after=None
[2024-12-17T21:10:54.911+0000] {processor.py:208} INFO - Processing /home/airflow/.local/lib/python3.12/site-packages/airflow/example_dags/example_python_decorator.py took 0.084 seconds
[2024-12-17T21:11:25.071+0000] {processor.py:186} INFO - Started process (PID=1359) to work on /home/airflow/.local/lib/python3.12/site-packages/airflow/example_dags/example_python_decorator.py
[2024-12-17T21:11:25.072+0000] {processor.py:914} INFO - Processing file /home/airflow/.local/lib/python3.12/site-packages/airflow/example_dags/example_python_decorator.py for tasks to queue
[2024-12-17T21:11:25.073+0000] {logging_mixin.py:190} INFO - [2024-12-17T21:11:25.073+0000] {dagbag.py:588} INFO - Filling up the DagBag from /home/airflow/.local/lib/python3.12/site-packages/airflow/example_dags/example_python_decorator.py
[2024-12-17T21:11:25.091+0000] {processor.py:925} INFO - DAG(s) 'example_python_decorator' retrieved from /home/airflow/.local/lib/python3.12/site-packages/airflow/example_dags/example_python_decorator.py
[2024-12-17T21:11:25.113+0000] {logging_mixin.py:190} INFO - [2024-12-17T21:11:25.112+0000] {dag.py:3239} INFO - Sync 1 DAGs
[2024-12-17T21:11:25.130+0000] {logging_mixin.py:190} INFO - [2024-12-17T21:11:25.130+0000] {dag.py:4180} INFO - Setting next_dagrun for example_python_decorator to None, run_after=None
[2024-12-17T21:11:25.160+0000] {processor.py:208} INFO - Processing /home/airflow/.local/lib/python3.12/site-packages/airflow/example_dags/example_python_decorator.py took 0.097 seconds
[2024-12-17T21:11:55.426+0000] {processor.py:186} INFO - Started process (PID=1423) to work on /home/airflow/.local/lib/python3.12/site-packages/airflow/example_dags/example_python_decorator.py
[2024-12-17T21:11:55.427+0000] {processor.py:914} INFO - Processing file /home/airflow/.local/lib/python3.12/site-packages/airflow/example_dags/example_python_decorator.py for tasks to queue
[2024-12-17T21:11:55.428+0000] {logging_mixin.py:190} INFO - [2024-12-17T21:11:55.428+0000] {dagbag.py:588} INFO - Filling up the DagBag from /home/airflow/.local/lib/python3.12/site-packages/airflow/example_dags/example_python_decorator.py
[2024-12-17T21:11:55.442+0000] {processor.py:925} INFO - DAG(s) 'example_python_decorator' retrieved from /home/airflow/.local/lib/python3.12/site-packages/airflow/example_dags/example_python_decorator.py
[2024-12-17T21:11:55.462+0000] {logging_mixin.py:190} INFO - [2024-12-17T21:11:55.461+0000] {dag.py:3239} INFO - Sync 1 DAGs
[2024-12-17T21:11:55.480+0000] {logging_mixin.py:190} INFO - [2024-12-17T21:11:55.480+0000] {dag.py:4180} INFO - Setting next_dagrun for example_python_decorator to None, run_after=None
[2024-12-17T21:11:55.505+0000] {processor.py:208} INFO - Processing /home/airflow/.local/lib/python3.12/site-packages/airflow/example_dags/example_python_decorator.py took 0.085 seconds
[2024-12-17T21:12:25.557+0000] {processor.py:186} INFO - Started process (PID=1487) to work on /home/airflow/.local/lib/python3.12/site-packages/airflow/example_dags/example_python_decorator.py
[2024-12-17T21:12:25.557+0000] {processor.py:914} INFO - Processing file /home/airflow/.local/lib/python3.12/site-packages/airflow/example_dags/example_python_decorator.py for tasks to queue
[2024-12-17T21:12:25.559+0000] {logging_mixin.py:190} INFO - [2024-12-17T21:12:25.558+0000] {dagbag.py:588} INFO - Filling up the DagBag from /home/airflow/.local/lib/python3.12/site-packages/airflow/example_dags/example_python_decorator.py
[2024-12-17T21:12:25.573+0000] {processor.py:925} INFO - DAG(s) 'example_python_decorator' retrieved from /home/airflow/.local/lib/python3.12/site-packages/airflow/example_dags/example_python_decorator.py
[2024-12-17T21:12:25.593+0000] {logging_mixin.py:190} INFO - [2024-12-17T21:12:25.593+0000] {dag.py:3239} INFO - Sync 1 DAGs
[2024-12-17T21:12:25.607+0000] {logging_mixin.py:190} INFO - [2024-12-17T21:12:25.607+0000] {dag.py:4180} INFO - Setting next_dagrun for example_python_decorator to None, run_after=None
[2024-12-17T21:12:25.632+0000] {processor.py:208} INFO - Processing /home/airflow/.local/lib/python3.12/site-packages/airflow/example_dags/example_python_decorator.py took 0.081 seconds
[2024-12-17T21:12:55.853+0000] {processor.py:186} INFO - Started process (PID=1552) to work on /home/airflow/.local/lib/python3.12/site-packages/airflow/example_dags/example_python_decorator.py
[2024-12-17T21:12:55.854+0000] {processor.py:914} INFO - Processing file /home/airflow/.local/lib/python3.12/site-packages/airflow/example_dags/example_python_decorator.py for tasks to queue
[2024-12-17T21:12:55.855+0000] {logging_mixin.py:190} INFO - [2024-12-17T21:12:55.855+0000] {dagbag.py:588} INFO - Filling up the DagBag from /home/airflow/.local/lib/python3.12/site-packages/airflow/example_dags/example_python_decorator.py
[2024-12-17T21:12:55.868+0000] {processor.py:925} INFO - DAG(s) 'example_python_decorator' retrieved from /home/airflow/.local/lib/python3.12/site-packages/airflow/example_dags/example_python_decorator.py
[2024-12-17T21:12:55.889+0000] {logging_mixin.py:190} INFO - [2024-12-17T21:12:55.889+0000] {dag.py:3239} INFO - Sync 1 DAGs
[2024-12-17T21:12:55.903+0000] {logging_mixin.py:190} INFO - [2024-12-17T21:12:55.903+0000] {dag.py:4180} INFO - Setting next_dagrun for example_python_decorator to None, run_after=None
[2024-12-17T21:12:55.928+0000] {processor.py:208} INFO - Processing /home/airflow/.local/lib/python3.12/site-packages/airflow/example_dags/example_python_decorator.py took 0.080 seconds
[2024-12-17T21:13:26.645+0000] {processor.py:186} INFO - Started process (PID=1616) to work on /home/airflow/.local/lib/python3.12/site-packages/airflow/example_dags/example_python_decorator.py
[2024-12-17T21:13:26.649+0000] {processor.py:914} INFO - Processing file /home/airflow/.local/lib/python3.12/site-packages/airflow/example_dags/example_python_decorator.py for tasks to queue
[2024-12-17T21:13:26.651+0000] {logging_mixin.py:190} INFO - [2024-12-17T21:13:26.651+0000] {dagbag.py:588} INFO - Filling up the DagBag from /home/airflow/.local/lib/python3.12/site-packages/airflow/example_dags/example_python_decorator.py
[2024-12-17T21:13:26.676+0000] {processor.py:925} INFO - DAG(s) 'example_python_decorator' retrieved from /home/airflow/.local/lib/python3.12/site-packages/airflow/example_dags/example_python_decorator.py
[2024-12-17T21:13:26.703+0000] {logging_mixin.py:190} INFO - [2024-12-17T21:13:26.703+0000] {dag.py:3239} INFO - Sync 1 DAGs
[2024-12-17T21:13:26.721+0000] {logging_mixin.py:190} INFO - [2024-12-17T21:13:26.721+0000] {dag.py:4180} INFO - Setting next_dagrun for example_python_decorator to None, run_after=None
[2024-12-17T21:13:26.750+0000] {processor.py:208} INFO - Processing /home/airflow/.local/lib/python3.12/site-packages/airflow/example_dags/example_python_decorator.py took 0.111 seconds
[2024-12-17T21:13:56.865+0000] {processor.py:186} INFO - Started process (PID=1680) to work on /home/airflow/.local/lib/python3.12/site-packages/airflow/example_dags/example_python_decorator.py
[2024-12-17T21:13:56.866+0000] {processor.py:914} INFO - Processing file /home/airflow/.local/lib/python3.12/site-packages/airflow/example_dags/example_python_decorator.py for tasks to queue
[2024-12-17T21:13:56.868+0000] {logging_mixin.py:190} INFO - [2024-12-17T21:13:56.867+0000] {dagbag.py:588} INFO - Filling up the DagBag from /home/airflow/.local/lib/python3.12/site-packages/airflow/example_dags/example_python_decorator.py
[2024-12-17T21:13:56.883+0000] {processor.py:925} INFO - DAG(s) 'example_python_decorator' retrieved from /home/airflow/.local/lib/python3.12/site-packages/airflow/example_dags/example_python_decorator.py
[2024-12-17T21:13:56.905+0000] {logging_mixin.py:190} INFO - [2024-12-17T21:13:56.905+0000] {dag.py:3239} INFO - Sync 1 DAGs
[2024-12-17T21:13:56.921+0000] {logging_mixin.py:190} INFO - [2024-12-17T21:13:56.920+0000] {dag.py:4180} INFO - Setting next_dagrun for example_python_decorator to None, run_after=None
[2024-12-17T21:13:56.937+0000] {processor.py:208} INFO - Processing /home/airflow/.local/lib/python3.12/site-packages/airflow/example_dags/example_python_decorator.py took 0.078 seconds
[2024-12-17T21:14:26.993+0000] {processor.py:186} INFO - Started process (PID=1744) to work on /home/airflow/.local/lib/python3.12/site-packages/airflow/example_dags/example_python_decorator.py
[2024-12-17T21:14:26.994+0000] {processor.py:914} INFO - Processing file /home/airflow/.local/lib/python3.12/site-packages/airflow/example_dags/example_python_decorator.py for tasks to queue
[2024-12-17T21:14:26.995+0000] {logging_mixin.py:190} INFO - [2024-12-17T21:14:26.995+0000] {dagbag.py:588} INFO - Filling up the DagBag from /home/airflow/.local/lib/python3.12/site-packages/airflow/example_dags/example_python_decorator.py
[2024-12-17T21:14:27.010+0000] {processor.py:925} INFO - DAG(s) 'example_python_decorator' retrieved from /home/airflow/.local/lib/python3.12/site-packages/airflow/example_dags/example_python_decorator.py
[2024-12-17T21:14:27.030+0000] {logging_mixin.py:190} INFO - [2024-12-17T21:14:27.029+0000] {dag.py:3239} INFO - Sync 1 DAGs
[2024-12-17T21:14:27.044+0000] {logging_mixin.py:190} INFO - [2024-12-17T21:14:27.044+0000] {dag.py:4180} INFO - Setting next_dagrun for example_python_decorator to None, run_after=None
[2024-12-17T21:14:27.065+0000] {processor.py:208} INFO - Processing /home/airflow/.local/lib/python3.12/site-packages/airflow/example_dags/example_python_decorator.py took 0.078 seconds
[2024-12-17T21:14:58.026+0000] {processor.py:186} INFO - Started process (PID=1808) to work on /home/airflow/.local/lib/python3.12/site-packages/airflow/example_dags/example_python_decorator.py
[2024-12-17T21:14:58.027+0000] {processor.py:914} INFO - Processing file /home/airflow/.local/lib/python3.12/site-packages/airflow/example_dags/example_python_decorator.py for tasks to queue
[2024-12-17T21:14:58.028+0000] {logging_mixin.py:190} INFO - [2024-12-17T21:14:58.028+0000] {dagbag.py:588} INFO - Filling up the DagBag from /home/airflow/.local/lib/python3.12/site-packages/airflow/example_dags/example_python_decorator.py
[2024-12-17T21:14:58.043+0000] {processor.py:925} INFO - DAG(s) 'example_python_decorator' retrieved from /home/airflow/.local/lib/python3.12/site-packages/airflow/example_dags/example_python_decorator.py
[2024-12-17T21:14:58.064+0000] {logging_mixin.py:190} INFO - [2024-12-17T21:14:58.063+0000] {dag.py:3239} INFO - Sync 1 DAGs
[2024-12-17T21:14:58.080+0000] {logging_mixin.py:190} INFO - [2024-12-17T21:14:58.080+0000] {dag.py:4180} INFO - Setting next_dagrun for example_python_decorator to None, run_after=None
[2024-12-17T21:14:58.106+0000] {processor.py:208} INFO - Processing /home/airflow/.local/lib/python3.12/site-packages/airflow/example_dags/example_python_decorator.py took 0.086 seconds
[2024-12-17T21:15:28.506+0000] {processor.py:186} INFO - Started process (PID=1872) to work on /home/airflow/.local/lib/python3.12/site-packages/airflow/example_dags/example_python_decorator.py
[2024-12-17T21:15:28.507+0000] {processor.py:914} INFO - Processing file /home/airflow/.local/lib/python3.12/site-packages/airflow/example_dags/example_python_decorator.py for tasks to queue
[2024-12-17T21:15:28.509+0000] {logging_mixin.py:190} INFO - [2024-12-17T21:15:28.508+0000] {dagbag.py:588} INFO - Filling up the DagBag from /home/airflow/.local/lib/python3.12/site-packages/airflow/example_dags/example_python_decorator.py
[2024-12-17T21:15:28.522+0000] {processor.py:925} INFO - DAG(s) 'example_python_decorator' retrieved from /home/airflow/.local/lib/python3.12/site-packages/airflow/example_dags/example_python_decorator.py
[2024-12-17T21:15:28.543+0000] {logging_mixin.py:190} INFO - [2024-12-17T21:15:28.543+0000] {dag.py:3239} INFO - Sync 1 DAGs
[2024-12-17T21:15:28.557+0000] {logging_mixin.py:190} INFO - [2024-12-17T21:15:28.557+0000] {dag.py:4180} INFO - Setting next_dagrun for example_python_decorator to None, run_after=None
[2024-12-17T21:15:28.582+0000] {processor.py:208} INFO - Processing /home/airflow/.local/lib/python3.12/site-packages/airflow/example_dags/example_python_decorator.py took 0.081 seconds
[2024-12-17T21:15:58.838+0000] {processor.py:186} INFO - Started process (PID=1936) to work on /home/airflow/.local/lib/python3.12/site-packages/airflow/example_dags/example_python_decorator.py
[2024-12-17T21:15:58.839+0000] {processor.py:914} INFO - Processing file /home/airflow/.local/lib/python3.12/site-packages/airflow/example_dags/example_python_decorator.py for tasks to queue
[2024-12-17T21:15:58.840+0000] {logging_mixin.py:190} INFO - [2024-12-17T21:15:58.840+0000] {dagbag.py:588} INFO - Filling up the DagBag from /home/airflow/.local/lib/python3.12/site-packages/airflow/example_dags/example_python_decorator.py
[2024-12-17T21:15:58.854+0000] {processor.py:925} INFO - DAG(s) 'example_python_decorator' retrieved from /home/airflow/.local/lib/python3.12/site-packages/airflow/example_dags/example_python_decorator.py
[2024-12-17T21:15:58.875+0000] {logging_mixin.py:190} INFO - [2024-12-17T21:15:58.875+0000] {dag.py:3239} INFO - Sync 1 DAGs
[2024-12-17T21:15:58.889+0000] {logging_mixin.py:190} INFO - [2024-12-17T21:15:58.889+0000] {dag.py:4180} INFO - Setting next_dagrun for example_python_decorator to None, run_after=None
[2024-12-17T21:15:58.912+0000] {processor.py:208} INFO - Processing /home/airflow/.local/lib/python3.12/site-packages/airflow/example_dags/example_python_decorator.py took 0.079 seconds
[2024-12-17T21:16:29.942+0000] {processor.py:186} INFO - Started process (PID=1999) to work on /home/airflow/.local/lib/python3.12/site-packages/airflow/example_dags/example_python_decorator.py
[2024-12-17T21:16:29.943+0000] {processor.py:914} INFO - Processing file /home/airflow/.local/lib/python3.12/site-packages/airflow/example_dags/example_python_decorator.py for tasks to queue
[2024-12-17T21:16:29.944+0000] {logging_mixin.py:190} INFO - [2024-12-17T21:16:29.944+0000] {dagbag.py:588} INFO - Filling up the DagBag from /home/airflow/.local/lib/python3.12/site-packages/airflow/example_dags/example_python_decorator.py
[2024-12-17T21:16:29.958+0000] {processor.py:925} INFO - DAG(s) 'example_python_decorator' retrieved from /home/airflow/.local/lib/python3.12/site-packages/airflow/example_dags/example_python_decorator.py
[2024-12-17T21:16:29.978+0000] {logging_mixin.py:190} INFO - [2024-12-17T21:16:29.977+0000] {dag.py:3239} INFO - Sync 1 DAGs
[2024-12-17T21:16:29.992+0000] {logging_mixin.py:190} INFO - [2024-12-17T21:16:29.992+0000] {dag.py:4180} INFO - Setting next_dagrun for example_python_decorator to None, run_after=None
[2024-12-17T21:16:30.017+0000] {processor.py:208} INFO - Processing /home/airflow/.local/lib/python3.12/site-packages/airflow/example_dags/example_python_decorator.py took 0.081 seconds
[2024-12-17T21:17:00.726+0000] {processor.py:186} INFO - Started process (PID=2051) to work on /home/airflow/.local/lib/python3.12/site-packages/airflow/example_dags/example_python_decorator.py
[2024-12-17T21:17:00.728+0000] {processor.py:914} INFO - Processing file /home/airflow/.local/lib/python3.12/site-packages/airflow/example_dags/example_python_decorator.py for tasks to queue
[2024-12-17T21:17:00.729+0000] {logging_mixin.py:190} INFO - [2024-12-17T21:17:00.729+0000] {dagbag.py:588} INFO - Filling up the DagBag from /home/airflow/.local/lib/python3.12/site-packages/airflow/example_dags/example_python_decorator.py
[2024-12-17T21:17:00.746+0000] {processor.py:925} INFO - DAG(s) 'example_python_decorator' retrieved from /home/airflow/.local/lib/python3.12/site-packages/airflow/example_dags/example_python_decorator.py
[2024-12-17T21:17:00.778+0000] {logging_mixin.py:190} INFO - [2024-12-17T21:17:00.778+0000] {dag.py:3239} INFO - Sync 1 DAGs
[2024-12-17T21:17:00.800+0000] {logging_mixin.py:190} INFO - [2024-12-17T21:17:00.800+0000] {dag.py:4180} INFO - Setting next_dagrun for example_python_decorator to None, run_after=None
[2024-12-17T21:17:00.825+0000] {processor.py:208} INFO - Processing /home/airflow/.local/lib/python3.12/site-packages/airflow/example_dags/example_python_decorator.py took 0.106 seconds
[2024-12-17T21:17:31.545+0000] {processor.py:186} INFO - Started process (PID=2110) to work on /home/airflow/.local/lib/python3.12/site-packages/airflow/example_dags/example_python_decorator.py
[2024-12-17T21:17:31.547+0000] {processor.py:914} INFO - Processing file /home/airflow/.local/lib/python3.12/site-packages/airflow/example_dags/example_python_decorator.py for tasks to queue
[2024-12-17T21:17:31.549+0000] {logging_mixin.py:190} INFO - [2024-12-17T21:17:31.548+0000] {dagbag.py:588} INFO - Filling up the DagBag from /home/airflow/.local/lib/python3.12/site-packages/airflow/example_dags/example_python_decorator.py
[2024-12-17T21:17:31.566+0000] {processor.py:925} INFO - DAG(s) 'example_python_decorator' retrieved from /home/airflow/.local/lib/python3.12/site-packages/airflow/example_dags/example_python_decorator.py
[2024-12-17T21:17:31.591+0000] {logging_mixin.py:190} INFO - [2024-12-17T21:17:31.591+0000] {dag.py:3239} INFO - Sync 1 DAGs
[2024-12-17T21:17:31.609+0000] {logging_mixin.py:190} INFO - [2024-12-17T21:17:31.608+0000] {dag.py:4180} INFO - Setting next_dagrun for example_python_decorator to None, run_after=None
[2024-12-17T21:17:31.628+0000] {processor.py:208} INFO - Processing /home/airflow/.local/lib/python3.12/site-packages/airflow/example_dags/example_python_decorator.py took 0.089 seconds
