[2024-12-17T21:01:23.780+0000] {processor.py:186} INFO - Started process (PID=117) to work on /home/airflow/.local/lib/python3.12/site-packages/airflow/example_dags/example_xcom.py
[2024-12-17T21:01:23.781+0000] {processor.py:914} INFO - Processing file /home/airflow/.local/lib/python3.12/site-packages/airflow/example_dags/example_xcom.py for tasks to queue
[2024-12-17T21:01:23.783+0000] {logging_mixin.py:190} INFO - [2024-12-17T21:01:23.783+0000] {dagbag.py:588} INFO - Filling up the DagBag from /home/airflow/.local/lib/python3.12/site-packages/airflow/example_dags/example_xcom.py
[2024-12-17T21:01:23.798+0000] {processor.py:925} INFO - DAG(s) 'example_xcom' retrieved from /home/airflow/.local/lib/python3.12/site-packages/airflow/example_dags/example_xcom.py
[2024-12-17T21:01:23.917+0000] {logging_mixin.py:190} INFO - [2024-12-17T21:01:23.916+0000] {override.py:1911} INFO - Created Permission View: can delete on DAG:example_xcom
[2024-12-17T21:01:23.928+0000] {logging_mixin.py:190} INFO - [2024-12-17T21:01:23.927+0000] {override.py:1911} INFO - Created Permission View: can read on DAG:example_xcom
[2024-12-17T21:01:23.935+0000] {logging_mixin.py:190} INFO - [2024-12-17T21:01:23.934+0000] {override.py:1911} INFO - Created Permission View: can edit on DAG:example_xcom
[2024-12-17T21:01:23.942+0000] {logging_mixin.py:190} INFO - [2024-12-17T21:01:23.942+0000] {override.py:1911} INFO - Created Permission View: can create on DAG Run:example_xcom
[2024-12-17T21:01:23.950+0000] {logging_mixin.py:190} INFO - [2024-12-17T21:01:23.950+0000] {override.py:1911} INFO - Created Permission View: menu access on DAG Run:example_xcom
[2024-12-17T21:01:23.958+0000] {logging_mixin.py:190} INFO - [2024-12-17T21:01:23.958+0000] {override.py:1911} INFO - Created Permission View: can delete on DAG Run:example_xcom
[2024-12-17T21:01:23.964+0000] {logging_mixin.py:190} INFO - [2024-12-17T21:01:23.964+0000] {override.py:1911} INFO - Created Permission View: can read on DAG Run:example_xcom
[2024-12-17T21:01:23.965+0000] {logging_mixin.py:190} INFO - [2024-12-17T21:01:23.965+0000] {dag.py:3239} INFO - Sync 1 DAGs
[2024-12-17T21:01:23.979+0000] {logging_mixin.py:190} INFO - [2024-12-17T21:01:23.979+0000] {dag.py:3262} INFO - Creating ORM DAG for example_xcom
[2024-12-17T21:01:23.992+0000] {logging_mixin.py:190} INFO - [2024-12-17T21:01:23.991+0000] {dag.py:4180} INFO - Setting next_dagrun for example_xcom to 2021-01-01 00:00:00+00:00, run_after=2021-01-01 00:00:00+00:00
[2024-12-17T21:01:24.009+0000] {processor.py:208} INFO - Processing /home/airflow/.local/lib/python3.12/site-packages/airflow/example_dags/example_xcom.py took 0.236 seconds
[2024-12-17T21:01:54.485+0000] {processor.py:186} INFO - Started process (PID=181) to work on /home/airflow/.local/lib/python3.12/site-packages/airflow/example_dags/example_xcom.py
[2024-12-17T21:01:54.486+0000] {processor.py:914} INFO - Processing file /home/airflow/.local/lib/python3.12/site-packages/airflow/example_dags/example_xcom.py for tasks to queue
[2024-12-17T21:01:54.488+0000] {logging_mixin.py:190} INFO - [2024-12-17T21:01:54.488+0000] {dagbag.py:588} INFO - Filling up the DagBag from /home/airflow/.local/lib/python3.12/site-packages/airflow/example_dags/example_xcom.py
[2024-12-17T21:01:54.498+0000] {processor.py:925} INFO - DAG(s) 'example_xcom' retrieved from /home/airflow/.local/lib/python3.12/site-packages/airflow/example_dags/example_xcom.py
[2024-12-17T21:01:54.518+0000] {logging_mixin.py:190} INFO - [2024-12-17T21:01:54.518+0000] {dag.py:3239} INFO - Sync 1 DAGs
[2024-12-17T21:01:54.540+0000] {logging_mixin.py:190} INFO - [2024-12-17T21:01:54.540+0000] {dag.py:4180} INFO - Setting next_dagrun for example_xcom to 2021-01-01 00:00:00+00:00, run_after=2021-01-01 00:00:00+00:00
[2024-12-17T21:01:54.558+0000] {processor.py:208} INFO - Processing /home/airflow/.local/lib/python3.12/site-packages/airflow/example_dags/example_xcom.py took 0.079 seconds
[2024-12-17T21:02:24.736+0000] {processor.py:186} INFO - Started process (PID=246) to work on /home/airflow/.local/lib/python3.12/site-packages/airflow/example_dags/example_xcom.py
[2024-12-17T21:02:24.737+0000] {processor.py:914} INFO - Processing file /home/airflow/.local/lib/python3.12/site-packages/airflow/example_dags/example_xcom.py for tasks to queue
[2024-12-17T21:02:24.739+0000] {logging_mixin.py:190} INFO - [2024-12-17T21:02:24.739+0000] {dagbag.py:588} INFO - Filling up the DagBag from /home/airflow/.local/lib/python3.12/site-packages/airflow/example_dags/example_xcom.py
[2024-12-17T21:02:24.749+0000] {processor.py:925} INFO - DAG(s) 'example_xcom' retrieved from /home/airflow/.local/lib/python3.12/site-packages/airflow/example_dags/example_xcom.py
[2024-12-17T21:02:24.768+0000] {logging_mixin.py:190} INFO - [2024-12-17T21:02:24.768+0000] {dag.py:3239} INFO - Sync 1 DAGs
[2024-12-17T21:02:24.790+0000] {logging_mixin.py:190} INFO - [2024-12-17T21:02:24.789+0000] {dag.py:4180} INFO - Setting next_dagrun for example_xcom to 2021-01-01 00:00:00+00:00, run_after=2021-01-01 00:00:00+00:00
[2024-12-17T21:02:24.806+0000] {processor.py:208} INFO - Processing /home/airflow/.local/lib/python3.12/site-packages/airflow/example_dags/example_xcom.py took 0.076 seconds
[2024-12-17T21:02:54.966+0000] {processor.py:186} INFO - Started process (PID=309) to work on /home/airflow/.local/lib/python3.12/site-packages/airflow/example_dags/example_xcom.py
[2024-12-17T21:02:54.967+0000] {processor.py:914} INFO - Processing file /home/airflow/.local/lib/python3.12/site-packages/airflow/example_dags/example_xcom.py for tasks to queue
[2024-12-17T21:02:54.969+0000] {logging_mixin.py:190} INFO - [2024-12-17T21:02:54.969+0000] {dagbag.py:588} INFO - Filling up the DagBag from /home/airflow/.local/lib/python3.12/site-packages/airflow/example_dags/example_xcom.py
[2024-12-17T21:02:54.978+0000] {processor.py:925} INFO - DAG(s) 'example_xcom' retrieved from /home/airflow/.local/lib/python3.12/site-packages/airflow/example_dags/example_xcom.py
[2024-12-17T21:02:54.998+0000] {logging_mixin.py:190} INFO - [2024-12-17T21:02:54.998+0000] {dag.py:3239} INFO - Sync 1 DAGs
[2024-12-17T21:02:55.023+0000] {logging_mixin.py:190} INFO - [2024-12-17T21:02:55.023+0000] {dag.py:4180} INFO - Setting next_dagrun for example_xcom to 2021-01-01 00:00:00+00:00, run_after=2021-01-01 00:00:00+00:00
[2024-12-17T21:02:55.040+0000] {processor.py:208} INFO - Processing /home/airflow/.local/lib/python3.12/site-packages/airflow/example_dags/example_xcom.py took 0.080 seconds
[2024-12-17T21:03:26.024+0000] {processor.py:186} INFO - Started process (PID=373) to work on /home/airflow/.local/lib/python3.12/site-packages/airflow/example_dags/example_xcom.py
[2024-12-17T21:03:26.026+0000] {processor.py:914} INFO - Processing file /home/airflow/.local/lib/python3.12/site-packages/airflow/example_dags/example_xcom.py for tasks to queue
[2024-12-17T21:03:26.028+0000] {logging_mixin.py:190} INFO - [2024-12-17T21:03:26.028+0000] {dagbag.py:588} INFO - Filling up the DagBag from /home/airflow/.local/lib/python3.12/site-packages/airflow/example_dags/example_xcom.py
[2024-12-17T21:03:26.037+0000] {processor.py:925} INFO - DAG(s) 'example_xcom' retrieved from /home/airflow/.local/lib/python3.12/site-packages/airflow/example_dags/example_xcom.py
[2024-12-17T21:03:26.056+0000] {logging_mixin.py:190} INFO - [2024-12-17T21:03:26.056+0000] {dag.py:3239} INFO - Sync 1 DAGs
[2024-12-17T21:03:26.078+0000] {logging_mixin.py:190} INFO - [2024-12-17T21:03:26.078+0000] {dag.py:4180} INFO - Setting next_dagrun for example_xcom to 2021-01-01 00:00:00+00:00, run_after=2021-01-01 00:00:00+00:00
[2024-12-17T21:03:26.096+0000] {processor.py:208} INFO - Processing /home/airflow/.local/lib/python3.12/site-packages/airflow/example_dags/example_xcom.py took 0.076 seconds
[2024-12-17T21:03:57.430+0000] {processor.py:186} INFO - Started process (PID=437) to work on /home/airflow/.local/lib/python3.12/site-packages/airflow/example_dags/example_xcom.py
[2024-12-17T21:03:57.431+0000] {processor.py:914} INFO - Processing file /home/airflow/.local/lib/python3.12/site-packages/airflow/example_dags/example_xcom.py for tasks to queue
[2024-12-17T21:03:57.434+0000] {logging_mixin.py:190} INFO - [2024-12-17T21:03:57.433+0000] {dagbag.py:588} INFO - Filling up the DagBag from /home/airflow/.local/lib/python3.12/site-packages/airflow/example_dags/example_xcom.py
[2024-12-17T21:03:57.442+0000] {processor.py:925} INFO - DAG(s) 'example_xcom' retrieved from /home/airflow/.local/lib/python3.12/site-packages/airflow/example_dags/example_xcom.py
[2024-12-17T21:03:57.462+0000] {logging_mixin.py:190} INFO - [2024-12-17T21:03:57.462+0000] {dag.py:3239} INFO - Sync 1 DAGs
[2024-12-17T21:03:57.484+0000] {logging_mixin.py:190} INFO - [2024-12-17T21:03:57.484+0000] {dag.py:4180} INFO - Setting next_dagrun for example_xcom to 2021-01-01 00:00:00+00:00, run_after=2021-01-01 00:00:00+00:00
[2024-12-17T21:03:57.502+0000] {processor.py:208} INFO - Processing /home/airflow/.local/lib/python3.12/site-packages/airflow/example_dags/example_xcom.py took 0.077 seconds
[2024-12-17T21:04:29.256+0000] {processor.py:186} INFO - Started process (PID=502) to work on /home/airflow/.local/lib/python3.12/site-packages/airflow/example_dags/example_xcom.py
[2024-12-17T21:04:29.257+0000] {processor.py:914} INFO - Processing file /home/airflow/.local/lib/python3.12/site-packages/airflow/example_dags/example_xcom.py for tasks to queue
[2024-12-17T21:04:29.259+0000] {logging_mixin.py:190} INFO - [2024-12-17T21:04:29.259+0000] {dagbag.py:588} INFO - Filling up the DagBag from /home/airflow/.local/lib/python3.12/site-packages/airflow/example_dags/example_xcom.py
[2024-12-17T21:04:29.269+0000] {processor.py:925} INFO - DAG(s) 'example_xcom' retrieved from /home/airflow/.local/lib/python3.12/site-packages/airflow/example_dags/example_xcom.py
[2024-12-17T21:04:29.289+0000] {logging_mixin.py:190} INFO - [2024-12-17T21:04:29.289+0000] {dag.py:3239} INFO - Sync 1 DAGs
[2024-12-17T21:04:29.310+0000] {logging_mixin.py:190} INFO - [2024-12-17T21:04:29.310+0000] {dag.py:4180} INFO - Setting next_dagrun for example_xcom to 2021-01-01 00:00:00+00:00, run_after=2021-01-01 00:00:00+00:00
[2024-12-17T21:04:29.335+0000] {processor.py:208} INFO - Processing /home/airflow/.local/lib/python3.12/site-packages/airflow/example_dags/example_xcom.py took 0.086 seconds
[2024-12-17T21:05:00.391+0000] {processor.py:186} INFO - Started process (PID=565) to work on /home/airflow/.local/lib/python3.12/site-packages/airflow/example_dags/example_xcom.py
[2024-12-17T21:05:00.392+0000] {processor.py:914} INFO - Processing file /home/airflow/.local/lib/python3.12/site-packages/airflow/example_dags/example_xcom.py for tasks to queue
[2024-12-17T21:05:00.394+0000] {logging_mixin.py:190} INFO - [2024-12-17T21:05:00.393+0000] {dagbag.py:588} INFO - Filling up the DagBag from /home/airflow/.local/lib/python3.12/site-packages/airflow/example_dags/example_xcom.py
[2024-12-17T21:05:00.404+0000] {processor.py:925} INFO - DAG(s) 'example_xcom' retrieved from /home/airflow/.local/lib/python3.12/site-packages/airflow/example_dags/example_xcom.py
[2024-12-17T21:05:00.435+0000] {logging_mixin.py:190} INFO - [2024-12-17T21:05:00.434+0000] {dag.py:3239} INFO - Sync 1 DAGs
[2024-12-17T21:05:00.467+0000] {logging_mixin.py:190} INFO - [2024-12-17T21:05:00.467+0000] {dag.py:4180} INFO - Setting next_dagrun for example_xcom to 2021-01-01 00:00:00+00:00, run_after=2021-01-01 00:00:00+00:00
[2024-12-17T21:05:00.501+0000] {processor.py:208} INFO - Processing /home/airflow/.local/lib/python3.12/site-packages/airflow/example_dags/example_xcom.py took 0.118 seconds
[2024-12-17T21:05:31.171+0000] {processor.py:186} INFO - Started process (PID=629) to work on /home/airflow/.local/lib/python3.12/site-packages/airflow/example_dags/example_xcom.py
[2024-12-17T21:05:31.172+0000] {processor.py:914} INFO - Processing file /home/airflow/.local/lib/python3.12/site-packages/airflow/example_dags/example_xcom.py for tasks to queue
[2024-12-17T21:05:31.173+0000] {logging_mixin.py:190} INFO - [2024-12-17T21:05:31.173+0000] {dagbag.py:588} INFO - Filling up the DagBag from /home/airflow/.local/lib/python3.12/site-packages/airflow/example_dags/example_xcom.py
[2024-12-17T21:05:31.183+0000] {processor.py:925} INFO - DAG(s) 'example_xcom' retrieved from /home/airflow/.local/lib/python3.12/site-packages/airflow/example_dags/example_xcom.py
[2024-12-17T21:05:31.203+0000] {logging_mixin.py:190} INFO - [2024-12-17T21:05:31.203+0000] {dag.py:3239} INFO - Sync 1 DAGs
[2024-12-17T21:05:31.225+0000] {logging_mixin.py:190} INFO - [2024-12-17T21:05:31.225+0000] {dag.py:4180} INFO - Setting next_dagrun for example_xcom to 2021-01-01 00:00:00+00:00, run_after=2021-01-01 00:00:00+00:00
[2024-12-17T21:05:31.245+0000] {processor.py:208} INFO - Processing /home/airflow/.local/lib/python3.12/site-packages/airflow/example_dags/example_xcom.py took 0.080 seconds
[2024-12-17T21:06:02.834+0000] {processor.py:186} INFO - Started process (PID=693) to work on /home/airflow/.local/lib/python3.12/site-packages/airflow/example_dags/example_xcom.py
[2024-12-17T21:06:02.835+0000] {processor.py:914} INFO - Processing file /home/airflow/.local/lib/python3.12/site-packages/airflow/example_dags/example_xcom.py for tasks to queue
[2024-12-17T21:06:02.837+0000] {logging_mixin.py:190} INFO - [2024-12-17T21:06:02.837+0000] {dagbag.py:588} INFO - Filling up the DagBag from /home/airflow/.local/lib/python3.12/site-packages/airflow/example_dags/example_xcom.py
[2024-12-17T21:06:02.847+0000] {processor.py:925} INFO - DAG(s) 'example_xcom' retrieved from /home/airflow/.local/lib/python3.12/site-packages/airflow/example_dags/example_xcom.py
[2024-12-17T21:06:02.866+0000] {logging_mixin.py:190} INFO - [2024-12-17T21:06:02.866+0000] {dag.py:3239} INFO - Sync 1 DAGs
[2024-12-17T21:06:02.887+0000] {logging_mixin.py:190} INFO - [2024-12-17T21:06:02.887+0000] {dag.py:4180} INFO - Setting next_dagrun for example_xcom to 2021-01-01 00:00:00+00:00, run_after=2021-01-01 00:00:00+00:00
[2024-12-17T21:06:02.904+0000] {processor.py:208} INFO - Processing /home/airflow/.local/lib/python3.12/site-packages/airflow/example_dags/example_xcom.py took 0.077 seconds
[2024-12-17T21:06:33.577+0000] {processor.py:186} INFO - Started process (PID=757) to work on /home/airflow/.local/lib/python3.12/site-packages/airflow/example_dags/example_xcom.py
[2024-12-17T21:06:33.579+0000] {processor.py:914} INFO - Processing file /home/airflow/.local/lib/python3.12/site-packages/airflow/example_dags/example_xcom.py for tasks to queue
[2024-12-17T21:06:33.580+0000] {logging_mixin.py:190} INFO - [2024-12-17T21:06:33.579+0000] {dagbag.py:588} INFO - Filling up the DagBag from /home/airflow/.local/lib/python3.12/site-packages/airflow/example_dags/example_xcom.py
[2024-12-17T21:06:33.589+0000] {processor.py:925} INFO - DAG(s) 'example_xcom' retrieved from /home/airflow/.local/lib/python3.12/site-packages/airflow/example_dags/example_xcom.py
[2024-12-17T21:06:33.611+0000] {logging_mixin.py:190} INFO - [2024-12-17T21:06:33.611+0000] {dag.py:3239} INFO - Sync 1 DAGs
[2024-12-17T21:06:33.636+0000] {logging_mixin.py:190} INFO - [2024-12-17T21:06:33.635+0000] {dag.py:4180} INFO - Setting next_dagrun for example_xcom to 2021-01-01 00:00:00+00:00, run_after=2021-01-01 00:00:00+00:00
[2024-12-17T21:06:33.655+0000] {processor.py:208} INFO - Processing /home/airflow/.local/lib/python3.12/site-packages/airflow/example_dags/example_xcom.py took 0.083 seconds
[2024-12-17T21:07:04.957+0000] {processor.py:186} INFO - Started process (PID=821) to work on /home/airflow/.local/lib/python3.12/site-packages/airflow/example_dags/example_xcom.py
[2024-12-17T21:07:04.958+0000] {processor.py:914} INFO - Processing file /home/airflow/.local/lib/python3.12/site-packages/airflow/example_dags/example_xcom.py for tasks to queue
[2024-12-17T21:07:04.959+0000] {logging_mixin.py:190} INFO - [2024-12-17T21:07:04.959+0000] {dagbag.py:588} INFO - Filling up the DagBag from /home/airflow/.local/lib/python3.12/site-packages/airflow/example_dags/example_xcom.py
[2024-12-17T21:07:04.969+0000] {processor.py:925} INFO - DAG(s) 'example_xcom' retrieved from /home/airflow/.local/lib/python3.12/site-packages/airflow/example_dags/example_xcom.py
[2024-12-17T21:07:04.989+0000] {logging_mixin.py:190} INFO - [2024-12-17T21:07:04.989+0000] {dag.py:3239} INFO - Sync 1 DAGs
[2024-12-17T21:07:05.011+0000] {logging_mixin.py:190} INFO - [2024-12-17T21:07:05.011+0000] {dag.py:4180} INFO - Setting next_dagrun for example_xcom to 2021-01-01 00:00:00+00:00, run_after=2021-01-01 00:00:00+00:00
[2024-12-17T21:07:05.036+0000] {processor.py:208} INFO - Processing /home/airflow/.local/lib/python3.12/site-packages/airflow/example_dags/example_xcom.py took 0.085 seconds
[2024-12-17T21:07:36.807+0000] {processor.py:186} INFO - Started process (PID=885) to work on /home/airflow/.local/lib/python3.12/site-packages/airflow/example_dags/example_xcom.py
[2024-12-17T21:07:36.808+0000] {processor.py:914} INFO - Processing file /home/airflow/.local/lib/python3.12/site-packages/airflow/example_dags/example_xcom.py for tasks to queue
[2024-12-17T21:07:36.809+0000] {logging_mixin.py:190} INFO - [2024-12-17T21:07:36.809+0000] {dagbag.py:588} INFO - Filling up the DagBag from /home/airflow/.local/lib/python3.12/site-packages/airflow/example_dags/example_xcom.py
[2024-12-17T21:07:36.819+0000] {processor.py:925} INFO - DAG(s) 'example_xcom' retrieved from /home/airflow/.local/lib/python3.12/site-packages/airflow/example_dags/example_xcom.py
[2024-12-17T21:07:36.843+0000] {logging_mixin.py:190} INFO - [2024-12-17T21:07:36.843+0000] {dag.py:3239} INFO - Sync 1 DAGs
[2024-12-17T21:07:36.872+0000] {logging_mixin.py:190} INFO - [2024-12-17T21:07:36.872+0000] {dag.py:4180} INFO - Setting next_dagrun for example_xcom to 2021-01-01 00:00:00+00:00, run_after=2021-01-01 00:00:00+00:00
[2024-12-17T21:07:36.900+0000] {processor.py:208} INFO - Processing /home/airflow/.local/lib/python3.12/site-packages/airflow/example_dags/example_xcom.py took 0.099 seconds
[2024-12-17T21:08:07.843+0000] {processor.py:186} INFO - Started process (PID=949) to work on /home/airflow/.local/lib/python3.12/site-packages/airflow/example_dags/example_xcom.py
[2024-12-17T21:08:07.844+0000] {processor.py:914} INFO - Processing file /home/airflow/.local/lib/python3.12/site-packages/airflow/example_dags/example_xcom.py for tasks to queue
[2024-12-17T21:08:07.845+0000] {logging_mixin.py:190} INFO - [2024-12-17T21:08:07.845+0000] {dagbag.py:588} INFO - Filling up the DagBag from /home/airflow/.local/lib/python3.12/site-packages/airflow/example_dags/example_xcom.py
[2024-12-17T21:08:07.855+0000] {processor.py:925} INFO - DAG(s) 'example_xcom' retrieved from /home/airflow/.local/lib/python3.12/site-packages/airflow/example_dags/example_xcom.py
[2024-12-17T21:08:07.878+0000] {logging_mixin.py:190} INFO - [2024-12-17T21:08:07.878+0000] {dag.py:3239} INFO - Sync 1 DAGs
[2024-12-17T21:08:07.905+0000] {logging_mixin.py:190} INFO - [2024-12-17T21:08:07.905+0000] {dag.py:4180} INFO - Setting next_dagrun for example_xcom to 2021-01-01 00:00:00+00:00, run_after=2021-01-01 00:00:00+00:00
[2024-12-17T21:08:07.924+0000] {processor.py:208} INFO - Processing /home/airflow/.local/lib/python3.12/site-packages/airflow/example_dags/example_xcom.py took 0.087 seconds
[2024-12-17T21:08:38.245+0000] {processor.py:186} INFO - Started process (PID=1014) to work on /home/airflow/.local/lib/python3.12/site-packages/airflow/example_dags/example_xcom.py
[2024-12-17T21:08:38.246+0000] {processor.py:914} INFO - Processing file /home/airflow/.local/lib/python3.12/site-packages/airflow/example_dags/example_xcom.py for tasks to queue
[2024-12-17T21:08:38.247+0000] {logging_mixin.py:190} INFO - [2024-12-17T21:08:38.247+0000] {dagbag.py:588} INFO - Filling up the DagBag from /home/airflow/.local/lib/python3.12/site-packages/airflow/example_dags/example_xcom.py
[2024-12-17T21:08:38.256+0000] {processor.py:925} INFO - DAG(s) 'example_xcom' retrieved from /home/airflow/.local/lib/python3.12/site-packages/airflow/example_dags/example_xcom.py
[2024-12-17T21:08:38.275+0000] {logging_mixin.py:190} INFO - [2024-12-17T21:08:38.275+0000] {dag.py:3239} INFO - Sync 1 DAGs
[2024-12-17T21:08:38.297+0000] {logging_mixin.py:190} INFO - [2024-12-17T21:08:38.297+0000] {dag.py:4180} INFO - Setting next_dagrun for example_xcom to 2021-01-01 00:00:00+00:00, run_after=2021-01-01 00:00:00+00:00
[2024-12-17T21:08:38.315+0000] {processor.py:208} INFO - Processing /home/airflow/.local/lib/python3.12/site-packages/airflow/example_dags/example_xcom.py took 0.076 seconds
[2024-12-17T21:09:10.059+0000] {processor.py:186} INFO - Started process (PID=1079) to work on /home/airflow/.local/lib/python3.12/site-packages/airflow/example_dags/example_xcom.py
[2024-12-17T21:09:10.060+0000] {processor.py:914} INFO - Processing file /home/airflow/.local/lib/python3.12/site-packages/airflow/example_dags/example_xcom.py for tasks to queue
[2024-12-17T21:09:10.061+0000] {logging_mixin.py:190} INFO - [2024-12-17T21:09:10.061+0000] {dagbag.py:588} INFO - Filling up the DagBag from /home/airflow/.local/lib/python3.12/site-packages/airflow/example_dags/example_xcom.py
[2024-12-17T21:09:10.070+0000] {processor.py:925} INFO - DAG(s) 'example_xcom' retrieved from /home/airflow/.local/lib/python3.12/site-packages/airflow/example_dags/example_xcom.py
[2024-12-17T21:09:10.090+0000] {logging_mixin.py:190} INFO - [2024-12-17T21:09:10.089+0000] {dag.py:3239} INFO - Sync 1 DAGs
[2024-12-17T21:09:10.112+0000] {logging_mixin.py:190} INFO - [2024-12-17T21:09:10.112+0000] {dag.py:4180} INFO - Setting next_dagrun for example_xcom to 2021-01-01 00:00:00+00:00, run_after=2021-01-01 00:00:00+00:00
[2024-12-17T21:09:10.130+0000] {processor.py:208} INFO - Processing /home/airflow/.local/lib/python3.12/site-packages/airflow/example_dags/example_xcom.py took 0.076 seconds
[2024-12-17T21:09:41.443+0000] {processor.py:186} INFO - Started process (PID=1143) to work on /home/airflow/.local/lib/python3.12/site-packages/airflow/example_dags/example_xcom.py
[2024-12-17T21:09:41.445+0000] {processor.py:914} INFO - Processing file /home/airflow/.local/lib/python3.12/site-packages/airflow/example_dags/example_xcom.py for tasks to queue
[2024-12-17T21:09:41.447+0000] {logging_mixin.py:190} INFO - [2024-12-17T21:09:41.446+0000] {dagbag.py:588} INFO - Filling up the DagBag from /home/airflow/.local/lib/python3.12/site-packages/airflow/example_dags/example_xcom.py
[2024-12-17T21:09:41.465+0000] {processor.py:925} INFO - DAG(s) 'example_xcom' retrieved from /home/airflow/.local/lib/python3.12/site-packages/airflow/example_dags/example_xcom.py
[2024-12-17T21:09:41.501+0000] {logging_mixin.py:190} INFO - [2024-12-17T21:09:41.500+0000] {dag.py:3239} INFO - Sync 1 DAGs
[2024-12-17T21:09:41.539+0000] {logging_mixin.py:190} INFO - [2024-12-17T21:09:41.539+0000] {dag.py:4180} INFO - Setting next_dagrun for example_xcom to 2021-01-01 00:00:00+00:00, run_after=2021-01-01 00:00:00+00:00
[2024-12-17T21:09:41.576+0000] {processor.py:208} INFO - Processing /home/airflow/.local/lib/python3.12/site-packages/airflow/example_dags/example_xcom.py took 0.143 seconds
[2024-12-17T21:10:12.955+0000] {processor.py:186} INFO - Started process (PID=1213) to work on /home/airflow/.local/lib/python3.12/site-packages/airflow/example_dags/example_xcom.py
[2024-12-17T21:10:12.956+0000] {processor.py:914} INFO - Processing file /home/airflow/.local/lib/python3.12/site-packages/airflow/example_dags/example_xcom.py for tasks to queue
[2024-12-17T21:10:12.958+0000] {logging_mixin.py:190} INFO - [2024-12-17T21:10:12.957+0000] {dagbag.py:588} INFO - Filling up the DagBag from /home/airflow/.local/lib/python3.12/site-packages/airflow/example_dags/example_xcom.py
[2024-12-17T21:10:12.967+0000] {processor.py:925} INFO - DAG(s) 'example_xcom' retrieved from /home/airflow/.local/lib/python3.12/site-packages/airflow/example_dags/example_xcom.py
[2024-12-17T21:10:12.988+0000] {logging_mixin.py:190} INFO - [2024-12-17T21:10:12.987+0000] {dag.py:3239} INFO - Sync 1 DAGs
[2024-12-17T21:10:13.010+0000] {logging_mixin.py:190} INFO - [2024-12-17T21:10:13.010+0000] {dag.py:4180} INFO - Setting next_dagrun for example_xcom to 2021-01-01 00:00:00+00:00, run_after=2021-01-01 00:00:00+00:00
[2024-12-17T21:10:13.028+0000] {processor.py:208} INFO - Processing /home/airflow/.local/lib/python3.12/site-packages/airflow/example_dags/example_xcom.py took 0.078 seconds
[2024-12-17T21:10:44.296+0000] {processor.py:186} INFO - Started process (PID=1277) to work on /home/airflow/.local/lib/python3.12/site-packages/airflow/example_dags/example_xcom.py
[2024-12-17T21:10:44.297+0000] {processor.py:914} INFO - Processing file /home/airflow/.local/lib/python3.12/site-packages/airflow/example_dags/example_xcom.py for tasks to queue
[2024-12-17T21:10:44.299+0000] {logging_mixin.py:190} INFO - [2024-12-17T21:10:44.299+0000] {dagbag.py:588} INFO - Filling up the DagBag from /home/airflow/.local/lib/python3.12/site-packages/airflow/example_dags/example_xcom.py
[2024-12-17T21:10:44.308+0000] {processor.py:925} INFO - DAG(s) 'example_xcom' retrieved from /home/airflow/.local/lib/python3.12/site-packages/airflow/example_dags/example_xcom.py
[2024-12-17T21:10:44.329+0000] {logging_mixin.py:190} INFO - [2024-12-17T21:10:44.329+0000] {dag.py:3239} INFO - Sync 1 DAGs
[2024-12-17T21:10:44.354+0000] {logging_mixin.py:190} INFO - [2024-12-17T21:10:44.354+0000] {dag.py:4180} INFO - Setting next_dagrun for example_xcom to 2021-01-01 00:00:00+00:00, run_after=2021-01-01 00:00:00+00:00
[2024-12-17T21:10:44.374+0000] {processor.py:208} INFO - Processing /home/airflow/.local/lib/python3.12/site-packages/airflow/example_dags/example_xcom.py took 0.083 seconds
[2024-12-17T21:11:15.424+0000] {processor.py:186} INFO - Started process (PID=1341) to work on /home/airflow/.local/lib/python3.12/site-packages/airflow/example_dags/example_xcom.py
[2024-12-17T21:11:15.425+0000] {processor.py:914} INFO - Processing file /home/airflow/.local/lib/python3.12/site-packages/airflow/example_dags/example_xcom.py for tasks to queue
[2024-12-17T21:11:15.426+0000] {logging_mixin.py:190} INFO - [2024-12-17T21:11:15.426+0000] {dagbag.py:588} INFO - Filling up the DagBag from /home/airflow/.local/lib/python3.12/site-packages/airflow/example_dags/example_xcom.py
[2024-12-17T21:11:15.435+0000] {processor.py:925} INFO - DAG(s) 'example_xcom' retrieved from /home/airflow/.local/lib/python3.12/site-packages/airflow/example_dags/example_xcom.py
[2024-12-17T21:11:15.456+0000] {logging_mixin.py:190} INFO - [2024-12-17T21:11:15.456+0000] {dag.py:3239} INFO - Sync 1 DAGs
[2024-12-17T21:11:15.477+0000] {logging_mixin.py:190} INFO - [2024-12-17T21:11:15.476+0000] {dag.py:4180} INFO - Setting next_dagrun for example_xcom to 2021-01-01 00:00:00+00:00, run_after=2021-01-01 00:00:00+00:00
[2024-12-17T21:11:15.495+0000] {processor.py:208} INFO - Processing /home/airflow/.local/lib/python3.12/site-packages/airflow/example_dags/example_xcom.py took 0.077 seconds
[2024-12-17T21:11:47.068+0000] {processor.py:186} INFO - Started process (PID=1406) to work on /home/airflow/.local/lib/python3.12/site-packages/airflow/example_dags/example_xcom.py
[2024-12-17T21:11:47.069+0000] {processor.py:914} INFO - Processing file /home/airflow/.local/lib/python3.12/site-packages/airflow/example_dags/example_xcom.py for tasks to queue
[2024-12-17T21:11:47.071+0000] {logging_mixin.py:190} INFO - [2024-12-17T21:11:47.071+0000] {dagbag.py:588} INFO - Filling up the DagBag from /home/airflow/.local/lib/python3.12/site-packages/airflow/example_dags/example_xcom.py
[2024-12-17T21:11:47.081+0000] {processor.py:925} INFO - DAG(s) 'example_xcom' retrieved from /home/airflow/.local/lib/python3.12/site-packages/airflow/example_dags/example_xcom.py
[2024-12-17T21:11:47.104+0000] {logging_mixin.py:190} INFO - [2024-12-17T21:11:47.104+0000] {dag.py:3239} INFO - Sync 1 DAGs
[2024-12-17T21:11:47.132+0000] {logging_mixin.py:190} INFO - [2024-12-17T21:11:47.132+0000] {dag.py:4180} INFO - Setting next_dagrun for example_xcom to 2021-01-01 00:00:00+00:00, run_after=2021-01-01 00:00:00+00:00
[2024-12-17T21:11:47.153+0000] {processor.py:208} INFO - Processing /home/airflow/.local/lib/python3.12/site-packages/airflow/example_dags/example_xcom.py took 0.090 seconds
[2024-12-17T21:12:18.175+0000] {processor.py:186} INFO - Started process (PID=1470) to work on /home/airflow/.local/lib/python3.12/site-packages/airflow/example_dags/example_xcom.py
[2024-12-17T21:12:18.176+0000] {processor.py:914} INFO - Processing file /home/airflow/.local/lib/python3.12/site-packages/airflow/example_dags/example_xcom.py for tasks to queue
[2024-12-17T21:12:18.178+0000] {logging_mixin.py:190} INFO - [2024-12-17T21:12:18.177+0000] {dagbag.py:588} INFO - Filling up the DagBag from /home/airflow/.local/lib/python3.12/site-packages/airflow/example_dags/example_xcom.py
[2024-12-17T21:12:18.186+0000] {processor.py:925} INFO - DAG(s) 'example_xcom' retrieved from /home/airflow/.local/lib/python3.12/site-packages/airflow/example_dags/example_xcom.py
[2024-12-17T21:12:18.206+0000] {logging_mixin.py:190} INFO - [2024-12-17T21:12:18.206+0000] {dag.py:3239} INFO - Sync 1 DAGs
[2024-12-17T21:12:18.228+0000] {logging_mixin.py:190} INFO - [2024-12-17T21:12:18.227+0000] {dag.py:4180} INFO - Setting next_dagrun for example_xcom to 2021-01-01 00:00:00+00:00, run_after=2021-01-01 00:00:00+00:00
[2024-12-17T21:12:18.252+0000] {processor.py:208} INFO - Processing /home/airflow/.local/lib/python3.12/site-packages/airflow/example_dags/example_xcom.py took 0.082 seconds
[2024-12-17T21:12:49.395+0000] {processor.py:186} INFO - Started process (PID=1535) to work on /home/airflow/.local/lib/python3.12/site-packages/airflow/example_dags/example_xcom.py
[2024-12-17T21:12:49.396+0000] {processor.py:914} INFO - Processing file /home/airflow/.local/lib/python3.12/site-packages/airflow/example_dags/example_xcom.py for tasks to queue
[2024-12-17T21:12:49.397+0000] {logging_mixin.py:190} INFO - [2024-12-17T21:12:49.397+0000] {dagbag.py:588} INFO - Filling up the DagBag from /home/airflow/.local/lib/python3.12/site-packages/airflow/example_dags/example_xcom.py
[2024-12-17T21:12:49.408+0000] {processor.py:925} INFO - DAG(s) 'example_xcom' retrieved from /home/airflow/.local/lib/python3.12/site-packages/airflow/example_dags/example_xcom.py
[2024-12-17T21:12:49.430+0000] {logging_mixin.py:190} INFO - [2024-12-17T21:12:49.430+0000] {dag.py:3239} INFO - Sync 1 DAGs
[2024-12-17T21:12:49.462+0000] {logging_mixin.py:190} INFO - [2024-12-17T21:12:49.461+0000] {dag.py:4180} INFO - Setting next_dagrun for example_xcom to 2021-01-01 00:00:00+00:00, run_after=2021-01-01 00:00:00+00:00
[2024-12-17T21:12:49.484+0000] {processor.py:208} INFO - Processing /home/airflow/.local/lib/python3.12/site-packages/airflow/example_dags/example_xcom.py took 0.096 seconds
[2024-12-17T21:13:20.437+0000] {processor.py:186} INFO - Started process (PID=1599) to work on /home/airflow/.local/lib/python3.12/site-packages/airflow/example_dags/example_xcom.py
[2024-12-17T21:13:20.438+0000] {processor.py:914} INFO - Processing file /home/airflow/.local/lib/python3.12/site-packages/airflow/example_dags/example_xcom.py for tasks to queue
[2024-12-17T21:13:20.439+0000] {logging_mixin.py:190} INFO - [2024-12-17T21:13:20.439+0000] {dagbag.py:588} INFO - Filling up the DagBag from /home/airflow/.local/lib/python3.12/site-packages/airflow/example_dags/example_xcom.py
[2024-12-17T21:13:20.448+0000] {processor.py:925} INFO - DAG(s) 'example_xcom' retrieved from /home/airflow/.local/lib/python3.12/site-packages/airflow/example_dags/example_xcom.py
[2024-12-17T21:13:20.468+0000] {logging_mixin.py:190} INFO - [2024-12-17T21:13:20.468+0000] {dag.py:3239} INFO - Sync 1 DAGs
[2024-12-17T21:13:20.493+0000] {logging_mixin.py:190} INFO - [2024-12-17T21:13:20.493+0000] {dag.py:4180} INFO - Setting next_dagrun for example_xcom to 2021-01-01 00:00:00+00:00, run_after=2021-01-01 00:00:00+00:00
[2024-12-17T21:13:20.519+0000] {processor.py:208} INFO - Processing /home/airflow/.local/lib/python3.12/site-packages/airflow/example_dags/example_xcom.py took 0.088 seconds
[2024-12-17T21:13:51.390+0000] {processor.py:186} INFO - Started process (PID=1662) to work on /home/airflow/.local/lib/python3.12/site-packages/airflow/example_dags/example_xcom.py
[2024-12-17T21:13:51.391+0000] {processor.py:914} INFO - Processing file /home/airflow/.local/lib/python3.12/site-packages/airflow/example_dags/example_xcom.py for tasks to queue
[2024-12-17T21:13:51.392+0000] {logging_mixin.py:190} INFO - [2024-12-17T21:13:51.392+0000] {dagbag.py:588} INFO - Filling up the DagBag from /home/airflow/.local/lib/python3.12/site-packages/airflow/example_dags/example_xcom.py
[2024-12-17T21:13:51.401+0000] {processor.py:925} INFO - DAG(s) 'example_xcom' retrieved from /home/airflow/.local/lib/python3.12/site-packages/airflow/example_dags/example_xcom.py
[2024-12-17T21:13:51.420+0000] {logging_mixin.py:190} INFO - [2024-12-17T21:13:51.420+0000] {dag.py:3239} INFO - Sync 1 DAGs
[2024-12-17T21:13:51.442+0000] {logging_mixin.py:190} INFO - [2024-12-17T21:13:51.441+0000] {dag.py:4180} INFO - Setting next_dagrun for example_xcom to 2021-01-01 00:00:00+00:00, run_after=2021-01-01 00:00:00+00:00
[2024-12-17T21:13:51.459+0000] {processor.py:208} INFO - Processing /home/airflow/.local/lib/python3.12/site-packages/airflow/example_dags/example_xcom.py took 0.074 seconds
[2024-12-17T21:14:22.768+0000] {processor.py:186} INFO - Started process (PID=1727) to work on /home/airflow/.local/lib/python3.12/site-packages/airflow/example_dags/example_xcom.py
[2024-12-17T21:14:22.769+0000] {processor.py:914} INFO - Processing file /home/airflow/.local/lib/python3.12/site-packages/airflow/example_dags/example_xcom.py for tasks to queue
[2024-12-17T21:14:22.771+0000] {logging_mixin.py:190} INFO - [2024-12-17T21:14:22.770+0000] {dagbag.py:588} INFO - Filling up the DagBag from /home/airflow/.local/lib/python3.12/site-packages/airflow/example_dags/example_xcom.py
[2024-12-17T21:14:22.780+0000] {processor.py:925} INFO - DAG(s) 'example_xcom' retrieved from /home/airflow/.local/lib/python3.12/site-packages/airflow/example_dags/example_xcom.py
[2024-12-17T21:14:22.799+0000] {logging_mixin.py:190} INFO - [2024-12-17T21:14:22.799+0000] {dag.py:3239} INFO - Sync 1 DAGs
[2024-12-17T21:14:22.822+0000] {logging_mixin.py:190} INFO - [2024-12-17T21:14:22.822+0000] {dag.py:4180} INFO - Setting next_dagrun for example_xcom to 2021-01-01 00:00:00+00:00, run_after=2021-01-01 00:00:00+00:00
[2024-12-17T21:14:22.846+0000] {processor.py:208} INFO - Processing /home/airflow/.local/lib/python3.12/site-packages/airflow/example_dags/example_xcom.py took 0.083 seconds
[2024-12-17T21:14:53.741+0000] {processor.py:186} INFO - Started process (PID=1791) to work on /home/airflow/.local/lib/python3.12/site-packages/airflow/example_dags/example_xcom.py
[2024-12-17T21:14:53.742+0000] {processor.py:914} INFO - Processing file /home/airflow/.local/lib/python3.12/site-packages/airflow/example_dags/example_xcom.py for tasks to queue
[2024-12-17T21:14:53.743+0000] {logging_mixin.py:190} INFO - [2024-12-17T21:14:53.742+0000] {dagbag.py:588} INFO - Filling up the DagBag from /home/airflow/.local/lib/python3.12/site-packages/airflow/example_dags/example_xcom.py
[2024-12-17T21:14:53.751+0000] {processor.py:925} INFO - DAG(s) 'example_xcom' retrieved from /home/airflow/.local/lib/python3.12/site-packages/airflow/example_dags/example_xcom.py
[2024-12-17T21:14:53.771+0000] {logging_mixin.py:190} INFO - [2024-12-17T21:14:53.771+0000] {dag.py:3239} INFO - Sync 1 DAGs
[2024-12-17T21:14:53.792+0000] {logging_mixin.py:190} INFO - [2024-12-17T21:14:53.792+0000] {dag.py:4180} INFO - Setting next_dagrun for example_xcom to 2021-01-01 00:00:00+00:00, run_after=2021-01-01 00:00:00+00:00
[2024-12-17T21:14:53.810+0000] {processor.py:208} INFO - Processing /home/airflow/.local/lib/python3.12/site-packages/airflow/example_dags/example_xcom.py took 0.075 seconds
[2024-12-17T21:15:24.638+0000] {processor.py:186} INFO - Started process (PID=1854) to work on /home/airflow/.local/lib/python3.12/site-packages/airflow/example_dags/example_xcom.py
[2024-12-17T21:15:24.639+0000] {processor.py:914} INFO - Processing file /home/airflow/.local/lib/python3.12/site-packages/airflow/example_dags/example_xcom.py for tasks to queue
[2024-12-17T21:15:24.640+0000] {logging_mixin.py:190} INFO - [2024-12-17T21:15:24.640+0000] {dagbag.py:588} INFO - Filling up the DagBag from /home/airflow/.local/lib/python3.12/site-packages/airflow/example_dags/example_xcom.py
[2024-12-17T21:15:24.649+0000] {processor.py:925} INFO - DAG(s) 'example_xcom' retrieved from /home/airflow/.local/lib/python3.12/site-packages/airflow/example_dags/example_xcom.py
[2024-12-17T21:15:24.671+0000] {logging_mixin.py:190} INFO - [2024-12-17T21:15:24.670+0000] {dag.py:3239} INFO - Sync 1 DAGs
[2024-12-17T21:15:24.697+0000] {logging_mixin.py:190} INFO - [2024-12-17T21:15:24.697+0000] {dag.py:4180} INFO - Setting next_dagrun for example_xcom to 2021-01-01 00:00:00+00:00, run_after=2021-01-01 00:00:00+00:00
[2024-12-17T21:15:24.716+0000] {processor.py:208} INFO - Processing /home/airflow/.local/lib/python3.12/site-packages/airflow/example_dags/example_xcom.py took 0.083 seconds
[2024-12-17T21:15:55.944+0000] {processor.py:186} INFO - Started process (PID=1918) to work on /home/airflow/.local/lib/python3.12/site-packages/airflow/example_dags/example_xcom.py
[2024-12-17T21:15:55.945+0000] {processor.py:914} INFO - Processing file /home/airflow/.local/lib/python3.12/site-packages/airflow/example_dags/example_xcom.py for tasks to queue
[2024-12-17T21:15:55.947+0000] {logging_mixin.py:190} INFO - [2024-12-17T21:15:55.946+0000] {dagbag.py:588} INFO - Filling up the DagBag from /home/airflow/.local/lib/python3.12/site-packages/airflow/example_dags/example_xcom.py
[2024-12-17T21:15:55.956+0000] {processor.py:925} INFO - DAG(s) 'example_xcom' retrieved from /home/airflow/.local/lib/python3.12/site-packages/airflow/example_dags/example_xcom.py
[2024-12-17T21:15:55.975+0000] {logging_mixin.py:190} INFO - [2024-12-17T21:15:55.974+0000] {dag.py:3239} INFO - Sync 1 DAGs
[2024-12-17T21:15:55.995+0000] {logging_mixin.py:190} INFO - [2024-12-17T21:15:55.995+0000] {dag.py:4180} INFO - Setting next_dagrun for example_xcom to 2021-01-01 00:00:00+00:00, run_after=2021-01-01 00:00:00+00:00
[2024-12-17T21:15:56.021+0000] {processor.py:208} INFO - Processing /home/airflow/.local/lib/python3.12/site-packages/airflow/example_dags/example_xcom.py took 0.082 seconds
[2024-12-17T21:16:28.821+0000] {processor.py:186} INFO - Started process (PID=1983) to work on /home/airflow/.local/lib/python3.12/site-packages/airflow/example_dags/example_xcom.py
[2024-12-17T21:16:28.822+0000] {processor.py:914} INFO - Processing file /home/airflow/.local/lib/python3.12/site-packages/airflow/example_dags/example_xcom.py for tasks to queue
[2024-12-17T21:16:28.824+0000] {logging_mixin.py:190} INFO - [2024-12-17T21:16:28.823+0000] {dagbag.py:588} INFO - Filling up the DagBag from /home/airflow/.local/lib/python3.12/site-packages/airflow/example_dags/example_xcom.py
[2024-12-17T21:16:28.836+0000] {processor.py:925} INFO - DAG(s) 'example_xcom' retrieved from /home/airflow/.local/lib/python3.12/site-packages/airflow/example_dags/example_xcom.py
[2024-12-17T21:16:28.864+0000] {logging_mixin.py:190} INFO - [2024-12-17T21:16:28.864+0000] {dag.py:3239} INFO - Sync 1 DAGs
[2024-12-17T21:16:28.899+0000] {logging_mixin.py:190} INFO - [2024-12-17T21:16:28.898+0000] {dag.py:4180} INFO - Setting next_dagrun for example_xcom to 2021-01-01 00:00:00+00:00, run_after=2021-01-01 00:00:00+00:00
[2024-12-17T21:16:28.928+0000] {processor.py:208} INFO - Processing /home/airflow/.local/lib/python3.12/site-packages/airflow/example_dags/example_xcom.py took 0.114 seconds
[2024-12-17T21:17:00.466+0000] {processor.py:186} INFO - Started process (PID=2047) to work on /home/airflow/.local/lib/python3.12/site-packages/airflow/example_dags/example_xcom.py
[2024-12-17T21:17:00.467+0000] {processor.py:914} INFO - Processing file /home/airflow/.local/lib/python3.12/site-packages/airflow/example_dags/example_xcom.py for tasks to queue
[2024-12-17T21:17:00.468+0000] {logging_mixin.py:190} INFO - [2024-12-17T21:17:00.468+0000] {dagbag.py:588} INFO - Filling up the DagBag from /home/airflow/.local/lib/python3.12/site-packages/airflow/example_dags/example_xcom.py
[2024-12-17T21:17:00.495+0000] {processor.py:925} INFO - DAG(s) 'example_xcom' retrieved from /home/airflow/.local/lib/python3.12/site-packages/airflow/example_dags/example_xcom.py
[2024-12-17T21:17:00.521+0000] {logging_mixin.py:190} INFO - [2024-12-17T21:17:00.521+0000] {dag.py:3239} INFO - Sync 1 DAGs
[2024-12-17T21:17:00.550+0000] {logging_mixin.py:190} INFO - [2024-12-17T21:17:00.549+0000] {dag.py:4180} INFO - Setting next_dagrun for example_xcom to 2021-01-01 00:00:00+00:00, run_after=2021-01-01 00:00:00+00:00
[2024-12-17T21:17:00.568+0000] {processor.py:208} INFO - Processing /home/airflow/.local/lib/python3.12/site-packages/airflow/example_dags/example_xcom.py took 0.108 seconds
[2024-12-17T21:17:32.152+0000] {processor.py:186} INFO - Started process (PID=2120) to work on /home/airflow/.local/lib/python3.12/site-packages/airflow/example_dags/example_xcom.py
[2024-12-17T21:17:32.153+0000] {processor.py:914} INFO - Processing file /home/airflow/.local/lib/python3.12/site-packages/airflow/example_dags/example_xcom.py for tasks to queue
[2024-12-17T21:17:32.155+0000] {logging_mixin.py:190} INFO - [2024-12-17T21:17:32.154+0000] {dagbag.py:588} INFO - Filling up the DagBag from /home/airflow/.local/lib/python3.12/site-packages/airflow/example_dags/example_xcom.py
[2024-12-17T21:17:32.165+0000] {processor.py:925} INFO - DAG(s) 'example_xcom' retrieved from /home/airflow/.local/lib/python3.12/site-packages/airflow/example_dags/example_xcom.py
[2024-12-17T21:17:32.189+0000] {logging_mixin.py:190} INFO - [2024-12-17T21:17:32.188+0000] {dag.py:3239} INFO - Sync 1 DAGs
[2024-12-17T21:17:32.215+0000] {logging_mixin.py:190} INFO - [2024-12-17T21:17:32.214+0000] {dag.py:4180} INFO - Setting next_dagrun for example_xcom to 2021-01-01 00:00:00+00:00, run_after=2021-01-01 00:00:00+00:00
[2024-12-17T21:17:32.241+0000] {processor.py:208} INFO - Processing /home/airflow/.local/lib/python3.12/site-packages/airflow/example_dags/example_xcom.py took 0.094 seconds
