[2024-12-17T21:01:20.573+0000] {processor.py:186} INFO - Started process (PID=100) to work on /home/airflow/.local/lib/python3.12/site-packages/airflow/example_dags/example_sla_dag.py
[2024-12-17T21:01:20.574+0000] {processor.py:914} INFO - Processing file /home/airflow/.local/lib/python3.12/site-packages/airflow/example_dags/example_sla_dag.py for tasks to queue
[2024-12-17T21:01:20.576+0000] {logging_mixin.py:190} INFO - [2024-12-17T21:01:20.576+0000] {dagbag.py:588} INFO - Filling up the DagBag from /home/airflow/.local/lib/python3.12/site-packages/airflow/example_dags/example_sla_dag.py
[2024-12-17T21:01:20.588+0000] {processor.py:925} INFO - DAG(s) 'example_sla_dag' retrieved from /home/airflow/.local/lib/python3.12/site-packages/airflow/example_dags/example_sla_dag.py
[2024-12-17T21:01:20.708+0000] {logging_mixin.py:190} INFO - [2024-12-17T21:01:20.707+0000] {override.py:1911} INFO - Created Permission View: can delete on DAG:example_sla_dag
[2024-12-17T21:01:20.718+0000] {logging_mixin.py:190} INFO - [2024-12-17T21:01:20.717+0000] {override.py:1911} INFO - Created Permission View: can read on DAG:example_sla_dag
[2024-12-17T21:01:20.725+0000] {logging_mixin.py:190} INFO - [2024-12-17T21:01:20.725+0000] {override.py:1911} INFO - Created Permission View: can edit on DAG:example_sla_dag
[2024-12-17T21:01:20.734+0000] {logging_mixin.py:190} INFO - [2024-12-17T21:01:20.734+0000] {override.py:1911} INFO - Created Permission View: can create on DAG Run:example_sla_dag
[2024-12-17T21:01:20.742+0000] {logging_mixin.py:190} INFO - [2024-12-17T21:01:20.741+0000] {override.py:1911} INFO - Created Permission View: menu access on DAG Run:example_sla_dag
[2024-12-17T21:01:20.749+0000] {logging_mixin.py:190} INFO - [2024-12-17T21:01:20.748+0000] {override.py:1911} INFO - Created Permission View: can delete on DAG Run:example_sla_dag
[2024-12-17T21:01:20.756+0000] {logging_mixin.py:190} INFO - [2024-12-17T21:01:20.755+0000] {override.py:1911} INFO - Created Permission View: can read on DAG Run:example_sla_dag
[2024-12-17T21:01:20.757+0000] {logging_mixin.py:190} INFO - [2024-12-17T21:01:20.756+0000] {dag.py:3239} INFO - Sync 1 DAGs
[2024-12-17T21:01:20.771+0000] {logging_mixin.py:190} INFO - [2024-12-17T21:01:20.770+0000] {dag.py:3262} INFO - Creating ORM DAG for example_sla_dag
[2024-12-17T21:01:20.788+0000] {logging_mixin.py:190} INFO - [2024-12-17T21:01:20.787+0000] {dag.py:4180} INFO - Setting next_dagrun for example_sla_dag to 2024-12-17 20:58:00+00:00, run_after=2024-12-17 21:00:00+00:00
[2024-12-17T21:01:20.804+0000] {processor.py:208} INFO - Processing /home/airflow/.local/lib/python3.12/site-packages/airflow/example_dags/example_sla_dag.py took 0.237 seconds
[2024-12-17T21:01:51.129+0000] {processor.py:186} INFO - Started process (PID=164) to work on /home/airflow/.local/lib/python3.12/site-packages/airflow/example_dags/example_sla_dag.py
[2024-12-17T21:01:51.130+0000] {processor.py:914} INFO - Processing file /home/airflow/.local/lib/python3.12/site-packages/airflow/example_dags/example_sla_dag.py for tasks to queue
[2024-12-17T21:01:51.132+0000] {logging_mixin.py:190} INFO - [2024-12-17T21:01:51.132+0000] {dagbag.py:588} INFO - Filling up the DagBag from /home/airflow/.local/lib/python3.12/site-packages/airflow/example_dags/example_sla_dag.py
[2024-12-17T21:01:51.145+0000] {processor.py:925} INFO - DAG(s) 'example_sla_dag' retrieved from /home/airflow/.local/lib/python3.12/site-packages/airflow/example_dags/example_sla_dag.py
[2024-12-17T21:01:51.168+0000] {logging_mixin.py:190} INFO - [2024-12-17T21:01:51.168+0000] {dag.py:3239} INFO - Sync 1 DAGs
[2024-12-17T21:01:51.194+0000] {logging_mixin.py:190} INFO - [2024-12-17T21:01:51.194+0000] {dag.py:4180} INFO - Setting next_dagrun for example_sla_dag to 2024-12-17 20:58:00+00:00, run_after=2024-12-17 21:00:00+00:00
[2024-12-17T21:01:51.223+0000] {processor.py:208} INFO - Processing /home/airflow/.local/lib/python3.12/site-packages/airflow/example_dags/example_sla_dag.py took 0.101 seconds
[2024-12-17T21:02:22.272+0000] {processor.py:186} INFO - Started process (PID=228) to work on /home/airflow/.local/lib/python3.12/site-packages/airflow/example_dags/example_sla_dag.py
[2024-12-17T21:02:22.273+0000] {processor.py:914} INFO - Processing file /home/airflow/.local/lib/python3.12/site-packages/airflow/example_dags/example_sla_dag.py for tasks to queue
[2024-12-17T21:02:22.275+0000] {logging_mixin.py:190} INFO - [2024-12-17T21:02:22.275+0000] {dagbag.py:588} INFO - Filling up the DagBag from /home/airflow/.local/lib/python3.12/site-packages/airflow/example_dags/example_sla_dag.py
[2024-12-17T21:02:22.285+0000] {processor.py:925} INFO - DAG(s) 'example_sla_dag' retrieved from /home/airflow/.local/lib/python3.12/site-packages/airflow/example_dags/example_sla_dag.py
[2024-12-17T21:02:22.303+0000] {logging_mixin.py:190} INFO - [2024-12-17T21:02:22.303+0000] {dag.py:3239} INFO - Sync 1 DAGs
[2024-12-17T21:02:22.329+0000] {logging_mixin.py:190} INFO - [2024-12-17T21:02:22.329+0000] {dag.py:4180} INFO - Setting next_dagrun for example_sla_dag to 2024-12-17 21:00:00+00:00, run_after=2024-12-17 21:02:00+00:00
[2024-12-17T21:02:22.347+0000] {processor.py:208} INFO - Processing /home/airflow/.local/lib/python3.12/site-packages/airflow/example_dags/example_sla_dag.py took 0.081 seconds
[2024-12-17T21:02:53.620+0000] {processor.py:186} INFO - Started process (PID=292) to work on /home/airflow/.local/lib/python3.12/site-packages/airflow/example_dags/example_sla_dag.py
[2024-12-17T21:02:53.621+0000] {processor.py:914} INFO - Processing file /home/airflow/.local/lib/python3.12/site-packages/airflow/example_dags/example_sla_dag.py for tasks to queue
[2024-12-17T21:02:53.623+0000] {logging_mixin.py:190} INFO - [2024-12-17T21:02:53.623+0000] {dagbag.py:588} INFO - Filling up the DagBag from /home/airflow/.local/lib/python3.12/site-packages/airflow/example_dags/example_sla_dag.py
[2024-12-17T21:02:53.633+0000] {processor.py:925} INFO - DAG(s) 'example_sla_dag' retrieved from /home/airflow/.local/lib/python3.12/site-packages/airflow/example_dags/example_sla_dag.py
[2024-12-17T21:02:53.651+0000] {logging_mixin.py:190} INFO - [2024-12-17T21:02:53.650+0000] {dag.py:3239} INFO - Sync 1 DAGs
[2024-12-17T21:02:53.674+0000] {logging_mixin.py:190} INFO - [2024-12-17T21:02:53.674+0000] {dag.py:4180} INFO - Setting next_dagrun for example_sla_dag to 2024-12-17 21:00:00+00:00, run_after=2024-12-17 21:02:00+00:00
[2024-12-17T21:02:53.704+0000] {processor.py:208} INFO - Processing /home/airflow/.local/lib/python3.12/site-packages/airflow/example_dags/example_sla_dag.py took 0.090 seconds
[2024-12-17T21:03:24.848+0000] {processor.py:186} INFO - Started process (PID=356) to work on /home/airflow/.local/lib/python3.12/site-packages/airflow/example_dags/example_sla_dag.py
[2024-12-17T21:03:24.849+0000] {processor.py:914} INFO - Processing file /home/airflow/.local/lib/python3.12/site-packages/airflow/example_dags/example_sla_dag.py for tasks to queue
[2024-12-17T21:03:24.851+0000] {logging_mixin.py:190} INFO - [2024-12-17T21:03:24.851+0000] {dagbag.py:588} INFO - Filling up the DagBag from /home/airflow/.local/lib/python3.12/site-packages/airflow/example_dags/example_sla_dag.py
[2024-12-17T21:03:24.861+0000] {processor.py:925} INFO - DAG(s) 'example_sla_dag' retrieved from /home/airflow/.local/lib/python3.12/site-packages/airflow/example_dags/example_sla_dag.py
[2024-12-17T21:03:24.880+0000] {logging_mixin.py:190} INFO - [2024-12-17T21:03:24.880+0000] {dag.py:3239} INFO - Sync 1 DAGs
[2024-12-17T21:03:24.906+0000] {logging_mixin.py:190} INFO - [2024-12-17T21:03:24.906+0000] {dag.py:4180} INFO - Setting next_dagrun for example_sla_dag to 2024-12-17 21:00:00+00:00, run_after=2024-12-17 21:02:00+00:00
[2024-12-17T21:03:24.932+0000] {processor.py:208} INFO - Processing /home/airflow/.local/lib/python3.12/site-packages/airflow/example_dags/example_sla_dag.py took 0.090 seconds
[2024-12-17T21:03:56.234+0000] {processor.py:186} INFO - Started process (PID=420) to work on /home/airflow/.local/lib/python3.12/site-packages/airflow/example_dags/example_sla_dag.py
[2024-12-17T21:03:56.235+0000] {processor.py:914} INFO - Processing file /home/airflow/.local/lib/python3.12/site-packages/airflow/example_dags/example_sla_dag.py for tasks to queue
[2024-12-17T21:03:56.239+0000] {logging_mixin.py:190} INFO - [2024-12-17T21:03:56.238+0000] {dagbag.py:588} INFO - Filling up the DagBag from /home/airflow/.local/lib/python3.12/site-packages/airflow/example_dags/example_sla_dag.py
[2024-12-17T21:03:56.254+0000] {processor.py:925} INFO - DAG(s) 'example_sla_dag' retrieved from /home/airflow/.local/lib/python3.12/site-packages/airflow/example_dags/example_sla_dag.py
[2024-12-17T21:03:56.281+0000] {logging_mixin.py:190} INFO - [2024-12-17T21:03:56.280+0000] {dag.py:3239} INFO - Sync 1 DAGs
[2024-12-17T21:03:56.320+0000] {logging_mixin.py:190} INFO - [2024-12-17T21:03:56.319+0000] {dag.py:4180} INFO - Setting next_dagrun for example_sla_dag to 2024-12-17 21:00:00+00:00, run_after=2024-12-17 21:02:00+00:00
[2024-12-17T21:03:56.352+0000] {processor.py:208} INFO - Processing /home/airflow/.local/lib/python3.12/site-packages/airflow/example_dags/example_sla_dag.py took 0.125 seconds
[2024-12-17T21:04:28.148+0000] {processor.py:186} INFO - Started process (PID=485) to work on /home/airflow/.local/lib/python3.12/site-packages/airflow/example_dags/example_sla_dag.py
[2024-12-17T21:04:28.150+0000] {processor.py:914} INFO - Processing file /home/airflow/.local/lib/python3.12/site-packages/airflow/example_dags/example_sla_dag.py for tasks to queue
[2024-12-17T21:04:28.151+0000] {logging_mixin.py:190} INFO - [2024-12-17T21:04:28.151+0000] {dagbag.py:588} INFO - Filling up the DagBag from /home/airflow/.local/lib/python3.12/site-packages/airflow/example_dags/example_sla_dag.py
[2024-12-17T21:04:28.161+0000] {processor.py:925} INFO - DAG(s) 'example_sla_dag' retrieved from /home/airflow/.local/lib/python3.12/site-packages/airflow/example_dags/example_sla_dag.py
[2024-12-17T21:04:28.180+0000] {logging_mixin.py:190} INFO - [2024-12-17T21:04:28.180+0000] {dag.py:3239} INFO - Sync 1 DAGs
[2024-12-17T21:04:28.205+0000] {logging_mixin.py:190} INFO - [2024-12-17T21:04:28.205+0000] {dag.py:4180} INFO - Setting next_dagrun for example_sla_dag to 2024-12-17 21:02:00+00:00, run_after=2024-12-17 21:04:00+00:00
[2024-12-17T21:04:28.222+0000] {processor.py:208} INFO - Processing /home/airflow/.local/lib/python3.12/site-packages/airflow/example_dags/example_sla_dag.py took 0.079 seconds
[2024-12-17T21:04:58.815+0000] {processor.py:186} INFO - Started process (PID=549) to work on /home/airflow/.local/lib/python3.12/site-packages/airflow/example_dags/example_sla_dag.py
[2024-12-17T21:04:58.816+0000] {processor.py:914} INFO - Processing file /home/airflow/.local/lib/python3.12/site-packages/airflow/example_dags/example_sla_dag.py for tasks to queue
[2024-12-17T21:04:58.817+0000] {logging_mixin.py:190} INFO - [2024-12-17T21:04:58.817+0000] {dagbag.py:588} INFO - Filling up the DagBag from /home/airflow/.local/lib/python3.12/site-packages/airflow/example_dags/example_sla_dag.py
[2024-12-17T21:04:58.828+0000] {processor.py:925} INFO - DAG(s) 'example_sla_dag' retrieved from /home/airflow/.local/lib/python3.12/site-packages/airflow/example_dags/example_sla_dag.py
[2024-12-17T21:04:58.847+0000] {logging_mixin.py:190} INFO - [2024-12-17T21:04:58.847+0000] {dag.py:3239} INFO - Sync 1 DAGs
[2024-12-17T21:04:58.875+0000] {logging_mixin.py:190} INFO - [2024-12-17T21:04:58.875+0000] {dag.py:4180} INFO - Setting next_dagrun for example_sla_dag to 2024-12-17 21:02:00+00:00, run_after=2024-12-17 21:04:00+00:00
[2024-12-17T21:04:58.901+0000] {processor.py:208} INFO - Processing /home/airflow/.local/lib/python3.12/site-packages/airflow/example_dags/example_sla_dag.py took 0.093 seconds
[2024-12-17T21:05:29.869+0000] {processor.py:186} INFO - Started process (PID=612) to work on /home/airflow/.local/lib/python3.12/site-packages/airflow/example_dags/example_sla_dag.py
[2024-12-17T21:05:29.870+0000] {processor.py:914} INFO - Processing file /home/airflow/.local/lib/python3.12/site-packages/airflow/example_dags/example_sla_dag.py for tasks to queue
[2024-12-17T21:05:29.871+0000] {logging_mixin.py:190} INFO - [2024-12-17T21:05:29.871+0000] {dagbag.py:588} INFO - Filling up the DagBag from /home/airflow/.local/lib/python3.12/site-packages/airflow/example_dags/example_sla_dag.py
[2024-12-17T21:05:29.881+0000] {processor.py:925} INFO - DAG(s) 'example_sla_dag' retrieved from /home/airflow/.local/lib/python3.12/site-packages/airflow/example_dags/example_sla_dag.py
[2024-12-17T21:05:29.900+0000] {logging_mixin.py:190} INFO - [2024-12-17T21:05:29.900+0000] {dag.py:3239} INFO - Sync 1 DAGs
[2024-12-17T21:05:29.924+0000] {logging_mixin.py:190} INFO - [2024-12-17T21:05:29.924+0000] {dag.py:4180} INFO - Setting next_dagrun for example_sla_dag to 2024-12-17 21:02:00+00:00, run_after=2024-12-17 21:04:00+00:00
[2024-12-17T21:05:29.941+0000] {processor.py:208} INFO - Processing /home/airflow/.local/lib/python3.12/site-packages/airflow/example_dags/example_sla_dag.py took 0.078 seconds
[2024-12-17T21:06:01.461+0000] {processor.py:186} INFO - Started process (PID=676) to work on /home/airflow/.local/lib/python3.12/site-packages/airflow/example_dags/example_sla_dag.py
[2024-12-17T21:06:01.462+0000] {processor.py:914} INFO - Processing file /home/airflow/.local/lib/python3.12/site-packages/airflow/example_dags/example_sla_dag.py for tasks to queue
[2024-12-17T21:06:01.463+0000] {logging_mixin.py:190} INFO - [2024-12-17T21:06:01.463+0000] {dagbag.py:588} INFO - Filling up the DagBag from /home/airflow/.local/lib/python3.12/site-packages/airflow/example_dags/example_sla_dag.py
[2024-12-17T21:06:01.473+0000] {processor.py:925} INFO - DAG(s) 'example_sla_dag' retrieved from /home/airflow/.local/lib/python3.12/site-packages/airflow/example_dags/example_sla_dag.py
[2024-12-17T21:06:01.490+0000] {logging_mixin.py:190} INFO - [2024-12-17T21:06:01.490+0000] {dag.py:3239} INFO - Sync 1 DAGs
[2024-12-17T21:06:01.516+0000] {logging_mixin.py:190} INFO - [2024-12-17T21:06:01.516+0000] {dag.py:4180} INFO - Setting next_dagrun for example_sla_dag to 2024-12-17 21:04:00+00:00, run_after=2024-12-17 21:06:00+00:00
[2024-12-17T21:06:01.536+0000] {processor.py:208} INFO - Processing /home/airflow/.local/lib/python3.12/site-packages/airflow/example_dags/example_sla_dag.py took 0.081 seconds
[2024-12-17T21:06:32.220+0000] {processor.py:186} INFO - Started process (PID=740) to work on /home/airflow/.local/lib/python3.12/site-packages/airflow/example_dags/example_sla_dag.py
[2024-12-17T21:06:32.221+0000] {processor.py:914} INFO - Processing file /home/airflow/.local/lib/python3.12/site-packages/airflow/example_dags/example_sla_dag.py for tasks to queue
[2024-12-17T21:06:32.222+0000] {logging_mixin.py:190} INFO - [2024-12-17T21:06:32.222+0000] {dagbag.py:588} INFO - Filling up the DagBag from /home/airflow/.local/lib/python3.12/site-packages/airflow/example_dags/example_sla_dag.py
[2024-12-17T21:06:32.232+0000] {processor.py:925} INFO - DAG(s) 'example_sla_dag' retrieved from /home/airflow/.local/lib/python3.12/site-packages/airflow/example_dags/example_sla_dag.py
[2024-12-17T21:06:32.250+0000] {logging_mixin.py:190} INFO - [2024-12-17T21:06:32.250+0000] {dag.py:3239} INFO - Sync 1 DAGs
[2024-12-17T21:06:32.275+0000] {logging_mixin.py:190} INFO - [2024-12-17T21:06:32.275+0000] {dag.py:4180} INFO - Setting next_dagrun for example_sla_dag to 2024-12-17 21:04:00+00:00, run_after=2024-12-17 21:06:00+00:00
[2024-12-17T21:06:32.292+0000] {processor.py:208} INFO - Processing /home/airflow/.local/lib/python3.12/site-packages/airflow/example_dags/example_sla_dag.py took 0.078 seconds
[2024-12-17T21:07:03.620+0000] {processor.py:186} INFO - Started process (PID=804) to work on /home/airflow/.local/lib/python3.12/site-packages/airflow/example_dags/example_sla_dag.py
[2024-12-17T21:07:03.621+0000] {processor.py:914} INFO - Processing file /home/airflow/.local/lib/python3.12/site-packages/airflow/example_dags/example_sla_dag.py for tasks to queue
[2024-12-17T21:07:03.622+0000] {logging_mixin.py:190} INFO - [2024-12-17T21:07:03.622+0000] {dagbag.py:588} INFO - Filling up the DagBag from /home/airflow/.local/lib/python3.12/site-packages/airflow/example_dags/example_sla_dag.py
[2024-12-17T21:07:03.633+0000] {processor.py:925} INFO - DAG(s) 'example_sla_dag' retrieved from /home/airflow/.local/lib/python3.12/site-packages/airflow/example_dags/example_sla_dag.py
[2024-12-17T21:07:03.651+0000] {logging_mixin.py:190} INFO - [2024-12-17T21:07:03.651+0000] {dag.py:3239} INFO - Sync 1 DAGs
[2024-12-17T21:07:03.679+0000] {logging_mixin.py:190} INFO - [2024-12-17T21:07:03.679+0000] {dag.py:4180} INFO - Setting next_dagrun for example_sla_dag to 2024-12-17 21:04:00+00:00, run_after=2024-12-17 21:06:00+00:00
[2024-12-17T21:07:03.705+0000] {processor.py:208} INFO - Processing /home/airflow/.local/lib/python3.12/site-packages/airflow/example_dags/example_sla_dag.py took 0.091 seconds
[2024-12-17T21:07:35.293+0000] {processor.py:186} INFO - Started process (PID=868) to work on /home/airflow/.local/lib/python3.12/site-packages/airflow/example_dags/example_sla_dag.py
[2024-12-17T21:07:35.294+0000] {processor.py:914} INFO - Processing file /home/airflow/.local/lib/python3.12/site-packages/airflow/example_dags/example_sla_dag.py for tasks to queue
[2024-12-17T21:07:35.296+0000] {logging_mixin.py:190} INFO - [2024-12-17T21:07:35.295+0000] {dagbag.py:588} INFO - Filling up the DagBag from /home/airflow/.local/lib/python3.12/site-packages/airflow/example_dags/example_sla_dag.py
[2024-12-17T21:07:35.306+0000] {processor.py:925} INFO - DAG(s) 'example_sla_dag' retrieved from /home/airflow/.local/lib/python3.12/site-packages/airflow/example_dags/example_sla_dag.py
[2024-12-17T21:07:35.327+0000] {logging_mixin.py:190} INFO - [2024-12-17T21:07:35.327+0000] {dag.py:3239} INFO - Sync 1 DAGs
[2024-12-17T21:07:35.356+0000] {logging_mixin.py:190} INFO - [2024-12-17T21:07:35.356+0000] {dag.py:4180} INFO - Setting next_dagrun for example_sla_dag to 2024-12-17 21:04:00+00:00, run_after=2024-12-17 21:06:00+00:00
[2024-12-17T21:07:35.376+0000] {processor.py:208} INFO - Processing /home/airflow/.local/lib/python3.12/site-packages/airflow/example_dags/example_sla_dag.py took 0.088 seconds
[2024-12-17T21:08:06.138+0000] {processor.py:186} INFO - Started process (PID=932) to work on /home/airflow/.local/lib/python3.12/site-packages/airflow/example_dags/example_sla_dag.py
[2024-12-17T21:08:06.139+0000] {processor.py:914} INFO - Processing file /home/airflow/.local/lib/python3.12/site-packages/airflow/example_dags/example_sla_dag.py for tasks to queue
[2024-12-17T21:08:06.141+0000] {logging_mixin.py:190} INFO - [2024-12-17T21:08:06.140+0000] {dagbag.py:588} INFO - Filling up the DagBag from /home/airflow/.local/lib/python3.12/site-packages/airflow/example_dags/example_sla_dag.py
[2024-12-17T21:08:06.151+0000] {processor.py:925} INFO - DAG(s) 'example_sla_dag' retrieved from /home/airflow/.local/lib/python3.12/site-packages/airflow/example_dags/example_sla_dag.py
[2024-12-17T21:08:06.171+0000] {logging_mixin.py:190} INFO - [2024-12-17T21:08:06.171+0000] {dag.py:3239} INFO - Sync 1 DAGs
[2024-12-17T21:08:06.200+0000] {logging_mixin.py:190} INFO - [2024-12-17T21:08:06.200+0000] {dag.py:4180} INFO - Setting next_dagrun for example_sla_dag to 2024-12-17 21:06:00+00:00, run_after=2024-12-17 21:08:00+00:00
[2024-12-17T21:08:06.217+0000] {processor.py:208} INFO - Processing /home/airflow/.local/lib/python3.12/site-packages/airflow/example_dags/example_sla_dag.py took 0.084 seconds
[2024-12-17T21:08:37.120+0000] {processor.py:186} INFO - Started process (PID=997) to work on /home/airflow/.local/lib/python3.12/site-packages/airflow/example_dags/example_sla_dag.py
[2024-12-17T21:08:37.121+0000] {processor.py:914} INFO - Processing file /home/airflow/.local/lib/python3.12/site-packages/airflow/example_dags/example_sla_dag.py for tasks to queue
[2024-12-17T21:08:37.122+0000] {logging_mixin.py:190} INFO - [2024-12-17T21:08:37.122+0000] {dagbag.py:588} INFO - Filling up the DagBag from /home/airflow/.local/lib/python3.12/site-packages/airflow/example_dags/example_sla_dag.py
[2024-12-17T21:08:37.132+0000] {processor.py:925} INFO - DAG(s) 'example_sla_dag' retrieved from /home/airflow/.local/lib/python3.12/site-packages/airflow/example_dags/example_sla_dag.py
[2024-12-17T21:08:37.150+0000] {logging_mixin.py:190} INFO - [2024-12-17T21:08:37.150+0000] {dag.py:3239} INFO - Sync 1 DAGs
[2024-12-17T21:08:37.175+0000] {logging_mixin.py:190} INFO - [2024-12-17T21:08:37.175+0000] {dag.py:4180} INFO - Setting next_dagrun for example_sla_dag to 2024-12-17 21:06:00+00:00, run_after=2024-12-17 21:08:00+00:00
[2024-12-17T21:08:37.192+0000] {processor.py:208} INFO - Processing /home/airflow/.local/lib/python3.12/site-packages/airflow/example_dags/example_sla_dag.py took 0.077 seconds
[2024-12-17T21:09:08.691+0000] {processor.py:186} INFO - Started process (PID=1062) to work on /home/airflow/.local/lib/python3.12/site-packages/airflow/example_dags/example_sla_dag.py
[2024-12-17T21:09:08.692+0000] {processor.py:914} INFO - Processing file /home/airflow/.local/lib/python3.12/site-packages/airflow/example_dags/example_sla_dag.py for tasks to queue
[2024-12-17T21:09:08.693+0000] {logging_mixin.py:190} INFO - [2024-12-17T21:09:08.693+0000] {dagbag.py:588} INFO - Filling up the DagBag from /home/airflow/.local/lib/python3.12/site-packages/airflow/example_dags/example_sla_dag.py
[2024-12-17T21:09:08.703+0000] {processor.py:925} INFO - DAG(s) 'example_sla_dag' retrieved from /home/airflow/.local/lib/python3.12/site-packages/airflow/example_dags/example_sla_dag.py
[2024-12-17T21:09:08.723+0000] {logging_mixin.py:190} INFO - [2024-12-17T21:09:08.723+0000] {dag.py:3239} INFO - Sync 1 DAGs
[2024-12-17T21:09:08.753+0000] {logging_mixin.py:190} INFO - [2024-12-17T21:09:08.753+0000] {dag.py:4180} INFO - Setting next_dagrun for example_sla_dag to 2024-12-17 21:06:00+00:00, run_after=2024-12-17 21:08:00+00:00
[2024-12-17T21:09:08.790+0000] {processor.py:208} INFO - Processing /home/airflow/.local/lib/python3.12/site-packages/airflow/example_dags/example_sla_dag.py took 0.105 seconds
[2024-12-17T21:09:40.134+0000] {processor.py:186} INFO - Started process (PID=1126) to work on /home/airflow/.local/lib/python3.12/site-packages/airflow/example_dags/example_sla_dag.py
[2024-12-17T21:09:40.135+0000] {processor.py:914} INFO - Processing file /home/airflow/.local/lib/python3.12/site-packages/airflow/example_dags/example_sla_dag.py for tasks to queue
[2024-12-17T21:09:40.136+0000] {logging_mixin.py:190} INFO - [2024-12-17T21:09:40.136+0000] {dagbag.py:588} INFO - Filling up the DagBag from /home/airflow/.local/lib/python3.12/site-packages/airflow/example_dags/example_sla_dag.py
[2024-12-17T21:09:40.147+0000] {processor.py:925} INFO - DAG(s) 'example_sla_dag' retrieved from /home/airflow/.local/lib/python3.12/site-packages/airflow/example_dags/example_sla_dag.py
[2024-12-17T21:09:40.166+0000] {logging_mixin.py:190} INFO - [2024-12-17T21:09:40.165+0000] {dag.py:3239} INFO - Sync 1 DAGs
[2024-12-17T21:09:40.192+0000] {logging_mixin.py:190} INFO - [2024-12-17T21:09:40.192+0000] {dag.py:4180} INFO - Setting next_dagrun for example_sla_dag to 2024-12-17 21:06:00+00:00, run_after=2024-12-17 21:08:00+00:00
[2024-12-17T21:09:40.210+0000] {processor.py:208} INFO - Processing /home/airflow/.local/lib/python3.12/site-packages/airflow/example_dags/example_sla_dag.py took 0.082 seconds
[2024-12-17T21:10:11.726+0000] {processor.py:186} INFO - Started process (PID=1190) to work on /home/airflow/.local/lib/python3.12/site-packages/airflow/example_dags/example_sla_dag.py
[2024-12-17T21:10:11.727+0000] {processor.py:914} INFO - Processing file /home/airflow/.local/lib/python3.12/site-packages/airflow/example_dags/example_sla_dag.py for tasks to queue
[2024-12-17T21:10:11.729+0000] {logging_mixin.py:190} INFO - [2024-12-17T21:10:11.728+0000] {dagbag.py:588} INFO - Filling up the DagBag from /home/airflow/.local/lib/python3.12/site-packages/airflow/example_dags/example_sla_dag.py
[2024-12-17T21:10:11.739+0000] {processor.py:925} INFO - DAG(s) 'example_sla_dag' retrieved from /home/airflow/.local/lib/python3.12/site-packages/airflow/example_dags/example_sla_dag.py
[2024-12-17T21:10:11.757+0000] {logging_mixin.py:190} INFO - [2024-12-17T21:10:11.757+0000] {dag.py:3239} INFO - Sync 1 DAGs
[2024-12-17T21:10:11.784+0000] {logging_mixin.py:190} INFO - [2024-12-17T21:10:11.784+0000] {dag.py:4180} INFO - Setting next_dagrun for example_sla_dag to 2024-12-17 21:08:00+00:00, run_after=2024-12-17 21:10:00+00:00
[2024-12-17T21:10:11.801+0000] {processor.py:208} INFO - Processing /home/airflow/.local/lib/python3.12/site-packages/airflow/example_dags/example_sla_dag.py took 0.080 seconds
[2024-12-17T21:10:43.158+0000] {processor.py:186} INFO - Started process (PID=1260) to work on /home/airflow/.local/lib/python3.12/site-packages/airflow/example_dags/example_sla_dag.py
[2024-12-17T21:10:43.159+0000] {processor.py:914} INFO - Processing file /home/airflow/.local/lib/python3.12/site-packages/airflow/example_dags/example_sla_dag.py for tasks to queue
[2024-12-17T21:10:43.160+0000] {logging_mixin.py:190} INFO - [2024-12-17T21:10:43.160+0000] {dagbag.py:588} INFO - Filling up the DagBag from /home/airflow/.local/lib/python3.12/site-packages/airflow/example_dags/example_sla_dag.py
[2024-12-17T21:10:43.171+0000] {processor.py:925} INFO - DAG(s) 'example_sla_dag' retrieved from /home/airflow/.local/lib/python3.12/site-packages/airflow/example_dags/example_sla_dag.py
[2024-12-17T21:10:43.190+0000] {logging_mixin.py:190} INFO - [2024-12-17T21:10:43.190+0000] {dag.py:3239} INFO - Sync 1 DAGs
[2024-12-17T21:10:43.214+0000] {logging_mixin.py:190} INFO - [2024-12-17T21:10:43.214+0000] {dag.py:4180} INFO - Setting next_dagrun for example_sla_dag to 2024-12-17 21:08:00+00:00, run_after=2024-12-17 21:10:00+00:00
[2024-12-17T21:10:43.232+0000] {processor.py:208} INFO - Processing /home/airflow/.local/lib/python3.12/site-packages/airflow/example_dags/example_sla_dag.py took 0.080 seconds
[2024-12-17T21:11:14.226+0000] {processor.py:186} INFO - Started process (PID=1324) to work on /home/airflow/.local/lib/python3.12/site-packages/airflow/example_dags/example_sla_dag.py
[2024-12-17T21:11:14.226+0000] {processor.py:914} INFO - Processing file /home/airflow/.local/lib/python3.12/site-packages/airflow/example_dags/example_sla_dag.py for tasks to queue
[2024-12-17T21:11:14.228+0000] {logging_mixin.py:190} INFO - [2024-12-17T21:11:14.227+0000] {dagbag.py:588} INFO - Filling up the DagBag from /home/airflow/.local/lib/python3.12/site-packages/airflow/example_dags/example_sla_dag.py
[2024-12-17T21:11:14.239+0000] {processor.py:925} INFO - DAG(s) 'example_sla_dag' retrieved from /home/airflow/.local/lib/python3.12/site-packages/airflow/example_dags/example_sla_dag.py
[2024-12-17T21:11:14.256+0000] {logging_mixin.py:190} INFO - [2024-12-17T21:11:14.256+0000] {dag.py:3239} INFO - Sync 1 DAGs
[2024-12-17T21:11:14.281+0000] {logging_mixin.py:190} INFO - [2024-12-17T21:11:14.281+0000] {dag.py:4180} INFO - Setting next_dagrun for example_sla_dag to 2024-12-17 21:08:00+00:00, run_after=2024-12-17 21:10:00+00:00
[2024-12-17T21:11:14.305+0000] {processor.py:208} INFO - Processing /home/airflow/.local/lib/python3.12/site-packages/airflow/example_dags/example_sla_dag.py took 0.085 seconds
[2024-12-17T21:11:45.372+0000] {processor.py:186} INFO - Started process (PID=1388) to work on /home/airflow/.local/lib/python3.12/site-packages/airflow/example_dags/example_sla_dag.py
[2024-12-17T21:11:45.373+0000] {processor.py:914} INFO - Processing file /home/airflow/.local/lib/python3.12/site-packages/airflow/example_dags/example_sla_dag.py for tasks to queue
[2024-12-17T21:11:45.375+0000] {logging_mixin.py:190} INFO - [2024-12-17T21:11:45.375+0000] {dagbag.py:588} INFO - Filling up the DagBag from /home/airflow/.local/lib/python3.12/site-packages/airflow/example_dags/example_sla_dag.py
[2024-12-17T21:11:45.385+0000] {processor.py:925} INFO - DAG(s) 'example_sla_dag' retrieved from /home/airflow/.local/lib/python3.12/site-packages/airflow/example_dags/example_sla_dag.py
[2024-12-17T21:11:45.401+0000] {logging_mixin.py:190} INFO - [2024-12-17T21:11:45.401+0000] {dag.py:3239} INFO - Sync 1 DAGs
[2024-12-17T21:11:45.427+0000] {logging_mixin.py:190} INFO - [2024-12-17T21:11:45.427+0000] {dag.py:4180} INFO - Setting next_dagrun for example_sla_dag to 2024-12-17 21:08:00+00:00, run_after=2024-12-17 21:10:00+00:00
[2024-12-17T21:11:45.452+0000] {processor.py:208} INFO - Processing /home/airflow/.local/lib/python3.12/site-packages/airflow/example_dags/example_sla_dag.py took 0.086 seconds
[2024-12-17T21:12:16.809+0000] {processor.py:186} INFO - Started process (PID=1452) to work on /home/airflow/.local/lib/python3.12/site-packages/airflow/example_dags/example_sla_dag.py
[2024-12-17T21:12:16.810+0000] {processor.py:914} INFO - Processing file /home/airflow/.local/lib/python3.12/site-packages/airflow/example_dags/example_sla_dag.py for tasks to queue
[2024-12-17T21:12:16.812+0000] {logging_mixin.py:190} INFO - [2024-12-17T21:12:16.811+0000] {dagbag.py:588} INFO - Filling up the DagBag from /home/airflow/.local/lib/python3.12/site-packages/airflow/example_dags/example_sla_dag.py
[2024-12-17T21:12:16.823+0000] {processor.py:925} INFO - DAG(s) 'example_sla_dag' retrieved from /home/airflow/.local/lib/python3.12/site-packages/airflow/example_dags/example_sla_dag.py
[2024-12-17T21:12:16.841+0000] {logging_mixin.py:190} INFO - [2024-12-17T21:12:16.841+0000] {dag.py:3239} INFO - Sync 1 DAGs
[2024-12-17T21:12:16.868+0000] {logging_mixin.py:190} INFO - [2024-12-17T21:12:16.868+0000] {dag.py:4180} INFO - Setting next_dagrun for example_sla_dag to 2024-12-17 21:10:00+00:00, run_after=2024-12-17 21:12:00+00:00
[2024-12-17T21:12:16.885+0000] {processor.py:208} INFO - Processing /home/airflow/.local/lib/python3.12/site-packages/airflow/example_dags/example_sla_dag.py took 0.083 seconds
[2024-12-17T21:12:47.975+0000] {processor.py:186} INFO - Started process (PID=1517) to work on /home/airflow/.local/lib/python3.12/site-packages/airflow/example_dags/example_sla_dag.py
[2024-12-17T21:12:47.976+0000] {processor.py:914} INFO - Processing file /home/airflow/.local/lib/python3.12/site-packages/airflow/example_dags/example_sla_dag.py for tasks to queue
[2024-12-17T21:12:47.977+0000] {logging_mixin.py:190} INFO - [2024-12-17T21:12:47.977+0000] {dagbag.py:588} INFO - Filling up the DagBag from /home/airflow/.local/lib/python3.12/site-packages/airflow/example_dags/example_sla_dag.py
[2024-12-17T21:12:47.986+0000] {processor.py:925} INFO - DAG(s) 'example_sla_dag' retrieved from /home/airflow/.local/lib/python3.12/site-packages/airflow/example_dags/example_sla_dag.py
[2024-12-17T21:12:48.003+0000] {logging_mixin.py:190} INFO - [2024-12-17T21:12:48.003+0000] {dag.py:3239} INFO - Sync 1 DAGs
[2024-12-17T21:12:48.028+0000] {logging_mixin.py:190} INFO - [2024-12-17T21:12:48.028+0000] {dag.py:4180} INFO - Setting next_dagrun for example_sla_dag to 2024-12-17 21:10:00+00:00, run_after=2024-12-17 21:12:00+00:00
[2024-12-17T21:12:48.052+0000] {processor.py:208} INFO - Processing /home/airflow/.local/lib/python3.12/site-packages/airflow/example_dags/example_sla_dag.py took 0.082 seconds
[2024-12-17T21:13:19.170+0000] {processor.py:186} INFO - Started process (PID=1581) to work on /home/airflow/.local/lib/python3.12/site-packages/airflow/example_dags/example_sla_dag.py
[2024-12-17T21:13:19.171+0000] {processor.py:914} INFO - Processing file /home/airflow/.local/lib/python3.12/site-packages/airflow/example_dags/example_sla_dag.py for tasks to queue
[2024-12-17T21:13:19.172+0000] {logging_mixin.py:190} INFO - [2024-12-17T21:13:19.171+0000] {dagbag.py:588} INFO - Filling up the DagBag from /home/airflow/.local/lib/python3.12/site-packages/airflow/example_dags/example_sla_dag.py
[2024-12-17T21:13:19.181+0000] {processor.py:925} INFO - DAG(s) 'example_sla_dag' retrieved from /home/airflow/.local/lib/python3.12/site-packages/airflow/example_dags/example_sla_dag.py
[2024-12-17T21:13:19.199+0000] {logging_mixin.py:190} INFO - [2024-12-17T21:13:19.199+0000] {dag.py:3239} INFO - Sync 1 DAGs
[2024-12-17T21:13:19.225+0000] {logging_mixin.py:190} INFO - [2024-12-17T21:13:19.225+0000] {dag.py:4180} INFO - Setting next_dagrun for example_sla_dag to 2024-12-17 21:10:00+00:00, run_after=2024-12-17 21:12:00+00:00
[2024-12-17T21:13:19.242+0000] {processor.py:208} INFO - Processing /home/airflow/.local/lib/python3.12/site-packages/airflow/example_dags/example_sla_dag.py took 0.078 seconds
[2024-12-17T21:13:50.032+0000] {processor.py:186} INFO - Started process (PID=1645) to work on /home/airflow/.local/lib/python3.12/site-packages/airflow/example_dags/example_sla_dag.py
[2024-12-17T21:13:50.033+0000] {processor.py:914} INFO - Processing file /home/airflow/.local/lib/python3.12/site-packages/airflow/example_dags/example_sla_dag.py for tasks to queue
[2024-12-17T21:13:50.034+0000] {logging_mixin.py:190} INFO - [2024-12-17T21:13:50.034+0000] {dagbag.py:588} INFO - Filling up the DagBag from /home/airflow/.local/lib/python3.12/site-packages/airflow/example_dags/example_sla_dag.py
[2024-12-17T21:13:50.044+0000] {processor.py:925} INFO - DAG(s) 'example_sla_dag' retrieved from /home/airflow/.local/lib/python3.12/site-packages/airflow/example_dags/example_sla_dag.py
[2024-12-17T21:13:50.063+0000] {logging_mixin.py:190} INFO - [2024-12-17T21:13:50.063+0000] {dag.py:3239} INFO - Sync 1 DAGs
[2024-12-17T21:13:50.088+0000] {logging_mixin.py:190} INFO - [2024-12-17T21:13:50.088+0000] {dag.py:4180} INFO - Setting next_dagrun for example_sla_dag to 2024-12-17 21:10:00+00:00, run_after=2024-12-17 21:12:00+00:00
[2024-12-17T21:13:50.112+0000] {processor.py:208} INFO - Processing /home/airflow/.local/lib/python3.12/site-packages/airflow/example_dags/example_sla_dag.py took 0.086 seconds
[2024-12-17T21:14:20.775+0000] {processor.py:186} INFO - Started process (PID=1709) to work on /home/airflow/.local/lib/python3.12/site-packages/airflow/example_dags/example_sla_dag.py
[2024-12-17T21:14:20.776+0000] {processor.py:914} INFO - Processing file /home/airflow/.local/lib/python3.12/site-packages/airflow/example_dags/example_sla_dag.py for tasks to queue
[2024-12-17T21:14:20.778+0000] {logging_mixin.py:190} INFO - [2024-12-17T21:14:20.777+0000] {dagbag.py:588} INFO - Filling up the DagBag from /home/airflow/.local/lib/python3.12/site-packages/airflow/example_dags/example_sla_dag.py
[2024-12-17T21:14:20.788+0000] {processor.py:925} INFO - DAG(s) 'example_sla_dag' retrieved from /home/airflow/.local/lib/python3.12/site-packages/airflow/example_dags/example_sla_dag.py
[2024-12-17T21:14:20.807+0000] {logging_mixin.py:190} INFO - [2024-12-17T21:14:20.807+0000] {dag.py:3239} INFO - Sync 1 DAGs
[2024-12-17T21:14:20.834+0000] {logging_mixin.py:190} INFO - [2024-12-17T21:14:20.834+0000] {dag.py:4180} INFO - Setting next_dagrun for example_sla_dag to 2024-12-17 21:12:00+00:00, run_after=2024-12-17 21:14:00+00:00
[2024-12-17T21:14:20.851+0000] {processor.py:208} INFO - Processing /home/airflow/.local/lib/python3.12/site-packages/airflow/example_dags/example_sla_dag.py took 0.081 seconds
[2024-12-17T21:14:52.353+0000] {processor.py:186} INFO - Started process (PID=1773) to work on /home/airflow/.local/lib/python3.12/site-packages/airflow/example_dags/example_sla_dag.py
[2024-12-17T21:14:52.354+0000] {processor.py:914} INFO - Processing file /home/airflow/.local/lib/python3.12/site-packages/airflow/example_dags/example_sla_dag.py for tasks to queue
[2024-12-17T21:14:52.355+0000] {logging_mixin.py:190} INFO - [2024-12-17T21:14:52.355+0000] {dagbag.py:588} INFO - Filling up the DagBag from /home/airflow/.local/lib/python3.12/site-packages/airflow/example_dags/example_sla_dag.py
[2024-12-17T21:14:52.365+0000] {processor.py:925} INFO - DAG(s) 'example_sla_dag' retrieved from /home/airflow/.local/lib/python3.12/site-packages/airflow/example_dags/example_sla_dag.py
[2024-12-17T21:14:52.383+0000] {logging_mixin.py:190} INFO - [2024-12-17T21:14:52.383+0000] {dag.py:3239} INFO - Sync 1 DAGs
[2024-12-17T21:14:52.407+0000] {logging_mixin.py:190} INFO - [2024-12-17T21:14:52.407+0000] {dag.py:4180} INFO - Setting next_dagrun for example_sla_dag to 2024-12-17 21:12:00+00:00, run_after=2024-12-17 21:14:00+00:00
[2024-12-17T21:14:52.423+0000] {processor.py:208} INFO - Processing /home/airflow/.local/lib/python3.12/site-packages/airflow/example_dags/example_sla_dag.py took 0.076 seconds
[2024-12-17T21:15:23.524+0000] {processor.py:186} INFO - Started process (PID=1837) to work on /home/airflow/.local/lib/python3.12/site-packages/airflow/example_dags/example_sla_dag.py
[2024-12-17T21:15:23.525+0000] {processor.py:914} INFO - Processing file /home/airflow/.local/lib/python3.12/site-packages/airflow/example_dags/example_sla_dag.py for tasks to queue
[2024-12-17T21:15:23.527+0000] {logging_mixin.py:190} INFO - [2024-12-17T21:15:23.526+0000] {dagbag.py:588} INFO - Filling up the DagBag from /home/airflow/.local/lib/python3.12/site-packages/airflow/example_dags/example_sla_dag.py
[2024-12-17T21:15:23.537+0000] {processor.py:925} INFO - DAG(s) 'example_sla_dag' retrieved from /home/airflow/.local/lib/python3.12/site-packages/airflow/example_dags/example_sla_dag.py
[2024-12-17T21:15:23.556+0000] {logging_mixin.py:190} INFO - [2024-12-17T21:15:23.556+0000] {dag.py:3239} INFO - Sync 1 DAGs
[2024-12-17T21:15:23.581+0000] {logging_mixin.py:190} INFO - [2024-12-17T21:15:23.581+0000] {dag.py:4180} INFO - Setting next_dagrun for example_sla_dag to 2024-12-17 21:12:00+00:00, run_after=2024-12-17 21:14:00+00:00
[2024-12-17T21:15:23.598+0000] {processor.py:208} INFO - Processing /home/airflow/.local/lib/python3.12/site-packages/airflow/example_dags/example_sla_dag.py took 0.080 seconds
[2024-12-17T21:15:54.557+0000] {processor.py:186} INFO - Started process (PID=1901) to work on /home/airflow/.local/lib/python3.12/site-packages/airflow/example_dags/example_sla_dag.py
[2024-12-17T21:15:54.558+0000] {processor.py:914} INFO - Processing file /home/airflow/.local/lib/python3.12/site-packages/airflow/example_dags/example_sla_dag.py for tasks to queue
[2024-12-17T21:15:54.559+0000] {logging_mixin.py:190} INFO - [2024-12-17T21:15:54.559+0000] {dagbag.py:588} INFO - Filling up the DagBag from /home/airflow/.local/lib/python3.12/site-packages/airflow/example_dags/example_sla_dag.py
[2024-12-17T21:15:54.572+0000] {processor.py:925} INFO - DAG(s) 'example_sla_dag' retrieved from /home/airflow/.local/lib/python3.12/site-packages/airflow/example_dags/example_sla_dag.py
[2024-12-17T21:15:54.596+0000] {logging_mixin.py:190} INFO - [2024-12-17T21:15:54.595+0000] {dag.py:3239} INFO - Sync 1 DAGs
[2024-12-17T21:15:54.624+0000] {logging_mixin.py:190} INFO - [2024-12-17T21:15:54.624+0000] {dag.py:4180} INFO - Setting next_dagrun for example_sla_dag to 2024-12-17 21:12:00+00:00, run_after=2024-12-17 21:14:00+00:00
[2024-12-17T21:15:54.652+0000] {processor.py:208} INFO - Processing /home/airflow/.local/lib/python3.12/site-packages/airflow/example_dags/example_sla_dag.py took 0.102 seconds
[2024-12-17T21:16:26.442+0000] {processor.py:186} INFO - Started process (PID=1965) to work on /home/airflow/.local/lib/python3.12/site-packages/airflow/example_dags/example_sla_dag.py
[2024-12-17T21:16:26.444+0000] {processor.py:914} INFO - Processing file /home/airflow/.local/lib/python3.12/site-packages/airflow/example_dags/example_sla_dag.py for tasks to queue
[2024-12-17T21:16:26.446+0000] {logging_mixin.py:190} INFO - [2024-12-17T21:16:26.445+0000] {dagbag.py:588} INFO - Filling up the DagBag from /home/airflow/.local/lib/python3.12/site-packages/airflow/example_dags/example_sla_dag.py
[2024-12-17T21:16:26.465+0000] {processor.py:925} INFO - DAG(s) 'example_sla_dag' retrieved from /home/airflow/.local/lib/python3.12/site-packages/airflow/example_dags/example_sla_dag.py
[2024-12-17T21:16:26.494+0000] {logging_mixin.py:190} INFO - [2024-12-17T21:16:26.494+0000] {dag.py:3239} INFO - Sync 1 DAGs
[2024-12-17T21:16:26.544+0000] {logging_mixin.py:190} INFO - [2024-12-17T21:16:26.544+0000] {dag.py:4180} INFO - Setting next_dagrun for example_sla_dag to 2024-12-17 21:14:00+00:00, run_after=2024-12-17 21:16:00+00:00
[2024-12-17T21:16:26.592+0000] {processor.py:208} INFO - Processing /home/airflow/.local/lib/python3.12/site-packages/airflow/example_dags/example_sla_dag.py took 0.157 seconds
[2024-12-17T21:16:57.510+0000] {processor.py:186} INFO - Started process (PID=2029) to work on /home/airflow/.local/lib/python3.12/site-packages/airflow/example_dags/example_sla_dag.py
[2024-12-17T21:16:57.511+0000] {processor.py:914} INFO - Processing file /home/airflow/.local/lib/python3.12/site-packages/airflow/example_dags/example_sla_dag.py for tasks to queue
[2024-12-17T21:16:57.513+0000] {logging_mixin.py:190} INFO - [2024-12-17T21:16:57.512+0000] {dagbag.py:588} INFO - Filling up the DagBag from /home/airflow/.local/lib/python3.12/site-packages/airflow/example_dags/example_sla_dag.py
[2024-12-17T21:16:57.523+0000] {processor.py:925} INFO - DAG(s) 'example_sla_dag' retrieved from /home/airflow/.local/lib/python3.12/site-packages/airflow/example_dags/example_sla_dag.py
[2024-12-17T21:16:57.542+0000] {logging_mixin.py:190} INFO - [2024-12-17T21:16:57.542+0000] {dag.py:3239} INFO - Sync 1 DAGs
[2024-12-17T21:16:57.567+0000] {logging_mixin.py:190} INFO - [2024-12-17T21:16:57.567+0000] {dag.py:4180} INFO - Setting next_dagrun for example_sla_dag to 2024-12-17 21:14:00+00:00, run_after=2024-12-17 21:16:00+00:00
[2024-12-17T21:16:57.584+0000] {processor.py:208} INFO - Processing /home/airflow/.local/lib/python3.12/site-packages/airflow/example_dags/example_sla_dag.py took 0.079 seconds
[2024-12-17T21:17:28.856+0000] {processor.py:186} INFO - Started process (PID=2093) to work on /home/airflow/.local/lib/python3.12/site-packages/airflow/example_dags/example_sla_dag.py
[2024-12-17T21:17:28.857+0000] {processor.py:914} INFO - Processing file /home/airflow/.local/lib/python3.12/site-packages/airflow/example_dags/example_sla_dag.py for tasks to queue
[2024-12-17T21:17:28.858+0000] {logging_mixin.py:190} INFO - [2024-12-17T21:17:28.858+0000] {dagbag.py:588} INFO - Filling up the DagBag from /home/airflow/.local/lib/python3.12/site-packages/airflow/example_dags/example_sla_dag.py
[2024-12-17T21:17:28.868+0000] {processor.py:925} INFO - DAG(s) 'example_sla_dag' retrieved from /home/airflow/.local/lib/python3.12/site-packages/airflow/example_dags/example_sla_dag.py
[2024-12-17T21:17:28.886+0000] {logging_mixin.py:190} INFO - [2024-12-17T21:17:28.885+0000] {dag.py:3239} INFO - Sync 1 DAGs
[2024-12-17T21:17:28.911+0000] {logging_mixin.py:190} INFO - [2024-12-17T21:17:28.911+0000] {dag.py:4180} INFO - Setting next_dagrun for example_sla_dag to 2024-12-17 21:14:00+00:00, run_after=2024-12-17 21:16:00+00:00
[2024-12-17T21:17:28.929+0000] {processor.py:208} INFO - Processing /home/airflow/.local/lib/python3.12/site-packages/airflow/example_dags/example_sla_dag.py took 0.079 seconds
