[2024-12-17T21:01:16.334+0000] {processor.py:186} INFO - Started process (PID=84) to work on /home/airflow/.local/lib/python3.12/site-packages/airflow/example_dags/example_dag_decorator.py
[2024-12-17T21:01:16.335+0000] {processor.py:914} INFO - Processing file /home/airflow/.local/lib/python3.12/site-packages/airflow/example_dags/example_dag_decorator.py for tasks to queue
[2024-12-17T21:01:16.338+0000] {logging_mixin.py:190} INFO - [2024-12-17T21:01:16.338+0000] {dagbag.py:588} INFO - Filling up the DagBag from /home/airflow/.local/lib/python3.12/site-packages/airflow/example_dags/example_dag_decorator.py
[2024-12-17T21:01:16.353+0000] {processor.py:925} INFO - DAG(s) 'example_dag_decorator' retrieved from /home/airflow/.local/lib/python3.12/site-packages/airflow/example_dags/example_dag_decorator.py
[2024-12-17T21:01:16.478+0000] {logging_mixin.py:190} INFO - [2024-12-17T21:01:16.477+0000] {override.py:1911} INFO - Created Permission View: can delete on DAG:example_dag_decorator
[2024-12-17T21:01:16.487+0000] {logging_mixin.py:190} INFO - [2024-12-17T21:01:16.487+0000] {override.py:1911} INFO - Created Permission View: can read on DAG:example_dag_decorator
[2024-12-17T21:01:16.494+0000] {logging_mixin.py:190} INFO - [2024-12-17T21:01:16.494+0000] {override.py:1911} INFO - Created Permission View: can edit on DAG:example_dag_decorator
[2024-12-17T21:01:16.502+0000] {logging_mixin.py:190} INFO - [2024-12-17T21:01:16.501+0000] {override.py:1911} INFO - Created Permission View: can create on DAG Run:example_dag_decorator
[2024-12-17T21:01:16.509+0000] {logging_mixin.py:190} INFO - [2024-12-17T21:01:16.509+0000] {override.py:1911} INFO - Created Permission View: menu access on DAG Run:example_dag_decorator
[2024-12-17T21:01:16.517+0000] {logging_mixin.py:190} INFO - [2024-12-17T21:01:16.516+0000] {override.py:1911} INFO - Created Permission View: can delete on DAG Run:example_dag_decorator
[2024-12-17T21:01:16.525+0000] {logging_mixin.py:190} INFO - [2024-12-17T21:01:16.524+0000] {override.py:1911} INFO - Created Permission View: can read on DAG Run:example_dag_decorator
[2024-12-17T21:01:16.525+0000] {logging_mixin.py:190} INFO - [2024-12-17T21:01:16.525+0000] {dag.py:3239} INFO - Sync 1 DAGs
[2024-12-17T21:01:16.542+0000] {logging_mixin.py:190} INFO - [2024-12-17T21:01:16.542+0000] {dag.py:3262} INFO - Creating ORM DAG for example_dag_decorator
[2024-12-17T21:01:16.543+0000] {logging_mixin.py:190} INFO - [2024-12-17T21:01:16.543+0000] {dag.py:4180} INFO - Setting next_dagrun for example_dag_decorator to None, run_after=None
[2024-12-17T21:01:16.559+0000] {processor.py:208} INFO - Processing /home/airflow/.local/lib/python3.12/site-packages/airflow/example_dags/example_dag_decorator.py took 0.233 seconds
[2024-12-17T21:01:47.321+0000] {processor.py:186} INFO - Started process (PID=148) to work on /home/airflow/.local/lib/python3.12/site-packages/airflow/example_dags/example_dag_decorator.py
[2024-12-17T21:01:47.322+0000] {processor.py:914} INFO - Processing file /home/airflow/.local/lib/python3.12/site-packages/airflow/example_dags/example_dag_decorator.py for tasks to queue
[2024-12-17T21:01:47.325+0000] {logging_mixin.py:190} INFO - [2024-12-17T21:01:47.325+0000] {dagbag.py:588} INFO - Filling up the DagBag from /home/airflow/.local/lib/python3.12/site-packages/airflow/example_dags/example_dag_decorator.py
[2024-12-17T21:01:47.343+0000] {processor.py:925} INFO - DAG(s) 'example_dag_decorator' retrieved from /home/airflow/.local/lib/python3.12/site-packages/airflow/example_dags/example_dag_decorator.py
[2024-12-17T21:01:47.488+0000] {logging_mixin.py:190} INFO - [2024-12-17T21:01:47.487+0000] {dag.py:3239} INFO - Sync 1 DAGs
[2024-12-17T21:01:47.500+0000] {logging_mixin.py:190} INFO - [2024-12-17T21:01:47.499+0000] {dag.py:4180} INFO - Setting next_dagrun for example_dag_decorator to None, run_after=None
[2024-12-17T21:01:47.518+0000] {processor.py:208} INFO - Processing /home/airflow/.local/lib/python3.12/site-packages/airflow/example_dags/example_dag_decorator.py took 0.206 seconds
[2024-12-17T21:02:17.677+0000] {processor.py:186} INFO - Started process (PID=213) to work on /home/airflow/.local/lib/python3.12/site-packages/airflow/example_dags/example_dag_decorator.py
[2024-12-17T21:02:17.678+0000] {processor.py:914} INFO - Processing file /home/airflow/.local/lib/python3.12/site-packages/airflow/example_dags/example_dag_decorator.py for tasks to queue
[2024-12-17T21:02:17.680+0000] {logging_mixin.py:190} INFO - [2024-12-17T21:02:17.680+0000] {dagbag.py:588} INFO - Filling up the DagBag from /home/airflow/.local/lib/python3.12/site-packages/airflow/example_dags/example_dag_decorator.py
[2024-12-17T21:02:17.692+0000] {processor.py:925} INFO - DAG(s) 'example_dag_decorator' retrieved from /home/airflow/.local/lib/python3.12/site-packages/airflow/example_dags/example_dag_decorator.py
[2024-12-17T21:02:17.819+0000] {logging_mixin.py:190} INFO - [2024-12-17T21:02:17.818+0000] {dag.py:3239} INFO - Sync 1 DAGs
[2024-12-17T21:02:17.832+0000] {logging_mixin.py:190} INFO - [2024-12-17T21:02:17.832+0000] {dag.py:4180} INFO - Setting next_dagrun for example_dag_decorator to None, run_after=None
[2024-12-17T21:02:17.850+0000] {processor.py:208} INFO - Processing /home/airflow/.local/lib/python3.12/site-packages/airflow/example_dags/example_dag_decorator.py took 0.179 seconds
[2024-12-17T21:02:47.950+0000] {processor.py:186} INFO - Started process (PID=277) to work on /home/airflow/.local/lib/python3.12/site-packages/airflow/example_dags/example_dag_decorator.py
[2024-12-17T21:02:47.951+0000] {processor.py:914} INFO - Processing file /home/airflow/.local/lib/python3.12/site-packages/airflow/example_dags/example_dag_decorator.py for tasks to queue
[2024-12-17T21:02:47.953+0000] {logging_mixin.py:190} INFO - [2024-12-17T21:02:47.953+0000] {dagbag.py:588} INFO - Filling up the DagBag from /home/airflow/.local/lib/python3.12/site-packages/airflow/example_dags/example_dag_decorator.py
[2024-12-17T21:02:47.965+0000] {processor.py:925} INFO - DAG(s) 'example_dag_decorator' retrieved from /home/airflow/.local/lib/python3.12/site-packages/airflow/example_dags/example_dag_decorator.py
[2024-12-17T21:02:48.082+0000] {logging_mixin.py:190} INFO - [2024-12-17T21:02:48.082+0000] {dag.py:3239} INFO - Sync 1 DAGs
[2024-12-17T21:02:48.095+0000] {logging_mixin.py:190} INFO - [2024-12-17T21:02:48.095+0000] {dag.py:4180} INFO - Setting next_dagrun for example_dag_decorator to None, run_after=None
[2024-12-17T21:02:48.123+0000] {processor.py:208} INFO - Processing /home/airflow/.local/lib/python3.12/site-packages/airflow/example_dags/example_dag_decorator.py took 0.178 seconds
[2024-12-17T21:03:18.189+0000] {processor.py:186} INFO - Started process (PID=341) to work on /home/airflow/.local/lib/python3.12/site-packages/airflow/example_dags/example_dag_decorator.py
[2024-12-17T21:03:18.190+0000] {processor.py:914} INFO - Processing file /home/airflow/.local/lib/python3.12/site-packages/airflow/example_dags/example_dag_decorator.py for tasks to queue
[2024-12-17T21:03:18.193+0000] {logging_mixin.py:190} INFO - [2024-12-17T21:03:18.192+0000] {dagbag.py:588} INFO - Filling up the DagBag from /home/airflow/.local/lib/python3.12/site-packages/airflow/example_dags/example_dag_decorator.py
[2024-12-17T21:03:18.204+0000] {processor.py:925} INFO - DAG(s) 'example_dag_decorator' retrieved from /home/airflow/.local/lib/python3.12/site-packages/airflow/example_dags/example_dag_decorator.py
[2024-12-17T21:03:18.335+0000] {logging_mixin.py:190} INFO - [2024-12-17T21:03:18.335+0000] {dag.py:3239} INFO - Sync 1 DAGs
[2024-12-17T21:03:18.347+0000] {logging_mixin.py:190} INFO - [2024-12-17T21:03:18.346+0000] {dag.py:4180} INFO - Setting next_dagrun for example_dag_decorator to None, run_after=None
[2024-12-17T21:03:18.363+0000] {processor.py:208} INFO - Processing /home/airflow/.local/lib/python3.12/site-packages/airflow/example_dags/example_dag_decorator.py took 0.179 seconds
[2024-12-17T21:03:48.560+0000] {processor.py:186} INFO - Started process (PID=405) to work on /home/airflow/.local/lib/python3.12/site-packages/airflow/example_dags/example_dag_decorator.py
[2024-12-17T21:03:48.561+0000] {processor.py:914} INFO - Processing file /home/airflow/.local/lib/python3.12/site-packages/airflow/example_dags/example_dag_decorator.py for tasks to queue
[2024-12-17T21:03:48.563+0000] {logging_mixin.py:190} INFO - [2024-12-17T21:03:48.563+0000] {dagbag.py:588} INFO - Filling up the DagBag from /home/airflow/.local/lib/python3.12/site-packages/airflow/example_dags/example_dag_decorator.py
[2024-12-17T21:03:48.574+0000] {processor.py:925} INFO - DAG(s) 'example_dag_decorator' retrieved from /home/airflow/.local/lib/python3.12/site-packages/airflow/example_dags/example_dag_decorator.py
[2024-12-17T21:03:48.674+0000] {logging_mixin.py:190} INFO - [2024-12-17T21:03:48.674+0000] {dag.py:3239} INFO - Sync 1 DAGs
[2024-12-17T21:03:48.687+0000] {logging_mixin.py:190} INFO - [2024-12-17T21:03:48.686+0000] {dag.py:4180} INFO - Setting next_dagrun for example_dag_decorator to None, run_after=None
[2024-12-17T21:03:48.703+0000] {processor.py:208} INFO - Processing /home/airflow/.local/lib/python3.12/site-packages/airflow/example_dags/example_dag_decorator.py took 0.149 seconds
[2024-12-17T21:04:19.532+0000] {processor.py:186} INFO - Started process (PID=469) to work on /home/airflow/.local/lib/python3.12/site-packages/airflow/example_dags/example_dag_decorator.py
[2024-12-17T21:04:19.533+0000] {processor.py:914} INFO - Processing file /home/airflow/.local/lib/python3.12/site-packages/airflow/example_dags/example_dag_decorator.py for tasks to queue
[2024-12-17T21:04:19.534+0000] {logging_mixin.py:190} INFO - [2024-12-17T21:04:19.534+0000] {dagbag.py:588} INFO - Filling up the DagBag from /home/airflow/.local/lib/python3.12/site-packages/airflow/example_dags/example_dag_decorator.py
[2024-12-17T21:04:19.551+0000] {processor.py:925} INFO - DAG(s) 'example_dag_decorator' retrieved from /home/airflow/.local/lib/python3.12/site-packages/airflow/example_dags/example_dag_decorator.py
[2024-12-17T21:04:19.679+0000] {logging_mixin.py:190} INFO - [2024-12-17T21:04:19.679+0000] {dag.py:3239} INFO - Sync 1 DAGs
[2024-12-17T21:04:19.694+0000] {logging_mixin.py:190} INFO - [2024-12-17T21:04:19.694+0000] {dag.py:4180} INFO - Setting next_dagrun for example_dag_decorator to None, run_after=None
[2024-12-17T21:04:19.715+0000] {processor.py:208} INFO - Processing /home/airflow/.local/lib/python3.12/site-packages/airflow/example_dags/example_dag_decorator.py took 0.189 seconds
[2024-12-17T21:04:50.024+0000] {processor.py:186} INFO - Started process (PID=533) to work on /home/airflow/.local/lib/python3.12/site-packages/airflow/example_dags/example_dag_decorator.py
[2024-12-17T21:04:50.025+0000] {processor.py:914} INFO - Processing file /home/airflow/.local/lib/python3.12/site-packages/airflow/example_dags/example_dag_decorator.py for tasks to queue
[2024-12-17T21:04:50.027+0000] {logging_mixin.py:190} INFO - [2024-12-17T21:04:50.026+0000] {dagbag.py:588} INFO - Filling up the DagBag from /home/airflow/.local/lib/python3.12/site-packages/airflow/example_dags/example_dag_decorator.py
[2024-12-17T21:04:50.040+0000] {processor.py:925} INFO - DAG(s) 'example_dag_decorator' retrieved from /home/airflow/.local/lib/python3.12/site-packages/airflow/example_dags/example_dag_decorator.py
[2024-12-17T21:04:50.170+0000] {logging_mixin.py:190} INFO - [2024-12-17T21:04:50.170+0000] {dag.py:3239} INFO - Sync 1 DAGs
[2024-12-17T21:04:50.183+0000] {logging_mixin.py:190} INFO - [2024-12-17T21:04:50.183+0000] {dag.py:4180} INFO - Setting next_dagrun for example_dag_decorator to None, run_after=None
[2024-12-17T21:04:50.200+0000] {processor.py:208} INFO - Processing /home/airflow/.local/lib/python3.12/site-packages/airflow/example_dags/example_dag_decorator.py took 0.182 seconds
[2024-12-17T21:05:20.516+0000] {processor.py:186} INFO - Started process (PID=598) to work on /home/airflow/.local/lib/python3.12/site-packages/airflow/example_dags/example_dag_decorator.py
[2024-12-17T21:05:20.518+0000] {processor.py:914} INFO - Processing file /home/airflow/.local/lib/python3.12/site-packages/airflow/example_dags/example_dag_decorator.py for tasks to queue
[2024-12-17T21:05:20.519+0000] {logging_mixin.py:190} INFO - [2024-12-17T21:05:20.519+0000] {dagbag.py:588} INFO - Filling up the DagBag from /home/airflow/.local/lib/python3.12/site-packages/airflow/example_dags/example_dag_decorator.py
[2024-12-17T21:05:20.531+0000] {processor.py:925} INFO - DAG(s) 'example_dag_decorator' retrieved from /home/airflow/.local/lib/python3.12/site-packages/airflow/example_dags/example_dag_decorator.py
[2024-12-17T21:05:20.633+0000] {logging_mixin.py:190} INFO - [2024-12-17T21:05:20.632+0000] {dag.py:3239} INFO - Sync 1 DAGs
[2024-12-17T21:05:20.644+0000] {logging_mixin.py:190} INFO - [2024-12-17T21:05:20.644+0000] {dag.py:4180} INFO - Setting next_dagrun for example_dag_decorator to None, run_after=None
[2024-12-17T21:05:20.669+0000] {processor.py:208} INFO - Processing /home/airflow/.local/lib/python3.12/site-packages/airflow/example_dags/example_dag_decorator.py took 0.158 seconds
[2024-12-17T21:05:50.894+0000] {processor.py:186} INFO - Started process (PID=662) to work on /home/airflow/.local/lib/python3.12/site-packages/airflow/example_dags/example_dag_decorator.py
[2024-12-17T21:05:50.895+0000] {processor.py:914} INFO - Processing file /home/airflow/.local/lib/python3.12/site-packages/airflow/example_dags/example_dag_decorator.py for tasks to queue
[2024-12-17T21:05:50.896+0000] {logging_mixin.py:190} INFO - [2024-12-17T21:05:50.896+0000] {dagbag.py:588} INFO - Filling up the DagBag from /home/airflow/.local/lib/python3.12/site-packages/airflow/example_dags/example_dag_decorator.py
[2024-12-17T21:05:50.908+0000] {processor.py:925} INFO - DAG(s) 'example_dag_decorator' retrieved from /home/airflow/.local/lib/python3.12/site-packages/airflow/example_dags/example_dag_decorator.py
[2024-12-17T21:05:50.929+0000] {logging_mixin.py:190} INFO - [2024-12-17T21:05:50.929+0000] {dag.py:3239} INFO - Sync 1 DAGs
[2024-12-17T21:05:50.946+0000] {logging_mixin.py:190} INFO - [2024-12-17T21:05:50.946+0000] {dag.py:4180} INFO - Setting next_dagrun for example_dag_decorator to None, run_after=None
[2024-12-17T21:05:50.968+0000] {processor.py:208} INFO - Processing /home/airflow/.local/lib/python3.12/site-packages/airflow/example_dags/example_dag_decorator.py took 0.079 seconds
[2024-12-17T21:06:21.513+0000] {processor.py:186} INFO - Started process (PID=725) to work on /home/airflow/.local/lib/python3.12/site-packages/airflow/example_dags/example_dag_decorator.py
[2024-12-17T21:06:21.514+0000] {processor.py:914} INFO - Processing file /home/airflow/.local/lib/python3.12/site-packages/airflow/example_dags/example_dag_decorator.py for tasks to queue
[2024-12-17T21:06:21.515+0000] {logging_mixin.py:190} INFO - [2024-12-17T21:06:21.515+0000] {dagbag.py:588} INFO - Filling up the DagBag from /home/airflow/.local/lib/python3.12/site-packages/airflow/example_dags/example_dag_decorator.py
[2024-12-17T21:06:21.526+0000] {processor.py:925} INFO - DAG(s) 'example_dag_decorator' retrieved from /home/airflow/.local/lib/python3.12/site-packages/airflow/example_dags/example_dag_decorator.py
[2024-12-17T21:06:21.547+0000] {logging_mixin.py:190} INFO - [2024-12-17T21:06:21.547+0000] {dag.py:3239} INFO - Sync 1 DAGs
[2024-12-17T21:06:21.561+0000] {logging_mixin.py:190} INFO - [2024-12-17T21:06:21.561+0000] {dag.py:4180} INFO - Setting next_dagrun for example_dag_decorator to None, run_after=None
[2024-12-17T21:06:21.587+0000] {processor.py:208} INFO - Processing /home/airflow/.local/lib/python3.12/site-packages/airflow/example_dags/example_dag_decorator.py took 0.079 seconds
[2024-12-17T21:06:51.812+0000] {processor.py:186} INFO - Started process (PID=789) to work on /home/airflow/.local/lib/python3.12/site-packages/airflow/example_dags/example_dag_decorator.py
[2024-12-17T21:06:51.813+0000] {processor.py:914} INFO - Processing file /home/airflow/.local/lib/python3.12/site-packages/airflow/example_dags/example_dag_decorator.py for tasks to queue
[2024-12-17T21:06:51.815+0000] {logging_mixin.py:190} INFO - [2024-12-17T21:06:51.814+0000] {dagbag.py:588} INFO - Filling up the DagBag from /home/airflow/.local/lib/python3.12/site-packages/airflow/example_dags/example_dag_decorator.py
[2024-12-17T21:06:51.826+0000] {processor.py:925} INFO - DAG(s) 'example_dag_decorator' retrieved from /home/airflow/.local/lib/python3.12/site-packages/airflow/example_dags/example_dag_decorator.py
[2024-12-17T21:06:51.926+0000] {logging_mixin.py:190} INFO - [2024-12-17T21:06:51.926+0000] {dag.py:3239} INFO - Sync 1 DAGs
[2024-12-17T21:06:51.938+0000] {logging_mixin.py:190} INFO - [2024-12-17T21:06:51.938+0000] {dag.py:4180} INFO - Setting next_dagrun for example_dag_decorator to None, run_after=None
[2024-12-17T21:06:51.955+0000] {processor.py:208} INFO - Processing /home/airflow/.local/lib/python3.12/site-packages/airflow/example_dags/example_dag_decorator.py took 0.148 seconds
[2024-12-17T21:07:22.488+0000] {processor.py:186} INFO - Started process (PID=853) to work on /home/airflow/.local/lib/python3.12/site-packages/airflow/example_dags/example_dag_decorator.py
[2024-12-17T21:07:22.489+0000] {processor.py:914} INFO - Processing file /home/airflow/.local/lib/python3.12/site-packages/airflow/example_dags/example_dag_decorator.py for tasks to queue
[2024-12-17T21:07:22.491+0000] {logging_mixin.py:190} INFO - [2024-12-17T21:07:22.490+0000] {dagbag.py:588} INFO - Filling up the DagBag from /home/airflow/.local/lib/python3.12/site-packages/airflow/example_dags/example_dag_decorator.py
[2024-12-17T21:07:22.505+0000] {processor.py:925} INFO - DAG(s) 'example_dag_decorator' retrieved from /home/airflow/.local/lib/python3.12/site-packages/airflow/example_dags/example_dag_decorator.py
[2024-12-17T21:07:22.609+0000] {logging_mixin.py:190} INFO - [2024-12-17T21:07:22.608+0000] {dag.py:3239} INFO - Sync 1 DAGs
[2024-12-17T21:07:22.621+0000] {logging_mixin.py:190} INFO - [2024-12-17T21:07:22.620+0000] {dag.py:4180} INFO - Setting next_dagrun for example_dag_decorator to None, run_after=None
[2024-12-17T21:07:22.638+0000] {processor.py:208} INFO - Processing /home/airflow/.local/lib/python3.12/site-packages/airflow/example_dags/example_dag_decorator.py took 0.158 seconds
[2024-12-17T21:07:53.431+0000] {processor.py:186} INFO - Started process (PID=917) to work on /home/airflow/.local/lib/python3.12/site-packages/airflow/example_dags/example_dag_decorator.py
[2024-12-17T21:07:53.432+0000] {processor.py:914} INFO - Processing file /home/airflow/.local/lib/python3.12/site-packages/airflow/example_dags/example_dag_decorator.py for tasks to queue
[2024-12-17T21:07:53.436+0000] {logging_mixin.py:190} INFO - [2024-12-17T21:07:53.434+0000] {dagbag.py:588} INFO - Filling up the DagBag from /home/airflow/.local/lib/python3.12/site-packages/airflow/example_dags/example_dag_decorator.py
[2024-12-17T21:07:53.452+0000] {processor.py:925} INFO - DAG(s) 'example_dag_decorator' retrieved from /home/airflow/.local/lib/python3.12/site-packages/airflow/example_dags/example_dag_decorator.py
[2024-12-17T21:07:53.576+0000] {logging_mixin.py:190} INFO - [2024-12-17T21:07:53.575+0000] {dag.py:3239} INFO - Sync 1 DAGs
[2024-12-17T21:07:53.587+0000] {logging_mixin.py:190} INFO - [2024-12-17T21:07:53.587+0000] {dag.py:4180} INFO - Setting next_dagrun for example_dag_decorator to None, run_after=None
[2024-12-17T21:07:53.604+0000] {processor.py:208} INFO - Processing /home/airflow/.local/lib/python3.12/site-packages/airflow/example_dags/example_dag_decorator.py took 0.182 seconds
[2024-12-17T21:08:24.073+0000] {processor.py:186} INFO - Started process (PID=981) to work on /home/airflow/.local/lib/python3.12/site-packages/airflow/example_dags/example_dag_decorator.py
[2024-12-17T21:08:24.074+0000] {processor.py:914} INFO - Processing file /home/airflow/.local/lib/python3.12/site-packages/airflow/example_dags/example_dag_decorator.py for tasks to queue
[2024-12-17T21:08:24.076+0000] {logging_mixin.py:190} INFO - [2024-12-17T21:08:24.075+0000] {dagbag.py:588} INFO - Filling up the DagBag from /home/airflow/.local/lib/python3.12/site-packages/airflow/example_dags/example_dag_decorator.py
[2024-12-17T21:08:24.087+0000] {processor.py:925} INFO - DAG(s) 'example_dag_decorator' retrieved from /home/airflow/.local/lib/python3.12/site-packages/airflow/example_dags/example_dag_decorator.py
[2024-12-17T21:08:24.190+0000] {logging_mixin.py:190} INFO - [2024-12-17T21:08:24.190+0000] {dag.py:3239} INFO - Sync 1 DAGs
[2024-12-17T21:08:24.203+0000] {logging_mixin.py:190} INFO - [2024-12-17T21:08:24.203+0000] {dag.py:4180} INFO - Setting next_dagrun for example_dag_decorator to None, run_after=None
[2024-12-17T21:08:24.227+0000] {processor.py:208} INFO - Processing /home/airflow/.local/lib/python3.12/site-packages/airflow/example_dags/example_dag_decorator.py took 0.159 seconds
[2024-12-17T21:08:54.634+0000] {processor.py:186} INFO - Started process (PID=1045) to work on /home/airflow/.local/lib/python3.12/site-packages/airflow/example_dags/example_dag_decorator.py
[2024-12-17T21:08:54.636+0000] {processor.py:914} INFO - Processing file /home/airflow/.local/lib/python3.12/site-packages/airflow/example_dags/example_dag_decorator.py for tasks to queue
[2024-12-17T21:08:54.637+0000] {logging_mixin.py:190} INFO - [2024-12-17T21:08:54.637+0000] {dagbag.py:588} INFO - Filling up the DagBag from /home/airflow/.local/lib/python3.12/site-packages/airflow/example_dags/example_dag_decorator.py
[2024-12-17T21:08:54.648+0000] {processor.py:925} INFO - DAG(s) 'example_dag_decorator' retrieved from /home/airflow/.local/lib/python3.12/site-packages/airflow/example_dags/example_dag_decorator.py
[2024-12-17T21:08:54.767+0000] {logging_mixin.py:190} INFO - [2024-12-17T21:08:54.766+0000] {dag.py:3239} INFO - Sync 1 DAGs
[2024-12-17T21:08:54.780+0000] {logging_mixin.py:190} INFO - [2024-12-17T21:08:54.780+0000] {dag.py:4180} INFO - Setting next_dagrun for example_dag_decorator to None, run_after=None
[2024-12-17T21:08:54.805+0000] {processor.py:208} INFO - Processing /home/airflow/.local/lib/python3.12/site-packages/airflow/example_dags/example_dag_decorator.py took 0.175 seconds
[2024-12-17T21:09:25.326+0000] {processor.py:186} INFO - Started process (PID=1110) to work on /home/airflow/.local/lib/python3.12/site-packages/airflow/example_dags/example_dag_decorator.py
[2024-12-17T21:09:25.328+0000] {processor.py:914} INFO - Processing file /home/airflow/.local/lib/python3.12/site-packages/airflow/example_dags/example_dag_decorator.py for tasks to queue
[2024-12-17T21:09:25.329+0000] {logging_mixin.py:190} INFO - [2024-12-17T21:09:25.329+0000] {dagbag.py:588} INFO - Filling up the DagBag from /home/airflow/.local/lib/python3.12/site-packages/airflow/example_dags/example_dag_decorator.py
[2024-12-17T21:09:25.342+0000] {processor.py:925} INFO - DAG(s) 'example_dag_decorator' retrieved from /home/airflow/.local/lib/python3.12/site-packages/airflow/example_dags/example_dag_decorator.py
[2024-12-17T21:09:25.455+0000] {logging_mixin.py:190} INFO - [2024-12-17T21:09:25.454+0000] {dag.py:3239} INFO - Sync 1 DAGs
[2024-12-17T21:09:25.467+0000] {logging_mixin.py:190} INFO - [2024-12-17T21:09:25.467+0000] {dag.py:4180} INFO - Setting next_dagrun for example_dag_decorator to None, run_after=None
[2024-12-17T21:09:25.489+0000] {processor.py:208} INFO - Processing /home/airflow/.local/lib/python3.12/site-packages/airflow/example_dags/example_dag_decorator.py took 0.168 seconds
[2024-12-17T21:09:55.939+0000] {processor.py:186} INFO - Started process (PID=1174) to work on /home/airflow/.local/lib/python3.12/site-packages/airflow/example_dags/example_dag_decorator.py
[2024-12-17T21:09:55.940+0000] {processor.py:914} INFO - Processing file /home/airflow/.local/lib/python3.12/site-packages/airflow/example_dags/example_dag_decorator.py for tasks to queue
[2024-12-17T21:09:55.942+0000] {logging_mixin.py:190} INFO - [2024-12-17T21:09:55.941+0000] {dagbag.py:588} INFO - Filling up the DagBag from /home/airflow/.local/lib/python3.12/site-packages/airflow/example_dags/example_dag_decorator.py
[2024-12-17T21:09:55.953+0000] {processor.py:925} INFO - DAG(s) 'example_dag_decorator' retrieved from /home/airflow/.local/lib/python3.12/site-packages/airflow/example_dags/example_dag_decorator.py
[2024-12-17T21:09:56.060+0000] {logging_mixin.py:190} INFO - [2024-12-17T21:09:56.060+0000] {dag.py:3239} INFO - Sync 1 DAGs
[2024-12-17T21:09:56.073+0000] {logging_mixin.py:190} INFO - [2024-12-17T21:09:56.072+0000] {dag.py:4180} INFO - Setting next_dagrun for example_dag_decorator to None, run_after=None
[2024-12-17T21:09:56.090+0000] {processor.py:208} INFO - Processing /home/airflow/.local/lib/python3.12/site-packages/airflow/example_dags/example_dag_decorator.py took 0.157 seconds
[2024-12-17T21:10:26.176+0000] {processor.py:186} INFO - Started process (PID=1238) to work on /home/airflow/.local/lib/python3.12/site-packages/airflow/example_dags/example_dag_decorator.py
[2024-12-17T21:10:26.177+0000] {processor.py:914} INFO - Processing file /home/airflow/.local/lib/python3.12/site-packages/airflow/example_dags/example_dag_decorator.py for tasks to queue
[2024-12-17T21:10:26.179+0000] {logging_mixin.py:190} INFO - [2024-12-17T21:10:26.178+0000] {dagbag.py:588} INFO - Filling up the DagBag from /home/airflow/.local/lib/python3.12/site-packages/airflow/example_dags/example_dag_decorator.py
[2024-12-17T21:10:26.196+0000] {processor.py:925} INFO - DAG(s) 'example_dag_decorator' retrieved from /home/airflow/.local/lib/python3.12/site-packages/airflow/example_dags/example_dag_decorator.py
[2024-12-17T21:10:26.383+0000] {logging_mixin.py:190} INFO - [2024-12-17T21:10:26.383+0000] {dag.py:3239} INFO - Sync 1 DAGs
[2024-12-17T21:10:26.404+0000] {logging_mixin.py:190} INFO - [2024-12-17T21:10:26.403+0000] {dag.py:4180} INFO - Setting next_dagrun for example_dag_decorator to None, run_after=None
[2024-12-17T21:10:26.436+0000] {processor.py:208} INFO - Processing /home/airflow/.local/lib/python3.12/site-packages/airflow/example_dags/example_dag_decorator.py took 0.271 seconds
[2024-12-17T21:10:57.349+0000] {processor.py:186} INFO - Started process (PID=1302) to work on /home/airflow/.local/lib/python3.12/site-packages/airflow/example_dags/example_dag_decorator.py
[2024-12-17T21:10:57.350+0000] {processor.py:914} INFO - Processing file /home/airflow/.local/lib/python3.12/site-packages/airflow/example_dags/example_dag_decorator.py for tasks to queue
[2024-12-17T21:10:57.351+0000] {logging_mixin.py:190} INFO - [2024-12-17T21:10:57.350+0000] {dagbag.py:588} INFO - Filling up the DagBag from /home/airflow/.local/lib/python3.12/site-packages/airflow/example_dags/example_dag_decorator.py
[2024-12-17T21:10:57.362+0000] {processor.py:925} INFO - DAG(s) 'example_dag_decorator' retrieved from /home/airflow/.local/lib/python3.12/site-packages/airflow/example_dags/example_dag_decorator.py
[2024-12-17T21:10:57.471+0000] {logging_mixin.py:190} INFO - [2024-12-17T21:10:57.470+0000] {dag.py:3239} INFO - Sync 1 DAGs
[2024-12-17T21:10:57.483+0000] {logging_mixin.py:190} INFO - [2024-12-17T21:10:57.483+0000] {dag.py:4180} INFO - Setting next_dagrun for example_dag_decorator to None, run_after=None
[2024-12-17T21:10:57.508+0000] {processor.py:208} INFO - Processing /home/airflow/.local/lib/python3.12/site-packages/airflow/example_dags/example_dag_decorator.py took 0.165 seconds
[2024-12-17T21:11:27.545+0000] {processor.py:186} INFO - Started process (PID=1366) to work on /home/airflow/.local/lib/python3.12/site-packages/airflow/example_dags/example_dag_decorator.py
[2024-12-17T21:11:27.546+0000] {processor.py:914} INFO - Processing file /home/airflow/.local/lib/python3.12/site-packages/airflow/example_dags/example_dag_decorator.py for tasks to queue
[2024-12-17T21:11:27.547+0000] {logging_mixin.py:190} INFO - [2024-12-17T21:11:27.547+0000] {dagbag.py:588} INFO - Filling up the DagBag from /home/airflow/.local/lib/python3.12/site-packages/airflow/example_dags/example_dag_decorator.py
[2024-12-17T21:11:27.559+0000] {processor.py:925} INFO - DAG(s) 'example_dag_decorator' retrieved from /home/airflow/.local/lib/python3.12/site-packages/airflow/example_dags/example_dag_decorator.py
[2024-12-17T21:11:27.674+0000] {logging_mixin.py:190} INFO - [2024-12-17T21:11:27.674+0000] {dag.py:3239} INFO - Sync 1 DAGs
[2024-12-17T21:11:27.688+0000] {logging_mixin.py:190} INFO - [2024-12-17T21:11:27.688+0000] {dag.py:4180} INFO - Setting next_dagrun for example_dag_decorator to None, run_after=None
[2024-12-17T21:11:27.714+0000] {processor.py:208} INFO - Processing /home/airflow/.local/lib/python3.12/site-packages/airflow/example_dags/example_dag_decorator.py took 0.174 seconds
[2024-12-17T21:11:58.035+0000] {processor.py:186} INFO - Started process (PID=1431) to work on /home/airflow/.local/lib/python3.12/site-packages/airflow/example_dags/example_dag_decorator.py
[2024-12-17T21:11:58.036+0000] {processor.py:914} INFO - Processing file /home/airflow/.local/lib/python3.12/site-packages/airflow/example_dags/example_dag_decorator.py for tasks to queue
[2024-12-17T21:11:58.038+0000] {logging_mixin.py:190} INFO - [2024-12-17T21:11:58.038+0000] {dagbag.py:588} INFO - Filling up the DagBag from /home/airflow/.local/lib/python3.12/site-packages/airflow/example_dags/example_dag_decorator.py
[2024-12-17T21:11:58.050+0000] {processor.py:925} INFO - DAG(s) 'example_dag_decorator' retrieved from /home/airflow/.local/lib/python3.12/site-packages/airflow/example_dags/example_dag_decorator.py
[2024-12-17T21:11:58.160+0000] {logging_mixin.py:190} INFO - [2024-12-17T21:11:58.160+0000] {dag.py:3239} INFO - Sync 1 DAGs
[2024-12-17T21:11:58.173+0000] {logging_mixin.py:190} INFO - [2024-12-17T21:11:58.173+0000] {dag.py:4180} INFO - Setting next_dagrun for example_dag_decorator to None, run_after=None
[2024-12-17T21:11:58.199+0000] {processor.py:208} INFO - Processing /home/airflow/.local/lib/python3.12/site-packages/airflow/example_dags/example_dag_decorator.py took 0.169 seconds
[2024-12-17T21:12:28.310+0000] {processor.py:186} INFO - Started process (PID=1496) to work on /home/airflow/.local/lib/python3.12/site-packages/airflow/example_dags/example_dag_decorator.py
[2024-12-17T21:12:28.311+0000] {processor.py:914} INFO - Processing file /home/airflow/.local/lib/python3.12/site-packages/airflow/example_dags/example_dag_decorator.py for tasks to queue
[2024-12-17T21:12:28.312+0000] {logging_mixin.py:190} INFO - [2024-12-17T21:12:28.312+0000] {dagbag.py:588} INFO - Filling up the DagBag from /home/airflow/.local/lib/python3.12/site-packages/airflow/example_dags/example_dag_decorator.py
[2024-12-17T21:12:28.324+0000] {processor.py:925} INFO - DAG(s) 'example_dag_decorator' retrieved from /home/airflow/.local/lib/python3.12/site-packages/airflow/example_dags/example_dag_decorator.py
[2024-12-17T21:12:28.430+0000] {logging_mixin.py:190} INFO - [2024-12-17T21:12:28.430+0000] {dag.py:3239} INFO - Sync 1 DAGs
[2024-12-17T21:12:28.442+0000] {logging_mixin.py:190} INFO - [2024-12-17T21:12:28.442+0000] {dag.py:4180} INFO - Setting next_dagrun for example_dag_decorator to None, run_after=None
[2024-12-17T21:12:28.466+0000] {processor.py:208} INFO - Processing /home/airflow/.local/lib/python3.12/site-packages/airflow/example_dags/example_dag_decorator.py took 0.162 seconds
[2024-12-17T21:12:58.517+0000] {processor.py:186} INFO - Started process (PID=1561) to work on /home/airflow/.local/lib/python3.12/site-packages/airflow/example_dags/example_dag_decorator.py
[2024-12-17T21:12:58.518+0000] {processor.py:914} INFO - Processing file /home/airflow/.local/lib/python3.12/site-packages/airflow/example_dags/example_dag_decorator.py for tasks to queue
[2024-12-17T21:12:58.520+0000] {logging_mixin.py:190} INFO - [2024-12-17T21:12:58.519+0000] {dagbag.py:588} INFO - Filling up the DagBag from /home/airflow/.local/lib/python3.12/site-packages/airflow/example_dags/example_dag_decorator.py
[2024-12-17T21:12:58.531+0000] {processor.py:925} INFO - DAG(s) 'example_dag_decorator' retrieved from /home/airflow/.local/lib/python3.12/site-packages/airflow/example_dags/example_dag_decorator.py
[2024-12-17T21:12:58.636+0000] {logging_mixin.py:190} INFO - [2024-12-17T21:12:58.636+0000] {dag.py:3239} INFO - Sync 1 DAGs
[2024-12-17T21:12:58.648+0000] {logging_mixin.py:190} INFO - [2024-12-17T21:12:58.648+0000] {dag.py:4180} INFO - Setting next_dagrun for example_dag_decorator to None, run_after=None
[2024-12-17T21:12:58.666+0000] {processor.py:208} INFO - Processing /home/airflow/.local/lib/python3.12/site-packages/airflow/example_dags/example_dag_decorator.py took 0.154 seconds
[2024-12-17T21:13:29.069+0000] {processor.py:186} INFO - Started process (PID=1623) to work on /home/airflow/.local/lib/python3.12/site-packages/airflow/example_dags/example_dag_decorator.py
[2024-12-17T21:13:29.070+0000] {processor.py:914} INFO - Processing file /home/airflow/.local/lib/python3.12/site-packages/airflow/example_dags/example_dag_decorator.py for tasks to queue
[2024-12-17T21:13:29.071+0000] {logging_mixin.py:190} INFO - [2024-12-17T21:13:29.071+0000] {dagbag.py:588} INFO - Filling up the DagBag from /home/airflow/.local/lib/python3.12/site-packages/airflow/example_dags/example_dag_decorator.py
[2024-12-17T21:13:29.082+0000] {processor.py:925} INFO - DAG(s) 'example_dag_decorator' retrieved from /home/airflow/.local/lib/python3.12/site-packages/airflow/example_dags/example_dag_decorator.py
[2024-12-17T21:13:29.187+0000] {logging_mixin.py:190} INFO - [2024-12-17T21:13:29.186+0000] {dag.py:3239} INFO - Sync 1 DAGs
[2024-12-17T21:13:29.198+0000] {logging_mixin.py:190} INFO - [2024-12-17T21:13:29.198+0000] {dag.py:4180} INFO - Setting next_dagrun for example_dag_decorator to None, run_after=None
[2024-12-17T21:13:29.232+0000] {processor.py:208} INFO - Processing /home/airflow/.local/lib/python3.12/site-packages/airflow/example_dags/example_dag_decorator.py took 0.168 seconds
[2024-12-17T21:13:59.334+0000] {processor.py:186} INFO - Started process (PID=1688) to work on /home/airflow/.local/lib/python3.12/site-packages/airflow/example_dags/example_dag_decorator.py
[2024-12-17T21:13:59.335+0000] {processor.py:914} INFO - Processing file /home/airflow/.local/lib/python3.12/site-packages/airflow/example_dags/example_dag_decorator.py for tasks to queue
[2024-12-17T21:13:59.337+0000] {logging_mixin.py:190} INFO - [2024-12-17T21:13:59.337+0000] {dagbag.py:588} INFO - Filling up the DagBag from /home/airflow/.local/lib/python3.12/site-packages/airflow/example_dags/example_dag_decorator.py
[2024-12-17T21:13:59.348+0000] {processor.py:925} INFO - DAG(s) 'example_dag_decorator' retrieved from /home/airflow/.local/lib/python3.12/site-packages/airflow/example_dags/example_dag_decorator.py
[2024-12-17T21:13:59.477+0000] {logging_mixin.py:190} INFO - [2024-12-17T21:13:59.477+0000] {dag.py:3239} INFO - Sync 1 DAGs
[2024-12-17T21:13:59.490+0000] {logging_mixin.py:190} INFO - [2024-12-17T21:13:59.490+0000] {dag.py:4180} INFO - Setting next_dagrun for example_dag_decorator to None, run_after=None
[2024-12-17T21:13:59.513+0000] {processor.py:208} INFO - Processing /home/airflow/.local/lib/python3.12/site-packages/airflow/example_dags/example_dag_decorator.py took 0.184 seconds
[2024-12-17T21:14:29.569+0000] {processor.py:186} INFO - Started process (PID=1753) to work on /home/airflow/.local/lib/python3.12/site-packages/airflow/example_dags/example_dag_decorator.py
[2024-12-17T21:14:29.570+0000] {processor.py:914} INFO - Processing file /home/airflow/.local/lib/python3.12/site-packages/airflow/example_dags/example_dag_decorator.py for tasks to queue
[2024-12-17T21:14:29.571+0000] {logging_mixin.py:190} INFO - [2024-12-17T21:14:29.571+0000] {dagbag.py:588} INFO - Filling up the DagBag from /home/airflow/.local/lib/python3.12/site-packages/airflow/example_dags/example_dag_decorator.py
[2024-12-17T21:14:29.583+0000] {processor.py:925} INFO - DAG(s) 'example_dag_decorator' retrieved from /home/airflow/.local/lib/python3.12/site-packages/airflow/example_dags/example_dag_decorator.py
[2024-12-17T21:14:29.688+0000] {logging_mixin.py:190} INFO - [2024-12-17T21:14:29.688+0000] {dag.py:3239} INFO - Sync 1 DAGs
[2024-12-17T21:14:29.701+0000] {logging_mixin.py:190} INFO - [2024-12-17T21:14:29.701+0000] {dag.py:4180} INFO - Setting next_dagrun for example_dag_decorator to None, run_after=None
[2024-12-17T21:14:29.732+0000] {processor.py:208} INFO - Processing /home/airflow/.local/lib/python3.12/site-packages/airflow/example_dags/example_dag_decorator.py took 0.168 seconds
[2024-12-17T21:14:59.844+0000] {processor.py:186} INFO - Started process (PID=1818) to work on /home/airflow/.local/lib/python3.12/site-packages/airflow/example_dags/example_dag_decorator.py
[2024-12-17T21:14:59.845+0000] {processor.py:914} INFO - Processing file /home/airflow/.local/lib/python3.12/site-packages/airflow/example_dags/example_dag_decorator.py for tasks to queue
[2024-12-17T21:14:59.846+0000] {logging_mixin.py:190} INFO - [2024-12-17T21:14:59.846+0000] {dagbag.py:588} INFO - Filling up the DagBag from /home/airflow/.local/lib/python3.12/site-packages/airflow/example_dags/example_dag_decorator.py
[2024-12-17T21:14:59.857+0000] {processor.py:925} INFO - DAG(s) 'example_dag_decorator' retrieved from /home/airflow/.local/lib/python3.12/site-packages/airflow/example_dags/example_dag_decorator.py
[2024-12-17T21:14:59.972+0000] {logging_mixin.py:190} INFO - [2024-12-17T21:14:59.972+0000] {dag.py:3239} INFO - Sync 1 DAGs
[2024-12-17T21:14:59.986+0000] {logging_mixin.py:190} INFO - [2024-12-17T21:14:59.985+0000] {dag.py:4180} INFO - Setting next_dagrun for example_dag_decorator to None, run_after=None
[2024-12-17T21:15:00.003+0000] {processor.py:208} INFO - Processing /home/airflow/.local/lib/python3.12/site-packages/airflow/example_dags/example_dag_decorator.py took 0.164 seconds
[2024-12-17T21:15:30.077+0000] {processor.py:186} INFO - Started process (PID=1883) to work on /home/airflow/.local/lib/python3.12/site-packages/airflow/example_dags/example_dag_decorator.py
[2024-12-17T21:15:30.078+0000] {processor.py:914} INFO - Processing file /home/airflow/.local/lib/python3.12/site-packages/airflow/example_dags/example_dag_decorator.py for tasks to queue
[2024-12-17T21:15:30.079+0000] {logging_mixin.py:190} INFO - [2024-12-17T21:15:30.079+0000] {dagbag.py:588} INFO - Filling up the DagBag from /home/airflow/.local/lib/python3.12/site-packages/airflow/example_dags/example_dag_decorator.py
[2024-12-17T21:15:30.090+0000] {processor.py:925} INFO - DAG(s) 'example_dag_decorator' retrieved from /home/airflow/.local/lib/python3.12/site-packages/airflow/example_dags/example_dag_decorator.py
[2024-12-17T21:15:30.201+0000] {logging_mixin.py:190} INFO - [2024-12-17T21:15:30.201+0000] {dag.py:3239} INFO - Sync 1 DAGs
[2024-12-17T21:15:30.215+0000] {logging_mixin.py:190} INFO - [2024-12-17T21:15:30.214+0000] {dag.py:4180} INFO - Setting next_dagrun for example_dag_decorator to None, run_after=None
[2024-12-17T21:15:30.240+0000] {processor.py:208} INFO - Processing /home/airflow/.local/lib/python3.12/site-packages/airflow/example_dags/example_dag_decorator.py took 0.168 seconds
[2024-12-17T21:16:00.524+0000] {processor.py:186} INFO - Started process (PID=1946) to work on /home/airflow/.local/lib/python3.12/site-packages/airflow/example_dags/example_dag_decorator.py
[2024-12-17T21:16:00.525+0000] {processor.py:914} INFO - Processing file /home/airflow/.local/lib/python3.12/site-packages/airflow/example_dags/example_dag_decorator.py for tasks to queue
[2024-12-17T21:16:00.527+0000] {logging_mixin.py:190} INFO - [2024-12-17T21:16:00.526+0000] {dagbag.py:588} INFO - Filling up the DagBag from /home/airflow/.local/lib/python3.12/site-packages/airflow/example_dags/example_dag_decorator.py
[2024-12-17T21:16:00.541+0000] {processor.py:925} INFO - DAG(s) 'example_dag_decorator' retrieved from /home/airflow/.local/lib/python3.12/site-packages/airflow/example_dags/example_dag_decorator.py
[2024-12-17T21:16:00.648+0000] {logging_mixin.py:190} INFO - [2024-12-17T21:16:00.648+0000] {dag.py:3239} INFO - Sync 1 DAGs
[2024-12-17T21:16:00.662+0000] {logging_mixin.py:190} INFO - [2024-12-17T21:16:00.661+0000] {dag.py:4180} INFO - Setting next_dagrun for example_dag_decorator to None, run_after=None
[2024-12-17T21:16:00.679+0000] {processor.py:208} INFO - Processing /home/airflow/.local/lib/python3.12/site-packages/airflow/example_dags/example_dag_decorator.py took 0.161 seconds
[2024-12-17T21:16:30.876+0000] {processor.py:186} INFO - Started process (PID=2010) to work on /home/airflow/.local/lib/python3.12/site-packages/airflow/example_dags/example_dag_decorator.py
[2024-12-17T21:16:30.877+0000] {processor.py:914} INFO - Processing file /home/airflow/.local/lib/python3.12/site-packages/airflow/example_dags/example_dag_decorator.py for tasks to queue
[2024-12-17T21:16:30.879+0000] {logging_mixin.py:190} INFO - [2024-12-17T21:16:30.878+0000] {dagbag.py:588} INFO - Filling up the DagBag from /home/airflow/.local/lib/python3.12/site-packages/airflow/example_dags/example_dag_decorator.py
[2024-12-17T21:16:30.891+0000] {processor.py:925} INFO - DAG(s) 'example_dag_decorator' retrieved from /home/airflow/.local/lib/python3.12/site-packages/airflow/example_dags/example_dag_decorator.py
[2024-12-17T21:16:30.913+0000] {logging_mixin.py:190} INFO - [2024-12-17T21:16:30.913+0000] {dag.py:3239} INFO - Sync 1 DAGs
[2024-12-17T21:16:30.928+0000] {logging_mixin.py:190} INFO - [2024-12-17T21:16:30.927+0000] {dag.py:4180} INFO - Setting next_dagrun for example_dag_decorator to None, run_after=None
[2024-12-17T21:16:30.944+0000] {processor.py:208} INFO - Processing /home/airflow/.local/lib/python3.12/site-packages/airflow/example_dags/example_dag_decorator.py took 0.075 seconds
[2024-12-17T21:17:01.853+0000] {processor.py:186} INFO - Started process (PID=2070) to work on /home/airflow/.local/lib/python3.12/site-packages/airflow/example_dags/example_dag_decorator.py
[2024-12-17T21:17:01.855+0000] {processor.py:914} INFO - Processing file /home/airflow/.local/lib/python3.12/site-packages/airflow/example_dags/example_dag_decorator.py for tasks to queue
[2024-12-17T21:17:01.857+0000] {logging_mixin.py:190} INFO - [2024-12-17T21:17:01.857+0000] {dagbag.py:588} INFO - Filling up the DagBag from /home/airflow/.local/lib/python3.12/site-packages/airflow/example_dags/example_dag_decorator.py
[2024-12-17T21:17:01.875+0000] {processor.py:925} INFO - DAG(s) 'example_dag_decorator' retrieved from /home/airflow/.local/lib/python3.12/site-packages/airflow/example_dags/example_dag_decorator.py
[2024-12-17T21:17:01.901+0000] {logging_mixin.py:190} INFO - [2024-12-17T21:17:01.900+0000] {dag.py:3239} INFO - Sync 1 DAGs
[2024-12-17T21:17:01.919+0000] {logging_mixin.py:190} INFO - [2024-12-17T21:17:01.919+0000] {dag.py:4180} INFO - Setting next_dagrun for example_dag_decorator to None, run_after=None
[2024-12-17T21:17:01.941+0000] {processor.py:208} INFO - Processing /home/airflow/.local/lib/python3.12/site-packages/airflow/example_dags/example_dag_decorator.py took 0.097 seconds
[2024-12-17T21:17:32.391+0000] {processor.py:186} INFO - Started process (PID=2124) to work on /home/airflow/.local/lib/python3.12/site-packages/airflow/example_dags/example_dag_decorator.py
[2024-12-17T21:17:32.392+0000] {processor.py:914} INFO - Processing file /home/airflow/.local/lib/python3.12/site-packages/airflow/example_dags/example_dag_decorator.py for tasks to queue
[2024-12-17T21:17:32.393+0000] {logging_mixin.py:190} INFO - [2024-12-17T21:17:32.393+0000] {dagbag.py:588} INFO - Filling up the DagBag from /home/airflow/.local/lib/python3.12/site-packages/airflow/example_dags/example_dag_decorator.py
[2024-12-17T21:17:32.406+0000] {processor.py:925} INFO - DAG(s) 'example_dag_decorator' retrieved from /home/airflow/.local/lib/python3.12/site-packages/airflow/example_dags/example_dag_decorator.py
[2024-12-17T21:17:32.430+0000] {logging_mixin.py:190} INFO - [2024-12-17T21:17:32.430+0000] {dag.py:3239} INFO - Sync 1 DAGs
[2024-12-17T21:17:32.447+0000] {logging_mixin.py:190} INFO - [2024-12-17T21:17:32.446+0000] {dag.py:4180} INFO - Setting next_dagrun for example_dag_decorator to None, run_after=None
[2024-12-17T21:17:32.474+0000] {processor.py:208} INFO - Processing /home/airflow/.local/lib/python3.12/site-packages/airflow/example_dags/example_dag_decorator.py took 0.089 seconds
