[2024-12-17T21:01:24.046+0000] {processor.py:186} INFO - Started process (PID=119) to work on /home/airflow/.local/lib/python3.12/site-packages/airflow/example_dags/example_outlet_event_extra.py
[2024-12-17T21:01:24.047+0000] {processor.py:914} INFO - Processing file /home/airflow/.local/lib/python3.12/site-packages/airflow/example_dags/example_outlet_event_extra.py for tasks to queue
[2024-12-17T21:01:24.049+0000] {logging_mixin.py:190} INFO - [2024-12-17T21:01:24.049+0000] {dagbag.py:588} INFO - Filling up the DagBag from /home/airflow/.local/lib/python3.12/site-packages/airflow/example_dags/example_outlet_event_extra.py
[2024-12-17T21:01:24.812+0000] {processor.py:925} INFO - DAG(s) 'dataset_with_extra_by_context', 'dataset_with_extra_from_classic_operator', 'dataset_with_extra_by_yield' retrieved from /home/airflow/.local/lib/python3.12/site-packages/airflow/example_dags/example_outlet_event_extra.py
[2024-12-17T21:01:25.000+0000] {logging_mixin.py:190} INFO - [2024-12-17T21:01:24.999+0000] {override.py:1911} INFO - Created Permission View: can delete on DAG:dataset_with_extra_by_context
[2024-12-17T21:01:25.025+0000] {logging_mixin.py:190} INFO - [2024-12-17T21:01:25.024+0000] {override.py:1911} INFO - Created Permission View: can read on DAG:dataset_with_extra_by_context
[2024-12-17T21:01:25.041+0000] {logging_mixin.py:190} INFO - [2024-12-17T21:01:25.041+0000] {override.py:1911} INFO - Created Permission View: can edit on DAG:dataset_with_extra_by_context
[2024-12-17T21:01:25.057+0000] {logging_mixin.py:190} INFO - [2024-12-17T21:01:25.056+0000] {override.py:1911} INFO - Created Permission View: can create on DAG Run:dataset_with_extra_by_context
[2024-12-17T21:01:25.078+0000] {logging_mixin.py:190} INFO - [2024-12-17T21:01:25.077+0000] {override.py:1911} INFO - Created Permission View: menu access on DAG Run:dataset_with_extra_by_context
[2024-12-17T21:01:25.092+0000] {logging_mixin.py:190} INFO - [2024-12-17T21:01:25.092+0000] {override.py:1911} INFO - Created Permission View: can delete on DAG Run:dataset_with_extra_by_context
[2024-12-17T21:01:25.108+0000] {logging_mixin.py:190} INFO - [2024-12-17T21:01:25.107+0000] {override.py:1911} INFO - Created Permission View: can read on DAG Run:dataset_with_extra_by_context
[2024-12-17T21:01:25.139+0000] {logging_mixin.py:190} INFO - [2024-12-17T21:01:25.138+0000] {override.py:1911} INFO - Created Permission View: can delete on DAG:dataset_with_extra_from_classic_operator
[2024-12-17T21:01:25.160+0000] {logging_mixin.py:190} INFO - [2024-12-17T21:01:25.160+0000] {override.py:1911} INFO - Created Permission View: can read on DAG:dataset_with_extra_from_classic_operator
[2024-12-17T21:01:25.178+0000] {logging_mixin.py:190} INFO - [2024-12-17T21:01:25.177+0000] {override.py:1911} INFO - Created Permission View: can edit on DAG:dataset_with_extra_from_classic_operator
[2024-12-17T21:01:25.192+0000] {logging_mixin.py:190} INFO - [2024-12-17T21:01:25.192+0000] {override.py:1911} INFO - Created Permission View: can create on DAG Run:dataset_with_extra_from_classic_operator
[2024-12-17T21:01:25.207+0000] {logging_mixin.py:190} INFO - [2024-12-17T21:01:25.207+0000] {override.py:1911} INFO - Created Permission View: menu access on DAG Run:dataset_with_extra_from_classic_operator
[2024-12-17T21:01:25.225+0000] {logging_mixin.py:190} INFO - [2024-12-17T21:01:25.224+0000] {override.py:1911} INFO - Created Permission View: can delete on DAG Run:dataset_with_extra_from_classic_operator
[2024-12-17T21:01:25.245+0000] {logging_mixin.py:190} INFO - [2024-12-17T21:01:25.243+0000] {override.py:1911} INFO - Created Permission View: can read on DAG Run:dataset_with_extra_from_classic_operator
[2024-12-17T21:01:25.276+0000] {logging_mixin.py:190} INFO - [2024-12-17T21:01:25.275+0000] {override.py:1911} INFO - Created Permission View: can delete on DAG:dataset_with_extra_by_yield
[2024-12-17T21:01:25.288+0000] {logging_mixin.py:190} INFO - [2024-12-17T21:01:25.287+0000] {override.py:1911} INFO - Created Permission View: can read on DAG:dataset_with_extra_by_yield
[2024-12-17T21:01:25.300+0000] {logging_mixin.py:190} INFO - [2024-12-17T21:01:25.300+0000] {override.py:1911} INFO - Created Permission View: can edit on DAG:dataset_with_extra_by_yield
[2024-12-17T21:01:25.314+0000] {logging_mixin.py:190} INFO - [2024-12-17T21:01:25.314+0000] {override.py:1911} INFO - Created Permission View: can create on DAG Run:dataset_with_extra_by_yield
[2024-12-17T21:01:25.327+0000] {logging_mixin.py:190} INFO - [2024-12-17T21:01:25.326+0000] {override.py:1911} INFO - Created Permission View: menu access on DAG Run:dataset_with_extra_by_yield
[2024-12-17T21:01:25.340+0000] {logging_mixin.py:190} INFO - [2024-12-17T21:01:25.340+0000] {override.py:1911} INFO - Created Permission View: can delete on DAG Run:dataset_with_extra_by_yield
[2024-12-17T21:01:25.356+0000] {logging_mixin.py:190} INFO - [2024-12-17T21:01:25.356+0000] {override.py:1911} INFO - Created Permission View: can read on DAG Run:dataset_with_extra_by_yield
[2024-12-17T21:01:25.357+0000] {logging_mixin.py:190} INFO - [2024-12-17T21:01:25.357+0000] {dag.py:3239} INFO - Sync 3 DAGs
[2024-12-17T21:01:25.388+0000] {logging_mixin.py:190} INFO - [2024-12-17T21:01:25.386+0000] {dag.py:3262} INFO - Creating ORM DAG for dataset_with_extra_by_context
[2024-12-17T21:01:25.390+0000] {logging_mixin.py:190} INFO - [2024-12-17T21:01:25.389+0000] {dag.py:3262} INFO - Creating ORM DAG for dataset_with_extra_from_classic_operator
[2024-12-17T21:01:25.391+0000] {logging_mixin.py:190} INFO - [2024-12-17T21:01:25.391+0000] {dag.py:3262} INFO - Creating ORM DAG for dataset_with_extra_by_yield
[2024-12-17T21:01:25.410+0000] {logging_mixin.py:190} INFO - [2024-12-17T21:01:25.409+0000] {dag.py:4180} INFO - Setting next_dagrun for dataset_with_extra_by_context to 2024-12-16 00:00:00+00:00, run_after=2024-12-17 00:00:00+00:00
[2024-12-17T21:01:25.414+0000] {logging_mixin.py:190} INFO - [2024-12-17T21:01:25.414+0000] {dag.py:4180} INFO - Setting next_dagrun for dataset_with_extra_by_yield to 2024-12-16 00:00:00+00:00, run_after=2024-12-17 00:00:00+00:00
[2024-12-17T21:01:25.417+0000] {logging_mixin.py:190} INFO - [2024-12-17T21:01:25.417+0000] {dag.py:4180} INFO - Setting next_dagrun for dataset_with_extra_from_classic_operator to 2024-12-16 00:00:00+00:00, run_after=2024-12-17 00:00:00+00:00
[2024-12-17T21:01:25.465+0000] {processor.py:208} INFO - Processing /home/airflow/.local/lib/python3.12/site-packages/airflow/example_dags/example_outlet_event_extra.py took 1.427 seconds
[2024-12-17T21:01:55.668+0000] {processor.py:186} INFO - Started process (PID=184) to work on /home/airflow/.local/lib/python3.12/site-packages/airflow/example_dags/example_outlet_event_extra.py
[2024-12-17T21:01:55.669+0000] {processor.py:914} INFO - Processing file /home/airflow/.local/lib/python3.12/site-packages/airflow/example_dags/example_outlet_event_extra.py for tasks to queue
[2024-12-17T21:01:55.672+0000] {logging_mixin.py:190} INFO - [2024-12-17T21:01:55.671+0000] {dagbag.py:588} INFO - Filling up the DagBag from /home/airflow/.local/lib/python3.12/site-packages/airflow/example_dags/example_outlet_event_extra.py
[2024-12-17T21:01:56.374+0000] {processor.py:925} INFO - DAG(s) 'dataset_with_extra_by_yield', 'dataset_with_extra_from_classic_operator', 'dataset_with_extra_by_context' retrieved from /home/airflow/.local/lib/python3.12/site-packages/airflow/example_dags/example_outlet_event_extra.py
[2024-12-17T21:01:56.400+0000] {logging_mixin.py:190} INFO - [2024-12-17T21:01:56.399+0000] {dag.py:3239} INFO - Sync 3 DAGs
[2024-12-17T21:01:56.424+0000] {logging_mixin.py:190} INFO - [2024-12-17T21:01:56.424+0000] {dag.py:4180} INFO - Setting next_dagrun for dataset_with_extra_by_context to 2024-12-16 00:00:00+00:00, run_after=2024-12-17 00:00:00+00:00
[2024-12-17T21:01:56.430+0000] {logging_mixin.py:190} INFO - [2024-12-17T21:01:56.430+0000] {dag.py:4180} INFO - Setting next_dagrun for dataset_with_extra_by_yield to 2024-12-16 00:00:00+00:00, run_after=2024-12-17 00:00:00+00:00
[2024-12-17T21:01:56.433+0000] {logging_mixin.py:190} INFO - [2024-12-17T21:01:56.433+0000] {dag.py:4180} INFO - Setting next_dagrun for dataset_with_extra_from_classic_operator to 2024-12-16 00:00:00+00:00, run_after=2024-12-17 00:00:00+00:00
[2024-12-17T21:01:56.452+0000] {processor.py:208} INFO - Processing /home/airflow/.local/lib/python3.12/site-packages/airflow/example_dags/example_outlet_event_extra.py took 0.789 seconds
[2024-12-17T21:02:27.457+0000] {processor.py:186} INFO - Started process (PID=256) to work on /home/airflow/.local/lib/python3.12/site-packages/airflow/example_dags/example_outlet_event_extra.py
[2024-12-17T21:02:27.459+0000] {processor.py:914} INFO - Processing file /home/airflow/.local/lib/python3.12/site-packages/airflow/example_dags/example_outlet_event_extra.py for tasks to queue
[2024-12-17T21:02:27.461+0000] {logging_mixin.py:190} INFO - [2024-12-17T21:02:27.460+0000] {dagbag.py:588} INFO - Filling up the DagBag from /home/airflow/.local/lib/python3.12/site-packages/airflow/example_dags/example_outlet_event_extra.py
[2024-12-17T21:02:28.032+0000] {processor.py:925} INFO - DAG(s) 'dataset_with_extra_by_context', 'dataset_with_extra_from_classic_operator', 'dataset_with_extra_by_yield' retrieved from /home/airflow/.local/lib/python3.12/site-packages/airflow/example_dags/example_outlet_event_extra.py
[2024-12-17T21:02:28.054+0000] {logging_mixin.py:190} INFO - [2024-12-17T21:02:28.054+0000] {dag.py:3239} INFO - Sync 3 DAGs
[2024-12-17T21:02:28.078+0000] {logging_mixin.py:190} INFO - [2024-12-17T21:02:28.078+0000] {dag.py:4180} INFO - Setting next_dagrun for dataset_with_extra_by_context to 2024-12-16 00:00:00+00:00, run_after=2024-12-17 00:00:00+00:00
[2024-12-17T21:02:28.083+0000] {logging_mixin.py:190} INFO - [2024-12-17T21:02:28.083+0000] {dag.py:4180} INFO - Setting next_dagrun for dataset_with_extra_by_yield to 2024-12-16 00:00:00+00:00, run_after=2024-12-17 00:00:00+00:00
[2024-12-17T21:02:28.086+0000] {logging_mixin.py:190} INFO - [2024-12-17T21:02:28.086+0000] {dag.py:4180} INFO - Setting next_dagrun for dataset_with_extra_from_classic_operator to 2024-12-16 00:00:00+00:00, run_after=2024-12-17 00:00:00+00:00
[2024-12-17T21:02:28.113+0000] {processor.py:208} INFO - Processing /home/airflow/.local/lib/python3.12/site-packages/airflow/example_dags/example_outlet_event_extra.py took 0.661 seconds
[2024-12-17T21:02:59.058+0000] {processor.py:186} INFO - Started process (PID=323) to work on /home/airflow/.local/lib/python3.12/site-packages/airflow/example_dags/example_outlet_event_extra.py
[2024-12-17T21:02:59.059+0000] {processor.py:914} INFO - Processing file /home/airflow/.local/lib/python3.12/site-packages/airflow/example_dags/example_outlet_event_extra.py for tasks to queue
[2024-12-17T21:02:59.062+0000] {logging_mixin.py:190} INFO - [2024-12-17T21:02:59.061+0000] {dagbag.py:588} INFO - Filling up the DagBag from /home/airflow/.local/lib/python3.12/site-packages/airflow/example_dags/example_outlet_event_extra.py
[2024-12-17T21:02:59.557+0000] {processor.py:925} INFO - DAG(s) 'dataset_with_extra_from_classic_operator', 'dataset_with_extra_by_yield', 'dataset_with_extra_by_context' retrieved from /home/airflow/.local/lib/python3.12/site-packages/airflow/example_dags/example_outlet_event_extra.py
[2024-12-17T21:02:59.578+0000] {logging_mixin.py:190} INFO - [2024-12-17T21:02:59.578+0000] {dag.py:3239} INFO - Sync 3 DAGs
[2024-12-17T21:02:59.599+0000] {logging_mixin.py:190} INFO - [2024-12-17T21:02:59.599+0000] {dag.py:4180} INFO - Setting next_dagrun for dataset_with_extra_by_context to 2024-12-16 00:00:00+00:00, run_after=2024-12-17 00:00:00+00:00
[2024-12-17T21:02:59.604+0000] {logging_mixin.py:190} INFO - [2024-12-17T21:02:59.604+0000] {dag.py:4180} INFO - Setting next_dagrun for dataset_with_extra_by_yield to 2024-12-16 00:00:00+00:00, run_after=2024-12-17 00:00:00+00:00
[2024-12-17T21:02:59.608+0000] {logging_mixin.py:190} INFO - [2024-12-17T21:02:59.608+0000] {dag.py:4180} INFO - Setting next_dagrun for dataset_with_extra_from_classic_operator to 2024-12-16 00:00:00+00:00, run_after=2024-12-17 00:00:00+00:00
[2024-12-17T21:02:59.633+0000] {processor.py:208} INFO - Processing /home/airflow/.local/lib/python3.12/site-packages/airflow/example_dags/example_outlet_event_extra.py took 0.581 seconds
[2024-12-17T21:03:30.038+0000] {processor.py:186} INFO - Started process (PID=387) to work on /home/airflow/.local/lib/python3.12/site-packages/airflow/example_dags/example_outlet_event_extra.py
[2024-12-17T21:03:30.039+0000] {processor.py:914} INFO - Processing file /home/airflow/.local/lib/python3.12/site-packages/airflow/example_dags/example_outlet_event_extra.py for tasks to queue
[2024-12-17T21:03:30.041+0000] {logging_mixin.py:190} INFO - [2024-12-17T21:03:30.041+0000] {dagbag.py:588} INFO - Filling up the DagBag from /home/airflow/.local/lib/python3.12/site-packages/airflow/example_dags/example_outlet_event_extra.py
[2024-12-17T21:03:30.533+0000] {processor.py:925} INFO - DAG(s) 'dataset_with_extra_by_context', 'dataset_with_extra_from_classic_operator', 'dataset_with_extra_by_yield' retrieved from /home/airflow/.local/lib/python3.12/site-packages/airflow/example_dags/example_outlet_event_extra.py
[2024-12-17T21:03:30.554+0000] {logging_mixin.py:190} INFO - [2024-12-17T21:03:30.554+0000] {dag.py:3239} INFO - Sync 3 DAGs
[2024-12-17T21:03:30.575+0000] {logging_mixin.py:190} INFO - [2024-12-17T21:03:30.575+0000] {dag.py:4180} INFO - Setting next_dagrun for dataset_with_extra_by_context to 2024-12-16 00:00:00+00:00, run_after=2024-12-17 00:00:00+00:00
[2024-12-17T21:03:30.580+0000] {logging_mixin.py:190} INFO - [2024-12-17T21:03:30.580+0000] {dag.py:4180} INFO - Setting next_dagrun for dataset_with_extra_by_yield to 2024-12-16 00:00:00+00:00, run_after=2024-12-17 00:00:00+00:00
[2024-12-17T21:03:30.583+0000] {logging_mixin.py:190} INFO - [2024-12-17T21:03:30.582+0000] {dag.py:4180} INFO - Setting next_dagrun for dataset_with_extra_from_classic_operator to 2024-12-16 00:00:00+00:00, run_after=2024-12-17 00:00:00+00:00
[2024-12-17T21:03:30.601+0000] {processor.py:208} INFO - Processing /home/airflow/.local/lib/python3.12/site-packages/airflow/example_dags/example_outlet_event_extra.py took 0.568 seconds
[2024-12-17T21:04:00.710+0000] {processor.py:186} INFO - Started process (PID=451) to work on /home/airflow/.local/lib/python3.12/site-packages/airflow/example_dags/example_outlet_event_extra.py
[2024-12-17T21:04:00.711+0000] {processor.py:914} INFO - Processing file /home/airflow/.local/lib/python3.12/site-packages/airflow/example_dags/example_outlet_event_extra.py for tasks to queue
[2024-12-17T21:04:00.713+0000] {logging_mixin.py:190} INFO - [2024-12-17T21:04:00.713+0000] {dagbag.py:588} INFO - Filling up the DagBag from /home/airflow/.local/lib/python3.12/site-packages/airflow/example_dags/example_outlet_event_extra.py
[2024-12-17T21:04:01.209+0000] {processor.py:925} INFO - DAG(s) 'dataset_with_extra_from_classic_operator', 'dataset_with_extra_by_yield', 'dataset_with_extra_by_context' retrieved from /home/airflow/.local/lib/python3.12/site-packages/airflow/example_dags/example_outlet_event_extra.py
[2024-12-17T21:04:01.232+0000] {logging_mixin.py:190} INFO - [2024-12-17T21:04:01.232+0000] {dag.py:3239} INFO - Sync 3 DAGs
[2024-12-17T21:04:01.256+0000] {logging_mixin.py:190} INFO - [2024-12-17T21:04:01.256+0000] {dag.py:4180} INFO - Setting next_dagrun for dataset_with_extra_by_context to 2024-12-16 00:00:00+00:00, run_after=2024-12-17 00:00:00+00:00
[2024-12-17T21:04:01.262+0000] {logging_mixin.py:190} INFO - [2024-12-17T21:04:01.261+0000] {dag.py:4180} INFO - Setting next_dagrun for dataset_with_extra_by_yield to 2024-12-16 00:00:00+00:00, run_after=2024-12-17 00:00:00+00:00
[2024-12-17T21:04:01.265+0000] {logging_mixin.py:190} INFO - [2024-12-17T21:04:01.265+0000] {dag.py:4180} INFO - Setting next_dagrun for dataset_with_extra_from_classic_operator to 2024-12-16 00:00:00+00:00, run_after=2024-12-17 00:00:00+00:00
[2024-12-17T21:04:01.294+0000] {processor.py:208} INFO - Processing /home/airflow/.local/lib/python3.12/site-packages/airflow/example_dags/example_outlet_event_extra.py took 0.589 seconds
[2024-12-17T21:04:31.394+0000] {processor.py:186} INFO - Started process (PID=515) to work on /home/airflow/.local/lib/python3.12/site-packages/airflow/example_dags/example_outlet_event_extra.py
[2024-12-17T21:04:31.395+0000] {processor.py:914} INFO - Processing file /home/airflow/.local/lib/python3.12/site-packages/airflow/example_dags/example_outlet_event_extra.py for tasks to queue
[2024-12-17T21:04:31.396+0000] {logging_mixin.py:190} INFO - [2024-12-17T21:04:31.396+0000] {dagbag.py:588} INFO - Filling up the DagBag from /home/airflow/.local/lib/python3.12/site-packages/airflow/example_dags/example_outlet_event_extra.py
[2024-12-17T21:04:32.106+0000] {processor.py:925} INFO - DAG(s) 'dataset_with_extra_by_yield', 'dataset_with_extra_by_context', 'dataset_with_extra_from_classic_operator' retrieved from /home/airflow/.local/lib/python3.12/site-packages/airflow/example_dags/example_outlet_event_extra.py
[2024-12-17T21:04:32.134+0000] {logging_mixin.py:190} INFO - [2024-12-17T21:04:32.134+0000] {dag.py:3239} INFO - Sync 3 DAGs
[2024-12-17T21:04:32.166+0000] {logging_mixin.py:190} INFO - [2024-12-17T21:04:32.166+0000] {dag.py:4180} INFO - Setting next_dagrun for dataset_with_extra_by_context to 2024-12-16 00:00:00+00:00, run_after=2024-12-17 00:00:00+00:00
[2024-12-17T21:04:32.172+0000] {logging_mixin.py:190} INFO - [2024-12-17T21:04:32.172+0000] {dag.py:4180} INFO - Setting next_dagrun for dataset_with_extra_by_yield to 2024-12-16 00:00:00+00:00, run_after=2024-12-17 00:00:00+00:00
[2024-12-17T21:04:32.175+0000] {logging_mixin.py:190} INFO - [2024-12-17T21:04:32.175+0000] {dag.py:4180} INFO - Setting next_dagrun for dataset_with_extra_from_classic_operator to 2024-12-16 00:00:00+00:00, run_after=2024-12-17 00:00:00+00:00
[2024-12-17T21:04:32.200+0000] {processor.py:208} INFO - Processing /home/airflow/.local/lib/python3.12/site-packages/airflow/example_dags/example_outlet_event_extra.py took 0.812 seconds
[2024-12-17T21:05:02.576+0000] {processor.py:186} INFO - Started process (PID=579) to work on /home/airflow/.local/lib/python3.12/site-packages/airflow/example_dags/example_outlet_event_extra.py
[2024-12-17T21:05:02.577+0000] {processor.py:914} INFO - Processing file /home/airflow/.local/lib/python3.12/site-packages/airflow/example_dags/example_outlet_event_extra.py for tasks to queue
[2024-12-17T21:05:02.579+0000] {logging_mixin.py:190} INFO - [2024-12-17T21:05:02.579+0000] {dagbag.py:588} INFO - Filling up the DagBag from /home/airflow/.local/lib/python3.12/site-packages/airflow/example_dags/example_outlet_event_extra.py
[2024-12-17T21:05:03.095+0000] {processor.py:925} INFO - DAG(s) 'dataset_with_extra_from_classic_operator', 'dataset_with_extra_by_yield', 'dataset_with_extra_by_context' retrieved from /home/airflow/.local/lib/python3.12/site-packages/airflow/example_dags/example_outlet_event_extra.py
[2024-12-17T21:05:03.116+0000] {logging_mixin.py:190} INFO - [2024-12-17T21:05:03.116+0000] {dag.py:3239} INFO - Sync 3 DAGs
[2024-12-17T21:05:03.138+0000] {logging_mixin.py:190} INFO - [2024-12-17T21:05:03.138+0000] {dag.py:4180} INFO - Setting next_dagrun for dataset_with_extra_by_context to 2024-12-16 00:00:00+00:00, run_after=2024-12-17 00:00:00+00:00
[2024-12-17T21:05:03.142+0000] {logging_mixin.py:190} INFO - [2024-12-17T21:05:03.142+0000] {dag.py:4180} INFO - Setting next_dagrun for dataset_with_extra_by_yield to 2024-12-16 00:00:00+00:00, run_after=2024-12-17 00:00:00+00:00
[2024-12-17T21:05:03.146+0000] {logging_mixin.py:190} INFO - [2024-12-17T21:05:03.146+0000] {dag.py:4180} INFO - Setting next_dagrun for dataset_with_extra_from_classic_operator to 2024-12-16 00:00:00+00:00, run_after=2024-12-17 00:00:00+00:00
[2024-12-17T21:05:03.166+0000] {processor.py:208} INFO - Processing /home/airflow/.local/lib/python3.12/site-packages/airflow/example_dags/example_outlet_event_extra.py took 0.595 seconds
[2024-12-17T21:05:33.482+0000] {processor.py:186} INFO - Started process (PID=643) to work on /home/airflow/.local/lib/python3.12/site-packages/airflow/example_dags/example_outlet_event_extra.py
[2024-12-17T21:05:33.483+0000] {processor.py:914} INFO - Processing file /home/airflow/.local/lib/python3.12/site-packages/airflow/example_dags/example_outlet_event_extra.py for tasks to queue
[2024-12-17T21:05:33.485+0000] {logging_mixin.py:190} INFO - [2024-12-17T21:05:33.484+0000] {dagbag.py:588} INFO - Filling up the DagBag from /home/airflow/.local/lib/python3.12/site-packages/airflow/example_dags/example_outlet_event_extra.py
[2024-12-17T21:05:34.007+0000] {processor.py:925} INFO - DAG(s) 'dataset_with_extra_from_classic_operator', 'dataset_with_extra_by_yield', 'dataset_with_extra_by_context' retrieved from /home/airflow/.local/lib/python3.12/site-packages/airflow/example_dags/example_outlet_event_extra.py
[2024-12-17T21:05:34.027+0000] {logging_mixin.py:190} INFO - [2024-12-17T21:05:34.027+0000] {dag.py:3239} INFO - Sync 3 DAGs
[2024-12-17T21:05:34.048+0000] {logging_mixin.py:190} INFO - [2024-12-17T21:05:34.048+0000] {dag.py:4180} INFO - Setting next_dagrun for dataset_with_extra_by_context to 2024-12-16 00:00:00+00:00, run_after=2024-12-17 00:00:00+00:00
[2024-12-17T21:05:34.053+0000] {logging_mixin.py:190} INFO - [2024-12-17T21:05:34.053+0000] {dag.py:4180} INFO - Setting next_dagrun for dataset_with_extra_by_yield to 2024-12-16 00:00:00+00:00, run_after=2024-12-17 00:00:00+00:00
[2024-12-17T21:05:34.055+0000] {logging_mixin.py:190} INFO - [2024-12-17T21:05:34.055+0000] {dag.py:4180} INFO - Setting next_dagrun for dataset_with_extra_from_classic_operator to 2024-12-16 00:00:00+00:00, run_after=2024-12-17 00:00:00+00:00
[2024-12-17T21:05:34.085+0000] {processor.py:208} INFO - Processing /home/airflow/.local/lib/python3.12/site-packages/airflow/example_dags/example_outlet_event_extra.py took 0.609 seconds
[2024-12-17T21:06:04.129+0000] {processor.py:186} INFO - Started process (PID=707) to work on /home/airflow/.local/lib/python3.12/site-packages/airflow/example_dags/example_outlet_event_extra.py
[2024-12-17T21:06:04.130+0000] {processor.py:914} INFO - Processing file /home/airflow/.local/lib/python3.12/site-packages/airflow/example_dags/example_outlet_event_extra.py for tasks to queue
[2024-12-17T21:06:04.131+0000] {logging_mixin.py:190} INFO - [2024-12-17T21:06:04.131+0000] {dagbag.py:588} INFO - Filling up the DagBag from /home/airflow/.local/lib/python3.12/site-packages/airflow/example_dags/example_outlet_event_extra.py
[2024-12-17T21:06:04.658+0000] {processor.py:925} INFO - DAG(s) 'dataset_with_extra_from_classic_operator', 'dataset_with_extra_by_yield', 'dataset_with_extra_by_context' retrieved from /home/airflow/.local/lib/python3.12/site-packages/airflow/example_dags/example_outlet_event_extra.py
[2024-12-17T21:06:04.684+0000] {logging_mixin.py:190} INFO - [2024-12-17T21:06:04.684+0000] {dag.py:3239} INFO - Sync 3 DAGs
[2024-12-17T21:06:04.709+0000] {logging_mixin.py:190} INFO - [2024-12-17T21:06:04.709+0000] {dag.py:4180} INFO - Setting next_dagrun for dataset_with_extra_by_context to 2024-12-16 00:00:00+00:00, run_after=2024-12-17 00:00:00+00:00
[2024-12-17T21:06:04.714+0000] {logging_mixin.py:190} INFO - [2024-12-17T21:06:04.714+0000] {dag.py:4180} INFO - Setting next_dagrun for dataset_with_extra_by_yield to 2024-12-16 00:00:00+00:00, run_after=2024-12-17 00:00:00+00:00
[2024-12-17T21:06:04.717+0000] {logging_mixin.py:190} INFO - [2024-12-17T21:06:04.717+0000] {dag.py:4180} INFO - Setting next_dagrun for dataset_with_extra_from_classic_operator to 2024-12-16 00:00:00+00:00, run_after=2024-12-17 00:00:00+00:00
[2024-12-17T21:06:04.744+0000] {processor.py:208} INFO - Processing /home/airflow/.local/lib/python3.12/site-packages/airflow/example_dags/example_outlet_event_extra.py took 0.620 seconds
[2024-12-17T21:06:35.441+0000] {processor.py:186} INFO - Started process (PID=771) to work on /home/airflow/.local/lib/python3.12/site-packages/airflow/example_dags/example_outlet_event_extra.py
[2024-12-17T21:06:35.442+0000] {processor.py:914} INFO - Processing file /home/airflow/.local/lib/python3.12/site-packages/airflow/example_dags/example_outlet_event_extra.py for tasks to queue
[2024-12-17T21:06:35.443+0000] {logging_mixin.py:190} INFO - [2024-12-17T21:06:35.443+0000] {dagbag.py:588} INFO - Filling up the DagBag from /home/airflow/.local/lib/python3.12/site-packages/airflow/example_dags/example_outlet_event_extra.py
[2024-12-17T21:06:35.983+0000] {processor.py:925} INFO - DAG(s) 'dataset_with_extra_by_context', 'dataset_with_extra_from_classic_operator', 'dataset_with_extra_by_yield' retrieved from /home/airflow/.local/lib/python3.12/site-packages/airflow/example_dags/example_outlet_event_extra.py
[2024-12-17T21:06:36.008+0000] {logging_mixin.py:190} INFO - [2024-12-17T21:06:36.008+0000] {dag.py:3239} INFO - Sync 3 DAGs
[2024-12-17T21:06:36.040+0000] {logging_mixin.py:190} INFO - [2024-12-17T21:06:36.039+0000] {dag.py:4180} INFO - Setting next_dagrun for dataset_with_extra_by_context to 2024-12-16 00:00:00+00:00, run_after=2024-12-17 00:00:00+00:00
[2024-12-17T21:06:36.045+0000] {logging_mixin.py:190} INFO - [2024-12-17T21:06:36.045+0000] {dag.py:4180} INFO - Setting next_dagrun for dataset_with_extra_by_yield to 2024-12-16 00:00:00+00:00, run_after=2024-12-17 00:00:00+00:00
[2024-12-17T21:06:36.048+0000] {logging_mixin.py:190} INFO - [2024-12-17T21:06:36.048+0000] {dag.py:4180} INFO - Setting next_dagrun for dataset_with_extra_from_classic_operator to 2024-12-16 00:00:00+00:00, run_after=2024-12-17 00:00:00+00:00
[2024-12-17T21:06:36.077+0000] {processor.py:208} INFO - Processing /home/airflow/.local/lib/python3.12/site-packages/airflow/example_dags/example_outlet_event_extra.py took 0.641 seconds
[2024-12-17T21:07:07.004+0000] {processor.py:186} INFO - Started process (PID=835) to work on /home/airflow/.local/lib/python3.12/site-packages/airflow/example_dags/example_outlet_event_extra.py
[2024-12-17T21:07:07.005+0000] {processor.py:914} INFO - Processing file /home/airflow/.local/lib/python3.12/site-packages/airflow/example_dags/example_outlet_event_extra.py for tasks to queue
[2024-12-17T21:07:07.007+0000] {logging_mixin.py:190} INFO - [2024-12-17T21:07:07.006+0000] {dagbag.py:588} INFO - Filling up the DagBag from /home/airflow/.local/lib/python3.12/site-packages/airflow/example_dags/example_outlet_event_extra.py
[2024-12-17T21:07:07.526+0000] {processor.py:925} INFO - DAG(s) 'dataset_with_extra_by_context', 'dataset_with_extra_from_classic_operator', 'dataset_with_extra_by_yield' retrieved from /home/airflow/.local/lib/python3.12/site-packages/airflow/example_dags/example_outlet_event_extra.py
[2024-12-17T21:07:07.547+0000] {logging_mixin.py:190} INFO - [2024-12-17T21:07:07.546+0000] {dag.py:3239} INFO - Sync 3 DAGs
[2024-12-17T21:07:07.569+0000] {logging_mixin.py:190} INFO - [2024-12-17T21:07:07.569+0000] {dag.py:4180} INFO - Setting next_dagrun for dataset_with_extra_by_context to 2024-12-16 00:00:00+00:00, run_after=2024-12-17 00:00:00+00:00
[2024-12-17T21:07:07.574+0000] {logging_mixin.py:190} INFO - [2024-12-17T21:07:07.573+0000] {dag.py:4180} INFO - Setting next_dagrun for dataset_with_extra_by_yield to 2024-12-16 00:00:00+00:00, run_after=2024-12-17 00:00:00+00:00
[2024-12-17T21:07:07.576+0000] {logging_mixin.py:190} INFO - [2024-12-17T21:07:07.576+0000] {dag.py:4180} INFO - Setting next_dagrun for dataset_with_extra_from_classic_operator to 2024-12-16 00:00:00+00:00, run_after=2024-12-17 00:00:00+00:00
[2024-12-17T21:07:07.594+0000] {processor.py:208} INFO - Processing /home/airflow/.local/lib/python3.12/site-packages/airflow/example_dags/example_outlet_event_extra.py took 0.596 seconds
[2024-12-17T21:07:38.023+0000] {processor.py:186} INFO - Started process (PID=899) to work on /home/airflow/.local/lib/python3.12/site-packages/airflow/example_dags/example_outlet_event_extra.py
[2024-12-17T21:07:38.024+0000] {processor.py:914} INFO - Processing file /home/airflow/.local/lib/python3.12/site-packages/airflow/example_dags/example_outlet_event_extra.py for tasks to queue
[2024-12-17T21:07:38.025+0000] {logging_mixin.py:190} INFO - [2024-12-17T21:07:38.025+0000] {dagbag.py:588} INFO - Filling up the DagBag from /home/airflow/.local/lib/python3.12/site-packages/airflow/example_dags/example_outlet_event_extra.py
[2024-12-17T21:07:38.582+0000] {processor.py:925} INFO - DAG(s) 'dataset_with_extra_by_context', 'dataset_with_extra_from_classic_operator', 'dataset_with_extra_by_yield' retrieved from /home/airflow/.local/lib/python3.12/site-packages/airflow/example_dags/example_outlet_event_extra.py
[2024-12-17T21:07:38.607+0000] {logging_mixin.py:190} INFO - [2024-12-17T21:07:38.607+0000] {dag.py:3239} INFO - Sync 3 DAGs
[2024-12-17T21:07:38.629+0000] {logging_mixin.py:190} INFO - [2024-12-17T21:07:38.628+0000] {dag.py:4180} INFO - Setting next_dagrun for dataset_with_extra_by_context to 2024-12-16 00:00:00+00:00, run_after=2024-12-17 00:00:00+00:00
[2024-12-17T21:07:38.633+0000] {logging_mixin.py:190} INFO - [2024-12-17T21:07:38.633+0000] {dag.py:4180} INFO - Setting next_dagrun for dataset_with_extra_by_yield to 2024-12-16 00:00:00+00:00, run_after=2024-12-17 00:00:00+00:00
[2024-12-17T21:07:38.637+0000] {logging_mixin.py:190} INFO - [2024-12-17T21:07:38.637+0000] {dag.py:4180} INFO - Setting next_dagrun for dataset_with_extra_from_classic_operator to 2024-12-16 00:00:00+00:00, run_after=2024-12-17 00:00:00+00:00
[2024-12-17T21:07:38.663+0000] {processor.py:208} INFO - Processing /home/airflow/.local/lib/python3.12/site-packages/airflow/example_dags/example_outlet_event_extra.py took 0.647 seconds
[2024-12-17T21:08:09.340+0000] {processor.py:186} INFO - Started process (PID=963) to work on /home/airflow/.local/lib/python3.12/site-packages/airflow/example_dags/example_outlet_event_extra.py
[2024-12-17T21:08:09.341+0000] {processor.py:914} INFO - Processing file /home/airflow/.local/lib/python3.12/site-packages/airflow/example_dags/example_outlet_event_extra.py for tasks to queue
[2024-12-17T21:08:09.343+0000] {logging_mixin.py:190} INFO - [2024-12-17T21:08:09.343+0000] {dagbag.py:588} INFO - Filling up the DagBag from /home/airflow/.local/lib/python3.12/site-packages/airflow/example_dags/example_outlet_event_extra.py
[2024-12-17T21:08:10.067+0000] {processor.py:925} INFO - DAG(s) 'dataset_with_extra_from_classic_operator', 'dataset_with_extra_by_yield', 'dataset_with_extra_by_context' retrieved from /home/airflow/.local/lib/python3.12/site-packages/airflow/example_dags/example_outlet_event_extra.py
[2024-12-17T21:08:10.096+0000] {logging_mixin.py:190} INFO - [2024-12-17T21:08:10.096+0000] {dag.py:3239} INFO - Sync 3 DAGs
[2024-12-17T21:08:10.121+0000] {logging_mixin.py:190} INFO - [2024-12-17T21:08:10.121+0000] {dag.py:4180} INFO - Setting next_dagrun for dataset_with_extra_by_context to 2024-12-16 00:00:00+00:00, run_after=2024-12-17 00:00:00+00:00
[2024-12-17T21:08:10.127+0000] {logging_mixin.py:190} INFO - [2024-12-17T21:08:10.126+0000] {dag.py:4180} INFO - Setting next_dagrun for dataset_with_extra_by_yield to 2024-12-16 00:00:00+00:00, run_after=2024-12-17 00:00:00+00:00
[2024-12-17T21:08:10.130+0000] {logging_mixin.py:190} INFO - [2024-12-17T21:08:10.129+0000] {dag.py:4180} INFO - Setting next_dagrun for dataset_with_extra_from_classic_operator to 2024-12-16 00:00:00+00:00, run_after=2024-12-17 00:00:00+00:00
[2024-12-17T21:08:10.157+0000] {processor.py:208} INFO - Processing /home/airflow/.local/lib/python3.12/site-packages/airflow/example_dags/example_outlet_event_extra.py took 0.824 seconds
[2024-12-17T21:08:40.494+0000] {processor.py:186} INFO - Started process (PID=1028) to work on /home/airflow/.local/lib/python3.12/site-packages/airflow/example_dags/example_outlet_event_extra.py
[2024-12-17T21:08:40.495+0000] {processor.py:914} INFO - Processing file /home/airflow/.local/lib/python3.12/site-packages/airflow/example_dags/example_outlet_event_extra.py for tasks to queue
[2024-12-17T21:08:40.497+0000] {logging_mixin.py:190} INFO - [2024-12-17T21:08:40.496+0000] {dagbag.py:588} INFO - Filling up the DagBag from /home/airflow/.local/lib/python3.12/site-packages/airflow/example_dags/example_outlet_event_extra.py
[2024-12-17T21:08:41.010+0000] {processor.py:925} INFO - DAG(s) 'dataset_with_extra_from_classic_operator', 'dataset_with_extra_by_yield', 'dataset_with_extra_by_context' retrieved from /home/airflow/.local/lib/python3.12/site-packages/airflow/example_dags/example_outlet_event_extra.py
[2024-12-17T21:08:41.041+0000] {logging_mixin.py:190} INFO - [2024-12-17T21:08:41.041+0000] {dag.py:3239} INFO - Sync 3 DAGs
[2024-12-17T21:08:41.066+0000] {logging_mixin.py:190} INFO - [2024-12-17T21:08:41.066+0000] {dag.py:4180} INFO - Setting next_dagrun for dataset_with_extra_by_context to 2024-12-16 00:00:00+00:00, run_after=2024-12-17 00:00:00+00:00
[2024-12-17T21:08:41.071+0000] {logging_mixin.py:190} INFO - [2024-12-17T21:08:41.071+0000] {dag.py:4180} INFO - Setting next_dagrun for dataset_with_extra_by_yield to 2024-12-16 00:00:00+00:00, run_after=2024-12-17 00:00:00+00:00
[2024-12-17T21:08:41.074+0000] {logging_mixin.py:190} INFO - [2024-12-17T21:08:41.074+0000] {dag.py:4180} INFO - Setting next_dagrun for dataset_with_extra_from_classic_operator to 2024-12-16 00:00:00+00:00, run_after=2024-12-17 00:00:00+00:00
[2024-12-17T21:08:41.100+0000] {processor.py:208} INFO - Processing /home/airflow/.local/lib/python3.12/site-packages/airflow/example_dags/example_outlet_event_extra.py took 0.611 seconds
[2024-12-17T21:09:11.298+0000] {processor.py:186} INFO - Started process (PID=1093) to work on /home/airflow/.local/lib/python3.12/site-packages/airflow/example_dags/example_outlet_event_extra.py
[2024-12-17T21:09:11.299+0000] {processor.py:914} INFO - Processing file /home/airflow/.local/lib/python3.12/site-packages/airflow/example_dags/example_outlet_event_extra.py for tasks to queue
[2024-12-17T21:09:11.300+0000] {logging_mixin.py:190} INFO - [2024-12-17T21:09:11.300+0000] {dagbag.py:588} INFO - Filling up the DagBag from /home/airflow/.local/lib/python3.12/site-packages/airflow/example_dags/example_outlet_event_extra.py
[2024-12-17T21:09:11.786+0000] {processor.py:925} INFO - DAG(s) 'dataset_with_extra_from_classic_operator', 'dataset_with_extra_by_context', 'dataset_with_extra_by_yield' retrieved from /home/airflow/.local/lib/python3.12/site-packages/airflow/example_dags/example_outlet_event_extra.py
[2024-12-17T21:09:11.806+0000] {logging_mixin.py:190} INFO - [2024-12-17T21:09:11.806+0000] {dag.py:3239} INFO - Sync 3 DAGs
[2024-12-17T21:09:11.828+0000] {logging_mixin.py:190} INFO - [2024-12-17T21:09:11.827+0000] {dag.py:4180} INFO - Setting next_dagrun for dataset_with_extra_by_context to 2024-12-16 00:00:00+00:00, run_after=2024-12-17 00:00:00+00:00
[2024-12-17T21:09:11.832+0000] {logging_mixin.py:190} INFO - [2024-12-17T21:09:11.832+0000] {dag.py:4180} INFO - Setting next_dagrun for dataset_with_extra_by_yield to 2024-12-16 00:00:00+00:00, run_after=2024-12-17 00:00:00+00:00
[2024-12-17T21:09:11.835+0000] {logging_mixin.py:190} INFO - [2024-12-17T21:09:11.834+0000] {dag.py:4180} INFO - Setting next_dagrun for dataset_with_extra_from_classic_operator to 2024-12-16 00:00:00+00:00, run_after=2024-12-17 00:00:00+00:00
[2024-12-17T21:09:11.851+0000] {processor.py:208} INFO - Processing /home/airflow/.local/lib/python3.12/site-packages/airflow/example_dags/example_outlet_event_extra.py took 0.559 seconds
[2024-12-17T21:09:42.064+0000] {processor.py:186} INFO - Started process (PID=1152) to work on /home/airflow/.local/lib/python3.12/site-packages/airflow/example_dags/example_outlet_event_extra.py
[2024-12-17T21:09:42.065+0000] {processor.py:914} INFO - Processing file /home/airflow/.local/lib/python3.12/site-packages/airflow/example_dags/example_outlet_event_extra.py for tasks to queue
[2024-12-17T21:09:42.066+0000] {logging_mixin.py:190} INFO - [2024-12-17T21:09:42.066+0000] {dagbag.py:588} INFO - Filling up the DagBag from /home/airflow/.local/lib/python3.12/site-packages/airflow/example_dags/example_outlet_event_extra.py
[2024-12-17T21:09:42.798+0000] {processor.py:925} INFO - DAG(s) 'dataset_with_extra_by_yield', 'dataset_with_extra_by_context', 'dataset_with_extra_from_classic_operator' retrieved from /home/airflow/.local/lib/python3.12/site-packages/airflow/example_dags/example_outlet_event_extra.py
[2024-12-17T21:09:42.826+0000] {logging_mixin.py:190} INFO - [2024-12-17T21:09:42.825+0000] {dag.py:3239} INFO - Sync 3 DAGs
[2024-12-17T21:09:42.861+0000] {logging_mixin.py:190} INFO - [2024-12-17T21:09:42.861+0000] {dag.py:4180} INFO - Setting next_dagrun for dataset_with_extra_by_context to 2024-12-16 00:00:00+00:00, run_after=2024-12-17 00:00:00+00:00
[2024-12-17T21:09:42.869+0000] {logging_mixin.py:190} INFO - [2024-12-17T21:09:42.869+0000] {dag.py:4180} INFO - Setting next_dagrun for dataset_with_extra_by_yield to 2024-12-16 00:00:00+00:00, run_after=2024-12-17 00:00:00+00:00
[2024-12-17T21:09:42.873+0000] {logging_mixin.py:190} INFO - [2024-12-17T21:09:42.873+0000] {dag.py:4180} INFO - Setting next_dagrun for dataset_with_extra_from_classic_operator to 2024-12-16 00:00:00+00:00, run_after=2024-12-17 00:00:00+00:00
[2024-12-17T21:09:42.906+0000] {processor.py:208} INFO - Processing /home/airflow/.local/lib/python3.12/site-packages/airflow/example_dags/example_outlet_event_extra.py took 0.848 seconds
[2024-12-17T21:10:13.426+0000] {processor.py:186} INFO - Started process (PID=1222) to work on /home/airflow/.local/lib/python3.12/site-packages/airflow/example_dags/example_outlet_event_extra.py
[2024-12-17T21:10:13.428+0000] {processor.py:914} INFO - Processing file /home/airflow/.local/lib/python3.12/site-packages/airflow/example_dags/example_outlet_event_extra.py for tasks to queue
[2024-12-17T21:10:13.429+0000] {logging_mixin.py:190} INFO - [2024-12-17T21:10:13.429+0000] {dagbag.py:588} INFO - Filling up the DagBag from /home/airflow/.local/lib/python3.12/site-packages/airflow/example_dags/example_outlet_event_extra.py
[2024-12-17T21:10:14.038+0000] {processor.py:925} INFO - DAG(s) 'dataset_with_extra_by_yield', 'dataset_with_extra_by_context', 'dataset_with_extra_from_classic_operator' retrieved from /home/airflow/.local/lib/python3.12/site-packages/airflow/example_dags/example_outlet_event_extra.py
[2024-12-17T21:10:14.062+0000] {logging_mixin.py:190} INFO - [2024-12-17T21:10:14.062+0000] {dag.py:3239} INFO - Sync 3 DAGs
[2024-12-17T21:10:14.088+0000] {logging_mixin.py:190} INFO - [2024-12-17T21:10:14.088+0000] {dag.py:4180} INFO - Setting next_dagrun for dataset_with_extra_by_context to 2024-12-16 00:00:00+00:00, run_after=2024-12-17 00:00:00+00:00
[2024-12-17T21:10:14.094+0000] {logging_mixin.py:190} INFO - [2024-12-17T21:10:14.094+0000] {dag.py:4180} INFO - Setting next_dagrun for dataset_with_extra_by_yield to 2024-12-16 00:00:00+00:00, run_after=2024-12-17 00:00:00+00:00
[2024-12-17T21:10:14.098+0000] {logging_mixin.py:190} INFO - [2024-12-17T21:10:14.097+0000] {dag.py:4180} INFO - Setting next_dagrun for dataset_with_extra_from_classic_operator to 2024-12-16 00:00:00+00:00, run_after=2024-12-17 00:00:00+00:00
[2024-12-17T21:10:14.122+0000] {processor.py:208} INFO - Processing /home/airflow/.local/lib/python3.12/site-packages/airflow/example_dags/example_outlet_event_extra.py took 0.703 seconds
[2024-12-17T21:10:44.770+0000] {processor.py:186} INFO - Started process (PID=1286) to work on /home/airflow/.local/lib/python3.12/site-packages/airflow/example_dags/example_outlet_event_extra.py
[2024-12-17T21:10:44.771+0000] {processor.py:914} INFO - Processing file /home/airflow/.local/lib/python3.12/site-packages/airflow/example_dags/example_outlet_event_extra.py for tasks to queue
[2024-12-17T21:10:44.772+0000] {logging_mixin.py:190} INFO - [2024-12-17T21:10:44.772+0000] {dagbag.py:588} INFO - Filling up the DagBag from /home/airflow/.local/lib/python3.12/site-packages/airflow/example_dags/example_outlet_event_extra.py
[2024-12-17T21:10:45.313+0000] {processor.py:925} INFO - DAG(s) 'dataset_with_extra_by_context', 'dataset_with_extra_from_classic_operator', 'dataset_with_extra_by_yield' retrieved from /home/airflow/.local/lib/python3.12/site-packages/airflow/example_dags/example_outlet_event_extra.py
[2024-12-17T21:10:45.337+0000] {logging_mixin.py:190} INFO - [2024-12-17T21:10:45.337+0000] {dag.py:3239} INFO - Sync 3 DAGs
[2024-12-17T21:10:45.359+0000] {logging_mixin.py:190} INFO - [2024-12-17T21:10:45.359+0000] {dag.py:4180} INFO - Setting next_dagrun for dataset_with_extra_by_context to 2024-12-16 00:00:00+00:00, run_after=2024-12-17 00:00:00+00:00
[2024-12-17T21:10:45.364+0000] {logging_mixin.py:190} INFO - [2024-12-17T21:10:45.364+0000] {dag.py:4180} INFO - Setting next_dagrun for dataset_with_extra_by_yield to 2024-12-16 00:00:00+00:00, run_after=2024-12-17 00:00:00+00:00
[2024-12-17T21:10:45.367+0000] {logging_mixin.py:190} INFO - [2024-12-17T21:10:45.367+0000] {dag.py:4180} INFO - Setting next_dagrun for dataset_with_extra_from_classic_operator to 2024-12-16 00:00:00+00:00, run_after=2024-12-17 00:00:00+00:00
[2024-12-17T21:10:45.388+0000] {processor.py:208} INFO - Processing /home/airflow/.local/lib/python3.12/site-packages/airflow/example_dags/example_outlet_event_extra.py took 0.624 seconds
[2024-12-17T21:11:15.962+0000] {processor.py:186} INFO - Started process (PID=1350) to work on /home/airflow/.local/lib/python3.12/site-packages/airflow/example_dags/example_outlet_event_extra.py
[2024-12-17T21:11:15.963+0000] {processor.py:914} INFO - Processing file /home/airflow/.local/lib/python3.12/site-packages/airflow/example_dags/example_outlet_event_extra.py for tasks to queue
[2024-12-17T21:11:15.964+0000] {logging_mixin.py:190} INFO - [2024-12-17T21:11:15.964+0000] {dagbag.py:588} INFO - Filling up the DagBag from /home/airflow/.local/lib/python3.12/site-packages/airflow/example_dags/example_outlet_event_extra.py
[2024-12-17T21:11:16.492+0000] {processor.py:925} INFO - DAG(s) 'dataset_with_extra_from_classic_operator', 'dataset_with_extra_by_context', 'dataset_with_extra_by_yield' retrieved from /home/airflow/.local/lib/python3.12/site-packages/airflow/example_dags/example_outlet_event_extra.py
[2024-12-17T21:11:16.519+0000] {logging_mixin.py:190} INFO - [2024-12-17T21:11:16.518+0000] {dag.py:3239} INFO - Sync 3 DAGs
[2024-12-17T21:11:16.559+0000] {logging_mixin.py:190} INFO - [2024-12-17T21:11:16.558+0000] {dag.py:4180} INFO - Setting next_dagrun for dataset_with_extra_by_context to 2024-12-16 00:00:00+00:00, run_after=2024-12-17 00:00:00+00:00
[2024-12-17T21:11:16.568+0000] {logging_mixin.py:190} INFO - [2024-12-17T21:11:16.567+0000] {dag.py:4180} INFO - Setting next_dagrun for dataset_with_extra_by_yield to 2024-12-16 00:00:00+00:00, run_after=2024-12-17 00:00:00+00:00
[2024-12-17T21:11:16.574+0000] {logging_mixin.py:190} INFO - [2024-12-17T21:11:16.574+0000] {dag.py:4180} INFO - Setting next_dagrun for dataset_with_extra_from_classic_operator to 2024-12-16 00:00:00+00:00, run_after=2024-12-17 00:00:00+00:00
[2024-12-17T21:11:16.609+0000] {processor.py:208} INFO - Processing /home/airflow/.local/lib/python3.12/site-packages/airflow/example_dags/example_outlet_event_extra.py took 0.652 seconds
[2024-12-17T21:11:47.301+0000] {processor.py:186} INFO - Started process (PID=1408) to work on /home/airflow/.local/lib/python3.12/site-packages/airflow/example_dags/example_outlet_event_extra.py
[2024-12-17T21:11:47.303+0000] {processor.py:914} INFO - Processing file /home/airflow/.local/lib/python3.12/site-packages/airflow/example_dags/example_outlet_event_extra.py for tasks to queue
[2024-12-17T21:11:47.304+0000] {logging_mixin.py:190} INFO - [2024-12-17T21:11:47.304+0000] {dagbag.py:588} INFO - Filling up the DagBag from /home/airflow/.local/lib/python3.12/site-packages/airflow/example_dags/example_outlet_event_extra.py
[2024-12-17T21:11:47.871+0000] {processor.py:925} INFO - DAG(s) 'dataset_with_extra_by_context', 'dataset_with_extra_from_classic_operator', 'dataset_with_extra_by_yield' retrieved from /home/airflow/.local/lib/python3.12/site-packages/airflow/example_dags/example_outlet_event_extra.py
[2024-12-17T21:11:47.896+0000] {logging_mixin.py:190} INFO - [2024-12-17T21:11:47.896+0000] {dag.py:3239} INFO - Sync 3 DAGs
[2024-12-17T21:11:47.919+0000] {logging_mixin.py:190} INFO - [2024-12-17T21:11:47.918+0000] {dag.py:4180} INFO - Setting next_dagrun for dataset_with_extra_by_context to 2024-12-16 00:00:00+00:00, run_after=2024-12-17 00:00:00+00:00
[2024-12-17T21:11:47.924+0000] {logging_mixin.py:190} INFO - [2024-12-17T21:11:47.924+0000] {dag.py:4180} INFO - Setting next_dagrun for dataset_with_extra_by_yield to 2024-12-16 00:00:00+00:00, run_after=2024-12-17 00:00:00+00:00
[2024-12-17T21:11:47.927+0000] {logging_mixin.py:190} INFO - [2024-12-17T21:11:47.927+0000] {dag.py:4180} INFO - Setting next_dagrun for dataset_with_extra_from_classic_operator to 2024-12-16 00:00:00+00:00, run_after=2024-12-17 00:00:00+00:00
[2024-12-17T21:11:47.947+0000] {processor.py:208} INFO - Processing /home/airflow/.local/lib/python3.12/site-packages/airflow/example_dags/example_outlet_event_extra.py took 0.651 seconds
[2024-12-17T21:12:18.521+0000] {processor.py:186} INFO - Started process (PID=1473) to work on /home/airflow/.local/lib/python3.12/site-packages/airflow/example_dags/example_outlet_event_extra.py
[2024-12-17T21:12:18.522+0000] {processor.py:914} INFO - Processing file /home/airflow/.local/lib/python3.12/site-packages/airflow/example_dags/example_outlet_event_extra.py for tasks to queue
[2024-12-17T21:12:18.523+0000] {logging_mixin.py:190} INFO - [2024-12-17T21:12:18.523+0000] {dagbag.py:588} INFO - Filling up the DagBag from /home/airflow/.local/lib/python3.12/site-packages/airflow/example_dags/example_outlet_event_extra.py
[2024-12-17T21:12:19.082+0000] {processor.py:925} INFO - DAG(s) 'dataset_with_extra_by_yield', 'dataset_with_extra_from_classic_operator', 'dataset_with_extra_by_context' retrieved from /home/airflow/.local/lib/python3.12/site-packages/airflow/example_dags/example_outlet_event_extra.py
[2024-12-17T21:12:19.109+0000] {logging_mixin.py:190} INFO - [2024-12-17T21:12:19.108+0000] {dag.py:3239} INFO - Sync 3 DAGs
[2024-12-17T21:12:19.148+0000] {logging_mixin.py:190} INFO - [2024-12-17T21:12:19.147+0000] {dag.py:4180} INFO - Setting next_dagrun for dataset_with_extra_by_context to 2024-12-16 00:00:00+00:00, run_after=2024-12-17 00:00:00+00:00
[2024-12-17T21:12:19.154+0000] {logging_mixin.py:190} INFO - [2024-12-17T21:12:19.154+0000] {dag.py:4180} INFO - Setting next_dagrun for dataset_with_extra_by_yield to 2024-12-16 00:00:00+00:00, run_after=2024-12-17 00:00:00+00:00
[2024-12-17T21:12:19.159+0000] {logging_mixin.py:190} INFO - [2024-12-17T21:12:19.159+0000] {dag.py:4180} INFO - Setting next_dagrun for dataset_with_extra_from_classic_operator to 2024-12-16 00:00:00+00:00, run_after=2024-12-17 00:00:00+00:00
[2024-12-17T21:12:19.187+0000] {processor.py:208} INFO - Processing /home/airflow/.local/lib/python3.12/site-packages/airflow/example_dags/example_outlet_event_extra.py took 0.671 seconds
[2024-12-17T21:12:49.686+0000] {processor.py:186} INFO - Started process (PID=1537) to work on /home/airflow/.local/lib/python3.12/site-packages/airflow/example_dags/example_outlet_event_extra.py
[2024-12-17T21:12:49.687+0000] {processor.py:914} INFO - Processing file /home/airflow/.local/lib/python3.12/site-packages/airflow/example_dags/example_outlet_event_extra.py for tasks to queue
[2024-12-17T21:12:49.688+0000] {logging_mixin.py:190} INFO - [2024-12-17T21:12:49.688+0000] {dagbag.py:588} INFO - Filling up the DagBag from /home/airflow/.local/lib/python3.12/site-packages/airflow/example_dags/example_outlet_event_extra.py
[2024-12-17T21:12:50.319+0000] {processor.py:925} INFO - DAG(s) 'dataset_with_extra_by_yield', 'dataset_with_extra_by_context', 'dataset_with_extra_from_classic_operator' retrieved from /home/airflow/.local/lib/python3.12/site-packages/airflow/example_dags/example_outlet_event_extra.py
[2024-12-17T21:12:50.346+0000] {logging_mixin.py:190} INFO - [2024-12-17T21:12:50.346+0000] {dag.py:3239} INFO - Sync 3 DAGs
[2024-12-17T21:12:50.371+0000] {logging_mixin.py:190} INFO - [2024-12-17T21:12:50.371+0000] {dag.py:4180} INFO - Setting next_dagrun for dataset_with_extra_by_context to 2024-12-16 00:00:00+00:00, run_after=2024-12-17 00:00:00+00:00
[2024-12-17T21:12:50.376+0000] {logging_mixin.py:190} INFO - [2024-12-17T21:12:50.376+0000] {dag.py:4180} INFO - Setting next_dagrun for dataset_with_extra_by_yield to 2024-12-16 00:00:00+00:00, run_after=2024-12-17 00:00:00+00:00
[2024-12-17T21:12:50.379+0000] {logging_mixin.py:190} INFO - [2024-12-17T21:12:50.379+0000] {dag.py:4180} INFO - Setting next_dagrun for dataset_with_extra_from_classic_operator to 2024-12-16 00:00:00+00:00, run_after=2024-12-17 00:00:00+00:00
[2024-12-17T21:12:50.398+0000] {processor.py:208} INFO - Processing /home/airflow/.local/lib/python3.12/site-packages/airflow/example_dags/example_outlet_event_extra.py took 0.720 seconds
[2024-12-17T21:13:20.788+0000] {processor.py:186} INFO - Started process (PID=1602) to work on /home/airflow/.local/lib/python3.12/site-packages/airflow/example_dags/example_outlet_event_extra.py
[2024-12-17T21:13:20.789+0000] {processor.py:914} INFO - Processing file /home/airflow/.local/lib/python3.12/site-packages/airflow/example_dags/example_outlet_event_extra.py for tasks to queue
[2024-12-17T21:13:20.790+0000] {logging_mixin.py:190} INFO - [2024-12-17T21:13:20.790+0000] {dagbag.py:588} INFO - Filling up the DagBag from /home/airflow/.local/lib/python3.12/site-packages/airflow/example_dags/example_outlet_event_extra.py
[2024-12-17T21:13:21.308+0000] {processor.py:925} INFO - DAG(s) 'dataset_with_extra_by_yield', 'dataset_with_extra_by_context', 'dataset_with_extra_from_classic_operator' retrieved from /home/airflow/.local/lib/python3.12/site-packages/airflow/example_dags/example_outlet_event_extra.py
[2024-12-17T21:13:21.330+0000] {logging_mixin.py:190} INFO - [2024-12-17T21:13:21.330+0000] {dag.py:3239} INFO - Sync 3 DAGs
[2024-12-17T21:13:21.354+0000] {logging_mixin.py:190} INFO - [2024-12-17T21:13:21.353+0000] {dag.py:4180} INFO - Setting next_dagrun for dataset_with_extra_by_context to 2024-12-16 00:00:00+00:00, run_after=2024-12-17 00:00:00+00:00
[2024-12-17T21:13:21.359+0000] {logging_mixin.py:190} INFO - [2024-12-17T21:13:21.358+0000] {dag.py:4180} INFO - Setting next_dagrun for dataset_with_extra_by_yield to 2024-12-16 00:00:00+00:00, run_after=2024-12-17 00:00:00+00:00
[2024-12-17T21:13:21.361+0000] {logging_mixin.py:190} INFO - [2024-12-17T21:13:21.361+0000] {dag.py:4180} INFO - Setting next_dagrun for dataset_with_extra_from_classic_operator to 2024-12-16 00:00:00+00:00, run_after=2024-12-17 00:00:00+00:00
[2024-12-17T21:13:21.387+0000] {processor.py:208} INFO - Processing /home/airflow/.local/lib/python3.12/site-packages/airflow/example_dags/example_outlet_event_extra.py took 0.605 seconds
[2024-12-17T21:13:51.617+0000] {processor.py:186} INFO - Started process (PID=1665) to work on /home/airflow/.local/lib/python3.12/site-packages/airflow/example_dags/example_outlet_event_extra.py
[2024-12-17T21:13:51.618+0000] {processor.py:914} INFO - Processing file /home/airflow/.local/lib/python3.12/site-packages/airflow/example_dags/example_outlet_event_extra.py for tasks to queue
[2024-12-17T21:13:51.619+0000] {logging_mixin.py:190} INFO - [2024-12-17T21:13:51.619+0000] {dagbag.py:588} INFO - Filling up the DagBag from /home/airflow/.local/lib/python3.12/site-packages/airflow/example_dags/example_outlet_event_extra.py
[2024-12-17T21:13:52.165+0000] {processor.py:925} INFO - DAG(s) 'dataset_with_extra_by_context', 'dataset_with_extra_by_yield', 'dataset_with_extra_from_classic_operator' retrieved from /home/airflow/.local/lib/python3.12/site-packages/airflow/example_dags/example_outlet_event_extra.py
[2024-12-17T21:13:52.187+0000] {logging_mixin.py:190} INFO - [2024-12-17T21:13:52.187+0000] {dag.py:3239} INFO - Sync 3 DAGs
[2024-12-17T21:13:52.210+0000] {logging_mixin.py:190} INFO - [2024-12-17T21:13:52.209+0000] {dag.py:4180} INFO - Setting next_dagrun for dataset_with_extra_by_context to 2024-12-16 00:00:00+00:00, run_after=2024-12-17 00:00:00+00:00
[2024-12-17T21:13:52.215+0000] {logging_mixin.py:190} INFO - [2024-12-17T21:13:52.215+0000] {dag.py:4180} INFO - Setting next_dagrun for dataset_with_extra_by_yield to 2024-12-16 00:00:00+00:00, run_after=2024-12-17 00:00:00+00:00
[2024-12-17T21:13:52.219+0000] {logging_mixin.py:190} INFO - [2024-12-17T21:13:52.219+0000] {dag.py:4180} INFO - Setting next_dagrun for dataset_with_extra_from_classic_operator to 2024-12-16 00:00:00+00:00, run_after=2024-12-17 00:00:00+00:00
[2024-12-17T21:13:52.238+0000] {processor.py:208} INFO - Processing /home/airflow/.local/lib/python3.12/site-packages/airflow/example_dags/example_outlet_event_extra.py took 0.627 seconds
[2024-12-17T21:14:23.108+0000] {processor.py:186} INFO - Started process (PID=1730) to work on /home/airflow/.local/lib/python3.12/site-packages/airflow/example_dags/example_outlet_event_extra.py
[2024-12-17T21:14:23.109+0000] {processor.py:914} INFO - Processing file /home/airflow/.local/lib/python3.12/site-packages/airflow/example_dags/example_outlet_event_extra.py for tasks to queue
[2024-12-17T21:14:23.110+0000] {logging_mixin.py:190} INFO - [2024-12-17T21:14:23.110+0000] {dagbag.py:588} INFO - Filling up the DagBag from /home/airflow/.local/lib/python3.12/site-packages/airflow/example_dags/example_outlet_event_extra.py
[2024-12-17T21:14:23.635+0000] {processor.py:925} INFO - DAG(s) 'dataset_with_extra_by_context', 'dataset_with_extra_by_yield', 'dataset_with_extra_from_classic_operator' retrieved from /home/airflow/.local/lib/python3.12/site-packages/airflow/example_dags/example_outlet_event_extra.py
[2024-12-17T21:14:23.657+0000] {logging_mixin.py:190} INFO - [2024-12-17T21:14:23.657+0000] {dag.py:3239} INFO - Sync 3 DAGs
[2024-12-17T21:14:23.681+0000] {logging_mixin.py:190} INFO - [2024-12-17T21:14:23.681+0000] {dag.py:4180} INFO - Setting next_dagrun for dataset_with_extra_by_context to 2024-12-16 00:00:00+00:00, run_after=2024-12-17 00:00:00+00:00
[2024-12-17T21:14:23.686+0000] {logging_mixin.py:190} INFO - [2024-12-17T21:14:23.686+0000] {dag.py:4180} INFO - Setting next_dagrun for dataset_with_extra_by_yield to 2024-12-16 00:00:00+00:00, run_after=2024-12-17 00:00:00+00:00
[2024-12-17T21:14:23.690+0000] {logging_mixin.py:190} INFO - [2024-12-17T21:14:23.690+0000] {dag.py:4180} INFO - Setting next_dagrun for dataset_with_extra_from_classic_operator to 2024-12-16 00:00:00+00:00, run_after=2024-12-17 00:00:00+00:00
[2024-12-17T21:14:23.711+0000] {processor.py:208} INFO - Processing /home/airflow/.local/lib/python3.12/site-packages/airflow/example_dags/example_outlet_event_extra.py took 0.608 seconds
[2024-12-17T21:14:54.292+0000] {processor.py:186} INFO - Started process (PID=1796) to work on /home/airflow/.local/lib/python3.12/site-packages/airflow/example_dags/example_outlet_event_extra.py
[2024-12-17T21:14:54.293+0000] {processor.py:914} INFO - Processing file /home/airflow/.local/lib/python3.12/site-packages/airflow/example_dags/example_outlet_event_extra.py for tasks to queue
[2024-12-17T21:14:54.294+0000] {logging_mixin.py:190} INFO - [2024-12-17T21:14:54.293+0000] {dagbag.py:588} INFO - Filling up the DagBag from /home/airflow/.local/lib/python3.12/site-packages/airflow/example_dags/example_outlet_event_extra.py
[2024-12-17T21:14:54.825+0000] {processor.py:925} INFO - DAG(s) 'dataset_with_extra_by_yield', 'dataset_with_extra_from_classic_operator', 'dataset_with_extra_by_context' retrieved from /home/airflow/.local/lib/python3.12/site-packages/airflow/example_dags/example_outlet_event_extra.py
[2024-12-17T21:14:54.846+0000] {logging_mixin.py:190} INFO - [2024-12-17T21:14:54.846+0000] {dag.py:3239} INFO - Sync 3 DAGs
[2024-12-17T21:14:54.870+0000] {logging_mixin.py:190} INFO - [2024-12-17T21:14:54.869+0000] {dag.py:4180} INFO - Setting next_dagrun for dataset_with_extra_by_context to 2024-12-16 00:00:00+00:00, run_after=2024-12-17 00:00:00+00:00
[2024-12-17T21:14:54.874+0000] {logging_mixin.py:190} INFO - [2024-12-17T21:14:54.874+0000] {dag.py:4180} INFO - Setting next_dagrun for dataset_with_extra_by_yield to 2024-12-16 00:00:00+00:00, run_after=2024-12-17 00:00:00+00:00
[2024-12-17T21:14:54.877+0000] {logging_mixin.py:190} INFO - [2024-12-17T21:14:54.876+0000] {dag.py:4180} INFO - Setting next_dagrun for dataset_with_extra_from_classic_operator to 2024-12-16 00:00:00+00:00, run_after=2024-12-17 00:00:00+00:00
[2024-12-17T21:14:54.901+0000] {processor.py:208} INFO - Processing /home/airflow/.local/lib/python3.12/site-packages/airflow/example_dags/example_outlet_event_extra.py took 0.615 seconds
[2024-12-17T21:15:25.585+0000] {processor.py:186} INFO - Started process (PID=1864) to work on /home/airflow/.local/lib/python3.12/site-packages/airflow/example_dags/example_outlet_event_extra.py
[2024-12-17T21:15:25.586+0000] {processor.py:914} INFO - Processing file /home/airflow/.local/lib/python3.12/site-packages/airflow/example_dags/example_outlet_event_extra.py for tasks to queue
[2024-12-17T21:15:25.588+0000] {logging_mixin.py:190} INFO - [2024-12-17T21:15:25.588+0000] {dagbag.py:588} INFO - Filling up the DagBag from /home/airflow/.local/lib/python3.12/site-packages/airflow/example_dags/example_outlet_event_extra.py
[2024-12-17T21:15:26.129+0000] {processor.py:925} INFO - DAG(s) 'dataset_with_extra_by_context', 'dataset_with_extra_from_classic_operator', 'dataset_with_extra_by_yield' retrieved from /home/airflow/.local/lib/python3.12/site-packages/airflow/example_dags/example_outlet_event_extra.py
[2024-12-17T21:15:26.149+0000] {logging_mixin.py:190} INFO - [2024-12-17T21:15:26.149+0000] {dag.py:3239} INFO - Sync 3 DAGs
[2024-12-17T21:15:26.171+0000] {logging_mixin.py:190} INFO - [2024-12-17T21:15:26.170+0000] {dag.py:4180} INFO - Setting next_dagrun for dataset_with_extra_by_context to 2024-12-16 00:00:00+00:00, run_after=2024-12-17 00:00:00+00:00
[2024-12-17T21:15:26.176+0000] {logging_mixin.py:190} INFO - [2024-12-17T21:15:26.175+0000] {dag.py:4180} INFO - Setting next_dagrun for dataset_with_extra_by_yield to 2024-12-16 00:00:00+00:00, run_after=2024-12-17 00:00:00+00:00
[2024-12-17T21:15:26.179+0000] {logging_mixin.py:190} INFO - [2024-12-17T21:15:26.178+0000] {dag.py:4180} INFO - Setting next_dagrun for dataset_with_extra_from_classic_operator to 2024-12-16 00:00:00+00:00, run_after=2024-12-17 00:00:00+00:00
[2024-12-17T21:15:26.213+0000] {processor.py:208} INFO - Processing /home/airflow/.local/lib/python3.12/site-packages/airflow/example_dags/example_outlet_event_extra.py took 0.633 seconds
[2024-12-17T21:15:56.973+0000] {processor.py:186} INFO - Started process (PID=1932) to work on /home/airflow/.local/lib/python3.12/site-packages/airflow/example_dags/example_outlet_event_extra.py
[2024-12-17T21:15:56.974+0000] {processor.py:914} INFO - Processing file /home/airflow/.local/lib/python3.12/site-packages/airflow/example_dags/example_outlet_event_extra.py for tasks to queue
[2024-12-17T21:15:56.975+0000] {logging_mixin.py:190} INFO - [2024-12-17T21:15:56.975+0000] {dagbag.py:588} INFO - Filling up the DagBag from /home/airflow/.local/lib/python3.12/site-packages/airflow/example_dags/example_outlet_event_extra.py
[2024-12-17T21:15:57.479+0000] {processor.py:925} INFO - DAG(s) 'dataset_with_extra_by_yield', 'dataset_with_extra_from_classic_operator', 'dataset_with_extra_by_context' retrieved from /home/airflow/.local/lib/python3.12/site-packages/airflow/example_dags/example_outlet_event_extra.py
[2024-12-17T21:15:57.502+0000] {logging_mixin.py:190} INFO - [2024-12-17T21:15:57.502+0000] {dag.py:3239} INFO - Sync 3 DAGs
[2024-12-17T21:15:57.526+0000] {logging_mixin.py:190} INFO - [2024-12-17T21:15:57.526+0000] {dag.py:4180} INFO - Setting next_dagrun for dataset_with_extra_by_context to 2024-12-16 00:00:00+00:00, run_after=2024-12-17 00:00:00+00:00
[2024-12-17T21:15:57.531+0000] {logging_mixin.py:190} INFO - [2024-12-17T21:15:57.531+0000] {dag.py:4180} INFO - Setting next_dagrun for dataset_with_extra_by_yield to 2024-12-16 00:00:00+00:00, run_after=2024-12-17 00:00:00+00:00
[2024-12-17T21:15:57.534+0000] {logging_mixin.py:190} INFO - [2024-12-17T21:15:57.533+0000] {dag.py:4180} INFO - Setting next_dagrun for dataset_with_extra_from_classic_operator to 2024-12-16 00:00:00+00:00, run_after=2024-12-17 00:00:00+00:00
[2024-12-17T21:15:57.561+0000] {processor.py:208} INFO - Processing /home/airflow/.local/lib/python3.12/site-packages/airflow/example_dags/example_outlet_event_extra.py took 0.596 seconds
[2024-12-17T21:16:30.187+0000] {processor.py:186} INFO - Started process (PID=2003) to work on /home/airflow/.local/lib/python3.12/site-packages/airflow/example_dags/example_outlet_event_extra.py
[2024-12-17T21:16:30.188+0000] {processor.py:914} INFO - Processing file /home/airflow/.local/lib/python3.12/site-packages/airflow/example_dags/example_outlet_event_extra.py for tasks to queue
[2024-12-17T21:16:30.189+0000] {logging_mixin.py:190} INFO - [2024-12-17T21:16:30.189+0000] {dagbag.py:588} INFO - Filling up the DagBag from /home/airflow/.local/lib/python3.12/site-packages/airflow/example_dags/example_outlet_event_extra.py
[2024-12-17T21:16:30.743+0000] {processor.py:925} INFO - DAG(s) 'dataset_with_extra_by_context', 'dataset_with_extra_by_yield', 'dataset_with_extra_from_classic_operator' retrieved from /home/airflow/.local/lib/python3.12/site-packages/airflow/example_dags/example_outlet_event_extra.py
[2024-12-17T21:16:30.770+0000] {logging_mixin.py:190} INFO - [2024-12-17T21:16:30.770+0000] {dag.py:3239} INFO - Sync 3 DAGs
[2024-12-17T21:16:30.796+0000] {logging_mixin.py:190} INFO - [2024-12-17T21:16:30.796+0000] {dag.py:4180} INFO - Setting next_dagrun for dataset_with_extra_by_context to 2024-12-16 00:00:00+00:00, run_after=2024-12-17 00:00:00+00:00
[2024-12-17T21:16:30.803+0000] {logging_mixin.py:190} INFO - [2024-12-17T21:16:30.803+0000] {dag.py:4180} INFO - Setting next_dagrun for dataset_with_extra_by_yield to 2024-12-16 00:00:00+00:00, run_after=2024-12-17 00:00:00+00:00
[2024-12-17T21:16:30.807+0000] {logging_mixin.py:190} INFO - [2024-12-17T21:16:30.806+0000] {dag.py:4180} INFO - Setting next_dagrun for dataset_with_extra_from_classic_operator to 2024-12-16 00:00:00+00:00, run_after=2024-12-17 00:00:00+00:00
[2024-12-17T21:16:30.833+0000] {processor.py:208} INFO - Processing /home/airflow/.local/lib/python3.12/site-packages/airflow/example_dags/example_outlet_event_extra.py took 0.654 seconds
[2024-12-17T21:17:02.251+0000] {processor.py:186} INFO - Started process (PID=2076) to work on /home/airflow/.local/lib/python3.12/site-packages/airflow/example_dags/example_outlet_event_extra.py
[2024-12-17T21:17:02.252+0000] {processor.py:914} INFO - Processing file /home/airflow/.local/lib/python3.12/site-packages/airflow/example_dags/example_outlet_event_extra.py for tasks to queue
[2024-12-17T21:17:02.254+0000] {logging_mixin.py:190} INFO - [2024-12-17T21:17:02.253+0000] {dagbag.py:588} INFO - Filling up the DagBag from /home/airflow/.local/lib/python3.12/site-packages/airflow/example_dags/example_outlet_event_extra.py
[2024-12-17T21:17:02.848+0000] {processor.py:925} INFO - DAG(s) 'dataset_with_extra_by_yield', 'dataset_with_extra_by_context', 'dataset_with_extra_from_classic_operator' retrieved from /home/airflow/.local/lib/python3.12/site-packages/airflow/example_dags/example_outlet_event_extra.py
[2024-12-17T21:17:02.875+0000] {logging_mixin.py:190} INFO - [2024-12-17T21:17:02.874+0000] {dag.py:3239} INFO - Sync 3 DAGs
[2024-12-17T21:17:02.901+0000] {logging_mixin.py:190} INFO - [2024-12-17T21:17:02.901+0000] {dag.py:4180} INFO - Setting next_dagrun for dataset_with_extra_by_context to 2024-12-16 00:00:00+00:00, run_after=2024-12-17 00:00:00+00:00
[2024-12-17T21:17:02.907+0000] {logging_mixin.py:190} INFO - [2024-12-17T21:17:02.907+0000] {dag.py:4180} INFO - Setting next_dagrun for dataset_with_extra_by_yield to 2024-12-16 00:00:00+00:00, run_after=2024-12-17 00:00:00+00:00
[2024-12-17T21:17:02.910+0000] {logging_mixin.py:190} INFO - [2024-12-17T21:17:02.910+0000] {dag.py:4180} INFO - Setting next_dagrun for dataset_with_extra_from_classic_operator to 2024-12-16 00:00:00+00:00, run_after=2024-12-17 00:00:00+00:00
[2024-12-17T21:17:02.932+0000] {processor.py:208} INFO - Processing /home/airflow/.local/lib/python3.12/site-packages/airflow/example_dags/example_outlet_event_extra.py took 0.690 seconds
[2024-12-17T21:17:33.314+0000] {processor.py:186} INFO - Started process (PID=2142) to work on /home/airflow/.local/lib/python3.12/site-packages/airflow/example_dags/example_outlet_event_extra.py
[2024-12-17T21:17:33.315+0000] {processor.py:914} INFO - Processing file /home/airflow/.local/lib/python3.12/site-packages/airflow/example_dags/example_outlet_event_extra.py for tasks to queue
[2024-12-17T21:17:33.317+0000] {logging_mixin.py:190} INFO - [2024-12-17T21:17:33.317+0000] {dagbag.py:588} INFO - Filling up the DagBag from /home/airflow/.local/lib/python3.12/site-packages/airflow/example_dags/example_outlet_event_extra.py
[2024-12-17T21:17:33.986+0000] {processor.py:925} INFO - DAG(s) 'dataset_with_extra_by_context', 'dataset_with_extra_by_yield', 'dataset_with_extra_from_classic_operator' retrieved from /home/airflow/.local/lib/python3.12/site-packages/airflow/example_dags/example_outlet_event_extra.py
[2024-12-17T21:17:34.014+0000] {logging_mixin.py:190} INFO - [2024-12-17T21:17:34.014+0000] {dag.py:3239} INFO - Sync 3 DAGs
[2024-12-17T21:17:34.047+0000] {logging_mixin.py:190} INFO - [2024-12-17T21:17:34.047+0000] {dag.py:4180} INFO - Setting next_dagrun for dataset_with_extra_by_context to 2024-12-16 00:00:00+00:00, run_after=2024-12-17 00:00:00+00:00
[2024-12-17T21:17:34.054+0000] {logging_mixin.py:190} INFO - [2024-12-17T21:17:34.053+0000] {dag.py:4180} INFO - Setting next_dagrun for dataset_with_extra_by_yield to 2024-12-16 00:00:00+00:00, run_after=2024-12-17 00:00:00+00:00
[2024-12-17T21:17:34.057+0000] {logging_mixin.py:190} INFO - [2024-12-17T21:17:34.057+0000] {dag.py:4180} INFO - Setting next_dagrun for dataset_with_extra_from_classic_operator to 2024-12-16 00:00:00+00:00, run_after=2024-12-17 00:00:00+00:00
[2024-12-17T21:17:34.104+0000] {processor.py:208} INFO - Processing /home/airflow/.local/lib/python3.12/site-packages/airflow/example_dags/example_outlet_event_extra.py took 0.799 seconds
