[2024-12-17T21:01:23.360+0000] {processor.py:186} INFO - Started process (PID=114) to work on /home/airflow/.local/lib/python3.12/site-packages/airflow/example_dags/example_nested_branch_dag.py
[2024-12-17T21:01:23.361+0000] {processor.py:914} INFO - Processing file /home/airflow/.local/lib/python3.12/site-packages/airflow/example_dags/example_nested_branch_dag.py for tasks to queue
[2024-12-17T21:01:23.364+0000] {logging_mixin.py:190} INFO - [2024-12-17T21:01:23.364+0000] {dagbag.py:588} INFO - Filling up the DagBag from /home/airflow/.local/lib/python3.12/site-packages/airflow/example_dags/example_nested_branch_dag.py
[2024-12-17T21:01:23.377+0000] {processor.py:925} INFO - DAG(s) 'example_nested_branch_dag' retrieved from /home/airflow/.local/lib/python3.12/site-packages/airflow/example_dags/example_nested_branch_dag.py
[2024-12-17T21:01:23.494+0000] {logging_mixin.py:190} INFO - [2024-12-17T21:01:23.494+0000] {override.py:1911} INFO - Created Permission View: can delete on DAG:example_nested_branch_dag
[2024-12-17T21:01:23.505+0000] {logging_mixin.py:190} INFO - [2024-12-17T21:01:23.505+0000] {override.py:1911} INFO - Created Permission View: can read on DAG:example_nested_branch_dag
[2024-12-17T21:01:23.512+0000] {logging_mixin.py:190} INFO - [2024-12-17T21:01:23.511+0000] {override.py:1911} INFO - Created Permission View: can edit on DAG:example_nested_branch_dag
[2024-12-17T21:01:23.519+0000] {logging_mixin.py:190} INFO - [2024-12-17T21:01:23.519+0000] {override.py:1911} INFO - Created Permission View: can create on DAG Run:example_nested_branch_dag
[2024-12-17T21:01:23.526+0000] {logging_mixin.py:190} INFO - [2024-12-17T21:01:23.526+0000] {override.py:1911} INFO - Created Permission View: menu access on DAG Run:example_nested_branch_dag
[2024-12-17T21:01:23.533+0000] {logging_mixin.py:190} INFO - [2024-12-17T21:01:23.533+0000] {override.py:1911} INFO - Created Permission View: can delete on DAG Run:example_nested_branch_dag
[2024-12-17T21:01:23.540+0000] {logging_mixin.py:190} INFO - [2024-12-17T21:01:23.539+0000] {override.py:1911} INFO - Created Permission View: can read on DAG Run:example_nested_branch_dag
[2024-12-17T21:01:23.540+0000] {logging_mixin.py:190} INFO - [2024-12-17T21:01:23.540+0000] {dag.py:3239} INFO - Sync 1 DAGs
[2024-12-17T21:01:23.558+0000] {logging_mixin.py:190} INFO - [2024-12-17T21:01:23.558+0000] {dag.py:3262} INFO - Creating ORM DAG for example_nested_branch_dag
[2024-12-17T21:01:23.572+0000] {logging_mixin.py:190} INFO - [2024-12-17T21:01:23.571+0000] {dag.py:4180} INFO - Setting next_dagrun for example_nested_branch_dag to 2024-12-16 00:00:00+00:00, run_after=2024-12-17 00:00:00+00:00
[2024-12-17T21:01:23.594+0000] {processor.py:208} INFO - Processing /home/airflow/.local/lib/python3.12/site-packages/airflow/example_dags/example_nested_branch_dag.py took 0.241 seconds
[2024-12-17T21:01:54.176+0000] {processor.py:186} INFO - Started process (PID=178) to work on /home/airflow/.local/lib/python3.12/site-packages/airflow/example_dags/example_nested_branch_dag.py
[2024-12-17T21:01:54.177+0000] {processor.py:914} INFO - Processing file /home/airflow/.local/lib/python3.12/site-packages/airflow/example_dags/example_nested_branch_dag.py for tasks to queue
[2024-12-17T21:01:54.180+0000] {logging_mixin.py:190} INFO - [2024-12-17T21:01:54.180+0000] {dagbag.py:588} INFO - Filling up the DagBag from /home/airflow/.local/lib/python3.12/site-packages/airflow/example_dags/example_nested_branch_dag.py
[2024-12-17T21:01:54.191+0000] {processor.py:925} INFO - DAG(s) 'example_nested_branch_dag' retrieved from /home/airflow/.local/lib/python3.12/site-packages/airflow/example_dags/example_nested_branch_dag.py
[2024-12-17T21:01:54.212+0000] {logging_mixin.py:190} INFO - [2024-12-17T21:01:54.212+0000] {dag.py:3239} INFO - Sync 1 DAGs
[2024-12-17T21:01:54.239+0000] {logging_mixin.py:190} INFO - [2024-12-17T21:01:54.238+0000] {dag.py:4180} INFO - Setting next_dagrun for example_nested_branch_dag to 2024-12-16 00:00:00+00:00, run_after=2024-12-17 00:00:00+00:00
[2024-12-17T21:01:54.258+0000] {processor.py:208} INFO - Processing /home/airflow/.local/lib/python3.12/site-packages/airflow/example_dags/example_nested_branch_dag.py took 0.089 seconds
[2024-12-17T21:02:24.358+0000] {processor.py:186} INFO - Started process (PID=242) to work on /home/airflow/.local/lib/python3.12/site-packages/airflow/example_dags/example_nested_branch_dag.py
[2024-12-17T21:02:24.359+0000] {processor.py:914} INFO - Processing file /home/airflow/.local/lib/python3.12/site-packages/airflow/example_dags/example_nested_branch_dag.py for tasks to queue
[2024-12-17T21:02:24.362+0000] {logging_mixin.py:190} INFO - [2024-12-17T21:02:24.362+0000] {dagbag.py:588} INFO - Filling up the DagBag from /home/airflow/.local/lib/python3.12/site-packages/airflow/example_dags/example_nested_branch_dag.py
[2024-12-17T21:02:24.379+0000] {processor.py:925} INFO - DAG(s) 'example_nested_branch_dag' retrieved from /home/airflow/.local/lib/python3.12/site-packages/airflow/example_dags/example_nested_branch_dag.py
[2024-12-17T21:02:24.403+0000] {logging_mixin.py:190} INFO - [2024-12-17T21:02:24.403+0000] {dag.py:3239} INFO - Sync 1 DAGs
[2024-12-17T21:02:24.444+0000] {logging_mixin.py:190} INFO - [2024-12-17T21:02:24.444+0000] {dag.py:4180} INFO - Setting next_dagrun for example_nested_branch_dag to 2024-12-16 00:00:00+00:00, run_after=2024-12-17 00:00:00+00:00
[2024-12-17T21:02:24.469+0000] {processor.py:208} INFO - Processing /home/airflow/.local/lib/python3.12/site-packages/airflow/example_dags/example_nested_branch_dag.py took 0.121 seconds
[2024-12-17T21:02:54.728+0000] {processor.py:186} INFO - Started process (PID=306) to work on /home/airflow/.local/lib/python3.12/site-packages/airflow/example_dags/example_nested_branch_dag.py
[2024-12-17T21:02:54.729+0000] {processor.py:914} INFO - Processing file /home/airflow/.local/lib/python3.12/site-packages/airflow/example_dags/example_nested_branch_dag.py for tasks to queue
[2024-12-17T21:02:54.734+0000] {logging_mixin.py:190} INFO - [2024-12-17T21:02:54.733+0000] {dagbag.py:588} INFO - Filling up the DagBag from /home/airflow/.local/lib/python3.12/site-packages/airflow/example_dags/example_nested_branch_dag.py
[2024-12-17T21:02:54.749+0000] {processor.py:925} INFO - DAG(s) 'example_nested_branch_dag' retrieved from /home/airflow/.local/lib/python3.12/site-packages/airflow/example_dags/example_nested_branch_dag.py
[2024-12-17T21:02:54.776+0000] {logging_mixin.py:190} INFO - [2024-12-17T21:02:54.776+0000] {dag.py:3239} INFO - Sync 1 DAGs
[2024-12-17T21:02:54.802+0000] {logging_mixin.py:190} INFO - [2024-12-17T21:02:54.801+0000] {dag.py:4180} INFO - Setting next_dagrun for example_nested_branch_dag to 2024-12-16 00:00:00+00:00, run_after=2024-12-17 00:00:00+00:00
[2024-12-17T21:02:54.822+0000] {processor.py:208} INFO - Processing /home/airflow/.local/lib/python3.12/site-packages/airflow/example_dags/example_nested_branch_dag.py took 0.103 seconds
[2024-12-17T21:03:25.878+0000] {processor.py:186} INFO - Started process (PID=370) to work on /home/airflow/.local/lib/python3.12/site-packages/airflow/example_dags/example_nested_branch_dag.py
[2024-12-17T21:03:25.879+0000] {processor.py:914} INFO - Processing file /home/airflow/.local/lib/python3.12/site-packages/airflow/example_dags/example_nested_branch_dag.py for tasks to queue
[2024-12-17T21:03:25.881+0000] {logging_mixin.py:190} INFO - [2024-12-17T21:03:25.881+0000] {dagbag.py:588} INFO - Filling up the DagBag from /home/airflow/.local/lib/python3.12/site-packages/airflow/example_dags/example_nested_branch_dag.py
[2024-12-17T21:03:25.893+0000] {processor.py:925} INFO - DAG(s) 'example_nested_branch_dag' retrieved from /home/airflow/.local/lib/python3.12/site-packages/airflow/example_dags/example_nested_branch_dag.py
[2024-12-17T21:03:25.914+0000] {logging_mixin.py:190} INFO - [2024-12-17T21:03:25.913+0000] {dag.py:3239} INFO - Sync 1 DAGs
[2024-12-17T21:03:25.936+0000] {logging_mixin.py:190} INFO - [2024-12-17T21:03:25.936+0000] {dag.py:4180} INFO - Setting next_dagrun for example_nested_branch_dag to 2024-12-16 00:00:00+00:00, run_after=2024-12-17 00:00:00+00:00
[2024-12-17T21:03:25.953+0000] {processor.py:208} INFO - Processing /home/airflow/.local/lib/python3.12/site-packages/airflow/example_dags/example_nested_branch_dag.py took 0.081 seconds
[2024-12-17T21:03:57.298+0000] {processor.py:186} INFO - Started process (PID=434) to work on /home/airflow/.local/lib/python3.12/site-packages/airflow/example_dags/example_nested_branch_dag.py
[2024-12-17T21:03:57.299+0000] {processor.py:914} INFO - Processing file /home/airflow/.local/lib/python3.12/site-packages/airflow/example_dags/example_nested_branch_dag.py for tasks to queue
[2024-12-17T21:03:57.301+0000] {logging_mixin.py:190} INFO - [2024-12-17T21:03:57.301+0000] {dagbag.py:588} INFO - Filling up the DagBag from /home/airflow/.local/lib/python3.12/site-packages/airflow/example_dags/example_nested_branch_dag.py
[2024-12-17T21:03:57.312+0000] {processor.py:925} INFO - DAG(s) 'example_nested_branch_dag' retrieved from /home/airflow/.local/lib/python3.12/site-packages/airflow/example_dags/example_nested_branch_dag.py
[2024-12-17T21:03:57.333+0000] {logging_mixin.py:190} INFO - [2024-12-17T21:03:57.333+0000] {dag.py:3239} INFO - Sync 1 DAGs
[2024-12-17T21:03:57.359+0000] {logging_mixin.py:190} INFO - [2024-12-17T21:03:57.359+0000] {dag.py:4180} INFO - Setting next_dagrun for example_nested_branch_dag to 2024-12-16 00:00:00+00:00, run_after=2024-12-17 00:00:00+00:00
[2024-12-17T21:03:57.378+0000] {processor.py:208} INFO - Processing /home/airflow/.local/lib/python3.12/site-packages/airflow/example_dags/example_nested_branch_dag.py took 0.086 seconds
[2024-12-17T21:04:29.017+0000] {processor.py:186} INFO - Started process (PID=498) to work on /home/airflow/.local/lib/python3.12/site-packages/airflow/example_dags/example_nested_branch_dag.py
[2024-12-17T21:04:29.018+0000] {processor.py:914} INFO - Processing file /home/airflow/.local/lib/python3.12/site-packages/airflow/example_dags/example_nested_branch_dag.py for tasks to queue
[2024-12-17T21:04:29.020+0000] {logging_mixin.py:190} INFO - [2024-12-17T21:04:29.020+0000] {dagbag.py:588} INFO - Filling up the DagBag from /home/airflow/.local/lib/python3.12/site-packages/airflow/example_dags/example_nested_branch_dag.py
[2024-12-17T21:04:29.032+0000] {processor.py:925} INFO - DAG(s) 'example_nested_branch_dag' retrieved from /home/airflow/.local/lib/python3.12/site-packages/airflow/example_dags/example_nested_branch_dag.py
[2024-12-17T21:04:29.053+0000] {logging_mixin.py:190} INFO - [2024-12-17T21:04:29.052+0000] {dag.py:3239} INFO - Sync 1 DAGs
[2024-12-17T21:04:29.078+0000] {logging_mixin.py:190} INFO - [2024-12-17T21:04:29.077+0000] {dag.py:4180} INFO - Setting next_dagrun for example_nested_branch_dag to 2024-12-16 00:00:00+00:00, run_after=2024-12-17 00:00:00+00:00
[2024-12-17T21:04:29.105+0000] {processor.py:208} INFO - Processing /home/airflow/.local/lib/python3.12/site-packages/airflow/example_dags/example_nested_branch_dag.py took 0.094 seconds
[2024-12-17T21:05:00.088+0000] {processor.py:186} INFO - Started process (PID=562) to work on /home/airflow/.local/lib/python3.12/site-packages/airflow/example_dags/example_nested_branch_dag.py
[2024-12-17T21:05:00.089+0000] {processor.py:914} INFO - Processing file /home/airflow/.local/lib/python3.12/site-packages/airflow/example_dags/example_nested_branch_dag.py for tasks to queue
[2024-12-17T21:05:00.091+0000] {logging_mixin.py:190} INFO - [2024-12-17T21:05:00.090+0000] {dagbag.py:588} INFO - Filling up the DagBag from /home/airflow/.local/lib/python3.12/site-packages/airflow/example_dags/example_nested_branch_dag.py
[2024-12-17T21:05:00.108+0000] {processor.py:925} INFO - DAG(s) 'example_nested_branch_dag' retrieved from /home/airflow/.local/lib/python3.12/site-packages/airflow/example_dags/example_nested_branch_dag.py
[2024-12-17T21:05:00.136+0000] {logging_mixin.py:190} INFO - [2024-12-17T21:05:00.135+0000] {dag.py:3239} INFO - Sync 1 DAGs
[2024-12-17T21:05:00.178+0000] {logging_mixin.py:190} INFO - [2024-12-17T21:05:00.178+0000] {dag.py:4180} INFO - Setting next_dagrun for example_nested_branch_dag to 2024-12-16 00:00:00+00:00, run_after=2024-12-17 00:00:00+00:00
[2024-12-17T21:05:00.203+0000] {processor.py:208} INFO - Processing /home/airflow/.local/lib/python3.12/site-packages/airflow/example_dags/example_nested_branch_dag.py took 0.126 seconds
[2024-12-17T21:05:31.055+0000] {processor.py:186} INFO - Started process (PID=626) to work on /home/airflow/.local/lib/python3.12/site-packages/airflow/example_dags/example_nested_branch_dag.py
[2024-12-17T21:05:31.056+0000] {processor.py:914} INFO - Processing file /home/airflow/.local/lib/python3.12/site-packages/airflow/example_dags/example_nested_branch_dag.py for tasks to queue
[2024-12-17T21:05:31.057+0000] {logging_mixin.py:190} INFO - [2024-12-17T21:05:31.057+0000] {dagbag.py:588} INFO - Filling up the DagBag from /home/airflow/.local/lib/python3.12/site-packages/airflow/example_dags/example_nested_branch_dag.py
[2024-12-17T21:05:31.069+0000] {processor.py:925} INFO - DAG(s) 'example_nested_branch_dag' retrieved from /home/airflow/.local/lib/python3.12/site-packages/airflow/example_dags/example_nested_branch_dag.py
[2024-12-17T21:05:31.089+0000] {logging_mixin.py:190} INFO - [2024-12-17T21:05:31.089+0000] {dag.py:3239} INFO - Sync 1 DAGs
[2024-12-17T21:05:31.118+0000] {logging_mixin.py:190} INFO - [2024-12-17T21:05:31.118+0000] {dag.py:4180} INFO - Setting next_dagrun for example_nested_branch_dag to 2024-12-16 00:00:00+00:00, run_after=2024-12-17 00:00:00+00:00
[2024-12-17T21:05:31.137+0000] {processor.py:208} INFO - Processing /home/airflow/.local/lib/python3.12/site-packages/airflow/example_dags/example_nested_branch_dag.py took 0.088 seconds
[2024-12-17T21:06:02.622+0000] {processor.py:186} INFO - Started process (PID=690) to work on /home/airflow/.local/lib/python3.12/site-packages/airflow/example_dags/example_nested_branch_dag.py
[2024-12-17T21:06:02.623+0000] {processor.py:914} INFO - Processing file /home/airflow/.local/lib/python3.12/site-packages/airflow/example_dags/example_nested_branch_dag.py for tasks to queue
[2024-12-17T21:06:02.625+0000] {logging_mixin.py:190} INFO - [2024-12-17T21:06:02.624+0000] {dagbag.py:588} INFO - Filling up the DagBag from /home/airflow/.local/lib/python3.12/site-packages/airflow/example_dags/example_nested_branch_dag.py
[2024-12-17T21:06:02.638+0000] {processor.py:925} INFO - DAG(s) 'example_nested_branch_dag' retrieved from /home/airflow/.local/lib/python3.12/site-packages/airflow/example_dags/example_nested_branch_dag.py
[2024-12-17T21:06:02.658+0000] {logging_mixin.py:190} INFO - [2024-12-17T21:06:02.658+0000] {dag.py:3239} INFO - Sync 1 DAGs
[2024-12-17T21:06:02.681+0000] {logging_mixin.py:190} INFO - [2024-12-17T21:06:02.680+0000] {dag.py:4180} INFO - Setting next_dagrun for example_nested_branch_dag to 2024-12-16 00:00:00+00:00, run_after=2024-12-17 00:00:00+00:00
[2024-12-17T21:06:02.698+0000] {processor.py:208} INFO - Processing /home/airflow/.local/lib/python3.12/site-packages/airflow/example_dags/example_nested_branch_dag.py took 0.081 seconds
[2024-12-17T21:06:33.420+0000] {processor.py:186} INFO - Started process (PID=754) to work on /home/airflow/.local/lib/python3.12/site-packages/airflow/example_dags/example_nested_branch_dag.py
[2024-12-17T21:06:33.422+0000] {processor.py:914} INFO - Processing file /home/airflow/.local/lib/python3.12/site-packages/airflow/example_dags/example_nested_branch_dag.py for tasks to queue
[2024-12-17T21:06:33.423+0000] {logging_mixin.py:190} INFO - [2024-12-17T21:06:33.423+0000] {dagbag.py:588} INFO - Filling up the DagBag from /home/airflow/.local/lib/python3.12/site-packages/airflow/example_dags/example_nested_branch_dag.py
[2024-12-17T21:06:33.434+0000] {processor.py:925} INFO - DAG(s) 'example_nested_branch_dag' retrieved from /home/airflow/.local/lib/python3.12/site-packages/airflow/example_dags/example_nested_branch_dag.py
[2024-12-17T21:06:33.456+0000] {logging_mixin.py:190} INFO - [2024-12-17T21:06:33.455+0000] {dag.py:3239} INFO - Sync 1 DAGs
[2024-12-17T21:06:33.483+0000] {logging_mixin.py:190} INFO - [2024-12-17T21:06:33.483+0000] {dag.py:4180} INFO - Setting next_dagrun for example_nested_branch_dag to 2024-12-16 00:00:00+00:00, run_after=2024-12-17 00:00:00+00:00
[2024-12-17T21:06:33.501+0000] {processor.py:208} INFO - Processing /home/airflow/.local/lib/python3.12/site-packages/airflow/example_dags/example_nested_branch_dag.py took 0.086 seconds
[2024-12-17T21:07:04.755+0000] {processor.py:186} INFO - Started process (PID=818) to work on /home/airflow/.local/lib/python3.12/site-packages/airflow/example_dags/example_nested_branch_dag.py
[2024-12-17T21:07:04.756+0000] {processor.py:914} INFO - Processing file /home/airflow/.local/lib/python3.12/site-packages/airflow/example_dags/example_nested_branch_dag.py for tasks to queue
[2024-12-17T21:07:04.758+0000] {logging_mixin.py:190} INFO - [2024-12-17T21:07:04.757+0000] {dagbag.py:588} INFO - Filling up the DagBag from /home/airflow/.local/lib/python3.12/site-packages/airflow/example_dags/example_nested_branch_dag.py
[2024-12-17T21:07:04.771+0000] {processor.py:925} INFO - DAG(s) 'example_nested_branch_dag' retrieved from /home/airflow/.local/lib/python3.12/site-packages/airflow/example_dags/example_nested_branch_dag.py
[2024-12-17T21:07:04.794+0000] {logging_mixin.py:190} INFO - [2024-12-17T21:07:04.794+0000] {dag.py:3239} INFO - Sync 1 DAGs
[2024-12-17T21:07:04.820+0000] {logging_mixin.py:190} INFO - [2024-12-17T21:07:04.820+0000] {dag.py:4180} INFO - Setting next_dagrun for example_nested_branch_dag to 2024-12-16 00:00:00+00:00, run_after=2024-12-17 00:00:00+00:00
[2024-12-17T21:07:04.838+0000] {processor.py:208} INFO - Processing /home/airflow/.local/lib/python3.12/site-packages/airflow/example_dags/example_nested_branch_dag.py took 0.089 seconds
[2024-12-17T21:07:36.591+0000] {processor.py:186} INFO - Started process (PID=882) to work on /home/airflow/.local/lib/python3.12/site-packages/airflow/example_dags/example_nested_branch_dag.py
[2024-12-17T21:07:36.592+0000] {processor.py:914} INFO - Processing file /home/airflow/.local/lib/python3.12/site-packages/airflow/example_dags/example_nested_branch_dag.py for tasks to queue
[2024-12-17T21:07:36.594+0000] {logging_mixin.py:190} INFO - [2024-12-17T21:07:36.593+0000] {dagbag.py:588} INFO - Filling up the DagBag from /home/airflow/.local/lib/python3.12/site-packages/airflow/example_dags/example_nested_branch_dag.py
[2024-12-17T21:07:36.609+0000] {processor.py:925} INFO - DAG(s) 'example_nested_branch_dag' retrieved from /home/airflow/.local/lib/python3.12/site-packages/airflow/example_dags/example_nested_branch_dag.py
[2024-12-17T21:07:36.635+0000] {logging_mixin.py:190} INFO - [2024-12-17T21:07:36.635+0000] {dag.py:3239} INFO - Sync 1 DAGs
[2024-12-17T21:07:36.670+0000] {logging_mixin.py:190} INFO - [2024-12-17T21:07:36.670+0000] {dag.py:4180} INFO - Setting next_dagrun for example_nested_branch_dag to 2024-12-16 00:00:00+00:00, run_after=2024-12-17 00:00:00+00:00
[2024-12-17T21:07:36.690+0000] {processor.py:208} INFO - Processing /home/airflow/.local/lib/python3.12/site-packages/airflow/example_dags/example_nested_branch_dag.py took 0.107 seconds
[2024-12-17T21:08:07.604+0000] {processor.py:186} INFO - Started process (PID=946) to work on /home/airflow/.local/lib/python3.12/site-packages/airflow/example_dags/example_nested_branch_dag.py
[2024-12-17T21:08:07.605+0000] {processor.py:914} INFO - Processing file /home/airflow/.local/lib/python3.12/site-packages/airflow/example_dags/example_nested_branch_dag.py for tasks to queue
[2024-12-17T21:08:07.606+0000] {logging_mixin.py:190} INFO - [2024-12-17T21:08:07.606+0000] {dagbag.py:588} INFO - Filling up the DagBag from /home/airflow/.local/lib/python3.12/site-packages/airflow/example_dags/example_nested_branch_dag.py
[2024-12-17T21:08:07.617+0000] {processor.py:925} INFO - DAG(s) 'example_nested_branch_dag' retrieved from /home/airflow/.local/lib/python3.12/site-packages/airflow/example_dags/example_nested_branch_dag.py
[2024-12-17T21:08:07.637+0000] {logging_mixin.py:190} INFO - [2024-12-17T21:08:07.636+0000] {dag.py:3239} INFO - Sync 1 DAGs
[2024-12-17T21:08:07.660+0000] {logging_mixin.py:190} INFO - [2024-12-17T21:08:07.660+0000] {dag.py:4180} INFO - Setting next_dagrun for example_nested_branch_dag to 2024-12-16 00:00:00+00:00, run_after=2024-12-17 00:00:00+00:00
[2024-12-17T21:08:07.686+0000] {processor.py:208} INFO - Processing /home/airflow/.local/lib/python3.12/site-packages/airflow/example_dags/example_nested_branch_dag.py took 0.088 seconds
[2024-12-17T21:08:38.120+0000] {processor.py:186} INFO - Started process (PID=1011) to work on /home/airflow/.local/lib/python3.12/site-packages/airflow/example_dags/example_nested_branch_dag.py
[2024-12-17T21:08:38.121+0000] {processor.py:914} INFO - Processing file /home/airflow/.local/lib/python3.12/site-packages/airflow/example_dags/example_nested_branch_dag.py for tasks to queue
[2024-12-17T21:08:38.123+0000] {logging_mixin.py:190} INFO - [2024-12-17T21:08:38.123+0000] {dagbag.py:588} INFO - Filling up the DagBag from /home/airflow/.local/lib/python3.12/site-packages/airflow/example_dags/example_nested_branch_dag.py
[2024-12-17T21:08:38.135+0000] {processor.py:925} INFO - DAG(s) 'example_nested_branch_dag' retrieved from /home/airflow/.local/lib/python3.12/site-packages/airflow/example_dags/example_nested_branch_dag.py
[2024-12-17T21:08:38.153+0000] {logging_mixin.py:190} INFO - [2024-12-17T21:08:38.153+0000] {dag.py:3239} INFO - Sync 1 DAGs
[2024-12-17T21:08:38.176+0000] {logging_mixin.py:190} INFO - [2024-12-17T21:08:38.176+0000] {dag.py:4180} INFO - Setting next_dagrun for example_nested_branch_dag to 2024-12-16 00:00:00+00:00, run_after=2024-12-17 00:00:00+00:00
[2024-12-17T21:08:38.194+0000] {processor.py:208} INFO - Processing /home/airflow/.local/lib/python3.12/site-packages/airflow/example_dags/example_nested_branch_dag.py took 0.079 seconds
[2024-12-17T21:09:09.841+0000] {processor.py:186} INFO - Started process (PID=1076) to work on /home/airflow/.local/lib/python3.12/site-packages/airflow/example_dags/example_nested_branch_dag.py
[2024-12-17T21:09:09.843+0000] {processor.py:914} INFO - Processing file /home/airflow/.local/lib/python3.12/site-packages/airflow/example_dags/example_nested_branch_dag.py for tasks to queue
[2024-12-17T21:09:09.844+0000] {logging_mixin.py:190} INFO - [2024-12-17T21:09:09.844+0000] {dagbag.py:588} INFO - Filling up the DagBag from /home/airflow/.local/lib/python3.12/site-packages/airflow/example_dags/example_nested_branch_dag.py
[2024-12-17T21:09:09.854+0000] {processor.py:925} INFO - DAG(s) 'example_nested_branch_dag' retrieved from /home/airflow/.local/lib/python3.12/site-packages/airflow/example_dags/example_nested_branch_dag.py
[2024-12-17T21:09:09.874+0000] {logging_mixin.py:190} INFO - [2024-12-17T21:09:09.874+0000] {dag.py:3239} INFO - Sync 1 DAGs
[2024-12-17T21:09:09.896+0000] {logging_mixin.py:190} INFO - [2024-12-17T21:09:09.896+0000] {dag.py:4180} INFO - Setting next_dagrun for example_nested_branch_dag to 2024-12-16 00:00:00+00:00, run_after=2024-12-17 00:00:00+00:00
[2024-12-17T21:09:09.921+0000] {processor.py:208} INFO - Processing /home/airflow/.local/lib/python3.12/site-packages/airflow/example_dags/example_nested_branch_dag.py took 0.084 seconds
[2024-12-17T21:09:41.183+0000] {processor.py:186} INFO - Started process (PID=1140) to work on /home/airflow/.local/lib/python3.12/site-packages/airflow/example_dags/example_nested_branch_dag.py
[2024-12-17T21:09:41.184+0000] {processor.py:914} INFO - Processing file /home/airflow/.local/lib/python3.12/site-packages/airflow/example_dags/example_nested_branch_dag.py for tasks to queue
[2024-12-17T21:09:41.185+0000] {logging_mixin.py:190} INFO - [2024-12-17T21:09:41.185+0000] {dagbag.py:588} INFO - Filling up the DagBag from /home/airflow/.local/lib/python3.12/site-packages/airflow/example_dags/example_nested_branch_dag.py
[2024-12-17T21:09:41.200+0000] {processor.py:925} INFO - DAG(s) 'example_nested_branch_dag' retrieved from /home/airflow/.local/lib/python3.12/site-packages/airflow/example_dags/example_nested_branch_dag.py
[2024-12-17T21:09:41.225+0000] {logging_mixin.py:190} INFO - [2024-12-17T21:09:41.224+0000] {dag.py:3239} INFO - Sync 1 DAGs
[2024-12-17T21:09:41.264+0000] {logging_mixin.py:190} INFO - [2024-12-17T21:09:41.264+0000] {dag.py:4180} INFO - Setting next_dagrun for example_nested_branch_dag to 2024-12-16 00:00:00+00:00, run_after=2024-12-17 00:00:00+00:00
[2024-12-17T21:09:41.295+0000] {processor.py:208} INFO - Processing /home/airflow/.local/lib/python3.12/site-packages/airflow/example_dags/example_nested_branch_dag.py took 0.120 seconds
[2024-12-17T21:10:12.742+0000] {processor.py:186} INFO - Started process (PID=1210) to work on /home/airflow/.local/lib/python3.12/site-packages/airflow/example_dags/example_nested_branch_dag.py
[2024-12-17T21:10:12.743+0000] {processor.py:914} INFO - Processing file /home/airflow/.local/lib/python3.12/site-packages/airflow/example_dags/example_nested_branch_dag.py for tasks to queue
[2024-12-17T21:10:12.746+0000] {logging_mixin.py:190} INFO - [2024-12-17T21:10:12.745+0000] {dagbag.py:588} INFO - Filling up the DagBag from /home/airflow/.local/lib/python3.12/site-packages/airflow/example_dags/example_nested_branch_dag.py
[2024-12-17T21:10:12.760+0000] {processor.py:925} INFO - DAG(s) 'example_nested_branch_dag' retrieved from /home/airflow/.local/lib/python3.12/site-packages/airflow/example_dags/example_nested_branch_dag.py
[2024-12-17T21:10:12.782+0000] {logging_mixin.py:190} INFO - [2024-12-17T21:10:12.782+0000] {dag.py:3239} INFO - Sync 1 DAGs
[2024-12-17T21:10:12.808+0000] {logging_mixin.py:190} INFO - [2024-12-17T21:10:12.807+0000] {dag.py:4180} INFO - Setting next_dagrun for example_nested_branch_dag to 2024-12-16 00:00:00+00:00, run_after=2024-12-17 00:00:00+00:00
[2024-12-17T21:10:12.832+0000] {processor.py:208} INFO - Processing /home/airflow/.local/lib/python3.12/site-packages/airflow/example_dags/example_nested_branch_dag.py took 0.099 seconds
[2024-12-17T21:10:44.157+0000] {processor.py:186} INFO - Started process (PID=1274) to work on /home/airflow/.local/lib/python3.12/site-packages/airflow/example_dags/example_nested_branch_dag.py
[2024-12-17T21:10:44.158+0000] {processor.py:914} INFO - Processing file /home/airflow/.local/lib/python3.12/site-packages/airflow/example_dags/example_nested_branch_dag.py for tasks to queue
[2024-12-17T21:10:44.159+0000] {logging_mixin.py:190} INFO - [2024-12-17T21:10:44.159+0000] {dagbag.py:588} INFO - Filling up the DagBag from /home/airflow/.local/lib/python3.12/site-packages/airflow/example_dags/example_nested_branch_dag.py
[2024-12-17T21:10:44.171+0000] {processor.py:925} INFO - DAG(s) 'example_nested_branch_dag' retrieved from /home/airflow/.local/lib/python3.12/site-packages/airflow/example_dags/example_nested_branch_dag.py
[2024-12-17T21:10:44.191+0000] {logging_mixin.py:190} INFO - [2024-12-17T21:10:44.191+0000] {dag.py:3239} INFO - Sync 1 DAGs
[2024-12-17T21:10:44.217+0000] {logging_mixin.py:190} INFO - [2024-12-17T21:10:44.217+0000] {dag.py:4180} INFO - Setting next_dagrun for example_nested_branch_dag to 2024-12-16 00:00:00+00:00, run_after=2024-12-17 00:00:00+00:00
[2024-12-17T21:10:44.235+0000] {processor.py:208} INFO - Processing /home/airflow/.local/lib/python3.12/site-packages/airflow/example_dags/example_nested_branch_dag.py took 0.084 seconds
[2024-12-17T21:11:15.224+0000] {processor.py:186} INFO - Started process (PID=1338) to work on /home/airflow/.local/lib/python3.12/site-packages/airflow/example_dags/example_nested_branch_dag.py
[2024-12-17T21:11:15.225+0000] {processor.py:914} INFO - Processing file /home/airflow/.local/lib/python3.12/site-packages/airflow/example_dags/example_nested_branch_dag.py for tasks to queue
[2024-12-17T21:11:15.226+0000] {logging_mixin.py:190} INFO - [2024-12-17T21:11:15.226+0000] {dagbag.py:588} INFO - Filling up the DagBag from /home/airflow/.local/lib/python3.12/site-packages/airflow/example_dags/example_nested_branch_dag.py
[2024-12-17T21:11:15.237+0000] {processor.py:925} INFO - DAG(s) 'example_nested_branch_dag' retrieved from /home/airflow/.local/lib/python3.12/site-packages/airflow/example_dags/example_nested_branch_dag.py
[2024-12-17T21:11:15.256+0000] {logging_mixin.py:190} INFO - [2024-12-17T21:11:15.256+0000] {dag.py:3239} INFO - Sync 1 DAGs
[2024-12-17T21:11:15.279+0000] {logging_mixin.py:190} INFO - [2024-12-17T21:11:15.279+0000] {dag.py:4180} INFO - Setting next_dagrun for example_nested_branch_dag to 2024-12-16 00:00:00+00:00, run_after=2024-12-17 00:00:00+00:00
[2024-12-17T21:11:15.297+0000] {processor.py:208} INFO - Processing /home/airflow/.local/lib/python3.12/site-packages/airflow/example_dags/example_nested_branch_dag.py took 0.079 seconds
[2024-12-17T21:11:46.806+0000] {processor.py:186} INFO - Started process (PID=1402) to work on /home/airflow/.local/lib/python3.12/site-packages/airflow/example_dags/example_nested_branch_dag.py
[2024-12-17T21:11:46.808+0000] {processor.py:914} INFO - Processing file /home/airflow/.local/lib/python3.12/site-packages/airflow/example_dags/example_nested_branch_dag.py for tasks to queue
[2024-12-17T21:11:46.810+0000] {logging_mixin.py:190} INFO - [2024-12-17T21:11:46.809+0000] {dagbag.py:588} INFO - Filling up the DagBag from /home/airflow/.local/lib/python3.12/site-packages/airflow/example_dags/example_nested_branch_dag.py
[2024-12-17T21:11:46.822+0000] {processor.py:925} INFO - DAG(s) 'example_nested_branch_dag' retrieved from /home/airflow/.local/lib/python3.12/site-packages/airflow/example_dags/example_nested_branch_dag.py
[2024-12-17T21:11:46.844+0000] {logging_mixin.py:190} INFO - [2024-12-17T21:11:46.844+0000] {dag.py:3239} INFO - Sync 1 DAGs
[2024-12-17T21:11:46.877+0000] {logging_mixin.py:190} INFO - [2024-12-17T21:11:46.876+0000] {dag.py:4180} INFO - Setting next_dagrun for example_nested_branch_dag to 2024-12-16 00:00:00+00:00, run_after=2024-12-17 00:00:00+00:00
[2024-12-17T21:11:46.893+0000] {processor.py:208} INFO - Processing /home/airflow/.local/lib/python3.12/site-packages/airflow/example_dags/example_nested_branch_dag.py took 0.094 seconds
[2024-12-17T21:12:17.867+0000] {processor.py:186} INFO - Started process (PID=1467) to work on /home/airflow/.local/lib/python3.12/site-packages/airflow/example_dags/example_nested_branch_dag.py
[2024-12-17T21:12:17.868+0000] {processor.py:914} INFO - Processing file /home/airflow/.local/lib/python3.12/site-packages/airflow/example_dags/example_nested_branch_dag.py for tasks to queue
[2024-12-17T21:12:17.870+0000] {logging_mixin.py:190} INFO - [2024-12-17T21:12:17.869+0000] {dagbag.py:588} INFO - Filling up the DagBag from /home/airflow/.local/lib/python3.12/site-packages/airflow/example_dags/example_nested_branch_dag.py
[2024-12-17T21:12:17.881+0000] {processor.py:925} INFO - DAG(s) 'example_nested_branch_dag' retrieved from /home/airflow/.local/lib/python3.12/site-packages/airflow/example_dags/example_nested_branch_dag.py
[2024-12-17T21:12:17.901+0000] {logging_mixin.py:190} INFO - [2024-12-17T21:12:17.901+0000] {dag.py:3239} INFO - Sync 1 DAGs
[2024-12-17T21:12:17.924+0000] {logging_mixin.py:190} INFO - [2024-12-17T21:12:17.924+0000] {dag.py:4180} INFO - Setting next_dagrun for example_nested_branch_dag to 2024-12-16 00:00:00+00:00, run_after=2024-12-17 00:00:00+00:00
[2024-12-17T21:12:17.949+0000] {processor.py:208} INFO - Processing /home/airflow/.local/lib/python3.12/site-packages/airflow/example_dags/example_nested_branch_dag.py took 0.087 seconds
[2024-12-17T21:12:49.069+0000] {processor.py:186} INFO - Started process (PID=1531) to work on /home/airflow/.local/lib/python3.12/site-packages/airflow/example_dags/example_nested_branch_dag.py
[2024-12-17T21:12:49.070+0000] {processor.py:914} INFO - Processing file /home/airflow/.local/lib/python3.12/site-packages/airflow/example_dags/example_nested_branch_dag.py for tasks to queue
[2024-12-17T21:12:49.072+0000] {logging_mixin.py:190} INFO - [2024-12-17T21:12:49.071+0000] {dagbag.py:588} INFO - Filling up the DagBag from /home/airflow/.local/lib/python3.12/site-packages/airflow/example_dags/example_nested_branch_dag.py
[2024-12-17T21:12:49.087+0000] {processor.py:925} INFO - DAG(s) 'example_nested_branch_dag' retrieved from /home/airflow/.local/lib/python3.12/site-packages/airflow/example_dags/example_nested_branch_dag.py
[2024-12-17T21:12:49.118+0000] {logging_mixin.py:190} INFO - [2024-12-17T21:12:49.118+0000] {dag.py:3239} INFO - Sync 1 DAGs
[2024-12-17T21:12:49.147+0000] {logging_mixin.py:190} INFO - [2024-12-17T21:12:49.147+0000] {dag.py:4180} INFO - Setting next_dagrun for example_nested_branch_dag to 2024-12-16 00:00:00+00:00, run_after=2024-12-17 00:00:00+00:00
[2024-12-17T21:12:49.176+0000] {processor.py:208} INFO - Processing /home/airflow/.local/lib/python3.12/site-packages/airflow/example_dags/example_nested_branch_dag.py took 0.113 seconds
[2024-12-17T21:13:20.139+0000] {processor.py:186} INFO - Started process (PID=1595) to work on /home/airflow/.local/lib/python3.12/site-packages/airflow/example_dags/example_nested_branch_dag.py
[2024-12-17T21:13:20.140+0000] {processor.py:914} INFO - Processing file /home/airflow/.local/lib/python3.12/site-packages/airflow/example_dags/example_nested_branch_dag.py for tasks to queue
[2024-12-17T21:13:20.141+0000] {logging_mixin.py:190} INFO - [2024-12-17T21:13:20.141+0000] {dagbag.py:588} INFO - Filling up the DagBag from /home/airflow/.local/lib/python3.12/site-packages/airflow/example_dags/example_nested_branch_dag.py
[2024-12-17T21:13:20.152+0000] {processor.py:925} INFO - DAG(s) 'example_nested_branch_dag' retrieved from /home/airflow/.local/lib/python3.12/site-packages/airflow/example_dags/example_nested_branch_dag.py
[2024-12-17T21:13:20.173+0000] {logging_mixin.py:190} INFO - [2024-12-17T21:13:20.173+0000] {dag.py:3239} INFO - Sync 1 DAGs
[2024-12-17T21:13:20.197+0000] {logging_mixin.py:190} INFO - [2024-12-17T21:13:20.196+0000] {dag.py:4180} INFO - Setting next_dagrun for example_nested_branch_dag to 2024-12-16 00:00:00+00:00, run_after=2024-12-17 00:00:00+00:00
[2024-12-17T21:13:20.214+0000] {processor.py:208} INFO - Processing /home/airflow/.local/lib/python3.12/site-packages/airflow/example_dags/example_nested_branch_dag.py took 0.081 seconds
[2024-12-17T21:13:51.269+0000] {processor.py:186} INFO - Started process (PID=1659) to work on /home/airflow/.local/lib/python3.12/site-packages/airflow/example_dags/example_nested_branch_dag.py
[2024-12-17T21:13:51.270+0000] {processor.py:914} INFO - Processing file /home/airflow/.local/lib/python3.12/site-packages/airflow/example_dags/example_nested_branch_dag.py for tasks to queue
[2024-12-17T21:13:51.272+0000] {logging_mixin.py:190} INFO - [2024-12-17T21:13:51.272+0000] {dagbag.py:588} INFO - Filling up the DagBag from /home/airflow/.local/lib/python3.12/site-packages/airflow/example_dags/example_nested_branch_dag.py
[2024-12-17T21:13:51.283+0000] {processor.py:925} INFO - DAG(s) 'example_nested_branch_dag' retrieved from /home/airflow/.local/lib/python3.12/site-packages/airflow/example_dags/example_nested_branch_dag.py
[2024-12-17T21:13:51.302+0000] {logging_mixin.py:190} INFO - [2024-12-17T21:13:51.302+0000] {dag.py:3239} INFO - Sync 1 DAGs
[2024-12-17T21:13:51.329+0000] {logging_mixin.py:190} INFO - [2024-12-17T21:13:51.329+0000] {dag.py:4180} INFO - Setting next_dagrun for example_nested_branch_dag to 2024-12-16 00:00:00+00:00, run_after=2024-12-17 00:00:00+00:00
[2024-12-17T21:13:51.346+0000] {processor.py:208} INFO - Processing /home/airflow/.local/lib/python3.12/site-packages/airflow/example_dags/example_nested_branch_dag.py took 0.083 seconds
[2024-12-17T21:14:22.464+0000] {processor.py:186} INFO - Started process (PID=1724) to work on /home/airflow/.local/lib/python3.12/site-packages/airflow/example_dags/example_nested_branch_dag.py
[2024-12-17T21:14:22.465+0000] {processor.py:914} INFO - Processing file /home/airflow/.local/lib/python3.12/site-packages/airflow/example_dags/example_nested_branch_dag.py for tasks to queue
[2024-12-17T21:14:22.466+0000] {logging_mixin.py:190} INFO - [2024-12-17T21:14:22.466+0000] {dagbag.py:588} INFO - Filling up the DagBag from /home/airflow/.local/lib/python3.12/site-packages/airflow/example_dags/example_nested_branch_dag.py
[2024-12-17T21:14:22.478+0000] {processor.py:925} INFO - DAG(s) 'example_nested_branch_dag' retrieved from /home/airflow/.local/lib/python3.12/site-packages/airflow/example_dags/example_nested_branch_dag.py
[2024-12-17T21:14:22.498+0000] {logging_mixin.py:190} INFO - [2024-12-17T21:14:22.498+0000] {dag.py:3239} INFO - Sync 1 DAGs
[2024-12-17T21:14:22.522+0000] {logging_mixin.py:190} INFO - [2024-12-17T21:14:22.521+0000] {dag.py:4180} INFO - Setting next_dagrun for example_nested_branch_dag to 2024-12-16 00:00:00+00:00, run_after=2024-12-17 00:00:00+00:00
[2024-12-17T21:14:22.548+0000] {processor.py:208} INFO - Processing /home/airflow/.local/lib/python3.12/site-packages/airflow/example_dags/example_nested_branch_dag.py took 0.089 seconds
[2024-12-17T21:14:53.421+0000] {processor.py:186} INFO - Started process (PID=1788) to work on /home/airflow/.local/lib/python3.12/site-packages/airflow/example_dags/example_nested_branch_dag.py
[2024-12-17T21:14:53.421+0000] {processor.py:914} INFO - Processing file /home/airflow/.local/lib/python3.12/site-packages/airflow/example_dags/example_nested_branch_dag.py for tasks to queue
[2024-12-17T21:14:53.423+0000] {logging_mixin.py:190} INFO - [2024-12-17T21:14:53.422+0000] {dagbag.py:588} INFO - Filling up the DagBag from /home/airflow/.local/lib/python3.12/site-packages/airflow/example_dags/example_nested_branch_dag.py
[2024-12-17T21:14:53.434+0000] {processor.py:925} INFO - DAG(s) 'example_nested_branch_dag' retrieved from /home/airflow/.local/lib/python3.12/site-packages/airflow/example_dags/example_nested_branch_dag.py
[2024-12-17T21:14:53.454+0000] {logging_mixin.py:190} INFO - [2024-12-17T21:14:53.454+0000] {dag.py:3239} INFO - Sync 1 DAGs
[2024-12-17T21:14:53.477+0000] {logging_mixin.py:190} INFO - [2024-12-17T21:14:53.476+0000] {dag.py:4180} INFO - Setting next_dagrun for example_nested_branch_dag to 2024-12-16 00:00:00+00:00, run_after=2024-12-17 00:00:00+00:00
[2024-12-17T21:14:53.498+0000] {processor.py:208} INFO - Processing /home/airflow/.local/lib/python3.12/site-packages/airflow/example_dags/example_nested_branch_dag.py took 0.083 seconds
[2024-12-17T21:15:24.494+0000] {processor.py:186} INFO - Started process (PID=1851) to work on /home/airflow/.local/lib/python3.12/site-packages/airflow/example_dags/example_nested_branch_dag.py
[2024-12-17T21:15:24.495+0000] {processor.py:914} INFO - Processing file /home/airflow/.local/lib/python3.12/site-packages/airflow/example_dags/example_nested_branch_dag.py for tasks to queue
[2024-12-17T21:15:24.496+0000] {logging_mixin.py:190} INFO - [2024-12-17T21:15:24.496+0000] {dagbag.py:588} INFO - Filling up the DagBag from /home/airflow/.local/lib/python3.12/site-packages/airflow/example_dags/example_nested_branch_dag.py
[2024-12-17T21:15:24.508+0000] {processor.py:925} INFO - DAG(s) 'example_nested_branch_dag' retrieved from /home/airflow/.local/lib/python3.12/site-packages/airflow/example_dags/example_nested_branch_dag.py
[2024-12-17T21:15:24.530+0000] {logging_mixin.py:190} INFO - [2024-12-17T21:15:24.530+0000] {dag.py:3239} INFO - Sync 1 DAGs
[2024-12-17T21:15:24.553+0000] {logging_mixin.py:190} INFO - [2024-12-17T21:15:24.553+0000] {dag.py:4180} INFO - Setting next_dagrun for example_nested_branch_dag to 2024-12-16 00:00:00+00:00, run_after=2024-12-17 00:00:00+00:00
[2024-12-17T21:15:24.571+0000] {processor.py:208} INFO - Processing /home/airflow/.local/lib/python3.12/site-packages/airflow/example_dags/example_nested_branch_dag.py took 0.082 seconds
[2024-12-17T21:15:55.729+0000] {processor.py:186} INFO - Started process (PID=1915) to work on /home/airflow/.local/lib/python3.12/site-packages/airflow/example_dags/example_nested_branch_dag.py
[2024-12-17T21:15:55.730+0000] {processor.py:914} INFO - Processing file /home/airflow/.local/lib/python3.12/site-packages/airflow/example_dags/example_nested_branch_dag.py for tasks to queue
[2024-12-17T21:15:55.732+0000] {logging_mixin.py:190} INFO - [2024-12-17T21:15:55.731+0000] {dagbag.py:588} INFO - Filling up the DagBag from /home/airflow/.local/lib/python3.12/site-packages/airflow/example_dags/example_nested_branch_dag.py
[2024-12-17T21:15:55.744+0000] {processor.py:925} INFO - DAG(s) 'example_nested_branch_dag' retrieved from /home/airflow/.local/lib/python3.12/site-packages/airflow/example_dags/example_nested_branch_dag.py
[2024-12-17T21:15:55.764+0000] {logging_mixin.py:190} INFO - [2024-12-17T21:15:55.764+0000] {dag.py:3239} INFO - Sync 1 DAGs
[2024-12-17T21:15:55.786+0000] {logging_mixin.py:190} INFO - [2024-12-17T21:15:55.786+0000] {dag.py:4180} INFO - Setting next_dagrun for example_nested_branch_dag to 2024-12-16 00:00:00+00:00, run_after=2024-12-17 00:00:00+00:00
[2024-12-17T21:15:55.810+0000] {processor.py:208} INFO - Processing /home/airflow/.local/lib/python3.12/site-packages/airflow/example_dags/example_nested_branch_dag.py took 0.088 seconds
[2024-12-17T21:16:28.626+0000] {processor.py:186} INFO - Started process (PID=1980) to work on /home/airflow/.local/lib/python3.12/site-packages/airflow/example_dags/example_nested_branch_dag.py
[2024-12-17T21:16:28.627+0000] {processor.py:914} INFO - Processing file /home/airflow/.local/lib/python3.12/site-packages/airflow/example_dags/example_nested_branch_dag.py for tasks to queue
[2024-12-17T21:16:28.629+0000] {logging_mixin.py:190} INFO - [2024-12-17T21:16:28.629+0000] {dagbag.py:588} INFO - Filling up the DagBag from /home/airflow/.local/lib/python3.12/site-packages/airflow/example_dags/example_nested_branch_dag.py
[2024-12-17T21:16:28.644+0000] {processor.py:925} INFO - DAG(s) 'example_nested_branch_dag' retrieved from /home/airflow/.local/lib/python3.12/site-packages/airflow/example_dags/example_nested_branch_dag.py
[2024-12-17T21:16:28.669+0000] {logging_mixin.py:190} INFO - [2024-12-17T21:16:28.669+0000] {dag.py:3239} INFO - Sync 1 DAGs
[2024-12-17T21:16:28.706+0000] {logging_mixin.py:190} INFO - [2024-12-17T21:16:28.705+0000] {dag.py:4180} INFO - Setting next_dagrun for example_nested_branch_dag to 2024-12-16 00:00:00+00:00, run_after=2024-12-17 00:00:00+00:00
[2024-12-17T21:16:28.726+0000] {processor.py:208} INFO - Processing /home/airflow/.local/lib/python3.12/site-packages/airflow/example_dags/example_nested_branch_dag.py took 0.107 seconds
[2024-12-17T21:17:00.278+0000] {processor.py:186} INFO - Started process (PID=2044) to work on /home/airflow/.local/lib/python3.12/site-packages/airflow/example_dags/example_nested_branch_dag.py
[2024-12-17T21:17:00.279+0000] {processor.py:914} INFO - Processing file /home/airflow/.local/lib/python3.12/site-packages/airflow/example_dags/example_nested_branch_dag.py for tasks to queue
[2024-12-17T21:17:00.281+0000] {logging_mixin.py:190} INFO - [2024-12-17T21:17:00.280+0000] {dagbag.py:588} INFO - Filling up the DagBag from /home/airflow/.local/lib/python3.12/site-packages/airflow/example_dags/example_nested_branch_dag.py
[2024-12-17T21:17:00.296+0000] {processor.py:925} INFO - DAG(s) 'example_nested_branch_dag' retrieved from /home/airflow/.local/lib/python3.12/site-packages/airflow/example_dags/example_nested_branch_dag.py
[2024-12-17T21:17:00.325+0000] {logging_mixin.py:190} INFO - [2024-12-17T21:17:00.325+0000] {dag.py:3239} INFO - Sync 1 DAGs
[2024-12-17T21:17:00.360+0000] {logging_mixin.py:190} INFO - [2024-12-17T21:17:00.360+0000] {dag.py:4180} INFO - Setting next_dagrun for example_nested_branch_dag to 2024-12-16 00:00:00+00:00, run_after=2024-12-17 00:00:00+00:00
[2024-12-17T21:17:00.378+0000] {processor.py:208} INFO - Processing /home/airflow/.local/lib/python3.12/site-packages/airflow/example_dags/example_nested_branch_dag.py took 0.109 seconds
[2024-12-17T21:17:31.951+0000] {processor.py:186} INFO - Started process (PID=2117) to work on /home/airflow/.local/lib/python3.12/site-packages/airflow/example_dags/example_nested_branch_dag.py
[2024-12-17T21:17:31.953+0000] {processor.py:914} INFO - Processing file /home/airflow/.local/lib/python3.12/site-packages/airflow/example_dags/example_nested_branch_dag.py for tasks to queue
[2024-12-17T21:17:31.954+0000] {logging_mixin.py:190} INFO - [2024-12-17T21:17:31.954+0000] {dagbag.py:588} INFO - Filling up the DagBag from /home/airflow/.local/lib/python3.12/site-packages/airflow/example_dags/example_nested_branch_dag.py
[2024-12-17T21:17:31.972+0000] {processor.py:925} INFO - DAG(s) 'example_nested_branch_dag' retrieved from /home/airflow/.local/lib/python3.12/site-packages/airflow/example_dags/example_nested_branch_dag.py
[2024-12-17T21:17:31.996+0000] {logging_mixin.py:190} INFO - [2024-12-17T21:17:31.996+0000] {dag.py:3239} INFO - Sync 1 DAGs
[2024-12-17T21:17:32.028+0000] {logging_mixin.py:190} INFO - [2024-12-17T21:17:32.027+0000] {dag.py:4180} INFO - Setting next_dagrun for example_nested_branch_dag to 2024-12-16 00:00:00+00:00, run_after=2024-12-17 00:00:00+00:00
[2024-12-17T21:17:32.047+0000] {processor.py:208} INFO - Processing /home/airflow/.local/lib/python3.12/site-packages/airflow/example_dags/example_nested_branch_dag.py took 0.105 seconds
