[2024-12-17T21:01:25.376+0000] {processor.py:186} INFO - Started process (PID=123) to work on /home/airflow/.local/lib/python3.12/site-packages/airflow/example_dags/example_python_operator.py
[2024-12-17T21:01:25.378+0000] {processor.py:914} INFO - Processing file /home/airflow/.local/lib/python3.12/site-packages/airflow/example_dags/example_python_operator.py for tasks to queue
[2024-12-17T21:01:25.382+0000] {logging_mixin.py:190} INFO - [2024-12-17T21:01:25.381+0000] {dagbag.py:588} INFO - Filling up the DagBag from /home/airflow/.local/lib/python3.12/site-packages/airflow/example_dags/example_python_operator.py
[2024-12-17T21:01:25.407+0000] {processor.py:925} INFO - DAG(s) 'example_python_operator' retrieved from /home/airflow/.local/lib/python3.12/site-packages/airflow/example_dags/example_python_operator.py
[2024-12-17T21:01:25.620+0000] {logging_mixin.py:190} INFO - [2024-12-17T21:01:25.618+0000] {override.py:1911} INFO - Created Permission View: can delete on DAG:example_python_operator
[2024-12-17T21:01:25.638+0000] {logging_mixin.py:190} INFO - [2024-12-17T21:01:25.638+0000] {override.py:1911} INFO - Created Permission View: can read on DAG:example_python_operator
[2024-12-17T21:01:25.650+0000] {logging_mixin.py:190} INFO - [2024-12-17T21:01:25.650+0000] {override.py:1911} INFO - Created Permission View: can edit on DAG:example_python_operator
[2024-12-17T21:01:25.664+0000] {logging_mixin.py:190} INFO - [2024-12-17T21:01:25.663+0000] {override.py:1911} INFO - Created Permission View: can create on DAG Run:example_python_operator
[2024-12-17T21:01:25.674+0000] {logging_mixin.py:190} INFO - [2024-12-17T21:01:25.674+0000] {override.py:1911} INFO - Created Permission View: menu access on DAG Run:example_python_operator
[2024-12-17T21:01:25.688+0000] {logging_mixin.py:190} INFO - [2024-12-17T21:01:25.687+0000] {override.py:1911} INFO - Created Permission View: can delete on DAG Run:example_python_operator
[2024-12-17T21:01:25.697+0000] {logging_mixin.py:190} INFO - [2024-12-17T21:01:25.696+0000] {override.py:1911} INFO - Created Permission View: can read on DAG Run:example_python_operator
[2024-12-17T21:01:25.698+0000] {logging_mixin.py:190} INFO - [2024-12-17T21:01:25.697+0000] {dag.py:3239} INFO - Sync 1 DAGs
[2024-12-17T21:01:25.722+0000] {logging_mixin.py:190} INFO - [2024-12-17T21:01:25.721+0000] {dag.py:3262} INFO - Creating ORM DAG for example_python_operator
[2024-12-17T21:01:25.723+0000] {logging_mixin.py:190} INFO - [2024-12-17T21:01:25.723+0000] {dag.py:4180} INFO - Setting next_dagrun for example_python_operator to None, run_after=None
[2024-12-17T21:01:25.746+0000] {processor.py:208} INFO - Processing /home/airflow/.local/lib/python3.12/site-packages/airflow/example_dags/example_python_operator.py took 0.381 seconds
[2024-12-17T21:01:55.880+0000] {processor.py:186} INFO - Started process (PID=187) to work on /home/airflow/.local/lib/python3.12/site-packages/airflow/example_dags/example_python_operator.py
[2024-12-17T21:01:55.881+0000] {processor.py:914} INFO - Processing file /home/airflow/.local/lib/python3.12/site-packages/airflow/example_dags/example_python_operator.py for tasks to queue
[2024-12-17T21:01:55.883+0000] {logging_mixin.py:190} INFO - [2024-12-17T21:01:55.883+0000] {dagbag.py:588} INFO - Filling up the DagBag from /home/airflow/.local/lib/python3.12/site-packages/airflow/example_dags/example_python_operator.py
[2024-12-17T21:01:55.895+0000] {processor.py:925} INFO - DAG(s) 'example_python_operator' retrieved from /home/airflow/.local/lib/python3.12/site-packages/airflow/example_dags/example_python_operator.py
[2024-12-17T21:01:55.920+0000] {logging_mixin.py:190} INFO - [2024-12-17T21:01:55.920+0000] {dag.py:3239} INFO - Sync 1 DAGs
[2024-12-17T21:01:55.942+0000] {logging_mixin.py:190} INFO - [2024-12-17T21:01:55.942+0000] {dag.py:4180} INFO - Setting next_dagrun for example_python_operator to None, run_after=None
[2024-12-17T21:01:55.963+0000] {processor.py:208} INFO - Processing /home/airflow/.local/lib/python3.12/site-packages/airflow/example_dags/example_python_operator.py took 0.089 seconds
[2024-12-17T21:02:26.243+0000] {processor.py:186} INFO - Started process (PID=251) to work on /home/airflow/.local/lib/python3.12/site-packages/airflow/example_dags/example_python_operator.py
[2024-12-17T21:02:26.245+0000] {processor.py:914} INFO - Processing file /home/airflow/.local/lib/python3.12/site-packages/airflow/example_dags/example_python_operator.py for tasks to queue
[2024-12-17T21:02:26.248+0000] {logging_mixin.py:190} INFO - [2024-12-17T21:02:26.247+0000] {dagbag.py:588} INFO - Filling up the DagBag from /home/airflow/.local/lib/python3.12/site-packages/airflow/example_dags/example_python_operator.py
[2024-12-17T21:02:26.266+0000] {processor.py:925} INFO - DAG(s) 'example_python_operator' retrieved from /home/airflow/.local/lib/python3.12/site-packages/airflow/example_dags/example_python_operator.py
[2024-12-17T21:02:26.291+0000] {logging_mixin.py:190} INFO - [2024-12-17T21:02:26.291+0000] {dag.py:3239} INFO - Sync 1 DAGs
[2024-12-17T21:02:26.309+0000] {logging_mixin.py:190} INFO - [2024-12-17T21:02:26.309+0000] {dag.py:4180} INFO - Setting next_dagrun for example_python_operator to None, run_after=None
[2024-12-17T21:02:26.334+0000] {processor.py:208} INFO - Processing /home/airflow/.local/lib/python3.12/site-packages/airflow/example_dags/example_python_operator.py took 0.099 seconds
[2024-12-17T21:02:56.546+0000] {processor.py:186} INFO - Started process (PID=315) to work on /home/airflow/.local/lib/python3.12/site-packages/airflow/example_dags/example_python_operator.py
[2024-12-17T21:02:56.547+0000] {processor.py:914} INFO - Processing file /home/airflow/.local/lib/python3.12/site-packages/airflow/example_dags/example_python_operator.py for tasks to queue
[2024-12-17T21:02:56.550+0000] {logging_mixin.py:190} INFO - [2024-12-17T21:02:56.550+0000] {dagbag.py:588} INFO - Filling up the DagBag from /home/airflow/.local/lib/python3.12/site-packages/airflow/example_dags/example_python_operator.py
[2024-12-17T21:02:56.562+0000] {processor.py:925} INFO - DAG(s) 'example_python_operator' retrieved from /home/airflow/.local/lib/python3.12/site-packages/airflow/example_dags/example_python_operator.py
[2024-12-17T21:02:56.584+0000] {logging_mixin.py:190} INFO - [2024-12-17T21:02:56.583+0000] {dag.py:3239} INFO - Sync 1 DAGs
[2024-12-17T21:02:56.597+0000] {logging_mixin.py:190} INFO - [2024-12-17T21:02:56.597+0000] {dag.py:4180} INFO - Setting next_dagrun for example_python_operator to None, run_after=None
[2024-12-17T21:02:56.623+0000] {processor.py:208} INFO - Processing /home/airflow/.local/lib/python3.12/site-packages/airflow/example_dags/example_python_operator.py took 0.082 seconds
[2024-12-17T21:03:27.512+0000] {processor.py:186} INFO - Started process (PID=379) to work on /home/airflow/.local/lib/python3.12/site-packages/airflow/example_dags/example_python_operator.py
[2024-12-17T21:03:27.513+0000] {processor.py:914} INFO - Processing file /home/airflow/.local/lib/python3.12/site-packages/airflow/example_dags/example_python_operator.py for tasks to queue
[2024-12-17T21:03:27.515+0000] {logging_mixin.py:190} INFO - [2024-12-17T21:03:27.515+0000] {dagbag.py:588} INFO - Filling up the DagBag from /home/airflow/.local/lib/python3.12/site-packages/airflow/example_dags/example_python_operator.py
[2024-12-17T21:03:27.527+0000] {processor.py:925} INFO - DAG(s) 'example_python_operator' retrieved from /home/airflow/.local/lib/python3.12/site-packages/airflow/example_dags/example_python_operator.py
[2024-12-17T21:03:27.548+0000] {logging_mixin.py:190} INFO - [2024-12-17T21:03:27.548+0000] {dag.py:3239} INFO - Sync 1 DAGs
[2024-12-17T21:03:27.562+0000] {logging_mixin.py:190} INFO - [2024-12-17T21:03:27.562+0000] {dag.py:4180} INFO - Setting next_dagrun for example_python_operator to None, run_after=None
[2024-12-17T21:03:27.580+0000] {processor.py:208} INFO - Processing /home/airflow/.local/lib/python3.12/site-packages/airflow/example_dags/example_python_operator.py took 0.074 seconds
[2024-12-17T21:03:57.731+0000] {processor.py:186} INFO - Started process (PID=442) to work on /home/airflow/.local/lib/python3.12/site-packages/airflow/example_dags/example_python_operator.py
[2024-12-17T21:03:57.732+0000] {processor.py:914} INFO - Processing file /home/airflow/.local/lib/python3.12/site-packages/airflow/example_dags/example_python_operator.py for tasks to queue
[2024-12-17T21:03:57.735+0000] {logging_mixin.py:190} INFO - [2024-12-17T21:03:57.735+0000] {dagbag.py:588} INFO - Filling up the DagBag from /home/airflow/.local/lib/python3.12/site-packages/airflow/example_dags/example_python_operator.py
[2024-12-17T21:03:57.747+0000] {processor.py:925} INFO - DAG(s) 'example_python_operator' retrieved from /home/airflow/.local/lib/python3.12/site-packages/airflow/example_dags/example_python_operator.py
[2024-12-17T21:03:57.767+0000] {logging_mixin.py:190} INFO - [2024-12-17T21:03:57.767+0000] {dag.py:3239} INFO - Sync 1 DAGs
[2024-12-17T21:03:57.781+0000] {logging_mixin.py:190} INFO - [2024-12-17T21:03:57.781+0000] {dag.py:4180} INFO - Setting next_dagrun for example_python_operator to None, run_after=None
[2024-12-17T21:03:57.798+0000] {processor.py:208} INFO - Processing /home/airflow/.local/lib/python3.12/site-packages/airflow/example_dags/example_python_operator.py took 0.072 seconds
[2024-12-17T21:04:29.908+0000] {processor.py:186} INFO - Started process (PID=507) to work on /home/airflow/.local/lib/python3.12/site-packages/airflow/example_dags/example_python_operator.py
[2024-12-17T21:04:29.910+0000] {processor.py:914} INFO - Processing file /home/airflow/.local/lib/python3.12/site-packages/airflow/example_dags/example_python_operator.py for tasks to queue
[2024-12-17T21:04:29.912+0000] {logging_mixin.py:190} INFO - [2024-12-17T21:04:29.911+0000] {dagbag.py:588} INFO - Filling up the DagBag from /home/airflow/.local/lib/python3.12/site-packages/airflow/example_dags/example_python_operator.py
[2024-12-17T21:04:29.930+0000] {processor.py:925} INFO - DAG(s) 'example_python_operator' retrieved from /home/airflow/.local/lib/python3.12/site-packages/airflow/example_dags/example_python_operator.py
[2024-12-17T21:04:29.957+0000] {logging_mixin.py:190} INFO - [2024-12-17T21:04:29.956+0000] {dag.py:3239} INFO - Sync 1 DAGs
[2024-12-17T21:04:29.978+0000] {logging_mixin.py:190} INFO - [2024-12-17T21:04:29.978+0000] {dag.py:4180} INFO - Setting next_dagrun for example_python_operator to None, run_after=None
[2024-12-17T21:04:30.003+0000] {processor.py:208} INFO - Processing /home/airflow/.local/lib/python3.12/site-packages/airflow/example_dags/example_python_operator.py took 0.103 seconds
[2024-12-17T21:05:01.006+0000] {processor.py:186} INFO - Started process (PID=571) to work on /home/airflow/.local/lib/python3.12/site-packages/airflow/example_dags/example_python_operator.py
[2024-12-17T21:05:01.007+0000] {processor.py:914} INFO - Processing file /home/airflow/.local/lib/python3.12/site-packages/airflow/example_dags/example_python_operator.py for tasks to queue
[2024-12-17T21:05:01.008+0000] {logging_mixin.py:190} INFO - [2024-12-17T21:05:01.008+0000] {dagbag.py:588} INFO - Filling up the DagBag from /home/airflow/.local/lib/python3.12/site-packages/airflow/example_dags/example_python_operator.py
[2024-12-17T21:05:01.020+0000] {processor.py:925} INFO - DAG(s) 'example_python_operator' retrieved from /home/airflow/.local/lib/python3.12/site-packages/airflow/example_dags/example_python_operator.py
[2024-12-17T21:05:01.040+0000] {logging_mixin.py:190} INFO - [2024-12-17T21:05:01.040+0000] {dag.py:3239} INFO - Sync 1 DAGs
[2024-12-17T21:05:01.058+0000] {logging_mixin.py:190} INFO - [2024-12-17T21:05:01.058+0000] {dag.py:4180} INFO - Setting next_dagrun for example_python_operator to None, run_after=None
[2024-12-17T21:05:01.086+0000] {processor.py:208} INFO - Processing /home/airflow/.local/lib/python3.12/site-packages/airflow/example_dags/example_python_operator.py took 0.086 seconds
[2024-12-17T21:05:31.521+0000] {processor.py:186} INFO - Started process (PID=634) to work on /home/airflow/.local/lib/python3.12/site-packages/airflow/example_dags/example_python_operator.py
[2024-12-17T21:05:31.522+0000] {processor.py:914} INFO - Processing file /home/airflow/.local/lib/python3.12/site-packages/airflow/example_dags/example_python_operator.py for tasks to queue
[2024-12-17T21:05:31.524+0000] {logging_mixin.py:190} INFO - [2024-12-17T21:05:31.523+0000] {dagbag.py:588} INFO - Filling up the DagBag from /home/airflow/.local/lib/python3.12/site-packages/airflow/example_dags/example_python_operator.py
[2024-12-17T21:05:31.535+0000] {processor.py:925} INFO - DAG(s) 'example_python_operator' retrieved from /home/airflow/.local/lib/python3.12/site-packages/airflow/example_dags/example_python_operator.py
[2024-12-17T21:05:31.557+0000] {logging_mixin.py:190} INFO - [2024-12-17T21:05:31.557+0000] {dag.py:3239} INFO - Sync 1 DAGs
[2024-12-17T21:05:31.571+0000] {logging_mixin.py:190} INFO - [2024-12-17T21:05:31.571+0000] {dag.py:4180} INFO - Setting next_dagrun for example_python_operator to None, run_after=None
[2024-12-17T21:05:31.596+0000] {processor.py:208} INFO - Processing /home/airflow/.local/lib/python3.12/site-packages/airflow/example_dags/example_python_operator.py took 0.081 seconds
[2024-12-17T21:06:03.180+0000] {processor.py:186} INFO - Started process (PID=698) to work on /home/airflow/.local/lib/python3.12/site-packages/airflow/example_dags/example_python_operator.py
[2024-12-17T21:06:03.181+0000] {processor.py:914} INFO - Processing file /home/airflow/.local/lib/python3.12/site-packages/airflow/example_dags/example_python_operator.py for tasks to queue
[2024-12-17T21:06:03.182+0000] {logging_mixin.py:190} INFO - [2024-12-17T21:06:03.182+0000] {dagbag.py:588} INFO - Filling up the DagBag from /home/airflow/.local/lib/python3.12/site-packages/airflow/example_dags/example_python_operator.py
[2024-12-17T21:06:03.193+0000] {processor.py:925} INFO - DAG(s) 'example_python_operator' retrieved from /home/airflow/.local/lib/python3.12/site-packages/airflow/example_dags/example_python_operator.py
[2024-12-17T21:06:03.213+0000] {logging_mixin.py:190} INFO - [2024-12-17T21:06:03.213+0000] {dag.py:3239} INFO - Sync 1 DAGs
[2024-12-17T21:06:03.227+0000] {logging_mixin.py:190} INFO - [2024-12-17T21:06:03.227+0000] {dag.py:4180} INFO - Setting next_dagrun for example_python_operator to None, run_after=None
[2024-12-17T21:06:03.252+0000] {processor.py:208} INFO - Processing /home/airflow/.local/lib/python3.12/site-packages/airflow/example_dags/example_python_operator.py took 0.078 seconds
[2024-12-17T21:06:33.861+0000] {processor.py:186} INFO - Started process (PID=762) to work on /home/airflow/.local/lib/python3.12/site-packages/airflow/example_dags/example_python_operator.py
[2024-12-17T21:06:33.862+0000] {processor.py:914} INFO - Processing file /home/airflow/.local/lib/python3.12/site-packages/airflow/example_dags/example_python_operator.py for tasks to queue
[2024-12-17T21:06:33.863+0000] {logging_mixin.py:190} INFO - [2024-12-17T21:06:33.863+0000] {dagbag.py:588} INFO - Filling up the DagBag from /home/airflow/.local/lib/python3.12/site-packages/airflow/example_dags/example_python_operator.py
[2024-12-17T21:06:33.875+0000] {processor.py:925} INFO - DAG(s) 'example_python_operator' retrieved from /home/airflow/.local/lib/python3.12/site-packages/airflow/example_dags/example_python_operator.py
[2024-12-17T21:06:33.899+0000] {logging_mixin.py:190} INFO - [2024-12-17T21:06:33.899+0000] {dag.py:3239} INFO - Sync 1 DAGs
[2024-12-17T21:06:33.914+0000] {logging_mixin.py:190} INFO - [2024-12-17T21:06:33.914+0000] {dag.py:4180} INFO - Setting next_dagrun for example_python_operator to None, run_after=None
[2024-12-17T21:06:33.932+0000] {processor.py:208} INFO - Processing /home/airflow/.local/lib/python3.12/site-packages/airflow/example_dags/example_python_operator.py took 0.077 seconds
[2024-12-17T21:07:05.287+0000] {processor.py:186} INFO - Started process (PID=827) to work on /home/airflow/.local/lib/python3.12/site-packages/airflow/example_dags/example_python_operator.py
[2024-12-17T21:07:05.288+0000] {processor.py:914} INFO - Processing file /home/airflow/.local/lib/python3.12/site-packages/airflow/example_dags/example_python_operator.py for tasks to queue
[2024-12-17T21:07:05.289+0000] {logging_mixin.py:190} INFO - [2024-12-17T21:07:05.289+0000] {dagbag.py:588} INFO - Filling up the DagBag from /home/airflow/.local/lib/python3.12/site-packages/airflow/example_dags/example_python_operator.py
[2024-12-17T21:07:05.301+0000] {processor.py:925} INFO - DAG(s) 'example_python_operator' retrieved from /home/airflow/.local/lib/python3.12/site-packages/airflow/example_dags/example_python_operator.py
[2024-12-17T21:07:05.321+0000] {logging_mixin.py:190} INFO - [2024-12-17T21:07:05.321+0000] {dag.py:3239} INFO - Sync 1 DAGs
[2024-12-17T21:07:05.335+0000] {logging_mixin.py:190} INFO - [2024-12-17T21:07:05.335+0000] {dag.py:4180} INFO - Setting next_dagrun for example_python_operator to None, run_after=None
[2024-12-17T21:07:05.359+0000] {processor.py:208} INFO - Processing /home/airflow/.local/lib/python3.12/site-packages/airflow/example_dags/example_python_operator.py took 0.077 seconds
[2024-12-17T21:07:37.111+0000] {processor.py:186} INFO - Started process (PID=890) to work on /home/airflow/.local/lib/python3.12/site-packages/airflow/example_dags/example_python_operator.py
[2024-12-17T21:07:37.112+0000] {processor.py:914} INFO - Processing file /home/airflow/.local/lib/python3.12/site-packages/airflow/example_dags/example_python_operator.py for tasks to queue
[2024-12-17T21:07:37.114+0000] {logging_mixin.py:190} INFO - [2024-12-17T21:07:37.113+0000] {dagbag.py:588} INFO - Filling up the DagBag from /home/airflow/.local/lib/python3.12/site-packages/airflow/example_dags/example_python_operator.py
[2024-12-17T21:07:37.128+0000] {processor.py:925} INFO - DAG(s) 'example_python_operator' retrieved from /home/airflow/.local/lib/python3.12/site-packages/airflow/example_dags/example_python_operator.py
[2024-12-17T21:07:37.152+0000] {logging_mixin.py:190} INFO - [2024-12-17T21:07:37.152+0000] {dag.py:3239} INFO - Sync 1 DAGs
[2024-12-17T21:07:37.173+0000] {logging_mixin.py:190} INFO - [2024-12-17T21:07:37.173+0000] {dag.py:4180} INFO - Setting next_dagrun for example_python_operator to None, run_after=None
[2024-12-17T21:07:37.191+0000] {processor.py:208} INFO - Processing /home/airflow/.local/lib/python3.12/site-packages/airflow/example_dags/example_python_operator.py took 0.086 seconds
[2024-12-17T21:08:08.093+0000] {processor.py:186} INFO - Started process (PID=954) to work on /home/airflow/.local/lib/python3.12/site-packages/airflow/example_dags/example_python_operator.py
[2024-12-17T21:08:08.094+0000] {processor.py:914} INFO - Processing file /home/airflow/.local/lib/python3.12/site-packages/airflow/example_dags/example_python_operator.py for tasks to queue
[2024-12-17T21:08:08.095+0000] {logging_mixin.py:190} INFO - [2024-12-17T21:08:08.095+0000] {dagbag.py:588} INFO - Filling up the DagBag from /home/airflow/.local/lib/python3.12/site-packages/airflow/example_dags/example_python_operator.py
[2024-12-17T21:08:08.108+0000] {processor.py:925} INFO - DAG(s) 'example_python_operator' retrieved from /home/airflow/.local/lib/python3.12/site-packages/airflow/example_dags/example_python_operator.py
[2024-12-17T21:08:08.133+0000] {logging_mixin.py:190} INFO - [2024-12-17T21:08:08.133+0000] {dag.py:3239} INFO - Sync 1 DAGs
[2024-12-17T21:08:08.150+0000] {logging_mixin.py:190} INFO - [2024-12-17T21:08:08.150+0000] {dag.py:4180} INFO - Setting next_dagrun for example_python_operator to None, run_after=None
[2024-12-17T21:08:08.177+0000] {processor.py:208} INFO - Processing /home/airflow/.local/lib/python3.12/site-packages/airflow/example_dags/example_python_operator.py took 0.090 seconds
[2024-12-17T21:08:38.554+0000] {processor.py:186} INFO - Started process (PID=1019) to work on /home/airflow/.local/lib/python3.12/site-packages/airflow/example_dags/example_python_operator.py
[2024-12-17T21:08:38.555+0000] {processor.py:914} INFO - Processing file /home/airflow/.local/lib/python3.12/site-packages/airflow/example_dags/example_python_operator.py for tasks to queue
[2024-12-17T21:08:38.556+0000] {logging_mixin.py:190} INFO - [2024-12-17T21:08:38.556+0000] {dagbag.py:588} INFO - Filling up the DagBag from /home/airflow/.local/lib/python3.12/site-packages/airflow/example_dags/example_python_operator.py
[2024-12-17T21:08:38.568+0000] {processor.py:925} INFO - DAG(s) 'example_python_operator' retrieved from /home/airflow/.local/lib/python3.12/site-packages/airflow/example_dags/example_python_operator.py
[2024-12-17T21:08:38.588+0000] {logging_mixin.py:190} INFO - [2024-12-17T21:08:38.588+0000] {dag.py:3239} INFO - Sync 1 DAGs
[2024-12-17T21:08:38.604+0000] {logging_mixin.py:190} INFO - [2024-12-17T21:08:38.603+0000] {dag.py:4180} INFO - Setting next_dagrun for example_python_operator to None, run_after=None
[2024-12-17T21:08:38.633+0000] {processor.py:208} INFO - Processing /home/airflow/.local/lib/python3.12/site-packages/airflow/example_dags/example_python_operator.py took 0.084 seconds
[2024-12-17T21:09:10.389+0000] {processor.py:186} INFO - Started process (PID=1084) to work on /home/airflow/.local/lib/python3.12/site-packages/airflow/example_dags/example_python_operator.py
[2024-12-17T21:09:10.391+0000] {processor.py:914} INFO - Processing file /home/airflow/.local/lib/python3.12/site-packages/airflow/example_dags/example_python_operator.py for tasks to queue
[2024-12-17T21:09:10.392+0000] {logging_mixin.py:190} INFO - [2024-12-17T21:09:10.392+0000] {dagbag.py:588} INFO - Filling up the DagBag from /home/airflow/.local/lib/python3.12/site-packages/airflow/example_dags/example_python_operator.py
[2024-12-17T21:09:10.403+0000] {processor.py:925} INFO - DAG(s) 'example_python_operator' retrieved from /home/airflow/.local/lib/python3.12/site-packages/airflow/example_dags/example_python_operator.py
[2024-12-17T21:09:10.423+0000] {logging_mixin.py:190} INFO - [2024-12-17T21:09:10.423+0000] {dag.py:3239} INFO - Sync 1 DAGs
[2024-12-17T21:09:10.437+0000] {logging_mixin.py:190} INFO - [2024-12-17T21:09:10.437+0000] {dag.py:4180} INFO - Setting next_dagrun for example_python_operator to None, run_after=None
[2024-12-17T21:09:10.463+0000] {processor.py:208} INFO - Processing /home/airflow/.local/lib/python3.12/site-packages/airflow/example_dags/example_python_operator.py took 0.079 seconds
[2024-12-17T21:09:41.856+0000] {processor.py:186} INFO - Started process (PID=1148) to work on /home/airflow/.local/lib/python3.12/site-packages/airflow/example_dags/example_python_operator.py
[2024-12-17T21:09:41.857+0000] {processor.py:914} INFO - Processing file /home/airflow/.local/lib/python3.12/site-packages/airflow/example_dags/example_python_operator.py for tasks to queue
[2024-12-17T21:09:41.859+0000] {logging_mixin.py:190} INFO - [2024-12-17T21:09:41.859+0000] {dagbag.py:588} INFO - Filling up the DagBag from /home/airflow/.local/lib/python3.12/site-packages/airflow/example_dags/example_python_operator.py
[2024-12-17T21:09:41.876+0000] {processor.py:925} INFO - DAG(s) 'example_python_operator' retrieved from /home/airflow/.local/lib/python3.12/site-packages/airflow/example_dags/example_python_operator.py
[2024-12-17T21:09:41.907+0000] {logging_mixin.py:190} INFO - [2024-12-17T21:09:41.906+0000] {dag.py:3239} INFO - Sync 1 DAGs
[2024-12-17T21:09:41.927+0000] {logging_mixin.py:190} INFO - [2024-12-17T21:09:41.927+0000] {dag.py:4180} INFO - Setting next_dagrun for example_python_operator to None, run_after=None
[2024-12-17T21:09:41.952+0000] {processor.py:208} INFO - Processing /home/airflow/.local/lib/python3.12/site-packages/airflow/example_dags/example_python_operator.py took 0.103 seconds
[2024-12-17T21:10:13.233+0000] {processor.py:186} INFO - Started process (PID=1218) to work on /home/airflow/.local/lib/python3.12/site-packages/airflow/example_dags/example_python_operator.py
[2024-12-17T21:10:13.234+0000] {processor.py:914} INFO - Processing file /home/airflow/.local/lib/python3.12/site-packages/airflow/example_dags/example_python_operator.py for tasks to queue
[2024-12-17T21:10:13.236+0000] {logging_mixin.py:190} INFO - [2024-12-17T21:10:13.235+0000] {dagbag.py:588} INFO - Filling up the DagBag from /home/airflow/.local/lib/python3.12/site-packages/airflow/example_dags/example_python_operator.py
[2024-12-17T21:10:13.249+0000] {processor.py:925} INFO - DAG(s) 'example_python_operator' retrieved from /home/airflow/.local/lib/python3.12/site-packages/airflow/example_dags/example_python_operator.py
[2024-12-17T21:10:13.274+0000] {logging_mixin.py:190} INFO - [2024-12-17T21:10:13.274+0000] {dag.py:3239} INFO - Sync 1 DAGs
[2024-12-17T21:10:13.291+0000] {logging_mixin.py:190} INFO - [2024-12-17T21:10:13.290+0000] {dag.py:4180} INFO - Setting next_dagrun for example_python_operator to None, run_after=None
[2024-12-17T21:10:13.311+0000] {processor.py:208} INFO - Processing /home/airflow/.local/lib/python3.12/site-packages/airflow/example_dags/example_python_operator.py took 0.084 seconds
[2024-12-17T21:10:44.599+0000] {processor.py:186} INFO - Started process (PID=1282) to work on /home/airflow/.local/lib/python3.12/site-packages/airflow/example_dags/example_python_operator.py
[2024-12-17T21:10:44.600+0000] {processor.py:914} INFO - Processing file /home/airflow/.local/lib/python3.12/site-packages/airflow/example_dags/example_python_operator.py for tasks to queue
[2024-12-17T21:10:44.601+0000] {logging_mixin.py:190} INFO - [2024-12-17T21:10:44.601+0000] {dagbag.py:588} INFO - Filling up the DagBag from /home/airflow/.local/lib/python3.12/site-packages/airflow/example_dags/example_python_operator.py
[2024-12-17T21:10:44.625+0000] {processor.py:925} INFO - DAG(s) 'example_python_operator' retrieved from /home/airflow/.local/lib/python3.12/site-packages/airflow/example_dags/example_python_operator.py
[2024-12-17T21:10:44.648+0000] {logging_mixin.py:190} INFO - [2024-12-17T21:10:44.648+0000] {dag.py:3239} INFO - Sync 1 DAGs
[2024-12-17T21:10:44.665+0000] {logging_mixin.py:190} INFO - [2024-12-17T21:10:44.665+0000] {dag.py:4180} INFO - Setting next_dagrun for example_python_operator to None, run_after=None
[2024-12-17T21:10:44.693+0000] {processor.py:208} INFO - Processing /home/airflow/.local/lib/python3.12/site-packages/airflow/example_dags/example_python_operator.py took 0.101 seconds
[2024-12-17T21:11:15.748+0000] {processor.py:186} INFO - Started process (PID=1346) to work on /home/airflow/.local/lib/python3.12/site-packages/airflow/example_dags/example_python_operator.py
[2024-12-17T21:11:15.749+0000] {processor.py:914} INFO - Processing file /home/airflow/.local/lib/python3.12/site-packages/airflow/example_dags/example_python_operator.py for tasks to queue
[2024-12-17T21:11:15.750+0000] {logging_mixin.py:190} INFO - [2024-12-17T21:11:15.750+0000] {dagbag.py:588} INFO - Filling up the DagBag from /home/airflow/.local/lib/python3.12/site-packages/airflow/example_dags/example_python_operator.py
[2024-12-17T21:11:15.761+0000] {processor.py:925} INFO - DAG(s) 'example_python_operator' retrieved from /home/airflow/.local/lib/python3.12/site-packages/airflow/example_dags/example_python_operator.py
[2024-12-17T21:11:15.782+0000] {logging_mixin.py:190} INFO - [2024-12-17T21:11:15.782+0000] {dag.py:3239} INFO - Sync 1 DAGs
[2024-12-17T21:11:15.799+0000] {logging_mixin.py:190} INFO - [2024-12-17T21:11:15.799+0000] {dag.py:4180} INFO - Setting next_dagrun for example_python_operator to None, run_after=None
[2024-12-17T21:11:15.817+0000] {processor.py:208} INFO - Processing /home/airflow/.local/lib/python3.12/site-packages/airflow/example_dags/example_python_operator.py took 0.075 seconds
[2024-12-17T21:11:47.947+0000] {processor.py:186} INFO - Started process (PID=1412) to work on /home/airflow/.local/lib/python3.12/site-packages/airflow/example_dags/example_python_operator.py
[2024-12-17T21:11:47.948+0000] {processor.py:914} INFO - Processing file /home/airflow/.local/lib/python3.12/site-packages/airflow/example_dags/example_python_operator.py for tasks to queue
[2024-12-17T21:11:47.950+0000] {logging_mixin.py:190} INFO - [2024-12-17T21:11:47.949+0000] {dagbag.py:588} INFO - Filling up the DagBag from /home/airflow/.local/lib/python3.12/site-packages/airflow/example_dags/example_python_operator.py
[2024-12-17T21:11:47.964+0000] {processor.py:925} INFO - DAG(s) 'example_python_operator' retrieved from /home/airflow/.local/lib/python3.12/site-packages/airflow/example_dags/example_python_operator.py
[2024-12-17T21:11:47.986+0000] {logging_mixin.py:190} INFO - [2024-12-17T21:11:47.985+0000] {dag.py:3239} INFO - Sync 1 DAGs
[2024-12-17T21:11:48.003+0000] {logging_mixin.py:190} INFO - [2024-12-17T21:11:48.003+0000] {dag.py:4180} INFO - Setting next_dagrun for example_python_operator to None, run_after=None
[2024-12-17T21:11:48.022+0000] {processor.py:208} INFO - Processing /home/airflow/.local/lib/python3.12/site-packages/airflow/example_dags/example_python_operator.py took 0.080 seconds
[2024-12-17T21:12:18.747+0000] {processor.py:186} INFO - Started process (PID=1476) to work on /home/airflow/.local/lib/python3.12/site-packages/airflow/example_dags/example_python_operator.py
[2024-12-17T21:12:18.748+0000] {processor.py:914} INFO - Processing file /home/airflow/.local/lib/python3.12/site-packages/airflow/example_dags/example_python_operator.py for tasks to queue
[2024-12-17T21:12:18.749+0000] {logging_mixin.py:190} INFO - [2024-12-17T21:12:18.749+0000] {dagbag.py:588} INFO - Filling up the DagBag from /home/airflow/.local/lib/python3.12/site-packages/airflow/example_dags/example_python_operator.py
[2024-12-17T21:12:18.761+0000] {processor.py:925} INFO - DAG(s) 'example_python_operator' retrieved from /home/airflow/.local/lib/python3.12/site-packages/airflow/example_dags/example_python_operator.py
[2024-12-17T21:12:18.783+0000] {logging_mixin.py:190} INFO - [2024-12-17T21:12:18.783+0000] {dag.py:3239} INFO - Sync 1 DAGs
[2024-12-17T21:12:18.804+0000] {logging_mixin.py:190} INFO - [2024-12-17T21:12:18.804+0000] {dag.py:4180} INFO - Setting next_dagrun for example_python_operator to None, run_after=None
[2024-12-17T21:12:18.830+0000] {processor.py:208} INFO - Processing /home/airflow/.local/lib/python3.12/site-packages/airflow/example_dags/example_python_operator.py took 0.088 seconds
[2024-12-17T21:12:50.434+0000] {processor.py:186} INFO - Started process (PID=1541) to work on /home/airflow/.local/lib/python3.12/site-packages/airflow/example_dags/example_python_operator.py
[2024-12-17T21:12:50.435+0000] {processor.py:914} INFO - Processing file /home/airflow/.local/lib/python3.12/site-packages/airflow/example_dags/example_python_operator.py for tasks to queue
[2024-12-17T21:12:50.436+0000] {logging_mixin.py:190} INFO - [2024-12-17T21:12:50.436+0000] {dagbag.py:588} INFO - Filling up the DagBag from /home/airflow/.local/lib/python3.12/site-packages/airflow/example_dags/example_python_operator.py
[2024-12-17T21:12:50.449+0000] {processor.py:925} INFO - DAG(s) 'example_python_operator' retrieved from /home/airflow/.local/lib/python3.12/site-packages/airflow/example_dags/example_python_operator.py
[2024-12-17T21:12:50.470+0000] {logging_mixin.py:190} INFO - [2024-12-17T21:12:50.470+0000] {dag.py:3239} INFO - Sync 1 DAGs
[2024-12-17T21:12:50.487+0000] {logging_mixin.py:190} INFO - [2024-12-17T21:12:50.486+0000] {dag.py:4180} INFO - Setting next_dagrun for example_python_operator to None, run_after=None
[2024-12-17T21:12:50.505+0000] {processor.py:208} INFO - Processing /home/airflow/.local/lib/python3.12/site-packages/airflow/example_dags/example_python_operator.py took 0.077 seconds
[2024-12-17T21:13:21.105+0000] {processor.py:186} INFO - Started process (PID=1605) to work on /home/airflow/.local/lib/python3.12/site-packages/airflow/example_dags/example_python_operator.py
[2024-12-17T21:13:21.106+0000] {processor.py:914} INFO - Processing file /home/airflow/.local/lib/python3.12/site-packages/airflow/example_dags/example_python_operator.py for tasks to queue
[2024-12-17T21:13:21.108+0000] {logging_mixin.py:190} INFO - [2024-12-17T21:13:21.107+0000] {dagbag.py:588} INFO - Filling up the DagBag from /home/airflow/.local/lib/python3.12/site-packages/airflow/example_dags/example_python_operator.py
[2024-12-17T21:13:21.119+0000] {processor.py:925} INFO - DAG(s) 'example_python_operator' retrieved from /home/airflow/.local/lib/python3.12/site-packages/airflow/example_dags/example_python_operator.py
[2024-12-17T21:13:21.139+0000] {logging_mixin.py:190} INFO - [2024-12-17T21:13:21.138+0000] {dag.py:3239} INFO - Sync 1 DAGs
[2024-12-17T21:13:21.153+0000] {logging_mixin.py:190} INFO - [2024-12-17T21:13:21.153+0000] {dag.py:4180} INFO - Setting next_dagrun for example_python_operator to None, run_after=None
[2024-12-17T21:13:21.179+0000] {processor.py:208} INFO - Processing /home/airflow/.local/lib/python3.12/site-packages/airflow/example_dags/example_python_operator.py took 0.080 seconds
[2024-12-17T21:13:52.325+0000] {processor.py:186} INFO - Started process (PID=1669) to work on /home/airflow/.local/lib/python3.12/site-packages/airflow/example_dags/example_python_operator.py
[2024-12-17T21:13:52.326+0000] {processor.py:914} INFO - Processing file /home/airflow/.local/lib/python3.12/site-packages/airflow/example_dags/example_python_operator.py for tasks to queue
[2024-12-17T21:13:52.328+0000] {logging_mixin.py:190} INFO - [2024-12-17T21:13:52.327+0000] {dagbag.py:588} INFO - Filling up the DagBag from /home/airflow/.local/lib/python3.12/site-packages/airflow/example_dags/example_python_operator.py
[2024-12-17T21:13:52.339+0000] {processor.py:925} INFO - DAG(s) 'example_python_operator' retrieved from /home/airflow/.local/lib/python3.12/site-packages/airflow/example_dags/example_python_operator.py
[2024-12-17T21:13:52.360+0000] {logging_mixin.py:190} INFO - [2024-12-17T21:13:52.360+0000] {dag.py:3239} INFO - Sync 1 DAGs
[2024-12-17T21:13:52.376+0000] {logging_mixin.py:190} INFO - [2024-12-17T21:13:52.376+0000] {dag.py:4180} INFO - Setting next_dagrun for example_python_operator to None, run_after=None
[2024-12-17T21:13:52.392+0000] {processor.py:208} INFO - Processing /home/airflow/.local/lib/python3.12/site-packages/airflow/example_dags/example_python_operator.py took 0.072 seconds
[2024-12-17T21:14:23.334+0000] {processor.py:186} INFO - Started process (PID=1733) to work on /home/airflow/.local/lib/python3.12/site-packages/airflow/example_dags/example_python_operator.py
[2024-12-17T21:14:23.335+0000] {processor.py:914} INFO - Processing file /home/airflow/.local/lib/python3.12/site-packages/airflow/example_dags/example_python_operator.py for tasks to queue
[2024-12-17T21:14:23.337+0000] {logging_mixin.py:190} INFO - [2024-12-17T21:14:23.336+0000] {dagbag.py:588} INFO - Filling up the DagBag from /home/airflow/.local/lib/python3.12/site-packages/airflow/example_dags/example_python_operator.py
[2024-12-17T21:14:23.350+0000] {processor.py:925} INFO - DAG(s) 'example_python_operator' retrieved from /home/airflow/.local/lib/python3.12/site-packages/airflow/example_dags/example_python_operator.py
[2024-12-17T21:14:23.370+0000] {logging_mixin.py:190} INFO - [2024-12-17T21:14:23.370+0000] {dag.py:3239} INFO - Sync 1 DAGs
[2024-12-17T21:14:23.386+0000] {logging_mixin.py:190} INFO - [2024-12-17T21:14:23.385+0000] {dag.py:4180} INFO - Setting next_dagrun for example_python_operator to None, run_after=None
[2024-12-17T21:14:23.410+0000] {processor.py:208} INFO - Processing /home/airflow/.local/lib/python3.12/site-packages/airflow/example_dags/example_python_operator.py took 0.081 seconds
[2024-12-17T21:14:54.293+0000] {processor.py:186} INFO - Started process (PID=1797) to work on /home/airflow/.local/lib/python3.12/site-packages/airflow/example_dags/example_python_operator.py
[2024-12-17T21:14:54.294+0000] {processor.py:914} INFO - Processing file /home/airflow/.local/lib/python3.12/site-packages/airflow/example_dags/example_python_operator.py for tasks to queue
[2024-12-17T21:14:54.295+0000] {logging_mixin.py:190} INFO - [2024-12-17T21:14:54.295+0000] {dagbag.py:588} INFO - Filling up the DagBag from /home/airflow/.local/lib/python3.12/site-packages/airflow/example_dags/example_python_operator.py
[2024-12-17T21:14:54.307+0000] {processor.py:925} INFO - DAG(s) 'example_python_operator' retrieved from /home/airflow/.local/lib/python3.12/site-packages/airflow/example_dags/example_python_operator.py
[2024-12-17T21:14:54.328+0000] {logging_mixin.py:190} INFO - [2024-12-17T21:14:54.327+0000] {dag.py:3239} INFO - Sync 1 DAGs
[2024-12-17T21:14:54.342+0000] {logging_mixin.py:190} INFO - [2024-12-17T21:14:54.342+0000] {dag.py:4180} INFO - Setting next_dagrun for example_python_operator to None, run_after=None
[2024-12-17T21:14:54.370+0000] {processor.py:208} INFO - Processing /home/airflow/.local/lib/python3.12/site-packages/airflow/example_dags/example_python_operator.py took 0.082 seconds
[2024-12-17T21:15:25.207+0000] {processor.py:186} INFO - Started process (PID=1860) to work on /home/airflow/.local/lib/python3.12/site-packages/airflow/example_dags/example_python_operator.py
[2024-12-17T21:15:25.208+0000] {processor.py:914} INFO - Processing file /home/airflow/.local/lib/python3.12/site-packages/airflow/example_dags/example_python_operator.py for tasks to queue
[2024-12-17T21:15:25.210+0000] {logging_mixin.py:190} INFO - [2024-12-17T21:15:25.209+0000] {dagbag.py:588} INFO - Filling up the DagBag from /home/airflow/.local/lib/python3.12/site-packages/airflow/example_dags/example_python_operator.py
[2024-12-17T21:15:25.221+0000] {processor.py:925} INFO - DAG(s) 'example_python_operator' retrieved from /home/airflow/.local/lib/python3.12/site-packages/airflow/example_dags/example_python_operator.py
[2024-12-17T21:15:25.240+0000] {logging_mixin.py:190} INFO - [2024-12-17T21:15:25.240+0000] {dag.py:3239} INFO - Sync 1 DAGs
[2024-12-17T21:15:25.255+0000] {logging_mixin.py:190} INFO - [2024-12-17T21:15:25.254+0000] {dag.py:4180} INFO - Setting next_dagrun for example_python_operator to None, run_after=None
[2024-12-17T21:15:25.278+0000] {processor.py:208} INFO - Processing /home/airflow/.local/lib/python3.12/site-packages/airflow/example_dags/example_python_operator.py took 0.076 seconds
[2024-12-17T21:15:56.519+0000] {processor.py:186} INFO - Started process (PID=1924) to work on /home/airflow/.local/lib/python3.12/site-packages/airflow/example_dags/example_python_operator.py
[2024-12-17T21:15:56.520+0000] {processor.py:914} INFO - Processing file /home/airflow/.local/lib/python3.12/site-packages/airflow/example_dags/example_python_operator.py for tasks to queue
[2024-12-17T21:15:56.522+0000] {logging_mixin.py:190} INFO - [2024-12-17T21:15:56.521+0000] {dagbag.py:588} INFO - Filling up the DagBag from /home/airflow/.local/lib/python3.12/site-packages/airflow/example_dags/example_python_operator.py
[2024-12-17T21:15:56.533+0000] {processor.py:925} INFO - DAG(s) 'example_python_operator' retrieved from /home/airflow/.local/lib/python3.12/site-packages/airflow/example_dags/example_python_operator.py
[2024-12-17T21:15:56.555+0000] {logging_mixin.py:190} INFO - [2024-12-17T21:15:56.555+0000] {dag.py:3239} INFO - Sync 1 DAGs
[2024-12-17T21:15:56.569+0000] {logging_mixin.py:190} INFO - [2024-12-17T21:15:56.569+0000] {dag.py:4180} INFO - Setting next_dagrun for example_python_operator to None, run_after=None
[2024-12-17T21:15:56.594+0000] {processor.py:208} INFO - Processing /home/airflow/.local/lib/python3.12/site-packages/airflow/example_dags/example_python_operator.py took 0.081 seconds
[2024-12-17T21:16:29.210+0000] {processor.py:186} INFO - Started process (PID=1988) to work on /home/airflow/.local/lib/python3.12/site-packages/airflow/example_dags/example_python_operator.py
[2024-12-17T21:16:29.211+0000] {processor.py:914} INFO - Processing file /home/airflow/.local/lib/python3.12/site-packages/airflow/example_dags/example_python_operator.py for tasks to queue
[2024-12-17T21:16:29.214+0000] {logging_mixin.py:190} INFO - [2024-12-17T21:16:29.214+0000] {dagbag.py:588} INFO - Filling up the DagBag from /home/airflow/.local/lib/python3.12/site-packages/airflow/example_dags/example_python_operator.py
[2024-12-17T21:16:29.231+0000] {processor.py:925} INFO - DAG(s) 'example_python_operator' retrieved from /home/airflow/.local/lib/python3.12/site-packages/airflow/example_dags/example_python_operator.py
[2024-12-17T21:16:29.260+0000] {logging_mixin.py:190} INFO - [2024-12-17T21:16:29.260+0000] {dag.py:3239} INFO - Sync 1 DAGs
[2024-12-17T21:16:29.280+0000] {logging_mixin.py:190} INFO - [2024-12-17T21:16:29.280+0000] {dag.py:4180} INFO - Setting next_dagrun for example_python_operator to None, run_after=None
[2024-12-17T21:16:29.309+0000] {processor.py:208} INFO - Processing /home/airflow/.local/lib/python3.12/site-packages/airflow/example_dags/example_python_operator.py took 0.106 seconds
[2024-12-17T21:17:01.460+0000] {processor.py:186} INFO - Started process (PID=2061) to work on /home/airflow/.local/lib/python3.12/site-packages/airflow/example_dags/example_python_operator.py
[2024-12-17T21:17:01.461+0000] {processor.py:914} INFO - Processing file /home/airflow/.local/lib/python3.12/site-packages/airflow/example_dags/example_python_operator.py for tasks to queue
[2024-12-17T21:17:01.463+0000] {logging_mixin.py:190} INFO - [2024-12-17T21:17:01.463+0000] {dagbag.py:588} INFO - Filling up the DagBag from /home/airflow/.local/lib/python3.12/site-packages/airflow/example_dags/example_python_operator.py
[2024-12-17T21:17:01.481+0000] {processor.py:925} INFO - DAG(s) 'example_python_operator' retrieved from /home/airflow/.local/lib/python3.12/site-packages/airflow/example_dags/example_python_operator.py
[2024-12-17T21:17:01.511+0000] {logging_mixin.py:190} INFO - [2024-12-17T21:17:01.510+0000] {dag.py:3239} INFO - Sync 1 DAGs
[2024-12-17T21:17:01.529+0000] {logging_mixin.py:190} INFO - [2024-12-17T21:17:01.529+0000] {dag.py:4180} INFO - Setting next_dagrun for example_python_operator to None, run_after=None
[2024-12-17T21:17:01.559+0000] {processor.py:208} INFO - Processing /home/airflow/.local/lib/python3.12/site-packages/airflow/example_dags/example_python_operator.py took 0.108 seconds
[2024-12-17T21:17:32.753+0000] {processor.py:186} INFO - Started process (PID=2131) to work on /home/airflow/.local/lib/python3.12/site-packages/airflow/example_dags/example_python_operator.py
[2024-12-17T21:17:32.754+0000] {processor.py:914} INFO - Processing file /home/airflow/.local/lib/python3.12/site-packages/airflow/example_dags/example_python_operator.py for tasks to queue
[2024-12-17T21:17:32.757+0000] {logging_mixin.py:190} INFO - [2024-12-17T21:17:32.756+0000] {dagbag.py:588} INFO - Filling up the DagBag from /home/airflow/.local/lib/python3.12/site-packages/airflow/example_dags/example_python_operator.py
[2024-12-17T21:17:32.774+0000] {processor.py:925} INFO - DAG(s) 'example_python_operator' retrieved from /home/airflow/.local/lib/python3.12/site-packages/airflow/example_dags/example_python_operator.py
[2024-12-17T21:17:32.797+0000] {logging_mixin.py:190} INFO - [2024-12-17T21:17:32.797+0000] {dag.py:3239} INFO - Sync 1 DAGs
[2024-12-17T21:17:32.814+0000] {logging_mixin.py:190} INFO - [2024-12-17T21:17:32.814+0000] {dag.py:4180} INFO - Setting next_dagrun for example_python_operator to None, run_after=None
[2024-12-17T21:17:32.844+0000] {processor.py:208} INFO - Processing /home/airflow/.local/lib/python3.12/site-packages/airflow/example_dags/example_python_operator.py took 0.097 seconds
