[2024-12-17T21:01:23.510+0000] {processor.py:186} INFO - Started process (PID=115) to work on /home/airflow/.local/lib/python3.12/site-packages/airflow/example_dags/example_time_delta_sensor_async.py
[2024-12-17T21:01:23.511+0000] {processor.py:914} INFO - Processing file /home/airflow/.local/lib/python3.12/site-packages/airflow/example_dags/example_time_delta_sensor_async.py for tasks to queue
[2024-12-17T21:01:23.514+0000] {logging_mixin.py:190} INFO - [2024-12-17T21:01:23.513+0000] {dagbag.py:588} INFO - Filling up the DagBag from /home/airflow/.local/lib/python3.12/site-packages/airflow/example_dags/example_time_delta_sensor_async.py
[2024-12-17T21:01:23.522+0000] {processor.py:925} INFO - DAG(s) 'example_time_delta_sensor_async' retrieved from /home/airflow/.local/lib/python3.12/site-packages/airflow/example_dags/example_time_delta_sensor_async.py
[2024-12-17T21:01:23.652+0000] {logging_mixin.py:190} INFO - [2024-12-17T21:01:23.651+0000] {override.py:1911} INFO - Created Permission View: can delete on DAG:example_time_delta_sensor_async
[2024-12-17T21:01:23.662+0000] {logging_mixin.py:190} INFO - [2024-12-17T21:01:23.661+0000] {override.py:1911} INFO - Created Permission View: can read on DAG:example_time_delta_sensor_async
[2024-12-17T21:01:23.671+0000] {logging_mixin.py:190} INFO - [2024-12-17T21:01:23.671+0000] {override.py:1911} INFO - Created Permission View: can edit on DAG:example_time_delta_sensor_async
[2024-12-17T21:01:23.681+0000] {logging_mixin.py:190} INFO - [2024-12-17T21:01:23.680+0000] {override.py:1911} INFO - Created Permission View: can create on DAG Run:example_time_delta_sensor_async
[2024-12-17T21:01:23.689+0000] {logging_mixin.py:190} INFO - [2024-12-17T21:01:23.688+0000] {override.py:1911} INFO - Created Permission View: menu access on DAG Run:example_time_delta_sensor_async
[2024-12-17T21:01:23.695+0000] {logging_mixin.py:190} INFO - [2024-12-17T21:01:23.695+0000] {override.py:1911} INFO - Created Permission View: can delete on DAG Run:example_time_delta_sensor_async
[2024-12-17T21:01:23.701+0000] {logging_mixin.py:190} INFO - [2024-12-17T21:01:23.701+0000] {override.py:1911} INFO - Created Permission View: can read on DAG Run:example_time_delta_sensor_async
[2024-12-17T21:01:23.702+0000] {logging_mixin.py:190} INFO - [2024-12-17T21:01:23.702+0000] {dag.py:3239} INFO - Sync 1 DAGs
[2024-12-17T21:01:23.719+0000] {logging_mixin.py:190} INFO - [2024-12-17T21:01:23.718+0000] {dag.py:3262} INFO - Creating ORM DAG for example_time_delta_sensor_async
[2024-12-17T21:01:23.720+0000] {logging_mixin.py:190} INFO - [2024-12-17T21:01:23.720+0000] {dag.py:4180} INFO - Setting next_dagrun for example_time_delta_sensor_async to None, run_after=None
[2024-12-17T21:01:23.744+0000] {processor.py:208} INFO - Processing /home/airflow/.local/lib/python3.12/site-packages/airflow/example_dags/example_time_delta_sensor_async.py took 0.241 seconds
[2024-12-17T21:01:54.287+0000] {processor.py:186} INFO - Started process (PID=179) to work on /home/airflow/.local/lib/python3.12/site-packages/airflow/example_dags/example_time_delta_sensor_async.py
[2024-12-17T21:01:54.288+0000] {processor.py:914} INFO - Processing file /home/airflow/.local/lib/python3.12/site-packages/airflow/example_dags/example_time_delta_sensor_async.py for tasks to queue
[2024-12-17T21:01:54.290+0000] {logging_mixin.py:190} INFO - [2024-12-17T21:01:54.290+0000] {dagbag.py:588} INFO - Filling up the DagBag from /home/airflow/.local/lib/python3.12/site-packages/airflow/example_dags/example_time_delta_sensor_async.py
[2024-12-17T21:01:54.297+0000] {processor.py:925} INFO - DAG(s) 'example_time_delta_sensor_async' retrieved from /home/airflow/.local/lib/python3.12/site-packages/airflow/example_dags/example_time_delta_sensor_async.py
[2024-12-17T21:01:54.315+0000] {logging_mixin.py:190} INFO - [2024-12-17T21:01:54.314+0000] {dag.py:3239} INFO - Sync 1 DAGs
[2024-12-17T21:01:54.329+0000] {logging_mixin.py:190} INFO - [2024-12-17T21:01:54.328+0000] {dag.py:4180} INFO - Setting next_dagrun for example_time_delta_sensor_async to None, run_after=None
[2024-12-17T21:01:54.346+0000] {processor.py:208} INFO - Processing /home/airflow/.local/lib/python3.12/site-packages/airflow/example_dags/example_time_delta_sensor_async.py took 0.065 seconds
[2024-12-17T21:02:24.496+0000] {processor.py:186} INFO - Started process (PID=243) to work on /home/airflow/.local/lib/python3.12/site-packages/airflow/example_dags/example_time_delta_sensor_async.py
[2024-12-17T21:02:24.497+0000] {processor.py:914} INFO - Processing file /home/airflow/.local/lib/python3.12/site-packages/airflow/example_dags/example_time_delta_sensor_async.py for tasks to queue
[2024-12-17T21:02:24.499+0000] {logging_mixin.py:190} INFO - [2024-12-17T21:02:24.498+0000] {dagbag.py:588} INFO - Filling up the DagBag from /home/airflow/.local/lib/python3.12/site-packages/airflow/example_dags/example_time_delta_sensor_async.py
[2024-12-17T21:02:24.505+0000] {processor.py:925} INFO - DAG(s) 'example_time_delta_sensor_async' retrieved from /home/airflow/.local/lib/python3.12/site-packages/airflow/example_dags/example_time_delta_sensor_async.py
[2024-12-17T21:02:24.522+0000] {logging_mixin.py:190} INFO - [2024-12-17T21:02:24.521+0000] {dag.py:3239} INFO - Sync 1 DAGs
[2024-12-17T21:02:24.535+0000] {logging_mixin.py:190} INFO - [2024-12-17T21:02:24.535+0000] {dag.py:4180} INFO - Setting next_dagrun for example_time_delta_sensor_async to None, run_after=None
[2024-12-17T21:02:24.574+0000] {processor.py:208} INFO - Processing /home/airflow/.local/lib/python3.12/site-packages/airflow/example_dags/example_time_delta_sensor_async.py took 0.083 seconds
[2024-12-17T21:02:54.864+0000] {processor.py:186} INFO - Started process (PID=307) to work on /home/airflow/.local/lib/python3.12/site-packages/airflow/example_dags/example_time_delta_sensor_async.py
[2024-12-17T21:02:54.866+0000] {processor.py:914} INFO - Processing file /home/airflow/.local/lib/python3.12/site-packages/airflow/example_dags/example_time_delta_sensor_async.py for tasks to queue
[2024-12-17T21:02:54.869+0000] {logging_mixin.py:190} INFO - [2024-12-17T21:02:54.868+0000] {dagbag.py:588} INFO - Filling up the DagBag from /home/airflow/.local/lib/python3.12/site-packages/airflow/example_dags/example_time_delta_sensor_async.py
[2024-12-17T21:02:54.875+0000] {processor.py:925} INFO - DAG(s) 'example_time_delta_sensor_async' retrieved from /home/airflow/.local/lib/python3.12/site-packages/airflow/example_dags/example_time_delta_sensor_async.py
[2024-12-17T21:02:54.893+0000] {logging_mixin.py:190} INFO - [2024-12-17T21:02:54.893+0000] {dag.py:3239} INFO - Sync 1 DAGs
[2024-12-17T21:02:54.907+0000] {logging_mixin.py:190} INFO - [2024-12-17T21:02:54.906+0000] {dag.py:4180} INFO - Setting next_dagrun for example_time_delta_sensor_async to None, run_after=None
[2024-12-17T21:02:54.931+0000] {processor.py:208} INFO - Processing /home/airflow/.local/lib/python3.12/site-packages/airflow/example_dags/example_time_delta_sensor_async.py took 0.074 seconds
[2024-12-17T21:03:25.930+0000] {processor.py:186} INFO - Started process (PID=371) to work on /home/airflow/.local/lib/python3.12/site-packages/airflow/example_dags/example_time_delta_sensor_async.py
[2024-12-17T21:03:25.931+0000] {processor.py:914} INFO - Processing file /home/airflow/.local/lib/python3.12/site-packages/airflow/example_dags/example_time_delta_sensor_async.py for tasks to queue
[2024-12-17T21:03:25.933+0000] {logging_mixin.py:190} INFO - [2024-12-17T21:03:25.933+0000] {dagbag.py:588} INFO - Filling up the DagBag from /home/airflow/.local/lib/python3.12/site-packages/airflow/example_dags/example_time_delta_sensor_async.py
[2024-12-17T21:03:25.940+0000] {processor.py:925} INFO - DAG(s) 'example_time_delta_sensor_async' retrieved from /home/airflow/.local/lib/python3.12/site-packages/airflow/example_dags/example_time_delta_sensor_async.py
[2024-12-17T21:03:25.957+0000] {logging_mixin.py:190} INFO - [2024-12-17T21:03:25.957+0000] {dag.py:3239} INFO - Sync 1 DAGs
[2024-12-17T21:03:25.975+0000] {logging_mixin.py:190} INFO - [2024-12-17T21:03:25.975+0000] {dag.py:4180} INFO - Setting next_dagrun for example_time_delta_sensor_async to None, run_after=None
[2024-12-17T21:03:25.993+0000] {processor.py:208} INFO - Processing /home/airflow/.local/lib/python3.12/site-packages/airflow/example_dags/example_time_delta_sensor_async.py took 0.069 seconds
[2024-12-17T21:03:57.336+0000] {processor.py:186} INFO - Started process (PID=435) to work on /home/airflow/.local/lib/python3.12/site-packages/airflow/example_dags/example_time_delta_sensor_async.py
[2024-12-17T21:03:57.337+0000] {processor.py:914} INFO - Processing file /home/airflow/.local/lib/python3.12/site-packages/airflow/example_dags/example_time_delta_sensor_async.py for tasks to queue
[2024-12-17T21:03:57.339+0000] {logging_mixin.py:190} INFO - [2024-12-17T21:03:57.339+0000] {dagbag.py:588} INFO - Filling up the DagBag from /home/airflow/.local/lib/python3.12/site-packages/airflow/example_dags/example_time_delta_sensor_async.py
[2024-12-17T21:03:57.347+0000] {processor.py:925} INFO - DAG(s) 'example_time_delta_sensor_async' retrieved from /home/airflow/.local/lib/python3.12/site-packages/airflow/example_dags/example_time_delta_sensor_async.py
[2024-12-17T21:03:57.367+0000] {logging_mixin.py:190} INFO - [2024-12-17T21:03:57.367+0000] {dag.py:3239} INFO - Sync 1 DAGs
[2024-12-17T21:03:57.381+0000] {logging_mixin.py:190} INFO - [2024-12-17T21:03:57.381+0000] {dag.py:4180} INFO - Setting next_dagrun for example_time_delta_sensor_async to None, run_after=None
[2024-12-17T21:03:57.399+0000] {processor.py:208} INFO - Processing /home/airflow/.local/lib/python3.12/site-packages/airflow/example_dags/example_time_delta_sensor_async.py took 0.068 seconds
[2024-12-17T21:04:29.047+0000] {processor.py:186} INFO - Started process (PID=499) to work on /home/airflow/.local/lib/python3.12/site-packages/airflow/example_dags/example_time_delta_sensor_async.py
[2024-12-17T21:04:29.048+0000] {processor.py:914} INFO - Processing file /home/airflow/.local/lib/python3.12/site-packages/airflow/example_dags/example_time_delta_sensor_async.py for tasks to queue
[2024-12-17T21:04:29.049+0000] {logging_mixin.py:190} INFO - [2024-12-17T21:04:29.049+0000] {dagbag.py:588} INFO - Filling up the DagBag from /home/airflow/.local/lib/python3.12/site-packages/airflow/example_dags/example_time_delta_sensor_async.py
[2024-12-17T21:04:29.056+0000] {processor.py:925} INFO - DAG(s) 'example_time_delta_sensor_async' retrieved from /home/airflow/.local/lib/python3.12/site-packages/airflow/example_dags/example_time_delta_sensor_async.py
[2024-12-17T21:04:29.073+0000] {logging_mixin.py:190} INFO - [2024-12-17T21:04:29.073+0000] {dag.py:3239} INFO - Sync 1 DAGs
[2024-12-17T21:04:29.088+0000] {logging_mixin.py:190} INFO - [2024-12-17T21:04:29.088+0000] {dag.py:4180} INFO - Setting next_dagrun for example_time_delta_sensor_async to None, run_after=None
[2024-12-17T21:04:29.106+0000] {processor.py:208} INFO - Processing /home/airflow/.local/lib/python3.12/site-packages/airflow/example_dags/example_time_delta_sensor_async.py took 0.064 seconds
[2024-12-17T21:05:00.116+0000] {processor.py:186} INFO - Started process (PID=563) to work on /home/airflow/.local/lib/python3.12/site-packages/airflow/example_dags/example_time_delta_sensor_async.py
[2024-12-17T21:05:00.117+0000] {processor.py:914} INFO - Processing file /home/airflow/.local/lib/python3.12/site-packages/airflow/example_dags/example_time_delta_sensor_async.py for tasks to queue
[2024-12-17T21:05:00.120+0000] {logging_mixin.py:190} INFO - [2024-12-17T21:05:00.119+0000] {dagbag.py:588} INFO - Filling up the DagBag from /home/airflow/.local/lib/python3.12/site-packages/airflow/example_dags/example_time_delta_sensor_async.py
[2024-12-17T21:05:00.130+0000] {processor.py:925} INFO - DAG(s) 'example_time_delta_sensor_async' retrieved from /home/airflow/.local/lib/python3.12/site-packages/airflow/example_dags/example_time_delta_sensor_async.py
[2024-12-17T21:05:00.156+0000] {logging_mixin.py:190} INFO - [2024-12-17T21:05:00.156+0000] {dag.py:3239} INFO - Sync 1 DAGs
[2024-12-17T21:05:00.178+0000] {logging_mixin.py:190} INFO - [2024-12-17T21:05:00.177+0000] {dag.py:4180} INFO - Setting next_dagrun for example_time_delta_sensor_async to None, run_after=None
[2024-12-17T21:05:00.204+0000] {processor.py:208} INFO - Processing /home/airflow/.local/lib/python3.12/site-packages/airflow/example_dags/example_time_delta_sensor_async.py took 0.097 seconds
[2024-12-17T21:05:31.055+0000] {processor.py:186} INFO - Started process (PID=627) to work on /home/airflow/.local/lib/python3.12/site-packages/airflow/example_dags/example_time_delta_sensor_async.py
[2024-12-17T21:05:31.056+0000] {processor.py:914} INFO - Processing file /home/airflow/.local/lib/python3.12/site-packages/airflow/example_dags/example_time_delta_sensor_async.py for tasks to queue
[2024-12-17T21:05:31.058+0000] {logging_mixin.py:190} INFO - [2024-12-17T21:05:31.057+0000] {dagbag.py:588} INFO - Filling up the DagBag from /home/airflow/.local/lib/python3.12/site-packages/airflow/example_dags/example_time_delta_sensor_async.py
[2024-12-17T21:05:31.064+0000] {processor.py:925} INFO - DAG(s) 'example_time_delta_sensor_async' retrieved from /home/airflow/.local/lib/python3.12/site-packages/airflow/example_dags/example_time_delta_sensor_async.py
[2024-12-17T21:05:31.083+0000] {logging_mixin.py:190} INFO - [2024-12-17T21:05:31.082+0000] {dag.py:3239} INFO - Sync 1 DAGs
[2024-12-17T21:05:31.098+0000] {logging_mixin.py:190} INFO - [2024-12-17T21:05:31.098+0000] {dag.py:4180} INFO - Setting next_dagrun for example_time_delta_sensor_async to None, run_after=None
[2024-12-17T21:05:31.118+0000] {processor.py:208} INFO - Processing /home/airflow/.local/lib/python3.12/site-packages/airflow/example_dags/example_time_delta_sensor_async.py took 0.068 seconds
[2024-12-17T21:06:02.622+0000] {processor.py:186} INFO - Started process (PID=691) to work on /home/airflow/.local/lib/python3.12/site-packages/airflow/example_dags/example_time_delta_sensor_async.py
[2024-12-17T21:06:02.623+0000] {processor.py:914} INFO - Processing file /home/airflow/.local/lib/python3.12/site-packages/airflow/example_dags/example_time_delta_sensor_async.py for tasks to queue
[2024-12-17T21:06:02.625+0000] {logging_mixin.py:190} INFO - [2024-12-17T21:06:02.625+0000] {dagbag.py:588} INFO - Filling up the DagBag from /home/airflow/.local/lib/python3.12/site-packages/airflow/example_dags/example_time_delta_sensor_async.py
[2024-12-17T21:06:02.632+0000] {processor.py:925} INFO - DAG(s) 'example_time_delta_sensor_async' retrieved from /home/airflow/.local/lib/python3.12/site-packages/airflow/example_dags/example_time_delta_sensor_async.py
[2024-12-17T21:06:02.651+0000] {logging_mixin.py:190} INFO - [2024-12-17T21:06:02.651+0000] {dag.py:3239} INFO - Sync 1 DAGs
[2024-12-17T21:06:02.666+0000] {logging_mixin.py:190} INFO - [2024-12-17T21:06:02.665+0000] {dag.py:4180} INFO - Setting next_dagrun for example_time_delta_sensor_async to None, run_after=None
[2024-12-17T21:06:02.690+0000] {processor.py:208} INFO - Processing /home/airflow/.local/lib/python3.12/site-packages/airflow/example_dags/example_time_delta_sensor_async.py took 0.073 seconds
[2024-12-17T21:06:33.481+0000] {processor.py:186} INFO - Started process (PID=755) to work on /home/airflow/.local/lib/python3.12/site-packages/airflow/example_dags/example_time_delta_sensor_async.py
[2024-12-17T21:06:33.482+0000] {processor.py:914} INFO - Processing file /home/airflow/.local/lib/python3.12/site-packages/airflow/example_dags/example_time_delta_sensor_async.py for tasks to queue
[2024-12-17T21:06:33.484+0000] {logging_mixin.py:190} INFO - [2024-12-17T21:06:33.483+0000] {dagbag.py:588} INFO - Filling up the DagBag from /home/airflow/.local/lib/python3.12/site-packages/airflow/example_dags/example_time_delta_sensor_async.py
[2024-12-17T21:06:33.490+0000] {processor.py:925} INFO - DAG(s) 'example_time_delta_sensor_async' retrieved from /home/airflow/.local/lib/python3.12/site-packages/airflow/example_dags/example_time_delta_sensor_async.py
[2024-12-17T21:06:33.510+0000] {logging_mixin.py:190} INFO - [2024-12-17T21:06:33.510+0000] {dag.py:3239} INFO - Sync 1 DAGs
[2024-12-17T21:06:33.526+0000] {logging_mixin.py:190} INFO - [2024-12-17T21:06:33.526+0000] {dag.py:4180} INFO - Setting next_dagrun for example_time_delta_sensor_async to None, run_after=None
[2024-12-17T21:06:33.545+0000] {processor.py:208} INFO - Processing /home/airflow/.local/lib/python3.12/site-packages/airflow/example_dags/example_time_delta_sensor_async.py took 0.069 seconds
[2024-12-17T21:07:04.865+0000] {processor.py:186} INFO - Started process (PID=819) to work on /home/airflow/.local/lib/python3.12/site-packages/airflow/example_dags/example_time_delta_sensor_async.py
[2024-12-17T21:07:04.866+0000] {processor.py:914} INFO - Processing file /home/airflow/.local/lib/python3.12/site-packages/airflow/example_dags/example_time_delta_sensor_async.py for tasks to queue
[2024-12-17T21:07:04.868+0000] {logging_mixin.py:190} INFO - [2024-12-17T21:07:04.867+0000] {dagbag.py:588} INFO - Filling up the DagBag from /home/airflow/.local/lib/python3.12/site-packages/airflow/example_dags/example_time_delta_sensor_async.py
[2024-12-17T21:07:04.875+0000] {processor.py:925} INFO - DAG(s) 'example_time_delta_sensor_async' retrieved from /home/airflow/.local/lib/python3.12/site-packages/airflow/example_dags/example_time_delta_sensor_async.py
[2024-12-17T21:07:04.893+0000] {logging_mixin.py:190} INFO - [2024-12-17T21:07:04.892+0000] {dag.py:3239} INFO - Sync 1 DAGs
[2024-12-17T21:07:04.910+0000] {logging_mixin.py:190} INFO - [2024-12-17T21:07:04.909+0000] {dag.py:4180} INFO - Setting next_dagrun for example_time_delta_sensor_async to None, run_after=None
[2024-12-17T21:07:04.927+0000] {processor.py:208} INFO - Processing /home/airflow/.local/lib/python3.12/site-packages/airflow/example_dags/example_time_delta_sensor_async.py took 0.070 seconds
[2024-12-17T21:07:36.684+0000] {processor.py:186} INFO - Started process (PID=883) to work on /home/airflow/.local/lib/python3.12/site-packages/airflow/example_dags/example_time_delta_sensor_async.py
[2024-12-17T21:07:36.685+0000] {processor.py:914} INFO - Processing file /home/airflow/.local/lib/python3.12/site-packages/airflow/example_dags/example_time_delta_sensor_async.py for tasks to queue
[2024-12-17T21:07:36.686+0000] {logging_mixin.py:190} INFO - [2024-12-17T21:07:36.686+0000] {dagbag.py:588} INFO - Filling up the DagBag from /home/airflow/.local/lib/python3.12/site-packages/airflow/example_dags/example_time_delta_sensor_async.py
[2024-12-17T21:07:36.695+0000] {processor.py:925} INFO - DAG(s) 'example_time_delta_sensor_async' retrieved from /home/airflow/.local/lib/python3.12/site-packages/airflow/example_dags/example_time_delta_sensor_async.py
[2024-12-17T21:07:36.717+0000] {logging_mixin.py:190} INFO - [2024-12-17T21:07:36.716+0000] {dag.py:3239} INFO - Sync 1 DAGs
[2024-12-17T21:07:36.735+0000] {logging_mixin.py:190} INFO - [2024-12-17T21:07:36.735+0000] {dag.py:4180} INFO - Setting next_dagrun for example_time_delta_sensor_async to None, run_after=None
[2024-12-17T21:07:36.772+0000] {processor.py:208} INFO - Processing /home/airflow/.local/lib/python3.12/site-packages/airflow/example_dags/example_time_delta_sensor_async.py took 0.095 seconds
[2024-12-17T21:08:07.726+0000] {processor.py:186} INFO - Started process (PID=947) to work on /home/airflow/.local/lib/python3.12/site-packages/airflow/example_dags/example_time_delta_sensor_async.py
[2024-12-17T21:08:07.727+0000] {processor.py:914} INFO - Processing file /home/airflow/.local/lib/python3.12/site-packages/airflow/example_dags/example_time_delta_sensor_async.py for tasks to queue
[2024-12-17T21:08:07.729+0000] {logging_mixin.py:190} INFO - [2024-12-17T21:08:07.728+0000] {dagbag.py:588} INFO - Filling up the DagBag from /home/airflow/.local/lib/python3.12/site-packages/airflow/example_dags/example_time_delta_sensor_async.py
[2024-12-17T21:08:07.736+0000] {processor.py:925} INFO - DAG(s) 'example_time_delta_sensor_async' retrieved from /home/airflow/.local/lib/python3.12/site-packages/airflow/example_dags/example_time_delta_sensor_async.py
[2024-12-17T21:08:07.760+0000] {logging_mixin.py:190} INFO - [2024-12-17T21:08:07.760+0000] {dag.py:3239} INFO - Sync 1 DAGs
[2024-12-17T21:08:07.780+0000] {logging_mixin.py:190} INFO - [2024-12-17T21:08:07.780+0000] {dag.py:4180} INFO - Setting next_dagrun for example_time_delta_sensor_async to None, run_after=None
[2024-12-17T21:08:07.807+0000] {processor.py:208} INFO - Processing /home/airflow/.local/lib/python3.12/site-packages/airflow/example_dags/example_time_delta_sensor_async.py took 0.087 seconds
[2024-12-17T21:08:38.150+0000] {processor.py:186} INFO - Started process (PID=1012) to work on /home/airflow/.local/lib/python3.12/site-packages/airflow/example_dags/example_time_delta_sensor_async.py
[2024-12-17T21:08:38.151+0000] {processor.py:914} INFO - Processing file /home/airflow/.local/lib/python3.12/site-packages/airflow/example_dags/example_time_delta_sensor_async.py for tasks to queue
[2024-12-17T21:08:38.153+0000] {logging_mixin.py:190} INFO - [2024-12-17T21:08:38.152+0000] {dagbag.py:588} INFO - Filling up the DagBag from /home/airflow/.local/lib/python3.12/site-packages/airflow/example_dags/example_time_delta_sensor_async.py
[2024-12-17T21:08:38.159+0000] {processor.py:925} INFO - DAG(s) 'example_time_delta_sensor_async' retrieved from /home/airflow/.local/lib/python3.12/site-packages/airflow/example_dags/example_time_delta_sensor_async.py
[2024-12-17T21:08:38.177+0000] {logging_mixin.py:190} INFO - [2024-12-17T21:08:38.177+0000] {dag.py:3239} INFO - Sync 1 DAGs
[2024-12-17T21:08:38.191+0000] {logging_mixin.py:190} INFO - [2024-12-17T21:08:38.191+0000] {dag.py:4180} INFO - Setting next_dagrun for example_time_delta_sensor_async to None, run_after=None
[2024-12-17T21:08:38.212+0000] {processor.py:208} INFO - Processing /home/airflow/.local/lib/python3.12/site-packages/airflow/example_dags/example_time_delta_sensor_async.py took 0.067 seconds
[2024-12-17T21:09:09.955+0000] {processor.py:186} INFO - Started process (PID=1077) to work on /home/airflow/.local/lib/python3.12/site-packages/airflow/example_dags/example_time_delta_sensor_async.py
[2024-12-17T21:09:09.956+0000] {processor.py:914} INFO - Processing file /home/airflow/.local/lib/python3.12/site-packages/airflow/example_dags/example_time_delta_sensor_async.py for tasks to queue
[2024-12-17T21:09:09.958+0000] {logging_mixin.py:190} INFO - [2024-12-17T21:09:09.957+0000] {dagbag.py:588} INFO - Filling up the DagBag from /home/airflow/.local/lib/python3.12/site-packages/airflow/example_dags/example_time_delta_sensor_async.py
[2024-12-17T21:09:09.964+0000] {processor.py:925} INFO - DAG(s) 'example_time_delta_sensor_async' retrieved from /home/airflow/.local/lib/python3.12/site-packages/airflow/example_dags/example_time_delta_sensor_async.py
[2024-12-17T21:09:09.982+0000] {logging_mixin.py:190} INFO - [2024-12-17T21:09:09.982+0000] {dag.py:3239} INFO - Sync 1 DAGs
[2024-12-17T21:09:09.997+0000] {logging_mixin.py:190} INFO - [2024-12-17T21:09:09.997+0000] {dag.py:4180} INFO - Setting next_dagrun for example_time_delta_sensor_async to None, run_after=None
[2024-12-17T21:09:10.022+0000] {processor.py:208} INFO - Processing /home/airflow/.local/lib/python3.12/site-packages/airflow/example_dags/example_time_delta_sensor_async.py took 0.072 seconds
[2024-12-17T21:09:41.279+0000] {processor.py:186} INFO - Started process (PID=1141) to work on /home/airflow/.local/lib/python3.12/site-packages/airflow/example_dags/example_time_delta_sensor_async.py
[2024-12-17T21:09:41.280+0000] {processor.py:914} INFO - Processing file /home/airflow/.local/lib/python3.12/site-packages/airflow/example_dags/example_time_delta_sensor_async.py for tasks to queue
[2024-12-17T21:09:41.284+0000] {logging_mixin.py:190} INFO - [2024-12-17T21:09:41.283+0000] {dagbag.py:588} INFO - Filling up the DagBag from /home/airflow/.local/lib/python3.12/site-packages/airflow/example_dags/example_time_delta_sensor_async.py
[2024-12-17T21:09:41.296+0000] {processor.py:925} INFO - DAG(s) 'example_time_delta_sensor_async' retrieved from /home/airflow/.local/lib/python3.12/site-packages/airflow/example_dags/example_time_delta_sensor_async.py
[2024-12-17T21:09:41.326+0000] {logging_mixin.py:190} INFO - [2024-12-17T21:09:41.325+0000] {dag.py:3239} INFO - Sync 1 DAGs
[2024-12-17T21:09:41.347+0000] {logging_mixin.py:190} INFO - [2024-12-17T21:09:41.347+0000] {dag.py:4180} INFO - Setting next_dagrun for example_time_delta_sensor_async to None, run_after=None
[2024-12-17T21:09:41.390+0000] {processor.py:208} INFO - Processing /home/airflow/.local/lib/python3.12/site-packages/airflow/example_dags/example_time_delta_sensor_async.py took 0.121 seconds
[2024-12-17T21:10:12.864+0000] {processor.py:186} INFO - Started process (PID=1211) to work on /home/airflow/.local/lib/python3.12/site-packages/airflow/example_dags/example_time_delta_sensor_async.py
[2024-12-17T21:10:12.865+0000] {processor.py:914} INFO - Processing file /home/airflow/.local/lib/python3.12/site-packages/airflow/example_dags/example_time_delta_sensor_async.py for tasks to queue
[2024-12-17T21:10:12.867+0000] {logging_mixin.py:190} INFO - [2024-12-17T21:10:12.867+0000] {dagbag.py:588} INFO - Filling up the DagBag from /home/airflow/.local/lib/python3.12/site-packages/airflow/example_dags/example_time_delta_sensor_async.py
[2024-12-17T21:10:12.874+0000] {processor.py:925} INFO - DAG(s) 'example_time_delta_sensor_async' retrieved from /home/airflow/.local/lib/python3.12/site-packages/airflow/example_dags/example_time_delta_sensor_async.py
[2024-12-17T21:10:12.892+0000] {logging_mixin.py:190} INFO - [2024-12-17T21:10:12.892+0000] {dag.py:3239} INFO - Sync 1 DAGs
[2024-12-17T21:10:12.907+0000] {logging_mixin.py:190} INFO - [2024-12-17T21:10:12.907+0000] {dag.py:4180} INFO - Setting next_dagrun for example_time_delta_sensor_async to None, run_after=None
[2024-12-17T21:10:12.924+0000] {processor.py:208} INFO - Processing /home/airflow/.local/lib/python3.12/site-packages/airflow/example_dags/example_time_delta_sensor_async.py took 0.066 seconds
[2024-12-17T21:10:44.203+0000] {processor.py:186} INFO - Started process (PID=1275) to work on /home/airflow/.local/lib/python3.12/site-packages/airflow/example_dags/example_time_delta_sensor_async.py
[2024-12-17T21:10:44.204+0000] {processor.py:914} INFO - Processing file /home/airflow/.local/lib/python3.12/site-packages/airflow/example_dags/example_time_delta_sensor_async.py for tasks to queue
[2024-12-17T21:10:44.205+0000] {logging_mixin.py:190} INFO - [2024-12-17T21:10:44.205+0000] {dagbag.py:588} INFO - Filling up the DagBag from /home/airflow/.local/lib/python3.12/site-packages/airflow/example_dags/example_time_delta_sensor_async.py
[2024-12-17T21:10:44.212+0000] {processor.py:925} INFO - DAG(s) 'example_time_delta_sensor_async' retrieved from /home/airflow/.local/lib/python3.12/site-packages/airflow/example_dags/example_time_delta_sensor_async.py
[2024-12-17T21:10:44.230+0000] {logging_mixin.py:190} INFO - [2024-12-17T21:10:44.230+0000] {dag.py:3239} INFO - Sync 1 DAGs
[2024-12-17T21:10:44.246+0000] {logging_mixin.py:190} INFO - [2024-12-17T21:10:44.245+0000] {dag.py:4180} INFO - Setting next_dagrun for example_time_delta_sensor_async to None, run_after=None
[2024-12-17T21:10:44.265+0000] {processor.py:208} INFO - Processing /home/airflow/.local/lib/python3.12/site-packages/airflow/example_dags/example_time_delta_sensor_async.py took 0.068 seconds
[2024-12-17T21:11:15.331+0000] {processor.py:186} INFO - Started process (PID=1339) to work on /home/airflow/.local/lib/python3.12/site-packages/airflow/example_dags/example_time_delta_sensor_async.py
[2024-12-17T21:11:15.332+0000] {processor.py:914} INFO - Processing file /home/airflow/.local/lib/python3.12/site-packages/airflow/example_dags/example_time_delta_sensor_async.py for tasks to queue
[2024-12-17T21:11:15.334+0000] {logging_mixin.py:190} INFO - [2024-12-17T21:11:15.333+0000] {dagbag.py:588} INFO - Filling up the DagBag from /home/airflow/.local/lib/python3.12/site-packages/airflow/example_dags/example_time_delta_sensor_async.py
[2024-12-17T21:11:15.340+0000] {processor.py:925} INFO - DAG(s) 'example_time_delta_sensor_async' retrieved from /home/airflow/.local/lib/python3.12/site-packages/airflow/example_dags/example_time_delta_sensor_async.py
[2024-12-17T21:11:15.358+0000] {logging_mixin.py:190} INFO - [2024-12-17T21:11:15.357+0000] {dag.py:3239} INFO - Sync 1 DAGs
[2024-12-17T21:11:15.372+0000] {logging_mixin.py:190} INFO - [2024-12-17T21:11:15.372+0000] {dag.py:4180} INFO - Setting next_dagrun for example_time_delta_sensor_async to None, run_after=None
[2024-12-17T21:11:15.389+0000] {processor.py:208} INFO - Processing /home/airflow/.local/lib/python3.12/site-packages/airflow/example_dags/example_time_delta_sensor_async.py took 0.064 seconds
[2024-12-17T21:11:46.861+0000] {processor.py:186} INFO - Started process (PID=1403) to work on /home/airflow/.local/lib/python3.12/site-packages/airflow/example_dags/example_time_delta_sensor_async.py
[2024-12-17T21:11:46.862+0000] {processor.py:914} INFO - Processing file /home/airflow/.local/lib/python3.12/site-packages/airflow/example_dags/example_time_delta_sensor_async.py for tasks to queue
[2024-12-17T21:11:46.864+0000] {logging_mixin.py:190} INFO - [2024-12-17T21:11:46.864+0000] {dagbag.py:588} INFO - Filling up the DagBag from /home/airflow/.local/lib/python3.12/site-packages/airflow/example_dags/example_time_delta_sensor_async.py
[2024-12-17T21:11:46.872+0000] {processor.py:925} INFO - DAG(s) 'example_time_delta_sensor_async' retrieved from /home/airflow/.local/lib/python3.12/site-packages/airflow/example_dags/example_time_delta_sensor_async.py
[2024-12-17T21:11:46.889+0000] {logging_mixin.py:190} INFO - [2024-12-17T21:11:46.889+0000] {dag.py:3239} INFO - Sync 1 DAGs
[2024-12-17T21:11:46.907+0000] {logging_mixin.py:190} INFO - [2024-12-17T21:11:46.907+0000] {dag.py:4180} INFO - Setting next_dagrun for example_time_delta_sensor_async to None, run_after=None
[2024-12-17T21:11:46.932+0000] {processor.py:208} INFO - Processing /home/airflow/.local/lib/python3.12/site-packages/airflow/example_dags/example_time_delta_sensor_async.py took 0.078 seconds
[2024-12-17T21:12:17.977+0000] {processor.py:186} INFO - Started process (PID=1468) to work on /home/airflow/.local/lib/python3.12/site-packages/airflow/example_dags/example_time_delta_sensor_async.py
[2024-12-17T21:12:17.979+0000] {processor.py:914} INFO - Processing file /home/airflow/.local/lib/python3.12/site-packages/airflow/example_dags/example_time_delta_sensor_async.py for tasks to queue
[2024-12-17T21:12:17.980+0000] {logging_mixin.py:190} INFO - [2024-12-17T21:12:17.980+0000] {dagbag.py:588} INFO - Filling up the DagBag from /home/airflow/.local/lib/python3.12/site-packages/airflow/example_dags/example_time_delta_sensor_async.py
[2024-12-17T21:12:17.987+0000] {processor.py:925} INFO - DAG(s) 'example_time_delta_sensor_async' retrieved from /home/airflow/.local/lib/python3.12/site-packages/airflow/example_dags/example_time_delta_sensor_async.py
[2024-12-17T21:12:18.006+0000] {logging_mixin.py:190} INFO - [2024-12-17T21:12:18.006+0000] {dag.py:3239} INFO - Sync 1 DAGs
[2024-12-17T21:12:18.021+0000] {logging_mixin.py:190} INFO - [2024-12-17T21:12:18.020+0000] {dag.py:4180} INFO - Setting next_dagrun for example_time_delta_sensor_async to None, run_after=None
[2024-12-17T21:12:18.046+0000] {processor.py:208} INFO - Processing /home/airflow/.local/lib/python3.12/site-packages/airflow/example_dags/example_time_delta_sensor_async.py took 0.074 seconds
[2024-12-17T21:12:49.127+0000] {processor.py:186} INFO - Started process (PID=1532) to work on /home/airflow/.local/lib/python3.12/site-packages/airflow/example_dags/example_time_delta_sensor_async.py
[2024-12-17T21:12:49.128+0000] {processor.py:914} INFO - Processing file /home/airflow/.local/lib/python3.12/site-packages/airflow/example_dags/example_time_delta_sensor_async.py for tasks to queue
[2024-12-17T21:12:49.130+0000] {logging_mixin.py:190} INFO - [2024-12-17T21:12:49.129+0000] {dagbag.py:588} INFO - Filling up the DagBag from /home/airflow/.local/lib/python3.12/site-packages/airflow/example_dags/example_time_delta_sensor_async.py
[2024-12-17T21:12:49.137+0000] {processor.py:925} INFO - DAG(s) 'example_time_delta_sensor_async' retrieved from /home/airflow/.local/lib/python3.12/site-packages/airflow/example_dags/example_time_delta_sensor_async.py
[2024-12-17T21:12:49.159+0000] {logging_mixin.py:190} INFO - [2024-12-17T21:12:49.159+0000] {dag.py:3239} INFO - Sync 1 DAGs
[2024-12-17T21:12:49.176+0000] {logging_mixin.py:190} INFO - [2024-12-17T21:12:49.175+0000] {dag.py:4180} INFO - Setting next_dagrun for example_time_delta_sensor_async to None, run_after=None
[2024-12-17T21:12:49.200+0000] {processor.py:208} INFO - Processing /home/airflow/.local/lib/python3.12/site-packages/airflow/example_dags/example_time_delta_sensor_async.py took 0.080 seconds
[2024-12-17T21:13:20.233+0000] {processor.py:186} INFO - Started process (PID=1596) to work on /home/airflow/.local/lib/python3.12/site-packages/airflow/example_dags/example_time_delta_sensor_async.py
[2024-12-17T21:13:20.234+0000] {processor.py:914} INFO - Processing file /home/airflow/.local/lib/python3.12/site-packages/airflow/example_dags/example_time_delta_sensor_async.py for tasks to queue
[2024-12-17T21:13:20.235+0000] {logging_mixin.py:190} INFO - [2024-12-17T21:13:20.235+0000] {dagbag.py:588} INFO - Filling up the DagBag from /home/airflow/.local/lib/python3.12/site-packages/airflow/example_dags/example_time_delta_sensor_async.py
[2024-12-17T21:13:20.241+0000] {processor.py:925} INFO - DAG(s) 'example_time_delta_sensor_async' retrieved from /home/airflow/.local/lib/python3.12/site-packages/airflow/example_dags/example_time_delta_sensor_async.py
[2024-12-17T21:13:20.259+0000] {logging_mixin.py:190} INFO - [2024-12-17T21:13:20.259+0000] {dag.py:3239} INFO - Sync 1 DAGs
[2024-12-17T21:13:20.274+0000] {logging_mixin.py:190} INFO - [2024-12-17T21:13:20.274+0000] {dag.py:4180} INFO - Setting next_dagrun for example_time_delta_sensor_async to None, run_after=None
[2024-12-17T21:13:20.298+0000] {processor.py:208} INFO - Processing /home/airflow/.local/lib/python3.12/site-packages/airflow/example_dags/example_time_delta_sensor_async.py took 0.072 seconds
[2024-12-17T21:13:51.296+0000] {processor.py:186} INFO - Started process (PID=1660) to work on /home/airflow/.local/lib/python3.12/site-packages/airflow/example_dags/example_time_delta_sensor_async.py
[2024-12-17T21:13:51.297+0000] {processor.py:914} INFO - Processing file /home/airflow/.local/lib/python3.12/site-packages/airflow/example_dags/example_time_delta_sensor_async.py for tasks to queue
[2024-12-17T21:13:51.298+0000] {logging_mixin.py:190} INFO - [2024-12-17T21:13:51.298+0000] {dagbag.py:588} INFO - Filling up the DagBag from /home/airflow/.local/lib/python3.12/site-packages/airflow/example_dags/example_time_delta_sensor_async.py
[2024-12-17T21:13:51.305+0000] {processor.py:925} INFO - DAG(s) 'example_time_delta_sensor_async' retrieved from /home/airflow/.local/lib/python3.12/site-packages/airflow/example_dags/example_time_delta_sensor_async.py
[2024-12-17T21:13:51.326+0000] {logging_mixin.py:190} INFO - [2024-12-17T21:13:51.325+0000] {dag.py:3239} INFO - Sync 1 DAGs
[2024-12-17T21:13:51.340+0000] {logging_mixin.py:190} INFO - [2024-12-17T21:13:51.340+0000] {dag.py:4180} INFO - Setting next_dagrun for example_time_delta_sensor_async to None, run_after=None
[2024-12-17T21:13:51.359+0000] {processor.py:208} INFO - Processing /home/airflow/.local/lib/python3.12/site-packages/airflow/example_dags/example_time_delta_sensor_async.py took 0.068 seconds
[2024-12-17T21:14:22.576+0000] {processor.py:186} INFO - Started process (PID=1725) to work on /home/airflow/.local/lib/python3.12/site-packages/airflow/example_dags/example_time_delta_sensor_async.py
[2024-12-17T21:14:22.577+0000] {processor.py:914} INFO - Processing file /home/airflow/.local/lib/python3.12/site-packages/airflow/example_dags/example_time_delta_sensor_async.py for tasks to queue
[2024-12-17T21:14:22.578+0000] {logging_mixin.py:190} INFO - [2024-12-17T21:14:22.578+0000] {dagbag.py:588} INFO - Filling up the DagBag from /home/airflow/.local/lib/python3.12/site-packages/airflow/example_dags/example_time_delta_sensor_async.py
[2024-12-17T21:14:22.585+0000] {processor.py:925} INFO - DAG(s) 'example_time_delta_sensor_async' retrieved from /home/airflow/.local/lib/python3.12/site-packages/airflow/example_dags/example_time_delta_sensor_async.py
[2024-12-17T21:14:22.602+0000] {logging_mixin.py:190} INFO - [2024-12-17T21:14:22.602+0000] {dag.py:3239} INFO - Sync 1 DAGs
[2024-12-17T21:14:22.616+0000] {logging_mixin.py:190} INFO - [2024-12-17T21:14:22.616+0000] {dag.py:4180} INFO - Setting next_dagrun for example_time_delta_sensor_async to None, run_after=None
[2024-12-17T21:14:22.641+0000] {processor.py:208} INFO - Processing /home/airflow/.local/lib/python3.12/site-packages/airflow/example_dags/example_time_delta_sensor_async.py took 0.070 seconds
[2024-12-17T21:14:53.529+0000] {processor.py:186} INFO - Started process (PID=1789) to work on /home/airflow/.local/lib/python3.12/site-packages/airflow/example_dags/example_time_delta_sensor_async.py
[2024-12-17T21:14:53.530+0000] {processor.py:914} INFO - Processing file /home/airflow/.local/lib/python3.12/site-packages/airflow/example_dags/example_time_delta_sensor_async.py for tasks to queue
[2024-12-17T21:14:53.531+0000] {logging_mixin.py:190} INFO - [2024-12-17T21:14:53.531+0000] {dagbag.py:588} INFO - Filling up the DagBag from /home/airflow/.local/lib/python3.12/site-packages/airflow/example_dags/example_time_delta_sensor_async.py
[2024-12-17T21:14:53.538+0000] {processor.py:925} INFO - DAG(s) 'example_time_delta_sensor_async' retrieved from /home/airflow/.local/lib/python3.12/site-packages/airflow/example_dags/example_time_delta_sensor_async.py
[2024-12-17T21:14:53.556+0000] {logging_mixin.py:190} INFO - [2024-12-17T21:14:53.555+0000] {dag.py:3239} INFO - Sync 1 DAGs
[2024-12-17T21:14:53.576+0000] {logging_mixin.py:190} INFO - [2024-12-17T21:14:53.576+0000] {dag.py:4180} INFO - Setting next_dagrun for example_time_delta_sensor_async to None, run_after=None
[2024-12-17T21:14:53.603+0000] {processor.py:208} INFO - Processing /home/airflow/.local/lib/python3.12/site-packages/airflow/example_dags/example_time_delta_sensor_async.py took 0.080 seconds
[2024-12-17T21:15:24.546+0000] {processor.py:186} INFO - Started process (PID=1852) to work on /home/airflow/.local/lib/python3.12/site-packages/airflow/example_dags/example_time_delta_sensor_async.py
[2024-12-17T21:15:24.547+0000] {processor.py:914} INFO - Processing file /home/airflow/.local/lib/python3.12/site-packages/airflow/example_dags/example_time_delta_sensor_async.py for tasks to queue
[2024-12-17T21:15:24.549+0000] {logging_mixin.py:190} INFO - [2024-12-17T21:15:24.548+0000] {dagbag.py:588} INFO - Filling up the DagBag from /home/airflow/.local/lib/python3.12/site-packages/airflow/example_dags/example_time_delta_sensor_async.py
[2024-12-17T21:15:24.555+0000] {processor.py:925} INFO - DAG(s) 'example_time_delta_sensor_async' retrieved from /home/airflow/.local/lib/python3.12/site-packages/airflow/example_dags/example_time_delta_sensor_async.py
[2024-12-17T21:15:24.573+0000] {logging_mixin.py:190} INFO - [2024-12-17T21:15:24.573+0000] {dag.py:3239} INFO - Sync 1 DAGs
[2024-12-17T21:15:24.588+0000] {logging_mixin.py:190} INFO - [2024-12-17T21:15:24.588+0000] {dag.py:4180} INFO - Setting next_dagrun for example_time_delta_sensor_async to None, run_after=None
[2024-12-17T21:15:24.606+0000] {processor.py:208} INFO - Processing /home/airflow/.local/lib/python3.12/site-packages/airflow/example_dags/example_time_delta_sensor_async.py took 0.065 seconds
[2024-12-17T21:15:55.843+0000] {processor.py:186} INFO - Started process (PID=1916) to work on /home/airflow/.local/lib/python3.12/site-packages/airflow/example_dags/example_time_delta_sensor_async.py
[2024-12-17T21:15:55.844+0000] {processor.py:914} INFO - Processing file /home/airflow/.local/lib/python3.12/site-packages/airflow/example_dags/example_time_delta_sensor_async.py for tasks to queue
[2024-12-17T21:15:55.846+0000] {logging_mixin.py:190} INFO - [2024-12-17T21:15:55.845+0000] {dagbag.py:588} INFO - Filling up the DagBag from /home/airflow/.local/lib/python3.12/site-packages/airflow/example_dags/example_time_delta_sensor_async.py
[2024-12-17T21:15:55.854+0000] {processor.py:925} INFO - DAG(s) 'example_time_delta_sensor_async' retrieved from /home/airflow/.local/lib/python3.12/site-packages/airflow/example_dags/example_time_delta_sensor_async.py
[2024-12-17T21:15:55.872+0000] {logging_mixin.py:190} INFO - [2024-12-17T21:15:55.872+0000] {dag.py:3239} INFO - Sync 1 DAGs
[2024-12-17T21:15:55.886+0000] {logging_mixin.py:190} INFO - [2024-12-17T21:15:55.886+0000] {dag.py:4180} INFO - Setting next_dagrun for example_time_delta_sensor_async to None, run_after=None
[2024-12-17T21:15:55.910+0000] {processor.py:208} INFO - Processing /home/airflow/.local/lib/python3.12/site-packages/airflow/example_dags/example_time_delta_sensor_async.py took 0.073 seconds
[2024-12-17T21:16:28.713+0000] {processor.py:186} INFO - Started process (PID=1981) to work on /home/airflow/.local/lib/python3.12/site-packages/airflow/example_dags/example_time_delta_sensor_async.py
[2024-12-17T21:16:28.714+0000] {processor.py:914} INFO - Processing file /home/airflow/.local/lib/python3.12/site-packages/airflow/example_dags/example_time_delta_sensor_async.py for tasks to queue
[2024-12-17T21:16:28.716+0000] {logging_mixin.py:190} INFO - [2024-12-17T21:16:28.716+0000] {dagbag.py:588} INFO - Filling up the DagBag from /home/airflow/.local/lib/python3.12/site-packages/airflow/example_dags/example_time_delta_sensor_async.py
[2024-12-17T21:16:28.724+0000] {processor.py:925} INFO - DAG(s) 'example_time_delta_sensor_async' retrieved from /home/airflow/.local/lib/python3.12/site-packages/airflow/example_dags/example_time_delta_sensor_async.py
[2024-12-17T21:16:28.748+0000] {logging_mixin.py:190} INFO - [2024-12-17T21:16:28.748+0000] {dag.py:3239} INFO - Sync 1 DAGs
[2024-12-17T21:16:28.766+0000] {logging_mixin.py:190} INFO - [2024-12-17T21:16:28.766+0000] {dag.py:4180} INFO - Setting next_dagrun for example_time_delta_sensor_async to None, run_after=None
[2024-12-17T21:16:28.787+0000] {processor.py:208} INFO - Processing /home/airflow/.local/lib/python3.12/site-packages/airflow/example_dags/example_time_delta_sensor_async.py took 0.081 seconds
[2024-12-17T21:17:00.360+0000] {processor.py:186} INFO - Started process (PID=2045) to work on /home/airflow/.local/lib/python3.12/site-packages/airflow/example_dags/example_time_delta_sensor_async.py
[2024-12-17T21:17:00.361+0000] {processor.py:914} INFO - Processing file /home/airflow/.local/lib/python3.12/site-packages/airflow/example_dags/example_time_delta_sensor_async.py for tasks to queue
[2024-12-17T21:17:00.363+0000] {logging_mixin.py:190} INFO - [2024-12-17T21:17:00.362+0000] {dagbag.py:588} INFO - Filling up the DagBag from /home/airflow/.local/lib/python3.12/site-packages/airflow/example_dags/example_time_delta_sensor_async.py
[2024-12-17T21:17:00.370+0000] {processor.py:925} INFO - DAG(s) 'example_time_delta_sensor_async' retrieved from /home/airflow/.local/lib/python3.12/site-packages/airflow/example_dags/example_time_delta_sensor_async.py
[2024-12-17T21:17:00.393+0000] {logging_mixin.py:190} INFO - [2024-12-17T21:17:00.392+0000] {dag.py:3239} INFO - Sync 1 DAGs
[2024-12-17T21:17:00.414+0000] {logging_mixin.py:190} INFO - [2024-12-17T21:17:00.414+0000] {dag.py:4180} INFO - Setting next_dagrun for example_time_delta_sensor_async to None, run_after=None
[2024-12-17T21:17:00.436+0000] {processor.py:208} INFO - Processing /home/airflow/.local/lib/python3.12/site-packages/airflow/example_dags/example_time_delta_sensor_async.py took 0.082 seconds
[2024-12-17T21:17:32.051+0000] {processor.py:186} INFO - Started process (PID=2118) to work on /home/airflow/.local/lib/python3.12/site-packages/airflow/example_dags/example_time_delta_sensor_async.py
[2024-12-17T21:17:32.053+0000] {processor.py:914} INFO - Processing file /home/airflow/.local/lib/python3.12/site-packages/airflow/example_dags/example_time_delta_sensor_async.py for tasks to queue
[2024-12-17T21:17:32.054+0000] {logging_mixin.py:190} INFO - [2024-12-17T21:17:32.054+0000] {dagbag.py:588} INFO - Filling up the DagBag from /home/airflow/.local/lib/python3.12/site-packages/airflow/example_dags/example_time_delta_sensor_async.py
[2024-12-17T21:17:32.064+0000] {processor.py:925} INFO - DAG(s) 'example_time_delta_sensor_async' retrieved from /home/airflow/.local/lib/python3.12/site-packages/airflow/example_dags/example_time_delta_sensor_async.py
[2024-12-17T21:17:32.087+0000] {logging_mixin.py:190} INFO - [2024-12-17T21:17:32.086+0000] {dag.py:3239} INFO - Sync 1 DAGs
[2024-12-17T21:17:32.106+0000] {logging_mixin.py:190} INFO - [2024-12-17T21:17:32.106+0000] {dag.py:4180} INFO - Setting next_dagrun for example_time_delta_sensor_async to None, run_after=None
[2024-12-17T21:17:32.123+0000] {processor.py:208} INFO - Processing /home/airflow/.local/lib/python3.12/site-packages/airflow/example_dags/example_time_delta_sensor_async.py took 0.079 seconds
