[2024-12-17T21:01:14.909+0000] {processor.py:186} INFO - Started process (PID=75) to work on /home/airflow/.local/lib/python3.12/site-packages/airflow/example_dags/example_task_group.py
[2024-12-17T21:01:14.910+0000] {processor.py:914} INFO - Processing file /home/airflow/.local/lib/python3.12/site-packages/airflow/example_dags/example_task_group.py for tasks to queue
[2024-12-17T21:01:14.913+0000] {logging_mixin.py:190} INFO - [2024-12-17T21:01:14.913+0000] {dagbag.py:588} INFO - Filling up the DagBag from /home/airflow/.local/lib/python3.12/site-packages/airflow/example_dags/example_task_group.py
[2024-12-17T21:01:14.927+0000] {processor.py:925} INFO - DAG(s) 'example_task_group' retrieved from /home/airflow/.local/lib/python3.12/site-packages/airflow/example_dags/example_task_group.py
[2024-12-17T21:01:15.091+0000] {logging_mixin.py:190} INFO - [2024-12-17T21:01:15.090+0000] {override.py:1911} INFO - Created Permission View: can delete on DAG:example_task_group
[2024-12-17T21:01:15.104+0000] {logging_mixin.py:190} INFO - [2024-12-17T21:01:15.104+0000] {override.py:1911} INFO - Created Permission View: can read on DAG:example_task_group
[2024-12-17T21:01:15.113+0000] {logging_mixin.py:190} INFO - [2024-12-17T21:01:15.113+0000] {override.py:1911} INFO - Created Permission View: can edit on DAG:example_task_group
[2024-12-17T21:01:15.125+0000] {logging_mixin.py:190} INFO - [2024-12-17T21:01:15.124+0000] {override.py:1911} INFO - Created Permission View: can create on DAG Run:example_task_group
[2024-12-17T21:01:15.134+0000] {logging_mixin.py:190} INFO - [2024-12-17T21:01:15.134+0000] {override.py:1911} INFO - Created Permission View: menu access on DAG Run:example_task_group
[2024-12-17T21:01:15.143+0000] {logging_mixin.py:190} INFO - [2024-12-17T21:01:15.142+0000] {override.py:1911} INFO - Created Permission View: can delete on DAG Run:example_task_group
[2024-12-17T21:01:15.152+0000] {logging_mixin.py:190} INFO - [2024-12-17T21:01:15.151+0000] {override.py:1911} INFO - Created Permission View: can read on DAG Run:example_task_group
[2024-12-17T21:01:15.154+0000] {logging_mixin.py:190} INFO - [2024-12-17T21:01:15.153+0000] {dag.py:3239} INFO - Sync 1 DAGs
[2024-12-17T21:01:15.175+0000] {logging_mixin.py:190} INFO - [2024-12-17T21:01:15.175+0000] {dag.py:3262} INFO - Creating ORM DAG for example_task_group
[2024-12-17T21:01:15.176+0000] {logging_mixin.py:190} INFO - [2024-12-17T21:01:15.176+0000] {dag.py:4180} INFO - Setting next_dagrun for example_task_group to None, run_after=None
[2024-12-17T21:01:15.200+0000] {processor.py:208} INFO - Processing /home/airflow/.local/lib/python3.12/site-packages/airflow/example_dags/example_task_group.py took 0.298 seconds
[2024-12-17T21:01:45.715+0000] {processor.py:186} INFO - Started process (PID=139) to work on /home/airflow/.local/lib/python3.12/site-packages/airflow/example_dags/example_task_group.py
[2024-12-17T21:01:45.716+0000] {processor.py:914} INFO - Processing file /home/airflow/.local/lib/python3.12/site-packages/airflow/example_dags/example_task_group.py for tasks to queue
[2024-12-17T21:01:45.718+0000] {logging_mixin.py:190} INFO - [2024-12-17T21:01:45.718+0000] {dagbag.py:588} INFO - Filling up the DagBag from /home/airflow/.local/lib/python3.12/site-packages/airflow/example_dags/example_task_group.py
[2024-12-17T21:01:45.726+0000] {processor.py:925} INFO - DAG(s) 'example_task_group' retrieved from /home/airflow/.local/lib/python3.12/site-packages/airflow/example_dags/example_task_group.py
[2024-12-17T21:01:45.746+0000] {logging_mixin.py:190} INFO - [2024-12-17T21:01:45.746+0000] {dag.py:3239} INFO - Sync 1 DAGs
[2024-12-17T21:01:45.760+0000] {logging_mixin.py:190} INFO - [2024-12-17T21:01:45.760+0000] {dag.py:4180} INFO - Setting next_dagrun for example_task_group to None, run_after=None
[2024-12-17T21:01:45.779+0000] {processor.py:208} INFO - Processing /home/airflow/.local/lib/python3.12/site-packages/airflow/example_dags/example_task_group.py took 0.069 seconds
[2024-12-17T21:02:15.867+0000] {processor.py:186} INFO - Started process (PID=203) to work on /home/airflow/.local/lib/python3.12/site-packages/airflow/example_dags/example_task_group.py
[2024-12-17T21:02:15.868+0000] {processor.py:914} INFO - Processing file /home/airflow/.local/lib/python3.12/site-packages/airflow/example_dags/example_task_group.py for tasks to queue
[2024-12-17T21:02:15.870+0000] {logging_mixin.py:190} INFO - [2024-12-17T21:02:15.870+0000] {dagbag.py:588} INFO - Filling up the DagBag from /home/airflow/.local/lib/python3.12/site-packages/airflow/example_dags/example_task_group.py
[2024-12-17T21:02:15.879+0000] {processor.py:925} INFO - DAG(s) 'example_task_group' retrieved from /home/airflow/.local/lib/python3.12/site-packages/airflow/example_dags/example_task_group.py
[2024-12-17T21:02:15.899+0000] {logging_mixin.py:190} INFO - [2024-12-17T21:02:15.899+0000] {dag.py:3239} INFO - Sync 1 DAGs
[2024-12-17T21:02:15.913+0000] {logging_mixin.py:190} INFO - [2024-12-17T21:02:15.913+0000] {dag.py:4180} INFO - Setting next_dagrun for example_task_group to None, run_after=None
[2024-12-17T21:02:15.931+0000] {processor.py:208} INFO - Processing /home/airflow/.local/lib/python3.12/site-packages/airflow/example_dags/example_task_group.py took 0.070 seconds
[2024-12-17T21:02:46.047+0000] {processor.py:186} INFO - Started process (PID=267) to work on /home/airflow/.local/lib/python3.12/site-packages/airflow/example_dags/example_task_group.py
[2024-12-17T21:02:46.048+0000] {processor.py:914} INFO - Processing file /home/airflow/.local/lib/python3.12/site-packages/airflow/example_dags/example_task_group.py for tasks to queue
[2024-12-17T21:02:46.050+0000] {logging_mixin.py:190} INFO - [2024-12-17T21:02:46.050+0000] {dagbag.py:588} INFO - Filling up the DagBag from /home/airflow/.local/lib/python3.12/site-packages/airflow/example_dags/example_task_group.py
[2024-12-17T21:02:46.059+0000] {processor.py:925} INFO - DAG(s) 'example_task_group' retrieved from /home/airflow/.local/lib/python3.12/site-packages/airflow/example_dags/example_task_group.py
[2024-12-17T21:02:46.080+0000] {logging_mixin.py:190} INFO - [2024-12-17T21:02:46.079+0000] {dag.py:3239} INFO - Sync 1 DAGs
[2024-12-17T21:02:46.098+0000] {logging_mixin.py:190} INFO - [2024-12-17T21:02:46.097+0000] {dag.py:4180} INFO - Setting next_dagrun for example_task_group to None, run_after=None
[2024-12-17T21:02:46.135+0000] {processor.py:208} INFO - Processing /home/airflow/.local/lib/python3.12/site-packages/airflow/example_dags/example_task_group.py took 0.094 seconds
[2024-12-17T21:03:16.279+0000] {processor.py:186} INFO - Started process (PID=331) to work on /home/airflow/.local/lib/python3.12/site-packages/airflow/example_dags/example_task_group.py
[2024-12-17T21:03:16.280+0000] {processor.py:914} INFO - Processing file /home/airflow/.local/lib/python3.12/site-packages/airflow/example_dags/example_task_group.py for tasks to queue
[2024-12-17T21:03:16.282+0000] {logging_mixin.py:190} INFO - [2024-12-17T21:03:16.282+0000] {dagbag.py:588} INFO - Filling up the DagBag from /home/airflow/.local/lib/python3.12/site-packages/airflow/example_dags/example_task_group.py
[2024-12-17T21:03:16.291+0000] {processor.py:925} INFO - DAG(s) 'example_task_group' retrieved from /home/airflow/.local/lib/python3.12/site-packages/airflow/example_dags/example_task_group.py
[2024-12-17T21:03:16.314+0000] {logging_mixin.py:190} INFO - [2024-12-17T21:03:16.314+0000] {dag.py:3239} INFO - Sync 1 DAGs
[2024-12-17T21:03:16.330+0000] {logging_mixin.py:190} INFO - [2024-12-17T21:03:16.330+0000] {dag.py:4180} INFO - Setting next_dagrun for example_task_group to None, run_after=None
[2024-12-17T21:03:16.357+0000] {processor.py:208} INFO - Processing /home/airflow/.local/lib/python3.12/site-packages/airflow/example_dags/example_task_group.py took 0.085 seconds
[2024-12-17T21:03:46.802+0000] {processor.py:186} INFO - Started process (PID=395) to work on /home/airflow/.local/lib/python3.12/site-packages/airflow/example_dags/example_task_group.py
[2024-12-17T21:03:46.803+0000] {processor.py:914} INFO - Processing file /home/airflow/.local/lib/python3.12/site-packages/airflow/example_dags/example_task_group.py for tasks to queue
[2024-12-17T21:03:46.807+0000] {logging_mixin.py:190} INFO - [2024-12-17T21:03:46.806+0000] {dagbag.py:588} INFO - Filling up the DagBag from /home/airflow/.local/lib/python3.12/site-packages/airflow/example_dags/example_task_group.py
[2024-12-17T21:03:46.817+0000] {processor.py:925} INFO - DAG(s) 'example_task_group' retrieved from /home/airflow/.local/lib/python3.12/site-packages/airflow/example_dags/example_task_group.py
[2024-12-17T21:03:46.841+0000] {logging_mixin.py:190} INFO - [2024-12-17T21:03:46.841+0000] {dag.py:3239} INFO - Sync 1 DAGs
[2024-12-17T21:03:46.858+0000] {logging_mixin.py:190} INFO - [2024-12-17T21:03:46.857+0000] {dag.py:4180} INFO - Setting next_dagrun for example_task_group to None, run_after=None
[2024-12-17T21:03:46.884+0000] {processor.py:208} INFO - Processing /home/airflow/.local/lib/python3.12/site-packages/airflow/example_dags/example_task_group.py took 0.089 seconds
[2024-12-17T21:04:16.932+0000] {processor.py:186} INFO - Started process (PID=459) to work on /home/airflow/.local/lib/python3.12/site-packages/airflow/example_dags/example_task_group.py
[2024-12-17T21:04:16.933+0000] {processor.py:914} INFO - Processing file /home/airflow/.local/lib/python3.12/site-packages/airflow/example_dags/example_task_group.py for tasks to queue
[2024-12-17T21:04:16.935+0000] {logging_mixin.py:190} INFO - [2024-12-17T21:04:16.934+0000] {dagbag.py:588} INFO - Filling up the DagBag from /home/airflow/.local/lib/python3.12/site-packages/airflow/example_dags/example_task_group.py
[2024-12-17T21:04:16.942+0000] {processor.py:925} INFO - DAG(s) 'example_task_group' retrieved from /home/airflow/.local/lib/python3.12/site-packages/airflow/example_dags/example_task_group.py
[2024-12-17T21:04:16.963+0000] {logging_mixin.py:190} INFO - [2024-12-17T21:04:16.962+0000] {dag.py:3239} INFO - Sync 1 DAGs
[2024-12-17T21:04:16.976+0000] {logging_mixin.py:190} INFO - [2024-12-17T21:04:16.976+0000] {dag.py:4180} INFO - Setting next_dagrun for example_task_group to None, run_after=None
[2024-12-17T21:04:17.001+0000] {processor.py:208} INFO - Processing /home/airflow/.local/lib/python3.12/site-packages/airflow/example_dags/example_task_group.py took 0.074 seconds
[2024-12-17T21:04:47.414+0000] {processor.py:186} INFO - Started process (PID=523) to work on /home/airflow/.local/lib/python3.12/site-packages/airflow/example_dags/example_task_group.py
[2024-12-17T21:04:47.416+0000] {processor.py:914} INFO - Processing file /home/airflow/.local/lib/python3.12/site-packages/airflow/example_dags/example_task_group.py for tasks to queue
[2024-12-17T21:04:47.418+0000] {logging_mixin.py:190} INFO - [2024-12-17T21:04:47.417+0000] {dagbag.py:588} INFO - Filling up the DagBag from /home/airflow/.local/lib/python3.12/site-packages/airflow/example_dags/example_task_group.py
[2024-12-17T21:04:47.435+0000] {processor.py:925} INFO - DAG(s) 'example_task_group' retrieved from /home/airflow/.local/lib/python3.12/site-packages/airflow/example_dags/example_task_group.py
[2024-12-17T21:04:47.470+0000] {logging_mixin.py:190} INFO - [2024-12-17T21:04:47.470+0000] {dag.py:3239} INFO - Sync 1 DAGs
[2024-12-17T21:04:47.493+0000] {logging_mixin.py:190} INFO - [2024-12-17T21:04:47.493+0000] {dag.py:4180} INFO - Setting next_dagrun for example_task_group to None, run_after=None
[2024-12-17T21:04:47.520+0000] {processor.py:208} INFO - Processing /home/airflow/.local/lib/python3.12/site-packages/airflow/example_dags/example_task_group.py took 0.119 seconds
[2024-12-17T21:05:17.814+0000] {processor.py:186} INFO - Started process (PID=587) to work on /home/airflow/.local/lib/python3.12/site-packages/airflow/example_dags/example_task_group.py
[2024-12-17T21:05:17.815+0000] {processor.py:914} INFO - Processing file /home/airflow/.local/lib/python3.12/site-packages/airflow/example_dags/example_task_group.py for tasks to queue
[2024-12-17T21:05:17.816+0000] {logging_mixin.py:190} INFO - [2024-12-17T21:05:17.816+0000] {dagbag.py:588} INFO - Filling up the DagBag from /home/airflow/.local/lib/python3.12/site-packages/airflow/example_dags/example_task_group.py
[2024-12-17T21:05:17.825+0000] {processor.py:925} INFO - DAG(s) 'example_task_group' retrieved from /home/airflow/.local/lib/python3.12/site-packages/airflow/example_dags/example_task_group.py
[2024-12-17T21:05:17.847+0000] {logging_mixin.py:190} INFO - [2024-12-17T21:05:17.847+0000] {dag.py:3239} INFO - Sync 1 DAGs
[2024-12-17T21:05:17.863+0000] {logging_mixin.py:190} INFO - [2024-12-17T21:05:17.863+0000] {dag.py:4180} INFO - Setting next_dagrun for example_task_group to None, run_after=None
[2024-12-17T21:05:17.888+0000] {processor.py:208} INFO - Processing /home/airflow/.local/lib/python3.12/site-packages/airflow/example_dags/example_task_group.py took 0.081 seconds
[2024-12-17T21:05:48.283+0000] {processor.py:186} INFO - Started process (PID=651) to work on /home/airflow/.local/lib/python3.12/site-packages/airflow/example_dags/example_task_group.py
[2024-12-17T21:05:48.285+0000] {processor.py:914} INFO - Processing file /home/airflow/.local/lib/python3.12/site-packages/airflow/example_dags/example_task_group.py for tasks to queue
[2024-12-17T21:05:48.286+0000] {logging_mixin.py:190} INFO - [2024-12-17T21:05:48.286+0000] {dagbag.py:588} INFO - Filling up the DagBag from /home/airflow/.local/lib/python3.12/site-packages/airflow/example_dags/example_task_group.py
[2024-12-17T21:05:48.294+0000] {processor.py:925} INFO - DAG(s) 'example_task_group' retrieved from /home/airflow/.local/lib/python3.12/site-packages/airflow/example_dags/example_task_group.py
[2024-12-17T21:05:48.315+0000] {logging_mixin.py:190} INFO - [2024-12-17T21:05:48.314+0000] {dag.py:3239} INFO - Sync 1 DAGs
[2024-12-17T21:05:48.329+0000] {logging_mixin.py:190} INFO - [2024-12-17T21:05:48.329+0000] {dag.py:4180} INFO - Setting next_dagrun for example_task_group to None, run_after=None
[2024-12-17T21:05:48.354+0000] {processor.py:208} INFO - Processing /home/airflow/.local/lib/python3.12/site-packages/airflow/example_dags/example_task_group.py took 0.078 seconds
[2024-12-17T21:06:18.972+0000] {processor.py:186} INFO - Started process (PID=715) to work on /home/airflow/.local/lib/python3.12/site-packages/airflow/example_dags/example_task_group.py
[2024-12-17T21:06:18.973+0000] {processor.py:914} INFO - Processing file /home/airflow/.local/lib/python3.12/site-packages/airflow/example_dags/example_task_group.py for tasks to queue
[2024-12-17T21:06:18.974+0000] {logging_mixin.py:190} INFO - [2024-12-17T21:06:18.974+0000] {dagbag.py:588} INFO - Filling up the DagBag from /home/airflow/.local/lib/python3.12/site-packages/airflow/example_dags/example_task_group.py
[2024-12-17T21:06:18.982+0000] {processor.py:925} INFO - DAG(s) 'example_task_group' retrieved from /home/airflow/.local/lib/python3.12/site-packages/airflow/example_dags/example_task_group.py
[2024-12-17T21:06:19.003+0000] {logging_mixin.py:190} INFO - [2024-12-17T21:06:19.003+0000] {dag.py:3239} INFO - Sync 1 DAGs
[2024-12-17T21:06:19.018+0000] {logging_mixin.py:190} INFO - [2024-12-17T21:06:19.018+0000] {dag.py:4180} INFO - Setting next_dagrun for example_task_group to None, run_after=None
[2024-12-17T21:06:19.045+0000] {processor.py:208} INFO - Processing /home/airflow/.local/lib/python3.12/site-packages/airflow/example_dags/example_task_group.py took 0.078 seconds
[2024-12-17T21:06:49.270+0000] {processor.py:186} INFO - Started process (PID=779) to work on /home/airflow/.local/lib/python3.12/site-packages/airflow/example_dags/example_task_group.py
[2024-12-17T21:06:49.271+0000] {processor.py:914} INFO - Processing file /home/airflow/.local/lib/python3.12/site-packages/airflow/example_dags/example_task_group.py for tasks to queue
[2024-12-17T21:06:49.273+0000] {logging_mixin.py:190} INFO - [2024-12-17T21:06:49.272+0000] {dagbag.py:588} INFO - Filling up the DagBag from /home/airflow/.local/lib/python3.12/site-packages/airflow/example_dags/example_task_group.py
[2024-12-17T21:06:49.282+0000] {processor.py:925} INFO - DAG(s) 'example_task_group' retrieved from /home/airflow/.local/lib/python3.12/site-packages/airflow/example_dags/example_task_group.py
[2024-12-17T21:06:49.302+0000] {logging_mixin.py:190} INFO - [2024-12-17T21:06:49.302+0000] {dag.py:3239} INFO - Sync 1 DAGs
[2024-12-17T21:06:49.317+0000] {logging_mixin.py:190} INFO - [2024-12-17T21:06:49.317+0000] {dag.py:4180} INFO - Setting next_dagrun for example_task_group to None, run_after=None
[2024-12-17T21:06:49.334+0000] {processor.py:208} INFO - Processing /home/airflow/.local/lib/python3.12/site-packages/airflow/example_dags/example_task_group.py took 0.070 seconds
[2024-12-17T21:07:19.772+0000] {processor.py:186} INFO - Started process (PID=843) to work on /home/airflow/.local/lib/python3.12/site-packages/airflow/example_dags/example_task_group.py
[2024-12-17T21:07:19.774+0000] {processor.py:914} INFO - Processing file /home/airflow/.local/lib/python3.12/site-packages/airflow/example_dags/example_task_group.py for tasks to queue
[2024-12-17T21:07:19.776+0000] {logging_mixin.py:190} INFO - [2024-12-17T21:07:19.775+0000] {dagbag.py:588} INFO - Filling up the DagBag from /home/airflow/.local/lib/python3.12/site-packages/airflow/example_dags/example_task_group.py
[2024-12-17T21:07:19.798+0000] {processor.py:925} INFO - DAG(s) 'example_task_group' retrieved from /home/airflow/.local/lib/python3.12/site-packages/airflow/example_dags/example_task_group.py
[2024-12-17T21:07:19.844+0000] {logging_mixin.py:190} INFO - [2024-12-17T21:07:19.844+0000] {dag.py:3239} INFO - Sync 1 DAGs
[2024-12-17T21:07:19.872+0000] {logging_mixin.py:190} INFO - [2024-12-17T21:07:19.871+0000] {dag.py:4180} INFO - Setting next_dagrun for example_task_group to None, run_after=None
[2024-12-17T21:07:19.919+0000] {processor.py:208} INFO - Processing /home/airflow/.local/lib/python3.12/site-packages/airflow/example_dags/example_task_group.py took 0.162 seconds
[2024-12-17T21:07:50.792+0000] {processor.py:186} INFO - Started process (PID=907) to work on /home/airflow/.local/lib/python3.12/site-packages/airflow/example_dags/example_task_group.py
[2024-12-17T21:07:50.793+0000] {processor.py:914} INFO - Processing file /home/airflow/.local/lib/python3.12/site-packages/airflow/example_dags/example_task_group.py for tasks to queue
[2024-12-17T21:07:50.795+0000] {logging_mixin.py:190} INFO - [2024-12-17T21:07:50.794+0000] {dagbag.py:588} INFO - Filling up the DagBag from /home/airflow/.local/lib/python3.12/site-packages/airflow/example_dags/example_task_group.py
[2024-12-17T21:07:50.804+0000] {processor.py:925} INFO - DAG(s) 'example_task_group' retrieved from /home/airflow/.local/lib/python3.12/site-packages/airflow/example_dags/example_task_group.py
[2024-12-17T21:07:50.827+0000] {logging_mixin.py:190} INFO - [2024-12-17T21:07:50.826+0000] {dag.py:3239} INFO - Sync 1 DAGs
[2024-12-17T21:07:50.843+0000] {logging_mixin.py:190} INFO - [2024-12-17T21:07:50.842+0000] {dag.py:4180} INFO - Setting next_dagrun for example_task_group to None, run_after=None
[2024-12-17T21:07:50.861+0000] {processor.py:208} INFO - Processing /home/airflow/.local/lib/python3.12/site-packages/airflow/example_dags/example_task_group.py took 0.075 seconds
[2024-12-17T21:08:21.358+0000] {processor.py:186} INFO - Started process (PID=971) to work on /home/airflow/.local/lib/python3.12/site-packages/airflow/example_dags/example_task_group.py
[2024-12-17T21:08:21.359+0000] {processor.py:914} INFO - Processing file /home/airflow/.local/lib/python3.12/site-packages/airflow/example_dags/example_task_group.py for tasks to queue
[2024-12-17T21:08:21.361+0000] {logging_mixin.py:190} INFO - [2024-12-17T21:08:21.360+0000] {dagbag.py:588} INFO - Filling up the DagBag from /home/airflow/.local/lib/python3.12/site-packages/airflow/example_dags/example_task_group.py
[2024-12-17T21:08:21.369+0000] {processor.py:925} INFO - DAG(s) 'example_task_group' retrieved from /home/airflow/.local/lib/python3.12/site-packages/airflow/example_dags/example_task_group.py
[2024-12-17T21:08:21.390+0000] {logging_mixin.py:190} INFO - [2024-12-17T21:08:21.390+0000] {dag.py:3239} INFO - Sync 1 DAGs
[2024-12-17T21:08:21.404+0000] {logging_mixin.py:190} INFO - [2024-12-17T21:08:21.404+0000] {dag.py:4180} INFO - Setting next_dagrun for example_task_group to None, run_after=None
[2024-12-17T21:08:21.429+0000] {processor.py:208} INFO - Processing /home/airflow/.local/lib/python3.12/site-packages/airflow/example_dags/example_task_group.py took 0.076 seconds
[2024-12-17T21:08:52.037+0000] {processor.py:186} INFO - Started process (PID=1036) to work on /home/airflow/.local/lib/python3.12/site-packages/airflow/example_dags/example_task_group.py
[2024-12-17T21:08:52.039+0000] {processor.py:914} INFO - Processing file /home/airflow/.local/lib/python3.12/site-packages/airflow/example_dags/example_task_group.py for tasks to queue
[2024-12-17T21:08:52.040+0000] {logging_mixin.py:190} INFO - [2024-12-17T21:08:52.040+0000] {dagbag.py:588} INFO - Filling up the DagBag from /home/airflow/.local/lib/python3.12/site-packages/airflow/example_dags/example_task_group.py
[2024-12-17T21:08:52.049+0000] {processor.py:925} INFO - DAG(s) 'example_task_group' retrieved from /home/airflow/.local/lib/python3.12/site-packages/airflow/example_dags/example_task_group.py
[2024-12-17T21:08:52.069+0000] {logging_mixin.py:190} INFO - [2024-12-17T21:08:52.069+0000] {dag.py:3239} INFO - Sync 1 DAGs
[2024-12-17T21:08:52.084+0000] {logging_mixin.py:190} INFO - [2024-12-17T21:08:52.083+0000] {dag.py:4180} INFO - Setting next_dagrun for example_task_group to None, run_after=None
[2024-12-17T21:08:52.110+0000] {processor.py:208} INFO - Processing /home/airflow/.local/lib/python3.12/site-packages/airflow/example_dags/example_task_group.py took 0.078 seconds
[2024-12-17T21:09:22.808+0000] {processor.py:186} INFO - Started process (PID=1101) to work on /home/airflow/.local/lib/python3.12/site-packages/airflow/example_dags/example_task_group.py
[2024-12-17T21:09:22.809+0000] {processor.py:914} INFO - Processing file /home/airflow/.local/lib/python3.12/site-packages/airflow/example_dags/example_task_group.py for tasks to queue
[2024-12-17T21:09:22.810+0000] {logging_mixin.py:190} INFO - [2024-12-17T21:09:22.810+0000] {dagbag.py:588} INFO - Filling up the DagBag from /home/airflow/.local/lib/python3.12/site-packages/airflow/example_dags/example_task_group.py
[2024-12-17T21:09:22.819+0000] {processor.py:925} INFO - DAG(s) 'example_task_group' retrieved from /home/airflow/.local/lib/python3.12/site-packages/airflow/example_dags/example_task_group.py
[2024-12-17T21:09:22.841+0000] {logging_mixin.py:190} INFO - [2024-12-17T21:09:22.841+0000] {dag.py:3239} INFO - Sync 1 DAGs
[2024-12-17T21:09:22.855+0000] {logging_mixin.py:190} INFO - [2024-12-17T21:09:22.855+0000] {dag.py:4180} INFO - Setting next_dagrun for example_task_group to None, run_after=None
[2024-12-17T21:09:22.881+0000] {processor.py:208} INFO - Processing /home/airflow/.local/lib/python3.12/site-packages/airflow/example_dags/example_task_group.py took 0.080 seconds
[2024-12-17T21:09:53.336+0000] {processor.py:186} INFO - Started process (PID=1165) to work on /home/airflow/.local/lib/python3.12/site-packages/airflow/example_dags/example_task_group.py
[2024-12-17T21:09:53.337+0000] {processor.py:914} INFO - Processing file /home/airflow/.local/lib/python3.12/site-packages/airflow/example_dags/example_task_group.py for tasks to queue
[2024-12-17T21:09:53.338+0000] {logging_mixin.py:190} INFO - [2024-12-17T21:09:53.338+0000] {dagbag.py:588} INFO - Filling up the DagBag from /home/airflow/.local/lib/python3.12/site-packages/airflow/example_dags/example_task_group.py
[2024-12-17T21:09:53.346+0000] {processor.py:925} INFO - DAG(s) 'example_task_group' retrieved from /home/airflow/.local/lib/python3.12/site-packages/airflow/example_dags/example_task_group.py
[2024-12-17T21:09:53.367+0000] {logging_mixin.py:190} INFO - [2024-12-17T21:09:53.367+0000] {dag.py:3239} INFO - Sync 1 DAGs
[2024-12-17T21:09:53.382+0000] {logging_mixin.py:190} INFO - [2024-12-17T21:09:53.382+0000] {dag.py:4180} INFO - Setting next_dagrun for example_task_group to None, run_after=None
[2024-12-17T21:09:53.407+0000] {processor.py:208} INFO - Processing /home/airflow/.local/lib/python3.12/site-packages/airflow/example_dags/example_task_group.py took 0.077 seconds
[2024-12-17T21:10:23.529+0000] {processor.py:186} INFO - Started process (PID=1229) to work on /home/airflow/.local/lib/python3.12/site-packages/airflow/example_dags/example_task_group.py
[2024-12-17T21:10:23.530+0000] {processor.py:914} INFO - Processing file /home/airflow/.local/lib/python3.12/site-packages/airflow/example_dags/example_task_group.py for tasks to queue
[2024-12-17T21:10:23.532+0000] {logging_mixin.py:190} INFO - [2024-12-17T21:10:23.532+0000] {dagbag.py:588} INFO - Filling up the DagBag from /home/airflow/.local/lib/python3.12/site-packages/airflow/example_dags/example_task_group.py
[2024-12-17T21:10:23.547+0000] {processor.py:925} INFO - DAG(s) 'example_task_group' retrieved from /home/airflow/.local/lib/python3.12/site-packages/airflow/example_dags/example_task_group.py
[2024-12-17T21:10:23.578+0000] {logging_mixin.py:190} INFO - [2024-12-17T21:10:23.577+0000] {dag.py:3239} INFO - Sync 1 DAGs
[2024-12-17T21:10:23.604+0000] {logging_mixin.py:190} INFO - [2024-12-17T21:10:23.604+0000] {dag.py:4180} INFO - Setting next_dagrun for example_task_group to None, run_after=None
[2024-12-17T21:10:23.636+0000] {processor.py:208} INFO - Processing /home/airflow/.local/lib/python3.12/site-packages/airflow/example_dags/example_task_group.py took 0.117 seconds
[2024-12-17T21:10:53.721+0000] {processor.py:186} INFO - Started process (PID=1293) to work on /home/airflow/.local/lib/python3.12/site-packages/airflow/example_dags/example_task_group.py
[2024-12-17T21:10:53.723+0000] {processor.py:914} INFO - Processing file /home/airflow/.local/lib/python3.12/site-packages/airflow/example_dags/example_task_group.py for tasks to queue
[2024-12-17T21:10:53.726+0000] {logging_mixin.py:190} INFO - [2024-12-17T21:10:53.725+0000] {dagbag.py:588} INFO - Filling up the DagBag from /home/airflow/.local/lib/python3.12/site-packages/airflow/example_dags/example_task_group.py
[2024-12-17T21:10:53.736+0000] {processor.py:925} INFO - DAG(s) 'example_task_group' retrieved from /home/airflow/.local/lib/python3.12/site-packages/airflow/example_dags/example_task_group.py
[2024-12-17T21:10:53.757+0000] {logging_mixin.py:190} INFO - [2024-12-17T21:10:53.757+0000] {dag.py:3239} INFO - Sync 1 DAGs
[2024-12-17T21:10:53.771+0000] {logging_mixin.py:190} INFO - [2024-12-17T21:10:53.771+0000] {dag.py:4180} INFO - Setting next_dagrun for example_task_group to None, run_after=None
[2024-12-17T21:10:53.790+0000] {processor.py:208} INFO - Processing /home/airflow/.local/lib/python3.12/site-packages/airflow/example_dags/example_task_group.py took 0.076 seconds
[2024-12-17T21:11:23.954+0000] {processor.py:186} INFO - Started process (PID=1357) to work on /home/airflow/.local/lib/python3.12/site-packages/airflow/example_dags/example_task_group.py
[2024-12-17T21:11:23.955+0000] {processor.py:914} INFO - Processing file /home/airflow/.local/lib/python3.12/site-packages/airflow/example_dags/example_task_group.py for tasks to queue
[2024-12-17T21:11:23.957+0000] {logging_mixin.py:190} INFO - [2024-12-17T21:11:23.956+0000] {dagbag.py:588} INFO - Filling up the DagBag from /home/airflow/.local/lib/python3.12/site-packages/airflow/example_dags/example_task_group.py
[2024-12-17T21:11:23.966+0000] {processor.py:925} INFO - DAG(s) 'example_task_group' retrieved from /home/airflow/.local/lib/python3.12/site-packages/airflow/example_dags/example_task_group.py
[2024-12-17T21:11:23.989+0000] {logging_mixin.py:190} INFO - [2024-12-17T21:11:23.988+0000] {dag.py:3239} INFO - Sync 1 DAGs
[2024-12-17T21:11:24.005+0000] {logging_mixin.py:190} INFO - [2024-12-17T21:11:24.004+0000] {dag.py:4180} INFO - Setting next_dagrun for example_task_group to None, run_after=None
[2024-12-17T21:11:24.023+0000] {processor.py:208} INFO - Processing /home/airflow/.local/lib/python3.12/site-packages/airflow/example_dags/example_task_group.py took 0.074 seconds
[2024-12-17T21:11:54.316+0000] {processor.py:186} INFO - Started process (PID=1421) to work on /home/airflow/.local/lib/python3.12/site-packages/airflow/example_dags/example_task_group.py
[2024-12-17T21:11:54.317+0000] {processor.py:914} INFO - Processing file /home/airflow/.local/lib/python3.12/site-packages/airflow/example_dags/example_task_group.py for tasks to queue
[2024-12-17T21:11:54.319+0000] {logging_mixin.py:190} INFO - [2024-12-17T21:11:54.318+0000] {dagbag.py:588} INFO - Filling up the DagBag from /home/airflow/.local/lib/python3.12/site-packages/airflow/example_dags/example_task_group.py
[2024-12-17T21:11:54.328+0000] {processor.py:925} INFO - DAG(s) 'example_task_group' retrieved from /home/airflow/.local/lib/python3.12/site-packages/airflow/example_dags/example_task_group.py
[2024-12-17T21:11:54.348+0000] {logging_mixin.py:190} INFO - [2024-12-17T21:11:54.348+0000] {dag.py:3239} INFO - Sync 1 DAGs
[2024-12-17T21:11:54.364+0000] {logging_mixin.py:190} INFO - [2024-12-17T21:11:54.364+0000] {dag.py:4180} INFO - Setting next_dagrun for example_task_group to None, run_after=None
[2024-12-17T21:11:54.381+0000] {processor.py:208} INFO - Processing /home/airflow/.local/lib/python3.12/site-packages/airflow/example_dags/example_task_group.py took 0.072 seconds
[2024-12-17T21:12:24.438+0000] {processor.py:186} INFO - Started process (PID=1484) to work on /home/airflow/.local/lib/python3.12/site-packages/airflow/example_dags/example_task_group.py
[2024-12-17T21:12:24.439+0000] {processor.py:914} INFO - Processing file /home/airflow/.local/lib/python3.12/site-packages/airflow/example_dags/example_task_group.py for tasks to queue
[2024-12-17T21:12:24.440+0000] {logging_mixin.py:190} INFO - [2024-12-17T21:12:24.440+0000] {dagbag.py:588} INFO - Filling up the DagBag from /home/airflow/.local/lib/python3.12/site-packages/airflow/example_dags/example_task_group.py
[2024-12-17T21:12:24.449+0000] {processor.py:925} INFO - DAG(s) 'example_task_group' retrieved from /home/airflow/.local/lib/python3.12/site-packages/airflow/example_dags/example_task_group.py
[2024-12-17T21:12:24.468+0000] {logging_mixin.py:190} INFO - [2024-12-17T21:12:24.468+0000] {dag.py:3239} INFO - Sync 1 DAGs
[2024-12-17T21:12:24.482+0000] {logging_mixin.py:190} INFO - [2024-12-17T21:12:24.482+0000] {dag.py:4180} INFO - Setting next_dagrun for example_task_group to None, run_after=None
[2024-12-17T21:12:24.507+0000] {processor.py:208} INFO - Processing /home/airflow/.local/lib/python3.12/site-packages/airflow/example_dags/example_task_group.py took 0.075 seconds
[2024-12-17T21:12:54.821+0000] {processor.py:186} INFO - Started process (PID=1550) to work on /home/airflow/.local/lib/python3.12/site-packages/airflow/example_dags/example_task_group.py
[2024-12-17T21:12:54.822+0000] {processor.py:914} INFO - Processing file /home/airflow/.local/lib/python3.12/site-packages/airflow/example_dags/example_task_group.py for tasks to queue
[2024-12-17T21:12:54.824+0000] {logging_mixin.py:190} INFO - [2024-12-17T21:12:54.823+0000] {dagbag.py:588} INFO - Filling up the DagBag from /home/airflow/.local/lib/python3.12/site-packages/airflow/example_dags/example_task_group.py
[2024-12-17T21:12:54.834+0000] {processor.py:925} INFO - DAG(s) 'example_task_group' retrieved from /home/airflow/.local/lib/python3.12/site-packages/airflow/example_dags/example_task_group.py
[2024-12-17T21:12:54.853+0000] {logging_mixin.py:190} INFO - [2024-12-17T21:12:54.853+0000] {dag.py:3239} INFO - Sync 1 DAGs
[2024-12-17T21:12:54.870+0000] {logging_mixin.py:190} INFO - [2024-12-17T21:12:54.869+0000] {dag.py:4180} INFO - Setting next_dagrun for example_task_group to None, run_after=None
[2024-12-17T21:12:54.897+0000] {processor.py:208} INFO - Processing /home/airflow/.local/lib/python3.12/site-packages/airflow/example_dags/example_task_group.py took 0.082 seconds
[2024-12-17T21:13:25.613+0000] {processor.py:186} INFO - Started process (PID=1614) to work on /home/airflow/.local/lib/python3.12/site-packages/airflow/example_dags/example_task_group.py
[2024-12-17T21:13:25.614+0000] {processor.py:914} INFO - Processing file /home/airflow/.local/lib/python3.12/site-packages/airflow/example_dags/example_task_group.py for tasks to queue
[2024-12-17T21:13:25.616+0000] {logging_mixin.py:190} INFO - [2024-12-17T21:13:25.615+0000] {dagbag.py:588} INFO - Filling up the DagBag from /home/airflow/.local/lib/python3.12/site-packages/airflow/example_dags/example_task_group.py
[2024-12-17T21:13:25.625+0000] {processor.py:925} INFO - DAG(s) 'example_task_group' retrieved from /home/airflow/.local/lib/python3.12/site-packages/airflow/example_dags/example_task_group.py
[2024-12-17T21:13:25.644+0000] {logging_mixin.py:190} INFO - [2024-12-17T21:13:25.644+0000] {dag.py:3239} INFO - Sync 1 DAGs
[2024-12-17T21:13:25.658+0000] {logging_mixin.py:190} INFO - [2024-12-17T21:13:25.658+0000] {dag.py:4180} INFO - Setting next_dagrun for example_task_group to None, run_after=None
[2024-12-17T21:13:25.683+0000] {processor.py:208} INFO - Processing /home/airflow/.local/lib/python3.12/site-packages/airflow/example_dags/example_task_group.py took 0.074 seconds
[2024-12-17T21:13:56.712+0000] {processor.py:186} INFO - Started process (PID=1678) to work on /home/airflow/.local/lib/python3.12/site-packages/airflow/example_dags/example_task_group.py
[2024-12-17T21:13:56.713+0000] {processor.py:914} INFO - Processing file /home/airflow/.local/lib/python3.12/site-packages/airflow/example_dags/example_task_group.py for tasks to queue
[2024-12-17T21:13:56.715+0000] {logging_mixin.py:190} INFO - [2024-12-17T21:13:56.714+0000] {dagbag.py:588} INFO - Filling up the DagBag from /home/airflow/.local/lib/python3.12/site-packages/airflow/example_dags/example_task_group.py
[2024-12-17T21:13:56.730+0000] {processor.py:925} INFO - DAG(s) 'example_task_group' retrieved from /home/airflow/.local/lib/python3.12/site-packages/airflow/example_dags/example_task_group.py
[2024-12-17T21:13:56.761+0000] {logging_mixin.py:190} INFO - [2024-12-17T21:13:56.761+0000] {dag.py:3239} INFO - Sync 1 DAGs
[2024-12-17T21:13:56.784+0000] {logging_mixin.py:190} INFO - [2024-12-17T21:13:56.784+0000] {dag.py:4180} INFO - Setting next_dagrun for example_task_group to None, run_after=None
[2024-12-17T21:13:56.806+0000] {processor.py:208} INFO - Processing /home/airflow/.local/lib/python3.12/site-packages/airflow/example_dags/example_task_group.py took 0.104 seconds
[2024-12-17T21:14:26.885+0000] {processor.py:186} INFO - Started process (PID=1742) to work on /home/airflow/.local/lib/python3.12/site-packages/airflow/example_dags/example_task_group.py
[2024-12-17T21:14:26.886+0000] {processor.py:914} INFO - Processing file /home/airflow/.local/lib/python3.12/site-packages/airflow/example_dags/example_task_group.py for tasks to queue
[2024-12-17T21:14:26.887+0000] {logging_mixin.py:190} INFO - [2024-12-17T21:14:26.887+0000] {dagbag.py:588} INFO - Filling up the DagBag from /home/airflow/.local/lib/python3.12/site-packages/airflow/example_dags/example_task_group.py
[2024-12-17T21:14:26.897+0000] {processor.py:925} INFO - DAG(s) 'example_task_group' retrieved from /home/airflow/.local/lib/python3.12/site-packages/airflow/example_dags/example_task_group.py
[2024-12-17T21:14:26.917+0000] {logging_mixin.py:190} INFO - [2024-12-17T21:14:26.916+0000] {dag.py:3239} INFO - Sync 1 DAGs
[2024-12-17T21:14:26.932+0000] {logging_mixin.py:190} INFO - [2024-12-17T21:14:26.931+0000] {dag.py:4180} INFO - Setting next_dagrun for example_task_group to None, run_after=None
[2024-12-17T21:14:26.948+0000] {processor.py:208} INFO - Processing /home/airflow/.local/lib/python3.12/site-packages/airflow/example_dags/example_task_group.py took 0.070 seconds
[2024-12-17T21:14:57.922+0000] {processor.py:186} INFO - Started process (PID=1806) to work on /home/airflow/.local/lib/python3.12/site-packages/airflow/example_dags/example_task_group.py
[2024-12-17T21:14:57.923+0000] {processor.py:914} INFO - Processing file /home/airflow/.local/lib/python3.12/site-packages/airflow/example_dags/example_task_group.py for tasks to queue
[2024-12-17T21:14:57.924+0000] {logging_mixin.py:190} INFO - [2024-12-17T21:14:57.924+0000] {dagbag.py:588} INFO - Filling up the DagBag from /home/airflow/.local/lib/python3.12/site-packages/airflow/example_dags/example_task_group.py
[2024-12-17T21:14:57.933+0000] {processor.py:925} INFO - DAG(s) 'example_task_group' retrieved from /home/airflow/.local/lib/python3.12/site-packages/airflow/example_dags/example_task_group.py
[2024-12-17T21:14:57.951+0000] {logging_mixin.py:190} INFO - [2024-12-17T21:14:57.951+0000] {dag.py:3239} INFO - Sync 1 DAGs
[2024-12-17T21:14:57.966+0000] {logging_mixin.py:190} INFO - [2024-12-17T21:14:57.966+0000] {dag.py:4180} INFO - Setting next_dagrun for example_task_group to None, run_after=None
[2024-12-17T21:14:57.991+0000] {processor.py:208} INFO - Processing /home/airflow/.local/lib/python3.12/site-packages/airflow/example_dags/example_task_group.py took 0.074 seconds
[2024-12-17T21:15:28.285+0000] {processor.py:186} INFO - Started process (PID=1870) to work on /home/airflow/.local/lib/python3.12/site-packages/airflow/example_dags/example_task_group.py
[2024-12-17T21:15:28.286+0000] {processor.py:914} INFO - Processing file /home/airflow/.local/lib/python3.12/site-packages/airflow/example_dags/example_task_group.py for tasks to queue
[2024-12-17T21:15:28.287+0000] {logging_mixin.py:190} INFO - [2024-12-17T21:15:28.287+0000] {dagbag.py:588} INFO - Filling up the DagBag from /home/airflow/.local/lib/python3.12/site-packages/airflow/example_dags/example_task_group.py
[2024-12-17T21:15:28.296+0000] {processor.py:925} INFO - DAG(s) 'example_task_group' retrieved from /home/airflow/.local/lib/python3.12/site-packages/airflow/example_dags/example_task_group.py
[2024-12-17T21:15:28.317+0000] {logging_mixin.py:190} INFO - [2024-12-17T21:15:28.317+0000] {dag.py:3239} INFO - Sync 1 DAGs
[2024-12-17T21:15:28.331+0000] {logging_mixin.py:190} INFO - [2024-12-17T21:15:28.331+0000] {dag.py:4180} INFO - Setting next_dagrun for example_task_group to None, run_after=None
[2024-12-17T21:15:28.356+0000] {processor.py:208} INFO - Processing /home/airflow/.local/lib/python3.12/site-packages/airflow/example_dags/example_task_group.py took 0.077 seconds
[2024-12-17T21:15:58.610+0000] {processor.py:186} INFO - Started process (PID=1934) to work on /home/airflow/.local/lib/python3.12/site-packages/airflow/example_dags/example_task_group.py
[2024-12-17T21:15:58.611+0000] {processor.py:914} INFO - Processing file /home/airflow/.local/lib/python3.12/site-packages/airflow/example_dags/example_task_group.py for tasks to queue
[2024-12-17T21:15:58.613+0000] {logging_mixin.py:190} INFO - [2024-12-17T21:15:58.613+0000] {dagbag.py:588} INFO - Filling up the DagBag from /home/airflow/.local/lib/python3.12/site-packages/airflow/example_dags/example_task_group.py
[2024-12-17T21:15:58.621+0000] {processor.py:925} INFO - DAG(s) 'example_task_group' retrieved from /home/airflow/.local/lib/python3.12/site-packages/airflow/example_dags/example_task_group.py
[2024-12-17T21:15:58.644+0000] {logging_mixin.py:190} INFO - [2024-12-17T21:15:58.643+0000] {dag.py:3239} INFO - Sync 1 DAGs
[2024-12-17T21:15:58.659+0000] {logging_mixin.py:190} INFO - [2024-12-17T21:15:58.658+0000] {dag.py:4180} INFO - Setting next_dagrun for example_task_group to None, run_after=None
[2024-12-17T21:15:58.684+0000] {processor.py:208} INFO - Processing /home/airflow/.local/lib/python3.12/site-packages/airflow/example_dags/example_task_group.py took 0.080 seconds
[2024-12-17T21:16:29.838+0000] {processor.py:186} INFO - Started process (PID=1997) to work on /home/airflow/.local/lib/python3.12/site-packages/airflow/example_dags/example_task_group.py
[2024-12-17T21:16:29.839+0000] {processor.py:914} INFO - Processing file /home/airflow/.local/lib/python3.12/site-packages/airflow/example_dags/example_task_group.py for tasks to queue
[2024-12-17T21:16:29.842+0000] {logging_mixin.py:190} INFO - [2024-12-17T21:16:29.842+0000] {dagbag.py:588} INFO - Filling up the DagBag from /home/airflow/.local/lib/python3.12/site-packages/airflow/example_dags/example_task_group.py
[2024-12-17T21:16:29.852+0000] {processor.py:925} INFO - DAG(s) 'example_task_group' retrieved from /home/airflow/.local/lib/python3.12/site-packages/airflow/example_dags/example_task_group.py
[2024-12-17T21:16:29.871+0000] {logging_mixin.py:190} INFO - [2024-12-17T21:16:29.871+0000] {dag.py:3239} INFO - Sync 1 DAGs
[2024-12-17T21:16:29.885+0000] {logging_mixin.py:190} INFO - [2024-12-17T21:16:29.884+0000] {dag.py:4180} INFO - Setting next_dagrun for example_task_group to None, run_after=None
[2024-12-17T21:16:29.908+0000] {processor.py:208} INFO - Processing /home/airflow/.local/lib/python3.12/site-packages/airflow/example_dags/example_task_group.py took 0.078 seconds
[2024-12-17T21:17:00.600+0000] {processor.py:186} INFO - Started process (PID=2049) to work on /home/airflow/.local/lib/python3.12/site-packages/airflow/example_dags/example_task_group.py
[2024-12-17T21:17:00.601+0000] {processor.py:914} INFO - Processing file /home/airflow/.local/lib/python3.12/site-packages/airflow/example_dags/example_task_group.py for tasks to queue
[2024-12-17T21:17:00.603+0000] {logging_mixin.py:190} INFO - [2024-12-17T21:17:00.602+0000] {dagbag.py:588} INFO - Filling up the DagBag from /home/airflow/.local/lib/python3.12/site-packages/airflow/example_dags/example_task_group.py
[2024-12-17T21:17:00.613+0000] {processor.py:925} INFO - DAG(s) 'example_task_group' retrieved from /home/airflow/.local/lib/python3.12/site-packages/airflow/example_dags/example_task_group.py
[2024-12-17T21:17:00.639+0000] {logging_mixin.py:190} INFO - [2024-12-17T21:17:00.638+0000] {dag.py:3239} INFO - Sync 1 DAGs
[2024-12-17T21:17:00.664+0000] {logging_mixin.py:190} INFO - [2024-12-17T21:17:00.664+0000] {dag.py:4180} INFO - Setting next_dagrun for example_task_group to None, run_after=None
[2024-12-17T21:17:00.688+0000] {processor.py:208} INFO - Processing /home/airflow/.local/lib/python3.12/site-packages/airflow/example_dags/example_task_group.py took 0.094 seconds
[2024-12-17T21:17:31.442+0000] {processor.py:186} INFO - Started process (PID=2108) to work on /home/airflow/.local/lib/python3.12/site-packages/airflow/example_dags/example_task_group.py
[2024-12-17T21:17:31.443+0000] {processor.py:914} INFO - Processing file /home/airflow/.local/lib/python3.12/site-packages/airflow/example_dags/example_task_group.py for tasks to queue
[2024-12-17T21:17:31.444+0000] {logging_mixin.py:190} INFO - [2024-12-17T21:17:31.444+0000] {dagbag.py:588} INFO - Filling up the DagBag from /home/airflow/.local/lib/python3.12/site-packages/airflow/example_dags/example_task_group.py
[2024-12-17T21:17:31.454+0000] {processor.py:925} INFO - DAG(s) 'example_task_group' retrieved from /home/airflow/.local/lib/python3.12/site-packages/airflow/example_dags/example_task_group.py
[2024-12-17T21:17:31.475+0000] {logging_mixin.py:190} INFO - [2024-12-17T21:17:31.475+0000] {dag.py:3239} INFO - Sync 1 DAGs
[2024-12-17T21:17:31.491+0000] {logging_mixin.py:190} INFO - [2024-12-17T21:17:31.491+0000] {dag.py:4180} INFO - Setting next_dagrun for example_task_group to None, run_after=None
[2024-12-17T21:17:31.508+0000] {processor.py:208} INFO - Processing /home/airflow/.local/lib/python3.12/site-packages/airflow/example_dags/example_task_group.py took 0.073 seconds
