[2024-12-17T21:01:22.552+0000] {processor.py:186} INFO - Started process (PID=111) to work on /home/airflow/.local/lib/python3.12/site-packages/airflow/example_dags/example_branch_datetime_operator.py
[2024-12-17T21:01:22.553+0000] {processor.py:914} INFO - Processing file /home/airflow/.local/lib/python3.12/site-packages/airflow/example_dags/example_branch_datetime_operator.py for tasks to queue
[2024-12-17T21:01:22.556+0000] {logging_mixin.py:190} INFO - [2024-12-17T21:01:22.556+0000] {dagbag.py:588} INFO - Filling up the DagBag from /home/airflow/.local/lib/python3.12/site-packages/airflow/example_dags/example_branch_datetime_operator.py
[2024-12-17T21:01:22.572+0000] {processor.py:925} INFO - DAG(s) 'example_branch_datetime_operator_3', 'example_branch_datetime_operator', 'example_branch_datetime_operator_2' retrieved from /home/airflow/.local/lib/python3.12/site-packages/airflow/example_dags/example_branch_datetime_operator.py
[2024-12-17T21:01:22.716+0000] {logging_mixin.py:190} INFO - [2024-12-17T21:01:22.715+0000] {override.py:1911} INFO - Created Permission View: can delete on DAG:example_branch_datetime_operator_3
[2024-12-17T21:01:22.730+0000] {logging_mixin.py:190} INFO - [2024-12-17T21:01:22.730+0000] {override.py:1911} INFO - Created Permission View: can read on DAG:example_branch_datetime_operator_3
[2024-12-17T21:01:22.737+0000] {logging_mixin.py:190} INFO - [2024-12-17T21:01:22.737+0000] {override.py:1911} INFO - Created Permission View: can edit on DAG:example_branch_datetime_operator_3
[2024-12-17T21:01:22.746+0000] {logging_mixin.py:190} INFO - [2024-12-17T21:01:22.746+0000] {override.py:1911} INFO - Created Permission View: can create on DAG Run:example_branch_datetime_operator_3
[2024-12-17T21:01:22.753+0000] {logging_mixin.py:190} INFO - [2024-12-17T21:01:22.753+0000] {override.py:1911} INFO - Created Permission View: menu access on DAG Run:example_branch_datetime_operator_3
[2024-12-17T21:01:22.762+0000] {logging_mixin.py:190} INFO - [2024-12-17T21:01:22.761+0000] {override.py:1911} INFO - Created Permission View: can delete on DAG Run:example_branch_datetime_operator_3
[2024-12-17T21:01:22.768+0000] {logging_mixin.py:190} INFO - [2024-12-17T21:01:22.768+0000] {override.py:1911} INFO - Created Permission View: can read on DAG Run:example_branch_datetime_operator_3
[2024-12-17T21:01:22.784+0000] {logging_mixin.py:190} INFO - [2024-12-17T21:01:22.783+0000] {override.py:1911} INFO - Created Permission View: can delete on DAG:example_branch_datetime_operator
[2024-12-17T21:01:22.794+0000] {logging_mixin.py:190} INFO - [2024-12-17T21:01:22.794+0000] {override.py:1911} INFO - Created Permission View: can read on DAG:example_branch_datetime_operator
[2024-12-17T21:01:22.801+0000] {logging_mixin.py:190} INFO - [2024-12-17T21:01:22.801+0000] {override.py:1911} INFO - Created Permission View: can edit on DAG:example_branch_datetime_operator
[2024-12-17T21:01:22.811+0000] {logging_mixin.py:190} INFO - [2024-12-17T21:01:22.810+0000] {override.py:1911} INFO - Created Permission View: can create on DAG Run:example_branch_datetime_operator
[2024-12-17T21:01:22.818+0000] {logging_mixin.py:190} INFO - [2024-12-17T21:01:22.818+0000] {override.py:1911} INFO - Created Permission View: menu access on DAG Run:example_branch_datetime_operator
[2024-12-17T21:01:22.825+0000] {logging_mixin.py:190} INFO - [2024-12-17T21:01:22.825+0000] {override.py:1911} INFO - Created Permission View: can delete on DAG Run:example_branch_datetime_operator
[2024-12-17T21:01:22.833+0000] {logging_mixin.py:190} INFO - [2024-12-17T21:01:22.833+0000] {override.py:1911} INFO - Created Permission View: can read on DAG Run:example_branch_datetime_operator
[2024-12-17T21:01:22.848+0000] {logging_mixin.py:190} INFO - [2024-12-17T21:01:22.848+0000] {override.py:1911} INFO - Created Permission View: can delete on DAG:example_branch_datetime_operator_2
[2024-12-17T21:01:22.857+0000] {logging_mixin.py:190} INFO - [2024-12-17T21:01:22.856+0000] {override.py:1911} INFO - Created Permission View: can read on DAG:example_branch_datetime_operator_2
[2024-12-17T21:01:22.864+0000] {logging_mixin.py:190} INFO - [2024-12-17T21:01:22.864+0000] {override.py:1911} INFO - Created Permission View: can edit on DAG:example_branch_datetime_operator_2
[2024-12-17T21:01:22.872+0000] {logging_mixin.py:190} INFO - [2024-12-17T21:01:22.872+0000] {override.py:1911} INFO - Created Permission View: can create on DAG Run:example_branch_datetime_operator_2
[2024-12-17T21:01:22.881+0000] {logging_mixin.py:190} INFO - [2024-12-17T21:01:22.881+0000] {override.py:1911} INFO - Created Permission View: menu access on DAG Run:example_branch_datetime_operator_2
[2024-12-17T21:01:22.890+0000] {logging_mixin.py:190} INFO - [2024-12-17T21:01:22.890+0000] {override.py:1911} INFO - Created Permission View: can delete on DAG Run:example_branch_datetime_operator_2
[2024-12-17T21:01:22.900+0000] {logging_mixin.py:190} INFO - [2024-12-17T21:01:22.899+0000] {override.py:1911} INFO - Created Permission View: can read on DAG Run:example_branch_datetime_operator_2
[2024-12-17T21:01:22.900+0000] {logging_mixin.py:190} INFO - [2024-12-17T21:01:22.900+0000] {dag.py:3239} INFO - Sync 3 DAGs
[2024-12-17T21:01:22.924+0000] {logging_mixin.py:190} INFO - [2024-12-17T21:01:22.924+0000] {dag.py:3262} INFO - Creating ORM DAG for example_branch_datetime_operator_2
[2024-12-17T21:01:22.925+0000] {logging_mixin.py:190} INFO - [2024-12-17T21:01:22.925+0000] {dag.py:3262} INFO - Creating ORM DAG for example_branch_datetime_operator
[2024-12-17T21:01:22.927+0000] {logging_mixin.py:190} INFO - [2024-12-17T21:01:22.926+0000] {dag.py:3262} INFO - Creating ORM DAG for example_branch_datetime_operator_3
[2024-12-17T21:01:22.942+0000] {logging_mixin.py:190} INFO - [2024-12-17T21:01:22.942+0000] {dag.py:4180} INFO - Setting next_dagrun for example_branch_datetime_operator to 2024-12-16 00:00:00+00:00, run_after=2024-12-17 00:00:00+00:00
[2024-12-17T21:01:22.945+0000] {logging_mixin.py:190} INFO - [2024-12-17T21:01:22.945+0000] {dag.py:4180} INFO - Setting next_dagrun for example_branch_datetime_operator_2 to 2024-12-16 00:00:00+00:00, run_after=2024-12-17 00:00:00+00:00
[2024-12-17T21:01:22.949+0000] {logging_mixin.py:190} INFO - [2024-12-17T21:01:22.948+0000] {dag.py:4180} INFO - Setting next_dagrun for example_branch_datetime_operator_3 to 2024-12-16 00:00:00+00:00, run_after=2024-12-17 00:00:00+00:00
[2024-12-17T21:01:22.973+0000] {processor.py:208} INFO - Processing /home/airflow/.local/lib/python3.12/site-packages/airflow/example_dags/example_branch_datetime_operator.py took 0.430 seconds
[2024-12-17T21:01:53.821+0000] {processor.py:186} INFO - Started process (PID=175) to work on /home/airflow/.local/lib/python3.12/site-packages/airflow/example_dags/example_branch_datetime_operator.py
[2024-12-17T21:01:53.823+0000] {processor.py:914} INFO - Processing file /home/airflow/.local/lib/python3.12/site-packages/airflow/example_dags/example_branch_datetime_operator.py for tasks to queue
[2024-12-17T21:01:53.826+0000] {logging_mixin.py:190} INFO - [2024-12-17T21:01:53.826+0000] {dagbag.py:588} INFO - Filling up the DagBag from /home/airflow/.local/lib/python3.12/site-packages/airflow/example_dags/example_branch_datetime_operator.py
[2024-12-17T21:01:53.848+0000] {processor.py:925} INFO - DAG(s) 'example_branch_datetime_operator_2', 'example_branch_datetime_operator_3', 'example_branch_datetime_operator' retrieved from /home/airflow/.local/lib/python3.12/site-packages/airflow/example_dags/example_branch_datetime_operator.py
[2024-12-17T21:01:53.876+0000] {logging_mixin.py:190} INFO - [2024-12-17T21:01:53.876+0000] {dag.py:3239} INFO - Sync 3 DAGs
[2024-12-17T21:01:53.901+0000] {logging_mixin.py:190} INFO - [2024-12-17T21:01:53.900+0000] {dag.py:4180} INFO - Setting next_dagrun for example_branch_datetime_operator to 2024-12-16 00:00:00+00:00, run_after=2024-12-17 00:00:00+00:00
[2024-12-17T21:01:53.906+0000] {logging_mixin.py:190} INFO - [2024-12-17T21:01:53.906+0000] {dag.py:4180} INFO - Setting next_dagrun for example_branch_datetime_operator_2 to 2024-12-16 00:00:00+00:00, run_after=2024-12-17 00:00:00+00:00
[2024-12-17T21:01:53.908+0000] {logging_mixin.py:190} INFO - [2024-12-17T21:01:53.908+0000] {dag.py:4180} INFO - Setting next_dagrun for example_branch_datetime_operator_3 to 2024-12-16 00:00:00+00:00, run_after=2024-12-17 00:00:00+00:00
[2024-12-17T21:01:53.923+0000] {processor.py:208} INFO - Processing /home/airflow/.local/lib/python3.12/site-packages/airflow/example_dags/example_branch_datetime_operator.py took 0.110 seconds
[2024-12-17T21:02:24.219+0000] {processor.py:186} INFO - Started process (PID=239) to work on /home/airflow/.local/lib/python3.12/site-packages/airflow/example_dags/example_branch_datetime_operator.py
[2024-12-17T21:02:24.221+0000] {processor.py:914} INFO - Processing file /home/airflow/.local/lib/python3.12/site-packages/airflow/example_dags/example_branch_datetime_operator.py for tasks to queue
[2024-12-17T21:02:24.223+0000] {logging_mixin.py:190} INFO - [2024-12-17T21:02:24.223+0000] {dagbag.py:588} INFO - Filling up the DagBag from /home/airflow/.local/lib/python3.12/site-packages/airflow/example_dags/example_branch_datetime_operator.py
[2024-12-17T21:02:24.234+0000] {processor.py:925} INFO - DAG(s) 'example_branch_datetime_operator', 'example_branch_datetime_operator_2', 'example_branch_datetime_operator_3' retrieved from /home/airflow/.local/lib/python3.12/site-packages/airflow/example_dags/example_branch_datetime_operator.py
[2024-12-17T21:02:24.257+0000] {logging_mixin.py:190} INFO - [2024-12-17T21:02:24.257+0000] {dag.py:3239} INFO - Sync 3 DAGs
[2024-12-17T21:02:24.280+0000] {logging_mixin.py:190} INFO - [2024-12-17T21:02:24.280+0000] {dag.py:4180} INFO - Setting next_dagrun for example_branch_datetime_operator to 2024-12-16 00:00:00+00:00, run_after=2024-12-17 00:00:00+00:00
[2024-12-17T21:02:24.286+0000] {logging_mixin.py:190} INFO - [2024-12-17T21:02:24.286+0000] {dag.py:4180} INFO - Setting next_dagrun for example_branch_datetime_operator_2 to 2024-12-16 00:00:00+00:00, run_after=2024-12-17 00:00:00+00:00
[2024-12-17T21:02:24.289+0000] {logging_mixin.py:190} INFO - [2024-12-17T21:02:24.289+0000] {dag.py:4180} INFO - Setting next_dagrun for example_branch_datetime_operator_3 to 2024-12-16 00:00:00+00:00, run_after=2024-12-17 00:00:00+00:00
[2024-12-17T21:02:24.309+0000] {processor.py:208} INFO - Processing /home/airflow/.local/lib/python3.12/site-packages/airflow/example_dags/example_branch_datetime_operator.py took 0.095 seconds
[2024-12-17T21:02:54.604+0000] {processor.py:186} INFO - Started process (PID=303) to work on /home/airflow/.local/lib/python3.12/site-packages/airflow/example_dags/example_branch_datetime_operator.py
[2024-12-17T21:02:54.605+0000] {processor.py:914} INFO - Processing file /home/airflow/.local/lib/python3.12/site-packages/airflow/example_dags/example_branch_datetime_operator.py for tasks to queue
[2024-12-17T21:02:54.608+0000] {logging_mixin.py:190} INFO - [2024-12-17T21:02:54.607+0000] {dagbag.py:588} INFO - Filling up the DagBag from /home/airflow/.local/lib/python3.12/site-packages/airflow/example_dags/example_branch_datetime_operator.py
[2024-12-17T21:02:54.618+0000] {processor.py:925} INFO - DAG(s) 'example_branch_datetime_operator_3', 'example_branch_datetime_operator', 'example_branch_datetime_operator_2' retrieved from /home/airflow/.local/lib/python3.12/site-packages/airflow/example_dags/example_branch_datetime_operator.py
[2024-12-17T21:02:54.642+0000] {logging_mixin.py:190} INFO - [2024-12-17T21:02:54.642+0000] {dag.py:3239} INFO - Sync 3 DAGs
[2024-12-17T21:02:54.667+0000] {logging_mixin.py:190} INFO - [2024-12-17T21:02:54.667+0000] {dag.py:4180} INFO - Setting next_dagrun for example_branch_datetime_operator to 2024-12-16 00:00:00+00:00, run_after=2024-12-17 00:00:00+00:00
[2024-12-17T21:02:54.672+0000] {logging_mixin.py:190} INFO - [2024-12-17T21:02:54.672+0000] {dag.py:4180} INFO - Setting next_dagrun for example_branch_datetime_operator_2 to 2024-12-16 00:00:00+00:00, run_after=2024-12-17 00:00:00+00:00
[2024-12-17T21:02:54.675+0000] {logging_mixin.py:190} INFO - [2024-12-17T21:02:54.675+0000] {dag.py:4180} INFO - Setting next_dagrun for example_branch_datetime_operator_3 to 2024-12-16 00:00:00+00:00, run_after=2024-12-17 00:00:00+00:00
[2024-12-17T21:02:54.691+0000] {processor.py:208} INFO - Processing /home/airflow/.local/lib/python3.12/site-packages/airflow/example_dags/example_branch_datetime_operator.py took 0.093 seconds
[2024-12-17T21:03:25.701+0000] {processor.py:186} INFO - Started process (PID=367) to work on /home/airflow/.local/lib/python3.12/site-packages/airflow/example_dags/example_branch_datetime_operator.py
[2024-12-17T21:03:25.702+0000] {processor.py:914} INFO - Processing file /home/airflow/.local/lib/python3.12/site-packages/airflow/example_dags/example_branch_datetime_operator.py for tasks to queue
[2024-12-17T21:03:25.705+0000] {logging_mixin.py:190} INFO - [2024-12-17T21:03:25.705+0000] {dagbag.py:588} INFO - Filling up the DagBag from /home/airflow/.local/lib/python3.12/site-packages/airflow/example_dags/example_branch_datetime_operator.py
[2024-12-17T21:03:25.716+0000] {processor.py:925} INFO - DAG(s) 'example_branch_datetime_operator_2', 'example_branch_datetime_operator', 'example_branch_datetime_operator_3' retrieved from /home/airflow/.local/lib/python3.12/site-packages/airflow/example_dags/example_branch_datetime_operator.py
[2024-12-17T21:03:25.743+0000] {logging_mixin.py:190} INFO - [2024-12-17T21:03:25.742+0000] {dag.py:3239} INFO - Sync 3 DAGs
[2024-12-17T21:03:25.767+0000] {logging_mixin.py:190} INFO - [2024-12-17T21:03:25.767+0000] {dag.py:4180} INFO - Setting next_dagrun for example_branch_datetime_operator to 2024-12-16 00:00:00+00:00, run_after=2024-12-17 00:00:00+00:00
[2024-12-17T21:03:25.772+0000] {logging_mixin.py:190} INFO - [2024-12-17T21:03:25.772+0000] {dag.py:4180} INFO - Setting next_dagrun for example_branch_datetime_operator_2 to 2024-12-16 00:00:00+00:00, run_after=2024-12-17 00:00:00+00:00
[2024-12-17T21:03:25.774+0000] {logging_mixin.py:190} INFO - [2024-12-17T21:03:25.774+0000] {dag.py:4180} INFO - Setting next_dagrun for example_branch_datetime_operator_3 to 2024-12-16 00:00:00+00:00, run_after=2024-12-17 00:00:00+00:00
[2024-12-17T21:03:25.790+0000] {processor.py:208} INFO - Processing /home/airflow/.local/lib/python3.12/site-packages/airflow/example_dags/example_branch_datetime_operator.py took 0.094 seconds
[2024-12-17T21:03:57.110+0000] {processor.py:186} INFO - Started process (PID=431) to work on /home/airflow/.local/lib/python3.12/site-packages/airflow/example_dags/example_branch_datetime_operator.py
[2024-12-17T21:03:57.111+0000] {processor.py:914} INFO - Processing file /home/airflow/.local/lib/python3.12/site-packages/airflow/example_dags/example_branch_datetime_operator.py for tasks to queue
[2024-12-17T21:03:57.114+0000] {logging_mixin.py:190} INFO - [2024-12-17T21:03:57.113+0000] {dagbag.py:588} INFO - Filling up the DagBag from /home/airflow/.local/lib/python3.12/site-packages/airflow/example_dags/example_branch_datetime_operator.py
[2024-12-17T21:03:57.125+0000] {processor.py:925} INFO - DAG(s) 'example_branch_datetime_operator_3', 'example_branch_datetime_operator', 'example_branch_datetime_operator_2' retrieved from /home/airflow/.local/lib/python3.12/site-packages/airflow/example_dags/example_branch_datetime_operator.py
[2024-12-17T21:03:57.149+0000] {logging_mixin.py:190} INFO - [2024-12-17T21:03:57.149+0000] {dag.py:3239} INFO - Sync 3 DAGs
[2024-12-17T21:03:57.173+0000] {logging_mixin.py:190} INFO - [2024-12-17T21:03:57.173+0000] {dag.py:4180} INFO - Setting next_dagrun for example_branch_datetime_operator to 2024-12-16 00:00:00+00:00, run_after=2024-12-17 00:00:00+00:00
[2024-12-17T21:03:57.178+0000] {logging_mixin.py:190} INFO - [2024-12-17T21:03:57.178+0000] {dag.py:4180} INFO - Setting next_dagrun for example_branch_datetime_operator_2 to 2024-12-16 00:00:00+00:00, run_after=2024-12-17 00:00:00+00:00
[2024-12-17T21:03:57.181+0000] {logging_mixin.py:190} INFO - [2024-12-17T21:03:57.181+0000] {dag.py:4180} INFO - Setting next_dagrun for example_branch_datetime_operator_3 to 2024-12-16 00:00:00+00:00, run_after=2024-12-17 00:00:00+00:00
[2024-12-17T21:03:57.197+0000] {processor.py:208} INFO - Processing /home/airflow/.local/lib/python3.12/site-packages/airflow/example_dags/example_branch_datetime_operator.py took 0.092 seconds
[2024-12-17T21:04:28.791+0000] {processor.py:186} INFO - Started process (PID=495) to work on /home/airflow/.local/lib/python3.12/site-packages/airflow/example_dags/example_branch_datetime_operator.py
[2024-12-17T21:04:28.793+0000] {processor.py:914} INFO - Processing file /home/airflow/.local/lib/python3.12/site-packages/airflow/example_dags/example_branch_datetime_operator.py for tasks to queue
[2024-12-17T21:04:28.794+0000] {logging_mixin.py:190} INFO - [2024-12-17T21:04:28.794+0000] {dagbag.py:588} INFO - Filling up the DagBag from /home/airflow/.local/lib/python3.12/site-packages/airflow/example_dags/example_branch_datetime_operator.py
[2024-12-17T21:04:28.805+0000] {processor.py:925} INFO - DAG(s) 'example_branch_datetime_operator', 'example_branch_datetime_operator_2', 'example_branch_datetime_operator_3' retrieved from /home/airflow/.local/lib/python3.12/site-packages/airflow/example_dags/example_branch_datetime_operator.py
[2024-12-17T21:04:28.832+0000] {logging_mixin.py:190} INFO - [2024-12-17T21:04:28.831+0000] {dag.py:3239} INFO - Sync 3 DAGs
[2024-12-17T21:04:28.855+0000] {logging_mixin.py:190} INFO - [2024-12-17T21:04:28.855+0000] {dag.py:4180} INFO - Setting next_dagrun for example_branch_datetime_operator to 2024-12-16 00:00:00+00:00, run_after=2024-12-17 00:00:00+00:00
[2024-12-17T21:04:28.861+0000] {logging_mixin.py:190} INFO - [2024-12-17T21:04:28.861+0000] {dag.py:4180} INFO - Setting next_dagrun for example_branch_datetime_operator_2 to 2024-12-16 00:00:00+00:00, run_after=2024-12-17 00:00:00+00:00
[2024-12-17T21:04:28.864+0000] {logging_mixin.py:190} INFO - [2024-12-17T21:04:28.863+0000] {dag.py:4180} INFO - Setting next_dagrun for example_branch_datetime_operator_3 to 2024-12-16 00:00:00+00:00, run_after=2024-12-17 00:00:00+00:00
[2024-12-17T21:04:28.880+0000] {processor.py:208} INFO - Processing /home/airflow/.local/lib/python3.12/site-packages/airflow/example_dags/example_branch_datetime_operator.py took 0.094 seconds
[2024-12-17T21:04:59.832+0000] {processor.py:186} INFO - Started process (PID=559) to work on /home/airflow/.local/lib/python3.12/site-packages/airflow/example_dags/example_branch_datetime_operator.py
[2024-12-17T21:04:59.833+0000] {processor.py:914} INFO - Processing file /home/airflow/.local/lib/python3.12/site-packages/airflow/example_dags/example_branch_datetime_operator.py for tasks to queue
[2024-12-17T21:04:59.834+0000] {logging_mixin.py:190} INFO - [2024-12-17T21:04:59.834+0000] {dagbag.py:588} INFO - Filling up the DagBag from /home/airflow/.local/lib/python3.12/site-packages/airflow/example_dags/example_branch_datetime_operator.py
[2024-12-17T21:04:59.845+0000] {processor.py:925} INFO - DAG(s) 'example_branch_datetime_operator_3', 'example_branch_datetime_operator', 'example_branch_datetime_operator_2' retrieved from /home/airflow/.local/lib/python3.12/site-packages/airflow/example_dags/example_branch_datetime_operator.py
[2024-12-17T21:04:59.873+0000] {logging_mixin.py:190} INFO - [2024-12-17T21:04:59.873+0000] {dag.py:3239} INFO - Sync 3 DAGs
[2024-12-17T21:04:59.898+0000] {logging_mixin.py:190} INFO - [2024-12-17T21:04:59.898+0000] {dag.py:4180} INFO - Setting next_dagrun for example_branch_datetime_operator to 2024-12-16 00:00:00+00:00, run_after=2024-12-17 00:00:00+00:00
[2024-12-17T21:04:59.904+0000] {logging_mixin.py:190} INFO - [2024-12-17T21:04:59.903+0000] {dag.py:4180} INFO - Setting next_dagrun for example_branch_datetime_operator_2 to 2024-12-16 00:00:00+00:00, run_after=2024-12-17 00:00:00+00:00
[2024-12-17T21:04:59.906+0000] {logging_mixin.py:190} INFO - [2024-12-17T21:04:59.906+0000] {dag.py:4180} INFO - Setting next_dagrun for example_branch_datetime_operator_3 to 2024-12-16 00:00:00+00:00, run_after=2024-12-17 00:00:00+00:00
[2024-12-17T21:04:59.922+0000] {processor.py:208} INFO - Processing /home/airflow/.local/lib/python3.12/site-packages/airflow/example_dags/example_branch_datetime_operator.py took 0.096 seconds
[2024-12-17T21:05:30.792+0000] {processor.py:186} INFO - Started process (PID=623) to work on /home/airflow/.local/lib/python3.12/site-packages/airflow/example_dags/example_branch_datetime_operator.py
[2024-12-17T21:05:30.793+0000] {processor.py:914} INFO - Processing file /home/airflow/.local/lib/python3.12/site-packages/airflow/example_dags/example_branch_datetime_operator.py for tasks to queue
[2024-12-17T21:05:30.794+0000] {logging_mixin.py:190} INFO - [2024-12-17T21:05:30.794+0000] {dagbag.py:588} INFO - Filling up the DagBag from /home/airflow/.local/lib/python3.12/site-packages/airflow/example_dags/example_branch_datetime_operator.py
[2024-12-17T21:05:30.808+0000] {processor.py:925} INFO - DAG(s) 'example_branch_datetime_operator_2', 'example_branch_datetime_operator', 'example_branch_datetime_operator_3' retrieved from /home/airflow/.local/lib/python3.12/site-packages/airflow/example_dags/example_branch_datetime_operator.py
[2024-12-17T21:05:30.835+0000] {logging_mixin.py:190} INFO - [2024-12-17T21:05:30.835+0000] {dag.py:3239} INFO - Sync 3 DAGs
[2024-12-17T21:05:30.861+0000] {logging_mixin.py:190} INFO - [2024-12-17T21:05:30.861+0000] {dag.py:4180} INFO - Setting next_dagrun for example_branch_datetime_operator to 2024-12-16 00:00:00+00:00, run_after=2024-12-17 00:00:00+00:00
[2024-12-17T21:05:30.867+0000] {logging_mixin.py:190} INFO - [2024-12-17T21:05:30.867+0000] {dag.py:4180} INFO - Setting next_dagrun for example_branch_datetime_operator_2 to 2024-12-16 00:00:00+00:00, run_after=2024-12-17 00:00:00+00:00
[2024-12-17T21:05:30.870+0000] {logging_mixin.py:190} INFO - [2024-12-17T21:05:30.870+0000] {dag.py:4180} INFO - Setting next_dagrun for example_branch_datetime_operator_3 to 2024-12-16 00:00:00+00:00, run_after=2024-12-17 00:00:00+00:00
[2024-12-17T21:05:30.886+0000] {processor.py:208} INFO - Processing /home/airflow/.local/lib/python3.12/site-packages/airflow/example_dags/example_branch_datetime_operator.py took 0.100 seconds
[2024-12-17T21:06:02.252+0000] {processor.py:186} INFO - Started process (PID=687) to work on /home/airflow/.local/lib/python3.12/site-packages/airflow/example_dags/example_branch_datetime_operator.py
[2024-12-17T21:06:02.253+0000] {processor.py:914} INFO - Processing file /home/airflow/.local/lib/python3.12/site-packages/airflow/example_dags/example_branch_datetime_operator.py for tasks to queue
[2024-12-17T21:06:02.254+0000] {logging_mixin.py:190} INFO - [2024-12-17T21:06:02.254+0000] {dagbag.py:588} INFO - Filling up the DagBag from /home/airflow/.local/lib/python3.12/site-packages/airflow/example_dags/example_branch_datetime_operator.py
[2024-12-17T21:06:02.268+0000] {processor.py:925} INFO - DAG(s) 'example_branch_datetime_operator_3', 'example_branch_datetime_operator', 'example_branch_datetime_operator_2' retrieved from /home/airflow/.local/lib/python3.12/site-packages/airflow/example_dags/example_branch_datetime_operator.py
[2024-12-17T21:06:02.295+0000] {logging_mixin.py:190} INFO - [2024-12-17T21:06:02.294+0000] {dag.py:3239} INFO - Sync 3 DAGs
[2024-12-17T21:06:02.322+0000] {logging_mixin.py:190} INFO - [2024-12-17T21:06:02.322+0000] {dag.py:4180} INFO - Setting next_dagrun for example_branch_datetime_operator to 2024-12-16 00:00:00+00:00, run_after=2024-12-17 00:00:00+00:00
[2024-12-17T21:06:02.328+0000] {logging_mixin.py:190} INFO - [2024-12-17T21:06:02.328+0000] {dag.py:4180} INFO - Setting next_dagrun for example_branch_datetime_operator_2 to 2024-12-16 00:00:00+00:00, run_after=2024-12-17 00:00:00+00:00
[2024-12-17T21:06:02.331+0000] {logging_mixin.py:190} INFO - [2024-12-17T21:06:02.331+0000] {dag.py:4180} INFO - Setting next_dagrun for example_branch_datetime_operator_3 to 2024-12-16 00:00:00+00:00, run_after=2024-12-17 00:00:00+00:00
[2024-12-17T21:06:02.357+0000] {processor.py:208} INFO - Processing /home/airflow/.local/lib/python3.12/site-packages/airflow/example_dags/example_branch_datetime_operator.py took 0.110 seconds
[2024-12-17T21:06:33.013+0000] {processor.py:186} INFO - Started process (PID=751) to work on /home/airflow/.local/lib/python3.12/site-packages/airflow/example_dags/example_branch_datetime_operator.py
[2024-12-17T21:06:33.015+0000] {processor.py:914} INFO - Processing file /home/airflow/.local/lib/python3.12/site-packages/airflow/example_dags/example_branch_datetime_operator.py for tasks to queue
[2024-12-17T21:06:33.016+0000] {logging_mixin.py:190} INFO - [2024-12-17T21:06:33.016+0000] {dagbag.py:588} INFO - Filling up the DagBag from /home/airflow/.local/lib/python3.12/site-packages/airflow/example_dags/example_branch_datetime_operator.py
[2024-12-17T21:06:33.034+0000] {processor.py:925} INFO - DAG(s) 'example_branch_datetime_operator_3', 'example_branch_datetime_operator', 'example_branch_datetime_operator_2' retrieved from /home/airflow/.local/lib/python3.12/site-packages/airflow/example_dags/example_branch_datetime_operator.py
[2024-12-17T21:06:33.069+0000] {logging_mixin.py:190} INFO - [2024-12-17T21:06:33.068+0000] {dag.py:3239} INFO - Sync 3 DAGs
[2024-12-17T21:06:33.098+0000] {logging_mixin.py:190} INFO - [2024-12-17T21:06:33.098+0000] {dag.py:4180} INFO - Setting next_dagrun for example_branch_datetime_operator to 2024-12-16 00:00:00+00:00, run_after=2024-12-17 00:00:00+00:00
[2024-12-17T21:06:33.104+0000] {logging_mixin.py:190} INFO - [2024-12-17T21:06:33.104+0000] {dag.py:4180} INFO - Setting next_dagrun for example_branch_datetime_operator_2 to 2024-12-16 00:00:00+00:00, run_after=2024-12-17 00:00:00+00:00
[2024-12-17T21:06:33.107+0000] {logging_mixin.py:190} INFO - [2024-12-17T21:06:33.107+0000] {dag.py:4180} INFO - Setting next_dagrun for example_branch_datetime_operator_3 to 2024-12-16 00:00:00+00:00, run_after=2024-12-17 00:00:00+00:00
[2024-12-17T21:06:33.131+0000] {processor.py:208} INFO - Processing /home/airflow/.local/lib/python3.12/site-packages/airflow/example_dags/example_branch_datetime_operator.py took 0.126 seconds
[2024-12-17T21:07:04.606+0000] {processor.py:186} INFO - Started process (PID=815) to work on /home/airflow/.local/lib/python3.12/site-packages/airflow/example_dags/example_branch_datetime_operator.py
[2024-12-17T21:07:04.607+0000] {processor.py:914} INFO - Processing file /home/airflow/.local/lib/python3.12/site-packages/airflow/example_dags/example_branch_datetime_operator.py for tasks to queue
[2024-12-17T21:07:04.608+0000] {logging_mixin.py:190} INFO - [2024-12-17T21:07:04.608+0000] {dagbag.py:588} INFO - Filling up the DagBag from /home/airflow/.local/lib/python3.12/site-packages/airflow/example_dags/example_branch_datetime_operator.py
[2024-12-17T21:07:04.622+0000] {processor.py:925} INFO - DAG(s) 'example_branch_datetime_operator_3', 'example_branch_datetime_operator_2', 'example_branch_datetime_operator' retrieved from /home/airflow/.local/lib/python3.12/site-packages/airflow/example_dags/example_branch_datetime_operator.py
[2024-12-17T21:07:04.648+0000] {logging_mixin.py:190} INFO - [2024-12-17T21:07:04.647+0000] {dag.py:3239} INFO - Sync 3 DAGs
[2024-12-17T21:07:04.673+0000] {logging_mixin.py:190} INFO - [2024-12-17T21:07:04.673+0000] {dag.py:4180} INFO - Setting next_dagrun for example_branch_datetime_operator to 2024-12-16 00:00:00+00:00, run_after=2024-12-17 00:00:00+00:00
[2024-12-17T21:07:04.678+0000] {logging_mixin.py:190} INFO - [2024-12-17T21:07:04.678+0000] {dag.py:4180} INFO - Setting next_dagrun for example_branch_datetime_operator_2 to 2024-12-16 00:00:00+00:00, run_after=2024-12-17 00:00:00+00:00
[2024-12-17T21:07:04.681+0000] {logging_mixin.py:190} INFO - [2024-12-17T21:07:04.681+0000] {dag.py:4180} INFO - Setting next_dagrun for example_branch_datetime_operator_3 to 2024-12-16 00:00:00+00:00, run_after=2024-12-17 00:00:00+00:00
[2024-12-17T21:07:04.704+0000] {processor.py:208} INFO - Processing /home/airflow/.local/lib/python3.12/site-packages/airflow/example_dags/example_branch_datetime_operator.py took 0.103 seconds
[2024-12-17T21:07:36.167+0000] {processor.py:186} INFO - Started process (PID=879) to work on /home/airflow/.local/lib/python3.12/site-packages/airflow/example_dags/example_branch_datetime_operator.py
[2024-12-17T21:07:36.168+0000] {processor.py:914} INFO - Processing file /home/airflow/.local/lib/python3.12/site-packages/airflow/example_dags/example_branch_datetime_operator.py for tasks to queue
[2024-12-17T21:07:36.173+0000] {logging_mixin.py:190} INFO - [2024-12-17T21:07:36.172+0000] {dagbag.py:588} INFO - Filling up the DagBag from /home/airflow/.local/lib/python3.12/site-packages/airflow/example_dags/example_branch_datetime_operator.py
[2024-12-17T21:07:36.192+0000] {processor.py:925} INFO - DAG(s) 'example_branch_datetime_operator', 'example_branch_datetime_operator_3', 'example_branch_datetime_operator_2' retrieved from /home/airflow/.local/lib/python3.12/site-packages/airflow/example_dags/example_branch_datetime_operator.py
[2024-12-17T21:07:36.233+0000] {logging_mixin.py:190} INFO - [2024-12-17T21:07:36.232+0000] {dag.py:3239} INFO - Sync 3 DAGs
[2024-12-17T21:07:36.270+0000] {logging_mixin.py:190} INFO - [2024-12-17T21:07:36.270+0000] {dag.py:4180} INFO - Setting next_dagrun for example_branch_datetime_operator to 2024-12-16 00:00:00+00:00, run_after=2024-12-17 00:00:00+00:00
[2024-12-17T21:07:36.276+0000] {logging_mixin.py:190} INFO - [2024-12-17T21:07:36.276+0000] {dag.py:4180} INFO - Setting next_dagrun for example_branch_datetime_operator_2 to 2024-12-16 00:00:00+00:00, run_after=2024-12-17 00:00:00+00:00
[2024-12-17T21:07:36.279+0000] {logging_mixin.py:190} INFO - [2024-12-17T21:07:36.279+0000] {dag.py:4180} INFO - Setting next_dagrun for example_branch_datetime_operator_3 to 2024-12-16 00:00:00+00:00, run_after=2024-12-17 00:00:00+00:00
[2024-12-17T21:07:36.305+0000] {processor.py:208} INFO - Processing /home/airflow/.local/lib/python3.12/site-packages/airflow/example_dags/example_branch_datetime_operator.py took 0.147 seconds
[2024-12-17T21:08:07.372+0000] {processor.py:186} INFO - Started process (PID=943) to work on /home/airflow/.local/lib/python3.12/site-packages/airflow/example_dags/example_branch_datetime_operator.py
[2024-12-17T21:08:07.373+0000] {processor.py:914} INFO - Processing file /home/airflow/.local/lib/python3.12/site-packages/airflow/example_dags/example_branch_datetime_operator.py for tasks to queue
[2024-12-17T21:08:07.375+0000] {logging_mixin.py:190} INFO - [2024-12-17T21:08:07.374+0000] {dagbag.py:588} INFO - Filling up the DagBag from /home/airflow/.local/lib/python3.12/site-packages/airflow/example_dags/example_branch_datetime_operator.py
[2024-12-17T21:08:07.386+0000] {processor.py:925} INFO - DAG(s) 'example_branch_datetime_operator_3', 'example_branch_datetime_operator_2', 'example_branch_datetime_operator' retrieved from /home/airflow/.local/lib/python3.12/site-packages/airflow/example_dags/example_branch_datetime_operator.py
[2024-12-17T21:08:07.411+0000] {logging_mixin.py:190} INFO - [2024-12-17T21:08:07.411+0000] {dag.py:3239} INFO - Sync 3 DAGs
[2024-12-17T21:08:07.435+0000] {logging_mixin.py:190} INFO - [2024-12-17T21:08:07.435+0000] {dag.py:4180} INFO - Setting next_dagrun for example_branch_datetime_operator to 2024-12-16 00:00:00+00:00, run_after=2024-12-17 00:00:00+00:00
[2024-12-17T21:08:07.440+0000] {logging_mixin.py:190} INFO - [2024-12-17T21:08:07.440+0000] {dag.py:4180} INFO - Setting next_dagrun for example_branch_datetime_operator_2 to 2024-12-16 00:00:00+00:00, run_after=2024-12-17 00:00:00+00:00
[2024-12-17T21:08:07.442+0000] {logging_mixin.py:190} INFO - [2024-12-17T21:08:07.442+0000] {dag.py:4180} INFO - Setting next_dagrun for example_branch_datetime_operator_3 to 2024-12-16 00:00:00+00:00, run_after=2024-12-17 00:00:00+00:00
[2024-12-17T21:08:07.462+0000] {processor.py:208} INFO - Processing /home/airflow/.local/lib/python3.12/site-packages/airflow/example_dags/example_branch_datetime_operator.py took 0.095 seconds
[2024-12-17T21:08:37.773+0000] {processor.py:186} INFO - Started process (PID=1008) to work on /home/airflow/.local/lib/python3.12/site-packages/airflow/example_dags/example_branch_datetime_operator.py
[2024-12-17T21:08:37.774+0000] {processor.py:914} INFO - Processing file /home/airflow/.local/lib/python3.12/site-packages/airflow/example_dags/example_branch_datetime_operator.py for tasks to queue
[2024-12-17T21:08:37.775+0000] {logging_mixin.py:190} INFO - [2024-12-17T21:08:37.775+0000] {dagbag.py:588} INFO - Filling up the DagBag from /home/airflow/.local/lib/python3.12/site-packages/airflow/example_dags/example_branch_datetime_operator.py
[2024-12-17T21:08:37.787+0000] {processor.py:925} INFO - DAG(s) 'example_branch_datetime_operator_2', 'example_branch_datetime_operator', 'example_branch_datetime_operator_3' retrieved from /home/airflow/.local/lib/python3.12/site-packages/airflow/example_dags/example_branch_datetime_operator.py
[2024-12-17T21:08:37.813+0000] {logging_mixin.py:190} INFO - [2024-12-17T21:08:37.812+0000] {dag.py:3239} INFO - Sync 3 DAGs
[2024-12-17T21:08:37.837+0000] {logging_mixin.py:190} INFO - [2024-12-17T21:08:37.837+0000] {dag.py:4180} INFO - Setting next_dagrun for example_branch_datetime_operator to 2024-12-16 00:00:00+00:00, run_after=2024-12-17 00:00:00+00:00
[2024-12-17T21:08:37.842+0000] {logging_mixin.py:190} INFO - [2024-12-17T21:08:37.842+0000] {dag.py:4180} INFO - Setting next_dagrun for example_branch_datetime_operator_2 to 2024-12-16 00:00:00+00:00, run_after=2024-12-17 00:00:00+00:00
[2024-12-17T21:08:37.845+0000] {logging_mixin.py:190} INFO - [2024-12-17T21:08:37.845+0000] {dag.py:4180} INFO - Setting next_dagrun for example_branch_datetime_operator_3 to 2024-12-16 00:00:00+00:00, run_after=2024-12-17 00:00:00+00:00
[2024-12-17T21:08:37.868+0000] {processor.py:208} INFO - Processing /home/airflow/.local/lib/python3.12/site-packages/airflow/example_dags/example_branch_datetime_operator.py took 0.101 seconds
[2024-12-17T21:09:09.500+0000] {processor.py:186} INFO - Started process (PID=1073) to work on /home/airflow/.local/lib/python3.12/site-packages/airflow/example_dags/example_branch_datetime_operator.py
[2024-12-17T21:09:09.501+0000] {processor.py:914} INFO - Processing file /home/airflow/.local/lib/python3.12/site-packages/airflow/example_dags/example_branch_datetime_operator.py for tasks to queue
[2024-12-17T21:09:09.502+0000] {logging_mixin.py:190} INFO - [2024-12-17T21:09:09.502+0000] {dagbag.py:588} INFO - Filling up the DagBag from /home/airflow/.local/lib/python3.12/site-packages/airflow/example_dags/example_branch_datetime_operator.py
[2024-12-17T21:09:09.517+0000] {processor.py:925} INFO - DAG(s) 'example_branch_datetime_operator_2', 'example_branch_datetime_operator_3', 'example_branch_datetime_operator' retrieved from /home/airflow/.local/lib/python3.12/site-packages/airflow/example_dags/example_branch_datetime_operator.py
[2024-12-17T21:09:09.543+0000] {logging_mixin.py:190} INFO - [2024-12-17T21:09:09.543+0000] {dag.py:3239} INFO - Sync 3 DAGs
[2024-12-17T21:09:09.568+0000] {logging_mixin.py:190} INFO - [2024-12-17T21:09:09.568+0000] {dag.py:4180} INFO - Setting next_dagrun for example_branch_datetime_operator to 2024-12-16 00:00:00+00:00, run_after=2024-12-17 00:00:00+00:00
[2024-12-17T21:09:09.573+0000] {logging_mixin.py:190} INFO - [2024-12-17T21:09:09.573+0000] {dag.py:4180} INFO - Setting next_dagrun for example_branch_datetime_operator_2 to 2024-12-16 00:00:00+00:00, run_after=2024-12-17 00:00:00+00:00
[2024-12-17T21:09:09.575+0000] {logging_mixin.py:190} INFO - [2024-12-17T21:09:09.575+0000] {dag.py:4180} INFO - Setting next_dagrun for example_branch_datetime_operator_3 to 2024-12-16 00:00:00+00:00, run_after=2024-12-17 00:00:00+00:00
[2024-12-17T21:09:09.591+0000] {processor.py:208} INFO - Processing /home/airflow/.local/lib/python3.12/site-packages/airflow/example_dags/example_branch_datetime_operator.py took 0.098 seconds
[2024-12-17T21:09:40.817+0000] {processor.py:186} INFO - Started process (PID=1137) to work on /home/airflow/.local/lib/python3.12/site-packages/airflow/example_dags/example_branch_datetime_operator.py
[2024-12-17T21:09:40.818+0000] {processor.py:914} INFO - Processing file /home/airflow/.local/lib/python3.12/site-packages/airflow/example_dags/example_branch_datetime_operator.py for tasks to queue
[2024-12-17T21:09:40.819+0000] {logging_mixin.py:190} INFO - [2024-12-17T21:09:40.819+0000] {dagbag.py:588} INFO - Filling up the DagBag from /home/airflow/.local/lib/python3.12/site-packages/airflow/example_dags/example_branch_datetime_operator.py
[2024-12-17T21:09:40.831+0000] {processor.py:925} INFO - DAG(s) 'example_branch_datetime_operator_2', 'example_branch_datetime_operator', 'example_branch_datetime_operator_3' retrieved from /home/airflow/.local/lib/python3.12/site-packages/airflow/example_dags/example_branch_datetime_operator.py
[2024-12-17T21:09:40.857+0000] {logging_mixin.py:190} INFO - [2024-12-17T21:09:40.857+0000] {dag.py:3239} INFO - Sync 3 DAGs
[2024-12-17T21:09:40.881+0000] {logging_mixin.py:190} INFO - [2024-12-17T21:09:40.881+0000] {dag.py:4180} INFO - Setting next_dagrun for example_branch_datetime_operator to 2024-12-16 00:00:00+00:00, run_after=2024-12-17 00:00:00+00:00
[2024-12-17T21:09:40.886+0000] {logging_mixin.py:190} INFO - [2024-12-17T21:09:40.886+0000] {dag.py:4180} INFO - Setting next_dagrun for example_branch_datetime_operator_2 to 2024-12-16 00:00:00+00:00, run_after=2024-12-17 00:00:00+00:00
[2024-12-17T21:09:40.888+0000] {logging_mixin.py:190} INFO - [2024-12-17T21:09:40.888+0000] {dag.py:4180} INFO - Setting next_dagrun for example_branch_datetime_operator_3 to 2024-12-16 00:00:00+00:00, run_after=2024-12-17 00:00:00+00:00
[2024-12-17T21:09:40.911+0000] {processor.py:208} INFO - Processing /home/airflow/.local/lib/python3.12/site-packages/airflow/example_dags/example_branch_datetime_operator.py took 0.099 seconds
[2024-12-17T21:10:12.375+0000] {processor.py:186} INFO - Started process (PID=1207) to work on /home/airflow/.local/lib/python3.12/site-packages/airflow/example_dags/example_branch_datetime_operator.py
[2024-12-17T21:10:12.376+0000] {processor.py:914} INFO - Processing file /home/airflow/.local/lib/python3.12/site-packages/airflow/example_dags/example_branch_datetime_operator.py for tasks to queue
[2024-12-17T21:10:12.378+0000] {logging_mixin.py:190} INFO - [2024-12-17T21:10:12.377+0000] {dagbag.py:588} INFO - Filling up the DagBag from /home/airflow/.local/lib/python3.12/site-packages/airflow/example_dags/example_branch_datetime_operator.py
[2024-12-17T21:10:12.390+0000] {processor.py:925} INFO - DAG(s) 'example_branch_datetime_operator_2', 'example_branch_datetime_operator_3', 'example_branch_datetime_operator' retrieved from /home/airflow/.local/lib/python3.12/site-packages/airflow/example_dags/example_branch_datetime_operator.py
[2024-12-17T21:10:12.417+0000] {logging_mixin.py:190} INFO - [2024-12-17T21:10:12.416+0000] {dag.py:3239} INFO - Sync 3 DAGs
[2024-12-17T21:10:12.443+0000] {logging_mixin.py:190} INFO - [2024-12-17T21:10:12.442+0000] {dag.py:4180} INFO - Setting next_dagrun for example_branch_datetime_operator to 2024-12-16 00:00:00+00:00, run_after=2024-12-17 00:00:00+00:00
[2024-12-17T21:10:12.447+0000] {logging_mixin.py:190} INFO - [2024-12-17T21:10:12.447+0000] {dag.py:4180} INFO - Setting next_dagrun for example_branch_datetime_operator_2 to 2024-12-16 00:00:00+00:00, run_after=2024-12-17 00:00:00+00:00
[2024-12-17T21:10:12.450+0000] {logging_mixin.py:190} INFO - [2024-12-17T21:10:12.450+0000] {dag.py:4180} INFO - Setting next_dagrun for example_branch_datetime_operator_3 to 2024-12-16 00:00:00+00:00, run_after=2024-12-17 00:00:00+00:00
[2024-12-17T21:10:12.474+0000] {processor.py:208} INFO - Processing /home/airflow/.local/lib/python3.12/site-packages/airflow/example_dags/example_branch_datetime_operator.py took 0.105 seconds
[2024-12-17T21:10:43.812+0000] {processor.py:186} INFO - Started process (PID=1271) to work on /home/airflow/.local/lib/python3.12/site-packages/airflow/example_dags/example_branch_datetime_operator.py
[2024-12-17T21:10:43.813+0000] {processor.py:914} INFO - Processing file /home/airflow/.local/lib/python3.12/site-packages/airflow/example_dags/example_branch_datetime_operator.py for tasks to queue
[2024-12-17T21:10:43.814+0000] {logging_mixin.py:190} INFO - [2024-12-17T21:10:43.814+0000] {dagbag.py:588} INFO - Filling up the DagBag from /home/airflow/.local/lib/python3.12/site-packages/airflow/example_dags/example_branch_datetime_operator.py
[2024-12-17T21:10:43.826+0000] {processor.py:925} INFO - DAG(s) 'example_branch_datetime_operator_3', 'example_branch_datetime_operator_2', 'example_branch_datetime_operator' retrieved from /home/airflow/.local/lib/python3.12/site-packages/airflow/example_dags/example_branch_datetime_operator.py
[2024-12-17T21:10:43.854+0000] {logging_mixin.py:190} INFO - [2024-12-17T21:10:43.853+0000] {dag.py:3239} INFO - Sync 3 DAGs
[2024-12-17T21:10:43.879+0000] {logging_mixin.py:190} INFO - [2024-12-17T21:10:43.879+0000] {dag.py:4180} INFO - Setting next_dagrun for example_branch_datetime_operator to 2024-12-16 00:00:00+00:00, run_after=2024-12-17 00:00:00+00:00
[2024-12-17T21:10:43.885+0000] {logging_mixin.py:190} INFO - [2024-12-17T21:10:43.885+0000] {dag.py:4180} INFO - Setting next_dagrun for example_branch_datetime_operator_2 to 2024-12-16 00:00:00+00:00, run_after=2024-12-17 00:00:00+00:00
[2024-12-17T21:10:43.888+0000] {logging_mixin.py:190} INFO - [2024-12-17T21:10:43.888+0000] {dag.py:4180} INFO - Setting next_dagrun for example_branch_datetime_operator_3 to 2024-12-16 00:00:00+00:00, run_after=2024-12-17 00:00:00+00:00
[2024-12-17T21:10:43.912+0000] {processor.py:208} INFO - Processing /home/airflow/.local/lib/python3.12/site-packages/airflow/example_dags/example_branch_datetime_operator.py took 0.106 seconds
[2024-12-17T21:11:15.085+0000] {processor.py:186} INFO - Started process (PID=1335) to work on /home/airflow/.local/lib/python3.12/site-packages/airflow/example_dags/example_branch_datetime_operator.py
[2024-12-17T21:11:15.086+0000] {processor.py:914} INFO - Processing file /home/airflow/.local/lib/python3.12/site-packages/airflow/example_dags/example_branch_datetime_operator.py for tasks to queue
[2024-12-17T21:11:15.087+0000] {logging_mixin.py:190} INFO - [2024-12-17T21:11:15.087+0000] {dagbag.py:588} INFO - Filling up the DagBag from /home/airflow/.local/lib/python3.12/site-packages/airflow/example_dags/example_branch_datetime_operator.py
[2024-12-17T21:11:15.098+0000] {processor.py:925} INFO - DAG(s) 'example_branch_datetime_operator_2', 'example_branch_datetime_operator_3', 'example_branch_datetime_operator' retrieved from /home/airflow/.local/lib/python3.12/site-packages/airflow/example_dags/example_branch_datetime_operator.py
[2024-12-17T21:11:15.123+0000] {logging_mixin.py:190} INFO - [2024-12-17T21:11:15.123+0000] {dag.py:3239} INFO - Sync 3 DAGs
[2024-12-17T21:11:15.148+0000] {logging_mixin.py:190} INFO - [2024-12-17T21:11:15.147+0000] {dag.py:4180} INFO - Setting next_dagrun for example_branch_datetime_operator to 2024-12-16 00:00:00+00:00, run_after=2024-12-17 00:00:00+00:00
[2024-12-17T21:11:15.152+0000] {logging_mixin.py:190} INFO - [2024-12-17T21:11:15.152+0000] {dag.py:4180} INFO - Setting next_dagrun for example_branch_datetime_operator_2 to 2024-12-16 00:00:00+00:00, run_after=2024-12-17 00:00:00+00:00
[2024-12-17T21:11:15.155+0000] {logging_mixin.py:190} INFO - [2024-12-17T21:11:15.155+0000] {dag.py:4180} INFO - Setting next_dagrun for example_branch_datetime_operator_3 to 2024-12-16 00:00:00+00:00, run_after=2024-12-17 00:00:00+00:00
[2024-12-17T21:11:15.181+0000] {processor.py:208} INFO - Processing /home/airflow/.local/lib/python3.12/site-packages/airflow/example_dags/example_branch_datetime_operator.py took 0.102 seconds
[2024-12-17T21:11:46.539+0000] {processor.py:186} INFO - Started process (PID=1399) to work on /home/airflow/.local/lib/python3.12/site-packages/airflow/example_dags/example_branch_datetime_operator.py
[2024-12-17T21:11:46.540+0000] {processor.py:914} INFO - Processing file /home/airflow/.local/lib/python3.12/site-packages/airflow/example_dags/example_branch_datetime_operator.py for tasks to queue
[2024-12-17T21:11:46.541+0000] {logging_mixin.py:190} INFO - [2024-12-17T21:11:46.541+0000] {dagbag.py:588} INFO - Filling up the DagBag from /home/airflow/.local/lib/python3.12/site-packages/airflow/example_dags/example_branch_datetime_operator.py
[2024-12-17T21:11:46.556+0000] {processor.py:925} INFO - DAG(s) 'example_branch_datetime_operator', 'example_branch_datetime_operator_2', 'example_branch_datetime_operator_3' retrieved from /home/airflow/.local/lib/python3.12/site-packages/airflow/example_dags/example_branch_datetime_operator.py
[2024-12-17T21:11:46.593+0000] {logging_mixin.py:190} INFO - [2024-12-17T21:11:46.593+0000] {dag.py:3239} INFO - Sync 3 DAGs
[2024-12-17T21:11:46.641+0000] {logging_mixin.py:190} INFO - [2024-12-17T21:11:46.640+0000] {dag.py:4180} INFO - Setting next_dagrun for example_branch_datetime_operator to 2024-12-16 00:00:00+00:00, run_after=2024-12-17 00:00:00+00:00
[2024-12-17T21:11:46.650+0000] {logging_mixin.py:190} INFO - [2024-12-17T21:11:46.649+0000] {dag.py:4180} INFO - Setting next_dagrun for example_branch_datetime_operator_2 to 2024-12-16 00:00:00+00:00, run_after=2024-12-17 00:00:00+00:00
[2024-12-17T21:11:46.654+0000] {logging_mixin.py:190} INFO - [2024-12-17T21:11:46.654+0000] {dag.py:4180} INFO - Setting next_dagrun for example_branch_datetime_operator_3 to 2024-12-16 00:00:00+00:00, run_after=2024-12-17 00:00:00+00:00
[2024-12-17T21:11:46.678+0000] {processor.py:208} INFO - Processing /home/airflow/.local/lib/python3.12/site-packages/airflow/example_dags/example_branch_datetime_operator.py took 0.145 seconds
[2024-12-17T21:12:17.650+0000] {processor.py:186} INFO - Started process (PID=1463) to work on /home/airflow/.local/lib/python3.12/site-packages/airflow/example_dags/example_branch_datetime_operator.py
[2024-12-17T21:12:17.651+0000] {processor.py:914} INFO - Processing file /home/airflow/.local/lib/python3.12/site-packages/airflow/example_dags/example_branch_datetime_operator.py for tasks to queue
[2024-12-17T21:12:17.653+0000] {logging_mixin.py:190} INFO - [2024-12-17T21:12:17.652+0000] {dagbag.py:588} INFO - Filling up the DagBag from /home/airflow/.local/lib/python3.12/site-packages/airflow/example_dags/example_branch_datetime_operator.py
[2024-12-17T21:12:17.665+0000] {processor.py:925} INFO - DAG(s) 'example_branch_datetime_operator_3', 'example_branch_datetime_operator', 'example_branch_datetime_operator_2' retrieved from /home/airflow/.local/lib/python3.12/site-packages/airflow/example_dags/example_branch_datetime_operator.py
[2024-12-17T21:12:17.690+0000] {logging_mixin.py:190} INFO - [2024-12-17T21:12:17.689+0000] {dag.py:3239} INFO - Sync 3 DAGs
[2024-12-17T21:12:17.714+0000] {logging_mixin.py:190} INFO - [2024-12-17T21:12:17.714+0000] {dag.py:4180} INFO - Setting next_dagrun for example_branch_datetime_operator to 2024-12-16 00:00:00+00:00, run_after=2024-12-17 00:00:00+00:00
[2024-12-17T21:12:17.719+0000] {logging_mixin.py:190} INFO - [2024-12-17T21:12:17.719+0000] {dag.py:4180} INFO - Setting next_dagrun for example_branch_datetime_operator_2 to 2024-12-16 00:00:00+00:00, run_after=2024-12-17 00:00:00+00:00
[2024-12-17T21:12:17.721+0000] {logging_mixin.py:190} INFO - [2024-12-17T21:12:17.721+0000] {dag.py:4180} INFO - Setting next_dagrun for example_branch_datetime_operator_3 to 2024-12-16 00:00:00+00:00, run_after=2024-12-17 00:00:00+00:00
[2024-12-17T21:12:17.737+0000] {processor.py:208} INFO - Processing /home/airflow/.local/lib/python3.12/site-packages/airflow/example_dags/example_branch_datetime_operator.py took 0.092 seconds
[2024-12-17T21:12:48.852+0000] {processor.py:186} INFO - Started process (PID=1528) to work on /home/airflow/.local/lib/python3.12/site-packages/airflow/example_dags/example_branch_datetime_operator.py
[2024-12-17T21:12:48.853+0000] {processor.py:914} INFO - Processing file /home/airflow/.local/lib/python3.12/site-packages/airflow/example_dags/example_branch_datetime_operator.py for tasks to queue
[2024-12-17T21:12:48.854+0000] {logging_mixin.py:190} INFO - [2024-12-17T21:12:48.854+0000] {dagbag.py:588} INFO - Filling up the DagBag from /home/airflow/.local/lib/python3.12/site-packages/airflow/example_dags/example_branch_datetime_operator.py
[2024-12-17T21:12:48.868+0000] {processor.py:925} INFO - DAG(s) 'example_branch_datetime_operator', 'example_branch_datetime_operator_2', 'example_branch_datetime_operator_3' retrieved from /home/airflow/.local/lib/python3.12/site-packages/airflow/example_dags/example_branch_datetime_operator.py
[2024-12-17T21:12:48.896+0000] {logging_mixin.py:190} INFO - [2024-12-17T21:12:48.896+0000] {dag.py:3239} INFO - Sync 3 DAGs
[2024-12-17T21:12:48.925+0000] {logging_mixin.py:190} INFO - [2024-12-17T21:12:48.925+0000] {dag.py:4180} INFO - Setting next_dagrun for example_branch_datetime_operator to 2024-12-16 00:00:00+00:00, run_after=2024-12-17 00:00:00+00:00
[2024-12-17T21:12:48.933+0000] {logging_mixin.py:190} INFO - [2024-12-17T21:12:48.933+0000] {dag.py:4180} INFO - Setting next_dagrun for example_branch_datetime_operator_2 to 2024-12-16 00:00:00+00:00, run_after=2024-12-17 00:00:00+00:00
[2024-12-17T21:12:48.937+0000] {logging_mixin.py:190} INFO - [2024-12-17T21:12:48.937+0000] {dag.py:4180} INFO - Setting next_dagrun for example_branch_datetime_operator_3 to 2024-12-16 00:00:00+00:00, run_after=2024-12-17 00:00:00+00:00
[2024-12-17T21:12:48.957+0000] {processor.py:208} INFO - Processing /home/airflow/.local/lib/python3.12/site-packages/airflow/example_dags/example_branch_datetime_operator.py took 0.113 seconds
[2024-12-17T21:13:19.994+0000] {processor.py:186} INFO - Started process (PID=1592) to work on /home/airflow/.local/lib/python3.12/site-packages/airflow/example_dags/example_branch_datetime_operator.py
[2024-12-17T21:13:19.995+0000] {processor.py:914} INFO - Processing file /home/airflow/.local/lib/python3.12/site-packages/airflow/example_dags/example_branch_datetime_operator.py for tasks to queue
[2024-12-17T21:13:19.996+0000] {logging_mixin.py:190} INFO - [2024-12-17T21:13:19.995+0000] {dagbag.py:588} INFO - Filling up the DagBag from /home/airflow/.local/lib/python3.12/site-packages/airflow/example_dags/example_branch_datetime_operator.py
[2024-12-17T21:13:20.007+0000] {processor.py:925} INFO - DAG(s) 'example_branch_datetime_operator_3', 'example_branch_datetime_operator', 'example_branch_datetime_operator_2' retrieved from /home/airflow/.local/lib/python3.12/site-packages/airflow/example_dags/example_branch_datetime_operator.py
[2024-12-17T21:13:20.033+0000] {logging_mixin.py:190} INFO - [2024-12-17T21:13:20.033+0000] {dag.py:3239} INFO - Sync 3 DAGs
[2024-12-17T21:13:20.060+0000] {logging_mixin.py:190} INFO - [2024-12-17T21:13:20.059+0000] {dag.py:4180} INFO - Setting next_dagrun for example_branch_datetime_operator to 2024-12-16 00:00:00+00:00, run_after=2024-12-17 00:00:00+00:00
[2024-12-17T21:13:20.065+0000] {logging_mixin.py:190} INFO - [2024-12-17T21:13:20.065+0000] {dag.py:4180} INFO - Setting next_dagrun for example_branch_datetime_operator_2 to 2024-12-16 00:00:00+00:00, run_after=2024-12-17 00:00:00+00:00
[2024-12-17T21:13:20.068+0000] {logging_mixin.py:190} INFO - [2024-12-17T21:13:20.068+0000] {dag.py:4180} INFO - Setting next_dagrun for example_branch_datetime_operator_3 to 2024-12-16 00:00:00+00:00, run_after=2024-12-17 00:00:00+00:00
[2024-12-17T21:13:20.089+0000] {processor.py:208} INFO - Processing /home/airflow/.local/lib/python3.12/site-packages/airflow/example_dags/example_branch_datetime_operator.py took 0.101 seconds
[2024-12-17T21:13:51.070+0000] {processor.py:186} INFO - Started process (PID=1656) to work on /home/airflow/.local/lib/python3.12/site-packages/airflow/example_dags/example_branch_datetime_operator.py
[2024-12-17T21:13:51.071+0000] {processor.py:914} INFO - Processing file /home/airflow/.local/lib/python3.12/site-packages/airflow/example_dags/example_branch_datetime_operator.py for tasks to queue
[2024-12-17T21:13:51.072+0000] {logging_mixin.py:190} INFO - [2024-12-17T21:13:51.072+0000] {dagbag.py:588} INFO - Filling up the DagBag from /home/airflow/.local/lib/python3.12/site-packages/airflow/example_dags/example_branch_datetime_operator.py
[2024-12-17T21:13:51.083+0000] {processor.py:925} INFO - DAG(s) 'example_branch_datetime_operator', 'example_branch_datetime_operator_3', 'example_branch_datetime_operator_2' retrieved from /home/airflow/.local/lib/python3.12/site-packages/airflow/example_dags/example_branch_datetime_operator.py
[2024-12-17T21:13:51.108+0000] {logging_mixin.py:190} INFO - [2024-12-17T21:13:51.107+0000] {dag.py:3239} INFO - Sync 3 DAGs
[2024-12-17T21:13:51.131+0000] {logging_mixin.py:190} INFO - [2024-12-17T21:13:51.131+0000] {dag.py:4180} INFO - Setting next_dagrun for example_branch_datetime_operator to 2024-12-16 00:00:00+00:00, run_after=2024-12-17 00:00:00+00:00
[2024-12-17T21:13:51.136+0000] {logging_mixin.py:190} INFO - [2024-12-17T21:13:51.136+0000] {dag.py:4180} INFO - Setting next_dagrun for example_branch_datetime_operator_2 to 2024-12-16 00:00:00+00:00, run_after=2024-12-17 00:00:00+00:00
[2024-12-17T21:13:51.139+0000] {logging_mixin.py:190} INFO - [2024-12-17T21:13:51.139+0000] {dag.py:4180} INFO - Setting next_dagrun for example_branch_datetime_operator_3 to 2024-12-16 00:00:00+00:00, run_after=2024-12-17 00:00:00+00:00
[2024-12-17T21:13:51.156+0000] {processor.py:208} INFO - Processing /home/airflow/.local/lib/python3.12/site-packages/airflow/example_dags/example_branch_datetime_operator.py took 0.091 seconds
[2024-12-17T21:14:22.117+0000] {processor.py:186} INFO - Started process (PID=1720) to work on /home/airflow/.local/lib/python3.12/site-packages/airflow/example_dags/example_branch_datetime_operator.py
[2024-12-17T21:14:22.118+0000] {processor.py:914} INFO - Processing file /home/airflow/.local/lib/python3.12/site-packages/airflow/example_dags/example_branch_datetime_operator.py for tasks to queue
[2024-12-17T21:14:22.119+0000] {logging_mixin.py:190} INFO - [2024-12-17T21:14:22.119+0000] {dagbag.py:588} INFO - Filling up the DagBag from /home/airflow/.local/lib/python3.12/site-packages/airflow/example_dags/example_branch_datetime_operator.py
[2024-12-17T21:14:22.130+0000] {processor.py:925} INFO - DAG(s) 'example_branch_datetime_operator_3', 'example_branch_datetime_operator', 'example_branch_datetime_operator_2' retrieved from /home/airflow/.local/lib/python3.12/site-packages/airflow/example_dags/example_branch_datetime_operator.py
[2024-12-17T21:14:22.155+0000] {logging_mixin.py:190} INFO - [2024-12-17T21:14:22.154+0000] {dag.py:3239} INFO - Sync 3 DAGs
[2024-12-17T21:14:22.179+0000] {logging_mixin.py:190} INFO - [2024-12-17T21:14:22.179+0000] {dag.py:4180} INFO - Setting next_dagrun for example_branch_datetime_operator to 2024-12-16 00:00:00+00:00, run_after=2024-12-17 00:00:00+00:00
[2024-12-17T21:14:22.185+0000] {logging_mixin.py:190} INFO - [2024-12-17T21:14:22.185+0000] {dag.py:4180} INFO - Setting next_dagrun for example_branch_datetime_operator_2 to 2024-12-16 00:00:00+00:00, run_after=2024-12-17 00:00:00+00:00
[2024-12-17T21:14:22.187+0000] {logging_mixin.py:190} INFO - [2024-12-17T21:14:22.187+0000] {dag.py:4180} INFO - Setting next_dagrun for example_branch_datetime_operator_3 to 2024-12-16 00:00:00+00:00, run_after=2024-12-17 00:00:00+00:00
[2024-12-17T21:14:22.210+0000] {processor.py:208} INFO - Processing /home/airflow/.local/lib/python3.12/site-packages/airflow/example_dags/example_branch_datetime_operator.py took 0.099 seconds
[2024-12-17T21:14:53.168+0000] {processor.py:186} INFO - Started process (PID=1784) to work on /home/airflow/.local/lib/python3.12/site-packages/airflow/example_dags/example_branch_datetime_operator.py
[2024-12-17T21:14:53.169+0000] {processor.py:914} INFO - Processing file /home/airflow/.local/lib/python3.12/site-packages/airflow/example_dags/example_branch_datetime_operator.py for tasks to queue
[2024-12-17T21:14:53.171+0000] {logging_mixin.py:190} INFO - [2024-12-17T21:14:53.170+0000] {dagbag.py:588} INFO - Filling up the DagBag from /home/airflow/.local/lib/python3.12/site-packages/airflow/example_dags/example_branch_datetime_operator.py
[2024-12-17T21:14:53.183+0000] {processor.py:925} INFO - DAG(s) 'example_branch_datetime_operator', 'example_branch_datetime_operator_2', 'example_branch_datetime_operator_3' retrieved from /home/airflow/.local/lib/python3.12/site-packages/airflow/example_dags/example_branch_datetime_operator.py
[2024-12-17T21:14:53.207+0000] {logging_mixin.py:190} INFO - [2024-12-17T21:14:53.206+0000] {dag.py:3239} INFO - Sync 3 DAGs
[2024-12-17T21:14:53.231+0000] {logging_mixin.py:190} INFO - [2024-12-17T21:14:53.231+0000] {dag.py:4180} INFO - Setting next_dagrun for example_branch_datetime_operator to 2024-12-16 00:00:00+00:00, run_after=2024-12-17 00:00:00+00:00
[2024-12-17T21:14:53.236+0000] {logging_mixin.py:190} INFO - [2024-12-17T21:14:53.236+0000] {dag.py:4180} INFO - Setting next_dagrun for example_branch_datetime_operator_2 to 2024-12-16 00:00:00+00:00, run_after=2024-12-17 00:00:00+00:00
[2024-12-17T21:14:53.238+0000] {logging_mixin.py:190} INFO - [2024-12-17T21:14:53.238+0000] {dag.py:4180} INFO - Setting next_dagrun for example_branch_datetime_operator_3 to 2024-12-16 00:00:00+00:00, run_after=2024-12-17 00:00:00+00:00
[2024-12-17T21:14:53.269+0000] {processor.py:208} INFO - Processing /home/airflow/.local/lib/python3.12/site-packages/airflow/example_dags/example_branch_datetime_operator.py took 0.106 seconds
[2024-12-17T21:15:24.274+0000] {processor.py:186} INFO - Started process (PID=1848) to work on /home/airflow/.local/lib/python3.12/site-packages/airflow/example_dags/example_branch_datetime_operator.py
[2024-12-17T21:15:24.275+0000] {processor.py:914} INFO - Processing file /home/airflow/.local/lib/python3.12/site-packages/airflow/example_dags/example_branch_datetime_operator.py for tasks to queue
[2024-12-17T21:15:24.277+0000] {logging_mixin.py:190} INFO - [2024-12-17T21:15:24.276+0000] {dagbag.py:588} INFO - Filling up the DagBag from /home/airflow/.local/lib/python3.12/site-packages/airflow/example_dags/example_branch_datetime_operator.py
[2024-12-17T21:15:24.288+0000] {processor.py:925} INFO - DAG(s) 'example_branch_datetime_operator_3', 'example_branch_datetime_operator_2', 'example_branch_datetime_operator' retrieved from /home/airflow/.local/lib/python3.12/site-packages/airflow/example_dags/example_branch_datetime_operator.py
[2024-12-17T21:15:24.312+0000] {logging_mixin.py:190} INFO - [2024-12-17T21:15:24.312+0000] {dag.py:3239} INFO - Sync 3 DAGs
[2024-12-17T21:15:24.335+0000] {logging_mixin.py:190} INFO - [2024-12-17T21:15:24.335+0000] {dag.py:4180} INFO - Setting next_dagrun for example_branch_datetime_operator to 2024-12-16 00:00:00+00:00, run_after=2024-12-17 00:00:00+00:00
[2024-12-17T21:15:24.340+0000] {logging_mixin.py:190} INFO - [2024-12-17T21:15:24.340+0000] {dag.py:4180} INFO - Setting next_dagrun for example_branch_datetime_operator_2 to 2024-12-16 00:00:00+00:00, run_after=2024-12-17 00:00:00+00:00
[2024-12-17T21:15:24.343+0000] {logging_mixin.py:190} INFO - [2024-12-17T21:15:24.343+0000] {dag.py:4180} INFO - Setting next_dagrun for example_branch_datetime_operator_3 to 2024-12-16 00:00:00+00:00, run_after=2024-12-17 00:00:00+00:00
[2024-12-17T21:15:24.366+0000] {processor.py:208} INFO - Processing /home/airflow/.local/lib/python3.12/site-packages/airflow/example_dags/example_branch_datetime_operator.py took 0.096 seconds
[2024-12-17T21:15:55.496+0000] {processor.py:186} INFO - Started process (PID=1912) to work on /home/airflow/.local/lib/python3.12/site-packages/airflow/example_dags/example_branch_datetime_operator.py
[2024-12-17T21:15:55.497+0000] {processor.py:914} INFO - Processing file /home/airflow/.local/lib/python3.12/site-packages/airflow/example_dags/example_branch_datetime_operator.py for tasks to queue
[2024-12-17T21:15:55.498+0000] {logging_mixin.py:190} INFO - [2024-12-17T21:15:55.498+0000] {dagbag.py:588} INFO - Filling up the DagBag from /home/airflow/.local/lib/python3.12/site-packages/airflow/example_dags/example_branch_datetime_operator.py
[2024-12-17T21:15:55.509+0000] {processor.py:925} INFO - DAG(s) 'example_branch_datetime_operator', 'example_branch_datetime_operator_3', 'example_branch_datetime_operator_2' retrieved from /home/airflow/.local/lib/python3.12/site-packages/airflow/example_dags/example_branch_datetime_operator.py
[2024-12-17T21:15:55.533+0000] {logging_mixin.py:190} INFO - [2024-12-17T21:15:55.533+0000] {dag.py:3239} INFO - Sync 3 DAGs
[2024-12-17T21:15:55.557+0000] {logging_mixin.py:190} INFO - [2024-12-17T21:15:55.556+0000] {dag.py:4180} INFO - Setting next_dagrun for example_branch_datetime_operator to 2024-12-16 00:00:00+00:00, run_after=2024-12-17 00:00:00+00:00
[2024-12-17T21:15:55.561+0000] {logging_mixin.py:190} INFO - [2024-12-17T21:15:55.561+0000] {dag.py:4180} INFO - Setting next_dagrun for example_branch_datetime_operator_2 to 2024-12-16 00:00:00+00:00, run_after=2024-12-17 00:00:00+00:00
[2024-12-17T21:15:55.564+0000] {logging_mixin.py:190} INFO - [2024-12-17T21:15:55.564+0000] {dag.py:4180} INFO - Setting next_dagrun for example_branch_datetime_operator_3 to 2024-12-16 00:00:00+00:00, run_after=2024-12-17 00:00:00+00:00
[2024-12-17T21:15:55.579+0000] {processor.py:208} INFO - Processing /home/airflow/.local/lib/python3.12/site-packages/airflow/example_dags/example_branch_datetime_operator.py took 0.088 seconds
[2024-12-17T21:16:28.419+0000] {processor.py:186} INFO - Started process (PID=1977) to work on /home/airflow/.local/lib/python3.12/site-packages/airflow/example_dags/example_branch_datetime_operator.py
[2024-12-17T21:16:28.421+0000] {processor.py:914} INFO - Processing file /home/airflow/.local/lib/python3.12/site-packages/airflow/example_dags/example_branch_datetime_operator.py for tasks to queue
[2024-12-17T21:16:28.422+0000] {logging_mixin.py:190} INFO - [2024-12-17T21:16:28.422+0000] {dagbag.py:588} INFO - Filling up the DagBag from /home/airflow/.local/lib/python3.12/site-packages/airflow/example_dags/example_branch_datetime_operator.py
[2024-12-17T21:16:28.437+0000] {processor.py:925} INFO - DAG(s) 'example_branch_datetime_operator_3', 'example_branch_datetime_operator_2', 'example_branch_datetime_operator' retrieved from /home/airflow/.local/lib/python3.12/site-packages/airflow/example_dags/example_branch_datetime_operator.py
[2024-12-17T21:16:28.471+0000] {logging_mixin.py:190} INFO - [2024-12-17T21:16:28.470+0000] {dag.py:3239} INFO - Sync 3 DAGs
[2024-12-17T21:16:28.507+0000] {logging_mixin.py:190} INFO - [2024-12-17T21:16:28.507+0000] {dag.py:4180} INFO - Setting next_dagrun for example_branch_datetime_operator to 2024-12-16 00:00:00+00:00, run_after=2024-12-17 00:00:00+00:00
[2024-12-17T21:16:28.516+0000] {logging_mixin.py:190} INFO - [2024-12-17T21:16:28.516+0000] {dag.py:4180} INFO - Setting next_dagrun for example_branch_datetime_operator_2 to 2024-12-16 00:00:00+00:00, run_after=2024-12-17 00:00:00+00:00
[2024-12-17T21:16:28.519+0000] {logging_mixin.py:190} INFO - [2024-12-17T21:16:28.519+0000] {dag.py:4180} INFO - Setting next_dagrun for example_branch_datetime_operator_3 to 2024-12-16 00:00:00+00:00, run_after=2024-12-17 00:00:00+00:00
[2024-12-17T21:16:28.537+0000] {processor.py:208} INFO - Processing /home/airflow/.local/lib/python3.12/site-packages/airflow/example_dags/example_branch_datetime_operator.py took 0.126 seconds
[2024-12-17T21:17:00.059+0000] {processor.py:186} INFO - Started process (PID=2041) to work on /home/airflow/.local/lib/python3.12/site-packages/airflow/example_dags/example_branch_datetime_operator.py
[2024-12-17T21:17:00.060+0000] {processor.py:914} INFO - Processing file /home/airflow/.local/lib/python3.12/site-packages/airflow/example_dags/example_branch_datetime_operator.py for tasks to queue
[2024-12-17T21:17:00.063+0000] {logging_mixin.py:190} INFO - [2024-12-17T21:17:00.062+0000] {dagbag.py:588} INFO - Filling up the DagBag from /home/airflow/.local/lib/python3.12/site-packages/airflow/example_dags/example_branch_datetime_operator.py
[2024-12-17T21:17:00.079+0000] {processor.py:925} INFO - DAG(s) 'example_branch_datetime_operator', 'example_branch_datetime_operator_3', 'example_branch_datetime_operator_2' retrieved from /home/airflow/.local/lib/python3.12/site-packages/airflow/example_dags/example_branch_datetime_operator.py
[2024-12-17T21:17:00.111+0000] {logging_mixin.py:190} INFO - [2024-12-17T21:17:00.111+0000] {dag.py:3239} INFO - Sync 3 DAGs
[2024-12-17T21:17:00.149+0000] {logging_mixin.py:190} INFO - [2024-12-17T21:17:00.149+0000] {dag.py:4180} INFO - Setting next_dagrun for example_branch_datetime_operator to 2024-12-16 00:00:00+00:00, run_after=2024-12-17 00:00:00+00:00
[2024-12-17T21:17:00.157+0000] {logging_mixin.py:190} INFO - [2024-12-17T21:17:00.157+0000] {dag.py:4180} INFO - Setting next_dagrun for example_branch_datetime_operator_2 to 2024-12-16 00:00:00+00:00, run_after=2024-12-17 00:00:00+00:00
[2024-12-17T21:17:00.162+0000] {logging_mixin.py:190} INFO - [2024-12-17T21:17:00.161+0000] {dag.py:4180} INFO - Setting next_dagrun for example_branch_datetime_operator_3 to 2024-12-16 00:00:00+00:00, run_after=2024-12-17 00:00:00+00:00
[2024-12-17T21:17:00.185+0000] {processor.py:208} INFO - Processing /home/airflow/.local/lib/python3.12/site-packages/airflow/example_dags/example_branch_datetime_operator.py took 0.136 seconds
[2024-12-17T21:17:31.248+0000] {processor.py:186} INFO - Started process (PID=2105) to work on /home/airflow/.local/lib/python3.12/site-packages/airflow/example_dags/example_branch_datetime_operator.py
[2024-12-17T21:17:31.249+0000] {processor.py:914} INFO - Processing file /home/airflow/.local/lib/python3.12/site-packages/airflow/example_dags/example_branch_datetime_operator.py for tasks to queue
[2024-12-17T21:17:31.251+0000] {logging_mixin.py:190} INFO - [2024-12-17T21:17:31.251+0000] {dagbag.py:588} INFO - Filling up the DagBag from /home/airflow/.local/lib/python3.12/site-packages/airflow/example_dags/example_branch_datetime_operator.py
[2024-12-17T21:17:31.263+0000] {processor.py:925} INFO - DAG(s) 'example_branch_datetime_operator', 'example_branch_datetime_operator_2', 'example_branch_datetime_operator_3' retrieved from /home/airflow/.local/lib/python3.12/site-packages/airflow/example_dags/example_branch_datetime_operator.py
[2024-12-17T21:17:31.291+0000] {logging_mixin.py:190} INFO - [2024-12-17T21:17:31.291+0000] {dag.py:3239} INFO - Sync 3 DAGs
[2024-12-17T21:17:31.328+0000] {logging_mixin.py:190} INFO - [2024-12-17T21:17:31.327+0000] {dag.py:4180} INFO - Setting next_dagrun for example_branch_datetime_operator to 2024-12-16 00:00:00+00:00, run_after=2024-12-17 00:00:00+00:00
[2024-12-17T21:17:31.333+0000] {logging_mixin.py:190} INFO - [2024-12-17T21:17:31.333+0000] {dag.py:4180} INFO - Setting next_dagrun for example_branch_datetime_operator_2 to 2024-12-16 00:00:00+00:00, run_after=2024-12-17 00:00:00+00:00
[2024-12-17T21:17:31.336+0000] {logging_mixin.py:190} INFO - [2024-12-17T21:17:31.336+0000] {dag.py:4180} INFO - Setting next_dagrun for example_branch_datetime_operator_3 to 2024-12-16 00:00:00+00:00, run_after=2024-12-17 00:00:00+00:00
[2024-12-17T21:17:31.352+0000] {processor.py:208} INFO - Processing /home/airflow/.local/lib/python3.12/site-packages/airflow/example_dags/example_branch_datetime_operator.py took 0.110 seconds
