[2024-12-17T21:01:15.948+0000] {processor.py:186} INFO - Started process (PID=82) to work on /home/airflow/.local/lib/python3.12/site-packages/airflow/example_dags/tutorial_dag.py
[2024-12-17T21:01:15.950+0000] {processor.py:914} INFO - Processing file /home/airflow/.local/lib/python3.12/site-packages/airflow/example_dags/tutorial_dag.py for tasks to queue
[2024-12-17T21:01:15.954+0000] {logging_mixin.py:190} INFO - [2024-12-17T21:01:15.954+0000] {dagbag.py:588} INFO - Filling up the DagBag from /home/airflow/.local/lib/python3.12/site-packages/airflow/example_dags/tutorial_dag.py
[2024-12-17T21:01:15.969+0000] {processor.py:925} INFO - DAG(s) 'tutorial_dag' retrieved from /home/airflow/.local/lib/python3.12/site-packages/airflow/example_dags/tutorial_dag.py
[2024-12-17T21:01:16.157+0000] {logging_mixin.py:190} INFO - [2024-12-17T21:01:16.155+0000] {override.py:1911} INFO - Created Permission View: can delete on DAG:tutorial_dag
[2024-12-17T21:01:16.172+0000] {logging_mixin.py:190} INFO - [2024-12-17T21:01:16.171+0000] {override.py:1911} INFO - Created Permission View: can read on DAG:tutorial_dag
[2024-12-17T21:01:16.182+0000] {logging_mixin.py:190} INFO - [2024-12-17T21:01:16.182+0000] {override.py:1911} INFO - Created Permission View: can edit on DAG:tutorial_dag
[2024-12-17T21:01:16.192+0000] {logging_mixin.py:190} INFO - [2024-12-17T21:01:16.192+0000] {override.py:1911} INFO - Created Permission View: can create on DAG Run:tutorial_dag
[2024-12-17T21:01:16.202+0000] {logging_mixin.py:190} INFO - [2024-12-17T21:01:16.202+0000] {override.py:1911} INFO - Created Permission View: menu access on DAG Run:tutorial_dag
[2024-12-17T21:01:16.211+0000] {logging_mixin.py:190} INFO - [2024-12-17T21:01:16.211+0000] {override.py:1911} INFO - Created Permission View: can delete on DAG Run:tutorial_dag
[2024-12-17T21:01:16.222+0000] {logging_mixin.py:190} INFO - [2024-12-17T21:01:16.221+0000] {override.py:1911} INFO - Created Permission View: can read on DAG Run:tutorial_dag
[2024-12-17T21:01:16.223+0000] {logging_mixin.py:190} INFO - [2024-12-17T21:01:16.222+0000] {dag.py:3239} INFO - Sync 1 DAGs
[2024-12-17T21:01:16.244+0000] {logging_mixin.py:190} INFO - [2024-12-17T21:01:16.243+0000] {dag.py:3262} INFO - Creating ORM DAG for tutorial_dag
[2024-12-17T21:01:16.245+0000] {logging_mixin.py:190} INFO - [2024-12-17T21:01:16.245+0000] {dag.py:4180} INFO - Setting next_dagrun for tutorial_dag to None, run_after=None
[2024-12-17T21:01:16.277+0000] {processor.py:208} INFO - Processing /home/airflow/.local/lib/python3.12/site-packages/airflow/example_dags/tutorial_dag.py took 0.340 seconds
[2024-12-17T21:01:47.211+0000] {processor.py:186} INFO - Started process (PID=146) to work on /home/airflow/.local/lib/python3.12/site-packages/airflow/example_dags/tutorial_dag.py
[2024-12-17T21:01:47.212+0000] {processor.py:914} INFO - Processing file /home/airflow/.local/lib/python3.12/site-packages/airflow/example_dags/tutorial_dag.py for tasks to queue
[2024-12-17T21:01:47.214+0000] {logging_mixin.py:190} INFO - [2024-12-17T21:01:47.214+0000] {dagbag.py:588} INFO - Filling up the DagBag from /home/airflow/.local/lib/python3.12/site-packages/airflow/example_dags/tutorial_dag.py
[2024-12-17T21:01:47.221+0000] {processor.py:925} INFO - DAG(s) 'tutorial_dag' retrieved from /home/airflow/.local/lib/python3.12/site-packages/airflow/example_dags/tutorial_dag.py
[2024-12-17T21:01:47.240+0000] {logging_mixin.py:190} INFO - [2024-12-17T21:01:47.240+0000] {dag.py:3239} INFO - Sync 1 DAGs
[2024-12-17T21:01:47.256+0000] {logging_mixin.py:190} INFO - [2024-12-17T21:01:47.256+0000] {dag.py:4180} INFO - Setting next_dagrun for tutorial_dag to None, run_after=None
[2024-12-17T21:01:47.273+0000] {processor.py:208} INFO - Processing /home/airflow/.local/lib/python3.12/site-packages/airflow/example_dags/tutorial_dag.py took 0.067 seconds
[2024-12-17T21:02:17.551+0000] {processor.py:186} INFO - Started process (PID=211) to work on /home/airflow/.local/lib/python3.12/site-packages/airflow/example_dags/tutorial_dag.py
[2024-12-17T21:02:17.552+0000] {processor.py:914} INFO - Processing file /home/airflow/.local/lib/python3.12/site-packages/airflow/example_dags/tutorial_dag.py for tasks to queue
[2024-12-17T21:02:17.554+0000] {logging_mixin.py:190} INFO - [2024-12-17T21:02:17.554+0000] {dagbag.py:588} INFO - Filling up the DagBag from /home/airflow/.local/lib/python3.12/site-packages/airflow/example_dags/tutorial_dag.py
[2024-12-17T21:02:17.561+0000] {processor.py:925} INFO - DAG(s) 'tutorial_dag' retrieved from /home/airflow/.local/lib/python3.12/site-packages/airflow/example_dags/tutorial_dag.py
[2024-12-17T21:02:17.579+0000] {logging_mixin.py:190} INFO - [2024-12-17T21:02:17.579+0000] {dag.py:3239} INFO - Sync 1 DAGs
[2024-12-17T21:02:17.595+0000] {logging_mixin.py:190} INFO - [2024-12-17T21:02:17.595+0000] {dag.py:4180} INFO - Setting next_dagrun for tutorial_dag to None, run_after=None
[2024-12-17T21:02:17.612+0000] {processor.py:208} INFO - Processing /home/airflow/.local/lib/python3.12/site-packages/airflow/example_dags/tutorial_dag.py took 0.067 seconds
[2024-12-17T21:02:47.848+0000] {processor.py:186} INFO - Started process (PID=275) to work on /home/airflow/.local/lib/python3.12/site-packages/airflow/example_dags/tutorial_dag.py
[2024-12-17T21:02:47.849+0000] {processor.py:914} INFO - Processing file /home/airflow/.local/lib/python3.12/site-packages/airflow/example_dags/tutorial_dag.py for tasks to queue
[2024-12-17T21:02:47.851+0000] {logging_mixin.py:190} INFO - [2024-12-17T21:02:47.851+0000] {dagbag.py:588} INFO - Filling up the DagBag from /home/airflow/.local/lib/python3.12/site-packages/airflow/example_dags/tutorial_dag.py
[2024-12-17T21:02:47.858+0000] {processor.py:925} INFO - DAG(s) 'tutorial_dag' retrieved from /home/airflow/.local/lib/python3.12/site-packages/airflow/example_dags/tutorial_dag.py
[2024-12-17T21:02:47.877+0000] {logging_mixin.py:190} INFO - [2024-12-17T21:02:47.877+0000] {dag.py:3239} INFO - Sync 1 DAGs
[2024-12-17T21:02:47.891+0000] {logging_mixin.py:190} INFO - [2024-12-17T21:02:47.891+0000] {dag.py:4180} INFO - Setting next_dagrun for tutorial_dag to None, run_after=None
[2024-12-17T21:02:47.915+0000] {processor.py:208} INFO - Processing /home/airflow/.local/lib/python3.12/site-packages/airflow/example_dags/tutorial_dag.py took 0.073 seconds
[2024-12-17T21:03:17.984+0000] {processor.py:186} INFO - Started process (PID=339) to work on /home/airflow/.local/lib/python3.12/site-packages/airflow/example_dags/tutorial_dag.py
[2024-12-17T21:03:17.985+0000] {processor.py:914} INFO - Processing file /home/airflow/.local/lib/python3.12/site-packages/airflow/example_dags/tutorial_dag.py for tasks to queue
[2024-12-17T21:03:17.987+0000] {logging_mixin.py:190} INFO - [2024-12-17T21:03:17.987+0000] {dagbag.py:588} INFO - Filling up the DagBag from /home/airflow/.local/lib/python3.12/site-packages/airflow/example_dags/tutorial_dag.py
[2024-12-17T21:03:17.994+0000] {processor.py:925} INFO - DAG(s) 'tutorial_dag' retrieved from /home/airflow/.local/lib/python3.12/site-packages/airflow/example_dags/tutorial_dag.py
[2024-12-17T21:03:18.012+0000] {logging_mixin.py:190} INFO - [2024-12-17T21:03:18.012+0000] {dag.py:3239} INFO - Sync 1 DAGs
[2024-12-17T21:03:18.026+0000] {logging_mixin.py:190} INFO - [2024-12-17T21:03:18.026+0000] {dag.py:4180} INFO - Setting next_dagrun for tutorial_dag to None, run_after=None
[2024-12-17T21:03:18.052+0000] {processor.py:208} INFO - Processing /home/airflow/.local/lib/python3.12/site-packages/airflow/example_dags/tutorial_dag.py took 0.074 seconds
[2024-12-17T21:03:48.457+0000] {processor.py:186} INFO - Started process (PID=403) to work on /home/airflow/.local/lib/python3.12/site-packages/airflow/example_dags/tutorial_dag.py
[2024-12-17T21:03:48.458+0000] {processor.py:914} INFO - Processing file /home/airflow/.local/lib/python3.12/site-packages/airflow/example_dags/tutorial_dag.py for tasks to queue
[2024-12-17T21:03:48.460+0000] {logging_mixin.py:190} INFO - [2024-12-17T21:03:48.460+0000] {dagbag.py:588} INFO - Filling up the DagBag from /home/airflow/.local/lib/python3.12/site-packages/airflow/example_dags/tutorial_dag.py
[2024-12-17T21:03:48.467+0000] {processor.py:925} INFO - DAG(s) 'tutorial_dag' retrieved from /home/airflow/.local/lib/python3.12/site-packages/airflow/example_dags/tutorial_dag.py
[2024-12-17T21:03:48.485+0000] {logging_mixin.py:190} INFO - [2024-12-17T21:03:48.485+0000] {dag.py:3239} INFO - Sync 1 DAGs
[2024-12-17T21:03:48.500+0000] {logging_mixin.py:190} INFO - [2024-12-17T21:03:48.500+0000] {dag.py:4180} INFO - Setting next_dagrun for tutorial_dag to None, run_after=None
[2024-12-17T21:03:48.525+0000] {processor.py:208} INFO - Processing /home/airflow/.local/lib/python3.12/site-packages/airflow/example_dags/tutorial_dag.py took 0.074 seconds
[2024-12-17T21:04:19.433+0000] {processor.py:186} INFO - Started process (PID=467) to work on /home/airflow/.local/lib/python3.12/site-packages/airflow/example_dags/tutorial_dag.py
[2024-12-17T21:04:19.434+0000] {processor.py:914} INFO - Processing file /home/airflow/.local/lib/python3.12/site-packages/airflow/example_dags/tutorial_dag.py for tasks to queue
[2024-12-17T21:04:19.435+0000] {logging_mixin.py:190} INFO - [2024-12-17T21:04:19.435+0000] {dagbag.py:588} INFO - Filling up the DagBag from /home/airflow/.local/lib/python3.12/site-packages/airflow/example_dags/tutorial_dag.py
[2024-12-17T21:04:19.442+0000] {processor.py:925} INFO - DAG(s) 'tutorial_dag' retrieved from /home/airflow/.local/lib/python3.12/site-packages/airflow/example_dags/tutorial_dag.py
[2024-12-17T21:04:19.460+0000] {logging_mixin.py:190} INFO - [2024-12-17T21:04:19.460+0000] {dag.py:3239} INFO - Sync 1 DAGs
[2024-12-17T21:04:19.474+0000] {logging_mixin.py:190} INFO - [2024-12-17T21:04:19.474+0000] {dag.py:4180} INFO - Setting next_dagrun for tutorial_dag to None, run_after=None
[2024-12-17T21:04:19.498+0000] {processor.py:208} INFO - Processing /home/airflow/.local/lib/python3.12/site-packages/airflow/example_dags/tutorial_dag.py took 0.070 seconds
[2024-12-17T21:04:49.818+0000] {processor.py:186} INFO - Started process (PID=531) to work on /home/airflow/.local/lib/python3.12/site-packages/airflow/example_dags/tutorial_dag.py
[2024-12-17T21:04:49.819+0000] {processor.py:914} INFO - Processing file /home/airflow/.local/lib/python3.12/site-packages/airflow/example_dags/tutorial_dag.py for tasks to queue
[2024-12-17T21:04:49.820+0000] {logging_mixin.py:190} INFO - [2024-12-17T21:04:49.820+0000] {dagbag.py:588} INFO - Filling up the DagBag from /home/airflow/.local/lib/python3.12/site-packages/airflow/example_dags/tutorial_dag.py
[2024-12-17T21:04:49.827+0000] {processor.py:925} INFO - DAG(s) 'tutorial_dag' retrieved from /home/airflow/.local/lib/python3.12/site-packages/airflow/example_dags/tutorial_dag.py
[2024-12-17T21:04:49.845+0000] {logging_mixin.py:190} INFO - [2024-12-17T21:04:49.845+0000] {dag.py:3239} INFO - Sync 1 DAGs
[2024-12-17T21:04:49.859+0000] {logging_mixin.py:190} INFO - [2024-12-17T21:04:49.859+0000] {dag.py:4180} INFO - Setting next_dagrun for tutorial_dag to None, run_after=None
[2024-12-17T21:04:49.883+0000] {processor.py:208} INFO - Processing /home/airflow/.local/lib/python3.12/site-packages/airflow/example_dags/tutorial_dag.py took 0.071 seconds
[2024-12-17T21:05:20.325+0000] {processor.py:186} INFO - Started process (PID=595) to work on /home/airflow/.local/lib/python3.12/site-packages/airflow/example_dags/tutorial_dag.py
[2024-12-17T21:05:20.326+0000] {processor.py:914} INFO - Processing file /home/airflow/.local/lib/python3.12/site-packages/airflow/example_dags/tutorial_dag.py for tasks to queue
[2024-12-17T21:05:20.328+0000] {logging_mixin.py:190} INFO - [2024-12-17T21:05:20.327+0000] {dagbag.py:588} INFO - Filling up the DagBag from /home/airflow/.local/lib/python3.12/site-packages/airflow/example_dags/tutorial_dag.py
[2024-12-17T21:05:20.335+0000] {processor.py:925} INFO - DAG(s) 'tutorial_dag' retrieved from /home/airflow/.local/lib/python3.12/site-packages/airflow/example_dags/tutorial_dag.py
[2024-12-17T21:05:20.352+0000] {logging_mixin.py:190} INFO - [2024-12-17T21:05:20.352+0000] {dag.py:3239} INFO - Sync 1 DAGs
[2024-12-17T21:05:20.366+0000] {logging_mixin.py:190} INFO - [2024-12-17T21:05:20.365+0000] {dag.py:4180} INFO - Setting next_dagrun for tutorial_dag to None, run_after=None
[2024-12-17T21:05:20.381+0000] {processor.py:208} INFO - Processing /home/airflow/.local/lib/python3.12/site-packages/airflow/example_dags/tutorial_dag.py took 0.061 seconds
[2024-12-17T21:05:50.686+0000] {processor.py:186} INFO - Started process (PID=659) to work on /home/airflow/.local/lib/python3.12/site-packages/airflow/example_dags/tutorial_dag.py
[2024-12-17T21:05:50.688+0000] {processor.py:914} INFO - Processing file /home/airflow/.local/lib/python3.12/site-packages/airflow/example_dags/tutorial_dag.py for tasks to queue
[2024-12-17T21:05:50.689+0000] {logging_mixin.py:190} INFO - [2024-12-17T21:05:50.689+0000] {dagbag.py:588} INFO - Filling up the DagBag from /home/airflow/.local/lib/python3.12/site-packages/airflow/example_dags/tutorial_dag.py
[2024-12-17T21:05:50.696+0000] {processor.py:925} INFO - DAG(s) 'tutorial_dag' retrieved from /home/airflow/.local/lib/python3.12/site-packages/airflow/example_dags/tutorial_dag.py
[2024-12-17T21:05:50.714+0000] {logging_mixin.py:190} INFO - [2024-12-17T21:05:50.714+0000] {dag.py:3239} INFO - Sync 1 DAGs
[2024-12-17T21:05:50.730+0000] {logging_mixin.py:190} INFO - [2024-12-17T21:05:50.730+0000] {dag.py:4180} INFO - Setting next_dagrun for tutorial_dag to None, run_after=None
[2024-12-17T21:05:50.755+0000] {processor.py:208} INFO - Processing /home/airflow/.local/lib/python3.12/site-packages/airflow/example_dags/tutorial_dag.py took 0.074 seconds
[2024-12-17T21:06:21.409+0000] {processor.py:186} INFO - Started process (PID=723) to work on /home/airflow/.local/lib/python3.12/site-packages/airflow/example_dags/tutorial_dag.py
[2024-12-17T21:06:21.410+0000] {processor.py:914} INFO - Processing file /home/airflow/.local/lib/python3.12/site-packages/airflow/example_dags/tutorial_dag.py for tasks to queue
[2024-12-17T21:06:21.412+0000] {logging_mixin.py:190} INFO - [2024-12-17T21:06:21.411+0000] {dagbag.py:588} INFO - Filling up the DagBag from /home/airflow/.local/lib/python3.12/site-packages/airflow/example_dags/tutorial_dag.py
[2024-12-17T21:06:21.419+0000] {processor.py:925} INFO - DAG(s) 'tutorial_dag' retrieved from /home/airflow/.local/lib/python3.12/site-packages/airflow/example_dags/tutorial_dag.py
[2024-12-17T21:06:21.439+0000] {logging_mixin.py:190} INFO - [2024-12-17T21:06:21.439+0000] {dag.py:3239} INFO - Sync 1 DAGs
[2024-12-17T21:06:21.454+0000] {logging_mixin.py:190} INFO - [2024-12-17T21:06:21.453+0000] {dag.py:4180} INFO - Setting next_dagrun for tutorial_dag to None, run_after=None
[2024-12-17T21:06:21.479+0000] {processor.py:208} INFO - Processing /home/airflow/.local/lib/python3.12/site-packages/airflow/example_dags/tutorial_dag.py took 0.076 seconds
[2024-12-17T21:06:51.707+0000] {processor.py:186} INFO - Started process (PID=787) to work on /home/airflow/.local/lib/python3.12/site-packages/airflow/example_dags/tutorial_dag.py
[2024-12-17T21:06:51.708+0000] {processor.py:914} INFO - Processing file /home/airflow/.local/lib/python3.12/site-packages/airflow/example_dags/tutorial_dag.py for tasks to queue
[2024-12-17T21:06:51.709+0000] {logging_mixin.py:190} INFO - [2024-12-17T21:06:51.709+0000] {dagbag.py:588} INFO - Filling up the DagBag from /home/airflow/.local/lib/python3.12/site-packages/airflow/example_dags/tutorial_dag.py
[2024-12-17T21:06:51.717+0000] {processor.py:925} INFO - DAG(s) 'tutorial_dag' retrieved from /home/airflow/.local/lib/python3.12/site-packages/airflow/example_dags/tutorial_dag.py
[2024-12-17T21:06:51.736+0000] {logging_mixin.py:190} INFO - [2024-12-17T21:06:51.736+0000] {dag.py:3239} INFO - Sync 1 DAGs
[2024-12-17T21:06:51.750+0000] {logging_mixin.py:190} INFO - [2024-12-17T21:06:51.750+0000] {dag.py:4180} INFO - Setting next_dagrun for tutorial_dag to None, run_after=None
[2024-12-17T21:06:51.776+0000] {processor.py:208} INFO - Processing /home/airflow/.local/lib/python3.12/site-packages/airflow/example_dags/tutorial_dag.py took 0.074 seconds
[2024-12-17T21:07:22.384+0000] {processor.py:186} INFO - Started process (PID=851) to work on /home/airflow/.local/lib/python3.12/site-packages/airflow/example_dags/tutorial_dag.py
[2024-12-17T21:07:22.385+0000] {processor.py:914} INFO - Processing file /home/airflow/.local/lib/python3.12/site-packages/airflow/example_dags/tutorial_dag.py for tasks to queue
[2024-12-17T21:07:22.387+0000] {logging_mixin.py:190} INFO - [2024-12-17T21:07:22.386+0000] {dagbag.py:588} INFO - Filling up the DagBag from /home/airflow/.local/lib/python3.12/site-packages/airflow/example_dags/tutorial_dag.py
[2024-12-17T21:07:22.394+0000] {processor.py:925} INFO - DAG(s) 'tutorial_dag' retrieved from /home/airflow/.local/lib/python3.12/site-packages/airflow/example_dags/tutorial_dag.py
[2024-12-17T21:07:22.412+0000] {logging_mixin.py:190} INFO - [2024-12-17T21:07:22.412+0000] {dag.py:3239} INFO - Sync 1 DAGs
[2024-12-17T21:07:22.426+0000] {logging_mixin.py:190} INFO - [2024-12-17T21:07:22.425+0000] {dag.py:4180} INFO - Setting next_dagrun for tutorial_dag to None, run_after=None
[2024-12-17T21:07:22.450+0000] {processor.py:208} INFO - Processing /home/airflow/.local/lib/python3.12/site-packages/airflow/example_dags/tutorial_dag.py took 0.070 seconds
[2024-12-17T21:07:53.319+0000] {processor.py:186} INFO - Started process (PID=915) to work on /home/airflow/.local/lib/python3.12/site-packages/airflow/example_dags/tutorial_dag.py
[2024-12-17T21:07:53.320+0000] {processor.py:914} INFO - Processing file /home/airflow/.local/lib/python3.12/site-packages/airflow/example_dags/tutorial_dag.py for tasks to queue
[2024-12-17T21:07:53.322+0000] {logging_mixin.py:190} INFO - [2024-12-17T21:07:53.322+0000] {dagbag.py:588} INFO - Filling up the DagBag from /home/airflow/.local/lib/python3.12/site-packages/airflow/example_dags/tutorial_dag.py
[2024-12-17T21:07:53.330+0000] {processor.py:925} INFO - DAG(s) 'tutorial_dag' retrieved from /home/airflow/.local/lib/python3.12/site-packages/airflow/example_dags/tutorial_dag.py
[2024-12-17T21:07:53.349+0000] {logging_mixin.py:190} INFO - [2024-12-17T21:07:53.349+0000] {dag.py:3239} INFO - Sync 1 DAGs
[2024-12-17T21:07:53.364+0000] {logging_mixin.py:190} INFO - [2024-12-17T21:07:53.364+0000] {dag.py:4180} INFO - Setting next_dagrun for tutorial_dag to None, run_after=None
[2024-12-17T21:07:53.391+0000] {processor.py:208} INFO - Processing /home/airflow/.local/lib/python3.12/site-packages/airflow/example_dags/tutorial_dag.py took 0.077 seconds
[2024-12-17T21:08:23.952+0000] {processor.py:186} INFO - Started process (PID=979) to work on /home/airflow/.local/lib/python3.12/site-packages/airflow/example_dags/tutorial_dag.py
[2024-12-17T21:08:23.953+0000] {processor.py:914} INFO - Processing file /home/airflow/.local/lib/python3.12/site-packages/airflow/example_dags/tutorial_dag.py for tasks to queue
[2024-12-17T21:08:23.954+0000] {logging_mixin.py:190} INFO - [2024-12-17T21:08:23.954+0000] {dagbag.py:588} INFO - Filling up the DagBag from /home/airflow/.local/lib/python3.12/site-packages/airflow/example_dags/tutorial_dag.py
[2024-12-17T21:08:23.961+0000] {processor.py:925} INFO - DAG(s) 'tutorial_dag' retrieved from /home/airflow/.local/lib/python3.12/site-packages/airflow/example_dags/tutorial_dag.py
[2024-12-17T21:08:23.979+0000] {logging_mixin.py:190} INFO - [2024-12-17T21:08:23.979+0000] {dag.py:3239} INFO - Sync 1 DAGs
[2024-12-17T21:08:23.994+0000] {logging_mixin.py:190} INFO - [2024-12-17T21:08:23.993+0000] {dag.py:4180} INFO - Setting next_dagrun for tutorial_dag to None, run_after=None
[2024-12-17T21:08:24.034+0000] {processor.py:208} INFO - Processing /home/airflow/.local/lib/python3.12/site-packages/airflow/example_dags/tutorial_dag.py took 0.088 seconds
[2024-12-17T21:08:54.423+0000] {processor.py:186} INFO - Started process (PID=1043) to work on /home/airflow/.local/lib/python3.12/site-packages/airflow/example_dags/tutorial_dag.py
[2024-12-17T21:08:54.424+0000] {processor.py:914} INFO - Processing file /home/airflow/.local/lib/python3.12/site-packages/airflow/example_dags/tutorial_dag.py for tasks to queue
[2024-12-17T21:08:54.426+0000] {logging_mixin.py:190} INFO - [2024-12-17T21:08:54.425+0000] {dagbag.py:588} INFO - Filling up the DagBag from /home/airflow/.local/lib/python3.12/site-packages/airflow/example_dags/tutorial_dag.py
[2024-12-17T21:08:54.434+0000] {processor.py:925} INFO - DAG(s) 'tutorial_dag' retrieved from /home/airflow/.local/lib/python3.12/site-packages/airflow/example_dags/tutorial_dag.py
[2024-12-17T21:08:54.453+0000] {logging_mixin.py:190} INFO - [2024-12-17T21:08:54.452+0000] {dag.py:3239} INFO - Sync 1 DAGs
[2024-12-17T21:08:54.467+0000] {logging_mixin.py:190} INFO - [2024-12-17T21:08:54.467+0000] {dag.py:4180} INFO - Setting next_dagrun for tutorial_dag to None, run_after=None
[2024-12-17T21:08:54.495+0000] {processor.py:208} INFO - Processing /home/airflow/.local/lib/python3.12/site-packages/airflow/example_dags/tutorial_dag.py took 0.077 seconds
[2024-12-17T21:09:25.212+0000] {processor.py:186} INFO - Started process (PID=1108) to work on /home/airflow/.local/lib/python3.12/site-packages/airflow/example_dags/tutorial_dag.py
[2024-12-17T21:09:25.213+0000] {processor.py:914} INFO - Processing file /home/airflow/.local/lib/python3.12/site-packages/airflow/example_dags/tutorial_dag.py for tasks to queue
[2024-12-17T21:09:25.215+0000] {logging_mixin.py:190} INFO - [2024-12-17T21:09:25.214+0000] {dagbag.py:588} INFO - Filling up the DagBag from /home/airflow/.local/lib/python3.12/site-packages/airflow/example_dags/tutorial_dag.py
[2024-12-17T21:09:25.222+0000] {processor.py:925} INFO - DAG(s) 'tutorial_dag' retrieved from /home/airflow/.local/lib/python3.12/site-packages/airflow/example_dags/tutorial_dag.py
[2024-12-17T21:09:25.243+0000] {logging_mixin.py:190} INFO - [2024-12-17T21:09:25.242+0000] {dag.py:3239} INFO - Sync 1 DAGs
[2024-12-17T21:09:25.258+0000] {logging_mixin.py:190} INFO - [2024-12-17T21:09:25.257+0000] {dag.py:4180} INFO - Setting next_dagrun for tutorial_dag to None, run_after=None
[2024-12-17T21:09:25.277+0000] {processor.py:208} INFO - Processing /home/airflow/.local/lib/python3.12/site-packages/airflow/example_dags/tutorial_dag.py took 0.070 seconds
[2024-12-17T21:09:55.730+0000] {processor.py:186} INFO - Started process (PID=1172) to work on /home/airflow/.local/lib/python3.12/site-packages/airflow/example_dags/tutorial_dag.py
[2024-12-17T21:09:55.731+0000] {processor.py:914} INFO - Processing file /home/airflow/.local/lib/python3.12/site-packages/airflow/example_dags/tutorial_dag.py for tasks to queue
[2024-12-17T21:09:55.732+0000] {logging_mixin.py:190} INFO - [2024-12-17T21:09:55.732+0000] {dagbag.py:588} INFO - Filling up the DagBag from /home/airflow/.local/lib/python3.12/site-packages/airflow/example_dags/tutorial_dag.py
[2024-12-17T21:09:55.740+0000] {processor.py:925} INFO - DAG(s) 'tutorial_dag' retrieved from /home/airflow/.local/lib/python3.12/site-packages/airflow/example_dags/tutorial_dag.py
[2024-12-17T21:09:55.758+0000] {logging_mixin.py:190} INFO - [2024-12-17T21:09:55.758+0000] {dag.py:3239} INFO - Sync 1 DAGs
[2024-12-17T21:09:55.772+0000] {logging_mixin.py:190} INFO - [2024-12-17T21:09:55.772+0000] {dag.py:4180} INFO - Setting next_dagrun for tutorial_dag to None, run_after=None
[2024-12-17T21:09:55.799+0000] {processor.py:208} INFO - Processing /home/airflow/.local/lib/python3.12/site-packages/airflow/example_dags/tutorial_dag.py took 0.075 seconds
[2024-12-17T21:10:25.997+0000] {processor.py:186} INFO - Started process (PID=1236) to work on /home/airflow/.local/lib/python3.12/site-packages/airflow/example_dags/tutorial_dag.py
[2024-12-17T21:10:26.000+0000] {processor.py:914} INFO - Processing file /home/airflow/.local/lib/python3.12/site-packages/airflow/example_dags/tutorial_dag.py for tasks to queue
[2024-12-17T21:10:26.003+0000] {logging_mixin.py:190} INFO - [2024-12-17T21:10:26.002+0000] {dagbag.py:588} INFO - Filling up the DagBag from /home/airflow/.local/lib/python3.12/site-packages/airflow/example_dags/tutorial_dag.py
[2024-12-17T21:10:26.018+0000] {processor.py:925} INFO - DAG(s) 'tutorial_dag' retrieved from /home/airflow/.local/lib/python3.12/site-packages/airflow/example_dags/tutorial_dag.py
[2024-12-17T21:10:26.049+0000] {logging_mixin.py:190} INFO - [2024-12-17T21:10:26.049+0000] {dag.py:3239} INFO - Sync 1 DAGs
[2024-12-17T21:10:26.074+0000] {logging_mixin.py:190} INFO - [2024-12-17T21:10:26.074+0000] {dag.py:4180} INFO - Setting next_dagrun for tutorial_dag to None, run_after=None
[2024-12-17T21:10:26.109+0000] {processor.py:208} INFO - Processing /home/airflow/.local/lib/python3.12/site-packages/airflow/example_dags/tutorial_dag.py took 0.124 seconds
[2024-12-17T21:10:57.149+0000] {processor.py:186} INFO - Started process (PID=1300) to work on /home/airflow/.local/lib/python3.12/site-packages/airflow/example_dags/tutorial_dag.py
[2024-12-17T21:10:57.150+0000] {processor.py:914} INFO - Processing file /home/airflow/.local/lib/python3.12/site-packages/airflow/example_dags/tutorial_dag.py for tasks to queue
[2024-12-17T21:10:57.151+0000] {logging_mixin.py:190} INFO - [2024-12-17T21:10:57.151+0000] {dagbag.py:588} INFO - Filling up the DagBag from /home/airflow/.local/lib/python3.12/site-packages/airflow/example_dags/tutorial_dag.py
[2024-12-17T21:10:57.160+0000] {processor.py:925} INFO - DAG(s) 'tutorial_dag' retrieved from /home/airflow/.local/lib/python3.12/site-packages/airflow/example_dags/tutorial_dag.py
[2024-12-17T21:10:57.178+0000] {logging_mixin.py:190} INFO - [2024-12-17T21:10:57.178+0000] {dag.py:3239} INFO - Sync 1 DAGs
[2024-12-17T21:10:57.192+0000] {logging_mixin.py:190} INFO - [2024-12-17T21:10:57.192+0000] {dag.py:4180} INFO - Setting next_dagrun for tutorial_dag to None, run_after=None
[2024-12-17T21:10:57.217+0000] {processor.py:208} INFO - Processing /home/airflow/.local/lib/python3.12/site-packages/airflow/example_dags/tutorial_dag.py took 0.079 seconds
[2024-12-17T21:11:27.337+0000] {processor.py:186} INFO - Started process (PID=1364) to work on /home/airflow/.local/lib/python3.12/site-packages/airflow/example_dags/tutorial_dag.py
[2024-12-17T21:11:27.338+0000] {processor.py:914} INFO - Processing file /home/airflow/.local/lib/python3.12/site-packages/airflow/example_dags/tutorial_dag.py for tasks to queue
[2024-12-17T21:11:27.339+0000] {logging_mixin.py:190} INFO - [2024-12-17T21:11:27.339+0000] {dagbag.py:588} INFO - Filling up the DagBag from /home/airflow/.local/lib/python3.12/site-packages/airflow/example_dags/tutorial_dag.py
[2024-12-17T21:11:27.346+0000] {processor.py:925} INFO - DAG(s) 'tutorial_dag' retrieved from /home/airflow/.local/lib/python3.12/site-packages/airflow/example_dags/tutorial_dag.py
[2024-12-17T21:11:27.369+0000] {logging_mixin.py:190} INFO - [2024-12-17T21:11:27.368+0000] {dag.py:3239} INFO - Sync 1 DAGs
[2024-12-17T21:11:27.384+0000] {logging_mixin.py:190} INFO - [2024-12-17T21:11:27.384+0000] {dag.py:4180} INFO - Setting next_dagrun for tutorial_dag to None, run_after=None
[2024-12-17T21:11:27.410+0000] {processor.py:208} INFO - Processing /home/airflow/.local/lib/python3.12/site-packages/airflow/example_dags/tutorial_dag.py took 0.078 seconds
[2024-12-17T21:11:57.719+0000] {processor.py:186} INFO - Started process (PID=1428) to work on /home/airflow/.local/lib/python3.12/site-packages/airflow/example_dags/tutorial_dag.py
[2024-12-17T21:11:57.720+0000] {processor.py:914} INFO - Processing file /home/airflow/.local/lib/python3.12/site-packages/airflow/example_dags/tutorial_dag.py for tasks to queue
[2024-12-17T21:11:57.721+0000] {logging_mixin.py:190} INFO - [2024-12-17T21:11:57.721+0000] {dagbag.py:588} INFO - Filling up the DagBag from /home/airflow/.local/lib/python3.12/site-packages/airflow/example_dags/tutorial_dag.py
[2024-12-17T21:11:57.729+0000] {processor.py:925} INFO - DAG(s) 'tutorial_dag' retrieved from /home/airflow/.local/lib/python3.12/site-packages/airflow/example_dags/tutorial_dag.py
[2024-12-17T21:11:57.747+0000] {logging_mixin.py:190} INFO - [2024-12-17T21:11:57.747+0000] {dag.py:3239} INFO - Sync 1 DAGs
[2024-12-17T21:11:57.767+0000] {logging_mixin.py:190} INFO - [2024-12-17T21:11:57.767+0000] {dag.py:4180} INFO - Setting next_dagrun for tutorial_dag to None, run_after=None
[2024-12-17T21:11:57.792+0000] {processor.py:208} INFO - Processing /home/airflow/.local/lib/python3.12/site-packages/airflow/example_dags/tutorial_dag.py took 0.078 seconds
[2024-12-17T21:12:27.918+0000] {processor.py:186} INFO - Started process (PID=1492) to work on /home/airflow/.local/lib/python3.12/site-packages/airflow/example_dags/tutorial_dag.py
[2024-12-17T21:12:27.918+0000] {processor.py:914} INFO - Processing file /home/airflow/.local/lib/python3.12/site-packages/airflow/example_dags/tutorial_dag.py for tasks to queue
[2024-12-17T21:12:27.920+0000] {logging_mixin.py:190} INFO - [2024-12-17T21:12:27.919+0000] {dagbag.py:588} INFO - Filling up the DagBag from /home/airflow/.local/lib/python3.12/site-packages/airflow/example_dags/tutorial_dag.py
[2024-12-17T21:12:27.927+0000] {processor.py:925} INFO - DAG(s) 'tutorial_dag' retrieved from /home/airflow/.local/lib/python3.12/site-packages/airflow/example_dags/tutorial_dag.py
[2024-12-17T21:12:27.945+0000] {logging_mixin.py:190} INFO - [2024-12-17T21:12:27.945+0000] {dag.py:3239} INFO - Sync 1 DAGs
[2024-12-17T21:12:27.959+0000] {logging_mixin.py:190} INFO - [2024-12-17T21:12:27.959+0000] {dag.py:4180} INFO - Setting next_dagrun for tutorial_dag to None, run_after=None
[2024-12-17T21:12:27.976+0000] {processor.py:208} INFO - Processing /home/airflow/.local/lib/python3.12/site-packages/airflow/example_dags/tutorial_dag.py took 0.064 seconds
[2024-12-17T21:12:58.108+0000] {processor.py:186} INFO - Started process (PID=1557) to work on /home/airflow/.local/lib/python3.12/site-packages/airflow/example_dags/tutorial_dag.py
[2024-12-17T21:12:58.109+0000] {processor.py:914} INFO - Processing file /home/airflow/.local/lib/python3.12/site-packages/airflow/example_dags/tutorial_dag.py for tasks to queue
[2024-12-17T21:12:58.110+0000] {logging_mixin.py:190} INFO - [2024-12-17T21:12:58.110+0000] {dagbag.py:588} INFO - Filling up the DagBag from /home/airflow/.local/lib/python3.12/site-packages/airflow/example_dags/tutorial_dag.py
[2024-12-17T21:12:58.117+0000] {processor.py:925} INFO - DAG(s) 'tutorial_dag' retrieved from /home/airflow/.local/lib/python3.12/site-packages/airflow/example_dags/tutorial_dag.py
[2024-12-17T21:12:58.136+0000] {logging_mixin.py:190} INFO - [2024-12-17T21:12:58.135+0000] {dag.py:3239} INFO - Sync 1 DAGs
[2024-12-17T21:12:58.150+0000] {logging_mixin.py:190} INFO - [2024-12-17T21:12:58.150+0000] {dag.py:4180} INFO - Setting next_dagrun for tutorial_dag to None, run_after=None
[2024-12-17T21:12:58.176+0000] {processor.py:208} INFO - Processing /home/airflow/.local/lib/python3.12/site-packages/airflow/example_dags/tutorial_dag.py took 0.073 seconds
[2024-12-17T21:13:28.871+0000] {processor.py:186} INFO - Started process (PID=1621) to work on /home/airflow/.local/lib/python3.12/site-packages/airflow/example_dags/tutorial_dag.py
[2024-12-17T21:13:28.872+0000] {processor.py:914} INFO - Processing file /home/airflow/.local/lib/python3.12/site-packages/airflow/example_dags/tutorial_dag.py for tasks to queue
[2024-12-17T21:13:28.873+0000] {logging_mixin.py:190} INFO - [2024-12-17T21:13:28.873+0000] {dagbag.py:588} INFO - Filling up the DagBag from /home/airflow/.local/lib/python3.12/site-packages/airflow/example_dags/tutorial_dag.py
[2024-12-17T21:13:28.880+0000] {processor.py:925} INFO - DAG(s) 'tutorial_dag' retrieved from /home/airflow/.local/lib/python3.12/site-packages/airflow/example_dags/tutorial_dag.py
[2024-12-17T21:13:28.898+0000] {logging_mixin.py:190} INFO - [2024-12-17T21:13:28.898+0000] {dag.py:3239} INFO - Sync 1 DAGs
[2024-12-17T21:13:28.912+0000] {logging_mixin.py:190} INFO - [2024-12-17T21:13:28.912+0000] {dag.py:4180} INFO - Setting next_dagrun for tutorial_dag to None, run_after=None
[2024-12-17T21:13:28.937+0000] {processor.py:208} INFO - Processing /home/airflow/.local/lib/python3.12/site-packages/airflow/example_dags/tutorial_dag.py took 0.071 seconds
[2024-12-17T21:13:59.038+0000] {processor.py:186} INFO - Started process (PID=1685) to work on /home/airflow/.local/lib/python3.12/site-packages/airflow/example_dags/tutorial_dag.py
[2024-12-17T21:13:59.039+0000] {processor.py:914} INFO - Processing file /home/airflow/.local/lib/python3.12/site-packages/airflow/example_dags/tutorial_dag.py for tasks to queue
[2024-12-17T21:13:59.040+0000] {logging_mixin.py:190} INFO - [2024-12-17T21:13:59.040+0000] {dagbag.py:588} INFO - Filling up the DagBag from /home/airflow/.local/lib/python3.12/site-packages/airflow/example_dags/tutorial_dag.py
[2024-12-17T21:13:59.047+0000] {processor.py:925} INFO - DAG(s) 'tutorial_dag' retrieved from /home/airflow/.local/lib/python3.12/site-packages/airflow/example_dags/tutorial_dag.py
[2024-12-17T21:13:59.065+0000] {logging_mixin.py:190} INFO - [2024-12-17T21:13:59.065+0000] {dag.py:3239} INFO - Sync 1 DAGs
[2024-12-17T21:13:59.080+0000] {logging_mixin.py:190} INFO - [2024-12-17T21:13:59.079+0000] {dag.py:4180} INFO - Setting next_dagrun for tutorial_dag to None, run_after=None
[2024-12-17T21:13:59.104+0000] {processor.py:208} INFO - Processing /home/airflow/.local/lib/python3.12/site-packages/airflow/example_dags/tutorial_dag.py took 0.071 seconds
[2024-12-17T21:14:29.162+0000] {processor.py:186} INFO - Started process (PID=1748) to work on /home/airflow/.local/lib/python3.12/site-packages/airflow/example_dags/tutorial_dag.py
[2024-12-17T21:14:29.163+0000] {processor.py:914} INFO - Processing file /home/airflow/.local/lib/python3.12/site-packages/airflow/example_dags/tutorial_dag.py for tasks to queue
[2024-12-17T21:14:29.164+0000] {logging_mixin.py:190} INFO - [2024-12-17T21:14:29.164+0000] {dagbag.py:588} INFO - Filling up the DagBag from /home/airflow/.local/lib/python3.12/site-packages/airflow/example_dags/tutorial_dag.py
[2024-12-17T21:14:29.171+0000] {processor.py:925} INFO - DAG(s) 'tutorial_dag' retrieved from /home/airflow/.local/lib/python3.12/site-packages/airflow/example_dags/tutorial_dag.py
[2024-12-17T21:14:29.189+0000] {logging_mixin.py:190} INFO - [2024-12-17T21:14:29.189+0000] {dag.py:3239} INFO - Sync 1 DAGs
[2024-12-17T21:14:29.203+0000] {logging_mixin.py:190} INFO - [2024-12-17T21:14:29.203+0000] {dag.py:4180} INFO - Setting next_dagrun for tutorial_dag to None, run_after=None
[2024-12-17T21:14:29.227+0000] {processor.py:208} INFO - Processing /home/airflow/.local/lib/python3.12/site-packages/airflow/example_dags/tutorial_dag.py took 0.071 seconds
[2024-12-17T21:14:59.387+0000] {processor.py:186} INFO - Started process (PID=1813) to work on /home/airflow/.local/lib/python3.12/site-packages/airflow/example_dags/tutorial_dag.py
[2024-12-17T21:14:59.388+0000] {processor.py:914} INFO - Processing file /home/airflow/.local/lib/python3.12/site-packages/airflow/example_dags/tutorial_dag.py for tasks to queue
[2024-12-17T21:14:59.389+0000] {logging_mixin.py:190} INFO - [2024-12-17T21:14:59.389+0000] {dagbag.py:588} INFO - Filling up the DagBag from /home/airflow/.local/lib/python3.12/site-packages/airflow/example_dags/tutorial_dag.py
[2024-12-17T21:14:59.397+0000] {processor.py:925} INFO - DAG(s) 'tutorial_dag' retrieved from /home/airflow/.local/lib/python3.12/site-packages/airflow/example_dags/tutorial_dag.py
[2024-12-17T21:14:59.420+0000] {logging_mixin.py:190} INFO - [2024-12-17T21:14:59.419+0000] {dag.py:3239} INFO - Sync 1 DAGs
[2024-12-17T21:14:59.437+0000] {logging_mixin.py:190} INFO - [2024-12-17T21:14:59.436+0000] {dag.py:4180} INFO - Setting next_dagrun for tutorial_dag to None, run_after=None
[2024-12-17T21:14:59.464+0000] {processor.py:208} INFO - Processing /home/airflow/.local/lib/python3.12/site-packages/airflow/example_dags/tutorial_dag.py took 0.083 seconds
[2024-12-17T21:15:29.749+0000] {processor.py:186} INFO - Started process (PID=1877) to work on /home/airflow/.local/lib/python3.12/site-packages/airflow/example_dags/tutorial_dag.py
[2024-12-17T21:15:29.751+0000] {processor.py:914} INFO - Processing file /home/airflow/.local/lib/python3.12/site-packages/airflow/example_dags/tutorial_dag.py for tasks to queue
[2024-12-17T21:15:29.752+0000] {logging_mixin.py:190} INFO - [2024-12-17T21:15:29.751+0000] {dagbag.py:588} INFO - Filling up the DagBag from /home/airflow/.local/lib/python3.12/site-packages/airflow/example_dags/tutorial_dag.py
[2024-12-17T21:15:29.759+0000] {processor.py:925} INFO - DAG(s) 'tutorial_dag' retrieved from /home/airflow/.local/lib/python3.12/site-packages/airflow/example_dags/tutorial_dag.py
[2024-12-17T21:15:29.778+0000] {logging_mixin.py:190} INFO - [2024-12-17T21:15:29.778+0000] {dag.py:3239} INFO - Sync 1 DAGs
[2024-12-17T21:15:29.799+0000] {logging_mixin.py:190} INFO - [2024-12-17T21:15:29.798+0000] {dag.py:4180} INFO - Setting next_dagrun for tutorial_dag to None, run_after=None
[2024-12-17T21:15:29.822+0000] {processor.py:208} INFO - Processing /home/airflow/.local/lib/python3.12/site-packages/airflow/example_dags/tutorial_dag.py took 0.078 seconds
[2024-12-17T21:16:00.087+0000] {processor.py:186} INFO - Started process (PID=1941) to work on /home/airflow/.local/lib/python3.12/site-packages/airflow/example_dags/tutorial_dag.py
[2024-12-17T21:16:00.088+0000] {processor.py:914} INFO - Processing file /home/airflow/.local/lib/python3.12/site-packages/airflow/example_dags/tutorial_dag.py for tasks to queue
[2024-12-17T21:16:00.090+0000] {logging_mixin.py:190} INFO - [2024-12-17T21:16:00.089+0000] {dagbag.py:588} INFO - Filling up the DagBag from /home/airflow/.local/lib/python3.12/site-packages/airflow/example_dags/tutorial_dag.py
[2024-12-17T21:16:00.097+0000] {processor.py:925} INFO - DAG(s) 'tutorial_dag' retrieved from /home/airflow/.local/lib/python3.12/site-packages/airflow/example_dags/tutorial_dag.py
[2024-12-17T21:16:00.115+0000] {logging_mixin.py:190} INFO - [2024-12-17T21:16:00.115+0000] {dag.py:3239} INFO - Sync 1 DAGs
[2024-12-17T21:16:00.129+0000] {logging_mixin.py:190} INFO - [2024-12-17T21:16:00.129+0000] {dag.py:4180} INFO - Setting next_dagrun for tutorial_dag to None, run_after=None
[2024-12-17T21:16:00.154+0000] {processor.py:208} INFO - Processing /home/airflow/.local/lib/python3.12/site-packages/airflow/example_dags/tutorial_dag.py took 0.072 seconds
[2024-12-17T21:16:30.404+0000] {processor.py:186} INFO - Started process (PID=2005) to work on /home/airflow/.local/lib/python3.12/site-packages/airflow/example_dags/tutorial_dag.py
[2024-12-17T21:16:30.405+0000] {processor.py:914} INFO - Processing file /home/airflow/.local/lib/python3.12/site-packages/airflow/example_dags/tutorial_dag.py for tasks to queue
[2024-12-17T21:16:30.407+0000] {logging_mixin.py:190} INFO - [2024-12-17T21:16:30.406+0000] {dagbag.py:588} INFO - Filling up the DagBag from /home/airflow/.local/lib/python3.12/site-packages/airflow/example_dags/tutorial_dag.py
[2024-12-17T21:16:30.414+0000] {processor.py:925} INFO - DAG(s) 'tutorial_dag' retrieved from /home/airflow/.local/lib/python3.12/site-packages/airflow/example_dags/tutorial_dag.py
[2024-12-17T21:16:30.435+0000] {logging_mixin.py:190} INFO - [2024-12-17T21:16:30.435+0000] {dag.py:3239} INFO - Sync 1 DAGs
[2024-12-17T21:16:30.452+0000] {logging_mixin.py:190} INFO - [2024-12-17T21:16:30.451+0000] {dag.py:4180} INFO - Setting next_dagrun for tutorial_dag to None, run_after=None
[2024-12-17T21:16:30.481+0000] {processor.py:208} INFO - Processing /home/airflow/.local/lib/python3.12/site-packages/airflow/example_dags/tutorial_dag.py took 0.082 seconds
[2024-12-17T21:17:01.090+0000] {processor.py:186} INFO - Started process (PID=2056) to work on /home/airflow/.local/lib/python3.12/site-packages/airflow/example_dags/tutorial_dag.py
[2024-12-17T21:17:01.092+0000] {processor.py:914} INFO - Processing file /home/airflow/.local/lib/python3.12/site-packages/airflow/example_dags/tutorial_dag.py for tasks to queue
[2024-12-17T21:17:01.094+0000] {logging_mixin.py:190} INFO - [2024-12-17T21:17:01.093+0000] {dagbag.py:588} INFO - Filling up the DagBag from /home/airflow/.local/lib/python3.12/site-packages/airflow/example_dags/tutorial_dag.py
[2024-12-17T21:17:01.102+0000] {processor.py:925} INFO - DAG(s) 'tutorial_dag' retrieved from /home/airflow/.local/lib/python3.12/site-packages/airflow/example_dags/tutorial_dag.py
[2024-12-17T21:17:01.125+0000] {logging_mixin.py:190} INFO - [2024-12-17T21:17:01.125+0000] {dag.py:3239} INFO - Sync 1 DAGs
[2024-12-17T21:17:01.146+0000] {logging_mixin.py:190} INFO - [2024-12-17T21:17:01.145+0000] {dag.py:4180} INFO - Setting next_dagrun for tutorial_dag to None, run_after=None
[2024-12-17T21:17:01.174+0000] {processor.py:208} INFO - Processing /home/airflow/.local/lib/python3.12/site-packages/airflow/example_dags/tutorial_dag.py took 0.090 seconds
[2024-12-17T21:17:31.845+0000] {processor.py:186} INFO - Started process (PID=2115) to work on /home/airflow/.local/lib/python3.12/site-packages/airflow/example_dags/tutorial_dag.py
[2024-12-17T21:17:31.847+0000] {processor.py:914} INFO - Processing file /home/airflow/.local/lib/python3.12/site-packages/airflow/example_dags/tutorial_dag.py for tasks to queue
[2024-12-17T21:17:31.848+0000] {logging_mixin.py:190} INFO - [2024-12-17T21:17:31.848+0000] {dagbag.py:588} INFO - Filling up the DagBag from /home/airflow/.local/lib/python3.12/site-packages/airflow/example_dags/tutorial_dag.py
[2024-12-17T21:17:31.856+0000] {processor.py:925} INFO - DAG(s) 'tutorial_dag' retrieved from /home/airflow/.local/lib/python3.12/site-packages/airflow/example_dags/tutorial_dag.py
[2024-12-17T21:17:31.875+0000] {logging_mixin.py:190} INFO - [2024-12-17T21:17:31.875+0000] {dag.py:3239} INFO - Sync 1 DAGs
[2024-12-17T21:17:31.892+0000] {logging_mixin.py:190} INFO - [2024-12-17T21:17:31.892+0000] {dag.py:4180} INFO - Setting next_dagrun for tutorial_dag to None, run_after=None
[2024-12-17T21:17:31.914+0000] {processor.py:208} INFO - Processing /home/airflow/.local/lib/python3.12/site-packages/airflow/example_dags/tutorial_dag.py took 0.074 seconds
