[2024-12-17T21:01:17.961+0000] {processor.py:186} INFO - Started process (PID=92) to work on /home/airflow/.local/lib/python3.12/site-packages/airflow/example_dags/tutorial.py
[2024-12-17T21:01:17.963+0000] {processor.py:914} INFO - Processing file /home/airflow/.local/lib/python3.12/site-packages/airflow/example_dags/tutorial.py for tasks to queue
[2024-12-17T21:01:17.967+0000] {logging_mixin.py:190} INFO - [2024-12-17T21:01:17.966+0000] {dagbag.py:588} INFO - Filling up the DagBag from /home/airflow/.local/lib/python3.12/site-packages/airflow/example_dags/tutorial.py
[2024-12-17T21:01:17.981+0000] {processor.py:925} INFO - DAG(s) 'tutorial' retrieved from /home/airflow/.local/lib/python3.12/site-packages/airflow/example_dags/tutorial.py
[2024-12-17T21:01:18.137+0000] {logging_mixin.py:190} INFO - [2024-12-17T21:01:18.136+0000] {override.py:1911} INFO - Created Permission View: can delete on DAG:tutorial
[2024-12-17T21:01:18.147+0000] {logging_mixin.py:190} INFO - [2024-12-17T21:01:18.147+0000] {override.py:1911} INFO - Created Permission View: can read on DAG:tutorial
[2024-12-17T21:01:18.153+0000] {logging_mixin.py:190} INFO - [2024-12-17T21:01:18.153+0000] {override.py:1911} INFO - Created Permission View: can edit on DAG:tutorial
[2024-12-17T21:01:18.160+0000] {logging_mixin.py:190} INFO - [2024-12-17T21:01:18.160+0000] {override.py:1911} INFO - Created Permission View: can create on DAG Run:tutorial
[2024-12-17T21:01:18.167+0000] {logging_mixin.py:190} INFO - [2024-12-17T21:01:18.167+0000] {override.py:1911} INFO - Created Permission View: menu access on DAG Run:tutorial
[2024-12-17T21:01:18.173+0000] {logging_mixin.py:190} INFO - [2024-12-17T21:01:18.173+0000] {override.py:1911} INFO - Created Permission View: can delete on DAG Run:tutorial
[2024-12-17T21:01:18.179+0000] {logging_mixin.py:190} INFO - [2024-12-17T21:01:18.178+0000] {override.py:1911} INFO - Created Permission View: can read on DAG Run:tutorial
[2024-12-17T21:01:18.179+0000] {logging_mixin.py:190} INFO - [2024-12-17T21:01:18.179+0000] {dag.py:3239} INFO - Sync 1 DAGs
[2024-12-17T21:01:18.192+0000] {logging_mixin.py:190} INFO - [2024-12-17T21:01:18.192+0000] {dag.py:3262} INFO - Creating ORM DAG for tutorial
[2024-12-17T21:01:18.202+0000] {logging_mixin.py:190} INFO - [2024-12-17T21:01:18.202+0000] {dag.py:4180} INFO - Setting next_dagrun for tutorial to 2024-12-16 00:00:00+00:00, run_after=2024-12-17 00:00:00+00:00
[2024-12-17T21:01:18.220+0000] {processor.py:208} INFO - Processing /home/airflow/.local/lib/python3.12/site-packages/airflow/example_dags/tutorial.py took 0.268 seconds
[2024-12-17T21:01:48.783+0000] {processor.py:186} INFO - Started process (PID=155) to work on /home/airflow/.local/lib/python3.12/site-packages/airflow/example_dags/tutorial.py
[2024-12-17T21:01:48.784+0000] {processor.py:914} INFO - Processing file /home/airflow/.local/lib/python3.12/site-packages/airflow/example_dags/tutorial.py for tasks to queue
[2024-12-17T21:01:48.788+0000] {logging_mixin.py:190} INFO - [2024-12-17T21:01:48.787+0000] {dagbag.py:588} INFO - Filling up the DagBag from /home/airflow/.local/lib/python3.12/site-packages/airflow/example_dags/tutorial.py
[2024-12-17T21:01:48.795+0000] {processor.py:925} INFO - DAG(s) 'tutorial' retrieved from /home/airflow/.local/lib/python3.12/site-packages/airflow/example_dags/tutorial.py
[2024-12-17T21:01:48.815+0000] {logging_mixin.py:190} INFO - [2024-12-17T21:01:48.815+0000] {dag.py:3239} INFO - Sync 1 DAGs
[2024-12-17T21:01:48.840+0000] {logging_mixin.py:190} INFO - [2024-12-17T21:01:48.840+0000] {dag.py:4180} INFO - Setting next_dagrun for tutorial to 2024-12-16 00:00:00+00:00, run_after=2024-12-17 00:00:00+00:00
[2024-12-17T21:01:48.857+0000] {processor.py:208} INFO - Processing /home/airflow/.local/lib/python3.12/site-packages/airflow/example_dags/tutorial.py took 0.080 seconds
[2024-12-17T21:02:19.096+0000] {processor.py:186} INFO - Started process (PID=220) to work on /home/airflow/.local/lib/python3.12/site-packages/airflow/example_dags/tutorial.py
[2024-12-17T21:02:19.097+0000] {processor.py:914} INFO - Processing file /home/airflow/.local/lib/python3.12/site-packages/airflow/example_dags/tutorial.py for tasks to queue
[2024-12-17T21:02:19.100+0000] {logging_mixin.py:190} INFO - [2024-12-17T21:02:19.100+0000] {dagbag.py:588} INFO - Filling up the DagBag from /home/airflow/.local/lib/python3.12/site-packages/airflow/example_dags/tutorial.py
[2024-12-17T21:02:19.110+0000] {processor.py:925} INFO - DAG(s) 'tutorial' retrieved from /home/airflow/.local/lib/python3.12/site-packages/airflow/example_dags/tutorial.py
[2024-12-17T21:02:19.129+0000] {logging_mixin.py:190} INFO - [2024-12-17T21:02:19.129+0000] {dag.py:3239} INFO - Sync 1 DAGs
[2024-12-17T21:02:19.151+0000] {logging_mixin.py:190} INFO - [2024-12-17T21:02:19.151+0000] {dag.py:4180} INFO - Setting next_dagrun for tutorial to 2024-12-16 00:00:00+00:00, run_after=2024-12-17 00:00:00+00:00
[2024-12-17T21:02:19.171+0000] {processor.py:208} INFO - Processing /home/airflow/.local/lib/python3.12/site-packages/airflow/example_dags/tutorial.py took 0.081 seconds
[2024-12-17T21:02:49.430+0000] {processor.py:186} INFO - Started process (PID=284) to work on /home/airflow/.local/lib/python3.12/site-packages/airflow/example_dags/tutorial.py
[2024-12-17T21:02:49.431+0000] {processor.py:914} INFO - Processing file /home/airflow/.local/lib/python3.12/site-packages/airflow/example_dags/tutorial.py for tasks to queue
[2024-12-17T21:02:49.434+0000] {logging_mixin.py:190} INFO - [2024-12-17T21:02:49.434+0000] {dagbag.py:588} INFO - Filling up the DagBag from /home/airflow/.local/lib/python3.12/site-packages/airflow/example_dags/tutorial.py
[2024-12-17T21:02:49.445+0000] {processor.py:925} INFO - DAG(s) 'tutorial' retrieved from /home/airflow/.local/lib/python3.12/site-packages/airflow/example_dags/tutorial.py
[2024-12-17T21:02:49.466+0000] {logging_mixin.py:190} INFO - [2024-12-17T21:02:49.466+0000] {dag.py:3239} INFO - Sync 1 DAGs
[2024-12-17T21:02:49.488+0000] {logging_mixin.py:190} INFO - [2024-12-17T21:02:49.488+0000] {dag.py:4180} INFO - Setting next_dagrun for tutorial to 2024-12-16 00:00:00+00:00, run_after=2024-12-17 00:00:00+00:00
[2024-12-17T21:02:49.511+0000] {processor.py:208} INFO - Processing /home/airflow/.local/lib/python3.12/site-packages/airflow/example_dags/tutorial.py took 0.086 seconds
[2024-12-17T21:03:19.638+0000] {processor.py:186} INFO - Started process (PID=348) to work on /home/airflow/.local/lib/python3.12/site-packages/airflow/example_dags/tutorial.py
[2024-12-17T21:03:19.639+0000] {processor.py:914} INFO - Processing file /home/airflow/.local/lib/python3.12/site-packages/airflow/example_dags/tutorial.py for tasks to queue
[2024-12-17T21:03:19.642+0000] {logging_mixin.py:190} INFO - [2024-12-17T21:03:19.641+0000] {dagbag.py:588} INFO - Filling up the DagBag from /home/airflow/.local/lib/python3.12/site-packages/airflow/example_dags/tutorial.py
[2024-12-17T21:03:19.649+0000] {processor.py:925} INFO - DAG(s) 'tutorial' retrieved from /home/airflow/.local/lib/python3.12/site-packages/airflow/example_dags/tutorial.py
[2024-12-17T21:03:19.669+0000] {logging_mixin.py:190} INFO - [2024-12-17T21:03:19.668+0000] {dag.py:3239} INFO - Sync 1 DAGs
[2024-12-17T21:03:19.694+0000] {logging_mixin.py:190} INFO - [2024-12-17T21:03:19.694+0000] {dag.py:4180} INFO - Setting next_dagrun for tutorial to 2024-12-16 00:00:00+00:00, run_after=2024-12-17 00:00:00+00:00
[2024-12-17T21:03:19.713+0000] {processor.py:208} INFO - Processing /home/airflow/.local/lib/python3.12/site-packages/airflow/example_dags/tutorial.py took 0.080 seconds
[2024-12-17T21:03:50.087+0000] {processor.py:186} INFO - Started process (PID=412) to work on /home/airflow/.local/lib/python3.12/site-packages/airflow/example_dags/tutorial.py
[2024-12-17T21:03:50.089+0000] {processor.py:914} INFO - Processing file /home/airflow/.local/lib/python3.12/site-packages/airflow/example_dags/tutorial.py for tasks to queue
[2024-12-17T21:03:50.091+0000] {logging_mixin.py:190} INFO - [2024-12-17T21:03:50.091+0000] {dagbag.py:588} INFO - Filling up the DagBag from /home/airflow/.local/lib/python3.12/site-packages/airflow/example_dags/tutorial.py
[2024-12-17T21:03:50.098+0000] {processor.py:925} INFO - DAG(s) 'tutorial' retrieved from /home/airflow/.local/lib/python3.12/site-packages/airflow/example_dags/tutorial.py
[2024-12-17T21:03:50.117+0000] {logging_mixin.py:190} INFO - [2024-12-17T21:03:50.116+0000] {dag.py:3239} INFO - Sync 1 DAGs
[2024-12-17T21:03:50.138+0000] {logging_mixin.py:190} INFO - [2024-12-17T21:03:50.138+0000] {dag.py:4180} INFO - Setting next_dagrun for tutorial to 2024-12-16 00:00:00+00:00, run_after=2024-12-17 00:00:00+00:00
[2024-12-17T21:03:50.158+0000] {processor.py:208} INFO - Processing /home/airflow/.local/lib/python3.12/site-packages/airflow/example_dags/tutorial.py took 0.076 seconds
[2024-12-17T21:04:21.006+0000] {processor.py:186} INFO - Started process (PID=476) to work on /home/airflow/.local/lib/python3.12/site-packages/airflow/example_dags/tutorial.py
[2024-12-17T21:04:21.012+0000] {processor.py:914} INFO - Processing file /home/airflow/.local/lib/python3.12/site-packages/airflow/example_dags/tutorial.py for tasks to queue
[2024-12-17T21:04:21.014+0000] {logging_mixin.py:190} INFO - [2024-12-17T21:04:21.014+0000] {dagbag.py:588} INFO - Filling up the DagBag from /home/airflow/.local/lib/python3.12/site-packages/airflow/example_dags/tutorial.py
[2024-12-17T21:04:21.022+0000] {processor.py:925} INFO - DAG(s) 'tutorial' retrieved from /home/airflow/.local/lib/python3.12/site-packages/airflow/example_dags/tutorial.py
[2024-12-17T21:04:21.043+0000] {logging_mixin.py:190} INFO - [2024-12-17T21:04:21.042+0000] {dag.py:3239} INFO - Sync 1 DAGs
[2024-12-17T21:04:21.066+0000] {logging_mixin.py:190} INFO - [2024-12-17T21:04:21.065+0000] {dag.py:4180} INFO - Setting next_dagrun for tutorial to 2024-12-16 00:00:00+00:00, run_after=2024-12-17 00:00:00+00:00
[2024-12-17T21:04:21.083+0000] {processor.py:208} INFO - Processing /home/airflow/.local/lib/python3.12/site-packages/airflow/example_dags/tutorial.py took 0.082 seconds
[2024-12-17T21:04:51.516+0000] {processor.py:186} INFO - Started process (PID=540) to work on /home/airflow/.local/lib/python3.12/site-packages/airflow/example_dags/tutorial.py
[2024-12-17T21:04:51.517+0000] {processor.py:914} INFO - Processing file /home/airflow/.local/lib/python3.12/site-packages/airflow/example_dags/tutorial.py for tasks to queue
[2024-12-17T21:04:51.518+0000] {logging_mixin.py:190} INFO - [2024-12-17T21:04:51.518+0000] {dagbag.py:588} INFO - Filling up the DagBag from /home/airflow/.local/lib/python3.12/site-packages/airflow/example_dags/tutorial.py
[2024-12-17T21:04:51.530+0000] {processor.py:925} INFO - DAG(s) 'tutorial' retrieved from /home/airflow/.local/lib/python3.12/site-packages/airflow/example_dags/tutorial.py
[2024-12-17T21:04:51.552+0000] {logging_mixin.py:190} INFO - [2024-12-17T21:04:51.552+0000] {dag.py:3239} INFO - Sync 1 DAGs
[2024-12-17T21:04:51.583+0000] {logging_mixin.py:190} INFO - [2024-12-17T21:04:51.583+0000] {dag.py:4180} INFO - Setting next_dagrun for tutorial to 2024-12-16 00:00:00+00:00, run_after=2024-12-17 00:00:00+00:00
[2024-12-17T21:04:51.610+0000] {processor.py:208} INFO - Processing /home/airflow/.local/lib/python3.12/site-packages/airflow/example_dags/tutorial.py took 0.100 seconds
[2024-12-17T21:05:21.733+0000] {processor.py:186} INFO - Started process (PID=604) to work on /home/airflow/.local/lib/python3.12/site-packages/airflow/example_dags/tutorial.py
[2024-12-17T21:05:21.734+0000] {processor.py:914} INFO - Processing file /home/airflow/.local/lib/python3.12/site-packages/airflow/example_dags/tutorial.py for tasks to queue
[2024-12-17T21:05:21.735+0000] {logging_mixin.py:190} INFO - [2024-12-17T21:05:21.735+0000] {dagbag.py:588} INFO - Filling up the DagBag from /home/airflow/.local/lib/python3.12/site-packages/airflow/example_dags/tutorial.py
[2024-12-17T21:05:21.743+0000] {processor.py:925} INFO - DAG(s) 'tutorial' retrieved from /home/airflow/.local/lib/python3.12/site-packages/airflow/example_dags/tutorial.py
[2024-12-17T21:05:21.762+0000] {logging_mixin.py:190} INFO - [2024-12-17T21:05:21.761+0000] {dag.py:3239} INFO - Sync 1 DAGs
[2024-12-17T21:05:21.783+0000] {logging_mixin.py:190} INFO - [2024-12-17T21:05:21.783+0000] {dag.py:4180} INFO - Setting next_dagrun for tutorial to 2024-12-16 00:00:00+00:00, run_after=2024-12-17 00:00:00+00:00
[2024-12-17T21:05:21.803+0000] {processor.py:208} INFO - Processing /home/airflow/.local/lib/python3.12/site-packages/airflow/example_dags/tutorial.py took 0.076 seconds
[2024-12-17T21:05:52.276+0000] {processor.py:186} INFO - Started process (PID=668) to work on /home/airflow/.local/lib/python3.12/site-packages/airflow/example_dags/tutorial.py
[2024-12-17T21:05:52.278+0000] {processor.py:914} INFO - Processing file /home/airflow/.local/lib/python3.12/site-packages/airflow/example_dags/tutorial.py for tasks to queue
[2024-12-17T21:05:52.279+0000] {logging_mixin.py:190} INFO - [2024-12-17T21:05:52.279+0000] {dagbag.py:588} INFO - Filling up the DagBag from /home/airflow/.local/lib/python3.12/site-packages/airflow/example_dags/tutorial.py
[2024-12-17T21:05:52.287+0000] {processor.py:925} INFO - DAG(s) 'tutorial' retrieved from /home/airflow/.local/lib/python3.12/site-packages/airflow/example_dags/tutorial.py
[2024-12-17T21:05:52.306+0000] {logging_mixin.py:190} INFO - [2024-12-17T21:05:52.306+0000] {dag.py:3239} INFO - Sync 1 DAGs
[2024-12-17T21:05:52.329+0000] {logging_mixin.py:190} INFO - [2024-12-17T21:05:52.328+0000] {dag.py:4180} INFO - Setting next_dagrun for tutorial to 2024-12-16 00:00:00+00:00, run_after=2024-12-17 00:00:00+00:00
[2024-12-17T21:05:52.349+0000] {processor.py:208} INFO - Processing /home/airflow/.local/lib/python3.12/site-packages/airflow/example_dags/tutorial.py took 0.078 seconds
[2024-12-17T21:06:22.985+0000] {processor.py:186} INFO - Started process (PID=732) to work on /home/airflow/.local/lib/python3.12/site-packages/airflow/example_dags/tutorial.py
[2024-12-17T21:06:22.986+0000] {processor.py:914} INFO - Processing file /home/airflow/.local/lib/python3.12/site-packages/airflow/example_dags/tutorial.py for tasks to queue
[2024-12-17T21:06:22.987+0000] {logging_mixin.py:190} INFO - [2024-12-17T21:06:22.987+0000] {dagbag.py:588} INFO - Filling up the DagBag from /home/airflow/.local/lib/python3.12/site-packages/airflow/example_dags/tutorial.py
[2024-12-17T21:06:22.995+0000] {processor.py:925} INFO - DAG(s) 'tutorial' retrieved from /home/airflow/.local/lib/python3.12/site-packages/airflow/example_dags/tutorial.py
[2024-12-17T21:06:23.013+0000] {logging_mixin.py:190} INFO - [2024-12-17T21:06:23.013+0000] {dag.py:3239} INFO - Sync 1 DAGs
[2024-12-17T21:06:23.035+0000] {logging_mixin.py:190} INFO - [2024-12-17T21:06:23.035+0000] {dag.py:4180} INFO - Setting next_dagrun for tutorial to 2024-12-16 00:00:00+00:00, run_after=2024-12-17 00:00:00+00:00
[2024-12-17T21:06:23.055+0000] {processor.py:208} INFO - Processing /home/airflow/.local/lib/python3.12/site-packages/airflow/example_dags/tutorial.py took 0.077 seconds
[2024-12-17T21:06:53.262+0000] {processor.py:186} INFO - Started process (PID=796) to work on /home/airflow/.local/lib/python3.12/site-packages/airflow/example_dags/tutorial.py
[2024-12-17T21:06:53.263+0000] {processor.py:914} INFO - Processing file /home/airflow/.local/lib/python3.12/site-packages/airflow/example_dags/tutorial.py for tasks to queue
[2024-12-17T21:06:53.264+0000] {logging_mixin.py:190} INFO - [2024-12-17T21:06:53.264+0000] {dagbag.py:588} INFO - Filling up the DagBag from /home/airflow/.local/lib/python3.12/site-packages/airflow/example_dags/tutorial.py
[2024-12-17T21:06:53.272+0000] {processor.py:925} INFO - DAG(s) 'tutorial' retrieved from /home/airflow/.local/lib/python3.12/site-packages/airflow/example_dags/tutorial.py
[2024-12-17T21:06:53.294+0000] {logging_mixin.py:190} INFO - [2024-12-17T21:06:53.294+0000] {dag.py:3239} INFO - Sync 1 DAGs
[2024-12-17T21:06:53.318+0000] {logging_mixin.py:190} INFO - [2024-12-17T21:06:53.318+0000] {dag.py:4180} INFO - Setting next_dagrun for tutorial to 2024-12-16 00:00:00+00:00, run_after=2024-12-17 00:00:00+00:00
[2024-12-17T21:06:53.337+0000] {processor.py:208} INFO - Processing /home/airflow/.local/lib/python3.12/site-packages/airflow/example_dags/tutorial.py took 0.082 seconds
[2024-12-17T21:07:23.971+0000] {processor.py:186} INFO - Started process (PID=860) to work on /home/airflow/.local/lib/python3.12/site-packages/airflow/example_dags/tutorial.py
[2024-12-17T21:07:23.972+0000] {processor.py:914} INFO - Processing file /home/airflow/.local/lib/python3.12/site-packages/airflow/example_dags/tutorial.py for tasks to queue
[2024-12-17T21:07:23.974+0000] {logging_mixin.py:190} INFO - [2024-12-17T21:07:23.973+0000] {dagbag.py:588} INFO - Filling up the DagBag from /home/airflow/.local/lib/python3.12/site-packages/airflow/example_dags/tutorial.py
[2024-12-17T21:07:23.983+0000] {processor.py:925} INFO - DAG(s) 'tutorial' retrieved from /home/airflow/.local/lib/python3.12/site-packages/airflow/example_dags/tutorial.py
[2024-12-17T21:07:24.002+0000] {logging_mixin.py:190} INFO - [2024-12-17T21:07:24.002+0000] {dag.py:3239} INFO - Sync 1 DAGs
[2024-12-17T21:07:24.028+0000] {logging_mixin.py:190} INFO - [2024-12-17T21:07:24.027+0000] {dag.py:4180} INFO - Setting next_dagrun for tutorial to 2024-12-16 00:00:00+00:00, run_after=2024-12-17 00:00:00+00:00
[2024-12-17T21:07:24.052+0000] {processor.py:208} INFO - Processing /home/airflow/.local/lib/python3.12/site-packages/airflow/example_dags/tutorial.py took 0.087 seconds
[2024-12-17T21:07:54.917+0000] {processor.py:186} INFO - Started process (PID=924) to work on /home/airflow/.local/lib/python3.12/site-packages/airflow/example_dags/tutorial.py
[2024-12-17T21:07:54.918+0000] {processor.py:914} INFO - Processing file /home/airflow/.local/lib/python3.12/site-packages/airflow/example_dags/tutorial.py for tasks to queue
[2024-12-17T21:07:54.919+0000] {logging_mixin.py:190} INFO - [2024-12-17T21:07:54.919+0000] {dagbag.py:588} INFO - Filling up the DagBag from /home/airflow/.local/lib/python3.12/site-packages/airflow/example_dags/tutorial.py
[2024-12-17T21:07:54.927+0000] {processor.py:925} INFO - DAG(s) 'tutorial' retrieved from /home/airflow/.local/lib/python3.12/site-packages/airflow/example_dags/tutorial.py
[2024-12-17T21:07:54.946+0000] {logging_mixin.py:190} INFO - [2024-12-17T21:07:54.945+0000] {dag.py:3239} INFO - Sync 1 DAGs
[2024-12-17T21:07:54.967+0000] {logging_mixin.py:190} INFO - [2024-12-17T21:07:54.967+0000] {dag.py:4180} INFO - Setting next_dagrun for tutorial to 2024-12-16 00:00:00+00:00, run_after=2024-12-17 00:00:00+00:00
[2024-12-17T21:07:54.987+0000] {processor.py:208} INFO - Processing /home/airflow/.local/lib/python3.12/site-packages/airflow/example_dags/tutorial.py took 0.076 seconds
[2024-12-17T21:08:25.512+0000] {processor.py:186} INFO - Started process (PID=988) to work on /home/airflow/.local/lib/python3.12/site-packages/airflow/example_dags/tutorial.py
[2024-12-17T21:08:25.513+0000] {processor.py:914} INFO - Processing file /home/airflow/.local/lib/python3.12/site-packages/airflow/example_dags/tutorial.py for tasks to queue
[2024-12-17T21:08:25.514+0000] {logging_mixin.py:190} INFO - [2024-12-17T21:08:25.514+0000] {dagbag.py:588} INFO - Filling up the DagBag from /home/airflow/.local/lib/python3.12/site-packages/airflow/example_dags/tutorial.py
[2024-12-17T21:08:25.523+0000] {processor.py:925} INFO - DAG(s) 'tutorial' retrieved from /home/airflow/.local/lib/python3.12/site-packages/airflow/example_dags/tutorial.py
[2024-12-17T21:08:25.543+0000] {logging_mixin.py:190} INFO - [2024-12-17T21:08:25.543+0000] {dag.py:3239} INFO - Sync 1 DAGs
[2024-12-17T21:08:25.565+0000] {logging_mixin.py:190} INFO - [2024-12-17T21:08:25.565+0000] {dag.py:4180} INFO - Setting next_dagrun for tutorial to 2024-12-16 00:00:00+00:00, run_after=2024-12-17 00:00:00+00:00
[2024-12-17T21:08:25.586+0000] {processor.py:208} INFO - Processing /home/airflow/.local/lib/python3.12/site-packages/airflow/example_dags/tutorial.py took 0.079 seconds
[2024-12-17T21:08:56.151+0000] {processor.py:186} INFO - Started process (PID=1052) to work on /home/airflow/.local/lib/python3.12/site-packages/airflow/example_dags/tutorial.py
[2024-12-17T21:08:56.152+0000] {processor.py:914} INFO - Processing file /home/airflow/.local/lib/python3.12/site-packages/airflow/example_dags/tutorial.py for tasks to queue
[2024-12-17T21:08:56.153+0000] {logging_mixin.py:190} INFO - [2024-12-17T21:08:56.153+0000] {dagbag.py:588} INFO - Filling up the DagBag from /home/airflow/.local/lib/python3.12/site-packages/airflow/example_dags/tutorial.py
[2024-12-17T21:08:56.161+0000] {processor.py:925} INFO - DAG(s) 'tutorial' retrieved from /home/airflow/.local/lib/python3.12/site-packages/airflow/example_dags/tutorial.py
[2024-12-17T21:08:56.179+0000] {logging_mixin.py:190} INFO - [2024-12-17T21:08:56.179+0000] {dag.py:3239} INFO - Sync 1 DAGs
[2024-12-17T21:08:56.201+0000] {logging_mixin.py:190} INFO - [2024-12-17T21:08:56.201+0000] {dag.py:4180} INFO - Setting next_dagrun for tutorial to 2024-12-16 00:00:00+00:00, run_after=2024-12-17 00:00:00+00:00
[2024-12-17T21:08:56.222+0000] {processor.py:208} INFO - Processing /home/airflow/.local/lib/python3.12/site-packages/airflow/example_dags/tutorial.py took 0.076 seconds
[2024-12-17T21:09:26.805+0000] {processor.py:186} INFO - Started process (PID=1117) to work on /home/airflow/.local/lib/python3.12/site-packages/airflow/example_dags/tutorial.py
[2024-12-17T21:09:26.806+0000] {processor.py:914} INFO - Processing file /home/airflow/.local/lib/python3.12/site-packages/airflow/example_dags/tutorial.py for tasks to queue
[2024-12-17T21:09:26.808+0000] {logging_mixin.py:190} INFO - [2024-12-17T21:09:26.807+0000] {dagbag.py:588} INFO - Filling up the DagBag from /home/airflow/.local/lib/python3.12/site-packages/airflow/example_dags/tutorial.py
[2024-12-17T21:09:26.816+0000] {processor.py:925} INFO - DAG(s) 'tutorial' retrieved from /home/airflow/.local/lib/python3.12/site-packages/airflow/example_dags/tutorial.py
[2024-12-17T21:09:26.834+0000] {logging_mixin.py:190} INFO - [2024-12-17T21:09:26.834+0000] {dag.py:3239} INFO - Sync 1 DAGs
[2024-12-17T21:09:26.855+0000] {logging_mixin.py:190} INFO - [2024-12-17T21:09:26.855+0000] {dag.py:4180} INFO - Setting next_dagrun for tutorial to 2024-12-16 00:00:00+00:00, run_after=2024-12-17 00:00:00+00:00
[2024-12-17T21:09:26.877+0000] {processor.py:208} INFO - Processing /home/airflow/.local/lib/python3.12/site-packages/airflow/example_dags/tutorial.py took 0.076 seconds
[2024-12-17T21:09:57.389+0000] {processor.py:186} INFO - Started process (PID=1181) to work on /home/airflow/.local/lib/python3.12/site-packages/airflow/example_dags/tutorial.py
[2024-12-17T21:09:57.390+0000] {processor.py:914} INFO - Processing file /home/airflow/.local/lib/python3.12/site-packages/airflow/example_dags/tutorial.py for tasks to queue
[2024-12-17T21:09:57.392+0000] {logging_mixin.py:190} INFO - [2024-12-17T21:09:57.391+0000] {dagbag.py:588} INFO - Filling up the DagBag from /home/airflow/.local/lib/python3.12/site-packages/airflow/example_dags/tutorial.py
[2024-12-17T21:09:57.400+0000] {processor.py:925} INFO - DAG(s) 'tutorial' retrieved from /home/airflow/.local/lib/python3.12/site-packages/airflow/example_dags/tutorial.py
[2024-12-17T21:09:57.419+0000] {logging_mixin.py:190} INFO - [2024-12-17T21:09:57.419+0000] {dag.py:3239} INFO - Sync 1 DAGs
[2024-12-17T21:09:57.440+0000] {logging_mixin.py:190} INFO - [2024-12-17T21:09:57.440+0000] {dag.py:4180} INFO - Setting next_dagrun for tutorial to 2024-12-16 00:00:00+00:00, run_after=2024-12-17 00:00:00+00:00
[2024-12-17T21:09:57.461+0000] {processor.py:208} INFO - Processing /home/airflow/.local/lib/python3.12/site-packages/airflow/example_dags/tutorial.py took 0.078 seconds
[2024-12-17T21:10:27.701+0000] {processor.py:186} INFO - Started process (PID=1245) to work on /home/airflow/.local/lib/python3.12/site-packages/airflow/example_dags/tutorial.py
[2024-12-17T21:10:27.702+0000] {processor.py:914} INFO - Processing file /home/airflow/.local/lib/python3.12/site-packages/airflow/example_dags/tutorial.py for tasks to queue
[2024-12-17T21:10:27.703+0000] {logging_mixin.py:190} INFO - [2024-12-17T21:10:27.703+0000] {dagbag.py:588} INFO - Filling up the DagBag from /home/airflow/.local/lib/python3.12/site-packages/airflow/example_dags/tutorial.py
[2024-12-17T21:10:27.712+0000] {processor.py:925} INFO - DAG(s) 'tutorial' retrieved from /home/airflow/.local/lib/python3.12/site-packages/airflow/example_dags/tutorial.py
[2024-12-17T21:10:27.737+0000] {logging_mixin.py:190} INFO - [2024-12-17T21:10:27.736+0000] {dag.py:3239} INFO - Sync 1 DAGs
[2024-12-17T21:10:27.771+0000] {logging_mixin.py:190} INFO - [2024-12-17T21:10:27.771+0000] {dag.py:4180} INFO - Setting next_dagrun for tutorial to 2024-12-16 00:00:00+00:00, run_after=2024-12-17 00:00:00+00:00
[2024-12-17T21:10:27.790+0000] {processor.py:208} INFO - Processing /home/airflow/.local/lib/python3.12/site-packages/airflow/example_dags/tutorial.py took 0.095 seconds
[2024-12-17T21:10:58.789+0000] {processor.py:186} INFO - Started process (PID=1309) to work on /home/airflow/.local/lib/python3.12/site-packages/airflow/example_dags/tutorial.py
[2024-12-17T21:10:58.789+0000] {processor.py:914} INFO - Processing file /home/airflow/.local/lib/python3.12/site-packages/airflow/example_dags/tutorial.py for tasks to queue
[2024-12-17T21:10:58.791+0000] {logging_mixin.py:190} INFO - [2024-12-17T21:10:58.790+0000] {dagbag.py:588} INFO - Filling up the DagBag from /home/airflow/.local/lib/python3.12/site-packages/airflow/example_dags/tutorial.py
[2024-12-17T21:10:58.799+0000] {processor.py:925} INFO - DAG(s) 'tutorial' retrieved from /home/airflow/.local/lib/python3.12/site-packages/airflow/example_dags/tutorial.py
[2024-12-17T21:10:58.819+0000] {logging_mixin.py:190} INFO - [2024-12-17T21:10:58.819+0000] {dag.py:3239} INFO - Sync 1 DAGs
[2024-12-17T21:10:58.842+0000] {logging_mixin.py:190} INFO - [2024-12-17T21:10:58.842+0000] {dag.py:4180} INFO - Setting next_dagrun for tutorial to 2024-12-16 00:00:00+00:00, run_after=2024-12-17 00:00:00+00:00
[2024-12-17T21:10:58.863+0000] {processor.py:208} INFO - Processing /home/airflow/.local/lib/python3.12/site-packages/airflow/example_dags/tutorial.py took 0.080 seconds
[2024-12-17T21:11:29.003+0000] {processor.py:186} INFO - Started process (PID=1373) to work on /home/airflow/.local/lib/python3.12/site-packages/airflow/example_dags/tutorial.py
[2024-12-17T21:11:29.004+0000] {processor.py:914} INFO - Processing file /home/airflow/.local/lib/python3.12/site-packages/airflow/example_dags/tutorial.py for tasks to queue
[2024-12-17T21:11:29.006+0000] {logging_mixin.py:190} INFO - [2024-12-17T21:11:29.005+0000] {dagbag.py:588} INFO - Filling up the DagBag from /home/airflow/.local/lib/python3.12/site-packages/airflow/example_dags/tutorial.py
[2024-12-17T21:11:29.017+0000] {processor.py:925} INFO - DAG(s) 'tutorial' retrieved from /home/airflow/.local/lib/python3.12/site-packages/airflow/example_dags/tutorial.py
[2024-12-17T21:11:29.040+0000] {logging_mixin.py:190} INFO - [2024-12-17T21:11:29.040+0000] {dag.py:3239} INFO - Sync 1 DAGs
[2024-12-17T21:11:29.069+0000] {logging_mixin.py:190} INFO - [2024-12-17T21:11:29.069+0000] {dag.py:4180} INFO - Setting next_dagrun for tutorial to 2024-12-16 00:00:00+00:00, run_after=2024-12-17 00:00:00+00:00
[2024-12-17T21:11:29.092+0000] {processor.py:208} INFO - Processing /home/airflow/.local/lib/python3.12/site-packages/airflow/example_dags/tutorial.py took 0.095 seconds
[2024-12-17T21:11:59.275+0000] {processor.py:186} INFO - Started process (PID=1437) to work on /home/airflow/.local/lib/python3.12/site-packages/airflow/example_dags/tutorial.py
[2024-12-17T21:11:59.276+0000] {processor.py:914} INFO - Processing file /home/airflow/.local/lib/python3.12/site-packages/airflow/example_dags/tutorial.py for tasks to queue
[2024-12-17T21:11:59.277+0000] {logging_mixin.py:190} INFO - [2024-12-17T21:11:59.277+0000] {dagbag.py:588} INFO - Filling up the DagBag from /home/airflow/.local/lib/python3.12/site-packages/airflow/example_dags/tutorial.py
[2024-12-17T21:11:59.286+0000] {processor.py:925} INFO - DAG(s) 'tutorial' retrieved from /home/airflow/.local/lib/python3.12/site-packages/airflow/example_dags/tutorial.py
[2024-12-17T21:11:59.309+0000] {logging_mixin.py:190} INFO - [2024-12-17T21:11:59.309+0000] {dag.py:3239} INFO - Sync 1 DAGs
[2024-12-17T21:11:59.334+0000] {logging_mixin.py:190} INFO - [2024-12-17T21:11:59.334+0000] {dag.py:4180} INFO - Setting next_dagrun for tutorial to 2024-12-16 00:00:00+00:00, run_after=2024-12-17 00:00:00+00:00
[2024-12-17T21:11:59.354+0000] {processor.py:208} INFO - Processing /home/airflow/.local/lib/python3.12/site-packages/airflow/example_dags/tutorial.py took 0.084 seconds
[2024-12-17T21:12:29.564+0000] {processor.py:186} INFO - Started process (PID=1501) to work on /home/airflow/.local/lib/python3.12/site-packages/airflow/example_dags/tutorial.py
[2024-12-17T21:12:29.566+0000] {processor.py:914} INFO - Processing file /home/airflow/.local/lib/python3.12/site-packages/airflow/example_dags/tutorial.py for tasks to queue
[2024-12-17T21:12:29.567+0000] {logging_mixin.py:190} INFO - [2024-12-17T21:12:29.567+0000] {dagbag.py:588} INFO - Filling up the DagBag from /home/airflow/.local/lib/python3.12/site-packages/airflow/example_dags/tutorial.py
[2024-12-17T21:12:29.577+0000] {processor.py:925} INFO - DAG(s) 'tutorial' retrieved from /home/airflow/.local/lib/python3.12/site-packages/airflow/example_dags/tutorial.py
[2024-12-17T21:12:29.597+0000] {logging_mixin.py:190} INFO - [2024-12-17T21:12:29.597+0000] {dag.py:3239} INFO - Sync 1 DAGs
[2024-12-17T21:12:29.620+0000] {logging_mixin.py:190} INFO - [2024-12-17T21:12:29.619+0000] {dag.py:4180} INFO - Setting next_dagrun for tutorial to 2024-12-16 00:00:00+00:00, run_after=2024-12-17 00:00:00+00:00
[2024-12-17T21:12:29.641+0000] {processor.py:208} INFO - Processing /home/airflow/.local/lib/python3.12/site-packages/airflow/example_dags/tutorial.py took 0.083 seconds
[2024-12-17T21:12:59.767+0000] {processor.py:186} INFO - Started process (PID=1566) to work on /home/airflow/.local/lib/python3.12/site-packages/airflow/example_dags/tutorial.py
[2024-12-17T21:12:59.768+0000] {processor.py:914} INFO - Processing file /home/airflow/.local/lib/python3.12/site-packages/airflow/example_dags/tutorial.py for tasks to queue
[2024-12-17T21:12:59.769+0000] {logging_mixin.py:190} INFO - [2024-12-17T21:12:59.769+0000] {dagbag.py:588} INFO - Filling up the DagBag from /home/airflow/.local/lib/python3.12/site-packages/airflow/example_dags/tutorial.py
[2024-12-17T21:12:59.779+0000] {processor.py:925} INFO - DAG(s) 'tutorial' retrieved from /home/airflow/.local/lib/python3.12/site-packages/airflow/example_dags/tutorial.py
[2024-12-17T21:12:59.799+0000] {logging_mixin.py:190} INFO - [2024-12-17T21:12:59.799+0000] {dag.py:3239} INFO - Sync 1 DAGs
[2024-12-17T21:12:59.823+0000] {logging_mixin.py:190} INFO - [2024-12-17T21:12:59.823+0000] {dag.py:4180} INFO - Setting next_dagrun for tutorial to 2024-12-16 00:00:00+00:00, run_after=2024-12-17 00:00:00+00:00
[2024-12-17T21:12:59.844+0000] {processor.py:208} INFO - Processing /home/airflow/.local/lib/python3.12/site-packages/airflow/example_dags/tutorial.py took 0.082 seconds
[2024-12-17T21:13:30.516+0000] {processor.py:186} INFO - Started process (PID=1630) to work on /home/airflow/.local/lib/python3.12/site-packages/airflow/example_dags/tutorial.py
[2024-12-17T21:13:30.517+0000] {processor.py:914} INFO - Processing file /home/airflow/.local/lib/python3.12/site-packages/airflow/example_dags/tutorial.py for tasks to queue
[2024-12-17T21:13:30.518+0000] {logging_mixin.py:190} INFO - [2024-12-17T21:13:30.518+0000] {dagbag.py:588} INFO - Filling up the DagBag from /home/airflow/.local/lib/python3.12/site-packages/airflow/example_dags/tutorial.py
[2024-12-17T21:13:30.527+0000] {processor.py:925} INFO - DAG(s) 'tutorial' retrieved from /home/airflow/.local/lib/python3.12/site-packages/airflow/example_dags/tutorial.py
[2024-12-17T21:13:30.545+0000] {logging_mixin.py:190} INFO - [2024-12-17T21:13:30.545+0000] {dag.py:3239} INFO - Sync 1 DAGs
[2024-12-17T21:13:30.566+0000] {logging_mixin.py:190} INFO - [2024-12-17T21:13:30.566+0000] {dag.py:4180} INFO - Setting next_dagrun for tutorial to 2024-12-16 00:00:00+00:00, run_after=2024-12-17 00:00:00+00:00
[2024-12-17T21:13:30.589+0000] {processor.py:208} INFO - Processing /home/airflow/.local/lib/python3.12/site-packages/airflow/example_dags/tutorial.py took 0.079 seconds
[2024-12-17T21:14:00.671+0000] {processor.py:186} INFO - Started process (PID=1694) to work on /home/airflow/.local/lib/python3.12/site-packages/airflow/example_dags/tutorial.py
[2024-12-17T21:14:00.672+0000] {processor.py:914} INFO - Processing file /home/airflow/.local/lib/python3.12/site-packages/airflow/example_dags/tutorial.py for tasks to queue
[2024-12-17T21:14:00.673+0000] {logging_mixin.py:190} INFO - [2024-12-17T21:14:00.673+0000] {dagbag.py:588} INFO - Filling up the DagBag from /home/airflow/.local/lib/python3.12/site-packages/airflow/example_dags/tutorial.py
[2024-12-17T21:14:00.682+0000] {processor.py:925} INFO - DAG(s) 'tutorial' retrieved from /home/airflow/.local/lib/python3.12/site-packages/airflow/example_dags/tutorial.py
[2024-12-17T21:14:00.701+0000] {logging_mixin.py:190} INFO - [2024-12-17T21:14:00.701+0000] {dag.py:3239} INFO - Sync 1 DAGs
[2024-12-17T21:14:00.725+0000] {logging_mixin.py:190} INFO - [2024-12-17T21:14:00.724+0000] {dag.py:4180} INFO - Setting next_dagrun for tutorial to 2024-12-16 00:00:00+00:00, run_after=2024-12-17 00:00:00+00:00
[2024-12-17T21:14:00.750+0000] {processor.py:208} INFO - Processing /home/airflow/.local/lib/python3.12/site-packages/airflow/example_dags/tutorial.py took 0.085 seconds
[2024-12-17T21:14:30.841+0000] {processor.py:186} INFO - Started process (PID=1758) to work on /home/airflow/.local/lib/python3.12/site-packages/airflow/example_dags/tutorial.py
[2024-12-17T21:14:30.842+0000] {processor.py:914} INFO - Processing file /home/airflow/.local/lib/python3.12/site-packages/airflow/example_dags/tutorial.py for tasks to queue
[2024-12-17T21:14:30.843+0000] {logging_mixin.py:190} INFO - [2024-12-17T21:14:30.843+0000] {dagbag.py:588} INFO - Filling up the DagBag from /home/airflow/.local/lib/python3.12/site-packages/airflow/example_dags/tutorial.py
[2024-12-17T21:14:30.852+0000] {processor.py:925} INFO - DAG(s) 'tutorial' retrieved from /home/airflow/.local/lib/python3.12/site-packages/airflow/example_dags/tutorial.py
[2024-12-17T21:14:30.870+0000] {logging_mixin.py:190} INFO - [2024-12-17T21:14:30.870+0000] {dag.py:3239} INFO - Sync 1 DAGs
[2024-12-17T21:14:30.892+0000] {logging_mixin.py:190} INFO - [2024-12-17T21:14:30.891+0000] {dag.py:4180} INFO - Setting next_dagrun for tutorial to 2024-12-16 00:00:00+00:00, run_after=2024-12-17 00:00:00+00:00
[2024-12-17T21:14:30.912+0000] {processor.py:208} INFO - Processing /home/airflow/.local/lib/python3.12/site-packages/airflow/example_dags/tutorial.py took 0.076 seconds
[2024-12-17T21:15:01.049+0000] {processor.py:186} INFO - Started process (PID=1822) to work on /home/airflow/.local/lib/python3.12/site-packages/airflow/example_dags/tutorial.py
[2024-12-17T21:15:01.050+0000] {processor.py:914} INFO - Processing file /home/airflow/.local/lib/python3.12/site-packages/airflow/example_dags/tutorial.py for tasks to queue
[2024-12-17T21:15:01.052+0000] {logging_mixin.py:190} INFO - [2024-12-17T21:15:01.052+0000] {dagbag.py:588} INFO - Filling up the DagBag from /home/airflow/.local/lib/python3.12/site-packages/airflow/example_dags/tutorial.py
[2024-12-17T21:15:01.067+0000] {processor.py:925} INFO - DAG(s) 'tutorial' retrieved from /home/airflow/.local/lib/python3.12/site-packages/airflow/example_dags/tutorial.py
[2024-12-17T21:15:01.090+0000] {logging_mixin.py:190} INFO - [2024-12-17T21:15:01.089+0000] {dag.py:3239} INFO - Sync 1 DAGs
[2024-12-17T21:15:01.115+0000] {logging_mixin.py:190} INFO - [2024-12-17T21:15:01.115+0000] {dag.py:4180} INFO - Setting next_dagrun for tutorial to 2024-12-16 00:00:00+00:00, run_after=2024-12-17 00:00:00+00:00
[2024-12-17T21:15:01.136+0000] {processor.py:208} INFO - Processing /home/airflow/.local/lib/python3.12/site-packages/airflow/example_dags/tutorial.py took 0.094 seconds
[2024-12-17T21:15:31.211+0000] {processor.py:186} INFO - Started process (PID=1886) to work on /home/airflow/.local/lib/python3.12/site-packages/airflow/example_dags/tutorial.py
[2024-12-17T21:15:31.212+0000] {processor.py:914} INFO - Processing file /home/airflow/.local/lib/python3.12/site-packages/airflow/example_dags/tutorial.py for tasks to queue
[2024-12-17T21:15:31.213+0000] {logging_mixin.py:190} INFO - [2024-12-17T21:15:31.213+0000] {dagbag.py:588} INFO - Filling up the DagBag from /home/airflow/.local/lib/python3.12/site-packages/airflow/example_dags/tutorial.py
[2024-12-17T21:15:31.222+0000] {processor.py:925} INFO - DAG(s) 'tutorial' retrieved from /home/airflow/.local/lib/python3.12/site-packages/airflow/example_dags/tutorial.py
[2024-12-17T21:15:31.241+0000] {logging_mixin.py:190} INFO - [2024-12-17T21:15:31.240+0000] {dag.py:3239} INFO - Sync 1 DAGs
[2024-12-17T21:15:31.262+0000] {logging_mixin.py:190} INFO - [2024-12-17T21:15:31.262+0000] {dag.py:4180} INFO - Setting next_dagrun for tutorial to 2024-12-16 00:00:00+00:00, run_after=2024-12-17 00:00:00+00:00
[2024-12-17T21:15:31.284+0000] {processor.py:208} INFO - Processing /home/airflow/.local/lib/python3.12/site-packages/airflow/example_dags/tutorial.py took 0.078 seconds
[2024-12-17T21:16:01.722+0000] {processor.py:186} INFO - Started process (PID=1950) to work on /home/airflow/.local/lib/python3.12/site-packages/airflow/example_dags/tutorial.py
[2024-12-17T21:16:01.723+0000] {processor.py:914} INFO - Processing file /home/airflow/.local/lib/python3.12/site-packages/airflow/example_dags/tutorial.py for tasks to queue
[2024-12-17T21:16:01.724+0000] {logging_mixin.py:190} INFO - [2024-12-17T21:16:01.724+0000] {dagbag.py:588} INFO - Filling up the DagBag from /home/airflow/.local/lib/python3.12/site-packages/airflow/example_dags/tutorial.py
[2024-12-17T21:16:01.732+0000] {processor.py:925} INFO - DAG(s) 'tutorial' retrieved from /home/airflow/.local/lib/python3.12/site-packages/airflow/example_dags/tutorial.py
[2024-12-17T21:16:01.750+0000] {logging_mixin.py:190} INFO - [2024-12-17T21:16:01.750+0000] {dag.py:3239} INFO - Sync 1 DAGs
[2024-12-17T21:16:01.772+0000] {logging_mixin.py:190} INFO - [2024-12-17T21:16:01.771+0000] {dag.py:4180} INFO - Setting next_dagrun for tutorial to 2024-12-16 00:00:00+00:00, run_after=2024-12-17 00:00:00+00:00
[2024-12-17T21:16:01.793+0000] {processor.py:208} INFO - Processing /home/airflow/.local/lib/python3.12/site-packages/airflow/example_dags/tutorial.py took 0.077 seconds
[2024-12-17T21:16:31.994+0000] {processor.py:186} INFO - Started process (PID=2014) to work on /home/airflow/.local/lib/python3.12/site-packages/airflow/example_dags/tutorial.py
[2024-12-17T21:16:31.995+0000] {processor.py:914} INFO - Processing file /home/airflow/.local/lib/python3.12/site-packages/airflow/example_dags/tutorial.py for tasks to queue
[2024-12-17T21:16:31.996+0000] {logging_mixin.py:190} INFO - [2024-12-17T21:16:31.996+0000] {dagbag.py:588} INFO - Filling up the DagBag from /home/airflow/.local/lib/python3.12/site-packages/airflow/example_dags/tutorial.py
[2024-12-17T21:16:32.006+0000] {processor.py:925} INFO - DAG(s) 'tutorial' retrieved from /home/airflow/.local/lib/python3.12/site-packages/airflow/example_dags/tutorial.py
[2024-12-17T21:16:32.027+0000] {logging_mixin.py:190} INFO - [2024-12-17T21:16:32.027+0000] {dag.py:3239} INFO - Sync 1 DAGs
[2024-12-17T21:16:32.053+0000] {logging_mixin.py:190} INFO - [2024-12-17T21:16:32.053+0000] {dag.py:4180} INFO - Setting next_dagrun for tutorial to 2024-12-16 00:00:00+00:00, run_after=2024-12-17 00:00:00+00:00
[2024-12-17T21:16:32.076+0000] {processor.py:208} INFO - Processing /home/airflow/.local/lib/python3.12/site-packages/airflow/example_dags/tutorial.py took 0.088 seconds
[2024-12-17T21:17:02.467+0000] {processor.py:186} INFO - Started process (PID=2078) to work on /home/airflow/.local/lib/python3.12/site-packages/airflow/example_dags/tutorial.py
[2024-12-17T21:17:02.469+0000] {processor.py:914} INFO - Processing file /home/airflow/.local/lib/python3.12/site-packages/airflow/example_dags/tutorial.py for tasks to queue
[2024-12-17T21:17:02.470+0000] {logging_mixin.py:190} INFO - [2024-12-17T21:17:02.470+0000] {dagbag.py:588} INFO - Filling up the DagBag from /home/airflow/.local/lib/python3.12/site-packages/airflow/example_dags/tutorial.py
[2024-12-17T21:17:02.481+0000] {processor.py:925} INFO - DAG(s) 'tutorial' retrieved from /home/airflow/.local/lib/python3.12/site-packages/airflow/example_dags/tutorial.py
[2024-12-17T21:17:02.504+0000] {logging_mixin.py:190} INFO - [2024-12-17T21:17:02.503+0000] {dag.py:3239} INFO - Sync 1 DAGs
[2024-12-17T21:17:02.534+0000] {logging_mixin.py:190} INFO - [2024-12-17T21:17:02.534+0000] {dag.py:4180} INFO - Setting next_dagrun for tutorial to 2024-12-16 00:00:00+00:00, run_after=2024-12-17 00:00:00+00:00
[2024-12-17T21:17:02.565+0000] {processor.py:208} INFO - Processing /home/airflow/.local/lib/python3.12/site-packages/airflow/example_dags/tutorial.py took 0.106 seconds
[2024-12-17T21:17:33.280+0000] {processor.py:186} INFO - Started process (PID=2141) to work on /home/airflow/.local/lib/python3.12/site-packages/airflow/example_dags/tutorial.py
[2024-12-17T21:17:33.281+0000] {processor.py:914} INFO - Processing file /home/airflow/.local/lib/python3.12/site-packages/airflow/example_dags/tutorial.py for tasks to queue
[2024-12-17T21:17:33.283+0000] {logging_mixin.py:190} INFO - [2024-12-17T21:17:33.282+0000] {dagbag.py:588} INFO - Filling up the DagBag from /home/airflow/.local/lib/python3.12/site-packages/airflow/example_dags/tutorial.py
[2024-12-17T21:17:33.296+0000] {processor.py:925} INFO - DAG(s) 'tutorial' retrieved from /home/airflow/.local/lib/python3.12/site-packages/airflow/example_dags/tutorial.py
[2024-12-17T21:17:33.319+0000] {logging_mixin.py:190} INFO - [2024-12-17T21:17:33.319+0000] {dag.py:3239} INFO - Sync 1 DAGs
[2024-12-17T21:17:33.363+0000] {logging_mixin.py:190} INFO - [2024-12-17T21:17:33.363+0000] {dag.py:4180} INFO - Setting next_dagrun for tutorial to 2024-12-16 00:00:00+00:00, run_after=2024-12-17 00:00:00+00:00
[2024-12-17T21:17:33.399+0000] {processor.py:208} INFO - Processing /home/airflow/.local/lib/python3.12/site-packages/airflow/example_dags/tutorial.py took 0.125 seconds
