[2024-12-17T21:12:01.835+0000] {local_task_job_runner.py:123} INFO - ::group::Pre task execution logs
[2024-12-17T21:12:01.852+0000] {taskinstance.py:2613} INFO - Dependencies all met for dep_context=non-requeueable deps ti=<TaskInstance: ingest_postgre.request_api scheduled__2024-12-17T21:11:00+00:00 [queued]>
[2024-12-17T21:12:01.861+0000] {taskinstance.py:2613} INFO - Dependencies all met for dep_context=requeueable deps ti=<TaskInstance: ingest_postgre.request_api scheduled__2024-12-17T21:11:00+00:00 [queued]>
[2024-12-17T21:12:01.862+0000] {taskinstance.py:2866} INFO - Starting attempt 1 of 1
[2024-12-17T21:12:01.880+0000] {taskinstance.py:2889} INFO - Executing <Task(PythonOperator): request_api> on 2024-12-17 21:11:00+00:00
[2024-12-17T21:12:01.888+0000] {warnings.py:112} WARNING - /home/***/.local/lib/python3.12/site-packages/***/task/task_runner/standard_task_runner.py:70: DeprecationWarning: This process (pid=210) is multi-threaded, use of fork() may lead to deadlocks in the child.
  pid = os.fork()

[2024-12-17T21:12:01.891+0000] {standard_task_runner.py:72} INFO - Started process 212 to run task
[2024-12-17T21:12:01.891+0000] {standard_task_runner.py:104} INFO - Running: ['***', 'tasks', 'run', 'ingest_postgre', 'request_api', 'scheduled__2024-12-17T21:11:00+00:00', '--job-id', '5', '--raw', '--subdir', 'DAGS_FOLDER/postgres_ingestion.py', '--cfg-path', '/tmp/tmphqlhjgl3']
[2024-12-17T21:12:01.892+0000] {standard_task_runner.py:105} INFO - Job 5: Subtask request_api
[2024-12-17T21:12:02.244+0000] {task_command.py:467} INFO - Running <TaskInstance: ingest_postgre.request_api scheduled__2024-12-17T21:11:00+00:00 [running]> on host ffb17518c526
[2024-12-17T21:12:02.343+0000] {taskinstance.py:3132} INFO - Exporting env vars: AIRFLOW_CTX_DAG_OWNER='***' AIRFLOW_CTX_DAG_ID='ingest_postgre' AIRFLOW_CTX_TASK_ID='request_api' AIRFLOW_CTX_EXECUTION_DATE='2024-12-17T21:11:00+00:00' AIRFLOW_CTX_TRY_NUMBER='1' AIRFLOW_CTX_DAG_RUN_ID='scheduled__2024-12-17T21:11:00+00:00'
[2024-12-17T21:12:02.345+0000] {logging_mixin.py:190} INFO - Task instance is in running state
[2024-12-17T21:12:02.345+0000] {logging_mixin.py:190} INFO -  Previous state of the Task instance: queued
[2024-12-17T21:12:02.346+0000] {logging_mixin.py:190} INFO - Current task name:request_api state:running start_date:2024-12-17 21:12:01.853428+00:00
[2024-12-17T21:12:02.347+0000] {logging_mixin.py:190} INFO - Dag name:ingest_postgre and current dag run status:running
[2024-12-17T21:12:02.347+0000] {taskinstance.py:731} INFO - ::endgroup::
[2024-12-17T21:12:02.660+0000] {python.py:240} INFO - Done. Returned value was: None
[2024-12-17T21:12:02.675+0000] {taskinstance.py:340} INFO - ::group::Post task execution logs
[2024-12-17T21:12:02.676+0000] {taskinstance.py:352} INFO - Marking task as SUCCESS. dag_id=ingest_postgre, task_id=request_api, run_id=scheduled__2024-12-17T21:11:00+00:00, execution_date=20241217T211100, start_date=20241217T211201, end_date=20241217T211202
[2024-12-17T21:12:02.687+0000] {logging_mixin.py:190} INFO - Task instance in success state
[2024-12-17T21:12:02.688+0000] {logging_mixin.py:190} INFO -  Previous state of the Task instance: running
[2024-12-17T21:12:02.689+0000] {logging_mixin.py:190} INFO - Dag name:ingest_postgre queued_at:2024-12-17 21:12:00.205790+00:00
[2024-12-17T21:12:02.689+0000] {logging_mixin.py:190} INFO - Task hostname:ffb17518c526 operator:PythonOperator
[2024-12-17T21:12:02.710+0000] {local_task_job_runner.py:266} INFO - Task exited with return code 0
[2024-12-17T21:12:02.890+0000] {taskinstance.py:3895} INFO - 1 downstream tasks scheduled from follow-on schedule check
[2024-12-17T21:12:02.900+0000] {local_task_job_runner.py:245} INFO - ::endgroup::
